[2023-06-25T06:44:59.664+0000] {taskinstance.py:1084} INFO - Dependencies all met for dep_context=non-requeueable deps ti=<TaskInstance: spark_etl_minio_v20.spark_submit_task scheduled__2023-06-24T00:00:00+00:00 [queued]>
[2023-06-25T06:44:59.672+0000] {taskinstance.py:1084} INFO - Dependencies all met for dep_context=requeueable deps ti=<TaskInstance: spark_etl_minio_v20.spark_submit_task scheduled__2023-06-24T00:00:00+00:00 [queued]>
[2023-06-25T06:44:59.673+0000] {taskinstance.py:1282} INFO - 
--------------------------------------------------------------------------------
[2023-06-25T06:44:59.673+0000] {taskinstance.py:1283} INFO - Starting attempt 1 of 6
[2023-06-25T06:44:59.673+0000] {taskinstance.py:1284} INFO - 
--------------------------------------------------------------------------------
[2023-06-25T06:44:59.683+0000] {taskinstance.py:1303} INFO - Executing <Task(SparkSubmitOperator): spark_submit_task> on 2023-06-24 00:00:00+00:00
[2023-06-25T06:44:59.687+0000] {standard_task_runner.py:55} INFO - Started process 4346 to run task
[2023-06-25T06:44:59.690+0000] {standard_task_runner.py:82} INFO - Running: ['***', 'tasks', 'run', 'spark_etl_minio_v20', 'spark_submit_task', 'scheduled__2023-06-24T00:00:00+00:00', '--job-id', '299', '--raw', '--subdir', 'DAGS_FOLDER/spark_job_minio_v1.py', '--cfg-path', '/tmp/tmpeoz7gw0h']
[2023-06-25T06:44:59.691+0000] {standard_task_runner.py:83} INFO - Job 299: Subtask spark_submit_task
[2023-06-25T06:44:59.702+0000] {warnings.py:109} WARNING - /home/***/.local/lib/python3.8/site-packages/***/settings.py:250: DeprecationWarning: The sql_alchemy_conn option in [core] has been moved to the sql_alchemy_conn option in [database] - the old setting has been used, but please update your config.
  SQL_ALCHEMY_CONN = conf.get("database", "SQL_ALCHEMY_CONN")

[2023-06-25T06:44:59.719+0000] {warnings.py:109} WARNING - /home/***/.local/lib/python3.8/site-packages/***/utils/sqlalchemy.py:124: DeprecationWarning: The sql_alchemy_conn option in [core] has been moved to the sql_alchemy_conn option in [database] - the old setting has been used, but please update your config.
  return not conf.get("database", "sql_alchemy_conn").startswith("mssql")

[2023-06-25T06:44:59.742+0000] {task_command.py:388} INFO - Running <TaskInstance: spark_etl_minio_v20.spark_submit_task scheduled__2023-06-24T00:00:00+00:00 [running]> on host a8d69ab09d2d
[2023-06-25T06:44:59.794+0000] {taskinstance.py:1509} INFO - Exporting the following env vars:
AIRFLOW_CTX_DAG_OWNER=***
AIRFLOW_CTX_DAG_ID=spark_etl_minio_v20
AIRFLOW_CTX_TASK_ID=spark_submit_task
AIRFLOW_CTX_EXECUTION_DATE=2023-06-24T00:00:00+00:00
AIRFLOW_CTX_TRY_NUMBER=1
AIRFLOW_CTX_DAG_RUN_ID=scheduled__2023-06-24T00:00:00+00:00
[2023-06-25T06:44:59.801+0000] {base.py:73} INFO - Using connection ID 'spark_conn' for task execution.
[2023-06-25T06:44:59.804+0000] {spark_submit.py:341} INFO - Spark-Submit cmd: spark-submit --master spark://spark:7077 --conf spark.hadoop.fs.s3a.aws.credentials.provider=org.apache.hadoop.fs.s3a.SimpleAWSCredentialsProvider --conf spark.hadoop.fs.s3a.path.style.access=true --conf spark.hadoop.fs.s3a.access.key=minioadmin --conf spark.hadoop.fs.s3a.secret.key=****** --conf spark.hadoop.fs.s3a.endpoint=http://minio:9000 --jars local:///opt/bitnami/spark/jars/hadoop-aws-3.2.0.jar,local:///opt/bitnami/spark/jars/aws-java-sdk-bundle-1.11.375.jar,local:///opt/bitnami/spark/jars//aws-java-sdk-1.11.375.jar --name arrow-spark /opt/***/dags/spark_etl_spark_minio.py
[2023-06-25T06:45:01.568+0000] {spark_submit.py:492} INFO - WARNING: An illegal reflective access operation has occurred
[2023-06-25T06:45:01.568+0000] {spark_submit.py:492} INFO - WARNING: Illegal reflective access by org.apache.spark.unsafe.Platform (file:/opt/spark/jars/spark-unsafe_2.12-3.2.0.jar) to constructor java.nio.DirectByteBuffer(long,int)
[2023-06-25T06:45:01.568+0000] {spark_submit.py:492} INFO - WARNING: Please consider reporting this to the maintainers of org.apache.spark.unsafe.Platform
[2023-06-25T06:45:01.569+0000] {spark_submit.py:492} INFO - WARNING: Use --illegal-access=warn to enable warnings of further illegal reflective access operations
[2023-06-25T06:45:01.569+0000] {spark_submit.py:492} INFO - WARNING: All illegal access operations will be denied in a future release
[2023-06-25T06:45:02.259+0000] {spark_submit.py:492} INFO - Using Spark's default log4j profile: org/apache/spark/log4j-defaults.properties
[2023-06-25T06:45:02.260+0000] {spark_submit.py:492} INFO - 23/06/25 06:45:02 WARN DependencyUtils: Local jar /opt/bitnami/spark/jars/hadoop-aws-3.2.0.jar does not exist, skipping.
[2023-06-25T06:45:02.260+0000] {spark_submit.py:492} INFO - 23/06/25 06:45:02 WARN DependencyUtils: Local jar /opt/bitnami/spark/jars/aws-java-sdk-bundle-1.11.375.jar does not exist, skipping.
[2023-06-25T06:45:02.261+0000] {spark_submit.py:492} INFO - 23/06/25 06:45:02 WARN DependencyUtils: Local jar /opt/bitnami/spark/jars/aws-java-sdk-1.11.375.jar does not exist, skipping.
[2023-06-25T06:45:03.505+0000] {spark_submit.py:492} INFO - 23/06/25 06:45:03 INFO SparkContext: Running Spark version 3.2.0
[2023-06-25T06:45:03.602+0000] {spark_submit.py:492} INFO - 23/06/25 06:45:03 WARN NativeCodeLoader: Unable to load native-hadoop library for your platform... using builtin-java classes where applicable
[2023-06-25T06:45:03.915+0000] {spark_submit.py:492} INFO - 23/06/25 06:45:03 INFO ResourceUtils: ==============================================================
[2023-06-25T06:45:03.915+0000] {spark_submit.py:492} INFO - 23/06/25 06:45:03 INFO ResourceUtils: No custom resources configured for spark.driver.
[2023-06-25T06:45:03.916+0000] {spark_submit.py:492} INFO - 23/06/25 06:45:03 INFO ResourceUtils: ==============================================================
[2023-06-25T06:45:03.917+0000] {spark_submit.py:492} INFO - 23/06/25 06:45:03 INFO SparkContext: Submitted application: arrow-spark
[2023-06-25T06:45:04.019+0000] {spark_submit.py:492} INFO - 23/06/25 06:45:04 INFO ResourceProfile: Default ResourceProfile created, executor resources: Map(cores -> name: cores, amount: 1, script: , vendor: , memory -> name: memory, amount: 1024, script: , vendor: , offHeap -> name: offHeap, amount: 0, script: , vendor: ), task resources: Map(cpus -> name: cpus, amount: 1.0)
[2023-06-25T06:45:04.039+0000] {spark_submit.py:492} INFO - 23/06/25 06:45:04 INFO ResourceProfile: Limiting resource is cpu
[2023-06-25T06:45:04.040+0000] {spark_submit.py:492} INFO - 23/06/25 06:45:04 INFO ResourceProfileManager: Added ResourceProfile id: 0
[2023-06-25T06:45:04.200+0000] {spark_submit.py:492} INFO - 23/06/25 06:45:04 INFO SecurityManager: Changing view acls to: default
[2023-06-25T06:45:04.202+0000] {spark_submit.py:492} INFO - 23/06/25 06:45:04 INFO SecurityManager: Changing modify acls to: default
[2023-06-25T06:45:04.203+0000] {spark_submit.py:492} INFO - 23/06/25 06:45:04 INFO SecurityManager: Changing view acls groups to:
[2023-06-25T06:45:04.211+0000] {spark_submit.py:492} INFO - 23/06/25 06:45:04 INFO SecurityManager: Changing modify acls groups to:
[2023-06-25T06:45:04.211+0000] {spark_submit.py:492} INFO - 23/06/25 06:45:04 INFO SecurityManager: SecurityManager: authentication disabled; ui acls disabled; users  with view permissions: Set(default); groups with view permissions: Set(); users  with modify permissions: Set(default); groups with modify permissions: Set()
[2023-06-25T06:45:04.558+0000] {spark_submit.py:492} INFO - 23/06/25 06:45:04 INFO Utils: Successfully started service 'sparkDriver' on port 35665.
[2023-06-25T06:45:04.580+0000] {spark_submit.py:492} INFO - 23/06/25 06:45:04 INFO SparkEnv: Registering MapOutputTracker
[2023-06-25T06:45:04.606+0000] {spark_submit.py:492} INFO - 23/06/25 06:45:04 INFO SparkEnv: Registering BlockManagerMaster
[2023-06-25T06:45:04.619+0000] {spark_submit.py:492} INFO - 23/06/25 06:45:04 INFO BlockManagerMasterEndpoint: Using org.apache.spark.storage.DefaultTopologyMapper for getting topology information
[2023-06-25T06:45:04.619+0000] {spark_submit.py:492} INFO - 23/06/25 06:45:04 INFO BlockManagerMasterEndpoint: BlockManagerMasterEndpoint up
[2023-06-25T06:45:04.622+0000] {spark_submit.py:492} INFO - 23/06/25 06:45:04 INFO SparkEnv: Registering BlockManagerMasterHeartbeat
[2023-06-25T06:45:04.643+0000] {spark_submit.py:492} INFO - 23/06/25 06:45:04 INFO DiskBlockManager: Created local directory at /tmp/blockmgr-26618525-00c0-4d9c-bf1d-6f1e16d9b160
[2023-06-25T06:45:04.662+0000] {spark_submit.py:492} INFO - 23/06/25 06:45:04 INFO MemoryStore: MemoryStore started with capacity 434.4 MiB
[2023-06-25T06:45:04.678+0000] {spark_submit.py:492} INFO - 23/06/25 06:45:04 INFO SparkEnv: Registering OutputCommitCoordinator
[2023-06-25T06:45:04.870+0000] {spark_submit.py:492} INFO - 23/06/25 06:45:04 WARN Utils: Service 'SparkUI' could not bind on port 4040. Attempting port 4041.
[2023-06-25T06:45:04.871+0000] {spark_submit.py:492} INFO - 23/06/25 06:45:04 WARN Utils: Service 'SparkUI' could not bind on port 4041. Attempting port 4042.
[2023-06-25T06:45:04.871+0000] {spark_submit.py:492} INFO - 23/06/25 06:45:04 WARN Utils: Service 'SparkUI' could not bind on port 4042. Attempting port 4043.
[2023-06-25T06:45:04.871+0000] {spark_submit.py:492} INFO - 23/06/25 06:45:04 WARN Utils: Service 'SparkUI' could not bind on port 4043. Attempting port 4044.
[2023-06-25T06:45:04.883+0000] {spark_submit.py:492} INFO - 23/06/25 06:45:04 INFO Utils: Successfully started service 'SparkUI' on port 4044.
[2023-06-25T06:45:04.961+0000] {spark_submit.py:492} INFO - 23/06/25 06:45:04 INFO SparkUI: Bound SparkUI to 0.0.0.0, and started at http://a8d69ab09d2d:4044
[2023-06-25T06:45:04.982+0000] {spark_submit.py:492} INFO - 23/06/25 06:45:04 INFO SparkContext: Added JAR local:///opt/bitnami/spark/jars/hadoop-aws-3.2.0.jar at file:/opt/bitnami/spark/jars/hadoop-aws-3.2.0.jar with timestamp 1687675503496
[2023-06-25T06:45:04.983+0000] {spark_submit.py:492} INFO - 23/06/25 06:45:04 INFO SparkContext: Added JAR local:///opt/bitnami/spark/jars/aws-java-sdk-bundle-1.11.375.jar at file:/opt/bitnami/spark/jars/aws-java-sdk-bundle-1.11.375.jar with timestamp 1687675503496
[2023-06-25T06:45:04.983+0000] {spark_submit.py:492} INFO - 23/06/25 06:45:04 INFO SparkContext: Added JAR local:///opt/bitnami/spark/jars//aws-java-sdk-1.11.375.jar at file:/opt/bitnami/spark/jars//aws-java-sdk-1.11.375.jar with timestamp 1687675503496
[2023-06-25T06:45:05.339+0000] {spark_submit.py:492} INFO - 23/06/25 06:45:05 INFO StandaloneAppClient$ClientEndpoint: Connecting to master spark://spark:7077...
[2023-06-25T06:45:05.410+0000] {spark_submit.py:492} INFO - 23/06/25 06:45:05 INFO TransportClientFactory: Successfully created connection to spark/172.19.0.11:7077 after 44 ms (0 ms spent in bootstraps)
[2023-06-25T06:45:05.497+0000] {spark_submit.py:492} INFO - 23/06/25 06:45:05 INFO StandaloneSchedulerBackend: Connected to Spark cluster with app ID app-20230625064505-0003
[2023-06-25T06:45:05.500+0000] {spark_submit.py:492} INFO - 23/06/25 06:45:05 INFO StandaloneAppClient$ClientEndpoint: Executor added: app-20230625064505-0003/0 on worker-20230625064305-172.19.0.9-44213 (172.19.0.9:44213) with 1 core(s)
[2023-06-25T06:45:05.502+0000] {spark_submit.py:492} INFO - 23/06/25 06:45:05 INFO StandaloneSchedulerBackend: Granted executor ID app-20230625064505-0003/0 on hostPort 172.19.0.9:44213 with 1 core(s), 1024.0 MiB RAM
[2023-06-25T06:45:05.504+0000] {spark_submit.py:492} INFO - 23/06/25 06:45:05 INFO Utils: Successfully started service 'org.apache.spark.network.netty.NettyBlockTransferService' on port 43201.
[2023-06-25T06:45:05.504+0000] {spark_submit.py:492} INFO - 23/06/25 06:45:05 INFO NettyBlockTransferService: Server created on a8d69ab09d2d:43201
[2023-06-25T06:45:05.506+0000] {spark_submit.py:492} INFO - 23/06/25 06:45:05 INFO BlockManager: Using org.apache.spark.storage.RandomBlockReplicationPolicy for block replication policy
[2023-06-25T06:45:05.517+0000] {spark_submit.py:492} INFO - 23/06/25 06:45:05 INFO BlockManagerMaster: Registering BlockManager BlockManagerId(driver, a8d69ab09d2d, 43201, None)
[2023-06-25T06:45:05.520+0000] {spark_submit.py:492} INFO - 23/06/25 06:45:05 INFO BlockManagerMasterEndpoint: Registering block manager a8d69ab09d2d:43201 with 434.4 MiB RAM, BlockManagerId(driver, a8d69ab09d2d, 43201, None)
[2023-06-25T06:45:05.523+0000] {spark_submit.py:492} INFO - 23/06/25 06:45:05 INFO BlockManagerMaster: Registered BlockManager BlockManagerId(driver, a8d69ab09d2d, 43201, None)
[2023-06-25T06:45:05.524+0000] {spark_submit.py:492} INFO - 23/06/25 06:45:05 INFO BlockManager: Initialized BlockManager: BlockManagerId(driver, a8d69ab09d2d, 43201, None)
[2023-06-25T06:45:05.535+0000] {spark_submit.py:492} INFO - 23/06/25 06:45:05 INFO StandaloneAppClient$ClientEndpoint: Executor updated: app-20230625064505-0003/0 is now RUNNING
[2023-06-25T06:45:05.712+0000] {spark_submit.py:492} INFO - 23/06/25 06:45:05 INFO StandaloneSchedulerBackend: SchedulerBackend is ready for scheduling beginning after reached minRegisteredResourcesRatio: 0.0
[2023-06-25T06:45:06.011+0000] {spark_submit.py:492} INFO - 23/06/25 06:45:06 INFO SharedState: Setting hive.metastore.warehouse.dir ('null') to the value of spark.sql.warehouse.dir.
[2023-06-25T06:45:06.028+0000] {spark_submit.py:492} INFO - 23/06/25 06:45:06 INFO SharedState: Warehouse path is 'file:/opt/***/spark-warehouse'.
[2023-06-25T06:45:07.686+0000] {spark_submit.py:492} INFO - 23/06/25 06:45:07 INFO CoarseGrainedSchedulerBackend$DriverEndpoint: Registered executor NettyRpcEndpointRef(spark-client://Executor) (172.19.0.9:59798) with ID 0,  ResourceProfileId 0
[2023-06-25T06:45:07.822+0000] {spark_submit.py:492} INFO - 23/06/25 06:45:07 INFO BlockManagerMasterEndpoint: Registering block manager 172.19.0.9:34479 with 366.3 MiB RAM, BlockManagerId(0, 172.19.0.9, 34479, None)
[2023-06-25T06:45:09.559+0000] {spark_submit.py:492} INFO - 23/06/25 06:45:09 INFO CodeGenerator: Code generated in 94.83527 ms
[2023-06-25T06:45:09.581+0000] {spark_submit.py:492} INFO - 23/06/25 06:45:09 INFO SparkContext: Starting job: showString at NativeMethodAccessorImpl.java:0
[2023-06-25T06:45:09.592+0000] {spark_submit.py:492} INFO - 23/06/25 06:45:09 INFO DAGScheduler: Got job 0 (showString at NativeMethodAccessorImpl.java:0) with 1 output partitions
[2023-06-25T06:45:09.592+0000] {spark_submit.py:492} INFO - 23/06/25 06:45:09 INFO DAGScheduler: Final stage: ResultStage 0 (showString at NativeMethodAccessorImpl.java:0)
[2023-06-25T06:45:09.592+0000] {spark_submit.py:492} INFO - 23/06/25 06:45:09 INFO DAGScheduler: Parents of final stage: List()
[2023-06-25T06:45:09.594+0000] {spark_submit.py:492} INFO - 23/06/25 06:45:09 INFO DAGScheduler: Missing parents: List()
[2023-06-25T06:45:09.596+0000] {spark_submit.py:492} INFO - 23/06/25 06:45:09 INFO DAGScheduler: Submitting ResultStage 0 (MapPartitionsRDD[6] at showString at NativeMethodAccessorImpl.java:0), which has no missing parents
[2023-06-25T06:45:09.693+0000] {spark_submit.py:492} INFO - 23/06/25 06:45:09 INFO MemoryStore: Block broadcast_0 stored as values in memory (estimated size 11.7 KiB, free 434.4 MiB)
[2023-06-25T06:45:09.725+0000] {spark_submit.py:492} INFO - 23/06/25 06:45:09 INFO MemoryStore: Block broadcast_0_piece0 stored as bytes in memory (estimated size 6.2 KiB, free 434.4 MiB)
[2023-06-25T06:45:09.728+0000] {spark_submit.py:492} INFO - 23/06/25 06:45:09 INFO BlockManagerInfo: Added broadcast_0_piece0 in memory on a8d69ab09d2d:43201 (size: 6.2 KiB, free: 434.4 MiB)
[2023-06-25T06:45:09.731+0000] {spark_submit.py:492} INFO - 23/06/25 06:45:09 INFO SparkContext: Created broadcast 0 from broadcast at DAGScheduler.scala:1427
[2023-06-25T06:45:09.744+0000] {spark_submit.py:492} INFO - 23/06/25 06:45:09 INFO DAGScheduler: Submitting 1 missing tasks from ResultStage 0 (MapPartitionsRDD[6] at showString at NativeMethodAccessorImpl.java:0) (first 15 tasks are for partitions Vector(0))
[2023-06-25T06:45:09.745+0000] {spark_submit.py:492} INFO - 23/06/25 06:45:09 INFO TaskSchedulerImpl: Adding task set 0.0 with 1 tasks resource profile 0
[2023-06-25T06:45:09.786+0000] {spark_submit.py:492} INFO - 23/06/25 06:45:09 INFO TaskSetManager: Starting task 0.0 in stage 0.0 (TID 0) (172.19.0.9, executor 0, partition 0, PROCESS_LOCAL, 4605 bytes) taskResourceAssignments Map()
[2023-06-25T06:45:10.030+0000] {spark_submit.py:492} INFO - 23/06/25 06:45:10 INFO BlockManagerInfo: Added broadcast_0_piece0 in memory on 172.19.0.9:34479 (size: 6.2 KiB, free: 366.3 MiB)
[2023-06-25T06:45:11.243+0000] {spark_submit.py:492} INFO - 23/06/25 06:45:11 INFO TaskSetManager: Finished task 0.0 in stage 0.0 (TID 0) in 1471 ms on 172.19.0.9 (executor 0) (1/1)
[2023-06-25T06:45:11.244+0000] {spark_submit.py:492} INFO - 23/06/25 06:45:11 INFO TaskSchedulerImpl: Removed TaskSet 0.0, whose tasks have all completed, from pool
[2023-06-25T06:45:11.247+0000] {spark_submit.py:492} INFO - 23/06/25 06:45:11 INFO PythonAccumulatorV2: Connected to AccumulatorServer at host: 127.0.0.1 port: 46655
[2023-06-25T06:45:11.249+0000] {spark_submit.py:492} INFO - 23/06/25 06:45:11 INFO DAGScheduler: ResultStage 0 (showString at NativeMethodAccessorImpl.java:0) finished in 1.641 s
[2023-06-25T06:45:11.252+0000] {spark_submit.py:492} INFO - 23/06/25 06:45:11 INFO DAGScheduler: Job 0 is finished. Cancelling potential speculative or zombie tasks for this job
[2023-06-25T06:45:11.253+0000] {spark_submit.py:492} INFO - 23/06/25 06:45:11 INFO TaskSchedulerImpl: Killing all running tasks in stage 0: Stage finished
[2023-06-25T06:45:11.254+0000] {spark_submit.py:492} INFO - 23/06/25 06:45:11 INFO DAGScheduler: Job 0 finished: showString at NativeMethodAccessorImpl.java:0, took 1.672660 s
[2023-06-25T06:45:11.263+0000] {spark_submit.py:492} INFO - 23/06/25 06:45:11 INFO SparkContext: Starting job: showString at NativeMethodAccessorImpl.java:0
[2023-06-25T06:45:11.264+0000] {spark_submit.py:492} INFO - 23/06/25 06:45:11 INFO DAGScheduler: Got job 1 (showString at NativeMethodAccessorImpl.java:0) with 1 output partitions
[2023-06-25T06:45:11.264+0000] {spark_submit.py:492} INFO - 23/06/25 06:45:11 INFO DAGScheduler: Final stage: ResultStage 1 (showString at NativeMethodAccessorImpl.java:0)
[2023-06-25T06:45:11.264+0000] {spark_submit.py:492} INFO - 23/06/25 06:45:11 INFO DAGScheduler: Parents of final stage: List()
[2023-06-25T06:45:11.264+0000] {spark_submit.py:492} INFO - 23/06/25 06:45:11 INFO DAGScheduler: Missing parents: List()
[2023-06-25T06:45:11.265+0000] {spark_submit.py:492} INFO - 23/06/25 06:45:11 INFO DAGScheduler: Submitting ResultStage 1 (MapPartitionsRDD[6] at showString at NativeMethodAccessorImpl.java:0), which has no missing parents
[2023-06-25T06:45:11.268+0000] {spark_submit.py:492} INFO - 23/06/25 06:45:11 INFO MemoryStore: Block broadcast_1 stored as values in memory (estimated size 11.7 KiB, free 434.4 MiB)
[2023-06-25T06:45:11.271+0000] {spark_submit.py:492} INFO - 23/06/25 06:45:11 INFO MemoryStore: Block broadcast_1_piece0 stored as bytes in memory (estimated size 6.2 KiB, free 434.4 MiB)
[2023-06-25T06:45:11.272+0000] {spark_submit.py:492} INFO - 23/06/25 06:45:11 INFO BlockManagerInfo: Added broadcast_1_piece0 in memory on a8d69ab09d2d:43201 (size: 6.2 KiB, free: 434.4 MiB)
[2023-06-25T06:45:11.272+0000] {spark_submit.py:492} INFO - 23/06/25 06:45:11 INFO SparkContext: Created broadcast 1 from broadcast at DAGScheduler.scala:1427
[2023-06-25T06:45:11.273+0000] {spark_submit.py:492} INFO - 23/06/25 06:45:11 INFO DAGScheduler: Submitting 1 missing tasks from ResultStage 1 (MapPartitionsRDD[6] at showString at NativeMethodAccessorImpl.java:0) (first 15 tasks are for partitions Vector(1))
[2023-06-25T06:45:11.273+0000] {spark_submit.py:492} INFO - 23/06/25 06:45:11 INFO TaskSchedulerImpl: Adding task set 1.0 with 1 tasks resource profile 0
[2023-06-25T06:45:11.274+0000] {spark_submit.py:492} INFO - 23/06/25 06:45:11 INFO TaskSetManager: Starting task 0.0 in stage 1.0 (TID 1) (172.19.0.9, executor 0, partition 1, PROCESS_LOCAL, 4529 bytes) taskResourceAssignments Map()
[2023-06-25T06:45:11.288+0000] {spark_submit.py:492} INFO - 23/06/25 06:45:11 INFO BlockManagerInfo: Added broadcast_1_piece0 in memory on 172.19.0.9:34479 (size: 6.2 KiB, free: 366.3 MiB)
[2023-06-25T06:45:11.346+0000] {spark_submit.py:492} INFO - 23/06/25 06:45:11 INFO TaskSetManager: Finished task 0.0 in stage 1.0 (TID 1) in 72 ms on 172.19.0.9 (executor 0) (1/1)
[2023-06-25T06:45:11.346+0000] {spark_submit.py:492} INFO - 23/06/25 06:45:11 INFO TaskSchedulerImpl: Removed TaskSet 1.0, whose tasks have all completed, from pool
[2023-06-25T06:45:11.347+0000] {spark_submit.py:492} INFO - 23/06/25 06:45:11 INFO DAGScheduler: ResultStage 1 (showString at NativeMethodAccessorImpl.java:0) finished in 0.081 s
[2023-06-25T06:45:11.347+0000] {spark_submit.py:492} INFO - 23/06/25 06:45:11 INFO DAGScheduler: Job 1 is finished. Cancelling potential speculative or zombie tasks for this job
[2023-06-25T06:45:11.347+0000] {spark_submit.py:492} INFO - 23/06/25 06:45:11 INFO TaskSchedulerImpl: Killing all running tasks in stage 1: Stage finished
[2023-06-25T06:45:11.348+0000] {spark_submit.py:492} INFO - 23/06/25 06:45:11 INFO DAGScheduler: Job 1 finished: showString at NativeMethodAccessorImpl.java:0, took 0.084901 s
[2023-06-25T06:45:11.371+0000] {spark_submit.py:492} INFO - 23/06/25 06:45:11 INFO CodeGenerator: Code generated in 11.452373 ms
[2023-06-25T06:45:11.379+0000] {spark_submit.py:492} INFO - +-----+-----------------------------------------------------------------------------+
[2023-06-25T06:45:11.379+0000] {spark_submit.py:492} INFO - |Seqno|Quote                                                                        |
[2023-06-25T06:45:11.379+0000] {spark_submit.py:492} INFO - +-----+-----------------------------------------------------------------------------+
[2023-06-25T06:45:11.379+0000] {spark_submit.py:492} INFO - |1    |Be the change that you wish to see in the world                              |
[2023-06-25T06:45:11.379+0000] {spark_submit.py:492} INFO - |2    |Everyone thinks of changing the world, but no one thinks of changing himself.|
[2023-06-25T06:45:11.380+0000] {spark_submit.py:492} INFO - |3    |The purpose of our lives is to be happy.                                     |
[2023-06-25T06:45:11.380+0000] {spark_submit.py:492} INFO - |4    |Be cool.                                                                     |
[2023-06-25T06:45:11.380+0000] {spark_submit.py:492} INFO - +-----+-----------------------------------------------------------------------------+
[2023-06-25T06:45:11.380+0000] {spark_submit.py:492} INFO - 
[2023-06-25T06:45:11.425+0000] {spark_submit.py:492} INFO - 23/06/25 06:45:11 INFO BlockManagerInfo: Removed broadcast_0_piece0 on a8d69ab09d2d:43201 in memory (size: 6.2 KiB, free: 434.4 MiB)
[2023-06-25T06:45:11.449+0000] {spark_submit.py:492} INFO - 23/06/25 06:45:11 INFO BlockManagerInfo: Removed broadcast_0_piece0 on 172.19.0.9:34479 in memory (size: 6.2 KiB, free: 366.3 MiB)
[2023-06-25T06:45:11.458+0000] {spark_submit.py:492} INFO - 23/06/25 06:45:11 INFO BlockManagerInfo: Removed broadcast_1_piece0 on a8d69ab09d2d:43201 in memory (size: 6.2 KiB, free: 434.4 MiB)
[2023-06-25T06:45:11.461+0000] {spark_submit.py:492} INFO - 23/06/25 06:45:11 INFO BlockManagerInfo: Removed broadcast_1_piece0 on 172.19.0.9:34479 in memory (size: 6.2 KiB, free: 366.3 MiB)
[2023-06-25T06:45:11.466+0000] {spark_submit.py:492} INFO - Traceback (most recent call last):
[2023-06-25T06:45:11.466+0000] {spark_submit.py:492} INFO - File "/opt/***/dags/spark_etl_spark_minio.py", line 41, in <module>
[2023-06-25T06:45:11.466+0000] {spark_submit.py:492} INFO - df.write.mode("append").parquet("s3a://datalake/test.parquet")
[2023-06-25T06:45:11.466+0000] {spark_submit.py:492} INFO - File "/opt/spark/python/lib/pyspark.zip/pyspark/sql/readwriter.py", line 885, in parquet
[2023-06-25T06:45:11.466+0000] {spark_submit.py:492} INFO - File "/opt/spark/python/lib/py4j-0.10.9.2-src.zip/py4j/java_gateway.py", line 1309, in __call__
[2023-06-25T06:45:11.466+0000] {spark_submit.py:492} INFO - File "/opt/spark/python/lib/pyspark.zip/pyspark/sql/utils.py", line 111, in deco
[2023-06-25T06:45:11.466+0000] {spark_submit.py:492} INFO - File "/opt/spark/python/lib/py4j-0.10.9.2-src.zip/py4j/protocol.py", line 326, in get_return_value
[2023-06-25T06:45:11.467+0000] {spark_submit.py:492} INFO - py4j.protocol.Py4JJavaError: An error occurred while calling o71.parquet.
[2023-06-25T06:45:11.468+0000] {spark_submit.py:492} INFO - : java.lang.RuntimeException: java.lang.ClassNotFoundException: Class org.apache.hadoop.fs.s3a.S3AFileSystem not found
[2023-06-25T06:45:11.468+0000] {spark_submit.py:492} INFO - at org.apache.hadoop.conf.Configuration.getClass(Configuration.java:2667)
[2023-06-25T06:45:11.468+0000] {spark_submit.py:492} INFO - at org.apache.hadoop.fs.FileSystem.getFileSystemClass(FileSystem.java:3431)
[2023-06-25T06:45:11.468+0000] {spark_submit.py:492} INFO - at org.apache.hadoop.fs.FileSystem.createFileSystem(FileSystem.java:3466)
[2023-06-25T06:45:11.468+0000] {spark_submit.py:492} INFO - at org.apache.hadoop.fs.FileSystem.access$300(FileSystem.java:174)
[2023-06-25T06:45:11.468+0000] {spark_submit.py:492} INFO - at org.apache.hadoop.fs.FileSystem$Cache.getInternal(FileSystem.java:3574)
[2023-06-25T06:45:11.468+0000] {spark_submit.py:492} INFO - at org.apache.hadoop.fs.FileSystem$Cache.get(FileSystem.java:3521)
[2023-06-25T06:45:11.468+0000] {spark_submit.py:492} INFO - at org.apache.hadoop.fs.FileSystem.get(FileSystem.java:540)
[2023-06-25T06:45:11.468+0000] {spark_submit.py:492} INFO - at org.apache.hadoop.fs.Path.getFileSystem(Path.java:365)
[2023-06-25T06:45:11.468+0000] {spark_submit.py:492} INFO - at org.apache.spark.sql.execution.datasources.DataSource.planForWritingFileFormat(DataSource.scala:461)
[2023-06-25T06:45:11.468+0000] {spark_submit.py:492} INFO - at org.apache.spark.sql.execution.datasources.DataSource.planForWriting(DataSource.scala:556)
[2023-06-25T06:45:11.468+0000] {spark_submit.py:492} INFO - at org.apache.spark.sql.DataFrameWriter.saveToV1Source(DataFrameWriter.scala:382)
[2023-06-25T06:45:11.468+0000] {spark_submit.py:492} INFO - at org.apache.spark.sql.DataFrameWriter.saveInternal(DataFrameWriter.scala:355)
[2023-06-25T06:45:11.468+0000] {spark_submit.py:492} INFO - at org.apache.spark.sql.DataFrameWriter.save(DataFrameWriter.scala:239)
[2023-06-25T06:45:11.469+0000] {spark_submit.py:492} INFO - at org.apache.spark.sql.DataFrameWriter.parquet(DataFrameWriter.scala:781)
[2023-06-25T06:45:11.469+0000] {spark_submit.py:492} INFO - at java.base/jdk.internal.reflect.NativeMethodAccessorImpl.invoke0(Native Method)
[2023-06-25T06:45:11.469+0000] {spark_submit.py:492} INFO - at java.base/jdk.internal.reflect.NativeMethodAccessorImpl.invoke(NativeMethodAccessorImpl.java:62)
[2023-06-25T06:45:11.469+0000] {spark_submit.py:492} INFO - at java.base/jdk.internal.reflect.DelegatingMethodAccessorImpl.invoke(DelegatingMethodAccessorImpl.java:43)
[2023-06-25T06:45:11.469+0000] {spark_submit.py:492} INFO - at java.base/java.lang.reflect.Method.invoke(Method.java:566)
[2023-06-25T06:45:11.469+0000] {spark_submit.py:492} INFO - at py4j.reflection.MethodInvoker.invoke(MethodInvoker.java:244)
[2023-06-25T06:45:11.469+0000] {spark_submit.py:492} INFO - at py4j.reflection.ReflectionEngine.invoke(ReflectionEngine.java:357)
[2023-06-25T06:45:11.469+0000] {spark_submit.py:492} INFO - at py4j.Gateway.invoke(Gateway.java:282)
[2023-06-25T06:45:11.469+0000] {spark_submit.py:492} INFO - at py4j.commands.AbstractCommand.invokeMethod(AbstractCommand.java:132)
[2023-06-25T06:45:11.469+0000] {spark_submit.py:492} INFO - at py4j.commands.CallCommand.execute(CallCommand.java:79)
[2023-06-25T06:45:11.469+0000] {spark_submit.py:492} INFO - at py4j.ClientServerConnection.waitForCommands(ClientServerConnection.java:182)
[2023-06-25T06:45:11.469+0000] {spark_submit.py:492} INFO - at py4j.ClientServerConnection.run(ClientServerConnection.java:106)
[2023-06-25T06:45:11.469+0000] {spark_submit.py:492} INFO - at java.base/java.lang.Thread.run(Thread.java:829)
[2023-06-25T06:45:11.469+0000] {spark_submit.py:492} INFO - Caused by: java.lang.ClassNotFoundException: Class org.apache.hadoop.fs.s3a.S3AFileSystem not found
[2023-06-25T06:45:11.469+0000] {spark_submit.py:492} INFO - at org.apache.hadoop.conf.Configuration.getClassByName(Configuration.java:2571)
[2023-06-25T06:45:11.469+0000] {spark_submit.py:492} INFO - at org.apache.hadoop.conf.Configuration.getClass(Configuration.java:2665)
[2023-06-25T06:45:11.469+0000] {spark_submit.py:492} INFO - ... 25 more
[2023-06-25T06:45:11.470+0000] {spark_submit.py:492} INFO - 
[2023-06-25T06:45:11.531+0000] {spark_submit.py:492} INFO - 23/06/25 06:45:11 INFO SparkContext: Invoking stop() from shutdown hook
[2023-06-25T06:45:11.535+0000] {spark_submit.py:492} INFO - 23/06/25 06:45:11 INFO SparkUI: Stopped Spark web UI at http://a8d69ab09d2d:4044
[2023-06-25T06:45:11.538+0000] {spark_submit.py:492} INFO - 23/06/25 06:45:11 INFO StandaloneSchedulerBackend: Shutting down all executors
[2023-06-25T06:45:11.539+0000] {spark_submit.py:492} INFO - 23/06/25 06:45:11 INFO CoarseGrainedSchedulerBackend$DriverEndpoint: Asking each executor to shut down
[2023-06-25T06:45:11.559+0000] {spark_submit.py:492} INFO - 23/06/25 06:45:11 INFO MapOutputTrackerMasterEndpoint: MapOutputTrackerMasterEndpoint stopped!
[2023-06-25T06:45:11.579+0000] {spark_submit.py:492} INFO - 23/06/25 06:45:11 INFO MemoryStore: MemoryStore cleared
[2023-06-25T06:45:11.579+0000] {spark_submit.py:492} INFO - 23/06/25 06:45:11 INFO BlockManager: BlockManager stopped
[2023-06-25T06:45:11.583+0000] {spark_submit.py:492} INFO - 23/06/25 06:45:11 INFO BlockManagerMaster: BlockManagerMaster stopped
[2023-06-25T06:45:11.586+0000] {spark_submit.py:492} INFO - 23/06/25 06:45:11 INFO OutputCommitCoordinator$OutputCommitCoordinatorEndpoint: OutputCommitCoordinator stopped!
[2023-06-25T06:45:11.610+0000] {spark_submit.py:492} INFO - 23/06/25 06:45:11 INFO SparkContext: Successfully stopped SparkContext
[2023-06-25T06:45:11.610+0000] {spark_submit.py:492} INFO - 23/06/25 06:45:11 INFO ShutdownHookManager: Shutdown hook called
[2023-06-25T06:45:11.612+0000] {spark_submit.py:492} INFO - 23/06/25 06:45:11 INFO ShutdownHookManager: Deleting directory /tmp/spark-7f5d4d92-ee92-493f-911e-7c92292597e8
[2023-06-25T06:45:11.620+0000] {spark_submit.py:492} INFO - 23/06/25 06:45:11 INFO ShutdownHookManager: Deleting directory /tmp/spark-70657ca9-0991-4e32-b038-ea72816ad830
[2023-06-25T06:45:11.620+0000] {spark_submit.py:492} INFO - 23/06/25 06:45:11 INFO ShutdownHookManager: Deleting directory /tmp/spark-70657ca9-0991-4e32-b038-ea72816ad830/pyspark-c3d31bdd-e49c-4940-9b46-ea91b24150c1
[2023-06-25T06:45:11.735+0000] {taskinstance.py:1775} ERROR - Task failed with exception
Traceback (most recent call last):
  File "/home/airflow/.local/lib/python3.8/site-packages/airflow/providers/apache/spark/operators/spark_submit.py", line 157, in execute
    self._hook.submit(self._application)
  File "/home/airflow/.local/lib/python3.8/site-packages/airflow/providers/apache/spark/hooks/spark_submit.py", line 423, in submit
    raise AirflowException(
airflow.exceptions.AirflowException: Cannot execute: spark-submit --master spark://spark:7077 --conf spark.hadoop.fs.s3a.aws.credentials.provider=org.apache.hadoop.fs.s3a.SimpleAWSCredentialsProvider --conf spark.hadoop.fs.s3a.path.style.access=true --conf spark.hadoop.fs.s3a.access.key=minioadmin --conf spark.hadoop.fs.s3a.secret.key=****** --conf spark.hadoop.fs.s3a.endpoint=http://minio:9000 --jars local:///opt/bitnami/spark/jars/hadoop-aws-3.2.0.jar,local:///opt/bitnami/spark/jars/aws-java-sdk-bundle-1.11.375.jar,local:///opt/bitnami/spark/jars//aws-java-sdk-1.11.375.jar --name arrow-spark /opt/***/dags/spark_etl_spark_minio.py. Error code is: 1.
[2023-06-25T06:45:11.738+0000] {taskinstance.py:1321} INFO - Marking task as UP_FOR_RETRY. dag_id=spark_etl_minio_v20, task_id=spark_submit_task, execution_date=20230624T000000, start_date=20230625T064459, end_date=20230625T064511
[2023-06-25T06:45:11.749+0000] {standard_task_runner.py:100} ERROR - Failed to execute job 299 for task spark_submit_task (Cannot execute: spark-submit --master spark://spark:7077 --conf spark.hadoop.fs.s3a.aws.credentials.provider=org.apache.hadoop.fs.s3a.SimpleAWSCredentialsProvider --conf spark.hadoop.fs.s3a.path.style.access=true --conf spark.hadoop.fs.s3a.access.key=minioadmin --conf spark.hadoop.fs.s3a.secret.key=****** --conf spark.hadoop.fs.s3a.endpoint=http://minio:9000 --jars local:///opt/bitnami/spark/jars/hadoop-aws-3.2.0.jar,local:///opt/bitnami/spark/jars/aws-java-sdk-bundle-1.11.375.jar,local:///opt/bitnami/spark/jars//aws-java-sdk-1.11.375.jar --name arrow-spark /opt/***/dags/spark_etl_spark_minio.py. Error code is: 1.; 4346)
[2023-06-25T06:45:11.792+0000] {local_task_job.py:212} INFO - Task exited with return code 1
[2023-06-25T06:45:11.806+0000] {taskinstance.py:2585} INFO - 0 downstream tasks scheduled from follow-on schedule check
