[2023-06-25T06:51:35.270+0000] {taskinstance.py:1084} INFO - Dependencies all met for dep_context=non-requeueable deps ti=<TaskInstance: spark_etl_minio_v20.spark_submit_task scheduled__2023-06-24T00:00:00+00:00 [queued]>
[2023-06-25T06:51:35.279+0000] {taskinstance.py:1084} INFO - Dependencies all met for dep_context=requeueable deps ti=<TaskInstance: spark_etl_minio_v20.spark_submit_task scheduled__2023-06-24T00:00:00+00:00 [queued]>
[2023-06-25T06:51:35.280+0000] {taskinstance.py:1282} INFO - 
--------------------------------------------------------------------------------
[2023-06-25T06:51:35.280+0000] {taskinstance.py:1283} INFO - Starting attempt 4 of 6
[2023-06-25T06:51:35.280+0000] {taskinstance.py:1284} INFO - 
--------------------------------------------------------------------------------
[2023-06-25T06:51:35.293+0000] {taskinstance.py:1303} INFO - Executing <Task(SparkSubmitOperator): spark_submit_task> on 2023-06-24 00:00:00+00:00
[2023-06-25T06:51:35.297+0000] {standard_task_runner.py:55} INFO - Started process 6224 to run task
[2023-06-25T06:51:35.300+0000] {standard_task_runner.py:82} INFO - Running: ['***', 'tasks', 'run', 'spark_etl_minio_v20', 'spark_submit_task', 'scheduled__2023-06-24T00:00:00+00:00', '--job-id', '306', '--raw', '--subdir', 'DAGS_FOLDER/spark_job_minio_v1.py', '--cfg-path', '/tmp/tmpzj1ko8_x']
[2023-06-25T06:51:35.300+0000] {standard_task_runner.py:83} INFO - Job 306: Subtask spark_submit_task
[2023-06-25T06:51:35.309+0000] {warnings.py:109} WARNING - /home/***/.local/lib/python3.8/site-packages/***/settings.py:250: DeprecationWarning: The sql_alchemy_conn option in [core] has been moved to the sql_alchemy_conn option in [database] - the old setting has been used, but please update your config.
  SQL_ALCHEMY_CONN = conf.get("database", "SQL_ALCHEMY_CONN")

[2023-06-25T06:51:35.324+0000] {warnings.py:109} WARNING - /home/***/.local/lib/python3.8/site-packages/***/utils/sqlalchemy.py:124: DeprecationWarning: The sql_alchemy_conn option in [core] has been moved to the sql_alchemy_conn option in [database] - the old setting has been used, but please update your config.
  return not conf.get("database", "sql_alchemy_conn").startswith("mssql")

[2023-06-25T06:51:35.350+0000] {task_command.py:388} INFO - Running <TaskInstance: spark_etl_minio_v20.spark_submit_task scheduled__2023-06-24T00:00:00+00:00 [running]> on host a8d69ab09d2d
[2023-06-25T06:51:35.404+0000] {taskinstance.py:1509} INFO - Exporting the following env vars:
AIRFLOW_CTX_DAG_OWNER=***
AIRFLOW_CTX_DAG_ID=spark_etl_minio_v20
AIRFLOW_CTX_TASK_ID=spark_submit_task
AIRFLOW_CTX_EXECUTION_DATE=2023-06-24T00:00:00+00:00
AIRFLOW_CTX_TRY_NUMBER=4
AIRFLOW_CTX_DAG_RUN_ID=scheduled__2023-06-24T00:00:00+00:00
[2023-06-25T06:51:35.411+0000] {base.py:73} INFO - Using connection ID 'spark_conn' for task execution.
[2023-06-25T06:51:35.413+0000] {spark_submit.py:341} INFO - Spark-Submit cmd: spark-submit --master spark://spark:7077 --conf spark.hadoop.fs.s3a.aws.credentials.provider=org.apache.hadoop.fs.s3a.SimpleAWSCredentialsProvider --conf spark.hadoop.fs.s3a.path.style.access=true --conf spark.hadoop.fs.s3a.access.key=minioadmin --conf spark.hadoop.fs.s3a.secret.key=****** --conf spark.hadoop.fs.s3a.endpoint=http://minio:9000 --jars local:///opt/bitnami/spark/jars --name arrow-spark /opt/***/dags/spark_etl_spark_minio.py
[2023-06-25T06:51:36.285+0000] {spark_submit.py:492} INFO - WARNING: An illegal reflective access operation has occurred
[2023-06-25T06:51:36.285+0000] {spark_submit.py:492} INFO - WARNING: Illegal reflective access by org.apache.spark.unsafe.Platform (file:/opt/spark/jars/spark-unsafe_2.12-3.2.0.jar) to constructor java.nio.DirectByteBuffer(long,int)
[2023-06-25T06:51:36.286+0000] {spark_submit.py:492} INFO - WARNING: Please consider reporting this to the maintainers of org.apache.spark.unsafe.Platform
[2023-06-25T06:51:36.286+0000] {spark_submit.py:492} INFO - WARNING: Use --illegal-access=warn to enable warnings of further illegal reflective access operations
[2023-06-25T06:51:36.286+0000] {spark_submit.py:492} INFO - WARNING: All illegal access operations will be denied in a future release
[2023-06-25T06:51:36.506+0000] {spark_submit.py:492} INFO - Using Spark's default log4j profile: org/apache/spark/log4j-defaults.properties
[2023-06-25T06:51:36.507+0000] {spark_submit.py:492} INFO - 23/06/25 06:51:36 WARN DependencyUtils: Local jar /opt/bitnami/spark/jars does not exist, skipping.
[2023-06-25T06:51:37.243+0000] {spark_submit.py:492} INFO - 23/06/25 06:51:37 INFO SparkContext: Running Spark version 3.2.0
[2023-06-25T06:51:37.301+0000] {spark_submit.py:492} INFO - 23/06/25 06:51:37 WARN NativeCodeLoader: Unable to load native-hadoop library for your platform... using builtin-java classes where applicable
[2023-06-25T06:51:37.381+0000] {spark_submit.py:492} INFO - 23/06/25 06:51:37 INFO ResourceUtils: ==============================================================
[2023-06-25T06:51:37.381+0000] {spark_submit.py:492} INFO - 23/06/25 06:51:37 INFO ResourceUtils: No custom resources configured for spark.driver.
[2023-06-25T06:51:37.381+0000] {spark_submit.py:492} INFO - 23/06/25 06:51:37 INFO ResourceUtils: ==============================================================
[2023-06-25T06:51:37.382+0000] {spark_submit.py:492} INFO - 23/06/25 06:51:37 INFO SparkContext: Submitted application: arrow-spark
[2023-06-25T06:51:37.403+0000] {spark_submit.py:492} INFO - 23/06/25 06:51:37 INFO ResourceProfile: Default ResourceProfile created, executor resources: Map(cores -> name: cores, amount: 1, script: , vendor: , memory -> name: memory, amount: 1024, script: , vendor: , offHeap -> name: offHeap, amount: 0, script: , vendor: ), task resources: Map(cpus -> name: cpus, amount: 1.0)
[2023-06-25T06:51:37.416+0000] {spark_submit.py:492} INFO - 23/06/25 06:51:37 INFO ResourceProfile: Limiting resource is cpu
[2023-06-25T06:51:37.417+0000] {spark_submit.py:492} INFO - 23/06/25 06:51:37 INFO ResourceProfileManager: Added ResourceProfile id: 0
[2023-06-25T06:51:37.457+0000] {spark_submit.py:492} INFO - 23/06/25 06:51:37 INFO SecurityManager: Changing view acls to: default
[2023-06-25T06:51:37.458+0000] {spark_submit.py:492} INFO - 23/06/25 06:51:37 INFO SecurityManager: Changing modify acls to: default
[2023-06-25T06:51:37.458+0000] {spark_submit.py:492} INFO - 23/06/25 06:51:37 INFO SecurityManager: Changing view acls groups to:
[2023-06-25T06:51:37.458+0000] {spark_submit.py:492} INFO - 23/06/25 06:51:37 INFO SecurityManager: Changing modify acls groups to:
[2023-06-25T06:51:37.459+0000] {spark_submit.py:492} INFO - 23/06/25 06:51:37 INFO SecurityManager: SecurityManager: authentication disabled; ui acls disabled; users  with view permissions: Set(default); groups with view permissions: Set(); users  with modify permissions: Set(default); groups with modify permissions: Set()
[2023-06-25T06:51:37.713+0000] {spark_submit.py:492} INFO - 23/06/25 06:51:37 INFO Utils: Successfully started service 'sparkDriver' on port 42463.
[2023-06-25T06:51:37.733+0000] {spark_submit.py:492} INFO - 23/06/25 06:51:37 INFO SparkEnv: Registering MapOutputTracker
[2023-06-25T06:51:37.754+0000] {spark_submit.py:492} INFO - 23/06/25 06:51:37 INFO SparkEnv: Registering BlockManagerMaster
[2023-06-25T06:51:37.766+0000] {spark_submit.py:492} INFO - 23/06/25 06:51:37 INFO BlockManagerMasterEndpoint: Using org.apache.spark.storage.DefaultTopologyMapper for getting topology information
[2023-06-25T06:51:37.767+0000] {spark_submit.py:492} INFO - 23/06/25 06:51:37 INFO BlockManagerMasterEndpoint: BlockManagerMasterEndpoint up
[2023-06-25T06:51:37.770+0000] {spark_submit.py:492} INFO - 23/06/25 06:51:37 INFO SparkEnv: Registering BlockManagerMasterHeartbeat
[2023-06-25T06:51:37.788+0000] {spark_submit.py:492} INFO - 23/06/25 06:51:37 INFO DiskBlockManager: Created local directory at /tmp/blockmgr-484d7f9b-61b4-4961-ac27-9bcece5c801d
[2023-06-25T06:51:37.806+0000] {spark_submit.py:492} INFO - 23/06/25 06:51:37 INFO MemoryStore: MemoryStore started with capacity 434.4 MiB
[2023-06-25T06:51:37.817+0000] {spark_submit.py:492} INFO - 23/06/25 06:51:37 INFO SparkEnv: Registering OutputCommitCoordinator
[2023-06-25T06:51:37.952+0000] {spark_submit.py:492} INFO - 23/06/25 06:51:37 WARN Utils: Service 'SparkUI' could not bind on port 4040. Attempting port 4041.
[2023-06-25T06:51:37.952+0000] {spark_submit.py:492} INFO - 23/06/25 06:51:37 WARN Utils: Service 'SparkUI' could not bind on port 4041. Attempting port 4042.
[2023-06-25T06:51:37.952+0000] {spark_submit.py:492} INFO - 23/06/25 06:51:37 WARN Utils: Service 'SparkUI' could not bind on port 4042. Attempting port 4043.
[2023-06-25T06:51:37.953+0000] {spark_submit.py:492} INFO - 23/06/25 06:51:37 WARN Utils: Service 'SparkUI' could not bind on port 4043. Attempting port 4044.
[2023-06-25T06:51:37.961+0000] {spark_submit.py:492} INFO - 23/06/25 06:51:37 INFO Utils: Successfully started service 'SparkUI' on port 4044.
[2023-06-25T06:51:38.022+0000] {spark_submit.py:492} INFO - 23/06/25 06:51:38 INFO SparkUI: Bound SparkUI to 0.0.0.0, and started at http://a8d69ab09d2d:4044
[2023-06-25T06:51:38.037+0000] {spark_submit.py:492} INFO - 23/06/25 06:51:38 INFO SparkContext: Added JAR local:///opt/bitnami/spark/jars at file:/opt/bitnami/spark/jars with timestamp 1687675897236
[2023-06-25T06:51:38.205+0000] {spark_submit.py:492} INFO - 23/06/25 06:51:38 INFO StandaloneAppClient$ClientEndpoint: Connecting to master spark://spark:7077...
[2023-06-25T06:51:38.281+0000] {spark_submit.py:492} INFO - 23/06/25 06:51:38 INFO TransportClientFactory: Successfully created connection to spark/172.19.0.11:7077 after 34 ms (0 ms spent in bootstraps)
[2023-06-25T06:51:38.350+0000] {spark_submit.py:492} INFO - 23/06/25 06:51:38 INFO StandaloneSchedulerBackend: Connected to Spark cluster with app ID app-20230625065138-0012
[2023-06-25T06:51:38.351+0000] {spark_submit.py:492} INFO - 23/06/25 06:51:38 INFO StandaloneAppClient$ClientEndpoint: Executor added: app-20230625065138-0012/0 on worker-20230625064305-172.19.0.9-44213 (172.19.0.9:44213) with 1 core(s)
[2023-06-25T06:51:38.352+0000] {spark_submit.py:492} INFO - 23/06/25 06:51:38 INFO StandaloneSchedulerBackend: Granted executor ID app-20230625065138-0012/0 on hostPort 172.19.0.9:44213 with 1 core(s), 1024.0 MiB RAM
[2023-06-25T06:51:38.356+0000] {spark_submit.py:492} INFO - 23/06/25 06:51:38 INFO Utils: Successfully started service 'org.apache.spark.network.netty.NettyBlockTransferService' on port 39935.
[2023-06-25T06:51:38.356+0000] {spark_submit.py:492} INFO - 23/06/25 06:51:38 INFO NettyBlockTransferService: Server created on a8d69ab09d2d:39935
[2023-06-25T06:51:38.358+0000] {spark_submit.py:492} INFO - 23/06/25 06:51:38 INFO BlockManager: Using org.apache.spark.storage.RandomBlockReplicationPolicy for block replication policy
[2023-06-25T06:51:38.365+0000] {spark_submit.py:492} INFO - 23/06/25 06:51:38 INFO BlockManagerMaster: Registering BlockManager BlockManagerId(driver, a8d69ab09d2d, 39935, None)
[2023-06-25T06:51:38.370+0000] {spark_submit.py:492} INFO - 23/06/25 06:51:38 INFO BlockManagerMasterEndpoint: Registering block manager a8d69ab09d2d:39935 with 434.4 MiB RAM, BlockManagerId(driver, a8d69ab09d2d, 39935, None)
[2023-06-25T06:51:38.372+0000] {spark_submit.py:492} INFO - 23/06/25 06:51:38 INFO BlockManagerMaster: Registered BlockManager BlockManagerId(driver, a8d69ab09d2d, 39935, None)
[2023-06-25T06:51:38.373+0000] {spark_submit.py:492} INFO - 23/06/25 06:51:38 INFO BlockManager: Initialized BlockManager: BlockManagerId(driver, a8d69ab09d2d, 39935, None)
[2023-06-25T06:51:38.380+0000] {spark_submit.py:492} INFO - 23/06/25 06:51:38 INFO StandaloneAppClient$ClientEndpoint: Executor updated: app-20230625065138-0012/0 is now RUNNING
[2023-06-25T06:51:38.537+0000] {spark_submit.py:492} INFO - 23/06/25 06:51:38 INFO StandaloneSchedulerBackend: SchedulerBackend is ready for scheduling beginning after reached minRegisteredResourcesRatio: 0.0
[2023-06-25T06:51:38.832+0000] {spark_submit.py:492} INFO - 23/06/25 06:51:38 INFO SharedState: Setting hive.metastore.warehouse.dir ('null') to the value of spark.sql.warehouse.dir.
[2023-06-25T06:51:38.848+0000] {spark_submit.py:492} INFO - 23/06/25 06:51:38 INFO SharedState: Warehouse path is 'file:/opt/***/spark-warehouse'.
[2023-06-25T06:51:40.164+0000] {spark_submit.py:492} INFO - 23/06/25 06:51:40 INFO CoarseGrainedSchedulerBackend$DriverEndpoint: Registered executor NettyRpcEndpointRef(spark-client://Executor) (172.19.0.9:50128) with ID 0,  ResourceProfileId 0
[2023-06-25T06:51:40.255+0000] {spark_submit.py:492} INFO - 23/06/25 06:51:40 INFO BlockManagerMasterEndpoint: Registering block manager 172.19.0.9:35831 with 366.3 MiB RAM, BlockManagerId(0, 172.19.0.9, 35831, None)
[2023-06-25T06:51:42.102+0000] {spark_submit.py:492} INFO - 23/06/25 06:51:42 INFO CodeGenerator: Code generated in 105.376546 ms
[2023-06-25T06:51:42.126+0000] {spark_submit.py:492} INFO - 23/06/25 06:51:42 INFO SparkContext: Starting job: showString at NativeMethodAccessorImpl.java:0
[2023-06-25T06:51:42.137+0000] {spark_submit.py:492} INFO - 23/06/25 06:51:42 INFO DAGScheduler: Got job 0 (showString at NativeMethodAccessorImpl.java:0) with 1 output partitions
[2023-06-25T06:51:42.138+0000] {spark_submit.py:492} INFO - 23/06/25 06:51:42 INFO DAGScheduler: Final stage: ResultStage 0 (showString at NativeMethodAccessorImpl.java:0)
[2023-06-25T06:51:42.138+0000] {spark_submit.py:492} INFO - 23/06/25 06:51:42 INFO DAGScheduler: Parents of final stage: List()
[2023-06-25T06:51:42.139+0000] {spark_submit.py:492} INFO - 23/06/25 06:51:42 INFO DAGScheduler: Missing parents: List()
[2023-06-25T06:51:42.142+0000] {spark_submit.py:492} INFO - 23/06/25 06:51:42 INFO DAGScheduler: Submitting ResultStage 0 (MapPartitionsRDD[6] at showString at NativeMethodAccessorImpl.java:0), which has no missing parents
[2023-06-25T06:51:42.221+0000] {spark_submit.py:492} INFO - 23/06/25 06:51:42 INFO MemoryStore: Block broadcast_0 stored as values in memory (estimated size 11.7 KiB, free 434.4 MiB)
[2023-06-25T06:51:42.254+0000] {spark_submit.py:492} INFO - 23/06/25 06:51:42 INFO MemoryStore: Block broadcast_0_piece0 stored as bytes in memory (estimated size 6.2 KiB, free 434.4 MiB)
[2023-06-25T06:51:42.257+0000] {spark_submit.py:492} INFO - 23/06/25 06:51:42 INFO BlockManagerInfo: Added broadcast_0_piece0 in memory on a8d69ab09d2d:39935 (size: 6.2 KiB, free: 434.4 MiB)
[2023-06-25T06:51:42.261+0000] {spark_submit.py:492} INFO - 23/06/25 06:51:42 INFO SparkContext: Created broadcast 0 from broadcast at DAGScheduler.scala:1427
[2023-06-25T06:51:42.272+0000] {spark_submit.py:492} INFO - 23/06/25 06:51:42 INFO DAGScheduler: Submitting 1 missing tasks from ResultStage 0 (MapPartitionsRDD[6] at showString at NativeMethodAccessorImpl.java:0) (first 15 tasks are for partitions Vector(0))
[2023-06-25T06:51:42.273+0000] {spark_submit.py:492} INFO - 23/06/25 06:51:42 INFO TaskSchedulerImpl: Adding task set 0.0 with 1 tasks resource profile 0
[2023-06-25T06:51:42.303+0000] {spark_submit.py:492} INFO - 23/06/25 06:51:42 INFO TaskSetManager: Starting task 0.0 in stage 0.0 (TID 0) (172.19.0.9, executor 0, partition 0, PROCESS_LOCAL, 4605 bytes) taskResourceAssignments Map()
[2023-06-25T06:51:42.530+0000] {spark_submit.py:492} INFO - 23/06/25 06:51:42 INFO BlockManagerInfo: Added broadcast_0_piece0 in memory on 172.19.0.9:35831 (size: 6.2 KiB, free: 366.3 MiB)
[2023-06-25T06:51:43.970+0000] {spark_submit.py:492} INFO - 23/06/25 06:51:43 INFO TaskSetManager: Finished task 0.0 in stage 0.0 (TID 0) in 1674 ms on 172.19.0.9 (executor 0) (1/1)
[2023-06-25T06:51:43.972+0000] {spark_submit.py:492} INFO - 23/06/25 06:51:43 INFO TaskSchedulerImpl: Removed TaskSet 0.0, whose tasks have all completed, from pool
[2023-06-25T06:51:43.976+0000] {spark_submit.py:492} INFO - 23/06/25 06:51:43 INFO PythonAccumulatorV2: Connected to AccumulatorServer at host: 127.0.0.1 port: 32971
[2023-06-25T06:51:43.978+0000] {spark_submit.py:492} INFO - 23/06/25 06:51:43 INFO DAGScheduler: ResultStage 0 (showString at NativeMethodAccessorImpl.java:0) finished in 1.826 s
[2023-06-25T06:51:43.980+0000] {spark_submit.py:492} INFO - 23/06/25 06:51:43 INFO DAGScheduler: Job 0 is finished. Cancelling potential speculative or zombie tasks for this job
[2023-06-25T06:51:43.981+0000] {spark_submit.py:492} INFO - 23/06/25 06:51:43 INFO TaskSchedulerImpl: Killing all running tasks in stage 0: Stage finished
[2023-06-25T06:51:43.982+0000] {spark_submit.py:492} INFO - 23/06/25 06:51:43 INFO DAGScheduler: Job 0 finished: showString at NativeMethodAccessorImpl.java:0, took 1.855662 s
[2023-06-25T06:51:43.992+0000] {spark_submit.py:492} INFO - 23/06/25 06:51:43 INFO SparkContext: Starting job: showString at NativeMethodAccessorImpl.java:0
[2023-06-25T06:51:43.993+0000] {spark_submit.py:492} INFO - 23/06/25 06:51:43 INFO DAGScheduler: Got job 1 (showString at NativeMethodAccessorImpl.java:0) with 1 output partitions
[2023-06-25T06:51:43.994+0000] {spark_submit.py:492} INFO - 23/06/25 06:51:43 INFO DAGScheduler: Final stage: ResultStage 1 (showString at NativeMethodAccessorImpl.java:0)
[2023-06-25T06:51:43.994+0000] {spark_submit.py:492} INFO - 23/06/25 06:51:43 INFO DAGScheduler: Parents of final stage: List()
[2023-06-25T06:51:43.994+0000] {spark_submit.py:492} INFO - 23/06/25 06:51:43 INFO DAGScheduler: Missing parents: List()
[2023-06-25T06:51:43.995+0000] {spark_submit.py:492} INFO - 23/06/25 06:51:43 INFO DAGScheduler: Submitting ResultStage 1 (MapPartitionsRDD[6] at showString at NativeMethodAccessorImpl.java:0), which has no missing parents
[2023-06-25T06:51:43.999+0000] {spark_submit.py:492} INFO - 23/06/25 06:51:43 INFO MemoryStore: Block broadcast_1 stored as values in memory (estimated size 11.7 KiB, free 434.4 MiB)
[2023-06-25T06:51:44.003+0000] {spark_submit.py:492} INFO - 23/06/25 06:51:44 INFO MemoryStore: Block broadcast_1_piece0 stored as bytes in memory (estimated size 6.2 KiB, free 434.4 MiB)
[2023-06-25T06:51:44.003+0000] {spark_submit.py:492} INFO - 23/06/25 06:51:44 INFO BlockManagerInfo: Added broadcast_1_piece0 in memory on a8d69ab09d2d:39935 (size: 6.2 KiB, free: 434.4 MiB)
[2023-06-25T06:51:44.004+0000] {spark_submit.py:492} INFO - 23/06/25 06:51:44 INFO SparkContext: Created broadcast 1 from broadcast at DAGScheduler.scala:1427
[2023-06-25T06:51:44.004+0000] {spark_submit.py:492} INFO - 23/06/25 06:51:44 INFO DAGScheduler: Submitting 1 missing tasks from ResultStage 1 (MapPartitionsRDD[6] at showString at NativeMethodAccessorImpl.java:0) (first 15 tasks are for partitions Vector(1))
[2023-06-25T06:51:44.005+0000] {spark_submit.py:492} INFO - 23/06/25 06:51:44 INFO TaskSchedulerImpl: Adding task set 1.0 with 1 tasks resource profile 0
[2023-06-25T06:51:44.006+0000] {spark_submit.py:492} INFO - 23/06/25 06:51:44 INFO TaskSetManager: Starting task 0.0 in stage 1.0 (TID 1) (172.19.0.9, executor 0, partition 1, PROCESS_LOCAL, 4529 bytes) taskResourceAssignments Map()
[2023-06-25T06:51:44.019+0000] {spark_submit.py:492} INFO - 23/06/25 06:51:44 INFO BlockManagerInfo: Added broadcast_1_piece0 in memory on 172.19.0.9:35831 (size: 6.2 KiB, free: 366.3 MiB)
[2023-06-25T06:51:44.078+0000] {spark_submit.py:492} INFO - 23/06/25 06:51:44 INFO TaskSetManager: Finished task 0.0 in stage 1.0 (TID 1) in 73 ms on 172.19.0.9 (executor 0) (1/1)
[2023-06-25T06:51:44.078+0000] {spark_submit.py:492} INFO - 23/06/25 06:51:44 INFO TaskSchedulerImpl: Removed TaskSet 1.0, whose tasks have all completed, from pool
[2023-06-25T06:51:44.079+0000] {spark_submit.py:492} INFO - 23/06/25 06:51:44 INFO DAGScheduler: ResultStage 1 (showString at NativeMethodAccessorImpl.java:0) finished in 0.083 s
[2023-06-25T06:51:44.079+0000] {spark_submit.py:492} INFO - 23/06/25 06:51:44 INFO DAGScheduler: Job 1 is finished. Cancelling potential speculative or zombie tasks for this job
[2023-06-25T06:51:44.079+0000] {spark_submit.py:492} INFO - 23/06/25 06:51:44 INFO TaskSchedulerImpl: Killing all running tasks in stage 1: Stage finished
[2023-06-25T06:51:44.080+0000] {spark_submit.py:492} INFO - 23/06/25 06:51:44 INFO DAGScheduler: Job 1 finished: showString at NativeMethodAccessorImpl.java:0, took 0.087149 s
[2023-06-25T06:51:44.106+0000] {spark_submit.py:492} INFO - 23/06/25 06:51:44 INFO CodeGenerator: Code generated in 13.240565 ms
[2023-06-25T06:51:44.116+0000] {spark_submit.py:492} INFO - +-----+-----------------------------------------------------------------------------+
[2023-06-25T06:51:44.116+0000] {spark_submit.py:492} INFO - |Seqno|Quote                                                                        |
[2023-06-25T06:51:44.116+0000] {spark_submit.py:492} INFO - +-----+-----------------------------------------------------------------------------+
[2023-06-25T06:51:44.116+0000] {spark_submit.py:492} INFO - |1    |Be the change that you wish to see in the world                              |
[2023-06-25T06:51:44.117+0000] {spark_submit.py:492} INFO - |2    |Everyone thinks of changing the world, but no one thinks of changing himself.|
[2023-06-25T06:51:44.117+0000] {spark_submit.py:492} INFO - |3    |The purpose of our lives is to be happy.                                     |
[2023-06-25T06:51:44.117+0000] {spark_submit.py:492} INFO - |4    |Be cool.                                                                     |
[2023-06-25T06:51:44.117+0000] {spark_submit.py:492} INFO - +-----+-----------------------------------------------------------------------------+
[2023-06-25T06:51:44.117+0000] {spark_submit.py:492} INFO - 
[2023-06-25T06:51:44.175+0000] {spark_submit.py:492} INFO - 23/06/25 06:51:44 INFO BlockManagerInfo: Removed broadcast_0_piece0 on a8d69ab09d2d:39935 in memory (size: 6.2 KiB, free: 434.4 MiB)
[2023-06-25T06:51:44.178+0000] {spark_submit.py:492} INFO - 23/06/25 06:51:44 INFO BlockManagerInfo: Removed broadcast_0_piece0 on 172.19.0.9:35831 in memory (size: 6.2 KiB, free: 366.3 MiB)
[2023-06-25T06:51:44.187+0000] {spark_submit.py:492} INFO - 23/06/25 06:51:44 INFO BlockManagerInfo: Removed broadcast_1_piece0 on a8d69ab09d2d:39935 in memory (size: 6.2 KiB, free: 434.4 MiB)
[2023-06-25T06:51:44.189+0000] {spark_submit.py:492} INFO - 23/06/25 06:51:44 INFO BlockManagerInfo: Removed broadcast_1_piece0 on 172.19.0.9:35831 in memory (size: 6.2 KiB, free: 366.3 MiB)
[2023-06-25T06:51:44.196+0000] {spark_submit.py:492} INFO - Traceback (most recent call last):
[2023-06-25T06:51:44.196+0000] {spark_submit.py:492} INFO - File "/opt/***/dags/spark_etl_spark_minio.py", line 41, in <module>
[2023-06-25T06:51:44.196+0000] {spark_submit.py:492} INFO - df.write.mode("append").parquet("s3a://datalake/test.parquet")
[2023-06-25T06:51:44.196+0000] {spark_submit.py:492} INFO - File "/opt/spark/python/lib/pyspark.zip/pyspark/sql/readwriter.py", line 885, in parquet
[2023-06-25T06:51:44.196+0000] {spark_submit.py:492} INFO - File "/opt/spark/python/lib/py4j-0.10.9.2-src.zip/py4j/java_gateway.py", line 1309, in __call__
[2023-06-25T06:51:44.196+0000] {spark_submit.py:492} INFO - File "/opt/spark/python/lib/pyspark.zip/pyspark/sql/utils.py", line 111, in deco
[2023-06-25T06:51:44.196+0000] {spark_submit.py:492} INFO - File "/opt/spark/python/lib/py4j-0.10.9.2-src.zip/py4j/protocol.py", line 326, in get_return_value
[2023-06-25T06:51:44.197+0000] {spark_submit.py:492} INFO - py4j.protocol.Py4JJavaError: An error occurred while calling o71.parquet.
[2023-06-25T06:51:44.197+0000] {spark_submit.py:492} INFO - : java.lang.RuntimeException: java.lang.ClassNotFoundException: Class org.apache.hadoop.fs.s3a.S3AFileSystem not found
[2023-06-25T06:51:44.197+0000] {spark_submit.py:492} INFO - at org.apache.hadoop.conf.Configuration.getClass(Configuration.java:2667)
[2023-06-25T06:51:44.197+0000] {spark_submit.py:492} INFO - at org.apache.hadoop.fs.FileSystem.getFileSystemClass(FileSystem.java:3431)
[2023-06-25T06:51:44.197+0000] {spark_submit.py:492} INFO - at org.apache.hadoop.fs.FileSystem.createFileSystem(FileSystem.java:3466)
[2023-06-25T06:51:44.197+0000] {spark_submit.py:492} INFO - at org.apache.hadoop.fs.FileSystem.access$300(FileSystem.java:174)
[2023-06-25T06:51:44.197+0000] {spark_submit.py:492} INFO - at org.apache.hadoop.fs.FileSystem$Cache.getInternal(FileSystem.java:3574)
[2023-06-25T06:51:44.197+0000] {spark_submit.py:492} INFO - at org.apache.hadoop.fs.FileSystem$Cache.get(FileSystem.java:3521)
[2023-06-25T06:51:44.197+0000] {spark_submit.py:492} INFO - at org.apache.hadoop.fs.FileSystem.get(FileSystem.java:540)
[2023-06-25T06:51:44.197+0000] {spark_submit.py:492} INFO - at org.apache.hadoop.fs.Path.getFileSystem(Path.java:365)
[2023-06-25T06:51:44.197+0000] {spark_submit.py:492} INFO - at org.apache.spark.sql.execution.datasources.DataSource.planForWritingFileFormat(DataSource.scala:461)
[2023-06-25T06:51:44.197+0000] {spark_submit.py:492} INFO - at org.apache.spark.sql.execution.datasources.DataSource.planForWriting(DataSource.scala:556)
[2023-06-25T06:51:44.197+0000] {spark_submit.py:492} INFO - at org.apache.spark.sql.DataFrameWriter.saveToV1Source(DataFrameWriter.scala:382)
[2023-06-25T06:51:44.197+0000] {spark_submit.py:492} INFO - at org.apache.spark.sql.DataFrameWriter.saveInternal(DataFrameWriter.scala:355)
[2023-06-25T06:51:44.198+0000] {spark_submit.py:492} INFO - at org.apache.spark.sql.DataFrameWriter.save(DataFrameWriter.scala:239)
[2023-06-25T06:51:44.198+0000] {spark_submit.py:492} INFO - at org.apache.spark.sql.DataFrameWriter.parquet(DataFrameWriter.scala:781)
[2023-06-25T06:51:44.198+0000] {spark_submit.py:492} INFO - at java.base/jdk.internal.reflect.NativeMethodAccessorImpl.invoke0(Native Method)
[2023-06-25T06:51:44.198+0000] {spark_submit.py:492} INFO - at java.base/jdk.internal.reflect.NativeMethodAccessorImpl.invoke(NativeMethodAccessorImpl.java:62)
[2023-06-25T06:51:44.198+0000] {spark_submit.py:492} INFO - at java.base/jdk.internal.reflect.DelegatingMethodAccessorImpl.invoke(DelegatingMethodAccessorImpl.java:43)
[2023-06-25T06:51:44.198+0000] {spark_submit.py:492} INFO - at java.base/java.lang.reflect.Method.invoke(Method.java:566)
[2023-06-25T06:51:44.198+0000] {spark_submit.py:492} INFO - at py4j.reflection.MethodInvoker.invoke(MethodInvoker.java:244)
[2023-06-25T06:51:44.198+0000] {spark_submit.py:492} INFO - at py4j.reflection.ReflectionEngine.invoke(ReflectionEngine.java:357)
[2023-06-25T06:51:44.198+0000] {spark_submit.py:492} INFO - at py4j.Gateway.invoke(Gateway.java:282)
[2023-06-25T06:51:44.198+0000] {spark_submit.py:492} INFO - at py4j.commands.AbstractCommand.invokeMethod(AbstractCommand.java:132)
[2023-06-25T06:51:44.198+0000] {spark_submit.py:492} INFO - at py4j.commands.CallCommand.execute(CallCommand.java:79)
[2023-06-25T06:51:44.198+0000] {spark_submit.py:492} INFO - at py4j.ClientServerConnection.waitForCommands(ClientServerConnection.java:182)
[2023-06-25T06:51:44.198+0000] {spark_submit.py:492} INFO - at py4j.ClientServerConnection.run(ClientServerConnection.java:106)
[2023-06-25T06:51:44.198+0000] {spark_submit.py:492} INFO - at java.base/java.lang.Thread.run(Thread.java:829)
[2023-06-25T06:51:44.198+0000] {spark_submit.py:492} INFO - Caused by: java.lang.ClassNotFoundException: Class org.apache.hadoop.fs.s3a.S3AFileSystem not found
[2023-06-25T06:51:44.198+0000] {spark_submit.py:492} INFO - at org.apache.hadoop.conf.Configuration.getClassByName(Configuration.java:2571)
[2023-06-25T06:51:44.199+0000] {spark_submit.py:492} INFO - at org.apache.hadoop.conf.Configuration.getClass(Configuration.java:2665)
[2023-06-25T06:51:44.199+0000] {spark_submit.py:492} INFO - ... 25 more
[2023-06-25T06:51:44.199+0000] {spark_submit.py:492} INFO - 
[2023-06-25T06:51:44.260+0000] {spark_submit.py:492} INFO - 23/06/25 06:51:44 INFO SparkContext: Invoking stop() from shutdown hook
[2023-06-25T06:51:44.264+0000] {spark_submit.py:492} INFO - 23/06/25 06:51:44 INFO SparkUI: Stopped Spark web UI at http://a8d69ab09d2d:4044
[2023-06-25T06:51:44.267+0000] {spark_submit.py:492} INFO - 23/06/25 06:51:44 INFO StandaloneSchedulerBackend: Shutting down all executors
[2023-06-25T06:51:44.267+0000] {spark_submit.py:492} INFO - 23/06/25 06:51:44 INFO CoarseGrainedSchedulerBackend$DriverEndpoint: Asking each executor to shut down
[2023-06-25T06:51:44.284+0000] {spark_submit.py:492} INFO - 23/06/25 06:51:44 INFO MapOutputTrackerMasterEndpoint: MapOutputTrackerMasterEndpoint stopped!
[2023-06-25T06:51:44.295+0000] {spark_submit.py:492} INFO - 23/06/25 06:51:44 INFO MemoryStore: MemoryStore cleared
[2023-06-25T06:51:44.296+0000] {spark_submit.py:492} INFO - 23/06/25 06:51:44 INFO BlockManager: BlockManager stopped
[2023-06-25T06:51:44.299+0000] {spark_submit.py:492} INFO - 23/06/25 06:51:44 INFO BlockManagerMaster: BlockManagerMaster stopped
[2023-06-25T06:51:44.300+0000] {spark_submit.py:492} INFO - 23/06/25 06:51:44 INFO OutputCommitCoordinator$OutputCommitCoordinatorEndpoint: OutputCommitCoordinator stopped!
[2023-06-25T06:51:44.310+0000] {spark_submit.py:492} INFO - 23/06/25 06:51:44 INFO SparkContext: Successfully stopped SparkContext
[2023-06-25T06:51:44.311+0000] {spark_submit.py:492} INFO - 23/06/25 06:51:44 INFO ShutdownHookManager: Shutdown hook called
[2023-06-25T06:51:44.312+0000] {spark_submit.py:492} INFO - 23/06/25 06:51:44 INFO ShutdownHookManager: Deleting directory /tmp/spark-bcfaa23c-e7f3-4e42-a793-e719d2424c17/pyspark-d0d5d323-6244-42fe-8ce2-fe48c6023c3f
[2023-06-25T06:51:44.315+0000] {spark_submit.py:492} INFO - 23/06/25 06:51:44 INFO ShutdownHookManager: Deleting directory /tmp/spark-7b541f03-0400-46bb-88da-fa9ed455585d
[2023-06-25T06:51:44.318+0000] {spark_submit.py:492} INFO - 23/06/25 06:51:44 INFO ShutdownHookManager: Deleting directory /tmp/spark-bcfaa23c-e7f3-4e42-a793-e719d2424c17
[2023-06-25T06:51:44.385+0000] {taskinstance.py:1775} ERROR - Task failed with exception
Traceback (most recent call last):
  File "/home/airflow/.local/lib/python3.8/site-packages/airflow/providers/apache/spark/operators/spark_submit.py", line 157, in execute
    self._hook.submit(self._application)
  File "/home/airflow/.local/lib/python3.8/site-packages/airflow/providers/apache/spark/hooks/spark_submit.py", line 423, in submit
    raise AirflowException(
airflow.exceptions.AirflowException: Cannot execute: spark-submit --master spark://spark:7077 --conf spark.hadoop.fs.s3a.aws.credentials.provider=org.apache.hadoop.fs.s3a.SimpleAWSCredentialsProvider --conf spark.hadoop.fs.s3a.path.style.access=true --conf spark.hadoop.fs.s3a.access.key=minioadmin --conf spark.hadoop.fs.s3a.secret.key=****** --conf spark.hadoop.fs.s3a.endpoint=http://minio:9000 --jars local:///opt/bitnami/spark/jars --name arrow-spark /opt/***/dags/spark_etl_spark_minio.py. Error code is: 1.
[2023-06-25T06:51:44.389+0000] {taskinstance.py:1321} INFO - Marking task as UP_FOR_RETRY. dag_id=spark_etl_minio_v20, task_id=spark_submit_task, execution_date=20230624T000000, start_date=20230625T065135, end_date=20230625T065144
[2023-06-25T06:51:44.400+0000] {standard_task_runner.py:100} ERROR - Failed to execute job 306 for task spark_submit_task (Cannot execute: spark-submit --master spark://spark:7077 --conf spark.hadoop.fs.s3a.aws.credentials.provider=org.apache.hadoop.fs.s3a.SimpleAWSCredentialsProvider --conf spark.hadoop.fs.s3a.path.style.access=true --conf spark.hadoop.fs.s3a.access.key=minioadmin --conf spark.hadoop.fs.s3a.secret.key=****** --conf spark.hadoop.fs.s3a.endpoint=http://minio:9000 --jars local:///opt/bitnami/spark/jars --name arrow-spark /opt/***/dags/spark_etl_spark_minio.py. Error code is: 1.; 6224)
[2023-06-25T06:51:44.426+0000] {local_task_job.py:212} INFO - Task exited with return code 1
[2023-06-25T06:51:44.439+0000] {taskinstance.py:2585} INFO - 0 downstream tasks scheduled from follow-on schedule check
