[2023-06-25T06:49:23.300+0000] {taskinstance.py:1084} INFO - Dependencies all met for dep_context=non-requeueable deps ti=<TaskInstance: spark_etl_minio_v20.spark_submit_task scheduled__2023-06-24T00:00:00+00:00 [queued]>
[2023-06-25T06:49:23.308+0000] {taskinstance.py:1084} INFO - Dependencies all met for dep_context=requeueable deps ti=<TaskInstance: spark_etl_minio_v20.spark_submit_task scheduled__2023-06-24T00:00:00+00:00 [queued]>
[2023-06-25T06:49:23.308+0000] {taskinstance.py:1282} INFO - 
--------------------------------------------------------------------------------
[2023-06-25T06:49:23.309+0000] {taskinstance.py:1283} INFO - Starting attempt 3 of 6
[2023-06-25T06:49:23.309+0000] {taskinstance.py:1284} INFO - 
--------------------------------------------------------------------------------
[2023-06-25T06:49:23.319+0000] {taskinstance.py:1303} INFO - Executing <Task(SparkSubmitOperator): spark_submit_task> on 2023-06-24 00:00:00+00:00
[2023-06-25T06:49:23.323+0000] {standard_task_runner.py:55} INFO - Started process 5543 to run task
[2023-06-25T06:49:23.325+0000] {standard_task_runner.py:82} INFO - Running: ['***', 'tasks', 'run', 'spark_etl_minio_v20', 'spark_submit_task', 'scheduled__2023-06-24T00:00:00+00:00', '--job-id', '303', '--raw', '--subdir', 'DAGS_FOLDER/spark_job_minio_v1.py', '--cfg-path', '/tmp/tmp6ainmz5h']
[2023-06-25T06:49:23.326+0000] {standard_task_runner.py:83} INFO - Job 303: Subtask spark_submit_task
[2023-06-25T06:49:23.335+0000] {warnings.py:109} WARNING - /home/***/.local/lib/python3.8/site-packages/***/settings.py:250: DeprecationWarning: The sql_alchemy_conn option in [core] has been moved to the sql_alchemy_conn option in [database] - the old setting has been used, but please update your config.
  SQL_ALCHEMY_CONN = conf.get("database", "SQL_ALCHEMY_CONN")

[2023-06-25T06:49:23.349+0000] {warnings.py:109} WARNING - /home/***/.local/lib/python3.8/site-packages/***/utils/sqlalchemy.py:124: DeprecationWarning: The sql_alchemy_conn option in [core] has been moved to the sql_alchemy_conn option in [database] - the old setting has been used, but please update your config.
  return not conf.get("database", "sql_alchemy_conn").startswith("mssql")

[2023-06-25T06:49:23.370+0000] {task_command.py:388} INFO - Running <TaskInstance: spark_etl_minio_v20.spark_submit_task scheduled__2023-06-24T00:00:00+00:00 [running]> on host a8d69ab09d2d
[2023-06-25T06:49:23.416+0000] {taskinstance.py:1509} INFO - Exporting the following env vars:
AIRFLOW_CTX_DAG_OWNER=***
AIRFLOW_CTX_DAG_ID=spark_etl_minio_v20
AIRFLOW_CTX_TASK_ID=spark_submit_task
AIRFLOW_CTX_EXECUTION_DATE=2023-06-24T00:00:00+00:00
AIRFLOW_CTX_TRY_NUMBER=3
AIRFLOW_CTX_DAG_RUN_ID=scheduled__2023-06-24T00:00:00+00:00
[2023-06-25T06:49:23.422+0000] {base.py:73} INFO - Using connection ID 'spark_conn' for task execution.
[2023-06-25T06:49:23.424+0000] {spark_submit.py:341} INFO - Spark-Submit cmd: spark-submit --master spark://spark:7077 --conf spark.hadoop.fs.s3a.aws.credentials.provider=org.apache.hadoop.fs.s3a.SimpleAWSCredentialsProvider --conf spark.hadoop.fs.s3a.path.style.access=true --conf spark.hadoop.fs.s3a.access.key=minioadmin --conf spark.hadoop.fs.s3a.secret.key=****** --conf spark.hadoop.fs.s3a.endpoint=http://minio:9000 --jars local:///opt/bitnami/spark/jars --name arrow-spark /opt/***/dags/spark_etl_spark_minio.py
[2023-06-25T06:49:24.395+0000] {spark_submit.py:492} INFO - WARNING: An illegal reflective access operation has occurred
[2023-06-25T06:49:24.395+0000] {spark_submit.py:492} INFO - WARNING: Illegal reflective access by org.apache.spark.unsafe.Platform (file:/opt/spark/jars/spark-unsafe_2.12-3.2.0.jar) to constructor java.nio.DirectByteBuffer(long,int)
[2023-06-25T06:49:24.396+0000] {spark_submit.py:492} INFO - WARNING: Please consider reporting this to the maintainers of org.apache.spark.unsafe.Platform
[2023-06-25T06:49:24.396+0000] {spark_submit.py:492} INFO - WARNING: Use --illegal-access=warn to enable warnings of further illegal reflective access operations
[2023-06-25T06:49:24.396+0000] {spark_submit.py:492} INFO - WARNING: All illegal access operations will be denied in a future release
[2023-06-25T06:49:24.610+0000] {spark_submit.py:492} INFO - Using Spark's default log4j profile: org/apache/spark/log4j-defaults.properties
[2023-06-25T06:49:24.610+0000] {spark_submit.py:492} INFO - 23/06/25 06:49:24 WARN DependencyUtils: Local jar /opt/bitnami/spark/jars does not exist, skipping.
[2023-06-25T06:49:25.336+0000] {spark_submit.py:492} INFO - 23/06/25 06:49:25 INFO SparkContext: Running Spark version 3.2.0
[2023-06-25T06:49:25.391+0000] {spark_submit.py:492} INFO - 23/06/25 06:49:25 WARN NativeCodeLoader: Unable to load native-hadoop library for your platform... using builtin-java classes where applicable
[2023-06-25T06:49:25.473+0000] {spark_submit.py:492} INFO - 23/06/25 06:49:25 INFO ResourceUtils: ==============================================================
[2023-06-25T06:49:25.473+0000] {spark_submit.py:492} INFO - 23/06/25 06:49:25 INFO ResourceUtils: No custom resources configured for spark.driver.
[2023-06-25T06:49:25.473+0000] {spark_submit.py:492} INFO - 23/06/25 06:49:25 INFO ResourceUtils: ==============================================================
[2023-06-25T06:49:25.474+0000] {spark_submit.py:492} INFO - 23/06/25 06:49:25 INFO SparkContext: Submitted application: arrow-spark
[2023-06-25T06:49:25.494+0000] {spark_submit.py:492} INFO - 23/06/25 06:49:25 INFO ResourceProfile: Default ResourceProfile created, executor resources: Map(cores -> name: cores, amount: 1, script: , vendor: , memory -> name: memory, amount: 1024, script: , vendor: , offHeap -> name: offHeap, amount: 0, script: , vendor: ), task resources: Map(cpus -> name: cpus, amount: 1.0)
[2023-06-25T06:49:25.508+0000] {spark_submit.py:492} INFO - 23/06/25 06:49:25 INFO ResourceProfile: Limiting resource is cpu
[2023-06-25T06:49:25.508+0000] {spark_submit.py:492} INFO - 23/06/25 06:49:25 INFO ResourceProfileManager: Added ResourceProfile id: 0
[2023-06-25T06:49:25.545+0000] {spark_submit.py:492} INFO - 23/06/25 06:49:25 INFO SecurityManager: Changing view acls to: default
[2023-06-25T06:49:25.545+0000] {spark_submit.py:492} INFO - 23/06/25 06:49:25 INFO SecurityManager: Changing modify acls to: default
[2023-06-25T06:49:25.545+0000] {spark_submit.py:492} INFO - 23/06/25 06:49:25 INFO SecurityManager: Changing view acls groups to:
[2023-06-25T06:49:25.545+0000] {spark_submit.py:492} INFO - 23/06/25 06:49:25 INFO SecurityManager: Changing modify acls groups to:
[2023-06-25T06:49:25.546+0000] {spark_submit.py:492} INFO - 23/06/25 06:49:25 INFO SecurityManager: SecurityManager: authentication disabled; ui acls disabled; users  with view permissions: Set(default); groups with view permissions: Set(); users  with modify permissions: Set(default); groups with modify permissions: Set()
[2023-06-25T06:49:25.757+0000] {spark_submit.py:492} INFO - 23/06/25 06:49:25 INFO Utils: Successfully started service 'sparkDriver' on port 38995.
[2023-06-25T06:49:25.775+0000] {spark_submit.py:492} INFO - 23/06/25 06:49:25 INFO SparkEnv: Registering MapOutputTracker
[2023-06-25T06:49:25.795+0000] {spark_submit.py:492} INFO - 23/06/25 06:49:25 INFO SparkEnv: Registering BlockManagerMaster
[2023-06-25T06:49:25.807+0000] {spark_submit.py:492} INFO - 23/06/25 06:49:25 INFO BlockManagerMasterEndpoint: Using org.apache.spark.storage.DefaultTopologyMapper for getting topology information
[2023-06-25T06:49:25.808+0000] {spark_submit.py:492} INFO - 23/06/25 06:49:25 INFO BlockManagerMasterEndpoint: BlockManagerMasterEndpoint up
[2023-06-25T06:49:25.810+0000] {spark_submit.py:492} INFO - 23/06/25 06:49:25 INFO SparkEnv: Registering BlockManagerMasterHeartbeat
[2023-06-25T06:49:25.826+0000] {spark_submit.py:492} INFO - 23/06/25 06:49:25 INFO DiskBlockManager: Created local directory at /tmp/blockmgr-6072de5b-3b13-46cb-a041-05d3941c671c
[2023-06-25T06:49:25.840+0000] {spark_submit.py:492} INFO - 23/06/25 06:49:25 INFO MemoryStore: MemoryStore started with capacity 434.4 MiB
[2023-06-25T06:49:25.850+0000] {spark_submit.py:492} INFO - 23/06/25 06:49:25 INFO SparkEnv: Registering OutputCommitCoordinator
[2023-06-25T06:49:25.990+0000] {spark_submit.py:492} INFO - 23/06/25 06:49:25 WARN Utils: Service 'SparkUI' could not bind on port 4040. Attempting port 4041.
[2023-06-25T06:49:25.990+0000] {spark_submit.py:492} INFO - 23/06/25 06:49:25 WARN Utils: Service 'SparkUI' could not bind on port 4041. Attempting port 4042.
[2023-06-25T06:49:25.990+0000] {spark_submit.py:492} INFO - 23/06/25 06:49:25 WARN Utils: Service 'SparkUI' could not bind on port 4042. Attempting port 4043.
[2023-06-25T06:49:25.991+0000] {spark_submit.py:492} INFO - 23/06/25 06:49:25 WARN Utils: Service 'SparkUI' could not bind on port 4043. Attempting port 4044.
[2023-06-25T06:49:25.999+0000] {spark_submit.py:492} INFO - 23/06/25 06:49:25 INFO Utils: Successfully started service 'SparkUI' on port 4044.
[2023-06-25T06:49:26.046+0000] {spark_submit.py:492} INFO - 23/06/25 06:49:26 INFO SparkUI: Bound SparkUI to 0.0.0.0, and started at http://a8d69ab09d2d:4044
[2023-06-25T06:49:26.056+0000] {spark_submit.py:492} INFO - 23/06/25 06:49:26 INFO SparkContext: Added JAR local:///opt/bitnami/spark/jars at file:/opt/bitnami/spark/jars with timestamp 1687675765328
[2023-06-25T06:49:26.196+0000] {spark_submit.py:492} INFO - 23/06/25 06:49:26 INFO StandaloneAppClient$ClientEndpoint: Connecting to master spark://spark:7077...
[2023-06-25T06:49:26.242+0000] {spark_submit.py:492} INFO - 23/06/25 06:49:26 INFO TransportClientFactory: Successfully created connection to spark/172.19.0.11:7077 after 33 ms (0 ms spent in bootstraps)
[2023-06-25T06:49:26.314+0000] {spark_submit.py:492} INFO - 23/06/25 06:49:26 INFO StandaloneSchedulerBackend: Connected to Spark cluster with app ID app-20230625064926-0009
[2023-06-25T06:49:26.316+0000] {spark_submit.py:492} INFO - 23/06/25 06:49:26 INFO StandaloneAppClient$ClientEndpoint: Executor added: app-20230625064926-0009/0 on worker-20230625064305-172.19.0.9-44213 (172.19.0.9:44213) with 1 core(s)
[2023-06-25T06:49:26.318+0000] {spark_submit.py:492} INFO - 23/06/25 06:49:26 INFO StandaloneSchedulerBackend: Granted executor ID app-20230625064926-0009/0 on hostPort 172.19.0.9:44213 with 1 core(s), 1024.0 MiB RAM
[2023-06-25T06:49:26.319+0000] {spark_submit.py:492} INFO - 23/06/25 06:49:26 INFO Utils: Successfully started service 'org.apache.spark.network.netty.NettyBlockTransferService' on port 33291.
[2023-06-25T06:49:26.319+0000] {spark_submit.py:492} INFO - 23/06/25 06:49:26 INFO NettyBlockTransferService: Server created on a8d69ab09d2d:33291
[2023-06-25T06:49:26.321+0000] {spark_submit.py:492} INFO - 23/06/25 06:49:26 INFO BlockManager: Using org.apache.spark.storage.RandomBlockReplicationPolicy for block replication policy
[2023-06-25T06:49:26.326+0000] {spark_submit.py:492} INFO - 23/06/25 06:49:26 INFO BlockManagerMaster: Registering BlockManager BlockManagerId(driver, a8d69ab09d2d, 33291, None)
[2023-06-25T06:49:26.331+0000] {spark_submit.py:492} INFO - 23/06/25 06:49:26 INFO BlockManagerMasterEndpoint: Registering block manager a8d69ab09d2d:33291 with 434.4 MiB RAM, BlockManagerId(driver, a8d69ab09d2d, 33291, None)
[2023-06-25T06:49:26.333+0000] {spark_submit.py:492} INFO - 23/06/25 06:49:26 INFO BlockManagerMaster: Registered BlockManager BlockManagerId(driver, a8d69ab09d2d, 33291, None)
[2023-06-25T06:49:26.333+0000] {spark_submit.py:492} INFO - 23/06/25 06:49:26 INFO BlockManager: Initialized BlockManager: BlockManagerId(driver, a8d69ab09d2d, 33291, None)
[2023-06-25T06:49:26.347+0000] {spark_submit.py:492} INFO - 23/06/25 06:49:26 INFO StandaloneAppClient$ClientEndpoint: Executor updated: app-20230625064926-0009/0 is now RUNNING
[2023-06-25T06:49:26.500+0000] {spark_submit.py:492} INFO - 23/06/25 06:49:26 INFO StandaloneSchedulerBackend: SchedulerBackend is ready for scheduling beginning after reached minRegisteredResourcesRatio: 0.0
[2023-06-25T06:49:26.704+0000] {spark_submit.py:492} INFO - 23/06/25 06:49:26 INFO SharedState: Setting hive.metastore.warehouse.dir ('null') to the value of spark.sql.warehouse.dir.
[2023-06-25T06:49:26.743+0000] {spark_submit.py:492} INFO - 23/06/25 06:49:26 INFO SharedState: Warehouse path is 'file:/opt/***/spark-warehouse'.
[2023-06-25T06:49:28.297+0000] {spark_submit.py:492} INFO - 23/06/25 06:49:28 INFO CoarseGrainedSchedulerBackend$DriverEndpoint: Registered executor NettyRpcEndpointRef(spark-client://Executor) (172.19.0.9:38784) with ID 0,  ResourceProfileId 0
[2023-06-25T06:49:28.467+0000] {spark_submit.py:492} INFO - 23/06/25 06:49:28 INFO BlockManagerMasterEndpoint: Registering block manager 172.19.0.9:46459 with 366.3 MiB RAM, BlockManagerId(0, 172.19.0.9, 46459, None)
[2023-06-25T06:49:30.584+0000] {spark_submit.py:492} INFO - 23/06/25 06:49:30 INFO CodeGenerator: Code generated in 142.144506 ms
[2023-06-25T06:49:30.627+0000] {spark_submit.py:492} INFO - 23/06/25 06:49:30 INFO SparkContext: Starting job: showString at NativeMethodAccessorImpl.java:0
[2023-06-25T06:49:30.640+0000] {spark_submit.py:492} INFO - 23/06/25 06:49:30 INFO DAGScheduler: Got job 0 (showString at NativeMethodAccessorImpl.java:0) with 1 output partitions
[2023-06-25T06:49:30.640+0000] {spark_submit.py:492} INFO - 23/06/25 06:49:30 INFO DAGScheduler: Final stage: ResultStage 0 (showString at NativeMethodAccessorImpl.java:0)
[2023-06-25T06:49:30.641+0000] {spark_submit.py:492} INFO - 23/06/25 06:49:30 INFO DAGScheduler: Parents of final stage: List()
[2023-06-25T06:49:30.642+0000] {spark_submit.py:492} INFO - 23/06/25 06:49:30 INFO DAGScheduler: Missing parents: List()
[2023-06-25T06:49:30.644+0000] {spark_submit.py:492} INFO - 23/06/25 06:49:30 INFO DAGScheduler: Submitting ResultStage 0 (MapPartitionsRDD[6] at showString at NativeMethodAccessorImpl.java:0), which has no missing parents
[2023-06-25T06:49:30.761+0000] {spark_submit.py:492} INFO - 23/06/25 06:49:30 INFO MemoryStore: Block broadcast_0 stored as values in memory (estimated size 11.7 KiB, free 434.4 MiB)
[2023-06-25T06:49:30.836+0000] {spark_submit.py:492} INFO - 23/06/25 06:49:30 INFO MemoryStore: Block broadcast_0_piece0 stored as bytes in memory (estimated size 6.2 KiB, free 434.4 MiB)
[2023-06-25T06:49:30.839+0000] {spark_submit.py:492} INFO - 23/06/25 06:49:30 INFO BlockManagerInfo: Added broadcast_0_piece0 in memory on a8d69ab09d2d:33291 (size: 6.2 KiB, free: 434.4 MiB)
[2023-06-25T06:49:30.842+0000] {spark_submit.py:492} INFO - 23/06/25 06:49:30 INFO SparkContext: Created broadcast 0 from broadcast at DAGScheduler.scala:1427
[2023-06-25T06:49:30.853+0000] {spark_submit.py:492} INFO - 23/06/25 06:49:30 INFO DAGScheduler: Submitting 1 missing tasks from ResultStage 0 (MapPartitionsRDD[6] at showString at NativeMethodAccessorImpl.java:0) (first 15 tasks are for partitions Vector(0))
[2023-06-25T06:49:30.853+0000] {spark_submit.py:492} INFO - 23/06/25 06:49:30 INFO TaskSchedulerImpl: Adding task set 0.0 with 1 tasks resource profile 0
[2023-06-25T06:49:31.530+0000] {spark_submit.py:492} INFO - 23/06/25 06:49:31 INFO TaskSetManager: Starting task 0.0 in stage 0.0 (TID 0) (172.19.0.9, executor 0, partition 0, PROCESS_LOCAL, 4605 bytes) taskResourceAssignments Map()
[2023-06-25T06:49:31.864+0000] {spark_submit.py:492} INFO - 23/06/25 06:49:31 INFO BlockManagerInfo: Added broadcast_0_piece0 in memory on 172.19.0.9:46459 (size: 6.2 KiB, free: 366.3 MiB)
[2023-06-25T06:49:33.656+0000] {spark_submit.py:492} INFO - 23/06/25 06:49:33 INFO TaskSetManager: Finished task 0.0 in stage 0.0 (TID 0) in 2134 ms on 172.19.0.9 (executor 0) (1/1)
[2023-06-25T06:49:33.657+0000] {spark_submit.py:492} INFO - 23/06/25 06:49:33 INFO TaskSchedulerImpl: Removed TaskSet 0.0, whose tasks have all completed, from pool
[2023-06-25T06:49:33.660+0000] {spark_submit.py:492} INFO - 23/06/25 06:49:33 INFO PythonAccumulatorV2: Connected to AccumulatorServer at host: 127.0.0.1 port: 38093
[2023-06-25T06:49:33.663+0000] {spark_submit.py:492} INFO - 23/06/25 06:49:33 INFO DAGScheduler: ResultStage 0 (showString at NativeMethodAccessorImpl.java:0) finished in 3.009 s
[2023-06-25T06:49:33.666+0000] {spark_submit.py:492} INFO - 23/06/25 06:49:33 INFO DAGScheduler: Job 0 is finished. Cancelling potential speculative or zombie tasks for this job
[2023-06-25T06:49:33.667+0000] {spark_submit.py:492} INFO - 23/06/25 06:49:33 INFO TaskSchedulerImpl: Killing all running tasks in stage 0: Stage finished
[2023-06-25T06:49:33.668+0000] {spark_submit.py:492} INFO - 23/06/25 06:49:33 INFO DAGScheduler: Job 0 finished: showString at NativeMethodAccessorImpl.java:0, took 3.040077 s
[2023-06-25T06:49:33.682+0000] {spark_submit.py:492} INFO - 23/06/25 06:49:33 INFO SparkContext: Starting job: showString at NativeMethodAccessorImpl.java:0
[2023-06-25T06:49:33.683+0000] {spark_submit.py:492} INFO - 23/06/25 06:49:33 INFO DAGScheduler: Got job 1 (showString at NativeMethodAccessorImpl.java:0) with 1 output partitions
[2023-06-25T06:49:33.684+0000] {spark_submit.py:492} INFO - 23/06/25 06:49:33 INFO DAGScheduler: Final stage: ResultStage 1 (showString at NativeMethodAccessorImpl.java:0)
[2023-06-25T06:49:33.684+0000] {spark_submit.py:492} INFO - 23/06/25 06:49:33 INFO DAGScheduler: Parents of final stage: List()
[2023-06-25T06:49:33.685+0000] {spark_submit.py:492} INFO - 23/06/25 06:49:33 INFO DAGScheduler: Missing parents: List()
[2023-06-25T06:49:33.687+0000] {spark_submit.py:492} INFO - 23/06/25 06:49:33 INFO DAGScheduler: Submitting ResultStage 1 (MapPartitionsRDD[6] at showString at NativeMethodAccessorImpl.java:0), which has no missing parents
[2023-06-25T06:49:33.692+0000] {spark_submit.py:492} INFO - 23/06/25 06:49:33 INFO MemoryStore: Block broadcast_1 stored as values in memory (estimated size 11.7 KiB, free 434.4 MiB)
[2023-06-25T06:49:33.696+0000] {spark_submit.py:492} INFO - 23/06/25 06:49:33 INFO MemoryStore: Block broadcast_1_piece0 stored as bytes in memory (estimated size 6.2 KiB, free 434.4 MiB)
[2023-06-25T06:49:33.697+0000] {spark_submit.py:492} INFO - 23/06/25 06:49:33 INFO BlockManagerInfo: Added broadcast_1_piece0 in memory on a8d69ab09d2d:33291 (size: 6.2 KiB, free: 434.4 MiB)
[2023-06-25T06:49:33.697+0000] {spark_submit.py:492} INFO - 23/06/25 06:49:33 INFO SparkContext: Created broadcast 1 from broadcast at DAGScheduler.scala:1427
[2023-06-25T06:49:33.698+0000] {spark_submit.py:492} INFO - 23/06/25 06:49:33 INFO DAGScheduler: Submitting 1 missing tasks from ResultStage 1 (MapPartitionsRDD[6] at showString at NativeMethodAccessorImpl.java:0) (first 15 tasks are for partitions Vector(1))
[2023-06-25T06:49:33.698+0000] {spark_submit.py:492} INFO - 23/06/25 06:49:33 INFO TaskSchedulerImpl: Adding task set 1.0 with 1 tasks resource profile 0
[2023-06-25T06:49:33.700+0000] {spark_submit.py:492} INFO - 23/06/25 06:49:33 INFO TaskSetManager: Starting task 0.0 in stage 1.0 (TID 1) (172.19.0.9, executor 0, partition 1, PROCESS_LOCAL, 4529 bytes) taskResourceAssignments Map()
[2023-06-25T06:49:33.717+0000] {spark_submit.py:492} INFO - 23/06/25 06:49:33 INFO BlockManagerInfo: Added broadcast_1_piece0 in memory on 172.19.0.9:46459 (size: 6.2 KiB, free: 366.3 MiB)
[2023-06-25T06:49:33.789+0000] {spark_submit.py:492} INFO - 23/06/25 06:49:33 INFO TaskSetManager: Finished task 0.0 in stage 1.0 (TID 1) in 90 ms on 172.19.0.9 (executor 0) (1/1)
[2023-06-25T06:49:33.790+0000] {spark_submit.py:492} INFO - 23/06/25 06:49:33 INFO TaskSchedulerImpl: Removed TaskSet 1.0, whose tasks have all completed, from pool
[2023-06-25T06:49:33.792+0000] {spark_submit.py:492} INFO - 23/06/25 06:49:33 INFO DAGScheduler: ResultStage 1 (showString at NativeMethodAccessorImpl.java:0) finished in 0.102 s
[2023-06-25T06:49:33.793+0000] {spark_submit.py:492} INFO - 23/06/25 06:49:33 INFO DAGScheduler: Job 1 is finished. Cancelling potential speculative or zombie tasks for this job
[2023-06-25T06:49:33.793+0000] {spark_submit.py:492} INFO - 23/06/25 06:49:33 INFO TaskSchedulerImpl: Killing all running tasks in stage 1: Stage finished
[2023-06-25T06:49:33.793+0000] {spark_submit.py:492} INFO - 23/06/25 06:49:33 INFO DAGScheduler: Job 1 finished: showString at NativeMethodAccessorImpl.java:0, took 0.109429 s
[2023-06-25T06:49:33.827+0000] {spark_submit.py:492} INFO - 23/06/25 06:49:33 INFO CodeGenerator: Code generated in 16.944202 ms
[2023-06-25T06:49:33.838+0000] {spark_submit.py:492} INFO - +-----+-----------------------------------------------------------------------------+
[2023-06-25T06:49:33.838+0000] {spark_submit.py:492} INFO - |Seqno|Quote                                                                        |
[2023-06-25T06:49:33.838+0000] {spark_submit.py:492} INFO - +-----+-----------------------------------------------------------------------------+
[2023-06-25T06:49:33.838+0000] {spark_submit.py:492} INFO - |1    |Be the change that you wish to see in the world                              |
[2023-06-25T06:49:33.838+0000] {spark_submit.py:492} INFO - |2    |Everyone thinks of changing the world, but no one thinks of changing himself.|
[2023-06-25T06:49:33.838+0000] {spark_submit.py:492} INFO - |3    |The purpose of our lives is to be happy.                                     |
[2023-06-25T06:49:33.838+0000] {spark_submit.py:492} INFO - |4    |Be cool.                                                                     |
[2023-06-25T06:49:33.838+0000] {spark_submit.py:492} INFO - +-----+-----------------------------------------------------------------------------+
[2023-06-25T06:49:33.839+0000] {spark_submit.py:492} INFO - 
[2023-06-25T06:49:33.913+0000] {spark_submit.py:492} INFO - 23/06/25 06:49:33 INFO BlockManagerInfo: Removed broadcast_0_piece0 on 172.19.0.9:46459 in memory (size: 6.2 KiB, free: 366.3 MiB)
[2023-06-25T06:49:33.916+0000] {spark_submit.py:492} INFO - 23/06/25 06:49:33 INFO BlockManagerInfo: Removed broadcast_0_piece0 on a8d69ab09d2d:33291 in memory (size: 6.2 KiB, free: 434.4 MiB)
[2023-06-25T06:49:33.926+0000] {spark_submit.py:492} INFO - 23/06/25 06:49:33 INFO BlockManagerInfo: Removed broadcast_1_piece0 on a8d69ab09d2d:33291 in memory (size: 6.2 KiB, free: 434.4 MiB)
[2023-06-25T06:49:33.929+0000] {spark_submit.py:492} INFO - 23/06/25 06:49:33 INFO BlockManagerInfo: Removed broadcast_1_piece0 on 172.19.0.9:46459 in memory (size: 6.2 KiB, free: 366.3 MiB)
[2023-06-25T06:49:33.937+0000] {spark_submit.py:492} INFO - Traceback (most recent call last):
[2023-06-25T06:49:33.937+0000] {spark_submit.py:492} INFO - File "/opt/***/dags/spark_etl_spark_minio.py", line 41, in <module>
[2023-06-25T06:49:33.937+0000] {spark_submit.py:492} INFO - df.write.mode("append").parquet("s3a://datalake/test.parquet")
[2023-06-25T06:49:33.937+0000] {spark_submit.py:492} INFO - File "/opt/spark/python/lib/pyspark.zip/pyspark/sql/readwriter.py", line 885, in parquet
[2023-06-25T06:49:33.937+0000] {spark_submit.py:492} INFO - File "/opt/spark/python/lib/py4j-0.10.9.2-src.zip/py4j/java_gateway.py", line 1309, in __call__
[2023-06-25T06:49:33.937+0000] {spark_submit.py:492} INFO - File "/opt/spark/python/lib/pyspark.zip/pyspark/sql/utils.py", line 111, in deco
[2023-06-25T06:49:33.938+0000] {spark_submit.py:492} INFO - File "/opt/spark/python/lib/py4j-0.10.9.2-src.zip/py4j/protocol.py", line 326, in get_return_value
[2023-06-25T06:49:33.938+0000] {spark_submit.py:492} INFO - py4j.protocol.Py4JJavaError: An error occurred while calling o71.parquet.
[2023-06-25T06:49:33.938+0000] {spark_submit.py:492} INFO - : java.lang.RuntimeException: java.lang.ClassNotFoundException: Class org.apache.hadoop.fs.s3a.S3AFileSystem not found
[2023-06-25T06:49:33.938+0000] {spark_submit.py:492} INFO - at org.apache.hadoop.conf.Configuration.getClass(Configuration.java:2667)
[2023-06-25T06:49:33.938+0000] {spark_submit.py:492} INFO - at org.apache.hadoop.fs.FileSystem.getFileSystemClass(FileSystem.java:3431)
[2023-06-25T06:49:33.938+0000] {spark_submit.py:492} INFO - at org.apache.hadoop.fs.FileSystem.createFileSystem(FileSystem.java:3466)
[2023-06-25T06:49:33.938+0000] {spark_submit.py:492} INFO - at org.apache.hadoop.fs.FileSystem.access$300(FileSystem.java:174)
[2023-06-25T06:49:33.938+0000] {spark_submit.py:492} INFO - at org.apache.hadoop.fs.FileSystem$Cache.getInternal(FileSystem.java:3574)
[2023-06-25T06:49:33.938+0000] {spark_submit.py:492} INFO - at org.apache.hadoop.fs.FileSystem$Cache.get(FileSystem.java:3521)
[2023-06-25T06:49:33.939+0000] {spark_submit.py:492} INFO - at org.apache.hadoop.fs.FileSystem.get(FileSystem.java:540)
[2023-06-25T06:49:33.939+0000] {spark_submit.py:492} INFO - at org.apache.hadoop.fs.Path.getFileSystem(Path.java:365)
[2023-06-25T06:49:33.939+0000] {spark_submit.py:492} INFO - at org.apache.spark.sql.execution.datasources.DataSource.planForWritingFileFormat(DataSource.scala:461)
[2023-06-25T06:49:33.939+0000] {spark_submit.py:492} INFO - at org.apache.spark.sql.execution.datasources.DataSource.planForWriting(DataSource.scala:556)
[2023-06-25T06:49:33.939+0000] {spark_submit.py:492} INFO - at org.apache.spark.sql.DataFrameWriter.saveToV1Source(DataFrameWriter.scala:382)
[2023-06-25T06:49:33.939+0000] {spark_submit.py:492} INFO - at org.apache.spark.sql.DataFrameWriter.saveInternal(DataFrameWriter.scala:355)
[2023-06-25T06:49:33.939+0000] {spark_submit.py:492} INFO - at org.apache.spark.sql.DataFrameWriter.save(DataFrameWriter.scala:239)
[2023-06-25T06:49:33.939+0000] {spark_submit.py:492} INFO - at org.apache.spark.sql.DataFrameWriter.parquet(DataFrameWriter.scala:781)
[2023-06-25T06:49:33.940+0000] {spark_submit.py:492} INFO - at java.base/jdk.internal.reflect.NativeMethodAccessorImpl.invoke0(Native Method)
[2023-06-25T06:49:33.940+0000] {spark_submit.py:492} INFO - at java.base/jdk.internal.reflect.NativeMethodAccessorImpl.invoke(NativeMethodAccessorImpl.java:62)
[2023-06-25T06:49:33.940+0000] {spark_submit.py:492} INFO - at java.base/jdk.internal.reflect.DelegatingMethodAccessorImpl.invoke(DelegatingMethodAccessorImpl.java:43)
[2023-06-25T06:49:33.940+0000] {spark_submit.py:492} INFO - at java.base/java.lang.reflect.Method.invoke(Method.java:566)
[2023-06-25T06:49:33.940+0000] {spark_submit.py:492} INFO - at py4j.reflection.MethodInvoker.invoke(MethodInvoker.java:244)
[2023-06-25T06:49:33.940+0000] {spark_submit.py:492} INFO - at py4j.reflection.ReflectionEngine.invoke(ReflectionEngine.java:357)
[2023-06-25T06:49:33.940+0000] {spark_submit.py:492} INFO - at py4j.Gateway.invoke(Gateway.java:282)
[2023-06-25T06:49:33.940+0000] {spark_submit.py:492} INFO - at py4j.commands.AbstractCommand.invokeMethod(AbstractCommand.java:132)
[2023-06-25T06:49:33.940+0000] {spark_submit.py:492} INFO - at py4j.commands.CallCommand.execute(CallCommand.java:79)
[2023-06-25T06:49:33.941+0000] {spark_submit.py:492} INFO - at py4j.ClientServerConnection.waitForCommands(ClientServerConnection.java:182)
[2023-06-25T06:49:33.941+0000] {spark_submit.py:492} INFO - at py4j.ClientServerConnection.run(ClientServerConnection.java:106)
[2023-06-25T06:49:33.941+0000] {spark_submit.py:492} INFO - at java.base/java.lang.Thread.run(Thread.java:829)
[2023-06-25T06:49:33.941+0000] {spark_submit.py:492} INFO - Caused by: java.lang.ClassNotFoundException: Class org.apache.hadoop.fs.s3a.S3AFileSystem not found
[2023-06-25T06:49:33.941+0000] {spark_submit.py:492} INFO - at org.apache.hadoop.conf.Configuration.getClassByName(Configuration.java:2571)
[2023-06-25T06:49:33.941+0000] {spark_submit.py:492} INFO - at org.apache.hadoop.conf.Configuration.getClass(Configuration.java:2665)
[2023-06-25T06:49:33.941+0000] {spark_submit.py:492} INFO - ... 25 more
[2023-06-25T06:49:33.941+0000] {spark_submit.py:492} INFO - 
[2023-06-25T06:49:34.005+0000] {spark_submit.py:492} INFO - 23/06/25 06:49:34 INFO SparkContext: Invoking stop() from shutdown hook
[2023-06-25T06:49:34.010+0000] {spark_submit.py:492} INFO - 23/06/25 06:49:34 INFO SparkUI: Stopped Spark web UI at http://a8d69ab09d2d:4044
[2023-06-25T06:49:34.012+0000] {spark_submit.py:492} INFO - 23/06/25 06:49:34 INFO StandaloneSchedulerBackend: Shutting down all executors
[2023-06-25T06:49:34.013+0000] {spark_submit.py:492} INFO - 23/06/25 06:49:34 INFO CoarseGrainedSchedulerBackend$DriverEndpoint: Asking each executor to shut down
[2023-06-25T06:49:34.032+0000] {spark_submit.py:492} INFO - 23/06/25 06:49:34 INFO MapOutputTrackerMasterEndpoint: MapOutputTrackerMasterEndpoint stopped!
[2023-06-25T06:49:34.053+0000] {spark_submit.py:492} INFO - 23/06/25 06:49:34 INFO MemoryStore: MemoryStore cleared
[2023-06-25T06:49:34.054+0000] {spark_submit.py:492} INFO - 23/06/25 06:49:34 INFO BlockManager: BlockManager stopped
[2023-06-25T06:49:34.059+0000] {spark_submit.py:492} INFO - 23/06/25 06:49:34 INFO BlockManagerMaster: BlockManagerMaster stopped
[2023-06-25T06:49:34.061+0000] {spark_submit.py:492} INFO - 23/06/25 06:49:34 INFO OutputCommitCoordinator$OutputCommitCoordinatorEndpoint: OutputCommitCoordinator stopped!
[2023-06-25T06:49:34.091+0000] {spark_submit.py:492} INFO - 23/06/25 06:49:34 INFO SparkContext: Successfully stopped SparkContext
[2023-06-25T06:49:34.092+0000] {spark_submit.py:492} INFO - 23/06/25 06:49:34 INFO ShutdownHookManager: Shutdown hook called
[2023-06-25T06:49:34.092+0000] {spark_submit.py:492} INFO - 23/06/25 06:49:34 INFO ShutdownHookManager: Deleting directory /tmp/spark-2704b97d-e0af-4c7f-a893-d0bc1db39082
[2023-06-25T06:49:34.097+0000] {spark_submit.py:492} INFO - 23/06/25 06:49:34 INFO ShutdownHookManager: Deleting directory /tmp/spark-2704b97d-e0af-4c7f-a893-d0bc1db39082/pyspark-8635206d-9202-4f91-b8ae-25aeaae6fc7f
[2023-06-25T06:49:34.100+0000] {spark_submit.py:492} INFO - 23/06/25 06:49:34 INFO ShutdownHookManager: Deleting directory /tmp/spark-960fd527-0577-48a1-8e82-4f24b0f67d61
[2023-06-25T06:49:34.222+0000] {taskinstance.py:1775} ERROR - Task failed with exception
Traceback (most recent call last):
  File "/home/airflow/.local/lib/python3.8/site-packages/airflow/providers/apache/spark/operators/spark_submit.py", line 157, in execute
    self._hook.submit(self._application)
  File "/home/airflow/.local/lib/python3.8/site-packages/airflow/providers/apache/spark/hooks/spark_submit.py", line 423, in submit
    raise AirflowException(
airflow.exceptions.AirflowException: Cannot execute: spark-submit --master spark://spark:7077 --conf spark.hadoop.fs.s3a.aws.credentials.provider=org.apache.hadoop.fs.s3a.SimpleAWSCredentialsProvider --conf spark.hadoop.fs.s3a.path.style.access=true --conf spark.hadoop.fs.s3a.access.key=minioadmin --conf spark.hadoop.fs.s3a.secret.key=****** --conf spark.hadoop.fs.s3a.endpoint=http://minio:9000 --jars local:///opt/bitnami/spark/jars --name arrow-spark /opt/***/dags/spark_etl_spark_minio.py. Error code is: 1.
[2023-06-25T06:49:34.230+0000] {taskinstance.py:1321} INFO - Marking task as UP_FOR_RETRY. dag_id=spark_etl_minio_v20, task_id=spark_submit_task, execution_date=20230624T000000, start_date=20230625T064923, end_date=20230625T064934
[2023-06-25T06:49:34.249+0000] {standard_task_runner.py:100} ERROR - Failed to execute job 303 for task spark_submit_task (Cannot execute: spark-submit --master spark://spark:7077 --conf spark.hadoop.fs.s3a.aws.credentials.provider=org.apache.hadoop.fs.s3a.SimpleAWSCredentialsProvider --conf spark.hadoop.fs.s3a.path.style.access=true --conf spark.hadoop.fs.s3a.access.key=minioadmin --conf spark.hadoop.fs.s3a.secret.key=****** --conf spark.hadoop.fs.s3a.endpoint=http://minio:9000 --jars local:///opt/bitnami/spark/jars --name arrow-spark /opt/***/dags/spark_etl_spark_minio.py. Error code is: 1.; 5543)
[2023-06-25T06:49:34.258+0000] {local_task_job.py:212} INFO - Task exited with return code 1
[2023-06-25T06:49:34.278+0000] {taskinstance.py:2585} INFO - 0 downstream tasks scheduled from follow-on schedule check
