[2023-06-25T05:52:47.398+0000] {taskinstance.py:1084} INFO - Dependencies all met for dep_context=non-requeueable deps ti=<TaskInstance: spark_airflow_dag_v6.spark_submit_task1 manual__2023-06-25T05:52:46.400360+00:00 [queued]>
[2023-06-25T05:52:47.414+0000] {taskinstance.py:1084} INFO - Dependencies all met for dep_context=requeueable deps ti=<TaskInstance: spark_airflow_dag_v6.spark_submit_task1 manual__2023-06-25T05:52:46.400360+00:00 [queued]>
[2023-06-25T05:52:47.414+0000] {taskinstance.py:1282} INFO - 
--------------------------------------------------------------------------------
[2023-06-25T05:52:47.414+0000] {taskinstance.py:1283} INFO - Starting attempt 1 of 1
[2023-06-25T05:52:47.414+0000] {taskinstance.py:1284} INFO - 
--------------------------------------------------------------------------------
[2023-06-25T05:52:47.425+0000] {taskinstance.py:1303} INFO - Executing <Task(SparkSubmitOperator): spark_submit_task1> on 2023-06-25 05:52:46.400360+00:00
[2023-06-25T05:52:47.429+0000] {standard_task_runner.py:55} INFO - Started process 24931 to run task
[2023-06-25T05:52:47.431+0000] {standard_task_runner.py:82} INFO - Running: ['***', 'tasks', 'run', 'spark_***_dag_v6', 'spark_submit_task1', 'manual__2023-06-25T05:52:46.400360+00:00', '--job-id', '224', '--raw', '--subdir', 'DAGS_FOLDER/spark_jobs_dag3.py', '--cfg-path', '/tmp/tmptc9s45lu']
[2023-06-25T05:52:47.432+0000] {standard_task_runner.py:83} INFO - Job 224: Subtask spark_submit_task1
[2023-06-25T05:52:47.443+0000] {warnings.py:109} WARNING - /home/***/.local/lib/python3.8/site-packages/***/settings.py:250: DeprecationWarning: The sql_alchemy_conn option in [core] has been moved to the sql_alchemy_conn option in [database] - the old setting has been used, but please update your config.
  SQL_ALCHEMY_CONN = conf.get("database", "SQL_ALCHEMY_CONN")

[2023-06-25T05:52:47.482+0000] {task_command.py:388} INFO - Running <TaskInstance: spark_airflow_dag_v6.spark_submit_task1 manual__2023-06-25T05:52:46.400360+00:00 [running]> on host a8d69ab09d2d
[2023-06-25T05:52:47.552+0000] {taskinstance.py:1509} INFO - Exporting the following env vars:
AIRFLOW_CTX_DAG_OWNER=***
AIRFLOW_CTX_DAG_ID=spark_***_dag_v6
AIRFLOW_CTX_TASK_ID=spark_submit_task1
AIRFLOW_CTX_EXECUTION_DATE=2023-06-25T05:52:46.400360+00:00
AIRFLOW_CTX_TRY_NUMBER=1
AIRFLOW_CTX_DAG_RUN_ID=manual__2023-06-25T05:52:46.400360+00:00
[2023-06-25T05:52:47.559+0000] {base.py:73} INFO - Using connection ID 'spark_conn' for task execution.
[2023-06-25T05:52:47.560+0000] {spark_submit.py:341} INFO - Spark-Submit cmd: spark-submit --master spark://spark:7077 --name arrow-spark /opt/***/dags/spark_etl_simple.py
[2023-06-25T05:52:48.495+0000] {spark_submit.py:492} INFO - WARNING: An illegal reflective access operation has occurred
[2023-06-25T05:52:48.496+0000] {spark_submit.py:492} INFO - WARNING: Illegal reflective access by org.apache.spark.unsafe.Platform (file:/opt/spark/jars/spark-unsafe_2.12-3.2.0.jar) to constructor java.nio.DirectByteBuffer(long,int)
[2023-06-25T05:52:48.496+0000] {spark_submit.py:492} INFO - WARNING: Please consider reporting this to the maintainers of org.apache.spark.unsafe.Platform
[2023-06-25T05:52:48.496+0000] {spark_submit.py:492} INFO - WARNING: Use --illegal-access=warn to enable warnings of further illegal reflective access operations
[2023-06-25T05:52:48.496+0000] {spark_submit.py:492} INFO - WARNING: All illegal access operations will be denied in a future release
[2023-06-25T05:52:49.702+0000] {spark_submit.py:492} INFO - Using Spark's default log4j profile: org/apache/spark/log4j-defaults.properties
[2023-06-25T05:52:49.712+0000] {spark_submit.py:492} INFO - 23/06/25 05:52:49 INFO SparkContext: Running Spark version 3.2.0
[2023-06-25T05:52:49.792+0000] {spark_submit.py:492} INFO - 23/06/25 05:52:49 WARN NativeCodeLoader: Unable to load native-hadoop library for your platform... using builtin-java classes where applicable
[2023-06-25T05:52:49.888+0000] {spark_submit.py:492} INFO - 23/06/25 05:52:49 INFO ResourceUtils: ==============================================================
[2023-06-25T05:52:49.888+0000] {spark_submit.py:492} INFO - 23/06/25 05:52:49 INFO ResourceUtils: No custom resources configured for spark.driver.
[2023-06-25T05:52:49.888+0000] {spark_submit.py:492} INFO - 23/06/25 05:52:49 INFO ResourceUtils: ==============================================================
[2023-06-25T05:52:49.889+0000] {spark_submit.py:492} INFO - 23/06/25 05:52:49 INFO SparkContext: Submitted application: test
[2023-06-25T05:52:49.918+0000] {spark_submit.py:492} INFO - 23/06/25 05:52:49 INFO ResourceProfile: Default ResourceProfile created, executor resources: Map(cores -> name: cores, amount: 1, script: , vendor: , memory -> name: memory, amount: 1024, script: , vendor: , offHeap -> name: offHeap, amount: 0, script: , vendor: ), task resources: Map(cpus -> name: cpus, amount: 1.0)
[2023-06-25T05:52:49.929+0000] {spark_submit.py:492} INFO - 23/06/25 05:52:49 INFO ResourceProfile: Limiting resource is cpu
[2023-06-25T05:52:49.929+0000] {spark_submit.py:492} INFO - 23/06/25 05:52:49 INFO ResourceProfileManager: Added ResourceProfile id: 0
[2023-06-25T05:52:49.977+0000] {spark_submit.py:492} INFO - 23/06/25 05:52:49 INFO SecurityManager: Changing view acls to: default
[2023-06-25T05:52:49.977+0000] {spark_submit.py:492} INFO - 23/06/25 05:52:49 INFO SecurityManager: Changing modify acls to: default
[2023-06-25T05:52:49.978+0000] {spark_submit.py:492} INFO - 23/06/25 05:52:49 INFO SecurityManager: Changing view acls groups to:
[2023-06-25T05:52:49.978+0000] {spark_submit.py:492} INFO - 23/06/25 05:52:49 INFO SecurityManager: Changing modify acls groups to:
[2023-06-25T05:52:49.978+0000] {spark_submit.py:492} INFO - 23/06/25 05:52:49 INFO SecurityManager: SecurityManager: authentication disabled; ui acls disabled; users  with view permissions: Set(default); groups with view permissions: Set(); users  with modify permissions: Set(default); groups with modify permissions: Set()
[2023-06-25T05:52:50.239+0000] {spark_submit.py:492} INFO - 23/06/25 05:52:50 INFO Utils: Successfully started service 'sparkDriver' on port 39349.
[2023-06-25T05:52:50.260+0000] {spark_submit.py:492} INFO - 23/06/25 05:52:50 INFO SparkEnv: Registering MapOutputTracker
[2023-06-25T05:52:50.284+0000] {spark_submit.py:492} INFO - 23/06/25 05:52:50 INFO SparkEnv: Registering BlockManagerMaster
[2023-06-25T05:52:50.297+0000] {spark_submit.py:492} INFO - 23/06/25 05:52:50 INFO BlockManagerMasterEndpoint: Using org.apache.spark.storage.DefaultTopologyMapper for getting topology information
[2023-06-25T05:52:50.298+0000] {spark_submit.py:492} INFO - 23/06/25 05:52:50 INFO BlockManagerMasterEndpoint: BlockManagerMasterEndpoint up
[2023-06-25T05:52:50.301+0000] {spark_submit.py:492} INFO - 23/06/25 05:52:50 INFO SparkEnv: Registering BlockManagerMasterHeartbeat
[2023-06-25T05:52:50.322+0000] {spark_submit.py:492} INFO - 23/06/25 05:52:50 INFO DiskBlockManager: Created local directory at /tmp/blockmgr-8bda28cf-65bb-4215-9406-b36cdf5da427
[2023-06-25T05:52:50.340+0000] {spark_submit.py:492} INFO - 23/06/25 05:52:50 INFO MemoryStore: MemoryStore started with capacity 434.4 MiB
[2023-06-25T05:52:50.353+0000] {spark_submit.py:492} INFO - 23/06/25 05:52:50 INFO SparkEnv: Registering OutputCommitCoordinator
[2023-06-25T05:52:50.621+0000] {spark_submit.py:492} INFO - 23/06/25 05:52:50 WARN Utils: Service 'SparkUI' could not bind on port 4040. Attempting port 4041.
[2023-06-25T05:52:50.621+0000] {spark_submit.py:492} INFO - 23/06/25 05:52:50 WARN Utils: Service 'SparkUI' could not bind on port 4041. Attempting port 4042.
[2023-06-25T05:52:50.622+0000] {spark_submit.py:492} INFO - 23/06/25 05:52:50 WARN Utils: Service 'SparkUI' could not bind on port 4042. Attempting port 4043.
[2023-06-25T05:52:50.622+0000] {spark_submit.py:492} INFO - 23/06/25 05:52:50 WARN Utils: Service 'SparkUI' could not bind on port 4043. Attempting port 4044.
[2023-06-25T05:52:50.623+0000] {spark_submit.py:492} INFO - 23/06/25 05:52:50 WARN Utils: Service 'SparkUI' could not bind on port 4044. Attempting port 4045.
[2023-06-25T05:52:50.623+0000] {spark_submit.py:492} INFO - 23/06/25 05:52:50 WARN Utils: Service 'SparkUI' could not bind on port 4045. Attempting port 4046.
[2023-06-25T05:52:50.632+0000] {spark_submit.py:492} INFO - 23/06/25 05:52:50 INFO Utils: Successfully started service 'SparkUI' on port 4046.
[2023-06-25T05:52:50.675+0000] {spark_submit.py:492} INFO - 23/06/25 05:52:50 INFO SparkUI: Bound SparkUI to 0.0.0.0, and started at http://a8d69ab09d2d:4046
[2023-06-25T05:52:50.961+0000] {spark_submit.py:492} INFO - 23/06/25 05:52:50 INFO StandaloneAppClient$ClientEndpoint: Connecting to master spark://spark:7077...
[2023-06-25T05:52:51.073+0000] {spark_submit.py:492} INFO - 23/06/25 05:52:51 INFO TransportClientFactory: Successfully created connection to spark/172.19.0.10:7077 after 91 ms (0 ms spent in bootstraps)
[2023-06-25T05:52:51.205+0000] {spark_submit.py:492} INFO - 23/06/25 05:52:51 INFO StandaloneSchedulerBackend: Connected to Spark cluster with app ID app-20230625055251-0000
[2023-06-25T05:52:51.213+0000] {spark_submit.py:492} INFO - 23/06/25 05:52:51 INFO Utils: Successfully started service 'org.apache.spark.network.netty.NettyBlockTransferService' on port 38747.
[2023-06-25T05:52:51.213+0000] {spark_submit.py:492} INFO - 23/06/25 05:52:51 INFO NettyBlockTransferService: Server created on a8d69ab09d2d:38747
[2023-06-25T05:52:51.215+0000] {spark_submit.py:492} INFO - 23/06/25 05:52:51 INFO BlockManager: Using org.apache.spark.storage.RandomBlockReplicationPolicy for block replication policy
[2023-06-25T05:52:51.224+0000] {spark_submit.py:492} INFO - 23/06/25 05:52:51 INFO BlockManagerMaster: Registering BlockManager BlockManagerId(driver, a8d69ab09d2d, 38747, None)
[2023-06-25T05:52:51.228+0000] {spark_submit.py:492} INFO - 23/06/25 05:52:51 INFO BlockManagerMasterEndpoint: Registering block manager a8d69ab09d2d:38747 with 434.4 MiB RAM, BlockManagerId(driver, a8d69ab09d2d, 38747, None)
[2023-06-25T05:52:51.231+0000] {spark_submit.py:492} INFO - 23/06/25 05:52:51 INFO BlockManagerMaster: Registered BlockManager BlockManagerId(driver, a8d69ab09d2d, 38747, None)
[2023-06-25T05:52:51.232+0000] {spark_submit.py:492} INFO - 23/06/25 05:52:51 INFO BlockManager: Initialized BlockManager: BlockManagerId(driver, a8d69ab09d2d, 38747, None)
[2023-06-25T05:52:51.256+0000] {spark_submit.py:492} INFO - 23/06/25 05:52:51 INFO StandaloneAppClient$ClientEndpoint: Executor added: app-20230625055251-0000/0 on worker-20230625055131-172.19.0.9-42181 (172.19.0.9:42181) with 1 core(s)
[2023-06-25T05:52:51.256+0000] {spark_submit.py:492} INFO - 23/06/25 05:52:51 INFO StandaloneSchedulerBackend: Granted executor ID app-20230625055251-0000/0 on hostPort 172.19.0.9:42181 with 1 core(s), 1024.0 MiB RAM
[2023-06-25T05:52:51.430+0000] {spark_submit.py:492} INFO - 23/06/25 05:52:51 INFO StandaloneAppClient$ClientEndpoint: Executor updated: app-20230625055251-0000/0 is now RUNNING
[2023-06-25T05:52:51.560+0000] {spark_submit.py:492} INFO - 23/06/25 05:52:51 INFO StandaloneSchedulerBackend: SchedulerBackend is ready for scheduling beginning after reached minRegisteredResourcesRatio: 0.0
[2023-06-25T05:52:51.808+0000] {spark_submit.py:492} INFO - 23/06/25 05:52:51 INFO SharedState: Setting hive.metastore.warehouse.dir ('null') to the value of spark.sql.warehouse.dir.
[2023-06-25T05:52:51.826+0000] {spark_submit.py:492} INFO - 23/06/25 05:52:51 INFO SharedState: Warehouse path is 'file:/opt/***/spark-warehouse'.
[2023-06-25T05:52:53.663+0000] {spark_submit.py:492} INFO - 23/06/25 05:52:53 INFO CoarseGrainedSchedulerBackend$DriverEndpoint: Registered executor NettyRpcEndpointRef(spark-client://Executor) (172.19.0.9:53156) with ID 0,  ResourceProfileId 0
[2023-06-25T05:52:53.779+0000] {spark_submit.py:492} INFO - 23/06/25 05:52:53 INFO BlockManagerMasterEndpoint: Registering block manager 172.19.0.9:35211 with 366.3 MiB RAM, BlockManagerId(0, 172.19.0.9, 35211, None)
[2023-06-25T05:52:55.044+0000] {spark_submit.py:492} INFO - 23/06/25 05:52:55 INFO CodeGenerator: Code generated in 80.439604 ms
[2023-06-25T05:52:55.063+0000] {spark_submit.py:492} INFO - 23/06/25 05:52:55 INFO SparkContext: Starting job: showString at NativeMethodAccessorImpl.java:0
[2023-06-25T05:52:55.072+0000] {spark_submit.py:492} INFO - 23/06/25 05:52:55 INFO DAGScheduler: Got job 0 (showString at NativeMethodAccessorImpl.java:0) with 1 output partitions
[2023-06-25T05:52:55.072+0000] {spark_submit.py:492} INFO - 23/06/25 05:52:55 INFO DAGScheduler: Final stage: ResultStage 0 (showString at NativeMethodAccessorImpl.java:0)
[2023-06-25T05:52:55.072+0000] {spark_submit.py:492} INFO - 23/06/25 05:52:55 INFO DAGScheduler: Parents of final stage: List()
[2023-06-25T05:52:55.073+0000] {spark_submit.py:492} INFO - 23/06/25 05:52:55 INFO DAGScheduler: Missing parents: List()
[2023-06-25T05:52:55.076+0000] {spark_submit.py:492} INFO - 23/06/25 05:52:55 INFO DAGScheduler: Submitting ResultStage 0 (MapPartitionsRDD[6] at showString at NativeMethodAccessorImpl.java:0), which has no missing parents
[2023-06-25T05:52:55.141+0000] {spark_submit.py:492} INFO - 23/06/25 05:52:55 INFO MemoryStore: Block broadcast_0 stored as values in memory (estimated size 11.7 KiB, free 434.4 MiB)
[2023-06-25T05:52:55.163+0000] {spark_submit.py:492} INFO - 23/06/25 05:52:55 INFO MemoryStore: Block broadcast_0_piece0 stored as bytes in memory (estimated size 6.2 KiB, free 434.4 MiB)
[2023-06-25T05:52:55.165+0000] {spark_submit.py:492} INFO - 23/06/25 05:52:55 INFO BlockManagerInfo: Added broadcast_0_piece0 in memory on a8d69ab09d2d:38747 (size: 6.2 KiB, free: 434.4 MiB)
[2023-06-25T05:52:55.168+0000] {spark_submit.py:492} INFO - 23/06/25 05:52:55 INFO SparkContext: Created broadcast 0 from broadcast at DAGScheduler.scala:1427
[2023-06-25T05:52:55.176+0000] {spark_submit.py:492} INFO - 23/06/25 05:52:55 INFO DAGScheduler: Submitting 1 missing tasks from ResultStage 0 (MapPartitionsRDD[6] at showString at NativeMethodAccessorImpl.java:0) (first 15 tasks are for partitions Vector(0))
[2023-06-25T05:52:55.176+0000] {spark_submit.py:492} INFO - 23/06/25 05:52:55 INFO TaskSchedulerImpl: Adding task set 0.0 with 1 tasks resource profile 0
[2023-06-25T05:52:55.198+0000] {spark_submit.py:492} INFO - 23/06/25 05:52:55 INFO TaskSetManager: Starting task 0.0 in stage 0.0 (TID 0) (172.19.0.9, executor 0, partition 0, PROCESS_LOCAL, 4605 bytes) taskResourceAssignments Map()
[2023-06-25T05:52:55.417+0000] {spark_submit.py:492} INFO - 23/06/25 05:52:55 INFO BlockManagerInfo: Added broadcast_0_piece0 in memory on 172.19.0.9:35211 (size: 6.2 KiB, free: 366.3 MiB)
[2023-06-25T05:52:56.856+0000] {spark_submit.py:492} INFO - 23/06/25 05:52:56 INFO TaskSetManager: Finished task 0.0 in stage 0.0 (TID 0) in 1664 ms on 172.19.0.9 (executor 0) (1/1)
[2023-06-25T05:52:56.858+0000] {spark_submit.py:492} INFO - 23/06/25 05:52:56 INFO TaskSchedulerImpl: Removed TaskSet 0.0, whose tasks have all completed, from pool
[2023-06-25T05:52:56.861+0000] {spark_submit.py:492} INFO - 23/06/25 05:52:56 INFO PythonAccumulatorV2: Connected to AccumulatorServer at host: 127.0.0.1 port: 39611
[2023-06-25T05:52:56.865+0000] {spark_submit.py:492} INFO - 23/06/25 05:52:56 INFO DAGScheduler: ResultStage 0 (showString at NativeMethodAccessorImpl.java:0) finished in 1.779 s
[2023-06-25T05:52:56.868+0000] {spark_submit.py:492} INFO - 23/06/25 05:52:56 INFO DAGScheduler: Job 0 is finished. Cancelling potential speculative or zombie tasks for this job
[2023-06-25T05:52:56.868+0000] {spark_submit.py:492} INFO - 23/06/25 05:52:56 INFO TaskSchedulerImpl: Killing all running tasks in stage 0: Stage finished
[2023-06-25T05:52:56.870+0000] {spark_submit.py:492} INFO - 23/06/25 05:52:56 INFO DAGScheduler: Job 0 finished: showString at NativeMethodAccessorImpl.java:0, took 1.806094 s
[2023-06-25T05:52:56.882+0000] {spark_submit.py:492} INFO - 23/06/25 05:52:56 INFO SparkContext: Starting job: showString at NativeMethodAccessorImpl.java:0
[2023-06-25T05:52:56.883+0000] {spark_submit.py:492} INFO - 23/06/25 05:52:56 INFO DAGScheduler: Got job 1 (showString at NativeMethodAccessorImpl.java:0) with 1 output partitions
[2023-06-25T05:52:56.883+0000] {spark_submit.py:492} INFO - 23/06/25 05:52:56 INFO DAGScheduler: Final stage: ResultStage 1 (showString at NativeMethodAccessorImpl.java:0)
[2023-06-25T05:52:56.883+0000] {spark_submit.py:492} INFO - 23/06/25 05:52:56 INFO DAGScheduler: Parents of final stage: List()
[2023-06-25T05:52:56.883+0000] {spark_submit.py:492} INFO - 23/06/25 05:52:56 INFO DAGScheduler: Missing parents: List()
[2023-06-25T05:52:56.884+0000] {spark_submit.py:492} INFO - 23/06/25 05:52:56 INFO DAGScheduler: Submitting ResultStage 1 (MapPartitionsRDD[6] at showString at NativeMethodAccessorImpl.java:0), which has no missing parents
[2023-06-25T05:52:56.887+0000] {spark_submit.py:492} INFO - 23/06/25 05:52:56 INFO MemoryStore: Block broadcast_1 stored as values in memory (estimated size 11.7 KiB, free 434.4 MiB)
[2023-06-25T05:52:56.889+0000] {spark_submit.py:492} INFO - 23/06/25 05:52:56 INFO MemoryStore: Block broadcast_1_piece0 stored as bytes in memory (estimated size 6.2 KiB, free 434.4 MiB)
[2023-06-25T05:52:56.890+0000] {spark_submit.py:492} INFO - 23/06/25 05:52:56 INFO BlockManagerInfo: Added broadcast_1_piece0 in memory on a8d69ab09d2d:38747 (size: 6.2 KiB, free: 434.4 MiB)
[2023-06-25T05:52:56.890+0000] {spark_submit.py:492} INFO - 23/06/25 05:52:56 INFO SparkContext: Created broadcast 1 from broadcast at DAGScheduler.scala:1427
[2023-06-25T05:52:56.891+0000] {spark_submit.py:492} INFO - 23/06/25 05:52:56 INFO DAGScheduler: Submitting 1 missing tasks from ResultStage 1 (MapPartitionsRDD[6] at showString at NativeMethodAccessorImpl.java:0) (first 15 tasks are for partitions Vector(1))
[2023-06-25T05:52:56.891+0000] {spark_submit.py:492} INFO - 23/06/25 05:52:56 INFO TaskSchedulerImpl: Adding task set 1.0 with 1 tasks resource profile 0
[2023-06-25T05:52:56.892+0000] {spark_submit.py:492} INFO - 23/06/25 05:52:56 INFO TaskSetManager: Starting task 0.0 in stage 1.0 (TID 1) (172.19.0.9, executor 0, partition 1, PROCESS_LOCAL, 4529 bytes) taskResourceAssignments Map()
[2023-06-25T05:52:56.905+0000] {spark_submit.py:492} INFO - 23/06/25 05:52:56 INFO BlockManagerInfo: Added broadcast_1_piece0 in memory on 172.19.0.9:35211 (size: 6.2 KiB, free: 366.3 MiB)
[2023-06-25T05:52:56.970+0000] {spark_submit.py:492} INFO - 23/06/25 05:52:56 INFO TaskSetManager: Finished task 0.0 in stage 1.0 (TID 1) in 77 ms on 172.19.0.9 (executor 0) (1/1)
[2023-06-25T05:52:56.970+0000] {spark_submit.py:492} INFO - 23/06/25 05:52:56 INFO TaskSchedulerImpl: Removed TaskSet 1.0, whose tasks have all completed, from pool
[2023-06-25T05:52:56.971+0000] {spark_submit.py:492} INFO - 23/06/25 05:52:56 INFO DAGScheduler: ResultStage 1 (showString at NativeMethodAccessorImpl.java:0) finished in 0.086 s
[2023-06-25T05:52:56.971+0000] {spark_submit.py:492} INFO - 23/06/25 05:52:56 INFO DAGScheduler: Job 1 is finished. Cancelling potential speculative or zombie tasks for this job
[2023-06-25T05:52:56.972+0000] {spark_submit.py:492} INFO - 23/06/25 05:52:56 INFO TaskSchedulerImpl: Killing all running tasks in stage 1: Stage finished
[2023-06-25T05:52:56.972+0000] {spark_submit.py:492} INFO - 23/06/25 05:52:56 INFO DAGScheduler: Job 1 finished: showString at NativeMethodAccessorImpl.java:0, took 0.089618 s
[2023-06-25T05:52:57.010+0000] {spark_submit.py:492} INFO - 23/06/25 05:52:57 INFO CodeGenerator: Code generated in 19.667803 ms
[2023-06-25T05:52:57.022+0000] {spark_submit.py:492} INFO - +-----+-----------------------------------------------------------------------------+
[2023-06-25T05:52:57.022+0000] {spark_submit.py:492} INFO - |Seqno|Quote                                                                        |
[2023-06-25T05:52:57.023+0000] {spark_submit.py:492} INFO - +-----+-----------------------------------------------------------------------------+
[2023-06-25T05:52:57.023+0000] {spark_submit.py:492} INFO - |1    |Be the change that you wish to see in the world                              |
[2023-06-25T05:52:57.023+0000] {spark_submit.py:492} INFO - |2    |Everyone thinks of changing the world, but no one thinks of changing himself.|
[2023-06-25T05:52:57.023+0000] {spark_submit.py:492} INFO - |3    |The purpose of our lives is to be happy.                                     |
[2023-06-25T05:52:57.023+0000] {spark_submit.py:492} INFO - |4    |Be cool.                                                                     |
[2023-06-25T05:52:57.023+0000] {spark_submit.py:492} INFO - +-----+-----------------------------------------------------------------------------+
[2023-06-25T05:52:57.023+0000] {spark_submit.py:492} INFO - 
[2023-06-25T05:52:57.091+0000] {spark_submit.py:492} INFO - 23/06/25 05:52:57 INFO SparkContext: Invoking stop() from shutdown hook
[2023-06-25T05:52:57.106+0000] {spark_submit.py:492} INFO - 23/06/25 05:52:57 INFO SparkUI: Stopped Spark web UI at http://a8d69ab09d2d:4046
[2023-06-25T05:52:57.109+0000] {spark_submit.py:492} INFO - 23/06/25 05:52:57 INFO StandaloneSchedulerBackend: Shutting down all executors
[2023-06-25T05:52:57.110+0000] {spark_submit.py:492} INFO - 23/06/25 05:52:57 INFO CoarseGrainedSchedulerBackend$DriverEndpoint: Asking each executor to shut down
[2023-06-25T05:52:57.166+0000] {spark_submit.py:492} INFO - 23/06/25 05:52:57 INFO MapOutputTrackerMasterEndpoint: MapOutputTrackerMasterEndpoint stopped!
[2023-06-25T05:52:57.198+0000] {spark_submit.py:492} INFO - 23/06/25 05:52:57 INFO MemoryStore: MemoryStore cleared
[2023-06-25T05:52:57.198+0000] {spark_submit.py:492} INFO - 23/06/25 05:52:57 INFO BlockManager: BlockManager stopped
[2023-06-25T05:52:57.204+0000] {spark_submit.py:492} INFO - 23/06/25 05:52:57 INFO BlockManagerMaster: BlockManagerMaster stopped
[2023-06-25T05:52:57.207+0000] {spark_submit.py:492} INFO - 23/06/25 05:52:57 INFO OutputCommitCoordinator$OutputCommitCoordinatorEndpoint: OutputCommitCoordinator stopped!
[2023-06-25T05:52:57.217+0000] {spark_submit.py:492} INFO - 23/06/25 05:52:57 INFO SparkContext: Successfully stopped SparkContext
[2023-06-25T05:52:57.217+0000] {spark_submit.py:492} INFO - 23/06/25 05:52:57 INFO ShutdownHookManager: Shutdown hook called
[2023-06-25T05:52:57.218+0000] {spark_submit.py:492} INFO - 23/06/25 05:52:57 INFO ShutdownHookManager: Deleting directory /tmp/spark-c3ff5229-7373-4d35-b3b7-d3797d2f35ca/pyspark-9c0a4a28-9a29-4170-8ce5-31510d4f6e4c
[2023-06-25T05:52:57.223+0000] {spark_submit.py:492} INFO - 23/06/25 05:52:57 INFO ShutdownHookManager: Deleting directory /tmp/spark-c3ff5229-7373-4d35-b3b7-d3797d2f35ca
[2023-06-25T05:52:57.227+0000] {spark_submit.py:492} INFO - 23/06/25 05:52:57 INFO ShutdownHookManager: Deleting directory /tmp/spark-d00f5993-ce94-4ab1-89df-aacd3c9b68ef
[2023-06-25T05:52:57.319+0000] {taskinstance.py:1321} INFO - Marking task as SUCCESS. dag_id=spark_***_dag_v6, task_id=spark_submit_task1, execution_date=20230625T055246, start_date=20230625T055247, end_date=20230625T055257
[2023-06-25T05:52:57.371+0000] {local_task_job.py:212} INFO - Task exited with return code 0
[2023-06-25T05:52:57.384+0000] {taskinstance.py:2585} INFO - 0 downstream tasks scheduled from follow-on schedule check
