[2023-06-25T06:40:04.227+0000] {taskinstance.py:1084} INFO - Dependencies all met for dep_context=non-requeueable deps ti=<TaskInstance: spark_etl_minio_v19.spark_submit_task scheduled__2023-06-24T00:00:00+00:00 [queued]>
[2023-06-25T06:40:04.233+0000] {taskinstance.py:1084} INFO - Dependencies all met for dep_context=requeueable deps ti=<TaskInstance: spark_etl_minio_v19.spark_submit_task scheduled__2023-06-24T00:00:00+00:00 [queued]>
[2023-06-25T06:40:04.233+0000] {taskinstance.py:1282} INFO - 
--------------------------------------------------------------------------------
[2023-06-25T06:40:04.233+0000] {taskinstance.py:1283} INFO - Starting attempt 4 of 6
[2023-06-25T06:40:04.234+0000] {taskinstance.py:1284} INFO - 
--------------------------------------------------------------------------------
[2023-06-25T06:40:04.245+0000] {taskinstance.py:1303} INFO - Executing <Task(SparkSubmitOperator): spark_submit_task> on 2023-06-24 00:00:00+00:00
[2023-06-25T06:40:04.250+0000] {standard_task_runner.py:55} INFO - Started process 3106 to run task
[2023-06-25T06:40:04.254+0000] {standard_task_runner.py:82} INFO - Running: ['***', 'tasks', 'run', 'spark_etl_minio_v19', 'spark_submit_task', 'scheduled__2023-06-24T00:00:00+00:00', '--job-id', '293', '--raw', '--subdir', 'DAGS_FOLDER/spark_job_minio_v1.py', '--cfg-path', '/tmp/tmpr5aykm3d']
[2023-06-25T06:40:04.254+0000] {standard_task_runner.py:83} INFO - Job 293: Subtask spark_submit_task
[2023-06-25T06:40:04.278+0000] {warnings.py:109} WARNING - /home/***/.local/lib/python3.8/site-packages/***/settings.py:250: DeprecationWarning: The sql_alchemy_conn option in [core] has been moved to the sql_alchemy_conn option in [database] - the old setting has been used, but please update your config.
  SQL_ALCHEMY_CONN = conf.get("database", "SQL_ALCHEMY_CONN")

[2023-06-25T06:40:04.300+0000] {warnings.py:109} WARNING - /home/***/.local/lib/python3.8/site-packages/***/utils/sqlalchemy.py:124: DeprecationWarning: The sql_alchemy_conn option in [core] has been moved to the sql_alchemy_conn option in [database] - the old setting has been used, but please update your config.
  return not conf.get("database", "sql_alchemy_conn").startswith("mssql")

[2023-06-25T06:40:04.327+0000] {task_command.py:388} INFO - Running <TaskInstance: spark_etl_minio_v19.spark_submit_task scheduled__2023-06-24T00:00:00+00:00 [running]> on host a8d69ab09d2d
[2023-06-25T06:40:04.397+0000] {taskinstance.py:1509} INFO - Exporting the following env vars:
AIRFLOW_CTX_DAG_OWNER=***
AIRFLOW_CTX_DAG_ID=spark_etl_minio_v19
AIRFLOW_CTX_TASK_ID=spark_submit_task
AIRFLOW_CTX_EXECUTION_DATE=2023-06-24T00:00:00+00:00
AIRFLOW_CTX_TRY_NUMBER=4
AIRFLOW_CTX_DAG_RUN_ID=scheduled__2023-06-24T00:00:00+00:00
[2023-06-25T06:40:04.403+0000] {base.py:73} INFO - Using connection ID 'spark_conn' for task execution.
[2023-06-25T06:40:04.405+0000] {spark_submit.py:341} INFO - Spark-Submit cmd: spark-submit --master spark://spark:7077 --conf spark.hadoop.fs.s3a.aws.credentials.provider=org.apache.hadoop.fs.s3a.SimpleAWSCredentialsProvider --conf spark.hadoop.fs.s3a.path.style.access=true --conf spark.hadoop.fs.s3a.access.key=minioadmin --conf spark.hadoop.fs.s3a.secret.key=****** --conf spark.hadoop.fs.s3a.endpoint=http://minio:9000 --jars local:///opt/bitnami/spark/jars/hadoop-aws-3.2.0.jar,local:///opt/bitnami/spark/jars/aws-java-sdk-bundle-1.11.375.jar,local:///opt/bitnami/spark/jars/hadoop-aws-3.2.0.jar --name arrow-spark /opt/***/dags/spark_etl_spark_minio.py
[2023-06-25T06:40:05.250+0000] {spark_submit.py:492} INFO - WARNING: An illegal reflective access operation has occurred
[2023-06-25T06:40:05.251+0000] {spark_submit.py:492} INFO - WARNING: Illegal reflective access by org.apache.spark.unsafe.Platform (file:/opt/spark/jars/spark-unsafe_2.12-3.2.0.jar) to constructor java.nio.DirectByteBuffer(long,int)
[2023-06-25T06:40:05.251+0000] {spark_submit.py:492} INFO - WARNING: Please consider reporting this to the maintainers of org.apache.spark.unsafe.Platform
[2023-06-25T06:40:05.251+0000] {spark_submit.py:492} INFO - WARNING: Use --illegal-access=warn to enable warnings of further illegal reflective access operations
[2023-06-25T06:40:05.251+0000] {spark_submit.py:492} INFO - WARNING: All illegal access operations will be denied in a future release
[2023-06-25T06:40:05.484+0000] {spark_submit.py:492} INFO - Using Spark's default log4j profile: org/apache/spark/log4j-defaults.properties
[2023-06-25T06:40:05.484+0000] {spark_submit.py:492} INFO - 23/06/25 06:40:05 WARN DependencyUtils: Local jar /opt/bitnami/spark/jars/hadoop-aws-3.2.0.jar does not exist, skipping.
[2023-06-25T06:40:05.485+0000] {spark_submit.py:492} INFO - 23/06/25 06:40:05 WARN DependencyUtils: Local jar /opt/bitnami/spark/jars/aws-java-sdk-bundle-1.11.375.jar does not exist, skipping.
[2023-06-25T06:40:05.485+0000] {spark_submit.py:492} INFO - 23/06/25 06:40:05 WARN DependencyUtils: Local jar /opt/bitnami/spark/jars/hadoop-aws-3.2.0.jar does not exist, skipping.
[2023-06-25T06:40:06.282+0000] {spark_submit.py:492} INFO - 23/06/25 06:40:06 INFO SparkContext: Running Spark version 3.2.0
[2023-06-25T06:40:06.377+0000] {spark_submit.py:492} INFO - 23/06/25 06:40:06 WARN NativeCodeLoader: Unable to load native-hadoop library for your platform... using builtin-java classes where applicable
[2023-06-25T06:40:06.515+0000] {spark_submit.py:492} INFO - 23/06/25 06:40:06 INFO ResourceUtils: ==============================================================
[2023-06-25T06:40:06.515+0000] {spark_submit.py:492} INFO - 23/06/25 06:40:06 INFO ResourceUtils: No custom resources configured for spark.driver.
[2023-06-25T06:40:06.516+0000] {spark_submit.py:492} INFO - 23/06/25 06:40:06 INFO ResourceUtils: ==============================================================
[2023-06-25T06:40:06.517+0000] {spark_submit.py:492} INFO - 23/06/25 06:40:06 INFO SparkContext: Submitted application: arrow-spark
[2023-06-25T06:40:06.550+0000] {spark_submit.py:492} INFO - 23/06/25 06:40:06 INFO ResourceProfile: Default ResourceProfile created, executor resources: Map(cores -> name: cores, amount: 1, script: , vendor: , memory -> name: memory, amount: 1024, script: , vendor: , offHeap -> name: offHeap, amount: 0, script: , vendor: ), task resources: Map(cpus -> name: cpus, amount: 1.0)
[2023-06-25T06:40:06.564+0000] {spark_submit.py:492} INFO - 23/06/25 06:40:06 INFO ResourceProfile: Limiting resource is cpu
[2023-06-25T06:40:06.564+0000] {spark_submit.py:492} INFO - 23/06/25 06:40:06 INFO ResourceProfileManager: Added ResourceProfile id: 0
[2023-06-25T06:40:06.618+0000] {spark_submit.py:492} INFO - 23/06/25 06:40:06 INFO SecurityManager: Changing view acls to: default
[2023-06-25T06:40:06.618+0000] {spark_submit.py:492} INFO - 23/06/25 06:40:06 INFO SecurityManager: Changing modify acls to: default
[2023-06-25T06:40:06.618+0000] {spark_submit.py:492} INFO - 23/06/25 06:40:06 INFO SecurityManager: Changing view acls groups to:
[2023-06-25T06:40:06.619+0000] {spark_submit.py:492} INFO - 23/06/25 06:40:06 INFO SecurityManager: Changing modify acls groups to:
[2023-06-25T06:40:06.619+0000] {spark_submit.py:492} INFO - 23/06/25 06:40:06 INFO SecurityManager: SecurityManager: authentication disabled; ui acls disabled; users  with view permissions: Set(default); groups with view permissions: Set(); users  with modify permissions: Set(default); groups with modify permissions: Set()
[2023-06-25T06:40:06.921+0000] {spark_submit.py:492} INFO - 23/06/25 06:40:06 INFO Utils: Successfully started service 'sparkDriver' on port 39139.
[2023-06-25T06:40:06.949+0000] {spark_submit.py:492} INFO - 23/06/25 06:40:06 INFO SparkEnv: Registering MapOutputTracker
[2023-06-25T06:40:06.978+0000] {spark_submit.py:492} INFO - 23/06/25 06:40:06 INFO SparkEnv: Registering BlockManagerMaster
[2023-06-25T06:40:06.997+0000] {spark_submit.py:492} INFO - 23/06/25 06:40:06 INFO BlockManagerMasterEndpoint: Using org.apache.spark.storage.DefaultTopologyMapper for getting topology information
[2023-06-25T06:40:06.999+0000] {spark_submit.py:492} INFO - 23/06/25 06:40:06 INFO BlockManagerMasterEndpoint: BlockManagerMasterEndpoint up
[2023-06-25T06:40:07.004+0000] {spark_submit.py:492} INFO - 23/06/25 06:40:07 INFO SparkEnv: Registering BlockManagerMasterHeartbeat
[2023-06-25T06:40:07.038+0000] {spark_submit.py:492} INFO - 23/06/25 06:40:07 INFO DiskBlockManager: Created local directory at /tmp/blockmgr-db7a5f87-d771-4296-b520-62a9313d236c
[2023-06-25T06:40:07.061+0000] {spark_submit.py:492} INFO - 23/06/25 06:40:07 INFO MemoryStore: MemoryStore started with capacity 434.4 MiB
[2023-06-25T06:40:07.080+0000] {spark_submit.py:492} INFO - 23/06/25 06:40:07 INFO SparkEnv: Registering OutputCommitCoordinator
[2023-06-25T06:40:07.326+0000] {spark_submit.py:492} INFO - 23/06/25 06:40:07 WARN Utils: Service 'SparkUI' could not bind on port 4040. Attempting port 4041.
[2023-06-25T06:40:07.327+0000] {spark_submit.py:492} INFO - 23/06/25 06:40:07 WARN Utils: Service 'SparkUI' could not bind on port 4041. Attempting port 4042.
[2023-06-25T06:40:07.327+0000] {spark_submit.py:492} INFO - 23/06/25 06:40:07 WARN Utils: Service 'SparkUI' could not bind on port 4042. Attempting port 4043.
[2023-06-25T06:40:07.328+0000] {spark_submit.py:492} INFO - 23/06/25 06:40:07 WARN Utils: Service 'SparkUI' could not bind on port 4043. Attempting port 4044.
[2023-06-25T06:40:07.328+0000] {spark_submit.py:492} INFO - 23/06/25 06:40:07 WARN Utils: Service 'SparkUI' could not bind on port 4044. Attempting port 4045.
[2023-06-25T06:40:07.344+0000] {spark_submit.py:492} INFO - 23/06/25 06:40:07 INFO Utils: Successfully started service 'SparkUI' on port 4045.
[2023-06-25T06:40:07.448+0000] {spark_submit.py:492} INFO - 23/06/25 06:40:07 INFO SparkUI: Bound SparkUI to 0.0.0.0, and started at http://a8d69ab09d2d:4045
[2023-06-25T06:40:07.471+0000] {spark_submit.py:492} INFO - 23/06/25 06:40:07 INFO SparkContext: Added JAR local:///opt/bitnami/spark/jars/hadoop-aws-3.2.0.jar at file:/opt/bitnami/spark/jars/hadoop-aws-3.2.0.jar with timestamp 1687675206275
[2023-06-25T06:40:07.471+0000] {spark_submit.py:492} INFO - 23/06/25 06:40:07 INFO SparkContext: Added JAR local:///opt/bitnami/spark/jars/aws-java-sdk-bundle-1.11.375.jar at file:/opt/bitnami/spark/jars/aws-java-sdk-bundle-1.11.375.jar with timestamp 1687675206275
[2023-06-25T06:40:07.472+0000] {spark_submit.py:492} INFO - 23/06/25 06:40:07 INFO SparkContext: The JAR local:///opt/bitnami/spark/jars/hadoop-aws-3.2.0.jar at file:/opt/bitnami/spark/jars/hadoop-aws-3.2.0.jar has been added already. Overwriting of added jar is not supported in the current version.
[2023-06-25T06:40:07.702+0000] {spark_submit.py:492} INFO - 23/06/25 06:40:07 INFO StandaloneAppClient$ClientEndpoint: Connecting to master spark://spark:7077...
[2023-06-25T06:40:07.802+0000] {spark_submit.py:492} INFO - 23/06/25 06:40:07 WARN StandaloneAppClient$ClientEndpoint: Failed to connect to master spark:7077
[2023-06-25T06:40:07.802+0000] {spark_submit.py:492} INFO - org.apache.spark.SparkException: Exception thrown in awaitResult:
[2023-06-25T06:40:07.802+0000] {spark_submit.py:492} INFO - at org.apache.spark.util.ThreadUtils$.awaitResult(ThreadUtils.scala:301)
[2023-06-25T06:40:07.802+0000] {spark_submit.py:492} INFO - at org.apache.spark.rpc.RpcTimeout.awaitResult(RpcTimeout.scala:75)
[2023-06-25T06:40:07.802+0000] {spark_submit.py:492} INFO - at org.apache.spark.rpc.RpcEnv.setupEndpointRefByURI(RpcEnv.scala:101)
[2023-06-25T06:40:07.803+0000] {spark_submit.py:492} INFO - at org.apache.spark.rpc.RpcEnv.setupEndpointRef(RpcEnv.scala:109)
[2023-06-25T06:40:07.803+0000] {spark_submit.py:492} INFO - at org.apache.spark.deploy.client.StandaloneAppClient$ClientEndpoint$$anon$1.run(StandaloneAppClient.scala:107)
[2023-06-25T06:40:07.803+0000] {spark_submit.py:492} INFO - at java.base/java.util.concurrent.Executors$RunnableAdapter.call(Executors.java:515)
[2023-06-25T06:40:07.803+0000] {spark_submit.py:492} INFO - at java.base/java.util.concurrent.FutureTask.run(FutureTask.java:264)
[2023-06-25T06:40:07.803+0000] {spark_submit.py:492} INFO - at java.base/java.util.concurrent.ThreadPoolExecutor.runWorker(ThreadPoolExecutor.java:1128)
[2023-06-25T06:40:07.803+0000] {spark_submit.py:492} INFO - at java.base/java.util.concurrent.ThreadPoolExecutor$Worker.run(ThreadPoolExecutor.java:628)
[2023-06-25T06:40:07.803+0000] {spark_submit.py:492} INFO - at java.base/java.lang.Thread.run(Thread.java:829)
[2023-06-25T06:40:07.803+0000] {spark_submit.py:492} INFO - Caused by: java.io.IOException: Failed to connect to spark:7077
[2023-06-25T06:40:07.804+0000] {spark_submit.py:492} INFO - at org.apache.spark.network.client.TransportClientFactory.createClient(TransportClientFactory.java:288)
[2023-06-25T06:40:07.804+0000] {spark_submit.py:492} INFO - at org.apache.spark.network.client.TransportClientFactory.createClient(TransportClientFactory.java:218)
[2023-06-25T06:40:07.804+0000] {spark_submit.py:492} INFO - at org.apache.spark.network.client.TransportClientFactory.createClient(TransportClientFactory.java:230)
[2023-06-25T06:40:07.804+0000] {spark_submit.py:492} INFO - at org.apache.spark.rpc.netty.NettyRpcEnv.createClient(NettyRpcEnv.scala:204)
[2023-06-25T06:40:07.804+0000] {spark_submit.py:492} INFO - at org.apache.spark.rpc.netty.Outbox$$anon$1.call(Outbox.scala:202)
[2023-06-25T06:40:07.804+0000] {spark_submit.py:492} INFO - at org.apache.spark.rpc.netty.Outbox$$anon$1.call(Outbox.scala:198)
[2023-06-25T06:40:07.804+0000] {spark_submit.py:492} INFO - ... 4 more
[2023-06-25T06:40:07.804+0000] {spark_submit.py:492} INFO - Caused by: java.net.UnknownHostException: spark
[2023-06-25T06:40:07.804+0000] {spark_submit.py:492} INFO - at java.base/java.net.InetAddress$CachedAddresses.get(InetAddress.java:797)
[2023-06-25T06:40:07.804+0000] {spark_submit.py:492} INFO - at java.base/java.net.InetAddress.getAllByName0(InetAddress.java:1524)
[2023-06-25T06:40:07.805+0000] {spark_submit.py:492} INFO - at java.base/java.net.InetAddress.getAllByName(InetAddress.java:1382)
[2023-06-25T06:40:07.805+0000] {spark_submit.py:492} INFO - at java.base/java.net.InetAddress.getAllByName(InetAddress.java:1306)
[2023-06-25T06:40:07.805+0000] {spark_submit.py:492} INFO - at java.base/java.net.InetAddress.getByName(InetAddress.java:1256)
[2023-06-25T06:40:07.805+0000] {spark_submit.py:492} INFO - at io.netty.util.internal.SocketUtils$8.run(SocketUtils.java:156)
[2023-06-25T06:40:07.805+0000] {spark_submit.py:492} INFO - at io.netty.util.internal.SocketUtils$8.run(SocketUtils.java:153)
[2023-06-25T06:40:07.805+0000] {spark_submit.py:492} INFO - at java.base/java.security.AccessController.doPrivileged(Native Method)
[2023-06-25T06:40:07.805+0000] {spark_submit.py:492} INFO - at io.netty.util.internal.SocketUtils.addressByName(SocketUtils.java:153)
[2023-06-25T06:40:07.805+0000] {spark_submit.py:492} INFO - at io.netty.resolver.DefaultNameResolver.doResolve(DefaultNameResolver.java:41)
[2023-06-25T06:40:07.805+0000] {spark_submit.py:492} INFO - at io.netty.resolver.SimpleNameResolver.resolve(SimpleNameResolver.java:61)
[2023-06-25T06:40:07.806+0000] {spark_submit.py:492} INFO - at io.netty.resolver.SimpleNameResolver.resolve(SimpleNameResolver.java:53)
[2023-06-25T06:40:07.806+0000] {spark_submit.py:492} INFO - at io.netty.resolver.InetSocketAddressResolver.doResolve(InetSocketAddressResolver.java:55)
[2023-06-25T06:40:07.806+0000] {spark_submit.py:492} INFO - at io.netty.resolver.InetSocketAddressResolver.doResolve(InetSocketAddressResolver.java:31)
[2023-06-25T06:40:07.806+0000] {spark_submit.py:492} INFO - at io.netty.resolver.AbstractAddressResolver.resolve(AbstractAddressResolver.java:106)
[2023-06-25T06:40:07.806+0000] {spark_submit.py:492} INFO - at io.netty.bootstrap.Bootstrap.doResolveAndConnect0(Bootstrap.java:206)
[2023-06-25T06:40:07.806+0000] {spark_submit.py:492} INFO - at io.netty.bootstrap.Bootstrap.access$000(Bootstrap.java:46)
[2023-06-25T06:40:07.806+0000] {spark_submit.py:492} INFO - at io.netty.bootstrap.Bootstrap$1.operationComplete(Bootstrap.java:180)
[2023-06-25T06:40:07.806+0000] {spark_submit.py:492} INFO - at io.netty.bootstrap.Bootstrap$1.operationComplete(Bootstrap.java:166)
[2023-06-25T06:40:07.807+0000] {spark_submit.py:492} INFO - at io.netty.util.concurrent.DefaultPromise.notifyListener0(DefaultPromise.java:578)
[2023-06-25T06:40:07.807+0000] {spark_submit.py:492} INFO - at io.netty.util.concurrent.DefaultPromise.notifyListenersNow(DefaultPromise.java:552)
[2023-06-25T06:40:07.807+0000] {spark_submit.py:492} INFO - at io.netty.util.concurrent.DefaultPromise.notifyListeners(DefaultPromise.java:491)
[2023-06-25T06:40:07.807+0000] {spark_submit.py:492} INFO - at io.netty.util.concurrent.DefaultPromise.setValue0(DefaultPromise.java:616)
[2023-06-25T06:40:07.807+0000] {spark_submit.py:492} INFO - at io.netty.util.concurrent.DefaultPromise.setSuccess0(DefaultPromise.java:605)
[2023-06-25T06:40:07.807+0000] {spark_submit.py:492} INFO - at io.netty.util.concurrent.DefaultPromise.trySuccess(DefaultPromise.java:104)
[2023-06-25T06:40:07.807+0000] {spark_submit.py:492} INFO - at io.netty.channel.DefaultChannelPromise.trySuccess(DefaultChannelPromise.java:84)
[2023-06-25T06:40:07.807+0000] {spark_submit.py:492} INFO - at io.netty.channel.AbstractChannel$AbstractUnsafe.safeSetSuccess(AbstractChannel.java:1008)
[2023-06-25T06:40:07.807+0000] {spark_submit.py:492} INFO - at io.netty.channel.AbstractChannel$AbstractUnsafe.register0(AbstractChannel.java:516)
[2023-06-25T06:40:07.807+0000] {spark_submit.py:492} INFO - at io.netty.channel.AbstractChannel$AbstractUnsafe.access$200(AbstractChannel.java:429)
[2023-06-25T06:40:07.807+0000] {spark_submit.py:492} INFO - at io.netty.channel.AbstractChannel$AbstractUnsafe$1.run(AbstractChannel.java:486)
[2023-06-25T06:40:07.808+0000] {spark_submit.py:492} INFO - at io.netty.util.concurrent.AbstractEventExecutor.safeExecute(AbstractEventExecutor.java:164)
[2023-06-25T06:40:07.808+0000] {spark_submit.py:492} INFO - at io.netty.util.concurrent.SingleThreadEventExecutor.runAllTasks(SingleThreadEventExecutor.java:469)
[2023-06-25T06:40:07.808+0000] {spark_submit.py:492} INFO - at io.netty.channel.nio.NioEventLoop.run(NioEventLoop.java:500)
[2023-06-25T06:40:07.808+0000] {spark_submit.py:492} INFO - at io.netty.util.concurrent.SingleThreadEventExecutor$4.run(SingleThreadEventExecutor.java:986)
[2023-06-25T06:40:07.808+0000] {spark_submit.py:492} INFO - at io.netty.util.internal.ThreadExecutorMap$2.run(ThreadExecutorMap.java:74)
[2023-06-25T06:40:07.808+0000] {spark_submit.py:492} INFO - at io.netty.util.concurrent.FastThreadLocalRunnable.run(FastThreadLocalRunnable.java:30)
[2023-06-25T06:40:07.808+0000] {spark_submit.py:492} INFO - ... 1 more
[2023-06-25T06:40:27.702+0000] {spark_submit.py:492} INFO - 23/06/25 06:40:27 INFO StandaloneAppClient$ClientEndpoint: Connecting to master spark://spark:7077...
[2023-06-25T06:40:27.707+0000] {spark_submit.py:492} INFO - 23/06/25 06:40:27 WARN StandaloneAppClient$ClientEndpoint: Failed to connect to master spark:7077
[2023-06-25T06:40:27.708+0000] {spark_submit.py:492} INFO - org.apache.spark.SparkException: Exception thrown in awaitResult:
[2023-06-25T06:40:27.708+0000] {spark_submit.py:492} INFO - at org.apache.spark.util.ThreadUtils$.awaitResult(ThreadUtils.scala:301)
[2023-06-25T06:40:27.708+0000] {spark_submit.py:492} INFO - at org.apache.spark.rpc.RpcTimeout.awaitResult(RpcTimeout.scala:75)
[2023-06-25T06:40:27.708+0000] {spark_submit.py:492} INFO - at org.apache.spark.rpc.RpcEnv.setupEndpointRefByURI(RpcEnv.scala:101)
[2023-06-25T06:40:27.708+0000] {spark_submit.py:492} INFO - at org.apache.spark.rpc.RpcEnv.setupEndpointRef(RpcEnv.scala:109)
[2023-06-25T06:40:27.708+0000] {spark_submit.py:492} INFO - at org.apache.spark.deploy.client.StandaloneAppClient$ClientEndpoint$$anon$1.run(StandaloneAppClient.scala:107)
[2023-06-25T06:40:27.708+0000] {spark_submit.py:492} INFO - at java.base/java.util.concurrent.Executors$RunnableAdapter.call(Executors.java:515)
[2023-06-25T06:40:27.708+0000] {spark_submit.py:492} INFO - at java.base/java.util.concurrent.FutureTask.run(FutureTask.java:264)
[2023-06-25T06:40:27.708+0000] {spark_submit.py:492} INFO - at java.base/java.util.concurrent.ThreadPoolExecutor.runWorker(ThreadPoolExecutor.java:1128)
[2023-06-25T06:40:27.709+0000] {spark_submit.py:492} INFO - at java.base/java.util.concurrent.ThreadPoolExecutor$Worker.run(ThreadPoolExecutor.java:628)
[2023-06-25T06:40:27.709+0000] {spark_submit.py:492} INFO - at java.base/java.lang.Thread.run(Thread.java:829)
[2023-06-25T06:40:27.709+0000] {spark_submit.py:492} INFO - Caused by: java.io.IOException: Failed to connect to spark:7077
[2023-06-25T06:40:27.709+0000] {spark_submit.py:492} INFO - at org.apache.spark.network.client.TransportClientFactory.createClient(TransportClientFactory.java:288)
[2023-06-25T06:40:27.709+0000] {spark_submit.py:492} INFO - at org.apache.spark.network.client.TransportClientFactory.createClient(TransportClientFactory.java:218)
[2023-06-25T06:40:27.709+0000] {spark_submit.py:492} INFO - at org.apache.spark.network.client.TransportClientFactory.createClient(TransportClientFactory.java:230)
[2023-06-25T06:40:27.709+0000] {spark_submit.py:492} INFO - at org.apache.spark.rpc.netty.NettyRpcEnv.createClient(NettyRpcEnv.scala:204)
[2023-06-25T06:40:27.709+0000] {spark_submit.py:492} INFO - at org.apache.spark.rpc.netty.Outbox$$anon$1.call(Outbox.scala:202)
[2023-06-25T06:40:27.709+0000] {spark_submit.py:492} INFO - at org.apache.spark.rpc.netty.Outbox$$anon$1.call(Outbox.scala:198)
[2023-06-25T06:40:27.709+0000] {spark_submit.py:492} INFO - ... 4 more
[2023-06-25T06:40:27.709+0000] {spark_submit.py:492} INFO - Caused by: java.net.UnknownHostException: spark
[2023-06-25T06:40:27.709+0000] {spark_submit.py:492} INFO - at java.base/java.net.InetAddress$CachedAddresses.get(InetAddress.java:797)
[2023-06-25T06:40:27.710+0000] {spark_submit.py:492} INFO - at java.base/java.net.InetAddress.getAllByName0(InetAddress.java:1524)
[2023-06-25T06:40:27.710+0000] {spark_submit.py:492} INFO - at java.base/java.net.InetAddress.getAllByName(InetAddress.java:1382)
[2023-06-25T06:40:27.710+0000] {spark_submit.py:492} INFO - at java.base/java.net.InetAddress.getAllByName(InetAddress.java:1306)
[2023-06-25T06:40:27.710+0000] {spark_submit.py:492} INFO - at java.base/java.net.InetAddress.getByName(InetAddress.java:1256)
[2023-06-25T06:40:27.710+0000] {spark_submit.py:492} INFO - at io.netty.util.internal.SocketUtils$8.run(SocketUtils.java:156)
[2023-06-25T06:40:27.710+0000] {spark_submit.py:492} INFO - at io.netty.util.internal.SocketUtils$8.run(SocketUtils.java:153)
[2023-06-25T06:40:27.710+0000] {spark_submit.py:492} INFO - at java.base/java.security.AccessController.doPrivileged(Native Method)
[2023-06-25T06:40:27.710+0000] {spark_submit.py:492} INFO - at io.netty.util.internal.SocketUtils.addressByName(SocketUtils.java:153)
[2023-06-25T06:40:27.710+0000] {spark_submit.py:492} INFO - at io.netty.resolver.DefaultNameResolver.doResolve(DefaultNameResolver.java:41)
[2023-06-25T06:40:27.710+0000] {spark_submit.py:492} INFO - at io.netty.resolver.SimpleNameResolver.resolve(SimpleNameResolver.java:61)
[2023-06-25T06:40:27.710+0000] {spark_submit.py:492} INFO - at io.netty.resolver.SimpleNameResolver.resolve(SimpleNameResolver.java:53)
[2023-06-25T06:40:27.711+0000] {spark_submit.py:492} INFO - at io.netty.resolver.InetSocketAddressResolver.doResolve(InetSocketAddressResolver.java:55)
[2023-06-25T06:40:27.711+0000] {spark_submit.py:492} INFO - at io.netty.resolver.InetSocketAddressResolver.doResolve(InetSocketAddressResolver.java:31)
[2023-06-25T06:40:27.711+0000] {spark_submit.py:492} INFO - at io.netty.resolver.AbstractAddressResolver.resolve(AbstractAddressResolver.java:106)
[2023-06-25T06:40:27.711+0000] {spark_submit.py:492} INFO - at io.netty.bootstrap.Bootstrap.doResolveAndConnect0(Bootstrap.java:206)
[2023-06-25T06:40:27.711+0000] {spark_submit.py:492} INFO - at io.netty.bootstrap.Bootstrap.access$000(Bootstrap.java:46)
[2023-06-25T06:40:27.711+0000] {spark_submit.py:492} INFO - at io.netty.bootstrap.Bootstrap$1.operationComplete(Bootstrap.java:180)
[2023-06-25T06:40:27.711+0000] {spark_submit.py:492} INFO - at io.netty.bootstrap.Bootstrap$1.operationComplete(Bootstrap.java:166)
[2023-06-25T06:40:27.711+0000] {spark_submit.py:492} INFO - at io.netty.util.concurrent.DefaultPromise.notifyListener0(DefaultPromise.java:578)
[2023-06-25T06:40:27.711+0000] {spark_submit.py:492} INFO - at io.netty.util.concurrent.DefaultPromise.notifyListenersNow(DefaultPromise.java:552)
[2023-06-25T06:40:27.711+0000] {spark_submit.py:492} INFO - at io.netty.util.concurrent.DefaultPromise.notifyListeners(DefaultPromise.java:491)
[2023-06-25T06:40:27.712+0000] {spark_submit.py:492} INFO - at io.netty.util.concurrent.DefaultPromise.setValue0(DefaultPromise.java:616)
[2023-06-25T06:40:27.712+0000] {spark_submit.py:492} INFO - at io.netty.util.concurrent.DefaultPromise.setSuccess0(DefaultPromise.java:605)
[2023-06-25T06:40:27.712+0000] {spark_submit.py:492} INFO - at io.netty.util.concurrent.DefaultPromise.trySuccess(DefaultPromise.java:104)
[2023-06-25T06:40:27.712+0000] {spark_submit.py:492} INFO - at io.netty.channel.DefaultChannelPromise.trySuccess(DefaultChannelPromise.java:84)
[2023-06-25T06:40:27.712+0000] {spark_submit.py:492} INFO - at io.netty.channel.AbstractChannel$AbstractUnsafe.safeSetSuccess(AbstractChannel.java:1008)
[2023-06-25T06:40:27.712+0000] {spark_submit.py:492} INFO - at io.netty.channel.AbstractChannel$AbstractUnsafe.register0(AbstractChannel.java:516)
[2023-06-25T06:40:27.712+0000] {spark_submit.py:492} INFO - at io.netty.channel.AbstractChannel$AbstractUnsafe.access$200(AbstractChannel.java:429)
[2023-06-25T06:40:27.712+0000] {spark_submit.py:492} INFO - at io.netty.channel.AbstractChannel$AbstractUnsafe$1.run(AbstractChannel.java:486)
[2023-06-25T06:40:27.712+0000] {spark_submit.py:492} INFO - at io.netty.util.concurrent.AbstractEventExecutor.safeExecute(AbstractEventExecutor.java:164)
[2023-06-25T06:40:27.712+0000] {spark_submit.py:492} INFO - at io.netty.util.concurrent.SingleThreadEventExecutor.runAllTasks(SingleThreadEventExecutor.java:469)
[2023-06-25T06:40:27.713+0000] {spark_submit.py:492} INFO - at io.netty.channel.nio.NioEventLoop.run(NioEventLoop.java:500)
[2023-06-25T06:40:27.713+0000] {spark_submit.py:492} INFO - at io.netty.util.concurrent.SingleThreadEventExecutor$4.run(SingleThreadEventExecutor.java:986)
[2023-06-25T06:40:27.713+0000] {spark_submit.py:492} INFO - at io.netty.util.internal.ThreadExecutorMap$2.run(ThreadExecutorMap.java:74)
[2023-06-25T06:40:27.713+0000] {spark_submit.py:492} INFO - at io.netty.util.concurrent.FastThreadLocalRunnable.run(FastThreadLocalRunnable.java:30)
[2023-06-25T06:40:27.713+0000] {spark_submit.py:492} INFO - ... 1 more
[2023-06-25T06:40:47.703+0000] {spark_submit.py:492} INFO - 23/06/25 06:40:47 INFO StandaloneAppClient$ClientEndpoint: Connecting to master spark://spark:7077...
[2023-06-25T06:40:47.717+0000] {spark_submit.py:492} INFO - 23/06/25 06:40:47 WARN StandaloneAppClient$ClientEndpoint: Failed to connect to master spark:7077
[2023-06-25T06:40:47.717+0000] {spark_submit.py:492} INFO - org.apache.spark.SparkException: Exception thrown in awaitResult:
[2023-06-25T06:40:47.717+0000] {spark_submit.py:492} INFO - at org.apache.spark.util.ThreadUtils$.awaitResult(ThreadUtils.scala:301)
[2023-06-25T06:40:47.717+0000] {spark_submit.py:492} INFO - at org.apache.spark.rpc.RpcTimeout.awaitResult(RpcTimeout.scala:75)
[2023-06-25T06:40:47.717+0000] {spark_submit.py:492} INFO - at org.apache.spark.rpc.RpcEnv.setupEndpointRefByURI(RpcEnv.scala:101)
[2023-06-25T06:40:47.717+0000] {spark_submit.py:492} INFO - at org.apache.spark.rpc.RpcEnv.setupEndpointRef(RpcEnv.scala:109)
[2023-06-25T06:40:47.718+0000] {spark_submit.py:492} INFO - at org.apache.spark.deploy.client.StandaloneAppClient$ClientEndpoint$$anon$1.run(StandaloneAppClient.scala:107)
[2023-06-25T06:40:47.718+0000] {spark_submit.py:492} INFO - at java.base/java.util.concurrent.Executors$RunnableAdapter.call(Executors.java:515)
[2023-06-25T06:40:47.718+0000] {spark_submit.py:492} INFO - at java.base/java.util.concurrent.FutureTask.run(FutureTask.java:264)
[2023-06-25T06:40:47.718+0000] {spark_submit.py:492} INFO - at java.base/java.util.concurrent.ThreadPoolExecutor.runWorker(ThreadPoolExecutor.java:1128)
[2023-06-25T06:40:47.718+0000] {spark_submit.py:492} INFO - at java.base/java.util.concurrent.ThreadPoolExecutor$Worker.run(ThreadPoolExecutor.java:628)
[2023-06-25T06:40:47.718+0000] {spark_submit.py:492} INFO - at java.base/java.lang.Thread.run(Thread.java:829)
[2023-06-25T06:40:47.718+0000] {spark_submit.py:492} INFO - Caused by: java.io.IOException: Failed to connect to spark:7077
[2023-06-25T06:40:47.718+0000] {spark_submit.py:492} INFO - at org.apache.spark.network.client.TransportClientFactory.createClient(TransportClientFactory.java:288)
[2023-06-25T06:40:47.718+0000] {spark_submit.py:492} INFO - at org.apache.spark.network.client.TransportClientFactory.createClient(TransportClientFactory.java:218)
[2023-06-25T06:40:47.719+0000] {spark_submit.py:492} INFO - at org.apache.spark.network.client.TransportClientFactory.createClient(TransportClientFactory.java:230)
[2023-06-25T06:40:47.719+0000] {spark_submit.py:492} INFO - at org.apache.spark.rpc.netty.NettyRpcEnv.createClient(NettyRpcEnv.scala:204)
[2023-06-25T06:40:47.719+0000] {spark_submit.py:492} INFO - at org.apache.spark.rpc.netty.Outbox$$anon$1.call(Outbox.scala:202)
[2023-06-25T06:40:47.719+0000] {spark_submit.py:492} INFO - at org.apache.spark.rpc.netty.Outbox$$anon$1.call(Outbox.scala:198)
[2023-06-25T06:40:47.719+0000] {spark_submit.py:492} INFO - ... 4 more
[2023-06-25T06:40:47.719+0000] {spark_submit.py:492} INFO - Caused by: java.net.UnknownHostException: spark
[2023-06-25T06:40:47.719+0000] {spark_submit.py:492} INFO - at java.base/java.net.InetAddress$CachedAddresses.get(InetAddress.java:797)
[2023-06-25T06:40:47.719+0000] {spark_submit.py:492} INFO - at java.base/java.net.InetAddress.getAllByName0(InetAddress.java:1524)
[2023-06-25T06:40:47.719+0000] {spark_submit.py:492} INFO - at java.base/java.net.InetAddress.getAllByName(InetAddress.java:1382)
[2023-06-25T06:40:47.720+0000] {spark_submit.py:492} INFO - at java.base/java.net.InetAddress.getAllByName(InetAddress.java:1306)
[2023-06-25T06:40:47.720+0000] {spark_submit.py:492} INFO - at java.base/java.net.InetAddress.getByName(InetAddress.java:1256)
[2023-06-25T06:40:47.720+0000] {spark_submit.py:492} INFO - at io.netty.util.internal.SocketUtils$8.run(SocketUtils.java:156)
[2023-06-25T06:40:47.720+0000] {spark_submit.py:492} INFO - at io.netty.util.internal.SocketUtils$8.run(SocketUtils.java:153)
[2023-06-25T06:40:47.720+0000] {spark_submit.py:492} INFO - at java.base/java.security.AccessController.doPrivileged(Native Method)
[2023-06-25T06:40:47.720+0000] {spark_submit.py:492} INFO - at io.netty.util.internal.SocketUtils.addressByName(SocketUtils.java:153)
[2023-06-25T06:40:47.720+0000] {spark_submit.py:492} INFO - at io.netty.resolver.DefaultNameResolver.doResolve(DefaultNameResolver.java:41)
[2023-06-25T06:40:47.720+0000] {spark_submit.py:492} INFO - at io.netty.resolver.SimpleNameResolver.resolve(SimpleNameResolver.java:61)
[2023-06-25T06:40:47.721+0000] {spark_submit.py:492} INFO - at io.netty.resolver.SimpleNameResolver.resolve(SimpleNameResolver.java:53)
[2023-06-25T06:40:47.721+0000] {spark_submit.py:492} INFO - at io.netty.resolver.InetSocketAddressResolver.doResolve(InetSocketAddressResolver.java:55)
[2023-06-25T06:40:47.721+0000] {spark_submit.py:492} INFO - at io.netty.resolver.InetSocketAddressResolver.doResolve(InetSocketAddressResolver.java:31)
[2023-06-25T06:40:47.721+0000] {spark_submit.py:492} INFO - at io.netty.resolver.AbstractAddressResolver.resolve(AbstractAddressResolver.java:106)
[2023-06-25T06:40:47.721+0000] {spark_submit.py:492} INFO - at io.netty.bootstrap.Bootstrap.doResolveAndConnect0(Bootstrap.java:206)
[2023-06-25T06:40:47.721+0000] {spark_submit.py:492} INFO - at io.netty.bootstrap.Bootstrap.access$000(Bootstrap.java:46)
[2023-06-25T06:40:47.721+0000] {spark_submit.py:492} INFO - at io.netty.bootstrap.Bootstrap$1.operationComplete(Bootstrap.java:180)
[2023-06-25T06:40:47.721+0000] {spark_submit.py:492} INFO - at io.netty.bootstrap.Bootstrap$1.operationComplete(Bootstrap.java:166)
[2023-06-25T06:40:47.722+0000] {spark_submit.py:492} INFO - at io.netty.util.concurrent.DefaultPromise.notifyListener0(DefaultPromise.java:578)
[2023-06-25T06:40:47.722+0000] {spark_submit.py:492} INFO - at io.netty.util.concurrent.DefaultPromise.notifyListenersNow(DefaultPromise.java:552)
[2023-06-25T06:40:47.722+0000] {spark_submit.py:492} INFO - at io.netty.util.concurrent.DefaultPromise.notifyListeners(DefaultPromise.java:491)
[2023-06-25T06:40:47.722+0000] {spark_submit.py:492} INFO - at io.netty.util.concurrent.DefaultPromise.setValue0(DefaultPromise.java:616)
[2023-06-25T06:40:47.722+0000] {spark_submit.py:492} INFO - at io.netty.util.concurrent.DefaultPromise.setSuccess0(DefaultPromise.java:605)
[2023-06-25T06:40:47.722+0000] {spark_submit.py:492} INFO - at io.netty.util.concurrent.DefaultPromise.trySuccess(DefaultPromise.java:104)
[2023-06-25T06:40:47.722+0000] {spark_submit.py:492} INFO - at io.netty.channel.DefaultChannelPromise.trySuccess(DefaultChannelPromise.java:84)
[2023-06-25T06:40:47.722+0000] {spark_submit.py:492} INFO - at io.netty.channel.AbstractChannel$AbstractUnsafe.safeSetSuccess(AbstractChannel.java:1008)
[2023-06-25T06:40:47.722+0000] {spark_submit.py:492} INFO - at io.netty.channel.AbstractChannel$AbstractUnsafe.register0(AbstractChannel.java:516)
[2023-06-25T06:40:47.723+0000] {spark_submit.py:492} INFO - at io.netty.channel.AbstractChannel$AbstractUnsafe.access$200(AbstractChannel.java:429)
[2023-06-25T06:40:47.723+0000] {spark_submit.py:492} INFO - at io.netty.channel.AbstractChannel$AbstractUnsafe$1.run(AbstractChannel.java:486)
[2023-06-25T06:40:47.723+0000] {spark_submit.py:492} INFO - at io.netty.util.concurrent.AbstractEventExecutor.safeExecute(AbstractEventExecutor.java:164)
[2023-06-25T06:40:47.723+0000] {spark_submit.py:492} INFO - at io.netty.util.concurrent.SingleThreadEventExecutor.runAllTasks(SingleThreadEventExecutor.java:469)
[2023-06-25T06:40:47.723+0000] {spark_submit.py:492} INFO - at io.netty.channel.nio.NioEventLoop.run(NioEventLoop.java:500)
[2023-06-25T06:40:47.723+0000] {spark_submit.py:492} INFO - at io.netty.util.concurrent.SingleThreadEventExecutor$4.run(SingleThreadEventExecutor.java:986)
[2023-06-25T06:40:47.723+0000] {spark_submit.py:492} INFO - at io.netty.util.internal.ThreadExecutorMap$2.run(ThreadExecutorMap.java:74)
[2023-06-25T06:40:47.723+0000] {spark_submit.py:492} INFO - at io.netty.util.concurrent.FastThreadLocalRunnable.run(FastThreadLocalRunnable.java:30)
[2023-06-25T06:40:47.723+0000] {spark_submit.py:492} INFO - ... 1 more
[2023-06-25T06:41:07.705+0000] {spark_submit.py:492} INFO - 23/06/25 06:41:07 ERROR StandaloneSchedulerBackend: Application has been killed. Reason: All masters are unresponsive! Giving up.
[2023-06-25T06:41:07.707+0000] {spark_submit.py:492} INFO - 23/06/25 06:41:07 WARN StandaloneSchedulerBackend: Application ID is not initialized yet.
[2023-06-25T06:41:07.739+0000] {spark_submit.py:492} INFO - 23/06/25 06:41:07 INFO Utils: Successfully started service 'org.apache.spark.network.netty.NettyBlockTransferService' on port 40587.
[2023-06-25T06:41:07.740+0000] {spark_submit.py:492} INFO - 23/06/25 06:41:07 INFO NettyBlockTransferService: Server created on a8d69ab09d2d:40587
[2023-06-25T06:41:07.747+0000] {spark_submit.py:492} INFO - 23/06/25 06:41:07 INFO SparkUI: Stopped Spark web UI at http://a8d69ab09d2d:4045
[2023-06-25T06:41:07.748+0000] {spark_submit.py:492} INFO - 23/06/25 06:41:07 INFO BlockManager: Using org.apache.spark.storage.RandomBlockReplicationPolicy for block replication policy
[2023-06-25T06:41:07.768+0000] {spark_submit.py:492} INFO - 23/06/25 06:41:07 INFO StandaloneSchedulerBackend: Shutting down all executors
[2023-06-25T06:41:07.771+0000] {spark_submit.py:492} INFO - 23/06/25 06:41:07 INFO BlockManagerMaster: Registering BlockManager BlockManagerId(driver, a8d69ab09d2d, 40587, None)
[2023-06-25T06:41:07.779+0000] {spark_submit.py:492} INFO - 23/06/25 06:41:07 INFO CoarseGrainedSchedulerBackend$DriverEndpoint: Asking each executor to shut down
[2023-06-25T06:41:07.783+0000] {spark_submit.py:492} INFO - 23/06/25 06:41:07 INFO BlockManagerMasterEndpoint: Registering block manager a8d69ab09d2d:40587 with 434.4 MiB RAM, BlockManagerId(driver, a8d69ab09d2d, 40587, None)
[2023-06-25T06:41:07.792+0000] {spark_submit.py:492} INFO - 23/06/25 06:41:07 INFO BlockManagerMaster: Registered BlockManager BlockManagerId(driver, a8d69ab09d2d, 40587, None)
[2023-06-25T06:41:07.796+0000] {spark_submit.py:492} INFO - 23/06/25 06:41:07 WARN StandaloneAppClient$ClientEndpoint: Drop UnregisterApplication(null) because has not yet connected to master
[2023-06-25T06:41:07.802+0000] {spark_submit.py:492} INFO - 23/06/25 06:41:07 INFO BlockManager: Initialized BlockManager: BlockManagerId(driver, a8d69ab09d2d, 40587, None)
[2023-06-25T06:41:07.837+0000] {spark_submit.py:492} INFO - 23/06/25 06:41:07 INFO MapOutputTrackerMasterEndpoint: MapOutputTrackerMasterEndpoint stopped!
[2023-06-25T06:41:07.862+0000] {spark_submit.py:492} INFO - 23/06/25 06:41:07 INFO MemoryStore: MemoryStore cleared
[2023-06-25T06:41:07.863+0000] {spark_submit.py:492} INFO - 23/06/25 06:41:07 INFO BlockManager: BlockManager stopped
[2023-06-25T06:41:07.871+0000] {spark_submit.py:492} INFO - 23/06/25 06:41:07 INFO BlockManagerMaster: BlockManagerMaster stopped
[2023-06-25T06:41:07.873+0000] {spark_submit.py:492} INFO - 23/06/25 06:41:07 INFO OutputCommitCoordinator$OutputCommitCoordinatorEndpoint: OutputCommitCoordinator stopped!
[2023-06-25T06:41:07.890+0000] {spark_submit.py:492} INFO - 23/06/25 06:41:07 INFO SparkContext: Successfully stopped SparkContext
[2023-06-25T06:41:07.975+0000] {spark_submit.py:492} INFO - 23/06/25 06:41:07 ERROR SparkContext: Error initializing SparkContext.
[2023-06-25T06:41:07.975+0000] {spark_submit.py:492} INFO - java.lang.IllegalArgumentException: requirement failed: Can only call getServletHandlers on a running MetricsSystem
[2023-06-25T06:41:07.975+0000] {spark_submit.py:492} INFO - at scala.Predef$.require(Predef.scala:281)
[2023-06-25T06:41:07.975+0000] {spark_submit.py:492} INFO - at org.apache.spark.metrics.MetricsSystem.getServletHandlers(MetricsSystem.scala:89)
[2023-06-25T06:41:07.975+0000] {spark_submit.py:492} INFO - at org.apache.spark.SparkContext.<init>(SparkContext.scala:603)
[2023-06-25T06:41:07.975+0000] {spark_submit.py:492} INFO - at org.apache.spark.api.java.JavaSparkContext.<init>(JavaSparkContext.scala:58)
[2023-06-25T06:41:07.975+0000] {spark_submit.py:492} INFO - at java.base/jdk.internal.reflect.NativeConstructorAccessorImpl.newInstance0(Native Method)
[2023-06-25T06:41:07.976+0000] {spark_submit.py:492} INFO - at java.base/jdk.internal.reflect.NativeConstructorAccessorImpl.newInstance(NativeConstructorAccessorImpl.java:62)
[2023-06-25T06:41:07.976+0000] {spark_submit.py:492} INFO - at java.base/jdk.internal.reflect.DelegatingConstructorAccessorImpl.newInstance(DelegatingConstructorAccessorImpl.java:45)
[2023-06-25T06:41:07.976+0000] {spark_submit.py:492} INFO - at java.base/java.lang.reflect.Constructor.newInstance(Constructor.java:490)
[2023-06-25T06:41:07.976+0000] {spark_submit.py:492} INFO - at py4j.reflection.MethodInvoker.invoke(MethodInvoker.java:247)
[2023-06-25T06:41:07.976+0000] {spark_submit.py:492} INFO - at py4j.reflection.ReflectionEngine.invoke(ReflectionEngine.java:357)
[2023-06-25T06:41:07.976+0000] {spark_submit.py:492} INFO - at py4j.Gateway.invoke(Gateway.java:238)
[2023-06-25T06:41:07.976+0000] {spark_submit.py:492} INFO - at py4j.commands.ConstructorCommand.invokeConstructor(ConstructorCommand.java:80)
[2023-06-25T06:41:07.976+0000] {spark_submit.py:492} INFO - at py4j.commands.ConstructorCommand.execute(ConstructorCommand.java:69)
[2023-06-25T06:41:07.977+0000] {spark_submit.py:492} INFO - at py4j.ClientServerConnection.waitForCommands(ClientServerConnection.java:182)
[2023-06-25T06:41:07.977+0000] {spark_submit.py:492} INFO - at py4j.ClientServerConnection.run(ClientServerConnection.java:106)
[2023-06-25T06:41:07.977+0000] {spark_submit.py:492} INFO - at java.base/java.lang.Thread.run(Thread.java:829)
[2023-06-25T06:41:07.977+0000] {spark_submit.py:492} INFO - 23/06/25 06:41:07 INFO SparkContext: SparkContext already stopped.
[2023-06-25T06:41:07.977+0000] {spark_submit.py:492} INFO - Traceback (most recent call last):
[2023-06-25T06:41:07.977+0000] {spark_submit.py:492} INFO - File "/opt/***/dags/spark_etl_spark_minio.py", line 9, in <module>
[2023-06-25T06:41:07.977+0000] {spark_submit.py:492} INFO - SparkSession.builder.config(
[2023-06-25T06:41:07.977+0000] {spark_submit.py:492} INFO - File "/opt/spark/python/lib/pyspark.zip/pyspark/sql/session.py", line 228, in getOrCreate
[2023-06-25T06:41:07.978+0000] {spark_submit.py:492} INFO - File "/opt/spark/python/lib/pyspark.zip/pyspark/context.py", line 392, in getOrCreate
[2023-06-25T06:41:07.978+0000] {spark_submit.py:492} INFO - File "/opt/spark/python/lib/pyspark.zip/pyspark/context.py", line 146, in __init__
[2023-06-25T06:41:07.978+0000] {spark_submit.py:492} INFO - File "/opt/spark/python/lib/pyspark.zip/pyspark/context.py", line 209, in _do_init
[2023-06-25T06:41:07.978+0000] {spark_submit.py:492} INFO - File "/opt/spark/python/lib/pyspark.zip/pyspark/context.py", line 329, in _initialize_context
[2023-06-25T06:41:07.978+0000] {spark_submit.py:492} INFO - File "/opt/spark/python/lib/py4j-0.10.9.2-src.zip/py4j/java_gateway.py", line 1573, in __call__
[2023-06-25T06:41:07.978+0000] {spark_submit.py:492} INFO - File "/opt/spark/python/lib/py4j-0.10.9.2-src.zip/py4j/protocol.py", line 326, in get_return_value
[2023-06-25T06:41:07.978+0000] {spark_submit.py:492} INFO - py4j.protocol.Py4JJavaError: An error occurred while calling None.org.apache.spark.api.java.JavaSparkContext.
[2023-06-25T06:41:07.978+0000] {spark_submit.py:492} INFO - : java.lang.IllegalArgumentException: requirement failed: Can only call getServletHandlers on a running MetricsSystem
[2023-06-25T06:41:07.978+0000] {spark_submit.py:492} INFO - at scala.Predef$.require(Predef.scala:281)
[2023-06-25T06:41:07.979+0000] {spark_submit.py:492} INFO - at org.apache.spark.metrics.MetricsSystem.getServletHandlers(MetricsSystem.scala:89)
[2023-06-25T06:41:07.979+0000] {spark_submit.py:492} INFO - at org.apache.spark.SparkContext.<init>(SparkContext.scala:603)
[2023-06-25T06:41:07.979+0000] {spark_submit.py:492} INFO - at org.apache.spark.api.java.JavaSparkContext.<init>(JavaSparkContext.scala:58)
[2023-06-25T06:41:07.979+0000] {spark_submit.py:492} INFO - at java.base/jdk.internal.reflect.NativeConstructorAccessorImpl.newInstance0(Native Method)
[2023-06-25T06:41:07.979+0000] {spark_submit.py:492} INFO - at java.base/jdk.internal.reflect.NativeConstructorAccessorImpl.newInstance(NativeConstructorAccessorImpl.java:62)
[2023-06-25T06:41:07.979+0000] {spark_submit.py:492} INFO - at java.base/jdk.internal.reflect.DelegatingConstructorAccessorImpl.newInstance(DelegatingConstructorAccessorImpl.java:45)
[2023-06-25T06:41:07.979+0000] {spark_submit.py:492} INFO - at java.base/java.lang.reflect.Constructor.newInstance(Constructor.java:490)
[2023-06-25T06:41:07.980+0000] {spark_submit.py:492} INFO - at py4j.reflection.MethodInvoker.invoke(MethodInvoker.java:247)
[2023-06-25T06:41:07.980+0000] {spark_submit.py:492} INFO - at py4j.reflection.ReflectionEngine.invoke(ReflectionEngine.java:357)
[2023-06-25T06:41:07.980+0000] {spark_submit.py:492} INFO - at py4j.Gateway.invoke(Gateway.java:238)
[2023-06-25T06:41:07.980+0000] {spark_submit.py:492} INFO - at py4j.commands.ConstructorCommand.invokeConstructor(ConstructorCommand.java:80)
[2023-06-25T06:41:07.980+0000] {spark_submit.py:492} INFO - at py4j.commands.ConstructorCommand.execute(ConstructorCommand.java:69)
[2023-06-25T06:41:07.980+0000] {spark_submit.py:492} INFO - at py4j.ClientServerConnection.waitForCommands(ClientServerConnection.java:182)
[2023-06-25T06:41:07.980+0000] {spark_submit.py:492} INFO - at py4j.ClientServerConnection.run(ClientServerConnection.java:106)
[2023-06-25T06:41:07.980+0000] {spark_submit.py:492} INFO - at java.base/java.lang.Thread.run(Thread.java:829)
[2023-06-25T06:41:07.980+0000] {spark_submit.py:492} INFO - 
[2023-06-25T06:41:08.005+0000] {spark_submit.py:492} INFO - 23/06/25 06:41:08 INFO ShutdownHookManager: Shutdown hook called
[2023-06-25T06:41:08.006+0000] {spark_submit.py:492} INFO - 23/06/25 06:41:08 INFO ShutdownHookManager: Deleting directory /tmp/spark-70ad9aeb-4f4a-4ad8-8a4c-ab86011856bf
[2023-06-25T06:41:08.010+0000] {spark_submit.py:492} INFO - 23/06/25 06:41:08 INFO ShutdownHookManager: Deleting directory /tmp/spark-d43ccaf7-01d5-40e9-9491-34b917008aea
[2023-06-25T06:41:08.065+0000] {taskinstance.py:1775} ERROR - Task failed with exception
Traceback (most recent call last):
  File "/home/airflow/.local/lib/python3.8/site-packages/airflow/providers/apache/spark/operators/spark_submit.py", line 157, in execute
    self._hook.submit(self._application)
  File "/home/airflow/.local/lib/python3.8/site-packages/airflow/providers/apache/spark/hooks/spark_submit.py", line 423, in submit
    raise AirflowException(
airflow.exceptions.AirflowException: Cannot execute: spark-submit --master spark://spark:7077 --conf spark.hadoop.fs.s3a.aws.credentials.provider=org.apache.hadoop.fs.s3a.SimpleAWSCredentialsProvider --conf spark.hadoop.fs.s3a.path.style.access=true --conf spark.hadoop.fs.s3a.access.key=minioadmin --conf spark.hadoop.fs.s3a.secret.key=****** --conf spark.hadoop.fs.s3a.endpoint=http://minio:9000 --jars local:///opt/bitnami/spark/jars/hadoop-aws-3.2.0.jar,local:///opt/bitnami/spark/jars/aws-java-sdk-bundle-1.11.375.jar,local:///opt/bitnami/spark/jars/hadoop-aws-3.2.0.jar --name arrow-spark /opt/***/dags/spark_etl_spark_minio.py. Error code is: 1.
[2023-06-25T06:41:08.068+0000] {taskinstance.py:1321} INFO - Marking task as UP_FOR_RETRY. dag_id=spark_etl_minio_v19, task_id=spark_submit_task, execution_date=20230624T000000, start_date=20230625T064004, end_date=20230625T064108
[2023-06-25T06:41:08.079+0000] {standard_task_runner.py:100} ERROR - Failed to execute job 293 for task spark_submit_task (Cannot execute: spark-submit --master spark://spark:7077 --conf spark.hadoop.fs.s3a.aws.credentials.provider=org.apache.hadoop.fs.s3a.SimpleAWSCredentialsProvider --conf spark.hadoop.fs.s3a.path.style.access=true --conf spark.hadoop.fs.s3a.access.key=minioadmin --conf spark.hadoop.fs.s3a.secret.key=****** --conf spark.hadoop.fs.s3a.endpoint=http://minio:9000 --jars local:///opt/bitnami/spark/jars/hadoop-aws-3.2.0.jar,local:///opt/bitnami/spark/jars/aws-java-sdk-bundle-1.11.375.jar,local:///opt/bitnami/spark/jars/hadoop-aws-3.2.0.jar --name arrow-spark /opt/***/dags/spark_etl_spark_minio.py. Error code is: 1.; 3106)
[2023-06-25T06:41:08.091+0000] {local_task_job.py:212} INFO - Task exited with return code 1
[2023-06-25T06:41:08.101+0000] {taskinstance.py:2585} INFO - 0 downstream tasks scheduled from follow-on schedule check
