[2023-06-25T06:47:16.947+0000] {taskinstance.py:1084} INFO - Dependencies all met for dep_context=non-requeueable deps ti=<TaskInstance: spark_etl_minio_v20.spark_submit_task manual__2023-06-25T06:44:58.145584+00:00 [queued]>
[2023-06-25T06:47:16.957+0000] {taskinstance.py:1084} INFO - Dependencies all met for dep_context=requeueable deps ti=<TaskInstance: spark_etl_minio_v20.spark_submit_task manual__2023-06-25T06:44:58.145584+00:00 [queued]>
[2023-06-25T06:47:16.957+0000] {taskinstance.py:1282} INFO - 
--------------------------------------------------------------------------------
[2023-06-25T06:47:16.957+0000] {taskinstance.py:1283} INFO - Starting attempt 2 of 6
[2023-06-25T06:47:16.957+0000] {taskinstance.py:1284} INFO - 
--------------------------------------------------------------------------------
[2023-06-25T06:47:16.969+0000] {taskinstance.py:1303} INFO - Executing <Task(SparkSubmitOperator): spark_submit_task> on 2023-06-25 06:44:58.145584+00:00
[2023-06-25T06:47:16.974+0000] {standard_task_runner.py:55} INFO - Started process 4986 to run task
[2023-06-25T06:47:16.977+0000] {standard_task_runner.py:82} INFO - Running: ['***', 'tasks', 'run', 'spark_etl_minio_v20', 'spark_submit_task', 'manual__2023-06-25T06:44:58.145584+00:00', '--job-id', '301', '--raw', '--subdir', 'DAGS_FOLDER/spark_job_minio_v1.py', '--cfg-path', '/tmp/tmpea9s9dmx']
[2023-06-25T06:47:16.977+0000] {standard_task_runner.py:83} INFO - Job 301: Subtask spark_submit_task
[2023-06-25T06:47:16.988+0000] {warnings.py:109} WARNING - /home/***/.local/lib/python3.8/site-packages/***/settings.py:250: DeprecationWarning: The sql_alchemy_conn option in [core] has been moved to the sql_alchemy_conn option in [database] - the old setting has been used, but please update your config.
  SQL_ALCHEMY_CONN = conf.get("database", "SQL_ALCHEMY_CONN")

[2023-06-25T06:47:17.032+0000] {task_command.py:388} INFO - Running <TaskInstance: spark_etl_minio_v20.spark_submit_task manual__2023-06-25T06:44:58.145584+00:00 [running]> on host a8d69ab09d2d
[2023-06-25T06:47:17.090+0000] {taskinstance.py:1509} INFO - Exporting the following env vars:
AIRFLOW_CTX_DAG_OWNER=***
AIRFLOW_CTX_DAG_ID=spark_etl_minio_v20
AIRFLOW_CTX_TASK_ID=spark_submit_task
AIRFLOW_CTX_EXECUTION_DATE=2023-06-25T06:44:58.145584+00:00
AIRFLOW_CTX_TRY_NUMBER=2
AIRFLOW_CTX_DAG_RUN_ID=manual__2023-06-25T06:44:58.145584+00:00
[2023-06-25T06:47:17.098+0000] {base.py:73} INFO - Using connection ID 'spark_conn' for task execution.
[2023-06-25T06:47:17.101+0000] {spark_submit.py:341} INFO - Spark-Submit cmd: spark-submit --master spark://spark:7077 --conf spark.hadoop.fs.s3a.aws.credentials.provider=org.apache.hadoop.fs.s3a.SimpleAWSCredentialsProvider --conf spark.hadoop.fs.s3a.path.style.access=true --conf spark.hadoop.fs.s3a.access.key=minioadmin --conf spark.hadoop.fs.s3a.secret.key=****** --conf spark.hadoop.fs.s3a.endpoint=http://minio:9000 --jars local:///opt/bitnami/spark/jars/hadoop-aws-3.2.0.jar,local:///opt/bitnami/spark/jars/aws-java-sdk-bundle-1.11.375.jar,local:///opt/bitnami/spark/jars//aws-java-sdk-1.11.375.jar --name arrow-spark /opt/***/dags/spark_etl_spark_minio.py
[2023-06-25T06:47:18.264+0000] {spark_submit.py:492} INFO - WARNING: An illegal reflective access operation has occurred
[2023-06-25T06:47:18.265+0000] {spark_submit.py:492} INFO - WARNING: Illegal reflective access by org.apache.spark.unsafe.Platform (file:/opt/spark/jars/spark-unsafe_2.12-3.2.0.jar) to constructor java.nio.DirectByteBuffer(long,int)
[2023-06-25T06:47:18.265+0000] {spark_submit.py:492} INFO - WARNING: Please consider reporting this to the maintainers of org.apache.spark.unsafe.Platform
[2023-06-25T06:47:18.265+0000] {spark_submit.py:492} INFO - WARNING: Use --illegal-access=warn to enable warnings of further illegal reflective access operations
[2023-06-25T06:47:18.265+0000] {spark_submit.py:492} INFO - WARNING: All illegal access operations will be denied in a future release
[2023-06-25T06:47:18.560+0000] {spark_submit.py:492} INFO - Using Spark's default log4j profile: org/apache/spark/log4j-defaults.properties
[2023-06-25T06:47:18.561+0000] {spark_submit.py:492} INFO - 23/06/25 06:47:18 WARN DependencyUtils: Local jar /opt/bitnami/spark/jars/hadoop-aws-3.2.0.jar does not exist, skipping.
[2023-06-25T06:47:18.562+0000] {spark_submit.py:492} INFO - 23/06/25 06:47:18 WARN DependencyUtils: Local jar /opt/bitnami/spark/jars/aws-java-sdk-bundle-1.11.375.jar does not exist, skipping.
[2023-06-25T06:47:18.562+0000] {spark_submit.py:492} INFO - 23/06/25 06:47:18 WARN DependencyUtils: Local jar /opt/bitnami/spark/jars/aws-java-sdk-1.11.375.jar does not exist, skipping.
[2023-06-25T06:47:19.589+0000] {spark_submit.py:492} INFO - 23/06/25 06:47:19 INFO SparkContext: Running Spark version 3.2.0
[2023-06-25T06:47:19.708+0000] {spark_submit.py:492} INFO - 23/06/25 06:47:19 WARN NativeCodeLoader: Unable to load native-hadoop library for your platform... using builtin-java classes where applicable
[2023-06-25T06:47:19.839+0000] {spark_submit.py:492} INFO - 23/06/25 06:47:19 INFO ResourceUtils: ==============================================================
[2023-06-25T06:47:19.839+0000] {spark_submit.py:492} INFO - 23/06/25 06:47:19 INFO ResourceUtils: No custom resources configured for spark.driver.
[2023-06-25T06:47:19.840+0000] {spark_submit.py:492} INFO - 23/06/25 06:47:19 INFO ResourceUtils: ==============================================================
[2023-06-25T06:47:19.841+0000] {spark_submit.py:492} INFO - 23/06/25 06:47:19 INFO SparkContext: Submitted application: arrow-spark
[2023-06-25T06:47:19.876+0000] {spark_submit.py:492} INFO - 23/06/25 06:47:19 INFO ResourceProfile: Default ResourceProfile created, executor resources: Map(cores -> name: cores, amount: 1, script: , vendor: , memory -> name: memory, amount: 1024, script: , vendor: , offHeap -> name: offHeap, amount: 0, script: , vendor: ), task resources: Map(cpus -> name: cpus, amount: 1.0)
[2023-06-25T06:47:19.895+0000] {spark_submit.py:492} INFO - 23/06/25 06:47:19 INFO ResourceProfile: Limiting resource is cpu
[2023-06-25T06:47:19.896+0000] {spark_submit.py:492} INFO - 23/06/25 06:47:19 INFO ResourceProfileManager: Added ResourceProfile id: 0
[2023-06-25T06:47:19.960+0000] {spark_submit.py:492} INFO - 23/06/25 06:47:19 INFO SecurityManager: Changing view acls to: default
[2023-06-25T06:47:19.961+0000] {spark_submit.py:492} INFO - 23/06/25 06:47:19 INFO SecurityManager: Changing modify acls to: default
[2023-06-25T06:47:19.962+0000] {spark_submit.py:492} INFO - 23/06/25 06:47:19 INFO SecurityManager: Changing view acls groups to:
[2023-06-25T06:47:19.963+0000] {spark_submit.py:492} INFO - 23/06/25 06:47:19 INFO SecurityManager: Changing modify acls groups to:
[2023-06-25T06:47:19.963+0000] {spark_submit.py:492} INFO - 23/06/25 06:47:19 INFO SecurityManager: SecurityManager: authentication disabled; ui acls disabled; users  with view permissions: Set(default); groups with view permissions: Set(); users  with modify permissions: Set(default); groups with modify permissions: Set()
[2023-06-25T06:47:20.284+0000] {spark_submit.py:492} INFO - 23/06/25 06:47:20 INFO Utils: Successfully started service 'sparkDriver' on port 37057.
[2023-06-25T06:47:20.352+0000] {spark_submit.py:492} INFO - 23/06/25 06:47:20 INFO SparkEnv: Registering MapOutputTracker
[2023-06-25T06:47:20.401+0000] {spark_submit.py:492} INFO - 23/06/25 06:47:20 INFO SparkEnv: Registering BlockManagerMaster
[2023-06-25T06:47:20.437+0000] {spark_submit.py:492} INFO - 23/06/25 06:47:20 INFO BlockManagerMasterEndpoint: Using org.apache.spark.storage.DefaultTopologyMapper for getting topology information
[2023-06-25T06:47:20.438+0000] {spark_submit.py:492} INFO - 23/06/25 06:47:20 INFO BlockManagerMasterEndpoint: BlockManagerMasterEndpoint up
[2023-06-25T06:47:20.444+0000] {spark_submit.py:492} INFO - 23/06/25 06:47:20 INFO SparkEnv: Registering BlockManagerMasterHeartbeat
[2023-06-25T06:47:20.517+0000] {spark_submit.py:492} INFO - 23/06/25 06:47:20 INFO DiskBlockManager: Created local directory at /tmp/blockmgr-3d999c66-23b1-4308-9e89-4b4a9879e301
[2023-06-25T06:47:20.545+0000] {spark_submit.py:492} INFO - 23/06/25 06:47:20 INFO MemoryStore: MemoryStore started with capacity 434.4 MiB
[2023-06-25T06:47:20.581+0000] {spark_submit.py:492} INFO - 23/06/25 06:47:20 INFO SparkEnv: Registering OutputCommitCoordinator
[2023-06-25T06:47:20.795+0000] {spark_submit.py:492} INFO - 23/06/25 06:47:20 WARN Utils: Service 'SparkUI' could not bind on port 4040. Attempting port 4041.
[2023-06-25T06:47:20.795+0000] {spark_submit.py:492} INFO - 23/06/25 06:47:20 WARN Utils: Service 'SparkUI' could not bind on port 4041. Attempting port 4042.
[2023-06-25T06:47:20.796+0000] {spark_submit.py:492} INFO - 23/06/25 06:47:20 WARN Utils: Service 'SparkUI' could not bind on port 4042. Attempting port 4043.
[2023-06-25T06:47:20.796+0000] {spark_submit.py:492} INFO - 23/06/25 06:47:20 WARN Utils: Service 'SparkUI' could not bind on port 4043. Attempting port 4044.
[2023-06-25T06:47:20.797+0000] {spark_submit.py:492} INFO - 23/06/25 06:47:20 WARN Utils: Service 'SparkUI' could not bind on port 4044. Attempting port 4045.
[2023-06-25T06:47:20.804+0000] {spark_submit.py:492} INFO - 23/06/25 06:47:20 INFO Utils: Successfully started service 'SparkUI' on port 4045.
[2023-06-25T06:47:20.855+0000] {spark_submit.py:492} INFO - 23/06/25 06:47:20 INFO SparkUI: Bound SparkUI to 0.0.0.0, and started at http://a8d69ab09d2d:4045
[2023-06-25T06:47:20.869+0000] {spark_submit.py:492} INFO - 23/06/25 06:47:20 INFO SparkContext: Added JAR local:///opt/bitnami/spark/jars/hadoop-aws-3.2.0.jar at file:/opt/bitnami/spark/jars/hadoop-aws-3.2.0.jar with timestamp 1687675639577
[2023-06-25T06:47:20.869+0000] {spark_submit.py:492} INFO - 23/06/25 06:47:20 INFO SparkContext: Added JAR local:///opt/bitnami/spark/jars/aws-java-sdk-bundle-1.11.375.jar at file:/opt/bitnami/spark/jars/aws-java-sdk-bundle-1.11.375.jar with timestamp 1687675639577
[2023-06-25T06:47:20.870+0000] {spark_submit.py:492} INFO - 23/06/25 06:47:20 INFO SparkContext: Added JAR local:///opt/bitnami/spark/jars//aws-java-sdk-1.11.375.jar at file:/opt/bitnami/spark/jars//aws-java-sdk-1.11.375.jar with timestamp 1687675639577
[2023-06-25T06:47:21.082+0000] {spark_submit.py:492} INFO - 23/06/25 06:47:21 INFO StandaloneAppClient$ClientEndpoint: Connecting to master spark://spark:7077...
[2023-06-25T06:47:21.193+0000] {spark_submit.py:492} INFO - 23/06/25 06:47:21 INFO TransportClientFactory: Successfully created connection to spark/172.19.0.11:7077 after 46 ms (0 ms spent in bootstraps)
[2023-06-25T06:47:21.304+0000] {spark_submit.py:492} INFO - 23/06/25 06:47:21 INFO StandaloneSchedulerBackend: Connected to Spark cluster with app ID app-20230625064721-0007
[2023-06-25T06:47:21.312+0000] {spark_submit.py:492} INFO - 23/06/25 06:47:21 INFO Utils: Successfully started service 'org.apache.spark.network.netty.NettyBlockTransferService' on port 40783.
[2023-06-25T06:47:21.312+0000] {spark_submit.py:492} INFO - 23/06/25 06:47:21 INFO NettyBlockTransferService: Server created on a8d69ab09d2d:40783
[2023-06-25T06:47:21.314+0000] {spark_submit.py:492} INFO - 23/06/25 06:47:21 INFO BlockManager: Using org.apache.spark.storage.RandomBlockReplicationPolicy for block replication policy
[2023-06-25T06:47:21.320+0000] {spark_submit.py:492} INFO - 23/06/25 06:47:21 INFO BlockManagerMaster: Registering BlockManager BlockManagerId(driver, a8d69ab09d2d, 40783, None)
[2023-06-25T06:47:21.323+0000] {spark_submit.py:492} INFO - 23/06/25 06:47:21 INFO BlockManagerMasterEndpoint: Registering block manager a8d69ab09d2d:40783 with 434.4 MiB RAM, BlockManagerId(driver, a8d69ab09d2d, 40783, None)
[2023-06-25T06:47:21.326+0000] {spark_submit.py:492} INFO - 23/06/25 06:47:21 INFO BlockManagerMaster: Registered BlockManager BlockManagerId(driver, a8d69ab09d2d, 40783, None)
[2023-06-25T06:47:21.327+0000] {spark_submit.py:492} INFO - 23/06/25 06:47:21 INFO BlockManager: Initialized BlockManager: BlockManagerId(driver, a8d69ab09d2d, 40783, None)
[2023-06-25T06:47:21.619+0000] {spark_submit.py:492} INFO - 23/06/25 06:47:21 INFO StandaloneSchedulerBackend: SchedulerBackend is ready for scheduling beginning after reached minRegisteredResourcesRatio: 0.0
[2023-06-25T06:47:21.909+0000] {spark_submit.py:492} INFO - 23/06/25 06:47:21 INFO SharedState: Setting hive.metastore.warehouse.dir ('null') to the value of spark.sql.warehouse.dir.
[2023-06-25T06:47:21.935+0000] {spark_submit.py:492} INFO - 23/06/25 06:47:21 INFO SharedState: Warehouse path is 'file:/opt/***/spark-warehouse'.
[2023-06-25T06:47:22.675+0000] {spark_submit.py:492} INFO - 23/06/25 06:47:22 INFO StandaloneAppClient$ClientEndpoint: Executor added: app-20230625064721-0007/0 on worker-20230625064305-172.19.0.9-44213 (172.19.0.9:44213) with 1 core(s)
[2023-06-25T06:47:22.678+0000] {spark_submit.py:492} INFO - 23/06/25 06:47:22 INFO StandaloneSchedulerBackend: Granted executor ID app-20230625064721-0007/0 on hostPort 172.19.0.9:44213 with 1 core(s), 1024.0 MiB RAM
[2023-06-25T06:47:22.758+0000] {spark_submit.py:492} INFO - 23/06/25 06:47:22 INFO StandaloneAppClient$ClientEndpoint: Executor updated: app-20230625064721-0007/0 is now RUNNING
[2023-06-25T06:47:24.922+0000] {spark_submit.py:492} INFO - 23/06/25 06:47:24 INFO CoarseGrainedSchedulerBackend$DriverEndpoint: Registered executor NettyRpcEndpointRef(spark-client://Executor) (172.19.0.9:45398) with ID 0,  ResourceProfileId 0
[2023-06-25T06:47:25.024+0000] {spark_submit.py:492} INFO - 23/06/25 06:47:25 INFO BlockManagerMasterEndpoint: Registering block manager 172.19.0.9:46165 with 366.3 MiB RAM, BlockManagerId(0, 172.19.0.9, 46165, None)
[2023-06-25T06:47:25.744+0000] {spark_submit.py:492} INFO - 23/06/25 06:47:25 INFO CodeGenerator: Code generated in 85.267295 ms
[2023-06-25T06:47:25.763+0000] {spark_submit.py:492} INFO - 23/06/25 06:47:25 INFO SparkContext: Starting job: showString at NativeMethodAccessorImpl.java:0
[2023-06-25T06:47:25.773+0000] {spark_submit.py:492} INFO - 23/06/25 06:47:25 INFO DAGScheduler: Got job 0 (showString at NativeMethodAccessorImpl.java:0) with 1 output partitions
[2023-06-25T06:47:25.773+0000] {spark_submit.py:492} INFO - 23/06/25 06:47:25 INFO DAGScheduler: Final stage: ResultStage 0 (showString at NativeMethodAccessorImpl.java:0)
[2023-06-25T06:47:25.774+0000] {spark_submit.py:492} INFO - 23/06/25 06:47:25 INFO DAGScheduler: Parents of final stage: List()
[2023-06-25T06:47:25.774+0000] {spark_submit.py:492} INFO - 23/06/25 06:47:25 INFO DAGScheduler: Missing parents: List()
[2023-06-25T06:47:25.777+0000] {spark_submit.py:492} INFO - 23/06/25 06:47:25 INFO DAGScheduler: Submitting ResultStage 0 (MapPartitionsRDD[6] at showString at NativeMethodAccessorImpl.java:0), which has no missing parents
[2023-06-25T06:47:25.867+0000] {spark_submit.py:492} INFO - 23/06/25 06:47:25 INFO MemoryStore: Block broadcast_0 stored as values in memory (estimated size 11.7 KiB, free 434.4 MiB)
[2023-06-25T06:47:25.898+0000] {spark_submit.py:492} INFO - 23/06/25 06:47:25 INFO MemoryStore: Block broadcast_0_piece0 stored as bytes in memory (estimated size 6.2 KiB, free 434.4 MiB)
[2023-06-25T06:47:25.901+0000] {spark_submit.py:492} INFO - 23/06/25 06:47:25 INFO BlockManagerInfo: Added broadcast_0_piece0 in memory on a8d69ab09d2d:40783 (size: 6.2 KiB, free: 434.4 MiB)
[2023-06-25T06:47:25.904+0000] {spark_submit.py:492} INFO - 23/06/25 06:47:25 INFO SparkContext: Created broadcast 0 from broadcast at DAGScheduler.scala:1427
[2023-06-25T06:47:25.913+0000] {spark_submit.py:492} INFO - 23/06/25 06:47:25 INFO DAGScheduler: Submitting 1 missing tasks from ResultStage 0 (MapPartitionsRDD[6] at showString at NativeMethodAccessorImpl.java:0) (first 15 tasks are for partitions Vector(0))
[2023-06-25T06:47:25.914+0000] {spark_submit.py:492} INFO - 23/06/25 06:47:25 INFO TaskSchedulerImpl: Adding task set 0.0 with 1 tasks resource profile 0
[2023-06-25T06:47:25.943+0000] {spark_submit.py:492} INFO - 23/06/25 06:47:25 INFO TaskSetManager: Starting task 0.0 in stage 0.0 (TID 0) (172.19.0.9, executor 0, partition 0, PROCESS_LOCAL, 4605 bytes) taskResourceAssignments Map()
[2023-06-25T06:47:26.155+0000] {spark_submit.py:492} INFO - 23/06/25 06:47:26 INFO BlockManagerInfo: Added broadcast_0_piece0 in memory on 172.19.0.9:46165 (size: 6.2 KiB, free: 366.3 MiB)
[2023-06-25T06:47:27.365+0000] {spark_submit.py:492} INFO - 23/06/25 06:47:27 INFO TaskSetManager: Finished task 0.0 in stage 0.0 (TID 0) in 1432 ms on 172.19.0.9 (executor 0) (1/1)
[2023-06-25T06:47:27.366+0000] {spark_submit.py:492} INFO - 23/06/25 06:47:27 INFO TaskSchedulerImpl: Removed TaskSet 0.0, whose tasks have all completed, from pool
[2023-06-25T06:47:27.369+0000] {spark_submit.py:492} INFO - 23/06/25 06:47:27 INFO PythonAccumulatorV2: Connected to AccumulatorServer at host: 127.0.0.1 port: 47989
[2023-06-25T06:47:27.373+0000] {spark_submit.py:492} INFO - 23/06/25 06:47:27 INFO DAGScheduler: ResultStage 0 (showString at NativeMethodAccessorImpl.java:0) finished in 1.585 s
[2023-06-25T06:47:27.375+0000] {spark_submit.py:492} INFO - 23/06/25 06:47:27 INFO DAGScheduler: Job 0 is finished. Cancelling potential speculative or zombie tasks for this job
[2023-06-25T06:47:27.375+0000] {spark_submit.py:492} INFO - 23/06/25 06:47:27 INFO TaskSchedulerImpl: Killing all running tasks in stage 0: Stage finished
[2023-06-25T06:47:27.376+0000] {spark_submit.py:492} INFO - 23/06/25 06:47:27 INFO DAGScheduler: Job 0 finished: showString at NativeMethodAccessorImpl.java:0, took 1.612421 s
[2023-06-25T06:47:27.385+0000] {spark_submit.py:492} INFO - 23/06/25 06:47:27 INFO SparkContext: Starting job: showString at NativeMethodAccessorImpl.java:0
[2023-06-25T06:47:27.386+0000] {spark_submit.py:492} INFO - 23/06/25 06:47:27 INFO DAGScheduler: Got job 1 (showString at NativeMethodAccessorImpl.java:0) with 1 output partitions
[2023-06-25T06:47:27.386+0000] {spark_submit.py:492} INFO - 23/06/25 06:47:27 INFO DAGScheduler: Final stage: ResultStage 1 (showString at NativeMethodAccessorImpl.java:0)
[2023-06-25T06:47:27.386+0000] {spark_submit.py:492} INFO - 23/06/25 06:47:27 INFO DAGScheduler: Parents of final stage: List()
[2023-06-25T06:47:27.386+0000] {spark_submit.py:492} INFO - 23/06/25 06:47:27 INFO DAGScheduler: Missing parents: List()
[2023-06-25T06:47:27.387+0000] {spark_submit.py:492} INFO - 23/06/25 06:47:27 INFO DAGScheduler: Submitting ResultStage 1 (MapPartitionsRDD[6] at showString at NativeMethodAccessorImpl.java:0), which has no missing parents
[2023-06-25T06:47:27.390+0000] {spark_submit.py:492} INFO - 23/06/25 06:47:27 INFO MemoryStore: Block broadcast_1 stored as values in memory (estimated size 11.7 KiB, free 434.4 MiB)
[2023-06-25T06:47:27.393+0000] {spark_submit.py:492} INFO - 23/06/25 06:47:27 INFO MemoryStore: Block broadcast_1_piece0 stored as bytes in memory (estimated size 6.2 KiB, free 434.4 MiB)
[2023-06-25T06:47:27.394+0000] {spark_submit.py:492} INFO - 23/06/25 06:47:27 INFO BlockManagerInfo: Added broadcast_1_piece0 in memory on a8d69ab09d2d:40783 (size: 6.2 KiB, free: 434.4 MiB)
[2023-06-25T06:47:27.394+0000] {spark_submit.py:492} INFO - 23/06/25 06:47:27 INFO SparkContext: Created broadcast 1 from broadcast at DAGScheduler.scala:1427
[2023-06-25T06:47:27.395+0000] {spark_submit.py:492} INFO - 23/06/25 06:47:27 INFO DAGScheduler: Submitting 1 missing tasks from ResultStage 1 (MapPartitionsRDD[6] at showString at NativeMethodAccessorImpl.java:0) (first 15 tasks are for partitions Vector(1))
[2023-06-25T06:47:27.395+0000] {spark_submit.py:492} INFO - 23/06/25 06:47:27 INFO TaskSchedulerImpl: Adding task set 1.0 with 1 tasks resource profile 0
[2023-06-25T06:47:27.396+0000] {spark_submit.py:492} INFO - 23/06/25 06:47:27 INFO TaskSetManager: Starting task 0.0 in stage 1.0 (TID 1) (172.19.0.9, executor 0, partition 1, PROCESS_LOCAL, 4529 bytes) taskResourceAssignments Map()
[2023-06-25T06:47:27.413+0000] {spark_submit.py:492} INFO - 23/06/25 06:47:27 INFO BlockManagerInfo: Added broadcast_1_piece0 in memory on 172.19.0.9:46165 (size: 6.2 KiB, free: 366.3 MiB)
[2023-06-25T06:47:27.475+0000] {spark_submit.py:492} INFO - 23/06/25 06:47:27 INFO TaskSetManager: Finished task 0.0 in stage 1.0 (TID 1) in 79 ms on 172.19.0.9 (executor 0) (1/1)
[2023-06-25T06:47:27.475+0000] {spark_submit.py:492} INFO - 23/06/25 06:47:27 INFO TaskSchedulerImpl: Removed TaskSet 1.0, whose tasks have all completed, from pool
[2023-06-25T06:47:27.476+0000] {spark_submit.py:492} INFO - 23/06/25 06:47:27 INFO DAGScheduler: ResultStage 1 (showString at NativeMethodAccessorImpl.java:0) finished in 0.088 s
[2023-06-25T06:47:27.476+0000] {spark_submit.py:492} INFO - 23/06/25 06:47:27 INFO DAGScheduler: Job 1 is finished. Cancelling potential speculative or zombie tasks for this job
[2023-06-25T06:47:27.476+0000] {spark_submit.py:492} INFO - 23/06/25 06:47:27 INFO TaskSchedulerImpl: Killing all running tasks in stage 1: Stage finished
[2023-06-25T06:47:27.476+0000] {spark_submit.py:492} INFO - 23/06/25 06:47:27 INFO DAGScheduler: Job 1 finished: showString at NativeMethodAccessorImpl.java:0, took 0.091164 s
[2023-06-25T06:47:27.500+0000] {spark_submit.py:492} INFO - 23/06/25 06:47:27 INFO CodeGenerator: Code generated in 11.214897 ms
[2023-06-25T06:47:27.509+0000] {spark_submit.py:492} INFO - +-----+-----------------------------------------------------------------------------+
[2023-06-25T06:47:27.509+0000] {spark_submit.py:492} INFO - |Seqno|Quote                                                                        |
[2023-06-25T06:47:27.509+0000] {spark_submit.py:492} INFO - +-----+-----------------------------------------------------------------------------+
[2023-06-25T06:47:27.509+0000] {spark_submit.py:492} INFO - |1    |Be the change that you wish to see in the world                              |
[2023-06-25T06:47:27.509+0000] {spark_submit.py:492} INFO - |2    |Everyone thinks of changing the world, but no one thinks of changing himself.|
[2023-06-25T06:47:27.509+0000] {spark_submit.py:492} INFO - |3    |The purpose of our lives is to be happy.                                     |
[2023-06-25T06:47:27.509+0000] {spark_submit.py:492} INFO - |4    |Be cool.                                                                     |
[2023-06-25T06:47:27.510+0000] {spark_submit.py:492} INFO - +-----+-----------------------------------------------------------------------------+
[2023-06-25T06:47:27.510+0000] {spark_submit.py:492} INFO - 
[2023-06-25T06:47:27.560+0000] {spark_submit.py:492} INFO - Traceback (most recent call last):
[2023-06-25T06:47:27.560+0000] {spark_submit.py:492} INFO - File "/opt/***/dags/spark_etl_spark_minio.py", line 41, in <module>
[2023-06-25T06:47:27.560+0000] {spark_submit.py:492} INFO - df.write.mode("append").parquet("s3a://datalake/test.parquet")
[2023-06-25T06:47:27.560+0000] {spark_submit.py:492} INFO - File "/opt/spark/python/lib/pyspark.zip/pyspark/sql/readwriter.py", line 885, in parquet
[2023-06-25T06:47:27.561+0000] {spark_submit.py:492} INFO - File "/opt/spark/python/lib/py4j-0.10.9.2-src.zip/py4j/java_gateway.py", line 1309, in __call__
[2023-06-25T06:47:27.561+0000] {spark_submit.py:492} INFO - File "/opt/spark/python/lib/pyspark.zip/pyspark/sql/utils.py", line 111, in deco
[2023-06-25T06:47:27.561+0000] {spark_submit.py:492} INFO - File "/opt/spark/python/lib/py4j-0.10.9.2-src.zip/py4j/protocol.py", line 326, in get_return_value
[2023-06-25T06:47:27.561+0000] {spark_submit.py:492} INFO - py4j.protocol.Py4JJavaError: An error occurred while calling o71.parquet.
[2023-06-25T06:47:27.562+0000] {spark_submit.py:492} INFO - : java.lang.RuntimeException: java.lang.ClassNotFoundException: Class org.apache.hadoop.fs.s3a.S3AFileSystem not found
[2023-06-25T06:47:27.562+0000] {spark_submit.py:492} INFO - at org.apache.hadoop.conf.Configuration.getClass(Configuration.java:2667)
[2023-06-25T06:47:27.562+0000] {spark_submit.py:492} INFO - at org.apache.hadoop.fs.FileSystem.getFileSystemClass(FileSystem.java:3431)
[2023-06-25T06:47:27.562+0000] {spark_submit.py:492} INFO - at org.apache.hadoop.fs.FileSystem.createFileSystem(FileSystem.java:3466)
[2023-06-25T06:47:27.562+0000] {spark_submit.py:492} INFO - at org.apache.hadoop.fs.FileSystem.access$300(FileSystem.java:174)
[2023-06-25T06:47:27.562+0000] {spark_submit.py:492} INFO - at org.apache.hadoop.fs.FileSystem$Cache.getInternal(FileSystem.java:3574)
[2023-06-25T06:47:27.563+0000] {spark_submit.py:492} INFO - at org.apache.hadoop.fs.FileSystem$Cache.get(FileSystem.java:3521)
[2023-06-25T06:47:27.563+0000] {spark_submit.py:492} INFO - at org.apache.hadoop.fs.FileSystem.get(FileSystem.java:540)
[2023-06-25T06:47:27.563+0000] {spark_submit.py:492} INFO - at org.apache.hadoop.fs.Path.getFileSystem(Path.java:365)
[2023-06-25T06:47:27.563+0000] {spark_submit.py:492} INFO - at org.apache.spark.sql.execution.datasources.DataSource.planForWritingFileFormat(DataSource.scala:461)
[2023-06-25T06:47:27.563+0000] {spark_submit.py:492} INFO - at org.apache.spark.sql.execution.datasources.DataSource.planForWriting(DataSource.scala:556)
[2023-06-25T06:47:27.563+0000] {spark_submit.py:492} INFO - at org.apache.spark.sql.DataFrameWriter.saveToV1Source(DataFrameWriter.scala:382)
[2023-06-25T06:47:27.564+0000] {spark_submit.py:492} INFO - at org.apache.spark.sql.DataFrameWriter.saveInternal(DataFrameWriter.scala:355)
[2023-06-25T06:47:27.564+0000] {spark_submit.py:492} INFO - at org.apache.spark.sql.DataFrameWriter.save(DataFrameWriter.scala:239)
[2023-06-25T06:47:27.564+0000] {spark_submit.py:492} INFO - at org.apache.spark.sql.DataFrameWriter.parquet(DataFrameWriter.scala:781)
[2023-06-25T06:47:27.564+0000] {spark_submit.py:492} INFO - at java.base/jdk.internal.reflect.NativeMethodAccessorImpl.invoke0(Native Method)
[2023-06-25T06:47:27.564+0000] {spark_submit.py:492} INFO - at java.base/jdk.internal.reflect.NativeMethodAccessorImpl.invoke(NativeMethodAccessorImpl.java:62)
[2023-06-25T06:47:27.564+0000] {spark_submit.py:492} INFO - at java.base/jdk.internal.reflect.DelegatingMethodAccessorImpl.invoke(DelegatingMethodAccessorImpl.java:43)
[2023-06-25T06:47:27.564+0000] {spark_submit.py:492} INFO - at java.base/java.lang.reflect.Method.invoke(Method.java:566)
[2023-06-25T06:47:27.564+0000] {spark_submit.py:492} INFO - at py4j.reflection.MethodInvoker.invoke(MethodInvoker.java:244)
[2023-06-25T06:47:27.565+0000] {spark_submit.py:492} INFO - at py4j.reflection.ReflectionEngine.invoke(ReflectionEngine.java:357)
[2023-06-25T06:47:27.565+0000] {spark_submit.py:492} INFO - at py4j.Gateway.invoke(Gateway.java:282)
[2023-06-25T06:47:27.565+0000] {spark_submit.py:492} INFO - at py4j.commands.AbstractCommand.invokeMethod(AbstractCommand.java:132)
[2023-06-25T06:47:27.565+0000] {spark_submit.py:492} INFO - at py4j.commands.CallCommand.execute(CallCommand.java:79)
[2023-06-25T06:47:27.565+0000] {spark_submit.py:492} INFO - at py4j.ClientServerConnection.waitForCommands(ClientServerConnection.java:182)
[2023-06-25T06:47:27.565+0000] {spark_submit.py:492} INFO - at py4j.ClientServerConnection.run(ClientServerConnection.java:106)
[2023-06-25T06:47:27.565+0000] {spark_submit.py:492} INFO - at java.base/java.lang.Thread.run(Thread.java:829)
[2023-06-25T06:47:27.566+0000] {spark_submit.py:492} INFO - Caused by: java.lang.ClassNotFoundException: Class org.apache.hadoop.fs.s3a.S3AFileSystem not found
[2023-06-25T06:47:27.566+0000] {spark_submit.py:492} INFO - at org.apache.hadoop.conf.Configuration.getClassByName(Configuration.java:2571)
[2023-06-25T06:47:27.566+0000] {spark_submit.py:492} INFO - at org.apache.hadoop.conf.Configuration.getClass(Configuration.java:2665)
[2023-06-25T06:47:27.566+0000] {spark_submit.py:492} INFO - ... 25 more
[2023-06-25T06:47:27.566+0000] {spark_submit.py:492} INFO - 
[2023-06-25T06:47:27.635+0000] {spark_submit.py:492} INFO - 23/06/25 06:47:27 INFO SparkContext: Invoking stop() from shutdown hook
[2023-06-25T06:47:27.641+0000] {spark_submit.py:492} INFO - 23/06/25 06:47:27 INFO SparkUI: Stopped Spark web UI at http://a8d69ab09d2d:4045
[2023-06-25T06:47:27.643+0000] {spark_submit.py:492} INFO - 23/06/25 06:47:27 INFO StandaloneSchedulerBackend: Shutting down all executors
[2023-06-25T06:47:27.643+0000] {spark_submit.py:492} INFO - 23/06/25 06:47:27 INFO CoarseGrainedSchedulerBackend$DriverEndpoint: Asking each executor to shut down
[2023-06-25T06:47:27.751+0000] {spark_submit.py:492} INFO - 23/06/25 06:47:27 INFO MapOutputTrackerMasterEndpoint: MapOutputTrackerMasterEndpoint stopped!
[2023-06-25T06:47:27.796+0000] {spark_submit.py:492} INFO - 23/06/25 06:47:27 INFO MemoryStore: MemoryStore cleared
[2023-06-25T06:47:27.797+0000] {spark_submit.py:492} INFO - 23/06/25 06:47:27 INFO BlockManager: BlockManager stopped
[2023-06-25T06:47:27.802+0000] {spark_submit.py:492} INFO - 23/06/25 06:47:27 INFO BlockManagerMaster: BlockManagerMaster stopped
[2023-06-25T06:47:27.805+0000] {spark_submit.py:492} INFO - 23/06/25 06:47:27 INFO OutputCommitCoordinator$OutputCommitCoordinatorEndpoint: OutputCommitCoordinator stopped!
[2023-06-25T06:47:27.812+0000] {spark_submit.py:492} INFO - 23/06/25 06:47:27 INFO SparkContext: Successfully stopped SparkContext
[2023-06-25T06:47:27.812+0000] {spark_submit.py:492} INFO - 23/06/25 06:47:27 INFO ShutdownHookManager: Shutdown hook called
[2023-06-25T06:47:27.813+0000] {spark_submit.py:492} INFO - 23/06/25 06:47:27 INFO ShutdownHookManager: Deleting directory /tmp/spark-09f5e7fa-232b-47a4-ac10-1ea07a6b6670/pyspark-3604a4e5-48ba-419c-9f54-079b4393253e
[2023-06-25T06:47:27.816+0000] {spark_submit.py:492} INFO - 23/06/25 06:47:27 INFO ShutdownHookManager: Deleting directory /tmp/spark-458d20b3-2d10-4342-8a7d-dbbc068cde72
[2023-06-25T06:47:27.819+0000] {spark_submit.py:492} INFO - 23/06/25 06:47:27 INFO ShutdownHookManager: Deleting directory /tmp/spark-09f5e7fa-232b-47a4-ac10-1ea07a6b6670
[2023-06-25T06:47:27.893+0000] {taskinstance.py:1775} ERROR - Task failed with exception
Traceback (most recent call last):
  File "/home/airflow/.local/lib/python3.8/site-packages/airflow/providers/apache/spark/operators/spark_submit.py", line 157, in execute
    self._hook.submit(self._application)
  File "/home/airflow/.local/lib/python3.8/site-packages/airflow/providers/apache/spark/hooks/spark_submit.py", line 423, in submit
    raise AirflowException(
airflow.exceptions.AirflowException: Cannot execute: spark-submit --master spark://spark:7077 --conf spark.hadoop.fs.s3a.aws.credentials.provider=org.apache.hadoop.fs.s3a.SimpleAWSCredentialsProvider --conf spark.hadoop.fs.s3a.path.style.access=true --conf spark.hadoop.fs.s3a.access.key=minioadmin --conf spark.hadoop.fs.s3a.secret.key=****** --conf spark.hadoop.fs.s3a.endpoint=http://minio:9000 --jars local:///opt/bitnami/spark/jars/hadoop-aws-3.2.0.jar,local:///opt/bitnami/spark/jars/aws-java-sdk-bundle-1.11.375.jar,local:///opt/bitnami/spark/jars//aws-java-sdk-1.11.375.jar --name arrow-spark /opt/***/dags/spark_etl_spark_minio.py. Error code is: 1.
[2023-06-25T06:47:27.896+0000] {taskinstance.py:1321} INFO - Marking task as UP_FOR_RETRY. dag_id=spark_etl_minio_v20, task_id=spark_submit_task, execution_date=20230625T064458, start_date=20230625T064716, end_date=20230625T064727
[2023-06-25T06:47:27.906+0000] {standard_task_runner.py:100} ERROR - Failed to execute job 301 for task spark_submit_task (Cannot execute: spark-submit --master spark://spark:7077 --conf spark.hadoop.fs.s3a.aws.credentials.provider=org.apache.hadoop.fs.s3a.SimpleAWSCredentialsProvider --conf spark.hadoop.fs.s3a.path.style.access=true --conf spark.hadoop.fs.s3a.access.key=minioadmin --conf spark.hadoop.fs.s3a.secret.key=****** --conf spark.hadoop.fs.s3a.endpoint=http://minio:9000 --jars local:///opt/bitnami/spark/jars/hadoop-aws-3.2.0.jar,local:///opt/bitnami/spark/jars/aws-java-sdk-bundle-1.11.375.jar,local:///opt/bitnami/spark/jars//aws-java-sdk-1.11.375.jar --name arrow-spark /opt/***/dags/spark_etl_spark_minio.py. Error code is: 1.; 4986)
[2023-06-25T06:47:27.921+0000] {local_task_job.py:212} INFO - Task exited with return code 1
[2023-06-25T06:47:27.932+0000] {taskinstance.py:2585} INFO - 0 downstream tasks scheduled from follow-on schedule check
