[2023-06-25T07:08:44.728+0000] {taskinstance.py:1084} INFO - Dependencies all met for dep_context=non-requeueable deps ti=<TaskInstance: spark_etl_minio_v21.spark_submit_task manual__2023-06-25T07:08:43.370228+00:00 [queued]>
[2023-06-25T07:08:44.736+0000] {taskinstance.py:1084} INFO - Dependencies all met for dep_context=requeueable deps ti=<TaskInstance: spark_etl_minio_v21.spark_submit_task manual__2023-06-25T07:08:43.370228+00:00 [queued]>
[2023-06-25T07:08:44.736+0000] {taskinstance.py:1282} INFO - 
--------------------------------------------------------------------------------
[2023-06-25T07:08:44.736+0000] {taskinstance.py:1283} INFO - Starting attempt 1 of 6
[2023-06-25T07:08:44.736+0000] {taskinstance.py:1284} INFO - 
--------------------------------------------------------------------------------
[2023-06-25T07:08:44.745+0000] {taskinstance.py:1303} INFO - Executing <Task(SparkSubmitOperator): spark_submit_task> on 2023-06-25 07:08:43.370228+00:00
[2023-06-25T07:08:44.750+0000] {standard_task_runner.py:55} INFO - Started process 826 to run task
[2023-06-25T07:08:44.752+0000] {standard_task_runner.py:82} INFO - Running: ['***', 'tasks', 'run', 'spark_etl_minio_v21', 'spark_submit_task', 'manual__2023-06-25T07:08:43.370228+00:00', '--job-id', '317', '--raw', '--subdir', 'DAGS_FOLDER/spark_job_minio_v1.py', '--cfg-path', '/tmp/tmpwxbfw8uv']
[2023-06-25T07:08:44.753+0000] {standard_task_runner.py:83} INFO - Job 317: Subtask spark_submit_task
[2023-06-25T07:08:44.762+0000] {warnings.py:109} WARNING - /home/***/.local/lib/python3.8/site-packages/***/settings.py:250: DeprecationWarning: The sql_alchemy_conn option in [core] has been moved to the sql_alchemy_conn option in [database] - the old setting has been used, but please update your config.
  SQL_ALCHEMY_CONN = conf.get("database", "SQL_ALCHEMY_CONN")

[2023-06-25T07:08:44.803+0000] {task_command.py:388} INFO - Running <TaskInstance: spark_etl_minio_v21.spark_submit_task manual__2023-06-25T07:08:43.370228+00:00 [running]> on host e7eaea3b1ae3
[2023-06-25T07:08:44.861+0000] {taskinstance.py:1509} INFO - Exporting the following env vars:
AIRFLOW_CTX_DAG_OWNER=***
AIRFLOW_CTX_DAG_ID=spark_etl_minio_v21
AIRFLOW_CTX_TASK_ID=spark_submit_task
AIRFLOW_CTX_EXECUTION_DATE=2023-06-25T07:08:43.370228+00:00
AIRFLOW_CTX_TRY_NUMBER=1
AIRFLOW_CTX_DAG_RUN_ID=manual__2023-06-25T07:08:43.370228+00:00
[2023-06-25T07:08:44.869+0000] {base.py:73} INFO - Using connection ID 'spark_conn' for task execution.
[2023-06-25T07:08:44.870+0000] {spark_submit.py:341} INFO - Spark-Submit cmd: spark-submit --master spark://spark:7077 --conf spark.hadoop.fs.s3a.access.key=minioadmin --conf spark.hadoop.fs.s3a.secret.key=****** --conf spark.hadoop.fs.s3a.endpoint=http://minio:9000 --conf spark.hadoop.fs.s3a.aws.credentials.provider=org.apache.hadoop.fs.s3a.SimpleAWSCredentialsProvider --conf spark.hadoop.fs.s3a.path.style.access=true --jars local:///opt/bitnami/spark/jars --name arrow-spark /opt/***/dags/spark_etl_spark_minio.py
[2023-06-25T07:08:45.833+0000] {spark_submit.py:492} INFO - WARNING: An illegal reflective access operation has occurred
[2023-06-25T07:08:45.833+0000] {spark_submit.py:492} INFO - WARNING: Illegal reflective access by org.apache.spark.unsafe.Platform (file:/opt/spark/jars/spark-unsafe_2.12-3.2.0.jar) to constructor java.nio.DirectByteBuffer(long,int)
[2023-06-25T07:08:45.833+0000] {spark_submit.py:492} INFO - WARNING: Please consider reporting this to the maintainers of org.apache.spark.unsafe.Platform
[2023-06-25T07:08:45.834+0000] {spark_submit.py:492} INFO - WARNING: Use --illegal-access=warn to enable warnings of further illegal reflective access operations
[2023-06-25T07:08:45.834+0000] {spark_submit.py:492} INFO - WARNING: All illegal access operations will be denied in a future release
[2023-06-25T07:08:46.146+0000] {spark_submit.py:492} INFO - Using Spark's default log4j profile: org/apache/spark/log4j-defaults.properties
[2023-06-25T07:08:46.148+0000] {spark_submit.py:492} INFO - 23/06/25 07:08:46 WARN DependencyUtils: Local jar /opt/bitnami/spark/jars does not exist, skipping.
[2023-06-25T07:08:47.092+0000] {spark_submit.py:492} INFO - 23/06/25 07:08:47 INFO SparkContext: Running Spark version 3.2.0
[2023-06-25T07:08:47.161+0000] {spark_submit.py:492} INFO - 23/06/25 07:08:47 WARN NativeCodeLoader: Unable to load native-hadoop library for your platform... using builtin-java classes where applicable
[2023-06-25T07:08:47.252+0000] {spark_submit.py:492} INFO - 23/06/25 07:08:47 INFO ResourceUtils: ==============================================================
[2023-06-25T07:08:47.253+0000] {spark_submit.py:492} INFO - 23/06/25 07:08:47 INFO ResourceUtils: No custom resources configured for spark.driver.
[2023-06-25T07:08:47.253+0000] {spark_submit.py:492} INFO - 23/06/25 07:08:47 INFO ResourceUtils: ==============================================================
[2023-06-25T07:08:47.253+0000] {spark_submit.py:492} INFO - 23/06/25 07:08:47 INFO SparkContext: Submitted application: arrow-spark
[2023-06-25T07:08:47.276+0000] {spark_submit.py:492} INFO - 23/06/25 07:08:47 INFO ResourceProfile: Default ResourceProfile created, executor resources: Map(cores -> name: cores, amount: 1, script: , vendor: , memory -> name: memory, amount: 1024, script: , vendor: , offHeap -> name: offHeap, amount: 0, script: , vendor: ), task resources: Map(cpus -> name: cpus, amount: 1.0)
[2023-06-25T07:08:47.292+0000] {spark_submit.py:492} INFO - 23/06/25 07:08:47 INFO ResourceProfile: Limiting resource is cpu
[2023-06-25T07:08:47.292+0000] {spark_submit.py:492} INFO - 23/06/25 07:08:47 INFO ResourceProfileManager: Added ResourceProfile id: 0
[2023-06-25T07:08:47.343+0000] {spark_submit.py:492} INFO - 23/06/25 07:08:47 INFO SecurityManager: Changing view acls to: default
[2023-06-25T07:08:47.343+0000] {spark_submit.py:492} INFO - 23/06/25 07:08:47 INFO SecurityManager: Changing modify acls to: default
[2023-06-25T07:08:47.344+0000] {spark_submit.py:492} INFO - 23/06/25 07:08:47 INFO SecurityManager: Changing view acls groups to:
[2023-06-25T07:08:47.344+0000] {spark_submit.py:492} INFO - 23/06/25 07:08:47 INFO SecurityManager: Changing modify acls groups to:
[2023-06-25T07:08:47.344+0000] {spark_submit.py:492} INFO - 23/06/25 07:08:47 INFO SecurityManager: SecurityManager: authentication disabled; ui acls disabled; users  with view permissions: Set(default); groups with view permissions: Set(); users  with modify permissions: Set(default); groups with modify permissions: Set()
[2023-06-25T07:08:47.546+0000] {spark_submit.py:492} INFO - 23/06/25 07:08:47 INFO Utils: Successfully started service 'sparkDriver' on port 37463.
[2023-06-25T07:08:47.565+0000] {spark_submit.py:492} INFO - 23/06/25 07:08:47 INFO SparkEnv: Registering MapOutputTracker
[2023-06-25T07:08:47.588+0000] {spark_submit.py:492} INFO - 23/06/25 07:08:47 INFO SparkEnv: Registering BlockManagerMaster
[2023-06-25T07:08:47.600+0000] {spark_submit.py:492} INFO - 23/06/25 07:08:47 INFO BlockManagerMasterEndpoint: Using org.apache.spark.storage.DefaultTopologyMapper for getting topology information
[2023-06-25T07:08:47.600+0000] {spark_submit.py:492} INFO - 23/06/25 07:08:47 INFO BlockManagerMasterEndpoint: BlockManagerMasterEndpoint up
[2023-06-25T07:08:47.603+0000] {spark_submit.py:492} INFO - 23/06/25 07:08:47 INFO SparkEnv: Registering BlockManagerMasterHeartbeat
[2023-06-25T07:08:47.619+0000] {spark_submit.py:492} INFO - 23/06/25 07:08:47 INFO DiskBlockManager: Created local directory at /tmp/blockmgr-cb1bc091-d556-4063-b6f9-85d312367d7d
[2023-06-25T07:08:47.634+0000] {spark_submit.py:492} INFO - 23/06/25 07:08:47 INFO MemoryStore: MemoryStore started with capacity 434.4 MiB
[2023-06-25T07:08:47.644+0000] {spark_submit.py:492} INFO - 23/06/25 07:08:47 INFO SparkEnv: Registering OutputCommitCoordinator
[2023-06-25T07:08:47.818+0000] {spark_submit.py:492} INFO - 23/06/25 07:08:47 INFO Utils: Successfully started service 'SparkUI' on port 4040.
[2023-06-25T07:08:47.874+0000] {spark_submit.py:492} INFO - 23/06/25 07:08:47 INFO SparkUI: Bound SparkUI to 0.0.0.0, and started at http://e7eaea3b1ae3:4040
[2023-06-25T07:08:47.885+0000] {spark_submit.py:492} INFO - 23/06/25 07:08:47 INFO SparkContext: Added JAR local:///opt/bitnami/spark/jars at file:/opt/bitnami/spark/jars with timestamp 1687676927085
[2023-06-25T07:08:48.055+0000] {spark_submit.py:492} INFO - 23/06/25 07:08:48 INFO StandaloneAppClient$ClientEndpoint: Connecting to master spark://spark:7077...
[2023-06-25T07:08:48.110+0000] {spark_submit.py:492} INFO - 23/06/25 07:08:48 INFO TransportClientFactory: Successfully created connection to spark/172.18.0.5:7077 after 27 ms (0 ms spent in bootstraps)
[2023-06-25T07:08:48.191+0000] {spark_submit.py:492} INFO - 23/06/25 07:08:48 INFO StandaloneSchedulerBackend: Connected to Spark cluster with app ID app-20230625070848-0002
[2023-06-25T07:08:48.193+0000] {spark_submit.py:492} INFO - 23/06/25 07:08:48 INFO StandaloneAppClient$ClientEndpoint: Executor added: app-20230625070848-0002/0 on worker-20230625070232-172.18.0.3-42975 (172.18.0.3:42975) with 1 core(s)
[2023-06-25T07:08:48.194+0000] {spark_submit.py:492} INFO - 23/06/25 07:08:48 INFO StandaloneSchedulerBackend: Granted executor ID app-20230625070848-0002/0 on hostPort 172.18.0.3:42975 with 1 core(s), 1024.0 MiB RAM
[2023-06-25T07:08:48.196+0000] {spark_submit.py:492} INFO - 23/06/25 07:08:48 INFO Utils: Successfully started service 'org.apache.spark.network.netty.NettyBlockTransferService' on port 39791.
[2023-06-25T07:08:48.196+0000] {spark_submit.py:492} INFO - 23/06/25 07:08:48 INFO NettyBlockTransferService: Server created on e7eaea3b1ae3:39791
[2023-06-25T07:08:48.199+0000] {spark_submit.py:492} INFO - 23/06/25 07:08:48 INFO BlockManager: Using org.apache.spark.storage.RandomBlockReplicationPolicy for block replication policy
[2023-06-25T07:08:48.206+0000] {spark_submit.py:492} INFO - 23/06/25 07:08:48 INFO BlockManagerMaster: Registering BlockManager BlockManagerId(driver, e7eaea3b1ae3, 39791, None)
[2023-06-25T07:08:48.209+0000] {spark_submit.py:492} INFO - 23/06/25 07:08:48 INFO BlockManagerMasterEndpoint: Registering block manager e7eaea3b1ae3:39791 with 434.4 MiB RAM, BlockManagerId(driver, e7eaea3b1ae3, 39791, None)
[2023-06-25T07:08:48.212+0000] {spark_submit.py:492} INFO - 23/06/25 07:08:48 INFO BlockManagerMaster: Registered BlockManager BlockManagerId(driver, e7eaea3b1ae3, 39791, None)
[2023-06-25T07:08:48.213+0000] {spark_submit.py:492} INFO - 23/06/25 07:08:48 INFO BlockManager: Initialized BlockManager: BlockManagerId(driver, e7eaea3b1ae3, 39791, None)
[2023-06-25T07:08:48.240+0000] {spark_submit.py:492} INFO - 23/06/25 07:08:48 INFO StandaloneAppClient$ClientEndpoint: Executor updated: app-20230625070848-0002/0 is now RUNNING
[2023-06-25T07:08:48.404+0000] {spark_submit.py:492} INFO - 23/06/25 07:08:48 INFO StandaloneSchedulerBackend: SchedulerBackend is ready for scheduling beginning after reached minRegisteredResourcesRatio: 0.0
[2023-06-25T07:08:48.676+0000] {spark_submit.py:492} INFO - 23/06/25 07:08:48 INFO SharedState: Setting hive.metastore.warehouse.dir ('null') to the value of spark.sql.warehouse.dir.
[2023-06-25T07:08:48.696+0000] {spark_submit.py:492} INFO - 23/06/25 07:08:48 INFO SharedState: Warehouse path is 'file:/opt/***/spark-warehouse'.
[2023-06-25T07:08:50.993+0000] {spark_submit.py:492} INFO - 23/06/25 07:08:50 INFO CoarseGrainedSchedulerBackend$DriverEndpoint: Registered executor NettyRpcEndpointRef(spark-client://Executor) (172.18.0.3:47332) with ID 0,  ResourceProfileId 0
[2023-06-25T07:08:51.136+0000] {spark_submit.py:492} INFO - 23/06/25 07:08:51 INFO BlockManagerMasterEndpoint: Registering block manager 172.18.0.3:40173 with 366.3 MiB RAM, BlockManagerId(0, 172.18.0.3, 40173, None)
[2023-06-25T07:08:52.705+0000] {spark_submit.py:492} INFO - 23/06/25 07:08:52 INFO CodeGenerator: Code generated in 87.229077 ms
[2023-06-25T07:08:52.726+0000] {spark_submit.py:492} INFO - 23/06/25 07:08:52 INFO SparkContext: Starting job: showString at NativeMethodAccessorImpl.java:0
[2023-06-25T07:08:52.738+0000] {spark_submit.py:492} INFO - 23/06/25 07:08:52 INFO DAGScheduler: Got job 0 (showString at NativeMethodAccessorImpl.java:0) with 1 output partitions
[2023-06-25T07:08:52.738+0000] {spark_submit.py:492} INFO - 23/06/25 07:08:52 INFO DAGScheduler: Final stage: ResultStage 0 (showString at NativeMethodAccessorImpl.java:0)
[2023-06-25T07:08:52.739+0000] {spark_submit.py:492} INFO - 23/06/25 07:08:52 INFO DAGScheduler: Parents of final stage: List()
[2023-06-25T07:08:52.740+0000] {spark_submit.py:492} INFO - 23/06/25 07:08:52 INFO DAGScheduler: Missing parents: List()
[2023-06-25T07:08:52.742+0000] {spark_submit.py:492} INFO - 23/06/25 07:08:52 INFO DAGScheduler: Submitting ResultStage 0 (MapPartitionsRDD[6] at showString at NativeMethodAccessorImpl.java:0), which has no missing parents
[2023-06-25T07:08:52.802+0000] {spark_submit.py:492} INFO - 23/06/25 07:08:52 INFO MemoryStore: Block broadcast_0 stored as values in memory (estimated size 11.7 KiB, free 434.4 MiB)
[2023-06-25T07:08:52.825+0000] {spark_submit.py:492} INFO - 23/06/25 07:08:52 INFO MemoryStore: Block broadcast_0_piece0 stored as bytes in memory (estimated size 6.2 KiB, free 434.4 MiB)
[2023-06-25T07:08:52.827+0000] {spark_submit.py:492} INFO - 23/06/25 07:08:52 INFO BlockManagerInfo: Added broadcast_0_piece0 in memory on e7eaea3b1ae3:39791 (size: 6.2 KiB, free: 434.4 MiB)
[2023-06-25T07:08:52.830+0000] {spark_submit.py:492} INFO - 23/06/25 07:08:52 INFO SparkContext: Created broadcast 0 from broadcast at DAGScheduler.scala:1427
[2023-06-25T07:08:52.838+0000] {spark_submit.py:492} INFO - 23/06/25 07:08:52 INFO DAGScheduler: Submitting 1 missing tasks from ResultStage 0 (MapPartitionsRDD[6] at showString at NativeMethodAccessorImpl.java:0) (first 15 tasks are for partitions Vector(0))
[2023-06-25T07:08:52.839+0000] {spark_submit.py:492} INFO - 23/06/25 07:08:52 INFO TaskSchedulerImpl: Adding task set 0.0 with 1 tasks resource profile 0
[2023-06-25T07:08:52.864+0000] {spark_submit.py:492} INFO - 23/06/25 07:08:52 INFO TaskSetManager: Starting task 0.0 in stage 0.0 (TID 0) (172.18.0.3, executor 0, partition 0, PROCESS_LOCAL, 4605 bytes) taskResourceAssignments Map()
[2023-06-25T07:08:53.076+0000] {spark_submit.py:492} INFO - 23/06/25 07:08:53 INFO BlockManagerInfo: Added broadcast_0_piece0 in memory on 172.18.0.3:40173 (size: 6.2 KiB, free: 366.3 MiB)
[2023-06-25T07:08:54.207+0000] {spark_submit.py:492} INFO - 23/06/25 07:08:54 INFO TaskSetManager: Finished task 0.0 in stage 0.0 (TID 0) in 1351 ms on 172.18.0.3 (executor 0) (1/1)
[2023-06-25T07:08:54.208+0000] {spark_submit.py:492} INFO - 23/06/25 07:08:54 INFO TaskSchedulerImpl: Removed TaskSet 0.0, whose tasks have all completed, from pool
[2023-06-25T07:08:54.212+0000] {spark_submit.py:492} INFO - 23/06/25 07:08:54 INFO PythonAccumulatorV2: Connected to AccumulatorServer at host: 127.0.0.1 port: 53059
[2023-06-25T07:08:54.215+0000] {spark_submit.py:492} INFO - 23/06/25 07:08:54 INFO DAGScheduler: ResultStage 0 (showString at NativeMethodAccessorImpl.java:0) finished in 1.464 s
[2023-06-25T07:08:54.218+0000] {spark_submit.py:492} INFO - 23/06/25 07:08:54 INFO DAGScheduler: Job 0 is finished. Cancelling potential speculative or zombie tasks for this job
[2023-06-25T07:08:54.218+0000] {spark_submit.py:492} INFO - 23/06/25 07:08:54 INFO TaskSchedulerImpl: Killing all running tasks in stage 0: Stage finished
[2023-06-25T07:08:54.220+0000] {spark_submit.py:492} INFO - 23/06/25 07:08:54 INFO DAGScheduler: Job 0 finished: showString at NativeMethodAccessorImpl.java:0, took 1.493056 s
[2023-06-25T07:08:54.232+0000] {spark_submit.py:492} INFO - 23/06/25 07:08:54 INFO SparkContext: Starting job: showString at NativeMethodAccessorImpl.java:0
[2023-06-25T07:08:54.233+0000] {spark_submit.py:492} INFO - 23/06/25 07:08:54 INFO DAGScheduler: Got job 1 (showString at NativeMethodAccessorImpl.java:0) with 1 output partitions
[2023-06-25T07:08:54.234+0000] {spark_submit.py:492} INFO - 23/06/25 07:08:54 INFO DAGScheduler: Final stage: ResultStage 1 (showString at NativeMethodAccessorImpl.java:0)
[2023-06-25T07:08:54.234+0000] {spark_submit.py:492} INFO - 23/06/25 07:08:54 INFO DAGScheduler: Parents of final stage: List()
[2023-06-25T07:08:54.234+0000] {spark_submit.py:492} INFO - 23/06/25 07:08:54 INFO DAGScheduler: Missing parents: List()
[2023-06-25T07:08:54.235+0000] {spark_submit.py:492} INFO - 23/06/25 07:08:54 INFO DAGScheduler: Submitting ResultStage 1 (MapPartitionsRDD[6] at showString at NativeMethodAccessorImpl.java:0), which has no missing parents
[2023-06-25T07:08:54.240+0000] {spark_submit.py:492} INFO - 23/06/25 07:08:54 INFO MemoryStore: Block broadcast_1 stored as values in memory (estimated size 11.7 KiB, free 434.4 MiB)
[2023-06-25T07:08:54.244+0000] {spark_submit.py:492} INFO - 23/06/25 07:08:54 INFO MemoryStore: Block broadcast_1_piece0 stored as bytes in memory (estimated size 6.2 KiB, free 434.4 MiB)
[2023-06-25T07:08:54.245+0000] {spark_submit.py:492} INFO - 23/06/25 07:08:54 INFO BlockManagerInfo: Added broadcast_1_piece0 in memory on e7eaea3b1ae3:39791 (size: 6.2 KiB, free: 434.4 MiB)
[2023-06-25T07:08:54.246+0000] {spark_submit.py:492} INFO - 23/06/25 07:08:54 INFO SparkContext: Created broadcast 1 from broadcast at DAGScheduler.scala:1427
[2023-06-25T07:08:54.247+0000] {spark_submit.py:492} INFO - 23/06/25 07:08:54 INFO DAGScheduler: Submitting 1 missing tasks from ResultStage 1 (MapPartitionsRDD[6] at showString at NativeMethodAccessorImpl.java:0) (first 15 tasks are for partitions Vector(1))
[2023-06-25T07:08:54.248+0000] {spark_submit.py:492} INFO - 23/06/25 07:08:54 INFO TaskSchedulerImpl: Adding task set 1.0 with 1 tasks resource profile 0
[2023-06-25T07:08:54.250+0000] {spark_submit.py:492} INFO - 23/06/25 07:08:54 INFO TaskSetManager: Starting task 0.0 in stage 1.0 (TID 1) (172.18.0.3, executor 0, partition 1, PROCESS_LOCAL, 4529 bytes) taskResourceAssignments Map()
[2023-06-25T07:08:54.268+0000] {spark_submit.py:492} INFO - 23/06/25 07:08:54 INFO BlockManagerInfo: Added broadcast_1_piece0 in memory on 172.18.0.3:40173 (size: 6.2 KiB, free: 366.3 MiB)
[2023-06-25T07:08:54.332+0000] {spark_submit.py:492} INFO - 23/06/25 07:08:54 INFO TaskSetManager: Finished task 0.0 in stage 1.0 (TID 1) in 82 ms on 172.18.0.3 (executor 0) (1/1)
[2023-06-25T07:08:54.332+0000] {spark_submit.py:492} INFO - 23/06/25 07:08:54 INFO TaskSchedulerImpl: Removed TaskSet 1.0, whose tasks have all completed, from pool
[2023-06-25T07:08:54.333+0000] {spark_submit.py:492} INFO - 23/06/25 07:08:54 INFO DAGScheduler: ResultStage 1 (showString at NativeMethodAccessorImpl.java:0) finished in 0.097 s
[2023-06-25T07:08:54.334+0000] {spark_submit.py:492} INFO - 23/06/25 07:08:54 INFO DAGScheduler: Job 1 is finished. Cancelling potential speculative or zombie tasks for this job
[2023-06-25T07:08:54.334+0000] {spark_submit.py:492} INFO - 23/06/25 07:08:54 INFO TaskSchedulerImpl: Killing all running tasks in stage 1: Stage finished
[2023-06-25T07:08:54.334+0000] {spark_submit.py:492} INFO - 23/06/25 07:08:54 INFO DAGScheduler: Job 1 finished: showString at NativeMethodAccessorImpl.java:0, took 0.102102 s
[2023-06-25T07:08:54.366+0000] {spark_submit.py:492} INFO - 23/06/25 07:08:54 INFO CodeGenerator: Code generated in 15.29946 ms
[2023-06-25T07:08:54.378+0000] {spark_submit.py:492} INFO - +-----+-----------------------------------------------------------------------------+
[2023-06-25T07:08:54.379+0000] {spark_submit.py:492} INFO - |Seqno|Quote                                                                        |
[2023-06-25T07:08:54.379+0000] {spark_submit.py:492} INFO - +-----+-----------------------------------------------------------------------------+
[2023-06-25T07:08:54.379+0000] {spark_submit.py:492} INFO - |1    |Be the change that you wish to see in the world                              |
[2023-06-25T07:08:54.379+0000] {spark_submit.py:492} INFO - |2    |Everyone thinks of changing the world, but no one thinks of changing himself.|
[2023-06-25T07:08:54.379+0000] {spark_submit.py:492} INFO - |3    |The purpose of our lives is to be happy.                                     |
[2023-06-25T07:08:54.379+0000] {spark_submit.py:492} INFO - |4    |Be cool.                                                                     |
[2023-06-25T07:08:54.379+0000] {spark_submit.py:492} INFO - +-----+-----------------------------------------------------------------------------+
[2023-06-25T07:08:54.380+0000] {spark_submit.py:492} INFO - 
[2023-06-25T07:08:54.457+0000] {spark_submit.py:492} INFO - 23/06/25 07:08:54 INFO BlockManagerInfo: Removed broadcast_1_piece0 on e7eaea3b1ae3:39791 in memory (size: 6.2 KiB, free: 434.4 MiB)
[2023-06-25T07:08:54.457+0000] {spark_submit.py:492} INFO - 23/06/25 07:08:54 INFO BlockManagerInfo: Removed broadcast_1_piece0 on 172.18.0.3:40173 in memory (size: 6.2 KiB, free: 366.3 MiB)
[2023-06-25T07:08:54.469+0000] {spark_submit.py:492} INFO - 23/06/25 07:08:54 INFO BlockManagerInfo: Removed broadcast_0_piece0 on e7eaea3b1ae3:39791 in memory (size: 6.2 KiB, free: 434.4 MiB)
[2023-06-25T07:08:54.472+0000] {spark_submit.py:492} INFO - Traceback (most recent call last):
[2023-06-25T07:08:54.472+0000] {spark_submit.py:492} INFO - File "/opt/***/dags/spark_etl_spark_minio.py", line 41, in <module>
[2023-06-25T07:08:54.473+0000] {spark_submit.py:492} INFO - 23/06/25 07:08:54 INFO BlockManagerInfo: Removed broadcast_0_piece0 on 172.18.0.3:40173 in memory (size: 6.2 KiB, free: 366.3 MiB)
[2023-06-25T07:08:54.473+0000] {spark_submit.py:492} INFO - df.write.format("csv").mode("append").save("s3a://datalake/test")
[2023-06-25T07:08:54.473+0000] {spark_submit.py:492} INFO - File "/opt/spark/python/lib/pyspark.zip/pyspark/sql/readwriter.py", line 740, in save
[2023-06-25T07:08:54.473+0000] {spark_submit.py:492} INFO - File "/opt/spark/python/lib/py4j-0.10.9.2-src.zip/py4j/java_gateway.py", line 1309, in __call__
[2023-06-25T07:08:54.473+0000] {spark_submit.py:492} INFO - File "/opt/spark/python/lib/pyspark.zip/pyspark/sql/utils.py", line 111, in deco
[2023-06-25T07:08:54.473+0000] {spark_submit.py:492} INFO - File "/opt/spark/python/lib/py4j-0.10.9.2-src.zip/py4j/protocol.py", line 326, in get_return_value
[2023-06-25T07:08:54.473+0000] {spark_submit.py:492} INFO - py4j.protocol.Py4JJavaError: An error occurred while calling o72.save.
[2023-06-25T07:08:54.473+0000] {spark_submit.py:492} INFO - : java.lang.RuntimeException: java.lang.ClassNotFoundException: Class org.apache.hadoop.fs.s3a.S3AFileSystem not found
[2023-06-25T07:08:54.474+0000] {spark_submit.py:492} INFO - at org.apache.hadoop.conf.Configuration.getClass(Configuration.java:2667)
[2023-06-25T07:08:54.474+0000] {spark_submit.py:492} INFO - at org.apache.hadoop.fs.FileSystem.getFileSystemClass(FileSystem.java:3431)
[2023-06-25T07:08:54.474+0000] {spark_submit.py:492} INFO - at org.apache.hadoop.fs.FileSystem.createFileSystem(FileSystem.java:3466)
[2023-06-25T07:08:54.474+0000] {spark_submit.py:492} INFO - at org.apache.hadoop.fs.FileSystem.access$300(FileSystem.java:174)
[2023-06-25T07:08:54.474+0000] {spark_submit.py:492} INFO - at org.apache.hadoop.fs.FileSystem$Cache.getInternal(FileSystem.java:3574)
[2023-06-25T07:08:54.474+0000] {spark_submit.py:492} INFO - at org.apache.hadoop.fs.FileSystem$Cache.get(FileSystem.java:3521)
[2023-06-25T07:08:54.474+0000] {spark_submit.py:492} INFO - at org.apache.hadoop.fs.FileSystem.get(FileSystem.java:540)
[2023-06-25T07:08:54.474+0000] {spark_submit.py:492} INFO - at org.apache.hadoop.fs.Path.getFileSystem(Path.java:365)
[2023-06-25T07:08:54.474+0000] {spark_submit.py:492} INFO - at org.apache.spark.sql.execution.datasources.DataSource.planForWritingFileFormat(DataSource.scala:461)
[2023-06-25T07:08:54.474+0000] {spark_submit.py:492} INFO - at org.apache.spark.sql.execution.datasources.DataSource.planForWriting(DataSource.scala:556)
[2023-06-25T07:08:54.475+0000] {spark_submit.py:492} INFO - at org.apache.spark.sql.DataFrameWriter.saveToV1Source(DataFrameWriter.scala:382)
[2023-06-25T07:08:54.475+0000] {spark_submit.py:492} INFO - at org.apache.spark.sql.DataFrameWriter.saveInternal(DataFrameWriter.scala:355)
[2023-06-25T07:08:54.475+0000] {spark_submit.py:492} INFO - at org.apache.spark.sql.DataFrameWriter.save(DataFrameWriter.scala:239)
[2023-06-25T07:08:54.475+0000] {spark_submit.py:492} INFO - at java.base/jdk.internal.reflect.NativeMethodAccessorImpl.invoke0(Native Method)
[2023-06-25T07:08:54.475+0000] {spark_submit.py:492} INFO - at java.base/jdk.internal.reflect.NativeMethodAccessorImpl.invoke(NativeMethodAccessorImpl.java:62)
[2023-06-25T07:08:54.475+0000] {spark_submit.py:492} INFO - at java.base/jdk.internal.reflect.DelegatingMethodAccessorImpl.invoke(DelegatingMethodAccessorImpl.java:43)
[2023-06-25T07:08:54.475+0000] {spark_submit.py:492} INFO - at java.base/java.lang.reflect.Method.invoke(Method.java:566)
[2023-06-25T07:08:54.475+0000] {spark_submit.py:492} INFO - at py4j.reflection.MethodInvoker.invoke(MethodInvoker.java:244)
[2023-06-25T07:08:54.475+0000] {spark_submit.py:492} INFO - at py4j.reflection.ReflectionEngine.invoke(ReflectionEngine.java:357)
[2023-06-25T07:08:54.475+0000] {spark_submit.py:492} INFO - at py4j.Gateway.invoke(Gateway.java:282)
[2023-06-25T07:08:54.475+0000] {spark_submit.py:492} INFO - at py4j.commands.AbstractCommand.invokeMethod(AbstractCommand.java:132)
[2023-06-25T07:08:54.476+0000] {spark_submit.py:492} INFO - at py4j.commands.CallCommand.execute(CallCommand.java:79)
[2023-06-25T07:08:54.476+0000] {spark_submit.py:492} INFO - at py4j.ClientServerConnection.waitForCommands(ClientServerConnection.java:182)
[2023-06-25T07:08:54.476+0000] {spark_submit.py:492} INFO - at py4j.ClientServerConnection.run(ClientServerConnection.java:106)
[2023-06-25T07:08:54.476+0000] {spark_submit.py:492} INFO - at java.base/java.lang.Thread.run(Thread.java:829)
[2023-06-25T07:08:54.476+0000] {spark_submit.py:492} INFO - Caused by: java.lang.ClassNotFoundException: Class org.apache.hadoop.fs.s3a.S3AFileSystem not found
[2023-06-25T07:08:54.476+0000] {spark_submit.py:492} INFO - at org.apache.hadoop.conf.Configuration.getClassByName(Configuration.java:2571)
[2023-06-25T07:08:54.476+0000] {spark_submit.py:492} INFO - at org.apache.hadoop.conf.Configuration.getClass(Configuration.java:2665)
[2023-06-25T07:08:54.476+0000] {spark_submit.py:492} INFO - ... 24 more
[2023-06-25T07:08:54.476+0000] {spark_submit.py:492} INFO - 
[2023-06-25T07:08:54.539+0000] {spark_submit.py:492} INFO - 23/06/25 07:08:54 INFO SparkContext: Invoking stop() from shutdown hook
[2023-06-25T07:08:54.545+0000] {spark_submit.py:492} INFO - 23/06/25 07:08:54 INFO SparkUI: Stopped Spark web UI at http://e7eaea3b1ae3:4040
[2023-06-25T07:08:54.547+0000] {spark_submit.py:492} INFO - 23/06/25 07:08:54 INFO StandaloneSchedulerBackend: Shutting down all executors
[2023-06-25T07:08:54.548+0000] {spark_submit.py:492} INFO - 23/06/25 07:08:54 INFO CoarseGrainedSchedulerBackend$DriverEndpoint: Asking each executor to shut down
[2023-06-25T07:08:54.562+0000] {spark_submit.py:492} INFO - 23/06/25 07:08:54 INFO MapOutputTrackerMasterEndpoint: MapOutputTrackerMasterEndpoint stopped!
[2023-06-25T07:08:54.574+0000] {spark_submit.py:492} INFO - 23/06/25 07:08:54 INFO MemoryStore: MemoryStore cleared
[2023-06-25T07:08:54.575+0000] {spark_submit.py:492} INFO - 23/06/25 07:08:54 INFO BlockManager: BlockManager stopped
[2023-06-25T07:08:54.577+0000] {spark_submit.py:492} INFO - 23/06/25 07:08:54 INFO BlockManagerMaster: BlockManagerMaster stopped
[2023-06-25T07:08:54.579+0000] {spark_submit.py:492} INFO - 23/06/25 07:08:54 INFO OutputCommitCoordinator$OutputCommitCoordinatorEndpoint: OutputCommitCoordinator stopped!
[2023-06-25T07:08:54.630+0000] {spark_submit.py:492} INFO - 23/06/25 07:08:54 INFO SparkContext: Successfully stopped SparkContext
[2023-06-25T07:08:54.631+0000] {spark_submit.py:492} INFO - 23/06/25 07:08:54 INFO ShutdownHookManager: Shutdown hook called
[2023-06-25T07:08:54.631+0000] {spark_submit.py:492} INFO - 23/06/25 07:08:54 INFO ShutdownHookManager: Deleting directory /tmp/spark-d5add536-a3b2-417c-af5b-5ba3c2a6ce19
[2023-06-25T07:08:54.634+0000] {spark_submit.py:492} INFO - 23/06/25 07:08:54 INFO ShutdownHookManager: Deleting directory /tmp/spark-d5add536-a3b2-417c-af5b-5ba3c2a6ce19/pyspark-c4d4c98d-99ae-403c-8033-813ed4151a55
[2023-06-25T07:08:54.637+0000] {spark_submit.py:492} INFO - 23/06/25 07:08:54 INFO ShutdownHookManager: Deleting directory /tmp/spark-17041432-ab2e-4bcb-a879-b4c56b0748f4
[2023-06-25T07:08:54.753+0000] {taskinstance.py:1775} ERROR - Task failed with exception
Traceback (most recent call last):
  File "/home/airflow/.local/lib/python3.8/site-packages/airflow/providers/apache/spark/operators/spark_submit.py", line 157, in execute
    self._hook.submit(self._application)
  File "/home/airflow/.local/lib/python3.8/site-packages/airflow/providers/apache/spark/hooks/spark_submit.py", line 423, in submit
    raise AirflowException(
airflow.exceptions.AirflowException: Cannot execute: spark-submit --master spark://spark:7077 --conf spark.hadoop.fs.s3a.access.key=minioadmin --conf spark.hadoop.fs.s3a.secret.key=****** --conf spark.hadoop.fs.s3a.endpoint=http://minio:9000 --conf spark.hadoop.fs.s3a.aws.credentials.provider=org.apache.hadoop.fs.s3a.SimpleAWSCredentialsProvider --conf spark.hadoop.fs.s3a.path.style.access=true --jars local:///opt/bitnami/spark/jars --name arrow-spark /opt/***/dags/spark_etl_spark_minio.py. Error code is: 1.
[2023-06-25T07:08:54.755+0000] {taskinstance.py:1321} INFO - Marking task as UP_FOR_RETRY. dag_id=spark_etl_minio_v21, task_id=spark_submit_task, execution_date=20230625T070843, start_date=20230625T070844, end_date=20230625T070854
[2023-06-25T07:08:54.765+0000] {standard_task_runner.py:100} ERROR - Failed to execute job 317 for task spark_submit_task (Cannot execute: spark-submit --master spark://spark:7077 --conf spark.hadoop.fs.s3a.access.key=minioadmin --conf spark.hadoop.fs.s3a.secret.key=****** --conf spark.hadoop.fs.s3a.endpoint=http://minio:9000 --conf spark.hadoop.fs.s3a.aws.credentials.provider=org.apache.hadoop.fs.s3a.SimpleAWSCredentialsProvider --conf spark.hadoop.fs.s3a.path.style.access=true --jars local:///opt/bitnami/spark/jars --name arrow-spark /opt/***/dags/spark_etl_spark_minio.py. Error code is: 1.; 826)
[2023-06-25T07:08:54.798+0000] {local_task_job.py:212} INFO - Task exited with return code 1
[2023-06-25T07:08:54.810+0000] {taskinstance.py:2585} INFO - 0 downstream tasks scheduled from follow-on schedule check
