[2023-06-24T16:26:46.124+0000] {taskinstance.py:1084} INFO - Dependencies all met for dep_context=non-requeueable deps ti=<TaskInstance: spark_etl_minio.spark_submit_task scheduled__2023-06-22T00:00:00+00:00 [queued]>
[2023-06-24T16:26:46.137+0000] {taskinstance.py:1084} INFO - Dependencies all met for dep_context=requeueable deps ti=<TaskInstance: spark_etl_minio.spark_submit_task scheduled__2023-06-22T00:00:00+00:00 [queued]>
[2023-06-24T16:26:46.138+0000] {taskinstance.py:1282} INFO - 
--------------------------------------------------------------------------------
[2023-06-24T16:26:46.138+0000] {taskinstance.py:1283} INFO - Starting attempt 1 of 6
[2023-06-24T16:26:46.138+0000] {taskinstance.py:1284} INFO - 
--------------------------------------------------------------------------------
[2023-06-24T16:26:46.158+0000] {taskinstance.py:1303} INFO - Executing <Task(SparkSubmitOperator): spark_submit_task> on 2023-06-22 00:00:00+00:00
[2023-06-24T16:26:46.167+0000] {standard_task_runner.py:55} INFO - Started process 3340 to run task
[2023-06-24T16:26:46.174+0000] {standard_task_runner.py:82} INFO - Running: ['***', 'tasks', 'run', 'spark_etl_minio', 'spark_submit_task', 'scheduled__2023-06-22T00:00:00+00:00', '--job-id', '95', '--raw', '--subdir', 'DAGS_FOLDER/spark_job_minio.py', '--cfg-path', '/tmp/tmpco56lbt5']
[2023-06-24T16:26:46.175+0000] {standard_task_runner.py:83} INFO - Job 95: Subtask spark_submit_task
[2023-06-24T16:26:46.196+0000] {warnings.py:109} WARNING - /home/***/.local/lib/python3.8/site-packages/***/settings.py:250: DeprecationWarning: The sql_alchemy_conn option in [core] has been moved to the sql_alchemy_conn option in [database] - the old setting has been used, but please update your config.
  SQL_ALCHEMY_CONN = conf.get("database", "SQL_ALCHEMY_CONN")

[2023-06-24T16:26:46.221+0000] {warnings.py:109} WARNING - /home/***/.local/lib/python3.8/site-packages/***/utils/sqlalchemy.py:124: DeprecationWarning: The sql_alchemy_conn option in [core] has been moved to the sql_alchemy_conn option in [database] - the old setting has been used, but please update your config.
  return not conf.get("database", "sql_alchemy_conn").startswith("mssql")

[2023-06-24T16:26:46.266+0000] {task_command.py:388} INFO - Running <TaskInstance: spark_etl_minio.spark_submit_task scheduled__2023-06-22T00:00:00+00:00 [running]> on host a8d69ab09d2d
[2023-06-24T16:26:46.360+0000] {taskinstance.py:1509} INFO - Exporting the following env vars:
AIRFLOW_CTX_DAG_OWNER=***
AIRFLOW_CTX_DAG_ID=spark_etl_minio
AIRFLOW_CTX_TASK_ID=spark_submit_task
AIRFLOW_CTX_EXECUTION_DATE=2023-06-22T00:00:00+00:00
AIRFLOW_CTX_TRY_NUMBER=1
AIRFLOW_CTX_DAG_RUN_ID=scheduled__2023-06-22T00:00:00+00:00
[2023-06-24T16:26:46.371+0000] {base.py:73} INFO - Using connection ID 'spark_conn' for task execution.
[2023-06-24T16:26:46.373+0000] {spark_submit.py:341} INFO - Spark-Submit cmd: spark-submit --master spark://spark:7077 --name arrow-spark /opt/***/dags/spark_etl_spark_minio.py
[2023-06-24T16:26:48.543+0000] {spark_submit.py:492} INFO - WARNING: An illegal reflective access operation has occurred
[2023-06-24T16:26:48.544+0000] {spark_submit.py:492} INFO - WARNING: Illegal reflective access by org.apache.spark.unsafe.Platform (file:/opt/spark/jars/spark-unsafe_2.12-3.2.0.jar) to constructor java.nio.DirectByteBuffer(long,int)
[2023-06-24T16:26:48.544+0000] {spark_submit.py:492} INFO - WARNING: Please consider reporting this to the maintainers of org.apache.spark.unsafe.Platform
[2023-06-24T16:26:48.544+0000] {spark_submit.py:492} INFO - WARNING: Use --illegal-access=warn to enable warnings of further illegal reflective access operations
[2023-06-24T16:26:48.544+0000] {spark_submit.py:492} INFO - WARNING: All illegal access operations will be denied in a future release
[2023-06-24T16:26:51.469+0000] {spark_submit.py:492} INFO - Using Spark's default log4j profile: org/apache/spark/log4j-defaults.properties
[2023-06-24T16:26:51.482+0000] {spark_submit.py:492} INFO - 23/06/24 16:26:51 INFO SparkContext: Running Spark version 3.2.0
[2023-06-24T16:26:51.813+0000] {spark_submit.py:492} INFO - 23/06/24 16:26:51 WARN NativeCodeLoader: Unable to load native-hadoop library for your platform... using builtin-java classes where applicable
[2023-06-24T16:26:52.639+0000] {spark_submit.py:492} INFO - 23/06/24 16:26:52 INFO ResourceUtils: ==============================================================
[2023-06-24T16:26:52.640+0000] {spark_submit.py:492} INFO - 23/06/24 16:26:52 INFO ResourceUtils: No custom resources configured for spark.driver.
[2023-06-24T16:26:52.640+0000] {spark_submit.py:492} INFO - 23/06/24 16:26:52 INFO ResourceUtils: ==============================================================
[2023-06-24T16:26:52.641+0000] {spark_submit.py:492} INFO - 23/06/24 16:26:52 INFO SparkContext: Submitted application: arrow-spark
[2023-06-24T16:26:52.773+0000] {spark_submit.py:492} INFO - 23/06/24 16:26:52 INFO ResourceProfile: Default ResourceProfile created, executor resources: Map(cores -> name: cores, amount: 1, script: , vendor: , memory -> name: memory, amount: 1024, script: , vendor: , offHeap -> name: offHeap, amount: 0, script: , vendor: ), task resources: Map(cpus -> name: cpus, amount: 1.0)
[2023-06-24T16:26:52.825+0000] {spark_submit.py:492} INFO - 23/06/24 16:26:52 INFO ResourceProfile: Limiting resource is cpu
[2023-06-24T16:26:52.836+0000] {spark_submit.py:492} INFO - 23/06/24 16:26:52 INFO ResourceProfileManager: Added ResourceProfile id: 0
[2023-06-24T16:26:53.066+0000] {spark_submit.py:492} INFO - 23/06/24 16:26:53 INFO SecurityManager: Changing view acls to: default
[2023-06-24T16:26:53.067+0000] {spark_submit.py:492} INFO - 23/06/24 16:26:53 INFO SecurityManager: Changing modify acls to: default
[2023-06-24T16:26:53.068+0000] {spark_submit.py:492} INFO - 23/06/24 16:26:53 INFO SecurityManager: Changing view acls groups to:
[2023-06-24T16:26:53.069+0000] {spark_submit.py:492} INFO - 23/06/24 16:26:53 INFO SecurityManager: Changing modify acls groups to:
[2023-06-24T16:26:53.070+0000] {spark_submit.py:492} INFO - 23/06/24 16:26:53 INFO SecurityManager: SecurityManager: authentication disabled; ui acls disabled; users  with view permissions: Set(default); groups with view permissions: Set(); users  with modify permissions: Set(default); groups with modify permissions: Set()
[2023-06-24T16:26:54.046+0000] {spark_submit.py:492} INFO - 23/06/24 16:26:54 INFO Utils: Successfully started service 'sparkDriver' on port 44681.
[2023-06-24T16:26:54.122+0000] {spark_submit.py:492} INFO - 23/06/24 16:26:54 INFO SparkEnv: Registering MapOutputTracker
[2023-06-24T16:26:54.188+0000] {spark_submit.py:492} INFO - 23/06/24 16:26:54 INFO SparkEnv: Registering BlockManagerMaster
[2023-06-24T16:26:54.220+0000] {spark_submit.py:492} INFO - 23/06/24 16:26:54 INFO BlockManagerMasterEndpoint: Using org.apache.spark.storage.DefaultTopologyMapper for getting topology information
[2023-06-24T16:26:54.220+0000] {spark_submit.py:492} INFO - 23/06/24 16:26:54 INFO BlockManagerMasterEndpoint: BlockManagerMasterEndpoint up
[2023-06-24T16:26:54.237+0000] {spark_submit.py:492} INFO - 23/06/24 16:26:54 INFO SparkEnv: Registering BlockManagerMasterHeartbeat
[2023-06-24T16:26:54.318+0000] {spark_submit.py:492} INFO - 23/06/24 16:26:54 INFO DiskBlockManager: Created local directory at /tmp/blockmgr-c6b5c600-7e34-4b5c-a1e2-d872eeaeb1e6
[2023-06-24T16:26:54.341+0000] {spark_submit.py:492} INFO - 23/06/24 16:26:54 INFO MemoryStore: MemoryStore started with capacity 434.4 MiB
[2023-06-24T16:26:54.384+0000] {spark_submit.py:492} INFO - 23/06/24 16:26:54 INFO SparkEnv: Registering OutputCommitCoordinator
[2023-06-24T16:26:55.167+0000] {spark_submit.py:492} INFO - 23/06/24 16:26:55 WARN Utils: Service 'SparkUI' could not bind on port 4040. Attempting port 4041.
[2023-06-24T16:26:55.195+0000] {spark_submit.py:492} INFO - 23/06/24 16:26:55 INFO Utils: Successfully started service 'SparkUI' on port 4041.
[2023-06-24T16:26:55.462+0000] {spark_submit.py:492} INFO - 23/06/24 16:26:55 INFO SparkUI: Bound SparkUI to 0.0.0.0, and started at http://a8d69ab09d2d:4041
[2023-06-24T16:26:56.492+0000] {spark_submit.py:492} INFO - 23/06/24 16:26:56 INFO StandaloneAppClient$ClientEndpoint: Connecting to master spark://spark:7077...
[2023-06-24T16:26:56.759+0000] {spark_submit.py:492} INFO - 23/06/24 16:26:56 INFO TransportClientFactory: Successfully created connection to spark/172.19.0.11:7077 after 118 ms (0 ms spent in bootstraps)
[2023-06-24T16:26:57.054+0000] {spark_submit.py:492} INFO - 23/06/24 16:26:57 INFO StandaloneSchedulerBackend: Connected to Spark cluster with app ID app-20230624162657-0017
[2023-06-24T16:26:57.071+0000] {spark_submit.py:492} INFO - 23/06/24 16:26:57 INFO Utils: Successfully started service 'org.apache.spark.network.netty.NettyBlockTransferService' on port 46299.
[2023-06-24T16:26:57.071+0000] {spark_submit.py:492} INFO - 23/06/24 16:26:57 INFO NettyBlockTransferService: Server created on a8d69ab09d2d:46299
[2023-06-24T16:26:57.074+0000] {spark_submit.py:492} INFO - 23/06/24 16:26:57 INFO BlockManager: Using org.apache.spark.storage.RandomBlockReplicationPolicy for block replication policy
[2023-06-24T16:26:57.083+0000] {spark_submit.py:492} INFO - 23/06/24 16:26:57 INFO BlockManagerMaster: Registering BlockManager BlockManagerId(driver, a8d69ab09d2d, 46299, None)
[2023-06-24T16:26:57.104+0000] {spark_submit.py:492} INFO - 23/06/24 16:26:57 INFO BlockManagerMasterEndpoint: Registering block manager a8d69ab09d2d:46299 with 434.4 MiB RAM, BlockManagerId(driver, a8d69ab09d2d, 46299, None)
[2023-06-24T16:26:57.109+0000] {spark_submit.py:492} INFO - 23/06/24 16:26:57 INFO BlockManagerMaster: Registered BlockManager BlockManagerId(driver, a8d69ab09d2d, 46299, None)
[2023-06-24T16:26:57.112+0000] {spark_submit.py:492} INFO - 23/06/24 16:26:57 INFO BlockManager: Initialized BlockManager: BlockManagerId(driver, a8d69ab09d2d, 46299, None)
[2023-06-24T16:26:57.800+0000] {spark_submit.py:492} INFO - 23/06/24 16:26:57 INFO StandaloneSchedulerBackend: SchedulerBackend is ready for scheduling beginning after reached minRegisteredResourcesRatio: 0.0
[2023-06-24T16:26:58.405+0000] {spark_submit.py:492} INFO - 23/06/24 16:26:58 INFO SharedState: Setting hive.metastore.warehouse.dir ('null') to the value of spark.sql.warehouse.dir.
[2023-06-24T16:26:58.486+0000] {spark_submit.py:492} INFO - 23/06/24 16:26:58 INFO SharedState: Warehouse path is 'file:/opt/***/spark-warehouse'.
[2023-06-24T16:27:06.704+0000] {spark_submit.py:492} INFO - 23/06/24 16:27:06 INFO CodeGenerator: Code generated in 442.391386 ms
[2023-06-24T16:27:06.770+0000] {spark_submit.py:492} INFO - 23/06/24 16:27:06 INFO SparkContext: Starting job: showString at NativeMethodAccessorImpl.java:0
[2023-06-24T16:27:06.796+0000] {spark_submit.py:492} INFO - 23/06/24 16:27:06 INFO DAGScheduler: Got job 0 (showString at NativeMethodAccessorImpl.java:0) with 1 output partitions
[2023-06-24T16:27:06.797+0000] {spark_submit.py:492} INFO - 23/06/24 16:27:06 INFO DAGScheduler: Final stage: ResultStage 0 (showString at NativeMethodAccessorImpl.java:0)
[2023-06-24T16:27:06.798+0000] {spark_submit.py:492} INFO - 23/06/24 16:27:06 INFO DAGScheduler: Parents of final stage: List()
[2023-06-24T16:27:06.802+0000] {spark_submit.py:492} INFO - 23/06/24 16:27:06 INFO DAGScheduler: Missing parents: List()
[2023-06-24T16:27:06.854+0000] {spark_submit.py:492} INFO - 23/06/24 16:27:06 INFO DAGScheduler: Submitting ResultStage 0 (MapPartitionsRDD[6] at showString at NativeMethodAccessorImpl.java:0), which has no missing parents
[2023-06-24T16:27:07.215+0000] {spark_submit.py:492} INFO - 23/06/24 16:27:07 INFO MemoryStore: Block broadcast_0 stored as values in memory (estimated size 11.7 KiB, free 434.4 MiB)
[2023-06-24T16:27:07.369+0000] {spark_submit.py:492} INFO - 23/06/24 16:27:07 INFO MemoryStore: Block broadcast_0_piece0 stored as bytes in memory (estimated size 6.2 KiB, free 434.4 MiB)
[2023-06-24T16:27:07.377+0000] {spark_submit.py:492} INFO - 23/06/24 16:27:07 INFO BlockManagerInfo: Added broadcast_0_piece0 in memory on a8d69ab09d2d:46299 (size: 6.2 KiB, free: 434.4 MiB)
[2023-06-24T16:27:07.390+0000] {spark_submit.py:492} INFO - 23/06/24 16:27:07 INFO SparkContext: Created broadcast 0 from broadcast at DAGScheduler.scala:1427
[2023-06-24T16:27:07.434+0000] {spark_submit.py:492} INFO - 23/06/24 16:27:07 INFO DAGScheduler: Submitting 1 missing tasks from ResultStage 0 (MapPartitionsRDD[6] at showString at NativeMethodAccessorImpl.java:0) (first 15 tasks are for partitions Vector(0))
[2023-06-24T16:27:07.440+0000] {spark_submit.py:492} INFO - 23/06/24 16:27:07 INFO TaskSchedulerImpl: Adding task set 0.0 with 1 tasks resource profile 0
[2023-06-24T16:27:11.879+0000] {spark_submit.py:492} INFO - 23/06/24 16:27:11 INFO StandaloneAppClient$ClientEndpoint: Executor added: app-20230624162657-0017/0 on worker-20230624161025-172.19.0.3-35241 (172.19.0.3:35241) with 1 core(s)
[2023-06-24T16:27:11.879+0000] {spark_submit.py:492} INFO - 23/06/24 16:27:11 INFO StandaloneSchedulerBackend: Granted executor ID app-20230624162657-0017/0 on hostPort 172.19.0.3:35241 with 1 core(s), 1024.0 MiB RAM
[2023-06-24T16:27:12.018+0000] {spark_submit.py:492} INFO - 23/06/24 16:27:12 INFO StandaloneAppClient$ClientEndpoint: Executor updated: app-20230624162657-0017/0 is now RUNNING
[2023-06-24T16:27:14.662+0000] {spark_submit.py:492} INFO - 23/06/24 16:27:14 INFO CoarseGrainedSchedulerBackend$DriverEndpoint: Registered executor NettyRpcEndpointRef(spark-client://Executor) (172.19.0.3:40718) with ID 0,  ResourceProfileId 0
[2023-06-24T16:27:14.783+0000] {spark_submit.py:492} INFO - 23/06/24 16:27:14 INFO BlockManagerMasterEndpoint: Registering block manager 172.19.0.3:33789 with 366.3 MiB RAM, BlockManagerId(0, 172.19.0.3, 33789, None)
[2023-06-24T16:27:14.849+0000] {spark_submit.py:492} INFO - 23/06/24 16:27:14 INFO TaskSetManager: Starting task 0.0 in stage 0.0 (TID 0) (172.19.0.3, executor 0, partition 0, PROCESS_LOCAL, 4605 bytes) taskResourceAssignments Map()
[2023-06-24T16:27:15.156+0000] {spark_submit.py:492} INFO - 23/06/24 16:27:15 INFO BlockManagerInfo: Added broadcast_0_piece0 in memory on 172.19.0.3:33789 (size: 6.2 KiB, free: 366.3 MiB)
[2023-06-24T16:27:17.088+0000] {spark_submit.py:492} INFO - 23/06/24 16:27:17 INFO TaskSetManager: Finished task 0.0 in stage 0.0 (TID 0) in 2251 ms on 172.19.0.3 (executor 0) (1/1)
[2023-06-24T16:27:17.095+0000] {spark_submit.py:492} INFO - 23/06/24 16:27:17 INFO PythonAccumulatorV2: Connected to AccumulatorServer at host: 127.0.0.1 port: 38637
[2023-06-24T16:27:17.097+0000] {spark_submit.py:492} INFO - 23/06/24 16:27:17 INFO TaskSchedulerImpl: Removed TaskSet 0.0, whose tasks have all completed, from pool
[2023-06-24T16:27:17.104+0000] {spark_submit.py:492} INFO - 23/06/24 16:27:17 INFO DAGScheduler: ResultStage 0 (showString at NativeMethodAccessorImpl.java:0) finished in 10.229 s
[2023-06-24T16:27:17.110+0000] {spark_submit.py:492} INFO - 23/06/24 16:27:17 INFO DAGScheduler: Job 0 is finished. Cancelling potential speculative or zombie tasks for this job
[2023-06-24T16:27:17.110+0000] {spark_submit.py:492} INFO - 23/06/24 16:27:17 INFO TaskSchedulerImpl: Killing all running tasks in stage 0: Stage finished
[2023-06-24T16:27:17.113+0000] {spark_submit.py:492} INFO - 23/06/24 16:27:17 INFO DAGScheduler: Job 0 finished: showString at NativeMethodAccessorImpl.java:0, took 10.341527 s
[2023-06-24T16:27:17.129+0000] {spark_submit.py:492} INFO - 23/06/24 16:27:17 INFO SparkContext: Starting job: showString at NativeMethodAccessorImpl.java:0
[2023-06-24T16:27:17.131+0000] {spark_submit.py:492} INFO - 23/06/24 16:27:17 INFO DAGScheduler: Got job 1 (showString at NativeMethodAccessorImpl.java:0) with 1 output partitions
[2023-06-24T16:27:17.131+0000] {spark_submit.py:492} INFO - 23/06/24 16:27:17 INFO DAGScheduler: Final stage: ResultStage 1 (showString at NativeMethodAccessorImpl.java:0)
[2023-06-24T16:27:17.132+0000] {spark_submit.py:492} INFO - 23/06/24 16:27:17 INFO DAGScheduler: Parents of final stage: List()
[2023-06-24T16:27:17.132+0000] {spark_submit.py:492} INFO - 23/06/24 16:27:17 INFO DAGScheduler: Missing parents: List()
[2023-06-24T16:27:17.133+0000] {spark_submit.py:492} INFO - 23/06/24 16:27:17 INFO DAGScheduler: Submitting ResultStage 1 (MapPartitionsRDD[6] at showString at NativeMethodAccessorImpl.java:0), which has no missing parents
[2023-06-24T16:27:17.142+0000] {spark_submit.py:492} INFO - 23/06/24 16:27:17 INFO MemoryStore: Block broadcast_1 stored as values in memory (estimated size 11.7 KiB, free 434.4 MiB)
[2023-06-24T16:27:17.148+0000] {spark_submit.py:492} INFO - 23/06/24 16:27:17 INFO MemoryStore: Block broadcast_1_piece0 stored as bytes in memory (estimated size 6.2 KiB, free 434.4 MiB)
[2023-06-24T16:27:17.149+0000] {spark_submit.py:492} INFO - 23/06/24 16:27:17 INFO BlockManagerInfo: Added broadcast_1_piece0 in memory on a8d69ab09d2d:46299 (size: 6.2 KiB, free: 434.4 MiB)
[2023-06-24T16:27:17.150+0000] {spark_submit.py:492} INFO - 23/06/24 16:27:17 INFO SparkContext: Created broadcast 1 from broadcast at DAGScheduler.scala:1427
[2023-06-24T16:27:17.151+0000] {spark_submit.py:492} INFO - 23/06/24 16:27:17 INFO DAGScheduler: Submitting 1 missing tasks from ResultStage 1 (MapPartitionsRDD[6] at showString at NativeMethodAccessorImpl.java:0) (first 15 tasks are for partitions Vector(1))
[2023-06-24T16:27:17.151+0000] {spark_submit.py:492} INFO - 23/06/24 16:27:17 INFO TaskSchedulerImpl: Adding task set 1.0 with 1 tasks resource profile 0
[2023-06-24T16:27:17.153+0000] {spark_submit.py:492} INFO - 23/06/24 16:27:17 INFO TaskSetManager: Starting task 0.0 in stage 1.0 (TID 1) (172.19.0.3, executor 0, partition 1, PROCESS_LOCAL, 4529 bytes) taskResourceAssignments Map()
[2023-06-24T16:27:17.176+0000] {spark_submit.py:492} INFO - 23/06/24 16:27:17 INFO BlockManagerInfo: Added broadcast_1_piece0 in memory on 172.19.0.3:33789 (size: 6.2 KiB, free: 366.3 MiB)
[2023-06-24T16:27:17.252+0000] {spark_submit.py:492} INFO - 23/06/24 16:27:17 INFO TaskSetManager: Finished task 0.0 in stage 1.0 (TID 1) in 100 ms on 172.19.0.3 (executor 0) (1/1)
[2023-06-24T16:27:17.253+0000] {spark_submit.py:492} INFO - 23/06/24 16:27:17 INFO TaskSchedulerImpl: Removed TaskSet 1.0, whose tasks have all completed, from pool
[2023-06-24T16:27:17.256+0000] {spark_submit.py:492} INFO - 23/06/24 16:27:17 INFO DAGScheduler: ResultStage 1 (showString at NativeMethodAccessorImpl.java:0) finished in 0.120 s
[2023-06-24T16:27:17.257+0000] {spark_submit.py:492} INFO - 23/06/24 16:27:17 INFO DAGScheduler: Job 1 is finished. Cancelling potential speculative or zombie tasks for this job
[2023-06-24T16:27:17.257+0000] {spark_submit.py:492} INFO - 23/06/24 16:27:17 INFO TaskSchedulerImpl: Killing all running tasks in stage 1: Stage finished
[2023-06-24T16:27:17.257+0000] {spark_submit.py:492} INFO - 23/06/24 16:27:17 INFO DAGScheduler: Job 1 finished: showString at NativeMethodAccessorImpl.java:0, took 0.126845 s
[2023-06-24T16:27:17.300+0000] {spark_submit.py:492} INFO - 23/06/24 16:27:17 INFO CodeGenerator: Code generated in 22.957376 ms
[2023-06-24T16:27:17.317+0000] {spark_submit.py:492} INFO - +-----+-----------------------------------------------------------------------------+
[2023-06-24T16:27:17.317+0000] {spark_submit.py:492} INFO - |Seqno|Quote                                                                        |
[2023-06-24T16:27:17.317+0000] {spark_submit.py:492} INFO - +-----+-----------------------------------------------------------------------------+
[2023-06-24T16:27:17.318+0000] {spark_submit.py:492} INFO - |1    |Be the change that you wish to see in the world                              |
[2023-06-24T16:27:17.318+0000] {spark_submit.py:492} INFO - |2    |Everyone thinks of changing the world, but no one thinks of changing himself.|
[2023-06-24T16:27:17.318+0000] {spark_submit.py:492} INFO - |3    |The purpose of our lives is to be happy.                                     |
[2023-06-24T16:27:17.318+0000] {spark_submit.py:492} INFO - |4    |Be cool.                                                                     |
[2023-06-24T16:27:17.318+0000] {spark_submit.py:492} INFO - +-----+-----------------------------------------------------------------------------+
[2023-06-24T16:27:17.318+0000] {spark_submit.py:492} INFO - 
[2023-06-24T16:27:17.445+0000] {spark_submit.py:492} INFO - 23/06/24 16:27:17 INFO BlockManagerInfo: Removed broadcast_0_piece0 on 172.19.0.3:33789 in memory (size: 6.2 KiB, free: 366.3 MiB)
[2023-06-24T16:27:17.450+0000] {spark_submit.py:492} INFO - 23/06/24 16:27:17 INFO BlockManagerInfo: Removed broadcast_0_piece0 on a8d69ab09d2d:46299 in memory (size: 6.2 KiB, free: 434.4 MiB)
[2023-06-24T16:27:17.472+0000] {spark_submit.py:492} INFO - 23/06/24 16:27:17 INFO BlockManagerInfo: Removed broadcast_1_piece0 on a8d69ab09d2d:46299 in memory (size: 6.2 KiB, free: 434.4 MiB)
[2023-06-24T16:27:17.473+0000] {spark_submit.py:492} INFO - 23/06/24 16:27:17 INFO BlockManagerInfo: Removed broadcast_1_piece0 on 172.19.0.3:33789 in memory (size: 6.2 KiB, free: 366.3 MiB)
[2023-06-24T16:27:17.476+0000] {spark_submit.py:492} INFO - Traceback (most recent call last):
[2023-06-24T16:27:17.476+0000] {spark_submit.py:492} INFO - File "/opt/***/dags/spark_etl_spark_minio.py", line 43, in <module>
[2023-06-24T16:27:17.477+0000] {spark_submit.py:492} INFO - df.write.mode("append").parquet("s3a://datalake/test.parquet")
[2023-06-24T16:27:17.477+0000] {spark_submit.py:492} INFO - File "/opt/spark/python/lib/pyspark.zip/pyspark/sql/readwriter.py", line 885, in parquet
[2023-06-24T16:27:17.477+0000] {spark_submit.py:492} INFO - File "/opt/spark/python/lib/py4j-0.10.9.2-src.zip/py4j/java_gateway.py", line 1309, in __call__
[2023-06-24T16:27:17.477+0000] {spark_submit.py:492} INFO - File "/opt/spark/python/lib/pyspark.zip/pyspark/sql/utils.py", line 111, in deco
[2023-06-24T16:27:17.477+0000] {spark_submit.py:492} INFO - File "/opt/spark/python/lib/py4j-0.10.9.2-src.zip/py4j/protocol.py", line 326, in get_return_value
[2023-06-24T16:27:17.478+0000] {spark_submit.py:492} INFO - py4j.protocol.Py4JJavaError: An error occurred while calling o77.parquet.
[2023-06-24T16:27:17.478+0000] {spark_submit.py:492} INFO - : java.lang.RuntimeException: java.lang.ClassNotFoundException: Class org.apache.hadoop.fs.s3a.S3AFileSystem not found
[2023-06-24T16:27:17.478+0000] {spark_submit.py:492} INFO - at org.apache.hadoop.conf.Configuration.getClass(Configuration.java:2667)
[2023-06-24T16:27:17.478+0000] {spark_submit.py:492} INFO - at org.apache.hadoop.fs.FileSystem.getFileSystemClass(FileSystem.java:3431)
[2023-06-24T16:27:17.478+0000] {spark_submit.py:492} INFO - at org.apache.hadoop.fs.FileSystem.createFileSystem(FileSystem.java:3466)
[2023-06-24T16:27:17.478+0000] {spark_submit.py:492} INFO - at org.apache.hadoop.fs.FileSystem.access$300(FileSystem.java:174)
[2023-06-24T16:27:17.478+0000] {spark_submit.py:492} INFO - at org.apache.hadoop.fs.FileSystem$Cache.getInternal(FileSystem.java:3574)
[2023-06-24T16:27:17.478+0000] {spark_submit.py:492} INFO - at org.apache.hadoop.fs.FileSystem$Cache.get(FileSystem.java:3521)
[2023-06-24T16:27:17.479+0000] {spark_submit.py:492} INFO - at org.apache.hadoop.fs.FileSystem.get(FileSystem.java:540)
[2023-06-24T16:27:17.479+0000] {spark_submit.py:492} INFO - at org.apache.hadoop.fs.Path.getFileSystem(Path.java:365)
[2023-06-24T16:27:17.479+0000] {spark_submit.py:492} INFO - at org.apache.spark.sql.execution.datasources.DataSource.planForWritingFileFormat(DataSource.scala:461)
[2023-06-24T16:27:17.479+0000] {spark_submit.py:492} INFO - at org.apache.spark.sql.execution.datasources.DataSource.planForWriting(DataSource.scala:556)
[2023-06-24T16:27:17.479+0000] {spark_submit.py:492} INFO - at org.apache.spark.sql.DataFrameWriter.saveToV1Source(DataFrameWriter.scala:382)
[2023-06-24T16:27:17.479+0000] {spark_submit.py:492} INFO - at org.apache.spark.sql.DataFrameWriter.saveInternal(DataFrameWriter.scala:355)
[2023-06-24T16:27:17.479+0000] {spark_submit.py:492} INFO - at org.apache.spark.sql.DataFrameWriter.save(DataFrameWriter.scala:239)
[2023-06-24T16:27:17.479+0000] {spark_submit.py:492} INFO - at org.apache.spark.sql.DataFrameWriter.parquet(DataFrameWriter.scala:781)
[2023-06-24T16:27:17.479+0000] {spark_submit.py:492} INFO - at java.base/jdk.internal.reflect.NativeMethodAccessorImpl.invoke0(Native Method)
[2023-06-24T16:27:17.480+0000] {spark_submit.py:492} INFO - at java.base/jdk.internal.reflect.NativeMethodAccessorImpl.invoke(NativeMethodAccessorImpl.java:62)
[2023-06-24T16:27:17.480+0000] {spark_submit.py:492} INFO - at java.base/jdk.internal.reflect.DelegatingMethodAccessorImpl.invoke(DelegatingMethodAccessorImpl.java:43)
[2023-06-24T16:27:17.480+0000] {spark_submit.py:492} INFO - at java.base/java.lang.reflect.Method.invoke(Method.java:566)
[2023-06-24T16:27:17.480+0000] {spark_submit.py:492} INFO - at py4j.reflection.MethodInvoker.invoke(MethodInvoker.java:244)
[2023-06-24T16:27:17.480+0000] {spark_submit.py:492} INFO - at py4j.reflection.ReflectionEngine.invoke(ReflectionEngine.java:357)
[2023-06-24T16:27:17.481+0000] {spark_submit.py:492} INFO - at py4j.Gateway.invoke(Gateway.java:282)
[2023-06-24T16:27:17.481+0000] {spark_submit.py:492} INFO - at py4j.commands.AbstractCommand.invokeMethod(AbstractCommand.java:132)
[2023-06-24T16:27:17.481+0000] {spark_submit.py:492} INFO - at py4j.commands.CallCommand.execute(CallCommand.java:79)
[2023-06-24T16:27:17.481+0000] {spark_submit.py:492} INFO - at py4j.ClientServerConnection.waitForCommands(ClientServerConnection.java:182)
[2023-06-24T16:27:17.481+0000] {spark_submit.py:492} INFO - at py4j.ClientServerConnection.run(ClientServerConnection.java:106)
[2023-06-24T16:27:17.481+0000] {spark_submit.py:492} INFO - at java.base/java.lang.Thread.run(Thread.java:829)
[2023-06-24T16:27:17.481+0000] {spark_submit.py:492} INFO - Caused by: java.lang.ClassNotFoundException: Class org.apache.hadoop.fs.s3a.S3AFileSystem not found
[2023-06-24T16:27:17.481+0000] {spark_submit.py:492} INFO - at org.apache.hadoop.conf.Configuration.getClassByName(Configuration.java:2571)
[2023-06-24T16:27:17.482+0000] {spark_submit.py:492} INFO - at org.apache.hadoop.conf.Configuration.getClass(Configuration.java:2665)
[2023-06-24T16:27:17.482+0000] {spark_submit.py:492} INFO - ... 25 more
[2023-06-24T16:27:17.482+0000] {spark_submit.py:492} INFO - 
[2023-06-24T16:27:17.633+0000] {spark_submit.py:492} INFO - 23/06/24 16:27:17 INFO SparkContext: Invoking stop() from shutdown hook
[2023-06-24T16:27:17.665+0000] {spark_submit.py:492} INFO - 23/06/24 16:27:17 INFO SparkUI: Stopped Spark web UI at http://a8d69ab09d2d:4041
[2023-06-24T16:27:17.672+0000] {spark_submit.py:492} INFO - 23/06/24 16:27:17 INFO StandaloneSchedulerBackend: Shutting down all executors
[2023-06-24T16:27:17.674+0000] {spark_submit.py:492} INFO - 23/06/24 16:27:17 INFO CoarseGrainedSchedulerBackend$DriverEndpoint: Asking each executor to shut down
[2023-06-24T16:27:17.713+0000] {spark_submit.py:492} INFO - 23/06/24 16:27:17 INFO MapOutputTrackerMasterEndpoint: MapOutputTrackerMasterEndpoint stopped!
[2023-06-24T16:27:17.833+0000] {spark_submit.py:492} INFO - 23/06/24 16:27:17 INFO MemoryStore: MemoryStore cleared
[2023-06-24T16:27:17.837+0000] {spark_submit.py:492} INFO - 23/06/24 16:27:17 INFO BlockManager: BlockManager stopped
[2023-06-24T16:27:17.840+0000] {spark_submit.py:492} INFO - 23/06/24 16:27:17 INFO BlockManagerMaster: BlockManagerMaster stopped
[2023-06-24T16:27:17.842+0000] {spark_submit.py:492} INFO - 23/06/24 16:27:17 INFO OutputCommitCoordinator$OutputCommitCoordinatorEndpoint: OutputCommitCoordinator stopped!
[2023-06-24T16:27:17.881+0000] {spark_submit.py:492} INFO - 23/06/24 16:27:17 INFO SparkContext: Successfully stopped SparkContext
[2023-06-24T16:27:17.881+0000] {spark_submit.py:492} INFO - 23/06/24 16:27:17 INFO ShutdownHookManager: Shutdown hook called
[2023-06-24T16:27:17.882+0000] {spark_submit.py:492} INFO - 23/06/24 16:27:17 INFO ShutdownHookManager: Deleting directory /tmp/spark-a2da98a7-147b-4898-b8d0-82024520ec23/pyspark-2802a4dc-7cea-4c04-8bd8-eecaf1b42652
[2023-06-24T16:27:17.893+0000] {spark_submit.py:492} INFO - 23/06/24 16:27:17 INFO ShutdownHookManager: Deleting directory /tmp/spark-00d5136d-5cb5-4b78-85b6-39d566f1c548
[2023-06-24T16:27:17.901+0000] {spark_submit.py:492} INFO - 23/06/24 16:27:17 INFO ShutdownHookManager: Deleting directory /tmp/spark-a2da98a7-147b-4898-b8d0-82024520ec23
[2023-06-24T16:27:18.030+0000] {taskinstance.py:1775} ERROR - Task failed with exception
Traceback (most recent call last):
  File "/home/airflow/.local/lib/python3.8/site-packages/airflow/providers/apache/spark/operators/spark_submit.py", line 157, in execute
    self._hook.submit(self._application)
  File "/home/airflow/.local/lib/python3.8/site-packages/airflow/providers/apache/spark/hooks/spark_submit.py", line 423, in submit
    raise AirflowException(
airflow.exceptions.AirflowException: Cannot execute: spark-submit --master spark://spark:7077 --name arrow-spark /opt/***/dags/spark_etl_spark_minio.py. Error code is: 1.
[2023-06-24T16:27:18.035+0000] {taskinstance.py:1321} INFO - Marking task as UP_FOR_RETRY. dag_id=spark_etl_minio, task_id=spark_submit_task, execution_date=20230622T000000, start_date=20230624T162646, end_date=20230624T162718
[2023-06-24T16:27:18.058+0000] {standard_task_runner.py:100} ERROR - Failed to execute job 95 for task spark_submit_task (Cannot execute: spark-submit --master spark://spark:7077 --name arrow-spark /opt/***/dags/spark_etl_spark_minio.py. Error code is: 1.; 3340)
[2023-06-24T16:27:18.088+0000] {local_task_job.py:212} INFO - Task exited with return code 1
[2023-06-24T16:27:18.107+0000] {taskinstance.py:2585} INFO - 0 downstream tasks scheduled from follow-on schedule check
