[2023-06-24T16:26:45.908+0000] {taskinstance.py:1084} INFO - Dependencies all met for dep_context=non-requeueable deps ti=<TaskInstance: spark_etl_minio.spark_submit_task manual__2023-06-24T16:26:44.403548+00:00 [queued]>
[2023-06-24T16:26:45.921+0000] {taskinstance.py:1084} INFO - Dependencies all met for dep_context=requeueable deps ti=<TaskInstance: spark_etl_minio.spark_submit_task manual__2023-06-24T16:26:44.403548+00:00 [queued]>
[2023-06-24T16:26:45.921+0000] {taskinstance.py:1282} INFO - 
--------------------------------------------------------------------------------
[2023-06-24T16:26:45.921+0000] {taskinstance.py:1283} INFO - Starting attempt 1 of 6
[2023-06-24T16:26:45.922+0000] {taskinstance.py:1284} INFO - 
--------------------------------------------------------------------------------
[2023-06-24T16:26:45.946+0000] {taskinstance.py:1303} INFO - Executing <Task(SparkSubmitOperator): spark_submit_task> on 2023-06-24 16:26:44.403548+00:00
[2023-06-24T16:26:45.952+0000] {standard_task_runner.py:55} INFO - Started process 3337 to run task
[2023-06-24T16:26:45.957+0000] {standard_task_runner.py:82} INFO - Running: ['***', 'tasks', 'run', 'spark_etl_minio', 'spark_submit_task', 'manual__2023-06-24T16:26:44.403548+00:00', '--job-id', '94', '--raw', '--subdir', 'DAGS_FOLDER/spark_job_minio.py', '--cfg-path', '/tmp/tmp4pcxxrdf']
[2023-06-24T16:26:45.957+0000] {standard_task_runner.py:83} INFO - Job 94: Subtask spark_submit_task
[2023-06-24T16:26:45.973+0000] {warnings.py:109} WARNING - /home/***/.local/lib/python3.8/site-packages/***/settings.py:250: DeprecationWarning: The sql_alchemy_conn option in [core] has been moved to the sql_alchemy_conn option in [database] - the old setting has been used, but please update your config.
  SQL_ALCHEMY_CONN = conf.get("database", "SQL_ALCHEMY_CONN")

[2023-06-24T16:26:46.041+0000] {task_command.py:388} INFO - Running <TaskInstance: spark_etl_minio.spark_submit_task manual__2023-06-24T16:26:44.403548+00:00 [running]> on host a8d69ab09d2d
[2023-06-24T16:26:46.144+0000] {taskinstance.py:1509} INFO - Exporting the following env vars:
AIRFLOW_CTX_DAG_OWNER=***
AIRFLOW_CTX_DAG_ID=spark_etl_minio
AIRFLOW_CTX_TASK_ID=spark_submit_task
AIRFLOW_CTX_EXECUTION_DATE=2023-06-24T16:26:44.403548+00:00
AIRFLOW_CTX_TRY_NUMBER=1
AIRFLOW_CTX_DAG_RUN_ID=manual__2023-06-24T16:26:44.403548+00:00
[2023-06-24T16:26:46.155+0000] {base.py:73} INFO - Using connection ID 'spark_conn' for task execution.
[2023-06-24T16:26:46.157+0000] {spark_submit.py:341} INFO - Spark-Submit cmd: spark-submit --master spark://spark:7077 --name arrow-spark /opt/***/dags/spark_etl_spark_minio.py
[2023-06-24T16:26:48.120+0000] {spark_submit.py:492} INFO - WARNING: An illegal reflective access operation has occurred
[2023-06-24T16:26:48.120+0000] {spark_submit.py:492} INFO - WARNING: Illegal reflective access by org.apache.spark.unsafe.Platform (file:/opt/spark/jars/spark-unsafe_2.12-3.2.0.jar) to constructor java.nio.DirectByteBuffer(long,int)
[2023-06-24T16:26:48.121+0000] {spark_submit.py:492} INFO - WARNING: Please consider reporting this to the maintainers of org.apache.spark.unsafe.Platform
[2023-06-24T16:26:48.121+0000] {spark_submit.py:492} INFO - WARNING: Use --illegal-access=warn to enable warnings of further illegal reflective access operations
[2023-06-24T16:26:48.121+0000] {spark_submit.py:492} INFO - WARNING: All illegal access operations will be denied in a future release
[2023-06-24T16:26:51.202+0000] {spark_submit.py:492} INFO - Using Spark's default log4j profile: org/apache/spark/log4j-defaults.properties
[2023-06-24T16:26:51.231+0000] {spark_submit.py:492} INFO - 23/06/24 16:26:51 INFO SparkContext: Running Spark version 3.2.0
[2023-06-24T16:26:51.611+0000] {spark_submit.py:492} INFO - 23/06/24 16:26:51 WARN NativeCodeLoader: Unable to load native-hadoop library for your platform... using builtin-java classes where applicable
[2023-06-24T16:26:52.326+0000] {spark_submit.py:492} INFO - 23/06/24 16:26:52 INFO ResourceUtils: ==============================================================
[2023-06-24T16:26:52.327+0000] {spark_submit.py:492} INFO - 23/06/24 16:26:52 INFO ResourceUtils: No custom resources configured for spark.driver.
[2023-06-24T16:26:52.328+0000] {spark_submit.py:492} INFO - 23/06/24 16:26:52 INFO ResourceUtils: ==============================================================
[2023-06-24T16:26:52.329+0000] {spark_submit.py:492} INFO - 23/06/24 16:26:52 INFO SparkContext: Submitted application: arrow-spark
[2023-06-24T16:26:52.508+0000] {spark_submit.py:492} INFO - 23/06/24 16:26:52 INFO ResourceProfile: Default ResourceProfile created, executor resources: Map(cores -> name: cores, amount: 1, script: , vendor: , memory -> name: memory, amount: 1024, script: , vendor: , offHeap -> name: offHeap, amount: 0, script: , vendor: ), task resources: Map(cpus -> name: cpus, amount: 1.0)
[2023-06-24T16:26:52.588+0000] {spark_submit.py:492} INFO - 23/06/24 16:26:52 INFO ResourceProfile: Limiting resource is cpu
[2023-06-24T16:26:52.604+0000] {spark_submit.py:492} INFO - 23/06/24 16:26:52 INFO ResourceProfileManager: Added ResourceProfile id: 0
[2023-06-24T16:26:52.773+0000] {spark_submit.py:492} INFO - 23/06/24 16:26:52 INFO SecurityManager: Changing view acls to: default
[2023-06-24T16:26:52.792+0000] {spark_submit.py:492} INFO - 23/06/24 16:26:52 INFO SecurityManager: Changing modify acls to: default
[2023-06-24T16:26:52.792+0000] {spark_submit.py:492} INFO - 23/06/24 16:26:52 INFO SecurityManager: Changing view acls groups to:
[2023-06-24T16:26:52.793+0000] {spark_submit.py:492} INFO - 23/06/24 16:26:52 INFO SecurityManager: Changing modify acls groups to:
[2023-06-24T16:26:52.793+0000] {spark_submit.py:492} INFO - 23/06/24 16:26:52 INFO SecurityManager: SecurityManager: authentication disabled; ui acls disabled; users  with view permissions: Set(default); groups with view permissions: Set(); users  with modify permissions: Set(default); groups with modify permissions: Set()
[2023-06-24T16:26:54.116+0000] {spark_submit.py:492} INFO - 23/06/24 16:26:54 INFO Utils: Successfully started service 'sparkDriver' on port 44835.
[2023-06-24T16:26:54.300+0000] {spark_submit.py:492} INFO - 23/06/24 16:26:54 INFO SparkEnv: Registering MapOutputTracker
[2023-06-24T16:26:54.388+0000] {spark_submit.py:492} INFO - 23/06/24 16:26:54 INFO SparkEnv: Registering BlockManagerMaster
[2023-06-24T16:26:54.450+0000] {spark_submit.py:492} INFO - 23/06/24 16:26:54 INFO BlockManagerMasterEndpoint: Using org.apache.spark.storage.DefaultTopologyMapper for getting topology information
[2023-06-24T16:26:54.451+0000] {spark_submit.py:492} INFO - 23/06/24 16:26:54 INFO BlockManagerMasterEndpoint: BlockManagerMasterEndpoint up
[2023-06-24T16:26:54.472+0000] {spark_submit.py:492} INFO - 23/06/24 16:26:54 INFO SparkEnv: Registering BlockManagerMasterHeartbeat
[2023-06-24T16:26:54.521+0000] {spark_submit.py:492} INFO - 23/06/24 16:26:54 INFO DiskBlockManager: Created local directory at /tmp/blockmgr-948f8024-c3c5-44f9-8ace-b4d5e3e2571a
[2023-06-24T16:26:54.558+0000] {spark_submit.py:492} INFO - 23/06/24 16:26:54 INFO MemoryStore: MemoryStore started with capacity 434.4 MiB
[2023-06-24T16:26:54.684+0000] {spark_submit.py:492} INFO - 23/06/24 16:26:54 INFO SparkEnv: Registering OutputCommitCoordinator
[2023-06-24T16:26:55.473+0000] {spark_submit.py:492} INFO - 23/06/24 16:26:55 WARN Utils: Service 'SparkUI' could not bind on port 4040. Attempting port 4041.
[2023-06-24T16:26:55.474+0000] {spark_submit.py:492} INFO - 23/06/24 16:26:55 WARN Utils: Service 'SparkUI' could not bind on port 4041. Attempting port 4042.
[2023-06-24T16:26:55.494+0000] {spark_submit.py:492} INFO - 23/06/24 16:26:55 INFO Utils: Successfully started service 'SparkUI' on port 4042.
[2023-06-24T16:26:55.606+0000] {spark_submit.py:492} INFO - 23/06/24 16:26:55 INFO SparkUI: Bound SparkUI to 0.0.0.0, and started at http://a8d69ab09d2d:4042
[2023-06-24T16:26:56.485+0000] {spark_submit.py:492} INFO - 23/06/24 16:26:56 INFO StandaloneAppClient$ClientEndpoint: Connecting to master spark://spark:7077...
[2023-06-24T16:26:56.816+0000] {spark_submit.py:492} INFO - 23/06/24 16:26:56 INFO TransportClientFactory: Successfully created connection to spark/172.19.0.11:7077 after 190 ms (0 ms spent in bootstraps)
[2023-06-24T16:26:57.304+0000] {spark_submit.py:492} INFO - 23/06/24 16:26:57 INFO StandaloneSchedulerBackend: Connected to Spark cluster with app ID app-20230624162657-0018
[2023-06-24T16:26:57.323+0000] {spark_submit.py:492} INFO - 23/06/24 16:26:57 INFO Utils: Successfully started service 'org.apache.spark.network.netty.NettyBlockTransferService' on port 44733.
[2023-06-24T16:26:57.325+0000] {spark_submit.py:492} INFO - 23/06/24 16:26:57 INFO NettyBlockTransferService: Server created on a8d69ab09d2d:44733
[2023-06-24T16:26:57.329+0000] {spark_submit.py:492} INFO - 23/06/24 16:26:57 INFO BlockManager: Using org.apache.spark.storage.RandomBlockReplicationPolicy for block replication policy
[2023-06-24T16:26:57.339+0000] {spark_submit.py:492} INFO - 23/06/24 16:26:57 INFO BlockManagerMaster: Registering BlockManager BlockManagerId(driver, a8d69ab09d2d, 44733, None)
[2023-06-24T16:26:57.345+0000] {spark_submit.py:492} INFO - 23/06/24 16:26:57 INFO BlockManagerMasterEndpoint: Registering block manager a8d69ab09d2d:44733 with 434.4 MiB RAM, BlockManagerId(driver, a8d69ab09d2d, 44733, None)
[2023-06-24T16:26:57.349+0000] {spark_submit.py:492} INFO - 23/06/24 16:26:57 INFO BlockManagerMaster: Registered BlockManager BlockManagerId(driver, a8d69ab09d2d, 44733, None)
[2023-06-24T16:26:57.355+0000] {spark_submit.py:492} INFO - 23/06/24 16:26:57 INFO BlockManager: Initialized BlockManager: BlockManagerId(driver, a8d69ab09d2d, 44733, None)
[2023-06-24T16:26:57.918+0000] {spark_submit.py:492} INFO - 23/06/24 16:26:57 INFO StandaloneSchedulerBackend: SchedulerBackend is ready for scheduling beginning after reached minRegisteredResourcesRatio: 0.0
[2023-06-24T16:26:58.376+0000] {spark_submit.py:492} INFO - 23/06/24 16:26:58 INFO SharedState: Setting hive.metastore.warehouse.dir ('null') to the value of spark.sql.warehouse.dir.
[2023-06-24T16:26:58.421+0000] {spark_submit.py:492} INFO - 23/06/24 16:26:58 INFO SharedState: Warehouse path is 'file:/opt/***/spark-warehouse'.
[2023-06-24T16:27:07.546+0000] {spark_submit.py:492} INFO - 23/06/24 16:27:07 INFO CodeGenerator: Code generated in 410.618372 ms
[2023-06-24T16:27:07.620+0000] {spark_submit.py:492} INFO - 23/06/24 16:27:07 INFO SparkContext: Starting job: showString at NativeMethodAccessorImpl.java:0
[2023-06-24T16:27:07.672+0000] {spark_submit.py:492} INFO - 23/06/24 16:27:07 INFO DAGScheduler: Got job 0 (showString at NativeMethodAccessorImpl.java:0) with 1 output partitions
[2023-06-24T16:27:07.686+0000] {spark_submit.py:492} INFO - 23/06/24 16:27:07 INFO DAGScheduler: Final stage: ResultStage 0 (showString at NativeMethodAccessorImpl.java:0)
[2023-06-24T16:27:07.687+0000] {spark_submit.py:492} INFO - 23/06/24 16:27:07 INFO DAGScheduler: Parents of final stage: List()
[2023-06-24T16:27:07.687+0000] {spark_submit.py:492} INFO - 23/06/24 16:27:07 INFO DAGScheduler: Missing parents: List()
[2023-06-24T16:27:07.731+0000] {spark_submit.py:492} INFO - 23/06/24 16:27:07 INFO DAGScheduler: Submitting ResultStage 0 (MapPartitionsRDD[6] at showString at NativeMethodAccessorImpl.java:0), which has no missing parents
[2023-06-24T16:27:08.156+0000] {spark_submit.py:492} INFO - 23/06/24 16:27:08 INFO MemoryStore: Block broadcast_0 stored as values in memory (estimated size 11.7 KiB, free 434.4 MiB)
[2023-06-24T16:27:08.204+0000] {spark_submit.py:492} INFO - 23/06/24 16:27:08 INFO MemoryStore: Block broadcast_0_piece0 stored as bytes in memory (estimated size 6.2 KiB, free 434.4 MiB)
[2023-06-24T16:27:08.213+0000] {spark_submit.py:492} INFO - 23/06/24 16:27:08 INFO BlockManagerInfo: Added broadcast_0_piece0 in memory on a8d69ab09d2d:44733 (size: 6.2 KiB, free: 434.4 MiB)
[2023-06-24T16:27:08.217+0000] {spark_submit.py:492} INFO - 23/06/24 16:27:08 INFO SparkContext: Created broadcast 0 from broadcast at DAGScheduler.scala:1427
[2023-06-24T16:27:08.245+0000] {spark_submit.py:492} INFO - 23/06/24 16:27:08 INFO DAGScheduler: Submitting 1 missing tasks from ResultStage 0 (MapPartitionsRDD[6] at showString at NativeMethodAccessorImpl.java:0) (first 15 tasks are for partitions Vector(0))
[2023-06-24T16:27:08.246+0000] {spark_submit.py:492} INFO - 23/06/24 16:27:08 INFO TaskSchedulerImpl: Adding task set 0.0 with 1 tasks resource profile 0
[2023-06-24T16:27:17.716+0000] {spark_submit.py:492} INFO - 23/06/24 16:27:17 INFO StandaloneAppClient$ClientEndpoint: Executor added: app-20230624162657-0018/0 on worker-20230624161025-172.19.0.3-35241 (172.19.0.3:35241) with 1 core(s)
[2023-06-24T16:27:17.716+0000] {spark_submit.py:492} INFO - 23/06/24 16:27:17 INFO StandaloneSchedulerBackend: Granted executor ID app-20230624162657-0018/0 on hostPort 172.19.0.3:35241 with 1 core(s), 1024.0 MiB RAM
[2023-06-24T16:27:17.801+0000] {spark_submit.py:492} INFO - 23/06/24 16:27:17 INFO StandaloneAppClient$ClientEndpoint: Executor updated: app-20230624162657-0018/0 is now RUNNING
[2023-06-24T16:27:20.677+0000] {spark_submit.py:492} INFO - 23/06/24 16:27:20 INFO CoarseGrainedSchedulerBackend$DriverEndpoint: Registered executor NettyRpcEndpointRef(spark-client://Executor) (172.19.0.3:40068) with ID 0,  ResourceProfileId 0
[2023-06-24T16:27:20.822+0000] {spark_submit.py:492} INFO - 23/06/24 16:27:20 INFO BlockManagerMasterEndpoint: Registering block manager 172.19.0.3:36985 with 366.3 MiB RAM, BlockManagerId(0, 172.19.0.3, 36985, None)
[2023-06-24T16:27:20.886+0000] {spark_submit.py:492} INFO - 23/06/24 16:27:20 INFO TaskSetManager: Starting task 0.0 in stage 0.0 (TID 0) (172.19.0.3, executor 0, partition 0, PROCESS_LOCAL, 4605 bytes) taskResourceAssignments Map()
[2023-06-24T16:27:21.249+0000] {spark_submit.py:492} INFO - 23/06/24 16:27:21 INFO BlockManagerInfo: Added broadcast_0_piece0 in memory on 172.19.0.3:36985 (size: 6.2 KiB, free: 366.3 MiB)
[2023-06-24T16:27:23.628+0000] {spark_submit.py:492} INFO - 23/06/24 16:27:23 INFO TaskSetManager: Finished task 0.0 in stage 0.0 (TID 0) in 2752 ms on 172.19.0.3 (executor 0) (1/1)
[2023-06-24T16:27:23.634+0000] {spark_submit.py:492} INFO - 23/06/24 16:27:23 INFO TaskSchedulerImpl: Removed TaskSet 0.0, whose tasks have all completed, from pool
[2023-06-24T16:27:23.638+0000] {spark_submit.py:492} INFO - 23/06/24 16:27:23 INFO PythonAccumulatorV2: Connected to AccumulatorServer at host: 127.0.0.1 port: 33655
[2023-06-24T16:27:23.646+0000] {spark_submit.py:492} INFO - 23/06/24 16:27:23 INFO DAGScheduler: ResultStage 0 (showString at NativeMethodAccessorImpl.java:0) finished in 15.849 s
[2023-06-24T16:27:23.650+0000] {spark_submit.py:492} INFO - 23/06/24 16:27:23 INFO DAGScheduler: Job 0 is finished. Cancelling potential speculative or zombie tasks for this job
[2023-06-24T16:27:23.651+0000] {spark_submit.py:492} INFO - 23/06/24 16:27:23 INFO TaskSchedulerImpl: Killing all running tasks in stage 0: Stage finished
[2023-06-24T16:27:23.681+0000] {spark_submit.py:492} INFO - 23/06/24 16:27:23 INFO DAGScheduler: Job 0 finished: showString at NativeMethodAccessorImpl.java:0, took 16.036473 s
[2023-06-24T16:27:23.697+0000] {spark_submit.py:492} INFO - 23/06/24 16:27:23 INFO SparkContext: Starting job: showString at NativeMethodAccessorImpl.java:0
[2023-06-24T16:27:23.701+0000] {spark_submit.py:492} INFO - 23/06/24 16:27:23 INFO DAGScheduler: Got job 1 (showString at NativeMethodAccessorImpl.java:0) with 1 output partitions
[2023-06-24T16:27:23.701+0000] {spark_submit.py:492} INFO - 23/06/24 16:27:23 INFO DAGScheduler: Final stage: ResultStage 1 (showString at NativeMethodAccessorImpl.java:0)
[2023-06-24T16:27:23.701+0000] {spark_submit.py:492} INFO - 23/06/24 16:27:23 INFO DAGScheduler: Parents of final stage: List()
[2023-06-24T16:27:23.702+0000] {spark_submit.py:492} INFO - 23/06/24 16:27:23 INFO DAGScheduler: Missing parents: List()
[2023-06-24T16:27:23.703+0000] {spark_submit.py:492} INFO - 23/06/24 16:27:23 INFO DAGScheduler: Submitting ResultStage 1 (MapPartitionsRDD[6] at showString at NativeMethodAccessorImpl.java:0), which has no missing parents
[2023-06-24T16:27:23.713+0000] {spark_submit.py:492} INFO - 23/06/24 16:27:23 INFO MemoryStore: Block broadcast_1 stored as values in memory (estimated size 11.7 KiB, free 434.4 MiB)
[2023-06-24T16:27:23.718+0000] {spark_submit.py:492} INFO - 23/06/24 16:27:23 INFO MemoryStore: Block broadcast_1_piece0 stored as bytes in memory (estimated size 6.2 KiB, free 434.4 MiB)
[2023-06-24T16:27:23.723+0000] {spark_submit.py:492} INFO - 23/06/24 16:27:23 INFO BlockManagerInfo: Added broadcast_1_piece0 in memory on a8d69ab09d2d:44733 (size: 6.2 KiB, free: 434.4 MiB)
[2023-06-24T16:27:23.730+0000] {spark_submit.py:492} INFO - 23/06/24 16:27:23 INFO SparkContext: Created broadcast 1 from broadcast at DAGScheduler.scala:1427
[2023-06-24T16:27:23.732+0000] {spark_submit.py:492} INFO - 23/06/24 16:27:23 INFO DAGScheduler: Submitting 1 missing tasks from ResultStage 1 (MapPartitionsRDD[6] at showString at NativeMethodAccessorImpl.java:0) (first 15 tasks are for partitions Vector(1))
[2023-06-24T16:27:23.732+0000] {spark_submit.py:492} INFO - 23/06/24 16:27:23 INFO TaskSchedulerImpl: Adding task set 1.0 with 1 tasks resource profile 0
[2023-06-24T16:27:23.735+0000] {spark_submit.py:492} INFO - 23/06/24 16:27:23 INFO TaskSetManager: Starting task 0.0 in stage 1.0 (TID 1) (172.19.0.3, executor 0, partition 1, PROCESS_LOCAL, 4529 bytes) taskResourceAssignments Map()
[2023-06-24T16:27:23.788+0000] {spark_submit.py:492} INFO - 23/06/24 16:27:23 INFO BlockManagerInfo: Added broadcast_1_piece0 in memory on 172.19.0.3:36985 (size: 6.2 KiB, free: 366.3 MiB)
[2023-06-24T16:27:23.891+0000] {spark_submit.py:492} INFO - 23/06/24 16:27:23 INFO TaskSetManager: Finished task 0.0 in stage 1.0 (TID 1) in 157 ms on 172.19.0.3 (executor 0) (1/1)
[2023-06-24T16:27:23.891+0000] {spark_submit.py:492} INFO - 23/06/24 16:27:23 INFO TaskSchedulerImpl: Removed TaskSet 1.0, whose tasks have all completed, from pool
[2023-06-24T16:27:23.893+0000] {spark_submit.py:492} INFO - 23/06/24 16:27:23 INFO DAGScheduler: ResultStage 1 (showString at NativeMethodAccessorImpl.java:0) finished in 0.185 s
[2023-06-24T16:27:23.894+0000] {spark_submit.py:492} INFO - 23/06/24 16:27:23 INFO DAGScheduler: Job 1 is finished. Cancelling potential speculative or zombie tasks for this job
[2023-06-24T16:27:23.894+0000] {spark_submit.py:492} INFO - 23/06/24 16:27:23 INFO TaskSchedulerImpl: Killing all running tasks in stage 1: Stage finished
[2023-06-24T16:27:23.894+0000] {spark_submit.py:492} INFO - 23/06/24 16:27:23 INFO DAGScheduler: Job 1 finished: showString at NativeMethodAccessorImpl.java:0, took 0.195812 s
[2023-06-24T16:27:23.968+0000] {spark_submit.py:492} INFO - 23/06/24 16:27:23 INFO CodeGenerator: Code generated in 40.184484 ms
[2023-06-24T16:27:24.004+0000] {spark_submit.py:492} INFO - +-----+-----------------------------------------------------------------------------+
[2023-06-24T16:27:24.004+0000] {spark_submit.py:492} INFO - |Seqno|Quote                                                                        |
[2023-06-24T16:27:24.005+0000] {spark_submit.py:492} INFO - +-----+-----------------------------------------------------------------------------+
[2023-06-24T16:27:24.005+0000] {spark_submit.py:492} INFO - |1    |Be the change that you wish to see in the world                              |
[2023-06-24T16:27:24.005+0000] {spark_submit.py:492} INFO - |2    |Everyone thinks of changing the world, but no one thinks of changing himself.|
[2023-06-24T16:27:24.005+0000] {spark_submit.py:492} INFO - |3    |The purpose of our lives is to be happy.                                     |
[2023-06-24T16:27:24.005+0000] {spark_submit.py:492} INFO - |4    |Be cool.                                                                     |
[2023-06-24T16:27:24.005+0000] {spark_submit.py:492} INFO - +-----+-----------------------------------------------------------------------------+
[2023-06-24T16:27:24.005+0000] {spark_submit.py:492} INFO - 
[2023-06-24T16:27:24.267+0000] {spark_submit.py:492} INFO - 23/06/24 16:27:24 INFO BlockManagerInfo: Removed broadcast_0_piece0 on 172.19.0.3:36985 in memory (size: 6.2 KiB, free: 366.3 MiB)
[2023-06-24T16:27:24.279+0000] {spark_submit.py:492} INFO - 23/06/24 16:27:24 INFO BlockManagerInfo: Removed broadcast_0_piece0 on a8d69ab09d2d:44733 in memory (size: 6.2 KiB, free: 434.4 MiB)
[2023-06-24T16:27:24.312+0000] {spark_submit.py:492} INFO - 23/06/24 16:27:24 INFO BlockManagerInfo: Removed broadcast_1_piece0 on a8d69ab09d2d:44733 in memory (size: 6.2 KiB, free: 434.4 MiB)
[2023-06-24T16:27:24.314+0000] {spark_submit.py:492} INFO - 23/06/24 16:27:24 INFO BlockManagerInfo: Removed broadcast_1_piece0 on 172.19.0.3:36985 in memory (size: 6.2 KiB, free: 366.3 MiB)
[2023-06-24T16:27:24.349+0000] {spark_submit.py:492} INFO - Traceback (most recent call last):
[2023-06-24T16:27:24.350+0000] {spark_submit.py:492} INFO - File "/opt/***/dags/spark_etl_spark_minio.py", line 43, in <module>
[2023-06-24T16:27:24.350+0000] {spark_submit.py:492} INFO - df.write.mode("append").parquet("s3a://datalake/test.parquet")
[2023-06-24T16:27:24.350+0000] {spark_submit.py:492} INFO - File "/opt/spark/python/lib/pyspark.zip/pyspark/sql/readwriter.py", line 885, in parquet
[2023-06-24T16:27:24.350+0000] {spark_submit.py:492} INFO - File "/opt/spark/python/lib/py4j-0.10.9.2-src.zip/py4j/java_gateway.py", line 1309, in __call__
[2023-06-24T16:27:24.350+0000] {spark_submit.py:492} INFO - File "/opt/spark/python/lib/pyspark.zip/pyspark/sql/utils.py", line 111, in deco
[2023-06-24T16:27:24.351+0000] {spark_submit.py:492} INFO - File "/opt/spark/python/lib/py4j-0.10.9.2-src.zip/py4j/protocol.py", line 326, in get_return_value
[2023-06-24T16:27:24.360+0000] {spark_submit.py:492} INFO - py4j.protocol.Py4JJavaError: An error occurred while calling o77.parquet.
[2023-06-24T16:27:24.360+0000] {spark_submit.py:492} INFO - : java.lang.RuntimeException: java.lang.ClassNotFoundException: Class org.apache.hadoop.fs.s3a.S3AFileSystem not found
[2023-06-24T16:27:24.361+0000] {spark_submit.py:492} INFO - at org.apache.hadoop.conf.Configuration.getClass(Configuration.java:2667)
[2023-06-24T16:27:24.361+0000] {spark_submit.py:492} INFO - at org.apache.hadoop.fs.FileSystem.getFileSystemClass(FileSystem.java:3431)
[2023-06-24T16:27:24.361+0000] {spark_submit.py:492} INFO - at org.apache.hadoop.fs.FileSystem.createFileSystem(FileSystem.java:3466)
[2023-06-24T16:27:24.361+0000] {spark_submit.py:492} INFO - at org.apache.hadoop.fs.FileSystem.access$300(FileSystem.java:174)
[2023-06-24T16:27:24.361+0000] {spark_submit.py:492} INFO - at org.apache.hadoop.fs.FileSystem$Cache.getInternal(FileSystem.java:3574)
[2023-06-24T16:27:24.361+0000] {spark_submit.py:492} INFO - at org.apache.hadoop.fs.FileSystem$Cache.get(FileSystem.java:3521)
[2023-06-24T16:27:24.361+0000] {spark_submit.py:492} INFO - at org.apache.hadoop.fs.FileSystem.get(FileSystem.java:540)
[2023-06-24T16:27:24.362+0000] {spark_submit.py:492} INFO - at org.apache.hadoop.fs.Path.getFileSystem(Path.java:365)
[2023-06-24T16:27:24.362+0000] {spark_submit.py:492} INFO - at org.apache.spark.sql.execution.datasources.DataSource.planForWritingFileFormat(DataSource.scala:461)
[2023-06-24T16:27:24.362+0000] {spark_submit.py:492} INFO - at org.apache.spark.sql.execution.datasources.DataSource.planForWriting(DataSource.scala:556)
[2023-06-24T16:27:24.362+0000] {spark_submit.py:492} INFO - at org.apache.spark.sql.DataFrameWriter.saveToV1Source(DataFrameWriter.scala:382)
[2023-06-24T16:27:24.362+0000] {spark_submit.py:492} INFO - at org.apache.spark.sql.DataFrameWriter.saveInternal(DataFrameWriter.scala:355)
[2023-06-24T16:27:24.362+0000] {spark_submit.py:492} INFO - at org.apache.spark.sql.DataFrameWriter.save(DataFrameWriter.scala:239)
[2023-06-24T16:27:24.363+0000] {spark_submit.py:492} INFO - at org.apache.spark.sql.DataFrameWriter.parquet(DataFrameWriter.scala:781)
[2023-06-24T16:27:24.363+0000] {spark_submit.py:492} INFO - at java.base/jdk.internal.reflect.NativeMethodAccessorImpl.invoke0(Native Method)
[2023-06-24T16:27:24.363+0000] {spark_submit.py:492} INFO - at java.base/jdk.internal.reflect.NativeMethodAccessorImpl.invoke(NativeMethodAccessorImpl.java:62)
[2023-06-24T16:27:24.363+0000] {spark_submit.py:492} INFO - at java.base/jdk.internal.reflect.DelegatingMethodAccessorImpl.invoke(DelegatingMethodAccessorImpl.java:43)
[2023-06-24T16:27:24.363+0000] {spark_submit.py:492} INFO - at java.base/java.lang.reflect.Method.invoke(Method.java:566)
[2023-06-24T16:27:24.363+0000] {spark_submit.py:492} INFO - at py4j.reflection.MethodInvoker.invoke(MethodInvoker.java:244)
[2023-06-24T16:27:24.364+0000] {spark_submit.py:492} INFO - at py4j.reflection.ReflectionEngine.invoke(ReflectionEngine.java:357)
[2023-06-24T16:27:24.364+0000] {spark_submit.py:492} INFO - at py4j.Gateway.invoke(Gateway.java:282)
[2023-06-24T16:27:24.364+0000] {spark_submit.py:492} INFO - at py4j.commands.AbstractCommand.invokeMethod(AbstractCommand.java:132)
[2023-06-24T16:27:24.364+0000] {spark_submit.py:492} INFO - at py4j.commands.CallCommand.execute(CallCommand.java:79)
[2023-06-24T16:27:24.364+0000] {spark_submit.py:492} INFO - at py4j.ClientServerConnection.waitForCommands(ClientServerConnection.java:182)
[2023-06-24T16:27:24.365+0000] {spark_submit.py:492} INFO - at py4j.ClientServerConnection.run(ClientServerConnection.java:106)
[2023-06-24T16:27:24.365+0000] {spark_submit.py:492} INFO - at java.base/java.lang.Thread.run(Thread.java:829)
[2023-06-24T16:27:24.365+0000] {spark_submit.py:492} INFO - Caused by: java.lang.ClassNotFoundException: Class org.apache.hadoop.fs.s3a.S3AFileSystem not found
[2023-06-24T16:27:24.365+0000] {spark_submit.py:492} INFO - at org.apache.hadoop.conf.Configuration.getClassByName(Configuration.java:2571)
[2023-06-24T16:27:24.365+0000] {spark_submit.py:492} INFO - at org.apache.hadoop.conf.Configuration.getClass(Configuration.java:2665)
[2023-06-24T16:27:24.365+0000] {spark_submit.py:492} INFO - ... 25 more
[2023-06-24T16:27:24.366+0000] {spark_submit.py:492} INFO - 
[2023-06-24T16:27:24.488+0000] {spark_submit.py:492} INFO - 23/06/24 16:27:24 INFO SparkContext: Invoking stop() from shutdown hook
[2023-06-24T16:27:24.512+0000] {spark_submit.py:492} INFO - 23/06/24 16:27:24 INFO SparkUI: Stopped Spark web UI at http://a8d69ab09d2d:4042
[2023-06-24T16:27:24.518+0000] {spark_submit.py:492} INFO - 23/06/24 16:27:24 INFO StandaloneSchedulerBackend: Shutting down all executors
[2023-06-24T16:27:24.521+0000] {spark_submit.py:492} INFO - 23/06/24 16:27:24 INFO CoarseGrainedSchedulerBackend$DriverEndpoint: Asking each executor to shut down
[2023-06-24T16:27:24.611+0000] {spark_submit.py:492} INFO - 23/06/24 16:27:24 INFO MapOutputTrackerMasterEndpoint: MapOutputTrackerMasterEndpoint stopped!
[2023-06-24T16:27:24.670+0000] {spark_submit.py:492} INFO - 23/06/24 16:27:24 INFO MemoryStore: MemoryStore cleared
[2023-06-24T16:27:24.691+0000] {spark_submit.py:492} INFO - 23/06/24 16:27:24 INFO BlockManager: BlockManager stopped
[2023-06-24T16:27:24.706+0000] {spark_submit.py:492} INFO - 23/06/24 16:27:24 INFO BlockManagerMaster: BlockManagerMaster stopped
[2023-06-24T16:27:24.710+0000] {spark_submit.py:492} INFO - 23/06/24 16:27:24 INFO OutputCommitCoordinator$OutputCommitCoordinatorEndpoint: OutputCommitCoordinator stopped!
[2023-06-24T16:27:24.768+0000] {spark_submit.py:492} INFO - 23/06/24 16:27:24 INFO SparkContext: Successfully stopped SparkContext
[2023-06-24T16:27:24.769+0000] {spark_submit.py:492} INFO - 23/06/24 16:27:24 INFO ShutdownHookManager: Shutdown hook called
[2023-06-24T16:27:24.769+0000] {spark_submit.py:492} INFO - 23/06/24 16:27:24 INFO ShutdownHookManager: Deleting directory /tmp/spark-ba32c8c6-0503-49ee-9bed-c70341f4c734/pyspark-13edfa3d-8111-4f00-97b5-b715f43cd953
[2023-06-24T16:27:24.781+0000] {spark_submit.py:492} INFO - 23/06/24 16:27:24 INFO ShutdownHookManager: Deleting directory /tmp/spark-94b0ae85-653a-4210-8c5b-d3619cd1d563
[2023-06-24T16:27:24.781+0000] {spark_submit.py:492} INFO - 23/06/24 16:27:24 INFO ShutdownHookManager: Deleting directory /tmp/spark-ba32c8c6-0503-49ee-9bed-c70341f4c734
[2023-06-24T16:27:24.925+0000] {taskinstance.py:1775} ERROR - Task failed with exception
Traceback (most recent call last):
  File "/home/airflow/.local/lib/python3.8/site-packages/airflow/providers/apache/spark/operators/spark_submit.py", line 157, in execute
    self._hook.submit(self._application)
  File "/home/airflow/.local/lib/python3.8/site-packages/airflow/providers/apache/spark/hooks/spark_submit.py", line 423, in submit
    raise AirflowException(
airflow.exceptions.AirflowException: Cannot execute: spark-submit --master spark://spark:7077 --name arrow-spark /opt/***/dags/spark_etl_spark_minio.py. Error code is: 1.
[2023-06-24T16:27:24.933+0000] {taskinstance.py:1321} INFO - Marking task as UP_FOR_RETRY. dag_id=spark_etl_minio, task_id=spark_submit_task, execution_date=20230624T162644, start_date=20230624T162645, end_date=20230624T162724
[2023-06-24T16:27:24.958+0000] {standard_task_runner.py:100} ERROR - Failed to execute job 94 for task spark_submit_task (Cannot execute: spark-submit --master spark://spark:7077 --name arrow-spark /opt/***/dags/spark_etl_spark_minio.py. Error code is: 1.; 3337)
[2023-06-24T16:27:24.989+0000] {local_task_job.py:212} INFO - Task exited with return code 1
[2023-06-24T16:27:25.019+0000] {taskinstance.py:2585} INFO - 0 downstream tasks scheduled from follow-on schedule check
