[2023-06-24T16:29:26.271+0000] {taskinstance.py:1084} INFO - Dependencies all met for dep_context=non-requeueable deps ti=<TaskInstance: spark_etl_minio.spark_submit_task manual__2023-06-24T16:26:44.403548+00:00 [queued]>
[2023-06-24T16:29:26.287+0000] {taskinstance.py:1084} INFO - Dependencies all met for dep_context=requeueable deps ti=<TaskInstance: spark_etl_minio.spark_submit_task manual__2023-06-24T16:26:44.403548+00:00 [queued]>
[2023-06-24T16:29:26.287+0000] {taskinstance.py:1282} INFO - 
--------------------------------------------------------------------------------
[2023-06-24T16:29:26.287+0000] {taskinstance.py:1283} INFO - Starting attempt 2 of 6
[2023-06-24T16:29:26.288+0000] {taskinstance.py:1284} INFO - 
--------------------------------------------------------------------------------
[2023-06-24T16:29:26.320+0000] {taskinstance.py:1303} INFO - Executing <Task(SparkSubmitOperator): spark_submit_task> on 2023-06-24 16:26:44.403548+00:00
[2023-06-24T16:29:26.327+0000] {standard_task_runner.py:55} INFO - Started process 4472 to run task
[2023-06-24T16:29:26.334+0000] {standard_task_runner.py:82} INFO - Running: ['***', 'tasks', 'run', 'spark_etl_minio', 'spark_submit_task', 'manual__2023-06-24T16:26:44.403548+00:00', '--job-id', '99', '--raw', '--subdir', 'DAGS_FOLDER/spark_job_minio.py', '--cfg-path', '/tmp/tmpzmgaxx0t']
[2023-06-24T16:29:26.335+0000] {standard_task_runner.py:83} INFO - Job 99: Subtask spark_submit_task
[2023-06-24T16:29:26.355+0000] {warnings.py:109} WARNING - /home/***/.local/lib/python3.8/site-packages/***/settings.py:250: DeprecationWarning: The sql_alchemy_conn option in [core] has been moved to the sql_alchemy_conn option in [database] - the old setting has been used, but please update your config.
  SQL_ALCHEMY_CONN = conf.get("database", "SQL_ALCHEMY_CONN")

[2023-06-24T16:29:26.458+0000] {task_command.py:388} INFO - Running <TaskInstance: spark_etl_minio.spark_submit_task manual__2023-06-24T16:26:44.403548+00:00 [running]> on host a8d69ab09d2d
[2023-06-24T16:29:26.590+0000] {taskinstance.py:1509} INFO - Exporting the following env vars:
AIRFLOW_CTX_DAG_OWNER=***
AIRFLOW_CTX_DAG_ID=spark_etl_minio
AIRFLOW_CTX_TASK_ID=spark_submit_task
AIRFLOW_CTX_EXECUTION_DATE=2023-06-24T16:26:44.403548+00:00
AIRFLOW_CTX_TRY_NUMBER=2
AIRFLOW_CTX_DAG_RUN_ID=manual__2023-06-24T16:26:44.403548+00:00
[2023-06-24T16:29:26.605+0000] {base.py:73} INFO - Using connection ID 'spark_conn' for task execution.
[2023-06-24T16:29:26.607+0000] {spark_submit.py:341} INFO - Spark-Submit cmd: spark-submit --master spark://spark:7077 --name arrow-spark /opt/***/dags/spark_etl_spark_minio.py
[2023-06-24T16:29:30.026+0000] {spark_submit.py:492} INFO - WARNING: An illegal reflective access operation has occurred
[2023-06-24T16:29:30.027+0000] {spark_submit.py:492} INFO - WARNING: Illegal reflective access by org.apache.spark.unsafe.Platform (file:/opt/spark/jars/spark-unsafe_2.12-3.2.0.jar) to constructor java.nio.DirectByteBuffer(long,int)
[2023-06-24T16:29:30.027+0000] {spark_submit.py:492} INFO - WARNING: Please consider reporting this to the maintainers of org.apache.spark.unsafe.Platform
[2023-06-24T16:29:30.027+0000] {spark_submit.py:492} INFO - WARNING: Use --illegal-access=warn to enable warnings of further illegal reflective access operations
[2023-06-24T16:29:30.030+0000] {spark_submit.py:492} INFO - WARNING: All illegal access operations will be denied in a future release
[2023-06-24T16:29:32.912+0000] {spark_submit.py:492} INFO - Using Spark's default log4j profile: org/apache/spark/log4j-defaults.properties
[2023-06-24T16:29:32.926+0000] {spark_submit.py:492} INFO - 23/06/24 16:29:32 INFO SparkContext: Running Spark version 3.2.0
[2023-06-24T16:29:33.127+0000] {spark_submit.py:492} INFO - 23/06/24 16:29:33 WARN NativeCodeLoader: Unable to load native-hadoop library for your platform... using builtin-java classes where applicable
[2023-06-24T16:29:33.404+0000] {spark_submit.py:492} INFO - 23/06/24 16:29:33 INFO ResourceUtils: ==============================================================
[2023-06-24T16:29:33.406+0000] {spark_submit.py:492} INFO - 23/06/24 16:29:33 INFO ResourceUtils: No custom resources configured for spark.driver.
[2023-06-24T16:29:33.407+0000] {spark_submit.py:492} INFO - 23/06/24 16:29:33 INFO ResourceUtils: ==============================================================
[2023-06-24T16:29:33.408+0000] {spark_submit.py:492} INFO - 23/06/24 16:29:33 INFO SparkContext: Submitted application: arrow-spark
[2023-06-24T16:29:33.469+0000] {spark_submit.py:492} INFO - 23/06/24 16:29:33 INFO ResourceProfile: Default ResourceProfile created, executor resources: Map(cores -> name: cores, amount: 1, script: , vendor: , memory -> name: memory, amount: 1024, script: , vendor: , offHeap -> name: offHeap, amount: 0, script: , vendor: ), task resources: Map(cpus -> name: cpus, amount: 1.0)
[2023-06-24T16:29:33.492+0000] {spark_submit.py:492} INFO - 23/06/24 16:29:33 INFO ResourceProfile: Limiting resource is cpu
[2023-06-24T16:29:33.493+0000] {spark_submit.py:492} INFO - 23/06/24 16:29:33 INFO ResourceProfileManager: Added ResourceProfile id: 0
[2023-06-24T16:29:33.636+0000] {spark_submit.py:492} INFO - 23/06/24 16:29:33 INFO SecurityManager: Changing view acls to: default
[2023-06-24T16:29:33.636+0000] {spark_submit.py:492} INFO - 23/06/24 16:29:33 INFO SecurityManager: Changing modify acls to: default
[2023-06-24T16:29:33.638+0000] {spark_submit.py:492} INFO - 23/06/24 16:29:33 INFO SecurityManager: Changing view acls groups to:
[2023-06-24T16:29:33.649+0000] {spark_submit.py:492} INFO - 23/06/24 16:29:33 INFO SecurityManager: Changing modify acls groups to:
[2023-06-24T16:29:33.649+0000] {spark_submit.py:492} INFO - 23/06/24 16:29:33 INFO SecurityManager: SecurityManager: authentication disabled; ui acls disabled; users  with view permissions: Set(default); groups with view permissions: Set(); users  with modify permissions: Set(default); groups with modify permissions: Set()
[2023-06-24T16:29:34.284+0000] {spark_submit.py:492} INFO - 23/06/24 16:29:34 INFO Utils: Successfully started service 'sparkDriver' on port 32837.
[2023-06-24T16:29:34.424+0000] {spark_submit.py:492} INFO - 23/06/24 16:29:34 INFO SparkEnv: Registering MapOutputTracker
[2023-06-24T16:29:34.500+0000] {spark_submit.py:492} INFO - 23/06/24 16:29:34 INFO SparkEnv: Registering BlockManagerMaster
[2023-06-24T16:29:34.537+0000] {spark_submit.py:492} INFO - 23/06/24 16:29:34 INFO BlockManagerMasterEndpoint: Using org.apache.spark.storage.DefaultTopologyMapper for getting topology information
[2023-06-24T16:29:34.542+0000] {spark_submit.py:492} INFO - 23/06/24 16:29:34 INFO BlockManagerMasterEndpoint: BlockManagerMasterEndpoint up
[2023-06-24T16:29:34.560+0000] {spark_submit.py:492} INFO - 23/06/24 16:29:34 INFO SparkEnv: Registering BlockManagerMasterHeartbeat
[2023-06-24T16:29:34.620+0000] {spark_submit.py:492} INFO - 23/06/24 16:29:34 INFO DiskBlockManager: Created local directory at /tmp/blockmgr-316ab071-c9fd-49b2-91bb-36ef01189e93
[2023-06-24T16:29:34.707+0000] {spark_submit.py:492} INFO - 23/06/24 16:29:34 INFO MemoryStore: MemoryStore started with capacity 434.4 MiB
[2023-06-24T16:29:34.766+0000] {spark_submit.py:492} INFO - 23/06/24 16:29:34 INFO SparkEnv: Registering OutputCommitCoordinator
[2023-06-24T16:29:35.499+0000] {spark_submit.py:492} INFO - 23/06/24 16:29:35 INFO Utils: Successfully started service 'SparkUI' on port 4040.
[2023-06-24T16:29:35.765+0000] {spark_submit.py:492} INFO - 23/06/24 16:29:35 INFO SparkUI: Bound SparkUI to 0.0.0.0, and started at http://a8d69ab09d2d:4040
[2023-06-24T16:29:36.804+0000] {spark_submit.py:492} INFO - 23/06/24 16:29:36 INFO StandaloneAppClient$ClientEndpoint: Connecting to master spark://spark:7077...
[2023-06-24T16:29:36.936+0000] {spark_submit.py:492} INFO - 23/06/24 16:29:36 INFO TransportClientFactory: Successfully created connection to spark/172.19.0.11:7077 after 97 ms (0 ms spent in bootstraps)
[2023-06-24T16:29:37.190+0000] {spark_submit.py:492} INFO - 23/06/24 16:29:37 INFO StandaloneSchedulerBackend: Connected to Spark cluster with app ID app-20230624162937-0022
[2023-06-24T16:29:37.216+0000] {spark_submit.py:492} INFO - 23/06/24 16:29:37 INFO Utils: Successfully started service 'org.apache.spark.network.netty.NettyBlockTransferService' on port 32799.
[2023-06-24T16:29:37.217+0000] {spark_submit.py:492} INFO - 23/06/24 16:29:37 INFO NettyBlockTransferService: Server created on a8d69ab09d2d:32799
[2023-06-24T16:29:37.220+0000] {spark_submit.py:492} INFO - 23/06/24 16:29:37 INFO BlockManager: Using org.apache.spark.storage.RandomBlockReplicationPolicy for block replication policy
[2023-06-24T16:29:37.229+0000] {spark_submit.py:492} INFO - 23/06/24 16:29:37 INFO BlockManagerMaster: Registering BlockManager BlockManagerId(driver, a8d69ab09d2d, 32799, None)
[2023-06-24T16:29:37.234+0000] {spark_submit.py:492} INFO - 23/06/24 16:29:37 INFO BlockManagerMasterEndpoint: Registering block manager a8d69ab09d2d:32799 with 434.4 MiB RAM, BlockManagerId(driver, a8d69ab09d2d, 32799, None)
[2023-06-24T16:29:37.239+0000] {spark_submit.py:492} INFO - 23/06/24 16:29:37 INFO BlockManagerMaster: Registered BlockManager BlockManagerId(driver, a8d69ab09d2d, 32799, None)
[2023-06-24T16:29:37.240+0000] {spark_submit.py:492} INFO - 23/06/24 16:29:37 INFO BlockManager: Initialized BlockManager: BlockManagerId(driver, a8d69ab09d2d, 32799, None)
[2023-06-24T16:29:37.620+0000] {spark_submit.py:492} INFO - 23/06/24 16:29:37 INFO StandaloneSchedulerBackend: SchedulerBackend is ready for scheduling beginning after reached minRegisteredResourcesRatio: 0.0
[2023-06-24T16:29:38.056+0000] {spark_submit.py:492} INFO - 23/06/24 16:29:38 INFO SharedState: Setting hive.metastore.warehouse.dir ('null') to the value of spark.sql.warehouse.dir.
[2023-06-24T16:29:38.107+0000] {spark_submit.py:492} INFO - 23/06/24 16:29:38 INFO SharedState: Warehouse path is 'file:/opt/***/spark-warehouse'.
[2023-06-24T16:29:44.324+0000] {spark_submit.py:492} INFO - 23/06/24 16:29:44 INFO StandaloneAppClient$ClientEndpoint: Executor added: app-20230624162937-0022/0 on worker-20230624161025-172.19.0.3-35241 (172.19.0.3:35241) with 1 core(s)
[2023-06-24T16:29:44.324+0000] {spark_submit.py:492} INFO - 23/06/24 16:29:44 INFO StandaloneSchedulerBackend: Granted executor ID app-20230624162937-0022/0 on hostPort 172.19.0.3:35241 with 1 core(s), 1024.0 MiB RAM
[2023-06-24T16:29:44.497+0000] {spark_submit.py:492} INFO - 23/06/24 16:29:44 INFO StandaloneAppClient$ClientEndpoint: Executor updated: app-20230624162937-0022/0 is now RUNNING
[2023-06-24T16:29:46.201+0000] {spark_submit.py:492} INFO - 23/06/24 16:29:46 INFO CodeGenerator: Code generated in 425.075445 ms
[2023-06-24T16:29:46.303+0000] {spark_submit.py:492} INFO - 23/06/24 16:29:46 INFO SparkContext: Starting job: showString at NativeMethodAccessorImpl.java:0
[2023-06-24T16:29:46.351+0000] {spark_submit.py:492} INFO - 23/06/24 16:29:46 INFO DAGScheduler: Got job 0 (showString at NativeMethodAccessorImpl.java:0) with 1 output partitions
[2023-06-24T16:29:46.353+0000] {spark_submit.py:492} INFO - 23/06/24 16:29:46 INFO DAGScheduler: Final stage: ResultStage 0 (showString at NativeMethodAccessorImpl.java:0)
[2023-06-24T16:29:46.354+0000] {spark_submit.py:492} INFO - 23/06/24 16:29:46 INFO DAGScheduler: Parents of final stage: List()
[2023-06-24T16:29:46.356+0000] {spark_submit.py:492} INFO - 23/06/24 16:29:46 INFO DAGScheduler: Missing parents: List()
[2023-06-24T16:29:46.370+0000] {spark_submit.py:492} INFO - 23/06/24 16:29:46 INFO DAGScheduler: Submitting ResultStage 0 (MapPartitionsRDD[6] at showString at NativeMethodAccessorImpl.java:0), which has no missing parents
[2023-06-24T16:29:46.668+0000] {spark_submit.py:492} INFO - 23/06/24 16:29:46 INFO MemoryStore: Block broadcast_0 stored as values in memory (estimated size 11.7 KiB, free 434.4 MiB)
[2023-06-24T16:29:46.726+0000] {spark_submit.py:492} INFO - 23/06/24 16:29:46 INFO MemoryStore: Block broadcast_0_piece0 stored as bytes in memory (estimated size 6.2 KiB, free 434.4 MiB)
[2023-06-24T16:29:46.736+0000] {spark_submit.py:492} INFO - 23/06/24 16:29:46 INFO BlockManagerInfo: Added broadcast_0_piece0 in memory on a8d69ab09d2d:32799 (size: 6.2 KiB, free: 434.4 MiB)
[2023-06-24T16:29:46.749+0000] {spark_submit.py:492} INFO - 23/06/24 16:29:46 INFO SparkContext: Created broadcast 0 from broadcast at DAGScheduler.scala:1427
[2023-06-24T16:29:46.803+0000] {spark_submit.py:492} INFO - 23/06/24 16:29:46 INFO DAGScheduler: Submitting 1 missing tasks from ResultStage 0 (MapPartitionsRDD[6] at showString at NativeMethodAccessorImpl.java:0) (first 15 tasks are for partitions Vector(0))
[2023-06-24T16:29:46.804+0000] {spark_submit.py:492} INFO - 23/06/24 16:29:46 INFO TaskSchedulerImpl: Adding task set 0.0 with 1 tasks resource profile 0
[2023-06-24T16:29:48.625+0000] {spark_submit.py:492} INFO - 23/06/24 16:29:48 INFO CoarseGrainedSchedulerBackend$DriverEndpoint: Registered executor NettyRpcEndpointRef(spark-client://Executor) (172.19.0.3:59678) with ID 0,  ResourceProfileId 0
[2023-06-24T16:29:48.806+0000] {spark_submit.py:492} INFO - 23/06/24 16:29:48 INFO BlockManagerMasterEndpoint: Registering block manager 172.19.0.3:38223 with 366.3 MiB RAM, BlockManagerId(0, 172.19.0.3, 38223, None)
[2023-06-24T16:29:48.892+0000] {spark_submit.py:492} INFO - 23/06/24 16:29:48 INFO TaskSetManager: Starting task 0.0 in stage 0.0 (TID 0) (172.19.0.3, executor 0, partition 0, PROCESS_LOCAL, 4605 bytes) taskResourceAssignments Map()
[2023-06-24T16:29:49.364+0000] {spark_submit.py:492} INFO - 23/06/24 16:29:49 INFO BlockManagerInfo: Added broadcast_0_piece0 in memory on 172.19.0.3:38223 (size: 6.2 KiB, free: 366.3 MiB)
[2023-06-24T16:29:51.870+0000] {spark_submit.py:492} INFO - 23/06/24 16:29:51 INFO TaskSetManager: Finished task 0.0 in stage 0.0 (TID 0) in 2997 ms on 172.19.0.3 (executor 0) (1/1)
[2023-06-24T16:29:51.873+0000] {spark_submit.py:492} INFO - 23/06/24 16:29:51 INFO TaskSchedulerImpl: Removed TaskSet 0.0, whose tasks have all completed, from pool
[2023-06-24T16:29:51.879+0000] {spark_submit.py:492} INFO - 23/06/24 16:29:51 INFO PythonAccumulatorV2: Connected to AccumulatorServer at host: 127.0.0.1 port: 33449
[2023-06-24T16:29:51.883+0000] {spark_submit.py:492} INFO - 23/06/24 16:29:51 INFO DAGScheduler: ResultStage 0 (showString at NativeMethodAccessorImpl.java:0) finished in 5.492 s
[2023-06-24T16:29:51.887+0000] {spark_submit.py:492} INFO - 23/06/24 16:29:51 INFO DAGScheduler: Job 0 is finished. Cancelling potential speculative or zombie tasks for this job
[2023-06-24T16:29:51.888+0000] {spark_submit.py:492} INFO - 23/06/24 16:29:51 INFO TaskSchedulerImpl: Killing all running tasks in stage 0: Stage finished
[2023-06-24T16:29:51.891+0000] {spark_submit.py:492} INFO - 23/06/24 16:29:51 INFO DAGScheduler: Job 0 finished: showString at NativeMethodAccessorImpl.java:0, took 5.586369 s
[2023-06-24T16:29:51.909+0000] {spark_submit.py:492} INFO - 23/06/24 16:29:51 INFO SparkContext: Starting job: showString at NativeMethodAccessorImpl.java:0
[2023-06-24T16:29:51.910+0000] {spark_submit.py:492} INFO - 23/06/24 16:29:51 INFO DAGScheduler: Got job 1 (showString at NativeMethodAccessorImpl.java:0) with 1 output partitions
[2023-06-24T16:29:51.911+0000] {spark_submit.py:492} INFO - 23/06/24 16:29:51 INFO DAGScheduler: Final stage: ResultStage 1 (showString at NativeMethodAccessorImpl.java:0)
[2023-06-24T16:29:51.911+0000] {spark_submit.py:492} INFO - 23/06/24 16:29:51 INFO DAGScheduler: Parents of final stage: List()
[2023-06-24T16:29:51.911+0000] {spark_submit.py:492} INFO - 23/06/24 16:29:51 INFO DAGScheduler: Missing parents: List()
[2023-06-24T16:29:51.913+0000] {spark_submit.py:492} INFO - 23/06/24 16:29:51 INFO DAGScheduler: Submitting ResultStage 1 (MapPartitionsRDD[6] at showString at NativeMethodAccessorImpl.java:0), which has no missing parents
[2023-06-24T16:29:51.923+0000] {spark_submit.py:492} INFO - 23/06/24 16:29:51 INFO MemoryStore: Block broadcast_1 stored as values in memory (estimated size 11.7 KiB, free 434.4 MiB)
[2023-06-24T16:29:51.930+0000] {spark_submit.py:492} INFO - 23/06/24 16:29:51 INFO MemoryStore: Block broadcast_1_piece0 stored as bytes in memory (estimated size 6.2 KiB, free 434.4 MiB)
[2023-06-24T16:29:51.932+0000] {spark_submit.py:492} INFO - 23/06/24 16:29:51 INFO BlockManagerInfo: Added broadcast_1_piece0 in memory on a8d69ab09d2d:32799 (size: 6.2 KiB, free: 434.4 MiB)
[2023-06-24T16:29:51.933+0000] {spark_submit.py:492} INFO - 23/06/24 16:29:51 INFO SparkContext: Created broadcast 1 from broadcast at DAGScheduler.scala:1427
[2023-06-24T16:29:51.934+0000] {spark_submit.py:492} INFO - 23/06/24 16:29:51 INFO DAGScheduler: Submitting 1 missing tasks from ResultStage 1 (MapPartitionsRDD[6] at showString at NativeMethodAccessorImpl.java:0) (first 15 tasks are for partitions Vector(1))
[2023-06-24T16:29:51.935+0000] {spark_submit.py:492} INFO - 23/06/24 16:29:51 INFO TaskSchedulerImpl: Adding task set 1.0 with 1 tasks resource profile 0
[2023-06-24T16:29:51.939+0000] {spark_submit.py:492} INFO - 23/06/24 16:29:51 INFO TaskSetManager: Starting task 0.0 in stage 1.0 (TID 1) (172.19.0.3, executor 0, partition 1, PROCESS_LOCAL, 4529 bytes) taskResourceAssignments Map()
[2023-06-24T16:29:51.974+0000] {spark_submit.py:492} INFO - 23/06/24 16:29:51 INFO BlockManagerInfo: Added broadcast_1_piece0 in memory on 172.19.0.3:38223 (size: 6.2 KiB, free: 366.3 MiB)
[2023-06-24T16:29:52.048+0000] {spark_submit.py:492} INFO - 23/06/24 16:29:52 INFO TaskSetManager: Finished task 0.0 in stage 1.0 (TID 1) in 109 ms on 172.19.0.3 (executor 0) (1/1)
[2023-06-24T16:29:52.050+0000] {spark_submit.py:492} INFO - 23/06/24 16:29:52 INFO DAGScheduler: ResultStage 1 (showString at NativeMethodAccessorImpl.java:0) finished in 0.131 s
[2023-06-24T16:29:52.050+0000] {spark_submit.py:492} INFO - 23/06/24 16:29:52 INFO DAGScheduler: Job 1 is finished. Cancelling potential speculative or zombie tasks for this job
[2023-06-24T16:29:52.052+0000] {spark_submit.py:492} INFO - 23/06/24 16:29:52 INFO TaskSchedulerImpl: Removed TaskSet 1.0, whose tasks have all completed, from pool
[2023-06-24T16:29:52.057+0000] {spark_submit.py:492} INFO - 23/06/24 16:29:52 INFO TaskSchedulerImpl: Killing all running tasks in stage 1: Stage finished
[2023-06-24T16:29:52.057+0000] {spark_submit.py:492} INFO - 23/06/24 16:29:52 INFO DAGScheduler: Job 1 finished: showString at NativeMethodAccessorImpl.java:0, took 0.144016 s
[2023-06-24T16:29:52.105+0000] {spark_submit.py:492} INFO - 23/06/24 16:29:52 INFO CodeGenerator: Code generated in 24.14606 ms
[2023-06-24T16:29:52.124+0000] {spark_submit.py:492} INFO - +-----+-----------------------------------------------------------------------------+
[2023-06-24T16:29:52.125+0000] {spark_submit.py:492} INFO - |Seqno|Quote                                                                        |
[2023-06-24T16:29:52.125+0000] {spark_submit.py:492} INFO - +-----+-----------------------------------------------------------------------------+
[2023-06-24T16:29:52.125+0000] {spark_submit.py:492} INFO - |1    |Be the change that you wish to see in the world                              |
[2023-06-24T16:29:52.125+0000] {spark_submit.py:492} INFO - |2    |Everyone thinks of changing the world, but no one thinks of changing himself.|
[2023-06-24T16:29:52.125+0000] {spark_submit.py:492} INFO - |3    |The purpose of our lives is to be happy.                                     |
[2023-06-24T16:29:52.126+0000] {spark_submit.py:492} INFO - |4    |Be cool.                                                                     |
[2023-06-24T16:29:52.126+0000] {spark_submit.py:492} INFO - +-----+-----------------------------------------------------------------------------+
[2023-06-24T16:29:52.126+0000] {spark_submit.py:492} INFO - 
[2023-06-24T16:29:52.219+0000] {spark_submit.py:492} INFO - Traceback (most recent call last):
[2023-06-24T16:29:52.219+0000] {spark_submit.py:492} INFO - File "/opt/***/dags/spark_etl_spark_minio.py", line 43, in <module>
[2023-06-24T16:29:52.219+0000] {spark_submit.py:492} INFO - df.write.mode("append").parquet("s3a://datalake/test.parquet")
[2023-06-24T16:29:52.220+0000] {spark_submit.py:492} INFO - File "/opt/spark/python/lib/pyspark.zip/pyspark/sql/readwriter.py", line 885, in parquet
[2023-06-24T16:29:52.220+0000] {spark_submit.py:492} INFO - File "/opt/spark/python/lib/py4j-0.10.9.2-src.zip/py4j/java_gateway.py", line 1309, in __call__
[2023-06-24T16:29:52.220+0000] {spark_submit.py:492} INFO - File "/opt/spark/python/lib/pyspark.zip/pyspark/sql/utils.py", line 111, in deco
[2023-06-24T16:29:52.220+0000] {spark_submit.py:492} INFO - File "/opt/spark/python/lib/py4j-0.10.9.2-src.zip/py4j/protocol.py", line 326, in get_return_value
[2023-06-24T16:29:52.222+0000] {spark_submit.py:492} INFO - py4j.protocol.Py4JJavaError: An error occurred while calling o77.parquet.
[2023-06-24T16:29:52.222+0000] {spark_submit.py:492} INFO - : java.lang.RuntimeException: java.lang.ClassNotFoundException: Class org.apache.hadoop.fs.s3a.S3AFileSystem not found
[2023-06-24T16:29:52.222+0000] {spark_submit.py:492} INFO - at org.apache.hadoop.conf.Configuration.getClass(Configuration.java:2667)
[2023-06-24T16:29:52.222+0000] {spark_submit.py:492} INFO - at org.apache.hadoop.fs.FileSystem.getFileSystemClass(FileSystem.java:3431)
[2023-06-24T16:29:52.222+0000] {spark_submit.py:492} INFO - at org.apache.hadoop.fs.FileSystem.createFileSystem(FileSystem.java:3466)
[2023-06-24T16:29:52.222+0000] {spark_submit.py:492} INFO - at org.apache.hadoop.fs.FileSystem.access$300(FileSystem.java:174)
[2023-06-24T16:29:52.222+0000] {spark_submit.py:492} INFO - at org.apache.hadoop.fs.FileSystem$Cache.getInternal(FileSystem.java:3574)
[2023-06-24T16:29:52.222+0000] {spark_submit.py:492} INFO - at org.apache.hadoop.fs.FileSystem$Cache.get(FileSystem.java:3521)
[2023-06-24T16:29:52.222+0000] {spark_submit.py:492} INFO - at org.apache.hadoop.fs.FileSystem.get(FileSystem.java:540)
[2023-06-24T16:29:52.223+0000] {spark_submit.py:492} INFO - at org.apache.hadoop.fs.Path.getFileSystem(Path.java:365)
[2023-06-24T16:29:52.223+0000] {spark_submit.py:492} INFO - at org.apache.spark.sql.execution.datasources.DataSource.planForWritingFileFormat(DataSource.scala:461)
[2023-06-24T16:29:52.223+0000] {spark_submit.py:492} INFO - at org.apache.spark.sql.execution.datasources.DataSource.planForWriting(DataSource.scala:556)
[2023-06-24T16:29:52.223+0000] {spark_submit.py:492} INFO - at org.apache.spark.sql.DataFrameWriter.saveToV1Source(DataFrameWriter.scala:382)
[2023-06-24T16:29:52.223+0000] {spark_submit.py:492} INFO - at org.apache.spark.sql.DataFrameWriter.saveInternal(DataFrameWriter.scala:355)
[2023-06-24T16:29:52.223+0000] {spark_submit.py:492} INFO - at org.apache.spark.sql.DataFrameWriter.save(DataFrameWriter.scala:239)
[2023-06-24T16:29:52.223+0000] {spark_submit.py:492} INFO - at org.apache.spark.sql.DataFrameWriter.parquet(DataFrameWriter.scala:781)
[2023-06-24T16:29:52.223+0000] {spark_submit.py:492} INFO - at java.base/jdk.internal.reflect.NativeMethodAccessorImpl.invoke0(Native Method)
[2023-06-24T16:29:52.224+0000] {spark_submit.py:492} INFO - at java.base/jdk.internal.reflect.NativeMethodAccessorImpl.invoke(NativeMethodAccessorImpl.java:62)
[2023-06-24T16:29:52.224+0000] {spark_submit.py:492} INFO - at java.base/jdk.internal.reflect.DelegatingMethodAccessorImpl.invoke(DelegatingMethodAccessorImpl.java:43)
[2023-06-24T16:29:52.224+0000] {spark_submit.py:492} INFO - at java.base/java.lang.reflect.Method.invoke(Method.java:566)
[2023-06-24T16:29:52.224+0000] {spark_submit.py:492} INFO - at py4j.reflection.MethodInvoker.invoke(MethodInvoker.java:244)
[2023-06-24T16:29:52.224+0000] {spark_submit.py:492} INFO - at py4j.reflection.ReflectionEngine.invoke(ReflectionEngine.java:357)
[2023-06-24T16:29:52.224+0000] {spark_submit.py:492} INFO - at py4j.Gateway.invoke(Gateway.java:282)
[2023-06-24T16:29:52.224+0000] {spark_submit.py:492} INFO - at py4j.commands.AbstractCommand.invokeMethod(AbstractCommand.java:132)
[2023-06-24T16:29:52.224+0000] {spark_submit.py:492} INFO - at py4j.commands.CallCommand.execute(CallCommand.java:79)
[2023-06-24T16:29:52.224+0000] {spark_submit.py:492} INFO - at py4j.ClientServerConnection.waitForCommands(ClientServerConnection.java:182)
[2023-06-24T16:29:52.225+0000] {spark_submit.py:492} INFO - at py4j.ClientServerConnection.run(ClientServerConnection.java:106)
[2023-06-24T16:29:52.225+0000] {spark_submit.py:492} INFO - at java.base/java.lang.Thread.run(Thread.java:829)
[2023-06-24T16:29:52.225+0000] {spark_submit.py:492} INFO - Caused by: java.lang.ClassNotFoundException: Class org.apache.hadoop.fs.s3a.S3AFileSystem not found
[2023-06-24T16:29:52.225+0000] {spark_submit.py:492} INFO - at org.apache.hadoop.conf.Configuration.getClassByName(Configuration.java:2571)
[2023-06-24T16:29:52.225+0000] {spark_submit.py:492} INFO - at org.apache.hadoop.conf.Configuration.getClass(Configuration.java:2665)
[2023-06-24T16:29:52.225+0000] {spark_submit.py:492} INFO - ... 25 more
[2023-06-24T16:29:52.225+0000] {spark_submit.py:492} INFO - 
[2023-06-24T16:29:52.327+0000] {spark_submit.py:492} INFO - 23/06/24 16:29:52 INFO SparkContext: Invoking stop() from shutdown hook
[2023-06-24T16:29:52.340+0000] {spark_submit.py:492} INFO - 23/06/24 16:29:52 INFO SparkUI: Stopped Spark web UI at http://a8d69ab09d2d:4040
[2023-06-24T16:29:52.347+0000] {spark_submit.py:492} INFO - 23/06/24 16:29:52 INFO StandaloneSchedulerBackend: Shutting down all executors
[2023-06-24T16:29:52.348+0000] {spark_submit.py:492} INFO - 23/06/24 16:29:52 INFO CoarseGrainedSchedulerBackend$DriverEndpoint: Asking each executor to shut down
[2023-06-24T16:29:52.419+0000] {spark_submit.py:492} INFO - 23/06/24 16:29:52 INFO MapOutputTrackerMasterEndpoint: MapOutputTrackerMasterEndpoint stopped!
[2023-06-24T16:29:52.464+0000] {spark_submit.py:492} INFO - 23/06/24 16:29:52 INFO MemoryStore: MemoryStore cleared
[2023-06-24T16:29:52.466+0000] {spark_submit.py:492} INFO - 23/06/24 16:29:52 INFO BlockManager: BlockManager stopped
[2023-06-24T16:29:52.616+0000] {spark_submit.py:492} INFO - 23/06/24 16:29:52 INFO BlockManagerMaster: BlockManagerMaster stopped
[2023-06-24T16:29:52.619+0000] {spark_submit.py:492} INFO - 23/06/24 16:29:52 INFO OutputCommitCoordinator$OutputCommitCoordinatorEndpoint: OutputCommitCoordinator stopped!
[2023-06-24T16:29:52.663+0000] {spark_submit.py:492} INFO - 23/06/24 16:29:52 INFO SparkContext: Successfully stopped SparkContext
[2023-06-24T16:29:52.664+0000] {spark_submit.py:492} INFO - 23/06/24 16:29:52 INFO ShutdownHookManager: Shutdown hook called
[2023-06-24T16:29:52.664+0000] {spark_submit.py:492} INFO - 23/06/24 16:29:52 INFO ShutdownHookManager: Deleting directory /tmp/spark-c959057b-08c7-4851-9eb1-ab9ba7f4e928
[2023-06-24T16:29:52.669+0000] {spark_submit.py:492} INFO - 23/06/24 16:29:52 INFO ShutdownHookManager: Deleting directory /tmp/spark-405fea18-a88d-4750-baf9-c782ac08a016
[2023-06-24T16:29:52.678+0000] {spark_submit.py:492} INFO - 23/06/24 16:29:52 INFO ShutdownHookManager: Deleting directory /tmp/spark-c959057b-08c7-4851-9eb1-ab9ba7f4e928/pyspark-2b8a23bb-072d-45e7-80fa-2b19c9f411d6
[2023-06-24T16:29:52.803+0000] {taskinstance.py:1775} ERROR - Task failed with exception
Traceback (most recent call last):
  File "/home/airflow/.local/lib/python3.8/site-packages/airflow/providers/apache/spark/operators/spark_submit.py", line 157, in execute
    self._hook.submit(self._application)
  File "/home/airflow/.local/lib/python3.8/site-packages/airflow/providers/apache/spark/hooks/spark_submit.py", line 423, in submit
    raise AirflowException(
airflow.exceptions.AirflowException: Cannot execute: spark-submit --master spark://spark:7077 --name arrow-spark /opt/***/dags/spark_etl_spark_minio.py. Error code is: 1.
[2023-06-24T16:29:52.808+0000] {taskinstance.py:1321} INFO - Marking task as UP_FOR_RETRY. dag_id=spark_etl_minio, task_id=spark_submit_task, execution_date=20230624T162644, start_date=20230624T162926, end_date=20230624T162952
[2023-06-24T16:29:52.833+0000] {standard_task_runner.py:100} ERROR - Failed to execute job 99 for task spark_submit_task (Cannot execute: spark-submit --master spark://spark:7077 --name arrow-spark /opt/***/dags/spark_etl_spark_minio.py. Error code is: 1.; 4472)
[2023-06-24T16:29:52.881+0000] {local_task_job.py:212} INFO - Task exited with return code 1
[2023-06-24T16:29:52.903+0000] {taskinstance.py:2585} INFO - 0 downstream tasks scheduled from follow-on schedule check
