[2023-06-25T06:03:50.545+0000] {taskinstance.py:1084} INFO - Dependencies all met for dep_context=non-requeueable deps ti=<TaskInstance: spark_etl_minio_v14.spark_submit_task manual__2023-06-25T06:03:48.754830+00:00 [queued]>
[2023-06-25T06:03:50.566+0000] {taskinstance.py:1084} INFO - Dependencies all met for dep_context=requeueable deps ti=<TaskInstance: spark_etl_minio_v14.spark_submit_task manual__2023-06-25T06:03:48.754830+00:00 [queued]>
[2023-06-25T06:03:50.567+0000] {taskinstance.py:1282} INFO - 
--------------------------------------------------------------------------------
[2023-06-25T06:03:50.567+0000] {taskinstance.py:1283} INFO - Starting attempt 1 of 6
[2023-06-25T06:03:50.567+0000] {taskinstance.py:1284} INFO - 
--------------------------------------------------------------------------------
[2023-06-25T06:03:50.583+0000] {taskinstance.py:1303} INFO - Executing <Task(SparkSubmitOperator): spark_submit_task> on 2023-06-25 06:03:48.754830+00:00
[2023-06-25T06:03:50.587+0000] {standard_task_runner.py:55} INFO - Started process 26261 to run task
[2023-06-25T06:03:50.591+0000] {standard_task_runner.py:82} INFO - Running: ['***', 'tasks', 'run', 'spark_etl_minio_v14', 'spark_submit_task', 'manual__2023-06-25T06:03:48.754830+00:00', '--job-id', '228', '--raw', '--subdir', 'DAGS_FOLDER/spark_job_minio_v1.py', '--cfg-path', '/tmp/tmpkgczvjln']
[2023-06-25T06:03:50.592+0000] {standard_task_runner.py:83} INFO - Job 228: Subtask spark_submit_task
[2023-06-25T06:03:50.604+0000] {warnings.py:109} WARNING - /home/***/.local/lib/python3.8/site-packages/***/settings.py:250: DeprecationWarning: The sql_alchemy_conn option in [core] has been moved to the sql_alchemy_conn option in [database] - the old setting has been used, but please update your config.
  SQL_ALCHEMY_CONN = conf.get("database", "SQL_ALCHEMY_CONN")

[2023-06-25T06:03:50.650+0000] {task_command.py:388} INFO - Running <TaskInstance: spark_etl_minio_v14.spark_submit_task manual__2023-06-25T06:03:48.754830+00:00 [running]> on host a8d69ab09d2d
[2023-06-25T06:03:50.712+0000] {taskinstance.py:1509} INFO - Exporting the following env vars:
AIRFLOW_CTX_DAG_OWNER=***
AIRFLOW_CTX_DAG_ID=spark_etl_minio_v14
AIRFLOW_CTX_TASK_ID=spark_submit_task
AIRFLOW_CTX_EXECUTION_DATE=2023-06-25T06:03:48.754830+00:00
AIRFLOW_CTX_TRY_NUMBER=1
AIRFLOW_CTX_DAG_RUN_ID=manual__2023-06-25T06:03:48.754830+00:00
[2023-06-25T06:03:50.724+0000] {base.py:73} INFO - Using connection ID 'spark_conn' for task execution.
[2023-06-25T06:03:50.727+0000] {spark_submit.py:341} INFO - Spark-Submit cmd: spark-submit --master spark://spark:7077 --jars local:///opt/bitnami/spark/jars/hadoop-aws-3.2.0.jar,local:///opt/bitnami/spark/jars/aws-java-sdk-bundle-1.11.375.jar --name arrow-spark /opt/***/dags/spark_etl_spark_minio.py
[2023-06-25T06:03:52.297+0000] {spark_submit.py:492} INFO - WARNING: An illegal reflective access operation has occurred
[2023-06-25T06:03:52.298+0000] {spark_submit.py:492} INFO - WARNING: Illegal reflective access by org.apache.spark.unsafe.Platform (file:/opt/spark/jars/spark-unsafe_2.12-3.2.0.jar) to constructor java.nio.DirectByteBuffer(long,int)
[2023-06-25T06:03:52.298+0000] {spark_submit.py:492} INFO - WARNING: Please consider reporting this to the maintainers of org.apache.spark.unsafe.Platform
[2023-06-25T06:03:52.298+0000] {spark_submit.py:492} INFO - WARNING: Use --illegal-access=warn to enable warnings of further illegal reflective access operations
[2023-06-25T06:03:52.298+0000] {spark_submit.py:492} INFO - WARNING: All illegal access operations will be denied in a future release
[2023-06-25T06:03:52.677+0000] {spark_submit.py:492} INFO - Using Spark's default log4j profile: org/apache/spark/log4j-defaults.properties
[2023-06-25T06:03:52.678+0000] {spark_submit.py:492} INFO - 23/06/25 06:03:52 WARN DependencyUtils: Local jar /opt/bitnami/spark/jars/hadoop-aws-3.2.0.jar does not exist, skipping.
[2023-06-25T06:03:52.679+0000] {spark_submit.py:492} INFO - 23/06/25 06:03:52 WARN DependencyUtils: Local jar /opt/bitnami/spark/jars/aws-java-sdk-bundle-1.11.375.jar does not exist, skipping.
[2023-06-25T06:03:53.810+0000] {spark_submit.py:492} INFO - 23/06/25 06:03:53 INFO SparkContext: Running Spark version 3.2.0
[2023-06-25T06:03:53.921+0000] {spark_submit.py:492} INFO - 23/06/25 06:03:53 WARN NativeCodeLoader: Unable to load native-hadoop library for your platform... using builtin-java classes where applicable
[2023-06-25T06:03:54.100+0000] {spark_submit.py:492} INFO - 23/06/25 06:03:54 INFO ResourceUtils: ==============================================================
[2023-06-25T06:03:54.100+0000] {spark_submit.py:492} INFO - 23/06/25 06:03:54 INFO ResourceUtils: No custom resources configured for spark.driver.
[2023-06-25T06:03:54.101+0000] {spark_submit.py:492} INFO - 23/06/25 06:03:54 INFO ResourceUtils: ==============================================================
[2023-06-25T06:03:54.101+0000] {spark_submit.py:492} INFO - 23/06/25 06:03:54 INFO SparkContext: Submitted application: arrow-spark
[2023-06-25T06:03:54.131+0000] {spark_submit.py:492} INFO - 23/06/25 06:03:54 INFO ResourceProfile: Default ResourceProfile created, executor resources: Map(cores -> name: cores, amount: 1, script: , vendor: , memory -> name: memory, amount: 1024, script: , vendor: , offHeap -> name: offHeap, amount: 0, script: , vendor: ), task resources: Map(cpus -> name: cpus, amount: 1.0)
[2023-06-25T06:03:54.149+0000] {spark_submit.py:492} INFO - 23/06/25 06:03:54 INFO ResourceProfile: Limiting resource is cpu
[2023-06-25T06:03:54.150+0000] {spark_submit.py:492} INFO - 23/06/25 06:03:54 INFO ResourceProfileManager: Added ResourceProfile id: 0
[2023-06-25T06:03:54.217+0000] {spark_submit.py:492} INFO - 23/06/25 06:03:54 INFO SecurityManager: Changing view acls to: default
[2023-06-25T06:03:54.217+0000] {spark_submit.py:492} INFO - 23/06/25 06:03:54 INFO SecurityManager: Changing modify acls to: default
[2023-06-25T06:03:54.217+0000] {spark_submit.py:492} INFO - 23/06/25 06:03:54 INFO SecurityManager: Changing view acls groups to:
[2023-06-25T06:03:54.218+0000] {spark_submit.py:492} INFO - 23/06/25 06:03:54 INFO SecurityManager: Changing modify acls groups to:
[2023-06-25T06:03:54.218+0000] {spark_submit.py:492} INFO - 23/06/25 06:03:54 INFO SecurityManager: SecurityManager: authentication disabled; ui acls disabled; users  with view permissions: Set(default); groups with view permissions: Set(); users  with modify permissions: Set(default); groups with modify permissions: Set()
[2023-06-25T06:03:54.603+0000] {spark_submit.py:492} INFO - 23/06/25 06:03:54 INFO Utils: Successfully started service 'sparkDriver' on port 39459.
[2023-06-25T06:03:54.631+0000] {spark_submit.py:492} INFO - 23/06/25 06:03:54 INFO SparkEnv: Registering MapOutputTracker
[2023-06-25T06:03:54.660+0000] {spark_submit.py:492} INFO - 23/06/25 06:03:54 INFO SparkEnv: Registering BlockManagerMaster
[2023-06-25T06:03:54.680+0000] {spark_submit.py:492} INFO - 23/06/25 06:03:54 INFO BlockManagerMasterEndpoint: Using org.apache.spark.storage.DefaultTopologyMapper for getting topology information
[2023-06-25T06:03:54.681+0000] {spark_submit.py:492} INFO - 23/06/25 06:03:54 INFO BlockManagerMasterEndpoint: BlockManagerMasterEndpoint up
[2023-06-25T06:03:54.687+0000] {spark_submit.py:492} INFO - 23/06/25 06:03:54 INFO SparkEnv: Registering BlockManagerMasterHeartbeat
[2023-06-25T06:03:54.717+0000] {spark_submit.py:492} INFO - 23/06/25 06:03:54 INFO DiskBlockManager: Created local directory at /tmp/blockmgr-b5a22886-6b38-45bb-8298-2acd9dbc5eb9
[2023-06-25T06:03:54.746+0000] {spark_submit.py:492} INFO - 23/06/25 06:03:54 INFO MemoryStore: MemoryStore started with capacity 434.4 MiB
[2023-06-25T06:03:54.768+0000] {spark_submit.py:492} INFO - 23/06/25 06:03:54 INFO SparkEnv: Registering OutputCommitCoordinator
[2023-06-25T06:03:54.963+0000] {spark_submit.py:492} INFO - 23/06/25 06:03:54 WARN Utils: Service 'SparkUI' could not bind on port 4040. Attempting port 4041.
[2023-06-25T06:03:54.963+0000] {spark_submit.py:492} INFO - 23/06/25 06:03:54 WARN Utils: Service 'SparkUI' could not bind on port 4041. Attempting port 4042.
[2023-06-25T06:03:54.964+0000] {spark_submit.py:492} INFO - 23/06/25 06:03:54 WARN Utils: Service 'SparkUI' could not bind on port 4042. Attempting port 4043.
[2023-06-25T06:03:54.964+0000] {spark_submit.py:492} INFO - 23/06/25 06:03:54 WARN Utils: Service 'SparkUI' could not bind on port 4043. Attempting port 4044.
[2023-06-25T06:03:54.964+0000] {spark_submit.py:492} INFO - 23/06/25 06:03:54 WARN Utils: Service 'SparkUI' could not bind on port 4044. Attempting port 4045.
[2023-06-25T06:03:54.964+0000] {spark_submit.py:492} INFO - 23/06/25 06:03:54 WARN Utils: Service 'SparkUI' could not bind on port 4045. Attempting port 4046.
[2023-06-25T06:03:54.965+0000] {spark_submit.py:492} INFO - 23/06/25 06:03:54 WARN Utils: Service 'SparkUI' could not bind on port 4046. Attempting port 4047.
[2023-06-25T06:03:54.965+0000] {spark_submit.py:492} INFO - 23/06/25 06:03:54 WARN Utils: Service 'SparkUI' could not bind on port 4047. Attempting port 4048.
[2023-06-25T06:03:54.965+0000] {spark_submit.py:492} INFO - 23/06/25 06:03:54 WARN Utils: Service 'SparkUI' could not bind on port 4048. Attempting port 4049.
[2023-06-25T06:03:54.972+0000] {spark_submit.py:492} INFO - 23/06/25 06:03:54 INFO Utils: Successfully started service 'SparkUI' on port 4049.
[2023-06-25T06:03:55.027+0000] {spark_submit.py:492} INFO - 23/06/25 06:03:55 INFO SparkUI: Bound SparkUI to 0.0.0.0, and started at http://a8d69ab09d2d:4049
[2023-06-25T06:03:55.039+0000] {spark_submit.py:492} INFO - 23/06/25 06:03:55 INFO SparkContext: Added JAR local:///opt/bitnami/spark/jars/hadoop-aws-3.2.0.jar at file:/opt/bitnami/spark/jars/hadoop-aws-3.2.0.jar with timestamp 1687673033797
[2023-06-25T06:03:55.039+0000] {spark_submit.py:492} INFO - 23/06/25 06:03:55 INFO SparkContext: Added JAR local:///opt/bitnami/spark/jars/aws-java-sdk-bundle-1.11.375.jar at file:/opt/bitnami/spark/jars/aws-java-sdk-bundle-1.11.375.jar with timestamp 1687673033797
[2023-06-25T06:03:55.256+0000] {spark_submit.py:492} INFO - 23/06/25 06:03:55 INFO StandaloneAppClient$ClientEndpoint: Connecting to master spark://spark:7077...
[2023-06-25T06:03:55.347+0000] {spark_submit.py:492} INFO - 23/06/25 06:03:55 INFO TransportClientFactory: Successfully created connection to spark/172.19.0.11:7077 after 32 ms (0 ms spent in bootstraps)
[2023-06-25T06:03:55.527+0000] {spark_submit.py:492} INFO - 23/06/25 06:03:55 INFO StandaloneSchedulerBackend: Connected to Spark cluster with app ID app-20230625060355-0001
[2023-06-25T06:03:55.535+0000] {spark_submit.py:492} INFO - 23/06/25 06:03:55 INFO Utils: Successfully started service 'org.apache.spark.network.netty.NettyBlockTransferService' on port 45199.
[2023-06-25T06:03:55.536+0000] {spark_submit.py:492} INFO - 23/06/25 06:03:55 INFO NettyBlockTransferService: Server created on a8d69ab09d2d:45199
[2023-06-25T06:03:55.538+0000] {spark_submit.py:492} INFO - 23/06/25 06:03:55 INFO BlockManager: Using org.apache.spark.storage.RandomBlockReplicationPolicy for block replication policy
[2023-06-25T06:03:55.544+0000] {spark_submit.py:492} INFO - 23/06/25 06:03:55 INFO BlockManagerMaster: Registering BlockManager BlockManagerId(driver, a8d69ab09d2d, 45199, None)
[2023-06-25T06:03:55.547+0000] {spark_submit.py:492} INFO - 23/06/25 06:03:55 INFO BlockManagerMasterEndpoint: Registering block manager a8d69ab09d2d:45199 with 434.4 MiB RAM, BlockManagerId(driver, a8d69ab09d2d, 45199, None)
[2023-06-25T06:03:55.550+0000] {spark_submit.py:492} INFO - 23/06/25 06:03:55 INFO BlockManagerMaster: Registered BlockManager BlockManagerId(driver, a8d69ab09d2d, 45199, None)
[2023-06-25T06:03:55.551+0000] {spark_submit.py:492} INFO - 23/06/25 06:03:55 INFO BlockManager: Initialized BlockManager: BlockManagerId(driver, a8d69ab09d2d, 45199, None)
[2023-06-25T06:03:55.839+0000] {spark_submit.py:492} INFO - 23/06/25 06:03:55 INFO StandaloneSchedulerBackend: SchedulerBackend is ready for scheduling beginning after reached minRegisteredResourcesRatio: 0.0
[2023-06-25T06:03:56.221+0000] {spark_submit.py:492} INFO - 23/06/25 06:03:56 INFO SharedState: Setting hive.metastore.warehouse.dir ('null') to the value of spark.sql.warehouse.dir.
[2023-06-25T06:03:56.253+0000] {spark_submit.py:492} INFO - 23/06/25 06:03:56 INFO SharedState: Warehouse path is 'file:/opt/***/spark-warehouse'.
[2023-06-25T06:04:01.592+0000] {spark_submit.py:492} INFO - 23/06/25 06:04:01 INFO CodeGenerator: Code generated in 154.970238 ms
[2023-06-25T06:04:01.633+0000] {spark_submit.py:492} INFO - 23/06/25 06:04:01 INFO SparkContext: Starting job: showString at NativeMethodAccessorImpl.java:0
[2023-06-25T06:04:01.650+0000] {spark_submit.py:492} INFO - 23/06/25 06:04:01 INFO DAGScheduler: Got job 0 (showString at NativeMethodAccessorImpl.java:0) with 1 output partitions
[2023-06-25T06:04:01.651+0000] {spark_submit.py:492} INFO - 23/06/25 06:04:01 INFO DAGScheduler: Final stage: ResultStage 0 (showString at NativeMethodAccessorImpl.java:0)
[2023-06-25T06:04:01.651+0000] {spark_submit.py:492} INFO - 23/06/25 06:04:01 INFO DAGScheduler: Parents of final stage: List()
[2023-06-25T06:04:01.653+0000] {spark_submit.py:492} INFO - 23/06/25 06:04:01 INFO DAGScheduler: Missing parents: List()
[2023-06-25T06:04:01.663+0000] {spark_submit.py:492} INFO - 23/06/25 06:04:01 INFO DAGScheduler: Submitting ResultStage 0 (MapPartitionsRDD[6] at showString at NativeMethodAccessorImpl.java:0), which has no missing parents
[2023-06-25T06:04:01.756+0000] {spark_submit.py:492} INFO - 23/06/25 06:04:01 INFO MemoryStore: Block broadcast_0 stored as values in memory (estimated size 11.7 KiB, free 434.4 MiB)
[2023-06-25T06:04:01.785+0000] {spark_submit.py:492} INFO - 23/06/25 06:04:01 INFO MemoryStore: Block broadcast_0_piece0 stored as bytes in memory (estimated size 6.2 KiB, free 434.4 MiB)
[2023-06-25T06:04:01.788+0000] {spark_submit.py:492} INFO - 23/06/25 06:04:01 INFO BlockManagerInfo: Added broadcast_0_piece0 in memory on a8d69ab09d2d:45199 (size: 6.2 KiB, free: 434.4 MiB)
[2023-06-25T06:04:01.792+0000] {spark_submit.py:492} INFO - 23/06/25 06:04:01 INFO SparkContext: Created broadcast 0 from broadcast at DAGScheduler.scala:1427
[2023-06-25T06:04:01.803+0000] {spark_submit.py:492} INFO - 23/06/25 06:04:01 INFO DAGScheduler: Submitting 1 missing tasks from ResultStage 0 (MapPartitionsRDD[6] at showString at NativeMethodAccessorImpl.java:0) (first 15 tasks are for partitions Vector(0))
[2023-06-25T06:04:01.804+0000] {spark_submit.py:492} INFO - 23/06/25 06:04:01 INFO TaskSchedulerImpl: Adding task set 0.0 with 1 tasks resource profile 0
[2023-06-25T06:04:04.039+0000] {spark_submit.py:492} INFO - 23/06/25 06:04:04 INFO StandaloneAppClient$ClientEndpoint: Executor added: app-20230625060355-0001/0 on worker-20230625060227-172.19.0.10-42263 (172.19.0.10:42263) with 1 core(s)
[2023-06-25T06:04:04.040+0000] {spark_submit.py:492} INFO - 23/06/25 06:04:04 INFO StandaloneSchedulerBackend: Granted executor ID app-20230625060355-0001/0 on hostPort 172.19.0.10:42263 with 1 core(s), 1024.0 MiB RAM
[2023-06-25T06:04:04.099+0000] {spark_submit.py:492} INFO - 23/06/25 06:04:04 INFO StandaloneAppClient$ClientEndpoint: Executor updated: app-20230625060355-0001/0 is now RUNNING
[2023-06-25T06:04:05.971+0000] {spark_submit.py:492} INFO - 23/06/25 06:04:05 INFO CoarseGrainedSchedulerBackend$DriverEndpoint: Registered executor NettyRpcEndpointRef(spark-client://Executor) (172.19.0.10:57436) with ID 0,  ResourceProfileId 0
[2023-06-25T06:04:06.107+0000] {spark_submit.py:492} INFO - 23/06/25 06:04:06 INFO BlockManagerMasterEndpoint: Registering block manager 172.19.0.10:46437 with 366.3 MiB RAM, BlockManagerId(0, 172.19.0.10, 46437, None)
[2023-06-25T06:04:06.377+0000] {spark_submit.py:492} INFO - 23/06/25 06:04:06 INFO TaskSetManager: Starting task 0.0 in stage 0.0 (TID 0) (172.19.0.10, executor 0, partition 0, PROCESS_LOCAL, 4605 bytes) taskResourceAssignments Map()
[2023-06-25T06:04:06.601+0000] {spark_submit.py:492} INFO - 23/06/25 06:04:06 INFO BlockManagerInfo: Added broadcast_0_piece0 in memory on 172.19.0.10:46437 (size: 6.2 KiB, free: 366.3 MiB)
[2023-06-25T06:04:07.882+0000] {spark_submit.py:492} INFO - 23/06/25 06:04:07 INFO TaskSetManager: Finished task 0.0 in stage 0.0 (TID 0) in 1512 ms on 172.19.0.10 (executor 0) (1/1)
[2023-06-25T06:04:07.884+0000] {spark_submit.py:492} INFO - 23/06/25 06:04:07 INFO TaskSchedulerImpl: Removed TaskSet 0.0, whose tasks have all completed, from pool
[2023-06-25T06:04:07.886+0000] {spark_submit.py:492} INFO - 23/06/25 06:04:07 INFO PythonAccumulatorV2: Connected to AccumulatorServer at host: 127.0.0.1 port: 47817
[2023-06-25T06:04:07.889+0000] {spark_submit.py:492} INFO - 23/06/25 06:04:07 INFO DAGScheduler: ResultStage 0 (showString at NativeMethodAccessorImpl.java:0) finished in 6.214 s
[2023-06-25T06:04:07.891+0000] {spark_submit.py:492} INFO - 23/06/25 06:04:07 INFO DAGScheduler: Job 0 is finished. Cancelling potential speculative or zombie tasks for this job
[2023-06-25T06:04:07.891+0000] {spark_submit.py:492} INFO - 23/06/25 06:04:07 INFO TaskSchedulerImpl: Killing all running tasks in stage 0: Stage finished
[2023-06-25T06:04:07.892+0000] {spark_submit.py:492} INFO - 23/06/25 06:04:07 INFO DAGScheduler: Job 0 finished: showString at NativeMethodAccessorImpl.java:0, took 6.258887 s
[2023-06-25T06:04:07.900+0000] {spark_submit.py:492} INFO - 23/06/25 06:04:07 INFO SparkContext: Starting job: showString at NativeMethodAccessorImpl.java:0
[2023-06-25T06:04:07.901+0000] {spark_submit.py:492} INFO - 23/06/25 06:04:07 INFO DAGScheduler: Got job 1 (showString at NativeMethodAccessorImpl.java:0) with 1 output partitions
[2023-06-25T06:04:07.901+0000] {spark_submit.py:492} INFO - 23/06/25 06:04:07 INFO DAGScheduler: Final stage: ResultStage 1 (showString at NativeMethodAccessorImpl.java:0)
[2023-06-25T06:04:07.901+0000] {spark_submit.py:492} INFO - 23/06/25 06:04:07 INFO DAGScheduler: Parents of final stage: List()
[2023-06-25T06:04:07.902+0000] {spark_submit.py:492} INFO - 23/06/25 06:04:07 INFO DAGScheduler: Missing parents: List()
[2023-06-25T06:04:07.902+0000] {spark_submit.py:492} INFO - 23/06/25 06:04:07 INFO DAGScheduler: Submitting ResultStage 1 (MapPartitionsRDD[6] at showString at NativeMethodAccessorImpl.java:0), which has no missing parents
[2023-06-25T06:04:07.905+0000] {spark_submit.py:492} INFO - 23/06/25 06:04:07 INFO MemoryStore: Block broadcast_1 stored as values in memory (estimated size 11.7 KiB, free 434.4 MiB)
[2023-06-25T06:04:07.909+0000] {spark_submit.py:492} INFO - 23/06/25 06:04:07 INFO MemoryStore: Block broadcast_1_piece0 stored as bytes in memory (estimated size 6.2 KiB, free 434.4 MiB)
[2023-06-25T06:04:07.909+0000] {spark_submit.py:492} INFO - 23/06/25 06:04:07 INFO BlockManagerInfo: Added broadcast_1_piece0 in memory on a8d69ab09d2d:45199 (size: 6.2 KiB, free: 434.4 MiB)
[2023-06-25T06:04:07.910+0000] {spark_submit.py:492} INFO - 23/06/25 06:04:07 INFO SparkContext: Created broadcast 1 from broadcast at DAGScheduler.scala:1427
[2023-06-25T06:04:07.911+0000] {spark_submit.py:492} INFO - 23/06/25 06:04:07 INFO DAGScheduler: Submitting 1 missing tasks from ResultStage 1 (MapPartitionsRDD[6] at showString at NativeMethodAccessorImpl.java:0) (first 15 tasks are for partitions Vector(1))
[2023-06-25T06:04:07.911+0000] {spark_submit.py:492} INFO - 23/06/25 06:04:07 INFO TaskSchedulerImpl: Adding task set 1.0 with 1 tasks resource profile 0
[2023-06-25T06:04:07.912+0000] {spark_submit.py:492} INFO - 23/06/25 06:04:07 INFO TaskSetManager: Starting task 0.0 in stage 1.0 (TID 1) (172.19.0.10, executor 0, partition 1, PROCESS_LOCAL, 4529 bytes) taskResourceAssignments Map()
[2023-06-25T06:04:07.928+0000] {spark_submit.py:492} INFO - 23/06/25 06:04:07 INFO BlockManagerInfo: Added broadcast_1_piece0 in memory on 172.19.0.10:46437 (size: 6.2 KiB, free: 366.3 MiB)
[2023-06-25T06:04:07.990+0000] {spark_submit.py:492} INFO - 23/06/25 06:04:07 INFO TaskSetManager: Finished task 0.0 in stage 1.0 (TID 1) in 79 ms on 172.19.0.10 (executor 0) (1/1)
[2023-06-25T06:04:07.990+0000] {spark_submit.py:492} INFO - 23/06/25 06:04:07 INFO TaskSchedulerImpl: Removed TaskSet 1.0, whose tasks have all completed, from pool
[2023-06-25T06:04:07.991+0000] {spark_submit.py:492} INFO - 23/06/25 06:04:07 INFO DAGScheduler: ResultStage 1 (showString at NativeMethodAccessorImpl.java:0) finished in 0.088 s
[2023-06-25T06:04:07.992+0000] {spark_submit.py:492} INFO - 23/06/25 06:04:07 INFO DAGScheduler: Job 1 is finished. Cancelling potential speculative or zombie tasks for this job
[2023-06-25T06:04:07.992+0000] {spark_submit.py:492} INFO - 23/06/25 06:04:07 INFO TaskSchedulerImpl: Killing all running tasks in stage 1: Stage finished
[2023-06-25T06:04:07.992+0000] {spark_submit.py:492} INFO - 23/06/25 06:04:07 INFO DAGScheduler: Job 1 finished: showString at NativeMethodAccessorImpl.java:0, took 0.091833 s
[2023-06-25T06:04:08.019+0000] {spark_submit.py:492} INFO - 23/06/25 06:04:08 INFO CodeGenerator: Code generated in 12.731897 ms
[2023-06-25T06:04:08.029+0000] {spark_submit.py:492} INFO - +-----+-----------------------------------------------------------------------------+
[2023-06-25T06:04:08.030+0000] {spark_submit.py:492} INFO - |Seqno|Quote                                                                        |
[2023-06-25T06:04:08.030+0000] {spark_submit.py:492} INFO - +-----+-----------------------------------------------------------------------------+
[2023-06-25T06:04:08.030+0000] {spark_submit.py:492} INFO - |1    |Be the change that you wish to see in the world                              |
[2023-06-25T06:04:08.030+0000] {spark_submit.py:492} INFO - |2    |Everyone thinks of changing the world, but no one thinks of changing himself.|
[2023-06-25T06:04:08.031+0000] {spark_submit.py:492} INFO - |3    |The purpose of our lives is to be happy.                                     |
[2023-06-25T06:04:08.031+0000] {spark_submit.py:492} INFO - |4    |Be cool.                                                                     |
[2023-06-25T06:04:08.031+0000] {spark_submit.py:492} INFO - +-----+-----------------------------------------------------------------------------+
[2023-06-25T06:04:08.031+0000] {spark_submit.py:492} INFO - 
[2023-06-25T06:04:08.079+0000] {spark_submit.py:492} INFO - 23/06/25 06:04:08 INFO BlockManagerInfo: Removed broadcast_0_piece0 on a8d69ab09d2d:45199 in memory (size: 6.2 KiB, free: 434.4 MiB)
[2023-06-25T06:04:08.080+0000] {spark_submit.py:492} INFO - 23/06/25 06:04:08 INFO BlockManagerInfo: Removed broadcast_0_piece0 on 172.19.0.10:46437 in memory (size: 6.2 KiB, free: 366.3 MiB)
[2023-06-25T06:04:08.092+0000] {spark_submit.py:492} INFO - 23/06/25 06:04:08 INFO BlockManagerInfo: Removed broadcast_1_piece0 on a8d69ab09d2d:45199 in memory (size: 6.2 KiB, free: 434.4 MiB)
[2023-06-25T06:04:08.094+0000] {spark_submit.py:492} INFO - 23/06/25 06:04:08 INFO BlockManagerInfo: Removed broadcast_1_piece0 on 172.19.0.10:46437 in memory (size: 6.2 KiB, free: 366.3 MiB)
[2023-06-25T06:04:08.116+0000] {spark_submit.py:492} INFO - Traceback (most recent call last):
[2023-06-25T06:04:08.116+0000] {spark_submit.py:492} INFO - File "/opt/***/dags/spark_etl_spark_minio.py", line 43, in <module>
[2023-06-25T06:04:08.116+0000] {spark_submit.py:492} INFO - df.write.mode("append").parquet("s3a://datalake/test.parquet")
[2023-06-25T06:04:08.117+0000] {spark_submit.py:492} INFO - File "/opt/spark/python/lib/pyspark.zip/pyspark/sql/readwriter.py", line 885, in parquet
[2023-06-25T06:04:08.117+0000] {spark_submit.py:492} INFO - File "/opt/spark/python/lib/py4j-0.10.9.2-src.zip/py4j/java_gateway.py", line 1309, in __call__
[2023-06-25T06:04:08.117+0000] {spark_submit.py:492} INFO - File "/opt/spark/python/lib/pyspark.zip/pyspark/sql/utils.py", line 111, in deco
[2023-06-25T06:04:08.117+0000] {spark_submit.py:492} INFO - File "/opt/spark/python/lib/py4j-0.10.9.2-src.zip/py4j/protocol.py", line 326, in get_return_value
[2023-06-25T06:04:08.117+0000] {spark_submit.py:492} INFO - py4j.protocol.Py4JJavaError: An error occurred while calling o79.parquet.
[2023-06-25T06:04:08.117+0000] {spark_submit.py:492} INFO - : java.lang.RuntimeException: java.lang.ClassNotFoundException: Class org.apache.hadoop.fs.s3a.S3AFileSystem not found
[2023-06-25T06:04:08.117+0000] {spark_submit.py:492} INFO - at org.apache.hadoop.conf.Configuration.getClass(Configuration.java:2667)
[2023-06-25T06:04:08.118+0000] {spark_submit.py:492} INFO - at org.apache.hadoop.fs.FileSystem.getFileSystemClass(FileSystem.java:3431)
[2023-06-25T06:04:08.118+0000] {spark_submit.py:492} INFO - at org.apache.hadoop.fs.FileSystem.createFileSystem(FileSystem.java:3466)
[2023-06-25T06:04:08.118+0000] {spark_submit.py:492} INFO - at org.apache.hadoop.fs.FileSystem.access$300(FileSystem.java:174)
[2023-06-25T06:04:08.118+0000] {spark_submit.py:492} INFO - at org.apache.hadoop.fs.FileSystem$Cache.getInternal(FileSystem.java:3574)
[2023-06-25T06:04:08.118+0000] {spark_submit.py:492} INFO - at org.apache.hadoop.fs.FileSystem$Cache.get(FileSystem.java:3521)
[2023-06-25T06:04:08.118+0000] {spark_submit.py:492} INFO - at org.apache.hadoop.fs.FileSystem.get(FileSystem.java:540)
[2023-06-25T06:04:08.118+0000] {spark_submit.py:492} INFO - at org.apache.hadoop.fs.Path.getFileSystem(Path.java:365)
[2023-06-25T06:04:08.118+0000] {spark_submit.py:492} INFO - at org.apache.spark.sql.execution.datasources.DataSource.planForWritingFileFormat(DataSource.scala:461)
[2023-06-25T06:04:08.119+0000] {spark_submit.py:492} INFO - at org.apache.spark.sql.execution.datasources.DataSource.planForWriting(DataSource.scala:556)
[2023-06-25T06:04:08.119+0000] {spark_submit.py:492} INFO - at org.apache.spark.sql.DataFrameWriter.saveToV1Source(DataFrameWriter.scala:382)
[2023-06-25T06:04:08.119+0000] {spark_submit.py:492} INFO - at org.apache.spark.sql.DataFrameWriter.saveInternal(DataFrameWriter.scala:355)
[2023-06-25T06:04:08.119+0000] {spark_submit.py:492} INFO - at org.apache.spark.sql.DataFrameWriter.save(DataFrameWriter.scala:239)
[2023-06-25T06:04:08.119+0000] {spark_submit.py:492} INFO - at org.apache.spark.sql.DataFrameWriter.parquet(DataFrameWriter.scala:781)
[2023-06-25T06:04:08.119+0000] {spark_submit.py:492} INFO - at java.base/jdk.internal.reflect.NativeMethodAccessorImpl.invoke0(Native Method)
[2023-06-25T06:04:08.119+0000] {spark_submit.py:492} INFO - at java.base/jdk.internal.reflect.NativeMethodAccessorImpl.invoke(NativeMethodAccessorImpl.java:62)
[2023-06-25T06:04:08.119+0000] {spark_submit.py:492} INFO - at java.base/jdk.internal.reflect.DelegatingMethodAccessorImpl.invoke(DelegatingMethodAccessorImpl.java:43)
[2023-06-25T06:04:08.119+0000] {spark_submit.py:492} INFO - at java.base/java.lang.reflect.Method.invoke(Method.java:566)
[2023-06-25T06:04:08.119+0000] {spark_submit.py:492} INFO - at py4j.reflection.MethodInvoker.invoke(MethodInvoker.java:244)
[2023-06-25T06:04:08.119+0000] {spark_submit.py:492} INFO - at py4j.reflection.ReflectionEngine.invoke(ReflectionEngine.java:357)
[2023-06-25T06:04:08.119+0000] {spark_submit.py:492} INFO - at py4j.Gateway.invoke(Gateway.java:282)
[2023-06-25T06:04:08.119+0000] {spark_submit.py:492} INFO - at py4j.commands.AbstractCommand.invokeMethod(AbstractCommand.java:132)
[2023-06-25T06:04:08.119+0000] {spark_submit.py:492} INFO - at py4j.commands.CallCommand.execute(CallCommand.java:79)
[2023-06-25T06:04:08.119+0000] {spark_submit.py:492} INFO - at py4j.ClientServerConnection.waitForCommands(ClientServerConnection.java:182)
[2023-06-25T06:04:08.119+0000] {spark_submit.py:492} INFO - at py4j.ClientServerConnection.run(ClientServerConnection.java:106)
[2023-06-25T06:04:08.120+0000] {spark_submit.py:492} INFO - at java.base/java.lang.Thread.run(Thread.java:829)
[2023-06-25T06:04:08.120+0000] {spark_submit.py:492} INFO - Caused by: java.lang.ClassNotFoundException: Class org.apache.hadoop.fs.s3a.S3AFileSystem not found
[2023-06-25T06:04:08.120+0000] {spark_submit.py:492} INFO - at org.apache.hadoop.conf.Configuration.getClassByName(Configuration.java:2571)
[2023-06-25T06:04:08.120+0000] {spark_submit.py:492} INFO - at org.apache.hadoop.conf.Configuration.getClass(Configuration.java:2665)
[2023-06-25T06:04:08.120+0000] {spark_submit.py:492} INFO - ... 25 more
[2023-06-25T06:04:08.120+0000] {spark_submit.py:492} INFO - 
[2023-06-25T06:04:08.196+0000] {spark_submit.py:492} INFO - 23/06/25 06:04:08 INFO SparkContext: Invoking stop() from shutdown hook
[2023-06-25T06:04:08.201+0000] {spark_submit.py:492} INFO - 23/06/25 06:04:08 INFO SparkUI: Stopped Spark web UI at http://a8d69ab09d2d:4049
[2023-06-25T06:04:08.204+0000] {spark_submit.py:492} INFO - 23/06/25 06:04:08 INFO StandaloneSchedulerBackend: Shutting down all executors
[2023-06-25T06:04:08.205+0000] {spark_submit.py:492} INFO - 23/06/25 06:04:08 INFO CoarseGrainedSchedulerBackend$DriverEndpoint: Asking each executor to shut down
[2023-06-25T06:04:08.224+0000] {spark_submit.py:492} INFO - 23/06/25 06:04:08 INFO MapOutputTrackerMasterEndpoint: MapOutputTrackerMasterEndpoint stopped!
[2023-06-25T06:04:08.236+0000] {spark_submit.py:492} INFO - 23/06/25 06:04:08 INFO MemoryStore: MemoryStore cleared
[2023-06-25T06:04:08.236+0000] {spark_submit.py:492} INFO - 23/06/25 06:04:08 INFO BlockManager: BlockManager stopped
[2023-06-25T06:04:08.239+0000] {spark_submit.py:492} INFO - 23/06/25 06:04:08 INFO BlockManagerMaster: BlockManagerMaster stopped
[2023-06-25T06:04:08.241+0000] {spark_submit.py:492} INFO - 23/06/25 06:04:08 INFO OutputCommitCoordinator$OutputCommitCoordinatorEndpoint: OutputCommitCoordinator stopped!
[2023-06-25T06:04:08.249+0000] {spark_submit.py:492} INFO - 23/06/25 06:04:08 INFO SparkContext: Successfully stopped SparkContext
[2023-06-25T06:04:08.250+0000] {spark_submit.py:492} INFO - 23/06/25 06:04:08 INFO ShutdownHookManager: Shutdown hook called
[2023-06-25T06:04:08.250+0000] {spark_submit.py:492} INFO - 23/06/25 06:04:08 INFO ShutdownHookManager: Deleting directory /tmp/spark-0e65b64e-9fb5-4bc7-8a53-6cc7334dcf00
[2023-06-25T06:04:08.254+0000] {spark_submit.py:492} INFO - 23/06/25 06:04:08 INFO ShutdownHookManager: Deleting directory /tmp/spark-3e1339ee-2050-4756-96bf-6e1d60554e42
[2023-06-25T06:04:08.257+0000] {spark_submit.py:492} INFO - 23/06/25 06:04:08 INFO ShutdownHookManager: Deleting directory /tmp/spark-3e1339ee-2050-4756-96bf-6e1d60554e42/pyspark-f579fe18-c63b-43d1-bc8b-a02ae67a6281
[2023-06-25T06:04:08.346+0000] {taskinstance.py:1775} ERROR - Task failed with exception
Traceback (most recent call last):
  File "/home/airflow/.local/lib/python3.8/site-packages/airflow/providers/apache/spark/operators/spark_submit.py", line 157, in execute
    self._hook.submit(self._application)
  File "/home/airflow/.local/lib/python3.8/site-packages/airflow/providers/apache/spark/hooks/spark_submit.py", line 423, in submit
    raise AirflowException(
airflow.exceptions.AirflowException: Cannot execute: spark-submit --master spark://spark:7077 --jars local:///opt/bitnami/spark/jars/hadoop-aws-3.2.0.jar,local:///opt/bitnami/spark/jars/aws-java-sdk-bundle-1.11.375.jar --name arrow-spark /opt/***/dags/spark_etl_spark_minio.py. Error code is: 1.
[2023-06-25T06:04:08.352+0000] {taskinstance.py:1321} INFO - Marking task as UP_FOR_RETRY. dag_id=spark_etl_minio_v14, task_id=spark_submit_task, execution_date=20230625T060348, start_date=20230625T060350, end_date=20230625T060408
[2023-06-25T06:04:08.364+0000] {standard_task_runner.py:100} ERROR - Failed to execute job 228 for task spark_submit_task (Cannot execute: spark-submit --master spark://spark:7077 --jars local:///opt/bitnami/spark/jars/hadoop-aws-3.2.0.jar,local:///opt/bitnami/spark/jars/aws-java-sdk-bundle-1.11.375.jar --name arrow-spark /opt/***/dags/spark_etl_spark_minio.py. Error code is: 1.; 26261)
[2023-06-25T06:04:08.404+0000] {local_task_job.py:212} INFO - Task exited with return code 1
[2023-06-25T06:04:08.419+0000] {taskinstance.py:2585} INFO - 0 downstream tasks scheduled from follow-on schedule check
