[2023-06-24T18:03:52.258+0000] {taskinstance.py:1084} INFO - Dependencies all met for dep_context=non-requeueable deps ti=<TaskInstance: spark_etl_minio_v8.spark_submit_task manual__2023-06-24T17:57:39.620400+00:00 [queued]>
[2023-06-24T18:03:52.264+0000] {taskinstance.py:1084} INFO - Dependencies all met for dep_context=requeueable deps ti=<TaskInstance: spark_etl_minio_v8.spark_submit_task manual__2023-06-24T17:57:39.620400+00:00 [queued]>
[2023-06-24T18:03:52.264+0000] {taskinstance.py:1282} INFO - 
--------------------------------------------------------------------------------
[2023-06-24T18:03:52.264+0000] {taskinstance.py:1283} INFO - Starting attempt 4 of 6
[2023-06-24T18:03:52.264+0000] {taskinstance.py:1284} INFO - 
--------------------------------------------------------------------------------
[2023-06-24T18:03:52.273+0000] {taskinstance.py:1303} INFO - Executing <Task(SparkSubmitOperator): spark_submit_task> on 2023-06-24 17:57:39.620400+00:00
[2023-06-24T18:03:52.277+0000] {standard_task_runner.py:55} INFO - Started process 20105 to run task
[2023-06-24T18:03:52.279+0000] {standard_task_runner.py:82} INFO - Running: ['***', 'tasks', 'run', 'spark_etl_minio_v8', 'spark_submit_task', 'manual__2023-06-24T17:57:39.620400+00:00', '--job-id', '155', '--raw', '--subdir', 'DAGS_FOLDER/spark_job_minio.py', '--cfg-path', '/tmp/tmpdmnowalk']
[2023-06-24T18:03:52.280+0000] {standard_task_runner.py:83} INFO - Job 155: Subtask spark_submit_task
[2023-06-24T18:03:52.290+0000] {warnings.py:109} WARNING - /home/***/.local/lib/python3.8/site-packages/***/settings.py:250: DeprecationWarning: The sql_alchemy_conn option in [core] has been moved to the sql_alchemy_conn option in [database] - the old setting has been used, but please update your config.
  SQL_ALCHEMY_CONN = conf.get("database", "SQL_ALCHEMY_CONN")

[2023-06-24T18:03:52.324+0000] {task_command.py:388} INFO - Running <TaskInstance: spark_etl_minio_v8.spark_submit_task manual__2023-06-24T17:57:39.620400+00:00 [running]> on host a8d69ab09d2d
[2023-06-24T18:03:52.370+0000] {taskinstance.py:1509} INFO - Exporting the following env vars:
AIRFLOW_CTX_DAG_OWNER=***
AIRFLOW_CTX_DAG_ID=spark_etl_minio_v8
AIRFLOW_CTX_TASK_ID=spark_submit_task
AIRFLOW_CTX_EXECUTION_DATE=2023-06-24T17:57:39.620400+00:00
AIRFLOW_CTX_TRY_NUMBER=4
AIRFLOW_CTX_DAG_RUN_ID=manual__2023-06-24T17:57:39.620400+00:00
[2023-06-24T18:03:52.377+0000] {base.py:73} INFO - Using connection ID 'spark_conn' for task execution.
[2023-06-24T18:03:52.378+0000] {spark_submit.py:341} INFO - Spark-Submit cmd: spark-submit --master spark://spark:7077 --files /opt/spark/jars/hadoop-aws-3.2.0.jar, /opt/spark/jars/aws-java-sdk-bundle-1.11.375.jar --name arrow-spark /opt/***/dags/spark_etl_spark_minio.py
[2023-06-24T18:03:53.519+0000] {spark_submit.py:492} INFO - WARNING: An illegal reflective access operation has occurred
[2023-06-24T18:03:53.522+0000] {spark_submit.py:492} INFO - WARNING: Illegal reflective access by org.apache.spark.unsafe.Platform (file:/opt/spark/jars/spark-unsafe_2.12-3.2.0.jar) to constructor java.nio.DirectByteBuffer(long,int)
[2023-06-24T18:03:53.522+0000] {spark_submit.py:492} INFO - WARNING: Please consider reporting this to the maintainers of org.apache.spark.unsafe.Platform
[2023-06-24T18:03:53.523+0000] {spark_submit.py:492} INFO - WARNING: Use --illegal-access=warn to enable warnings of further illegal reflective access operations
[2023-06-24T18:03:53.523+0000] {spark_submit.py:492} INFO - WARNING: All illegal access operations will be denied in a future release
[2023-06-24T18:03:53.961+0000] {spark_submit.py:492} INFO - 23/06/24 18:03:53 WARN NativeCodeLoader: Unable to load native-hadoop library for your platform... using builtin-java classes where applicable
[2023-06-24T18:03:55.261+0000] {spark_submit.py:492} INFO - Using Spark's default log4j profile: org/apache/spark/log4j-defaults.properties
[2023-06-24T18:03:55.269+0000] {spark_submit.py:492} INFO - 23/06/24 18:03:55 INFO SparkContext: Running Spark version 3.2.0
[2023-06-24T18:03:55.291+0000] {spark_submit.py:492} INFO - 23/06/24 18:03:55 INFO ResourceUtils: ==============================================================
[2023-06-24T18:03:55.291+0000] {spark_submit.py:492} INFO - 23/06/24 18:03:55 INFO ResourceUtils: No custom resources configured for spark.driver.
[2023-06-24T18:03:55.291+0000] {spark_submit.py:492} INFO - 23/06/24 18:03:55 INFO ResourceUtils: ==============================================================
[2023-06-24T18:03:55.292+0000] {spark_submit.py:492} INFO - 23/06/24 18:03:55 INFO SparkContext: Submitted application: arrow-spark
[2023-06-24T18:03:55.316+0000] {spark_submit.py:492} INFO - 23/06/24 18:03:55 INFO ResourceProfile: Default ResourceProfile created, executor resources: Map(cores -> name: cores, amount: 1, script: , vendor: , memory -> name: memory, amount: 1024, script: , vendor: , offHeap -> name: offHeap, amount: 0, script: , vendor: ), task resources: Map(cpus -> name: cpus, amount: 1.0)
[2023-06-24T18:03:55.332+0000] {spark_submit.py:492} INFO - 23/06/24 18:03:55 INFO ResourceProfile: Limiting resource is cpu
[2023-06-24T18:03:55.333+0000] {spark_submit.py:492} INFO - 23/06/24 18:03:55 INFO ResourceProfileManager: Added ResourceProfile id: 0
[2023-06-24T18:03:55.382+0000] {spark_submit.py:492} INFO - 23/06/24 18:03:55 INFO SecurityManager: Changing view acls to: default
[2023-06-24T18:03:55.383+0000] {spark_submit.py:492} INFO - 23/06/24 18:03:55 INFO SecurityManager: Changing modify acls to: default
[2023-06-24T18:03:55.383+0000] {spark_submit.py:492} INFO - 23/06/24 18:03:55 INFO SecurityManager: Changing view acls groups to:
[2023-06-24T18:03:55.383+0000] {spark_submit.py:492} INFO - 23/06/24 18:03:55 INFO SecurityManager: Changing modify acls groups to:
[2023-06-24T18:03:55.383+0000] {spark_submit.py:492} INFO - 23/06/24 18:03:55 INFO SecurityManager: SecurityManager: authentication disabled; ui acls disabled; users  with view permissions: Set(default); groups with view permissions: Set(); users  with modify permissions: Set(default); groups with modify permissions: Set()
[2023-06-24T18:03:55.606+0000] {spark_submit.py:492} INFO - 23/06/24 18:03:55 INFO Utils: Successfully started service 'sparkDriver' on port 41877.
[2023-06-24T18:03:55.630+0000] {spark_submit.py:492} INFO - 23/06/24 18:03:55 INFO SparkEnv: Registering MapOutputTracker
[2023-06-24T18:03:55.657+0000] {spark_submit.py:492} INFO - 23/06/24 18:03:55 INFO SparkEnv: Registering BlockManagerMaster
[2023-06-24T18:03:55.671+0000] {spark_submit.py:492} INFO - 23/06/24 18:03:55 INFO BlockManagerMasterEndpoint: Using org.apache.spark.storage.DefaultTopologyMapper for getting topology information
[2023-06-24T18:03:55.671+0000] {spark_submit.py:492} INFO - 23/06/24 18:03:55 INFO BlockManagerMasterEndpoint: BlockManagerMasterEndpoint up
[2023-06-24T18:03:55.674+0000] {spark_submit.py:492} INFO - 23/06/24 18:03:55 INFO SparkEnv: Registering BlockManagerMasterHeartbeat
[2023-06-24T18:03:55.693+0000] {spark_submit.py:492} INFO - 23/06/24 18:03:55 INFO DiskBlockManager: Created local directory at /tmp/blockmgr-1b8380ae-9987-499e-a751-6c5c1d9d299d
[2023-06-24T18:03:55.711+0000] {spark_submit.py:492} INFO - 23/06/24 18:03:55 INFO MemoryStore: MemoryStore started with capacity 434.4 MiB
[2023-06-24T18:03:55.726+0000] {spark_submit.py:492} INFO - 23/06/24 18:03:55 INFO SparkEnv: Registering OutputCommitCoordinator
[2023-06-24T18:03:55.953+0000] {spark_submit.py:492} INFO - 23/06/24 18:03:55 INFO Utils: Successfully started service 'SparkUI' on port 4040.
[2023-06-24T18:03:56.131+0000] {spark_submit.py:492} INFO - 23/06/24 18:03:56 INFO SparkUI: Bound SparkUI to 0.0.0.0, and started at http://a8d69ab09d2d:4040
[2023-06-24T18:03:56.176+0000] {spark_submit.py:492} INFO - 23/06/24 18:03:56 ERROR SparkContext: Error initializing SparkContext.
[2023-06-24T18:03:56.176+0000] {spark_submit.py:492} INFO - java.io.FileNotFoundException: File file:/opt/spark/jars/hadoop-aws-3.2.0.jar does not exist
[2023-06-24T18:03:56.176+0000] {spark_submit.py:492} INFO - at org.apache.hadoop.fs.RawLocalFileSystem.deprecatedGetFileStatus(RawLocalFileSystem.java:779)
[2023-06-24T18:03:56.177+0000] {spark_submit.py:492} INFO - at org.apache.hadoop.fs.RawLocalFileSystem.getFileLinkStatusInternal(RawLocalFileSystem.java:1100)
[2023-06-24T18:03:56.177+0000] {spark_submit.py:492} INFO - at org.apache.hadoop.fs.RawLocalFileSystem.getFileStatus(RawLocalFileSystem.java:769)
[2023-06-24T18:03:56.177+0000] {spark_submit.py:492} INFO - at org.apache.hadoop.fs.FilterFileSystem.getFileStatus(FilterFileSystem.java:462)
[2023-06-24T18:03:56.177+0000] {spark_submit.py:492} INFO - at org.apache.spark.SparkContext.addFile(SparkContext.scala:1606)
[2023-06-24T18:03:56.177+0000] {spark_submit.py:492} INFO - at org.apache.spark.SparkContext.$anonfun$new$13(SparkContext.scala:510)
[2023-06-24T18:03:56.177+0000] {spark_submit.py:492} INFO - at org.apache.spark.SparkContext.$anonfun$new$13$adapted(SparkContext.scala:510)
[2023-06-24T18:03:56.178+0000] {spark_submit.py:492} INFO - at scala.collection.immutable.List.foreach(List.scala:431)
[2023-06-24T18:03:56.178+0000] {spark_submit.py:492} INFO - at org.apache.spark.SparkContext.<init>(SparkContext.scala:510)
[2023-06-24T18:03:56.178+0000] {spark_submit.py:492} INFO - at org.apache.spark.api.java.JavaSparkContext.<init>(JavaSparkContext.scala:58)
[2023-06-24T18:03:56.178+0000] {spark_submit.py:492} INFO - at java.base/jdk.internal.reflect.NativeConstructorAccessorImpl.newInstance0(Native Method)
[2023-06-24T18:03:56.178+0000] {spark_submit.py:492} INFO - at java.base/jdk.internal.reflect.NativeConstructorAccessorImpl.newInstance(NativeConstructorAccessorImpl.java:62)
[2023-06-24T18:03:56.179+0000] {spark_submit.py:492} INFO - at java.base/jdk.internal.reflect.DelegatingConstructorAccessorImpl.newInstance(DelegatingConstructorAccessorImpl.java:45)
[2023-06-24T18:03:56.179+0000] {spark_submit.py:492} INFO - at java.base/java.lang.reflect.Constructor.newInstance(Constructor.java:490)
[2023-06-24T18:03:56.179+0000] {spark_submit.py:492} INFO - at py4j.reflection.MethodInvoker.invoke(MethodInvoker.java:247)
[2023-06-24T18:03:56.179+0000] {spark_submit.py:492} INFO - at py4j.reflection.ReflectionEngine.invoke(ReflectionEngine.java:357)
[2023-06-24T18:03:56.179+0000] {spark_submit.py:492} INFO - at py4j.Gateway.invoke(Gateway.java:238)
[2023-06-24T18:03:56.180+0000] {spark_submit.py:492} INFO - at py4j.commands.ConstructorCommand.invokeConstructor(ConstructorCommand.java:80)
[2023-06-24T18:03:56.180+0000] {spark_submit.py:492} INFO - at py4j.commands.ConstructorCommand.execute(ConstructorCommand.java:69)
[2023-06-24T18:03:56.180+0000] {spark_submit.py:492} INFO - at py4j.ClientServerConnection.waitForCommands(ClientServerConnection.java:182)
[2023-06-24T18:03:56.180+0000] {spark_submit.py:492} INFO - at py4j.ClientServerConnection.run(ClientServerConnection.java:106)
[2023-06-24T18:03:56.181+0000] {spark_submit.py:492} INFO - at java.base/java.lang.Thread.run(Thread.java:829)
[2023-06-24T18:03:56.193+0000] {spark_submit.py:492} INFO - 23/06/24 18:03:56 INFO SparkUI: Stopped Spark web UI at http://a8d69ab09d2d:4040
[2023-06-24T18:03:56.227+0000] {spark_submit.py:492} INFO - 23/06/24 18:03:56 INFO MapOutputTrackerMasterEndpoint: MapOutputTrackerMasterEndpoint stopped!
[2023-06-24T18:03:56.243+0000] {spark_submit.py:492} INFO - 23/06/24 18:03:56 INFO MemoryStore: MemoryStore cleared
[2023-06-24T18:03:56.243+0000] {spark_submit.py:492} INFO - 23/06/24 18:03:56 INFO BlockManager: BlockManager stopped
[2023-06-24T18:03:56.253+0000] {spark_submit.py:492} INFO - 23/06/24 18:03:56 INFO BlockManagerMaster: BlockManagerMaster stopped
[2023-06-24T18:03:56.253+0000] {spark_submit.py:492} INFO - 23/06/24 18:03:56 WARN MetricsSystem: Stopping a MetricsSystem that is not running
[2023-06-24T18:03:56.255+0000] {spark_submit.py:492} INFO - 23/06/24 18:03:56 INFO OutputCommitCoordinator$OutputCommitCoordinatorEndpoint: OutputCommitCoordinator stopped!
[2023-06-24T18:03:56.261+0000] {spark_submit.py:492} INFO - 23/06/24 18:03:56 INFO SparkContext: Successfully stopped SparkContext
[2023-06-24T18:03:56.262+0000] {spark_submit.py:492} INFO - Traceback (most recent call last):
[2023-06-24T18:03:56.262+0000] {spark_submit.py:492} INFO - File "/opt/***/dags/spark_etl_spark_minio.py", line 9, in <module>
[2023-06-24T18:03:56.262+0000] {spark_submit.py:492} INFO - SparkSession.builder.config(
[2023-06-24T18:03:56.262+0000] {spark_submit.py:492} INFO - File "/opt/spark/python/lib/pyspark.zip/pyspark/sql/session.py", line 228, in getOrCreate
[2023-06-24T18:03:56.262+0000] {spark_submit.py:492} INFO - File "/opt/spark/python/lib/pyspark.zip/pyspark/context.py", line 392, in getOrCreate
[2023-06-24T18:03:56.262+0000] {spark_submit.py:492} INFO - File "/opt/spark/python/lib/pyspark.zip/pyspark/context.py", line 146, in __init__
[2023-06-24T18:03:56.263+0000] {spark_submit.py:492} INFO - File "/opt/spark/python/lib/pyspark.zip/pyspark/context.py", line 209, in _do_init
[2023-06-24T18:03:56.263+0000] {spark_submit.py:492} INFO - File "/opt/spark/python/lib/pyspark.zip/pyspark/context.py", line 329, in _initialize_context
[2023-06-24T18:03:56.263+0000] {spark_submit.py:492} INFO - File "/opt/spark/python/lib/py4j-0.10.9.2-src.zip/py4j/java_gateway.py", line 1573, in __call__
[2023-06-24T18:03:56.263+0000] {spark_submit.py:492} INFO - File "/opt/spark/python/lib/py4j-0.10.9.2-src.zip/py4j/protocol.py", line 326, in get_return_value
[2023-06-24T18:03:56.263+0000] {spark_submit.py:492} INFO - py4j.protocol.Py4JJavaError: An error occurred while calling None.org.apache.spark.api.java.JavaSparkContext.
[2023-06-24T18:03:56.264+0000] {spark_submit.py:492} INFO - : java.io.FileNotFoundException: File file:/opt/spark/jars/hadoop-aws-3.2.0.jar does not exist
[2023-06-24T18:03:56.264+0000] {spark_submit.py:492} INFO - at org.apache.hadoop.fs.RawLocalFileSystem.deprecatedGetFileStatus(RawLocalFileSystem.java:779)
[2023-06-24T18:03:56.264+0000] {spark_submit.py:492} INFO - at org.apache.hadoop.fs.RawLocalFileSystem.getFileLinkStatusInternal(RawLocalFileSystem.java:1100)
[2023-06-24T18:03:56.264+0000] {spark_submit.py:492} INFO - at org.apache.hadoop.fs.RawLocalFileSystem.getFileStatus(RawLocalFileSystem.java:769)
[2023-06-24T18:03:56.264+0000] {spark_submit.py:492} INFO - at org.apache.hadoop.fs.FilterFileSystem.getFileStatus(FilterFileSystem.java:462)
[2023-06-24T18:03:56.264+0000] {spark_submit.py:492} INFO - at org.apache.spark.SparkContext.addFile(SparkContext.scala:1606)
[2023-06-24T18:03:56.264+0000] {spark_submit.py:492} INFO - at org.apache.spark.SparkContext.$anonfun$new$13(SparkContext.scala:510)
[2023-06-24T18:03:56.264+0000] {spark_submit.py:492} INFO - at org.apache.spark.SparkContext.$anonfun$new$13$adapted(SparkContext.scala:510)
[2023-06-24T18:03:56.265+0000] {spark_submit.py:492} INFO - at scala.collection.immutable.List.foreach(List.scala:431)
[2023-06-24T18:03:56.265+0000] {spark_submit.py:492} INFO - at org.apache.spark.SparkContext.<init>(SparkContext.scala:510)
[2023-06-24T18:03:56.265+0000] {spark_submit.py:492} INFO - at org.apache.spark.api.java.JavaSparkContext.<init>(JavaSparkContext.scala:58)
[2023-06-24T18:03:56.265+0000] {spark_submit.py:492} INFO - at java.base/jdk.internal.reflect.NativeConstructorAccessorImpl.newInstance0(Native Method)
[2023-06-24T18:03:56.265+0000] {spark_submit.py:492} INFO - at java.base/jdk.internal.reflect.NativeConstructorAccessorImpl.newInstance(NativeConstructorAccessorImpl.java:62)
[2023-06-24T18:03:56.265+0000] {spark_submit.py:492} INFO - at java.base/jdk.internal.reflect.DelegatingConstructorAccessorImpl.newInstance(DelegatingConstructorAccessorImpl.java:45)
[2023-06-24T18:03:56.265+0000] {spark_submit.py:492} INFO - at java.base/java.lang.reflect.Constructor.newInstance(Constructor.java:490)
[2023-06-24T18:03:56.266+0000] {spark_submit.py:492} INFO - at py4j.reflection.MethodInvoker.invoke(MethodInvoker.java:247)
[2023-06-24T18:03:56.266+0000] {spark_submit.py:492} INFO - at py4j.reflection.ReflectionEngine.invoke(ReflectionEngine.java:357)
[2023-06-24T18:03:56.266+0000] {spark_submit.py:492} INFO - at py4j.Gateway.invoke(Gateway.java:238)
[2023-06-24T18:03:56.266+0000] {spark_submit.py:492} INFO - at py4j.commands.ConstructorCommand.invokeConstructor(ConstructorCommand.java:80)
[2023-06-24T18:03:56.266+0000] {spark_submit.py:492} INFO - at py4j.commands.ConstructorCommand.execute(ConstructorCommand.java:69)
[2023-06-24T18:03:56.266+0000] {spark_submit.py:492} INFO - at py4j.ClientServerConnection.waitForCommands(ClientServerConnection.java:182)
[2023-06-24T18:03:56.266+0000] {spark_submit.py:492} INFO - at py4j.ClientServerConnection.run(ClientServerConnection.java:106)
[2023-06-24T18:03:56.266+0000] {spark_submit.py:492} INFO - at java.base/java.lang.Thread.run(Thread.java:829)
[2023-06-24T18:03:56.266+0000] {spark_submit.py:492} INFO - 
[2023-06-24T18:03:56.309+0000] {spark_submit.py:492} INFO - 23/06/24 18:03:56 INFO ShutdownHookManager: Shutdown hook called
[2023-06-24T18:03:56.310+0000] {spark_submit.py:492} INFO - 23/06/24 18:03:56 INFO ShutdownHookManager: Deleting directory /tmp/spark-c622e5f0-dc84-4d65-bf37-9e31d4eb46a9
[2023-06-24T18:03:56.314+0000] {spark_submit.py:492} INFO - 23/06/24 18:03:56 INFO ShutdownHookManager: Deleting directory /tmp/spark-6d88a4c2-558d-4ea7-9cc0-c711f957c6c5
[2023-06-24T18:03:56.360+0000] {taskinstance.py:1775} ERROR - Task failed with exception
Traceback (most recent call last):
  File "/home/airflow/.local/lib/python3.8/site-packages/airflow/providers/apache/spark/operators/spark_submit.py", line 157, in execute
    self._hook.submit(self._application)
  File "/home/airflow/.local/lib/python3.8/site-packages/airflow/providers/apache/spark/hooks/spark_submit.py", line 423, in submit
    raise AirflowException(
airflow.exceptions.AirflowException: Cannot execute: spark-submit --master spark://spark:7077 --files /opt/spark/jars/hadoop-aws-3.2.0.jar, /opt/spark/jars/aws-java-sdk-bundle-1.11.375.jar --name arrow-spark /opt/***/dags/spark_etl_spark_minio.py. Error code is: 1.
[2023-06-24T18:03:56.362+0000] {taskinstance.py:1321} INFO - Marking task as UP_FOR_RETRY. dag_id=spark_etl_minio_v8, task_id=spark_submit_task, execution_date=20230624T175739, start_date=20230624T180352, end_date=20230624T180356
[2023-06-24T18:03:56.373+0000] {standard_task_runner.py:100} ERROR - Failed to execute job 155 for task spark_submit_task (Cannot execute: spark-submit --master spark://spark:7077 --files /opt/spark/jars/hadoop-aws-3.2.0.jar, /opt/spark/jars/aws-java-sdk-bundle-1.11.375.jar --name arrow-spark /opt/***/dags/spark_etl_spark_minio.py. Error code is: 1.; 20105)
[2023-06-24T18:03:56.388+0000] {local_task_job.py:212} INFO - Task exited with return code 1
[2023-06-24T18:03:56.402+0000] {taskinstance.py:2585} INFO - 0 downstream tasks scheduled from follow-on schedule check
