[2023-06-24T16:25:53.794+0000] {taskinstance.py:1084} INFO - Dependencies all met for dep_context=non-requeueable deps ti=<TaskInstance: spark_etl_minio_v1.spark_submit_task manual__2023-06-24T16:20:06.622121+00:00 [queued]>
[2023-06-24T16:25:53.805+0000] {taskinstance.py:1084} INFO - Dependencies all met for dep_context=requeueable deps ti=<TaskInstance: spark_etl_minio_v1.spark_submit_task manual__2023-06-24T16:20:06.622121+00:00 [queued]>
[2023-06-24T16:25:53.805+0000] {taskinstance.py:1282} INFO - 
--------------------------------------------------------------------------------
[2023-06-24T16:25:53.805+0000] {taskinstance.py:1283} INFO - Starting attempt 4 of 7
[2023-06-24T16:25:53.805+0000] {taskinstance.py:1284} INFO - 
--------------------------------------------------------------------------------
[2023-06-24T16:25:53.821+0000] {taskinstance.py:1303} INFO - Executing <Task(SparkSubmitOperator): spark_submit_task> on 2023-06-24 16:20:06.622121+00:00
[2023-06-24T16:25:53.828+0000] {standard_task_runner.py:55} INFO - Started process 2914 to run task
[2023-06-24T16:25:53.832+0000] {standard_task_runner.py:82} INFO - Running: ['***', 'tasks', 'run', 'spark_etl_minio_v1', 'spark_submit_task', 'manual__2023-06-24T16:20:06.622121+00:00', '--job-id', '91', '--raw', '--subdir', 'DAGS_FOLDER/spark_job_v2.py', '--cfg-path', '/tmp/tmpuzqql3i_']
[2023-06-24T16:25:53.833+0000] {standard_task_runner.py:83} INFO - Job 91: Subtask spark_submit_task
[2023-06-24T16:25:53.848+0000] {warnings.py:109} WARNING - /home/***/.local/lib/python3.8/site-packages/***/settings.py:250: DeprecationWarning: The sql_alchemy_conn option in [core] has been moved to the sql_alchemy_conn option in [database] - the old setting has been used, but please update your config.
  SQL_ALCHEMY_CONN = conf.get("database", "SQL_ALCHEMY_CONN")

[2023-06-24T16:25:53.910+0000] {task_command.py:388} INFO - Running <TaskInstance: spark_etl_minio_v1.spark_submit_task manual__2023-06-24T16:20:06.622121+00:00 [running]> on host a8d69ab09d2d
[2023-06-24T16:25:54.020+0000] {taskinstance.py:1509} INFO - Exporting the following env vars:
AIRFLOW_CTX_DAG_OWNER=***
AIRFLOW_CTX_DAG_ID=spark_etl_minio_v1
AIRFLOW_CTX_TASK_ID=spark_submit_task
AIRFLOW_CTX_EXECUTION_DATE=2023-06-24T16:20:06.622121+00:00
AIRFLOW_CTX_TRY_NUMBER=4
AIRFLOW_CTX_DAG_RUN_ID=manual__2023-06-24T16:20:06.622121+00:00
[2023-06-24T16:25:54.029+0000] {base.py:73} INFO - Using connection ID 'spark_conn' for task execution.
[2023-06-24T16:25:54.030+0000] {spark_submit.py:341} INFO - Spark-Submit cmd: spark-submit --master spark://spark:7077 --name arrow-spark /opt/***/dags/spark_etl_spark_minio.py
[2023-06-24T16:25:55.468+0000] {spark_submit.py:492} INFO - WARNING: An illegal reflective access operation has occurred
[2023-06-24T16:25:55.468+0000] {spark_submit.py:492} INFO - WARNING: Illegal reflective access by org.apache.spark.unsafe.Platform (file:/opt/spark/jars/spark-unsafe_2.12-3.2.0.jar) to constructor java.nio.DirectByteBuffer(long,int)
[2023-06-24T16:25:55.468+0000] {spark_submit.py:492} INFO - WARNING: Please consider reporting this to the maintainers of org.apache.spark.unsafe.Platform
[2023-06-24T16:25:55.469+0000] {spark_submit.py:492} INFO - WARNING: Use --illegal-access=warn to enable warnings of further illegal reflective access operations
[2023-06-24T16:25:55.469+0000] {spark_submit.py:492} INFO - WARNING: All illegal access operations will be denied in a future release
[2023-06-24T16:25:57.047+0000] {spark_submit.py:492} INFO - Using Spark's default log4j profile: org/apache/spark/log4j-defaults.properties
[2023-06-24T16:25:57.059+0000] {spark_submit.py:492} INFO - 23/06/24 16:25:57 INFO SparkContext: Running Spark version 3.2.0
[2023-06-24T16:25:57.161+0000] {spark_submit.py:492} INFO - 23/06/24 16:25:57 WARN NativeCodeLoader: Unable to load native-hadoop library for your platform... using builtin-java classes where applicable
[2023-06-24T16:25:57.365+0000] {spark_submit.py:492} INFO - 23/06/24 16:25:57 INFO ResourceUtils: ==============================================================
[2023-06-24T16:25:57.366+0000] {spark_submit.py:492} INFO - 23/06/24 16:25:57 INFO ResourceUtils: No custom resources configured for spark.driver.
[2023-06-24T16:25:57.366+0000] {spark_submit.py:492} INFO - 23/06/24 16:25:57 INFO ResourceUtils: ==============================================================
[2023-06-24T16:25:57.366+0000] {spark_submit.py:492} INFO - 23/06/24 16:25:57 INFO SparkContext: Submitted application: arrow-spark
[2023-06-24T16:25:57.418+0000] {spark_submit.py:492} INFO - 23/06/24 16:25:57 INFO ResourceProfile: Default ResourceProfile created, executor resources: Map(cores -> name: cores, amount: 1, script: , vendor: , memory -> name: memory, amount: 1024, script: , vendor: , offHeap -> name: offHeap, amount: 0, script: , vendor: ), task resources: Map(cpus -> name: cpus, amount: 1.0)
[2023-06-24T16:25:57.429+0000] {spark_submit.py:492} INFO - 23/06/24 16:25:57 INFO ResourceProfile: Limiting resource is cpu
[2023-06-24T16:25:57.435+0000] {spark_submit.py:492} INFO - 23/06/24 16:25:57 INFO ResourceProfileManager: Added ResourceProfile id: 0
[2023-06-24T16:25:57.511+0000] {spark_submit.py:492} INFO - 23/06/24 16:25:57 INFO SecurityManager: Changing view acls to: default
[2023-06-24T16:25:57.511+0000] {spark_submit.py:492} INFO - 23/06/24 16:25:57 INFO SecurityManager: Changing modify acls to: default
[2023-06-24T16:25:57.512+0000] {spark_submit.py:492} INFO - 23/06/24 16:25:57 INFO SecurityManager: Changing view acls groups to:
[2023-06-24T16:25:57.513+0000] {spark_submit.py:492} INFO - 23/06/24 16:25:57 INFO SecurityManager: Changing modify acls groups to:
[2023-06-24T16:25:57.513+0000] {spark_submit.py:492} INFO - 23/06/24 16:25:57 INFO SecurityManager: SecurityManager: authentication disabled; ui acls disabled; users  with view permissions: Set(default); groups with view permissions: Set(); users  with modify permissions: Set(default); groups with modify permissions: Set()
[2023-06-24T16:25:57.913+0000] {spark_submit.py:492} INFO - 23/06/24 16:25:57 INFO Utils: Successfully started service 'sparkDriver' on port 46563.
[2023-06-24T16:25:57.947+0000] {spark_submit.py:492} INFO - 23/06/24 16:25:57 INFO SparkEnv: Registering MapOutputTracker
[2023-06-24T16:25:57.986+0000] {spark_submit.py:492} INFO - 23/06/24 16:25:57 INFO SparkEnv: Registering BlockManagerMaster
[2023-06-24T16:25:58.008+0000] {spark_submit.py:492} INFO - 23/06/24 16:25:58 INFO BlockManagerMasterEndpoint: Using org.apache.spark.storage.DefaultTopologyMapper for getting topology information
[2023-06-24T16:25:58.009+0000] {spark_submit.py:492} INFO - 23/06/24 16:25:58 INFO BlockManagerMasterEndpoint: BlockManagerMasterEndpoint up
[2023-06-24T16:25:58.016+0000] {spark_submit.py:492} INFO - 23/06/24 16:25:58 INFO SparkEnv: Registering BlockManagerMasterHeartbeat
[2023-06-24T16:25:58.047+0000] {spark_submit.py:492} INFO - 23/06/24 16:25:58 INFO DiskBlockManager: Created local directory at /tmp/blockmgr-31477e1b-a3af-4466-8e40-f6e6bdf41646
[2023-06-24T16:25:58.073+0000] {spark_submit.py:492} INFO - 23/06/24 16:25:58 INFO MemoryStore: MemoryStore started with capacity 434.4 MiB
[2023-06-24T16:25:58.092+0000] {spark_submit.py:492} INFO - 23/06/24 16:25:58 INFO SparkEnv: Registering OutputCommitCoordinator
[2023-06-24T16:25:58.394+0000] {spark_submit.py:492} INFO - 23/06/24 16:25:58 INFO Utils: Successfully started service 'SparkUI' on port 4040.
[2023-06-24T16:25:58.518+0000] {spark_submit.py:492} INFO - 23/06/24 16:25:58 INFO SparkUI: Bound SparkUI to 0.0.0.0, and started at http://a8d69ab09d2d:4040
[2023-06-24T16:25:58.987+0000] {spark_submit.py:492} INFO - 23/06/24 16:25:58 INFO StandaloneAppClient$ClientEndpoint: Connecting to master spark://spark:7077...
[2023-06-24T16:25:59.188+0000] {spark_submit.py:492} INFO - 23/06/24 16:25:59 INFO TransportClientFactory: Successfully created connection to spark/172.19.0.11:7077 after 150 ms (0 ms spent in bootstraps)
[2023-06-24T16:25:59.292+0000] {spark_submit.py:492} INFO - 23/06/24 16:25:59 INFO StandaloneSchedulerBackend: Connected to Spark cluster with app ID app-20230624162559-0014
[2023-06-24T16:25:59.298+0000] {spark_submit.py:492} INFO - 23/06/24 16:25:59 INFO StandaloneAppClient$ClientEndpoint: Executor added: app-20230624162559-0014/0 on worker-20230624161025-172.19.0.3-35241 (172.19.0.3:35241) with 1 core(s)
[2023-06-24T16:25:59.300+0000] {spark_submit.py:492} INFO - 23/06/24 16:25:59 INFO StandaloneSchedulerBackend: Granted executor ID app-20230624162559-0014/0 on hostPort 172.19.0.3:35241 with 1 core(s), 1024.0 MiB RAM
[2023-06-24T16:25:59.305+0000] {spark_submit.py:492} INFO - 23/06/24 16:25:59 INFO Utils: Successfully started service 'org.apache.spark.network.netty.NettyBlockTransferService' on port 35019.
[2023-06-24T16:25:59.305+0000] {spark_submit.py:492} INFO - 23/06/24 16:25:59 INFO NettyBlockTransferService: Server created on a8d69ab09d2d:35019
[2023-06-24T16:25:59.307+0000] {spark_submit.py:492} INFO - 23/06/24 16:25:59 INFO BlockManager: Using org.apache.spark.storage.RandomBlockReplicationPolicy for block replication policy
[2023-06-24T16:25:59.319+0000] {spark_submit.py:492} INFO - 23/06/24 16:25:59 INFO BlockManagerMaster: Registering BlockManager BlockManagerId(driver, a8d69ab09d2d, 35019, None)
[2023-06-24T16:25:59.324+0000] {spark_submit.py:492} INFO - 23/06/24 16:25:59 INFO BlockManagerMasterEndpoint: Registering block manager a8d69ab09d2d:35019 with 434.4 MiB RAM, BlockManagerId(driver, a8d69ab09d2d, 35019, None)
[2023-06-24T16:25:59.327+0000] {spark_submit.py:492} INFO - 23/06/24 16:25:59 INFO BlockManagerMaster: Registered BlockManager BlockManagerId(driver, a8d69ab09d2d, 35019, None)
[2023-06-24T16:25:59.329+0000] {spark_submit.py:492} INFO - 23/06/24 16:25:59 INFO BlockManager: Initialized BlockManager: BlockManagerId(driver, a8d69ab09d2d, 35019, None)
[2023-06-24T16:25:59.351+0000] {spark_submit.py:492} INFO - 23/06/24 16:25:59 INFO StandaloneAppClient$ClientEndpoint: Executor updated: app-20230624162559-0014/0 is now RUNNING
[2023-06-24T16:25:59.568+0000] {spark_submit.py:492} INFO - 23/06/24 16:25:59 INFO StandaloneSchedulerBackend: SchedulerBackend is ready for scheduling beginning after reached minRegisteredResourcesRatio: 0.0
[2023-06-24T16:25:59.862+0000] {spark_submit.py:492} INFO - 23/06/24 16:25:59 INFO SharedState: Setting hive.metastore.warehouse.dir ('null') to the value of spark.sql.warehouse.dir.
[2023-06-24T16:25:59.898+0000] {spark_submit.py:492} INFO - 23/06/24 16:25:59 INFO SharedState: Warehouse path is 'file:/opt/***/spark-warehouse'.
[2023-06-24T16:26:02.095+0000] {spark_submit.py:492} INFO - 23/06/24 16:26:02 INFO CoarseGrainedSchedulerBackend$DriverEndpoint: Registered executor NettyRpcEndpointRef(spark-client://Executor) (172.19.0.3:60532) with ID 0,  ResourceProfileId 0
[2023-06-24T16:26:02.243+0000] {spark_submit.py:492} INFO - 23/06/24 16:26:02 INFO BlockManagerMasterEndpoint: Registering block manager 172.19.0.3:41923 with 366.3 MiB RAM, BlockManagerId(0, 172.19.0.3, 41923, None)
[2023-06-24T16:26:04.653+0000] {spark_submit.py:492} INFO - 23/06/24 16:26:04 INFO CodeGenerator: Code generated in 158.208762 ms
[2023-06-24T16:26:04.700+0000] {spark_submit.py:492} INFO - 23/06/24 16:26:04 INFO SparkContext: Starting job: showString at NativeMethodAccessorImpl.java:0
[2023-06-24T16:26:04.721+0000] {spark_submit.py:492} INFO - 23/06/24 16:26:04 INFO DAGScheduler: Got job 0 (showString at NativeMethodAccessorImpl.java:0) with 1 output partitions
[2023-06-24T16:26:04.722+0000] {spark_submit.py:492} INFO - 23/06/24 16:26:04 INFO DAGScheduler: Final stage: ResultStage 0 (showString at NativeMethodAccessorImpl.java:0)
[2023-06-24T16:26:04.723+0000] {spark_submit.py:492} INFO - 23/06/24 16:26:04 INFO DAGScheduler: Parents of final stage: List()
[2023-06-24T16:26:04.725+0000] {spark_submit.py:492} INFO - 23/06/24 16:26:04 INFO DAGScheduler: Missing parents: List()
[2023-06-24T16:26:04.730+0000] {spark_submit.py:492} INFO - 23/06/24 16:26:04 INFO DAGScheduler: Submitting ResultStage 0 (MapPartitionsRDD[6] at showString at NativeMethodAccessorImpl.java:0), which has no missing parents
[2023-06-24T16:26:04.894+0000] {spark_submit.py:492} INFO - 23/06/24 16:26:04 INFO MemoryStore: Block broadcast_0 stored as values in memory (estimated size 11.7 KiB, free 434.4 MiB)
[2023-06-24T16:26:04.950+0000] {spark_submit.py:492} INFO - 23/06/24 16:26:04 INFO MemoryStore: Block broadcast_0_piece0 stored as bytes in memory (estimated size 6.2 KiB, free 434.4 MiB)
[2023-06-24T16:26:04.959+0000] {spark_submit.py:492} INFO - 23/06/24 16:26:04 INFO BlockManagerInfo: Added broadcast_0_piece0 in memory on a8d69ab09d2d:35019 (size: 6.2 KiB, free: 434.4 MiB)
[2023-06-24T16:26:04.964+0000] {spark_submit.py:492} INFO - 23/06/24 16:26:04 INFO SparkContext: Created broadcast 0 from broadcast at DAGScheduler.scala:1427
[2023-06-24T16:26:04.989+0000] {spark_submit.py:492} INFO - 23/06/24 16:26:04 INFO DAGScheduler: Submitting 1 missing tasks from ResultStage 0 (MapPartitionsRDD[6] at showString at NativeMethodAccessorImpl.java:0) (first 15 tasks are for partitions Vector(0))
[2023-06-24T16:26:04.991+0000] {spark_submit.py:492} INFO - 23/06/24 16:26:04 INFO TaskSchedulerImpl: Adding task set 0.0 with 1 tasks resource profile 0
[2023-06-24T16:26:05.036+0000] {spark_submit.py:492} INFO - 23/06/24 16:26:05 INFO TaskSetManager: Starting task 0.0 in stage 0.0 (TID 0) (172.19.0.3, executor 0, partition 0, PROCESS_LOCAL, 4605 bytes) taskResourceAssignments Map()
[2023-06-24T16:26:05.482+0000] {spark_submit.py:492} INFO - 23/06/24 16:26:05 INFO BlockManagerInfo: Added broadcast_0_piece0 in memory on 172.19.0.3:41923 (size: 6.2 KiB, free: 366.3 MiB)
[2023-06-24T16:26:08.246+0000] {spark_submit.py:492} INFO - 23/06/24 16:26:08 INFO TaskSetManager: Finished task 0.0 in stage 0.0 (TID 0) in 3221 ms on 172.19.0.3 (executor 0) (1/1)
[2023-06-24T16:26:08.253+0000] {spark_submit.py:492} INFO - 23/06/24 16:26:08 INFO PythonAccumulatorV2: Connected to AccumulatorServer at host: 127.0.0.1 port: 49801
[2023-06-24T16:26:08.260+0000] {spark_submit.py:492} INFO - 23/06/24 16:26:08 INFO TaskSchedulerImpl: Removed TaskSet 0.0, whose tasks have all completed, from pool
[2023-06-24T16:26:08.261+0000] {spark_submit.py:492} INFO - 23/06/24 16:26:08 INFO DAGScheduler: ResultStage 0 (showString at NativeMethodAccessorImpl.java:0) finished in 3.517 s
[2023-06-24T16:26:08.264+0000] {spark_submit.py:492} INFO - 23/06/24 16:26:08 INFO DAGScheduler: Job 0 is finished. Cancelling potential speculative or zombie tasks for this job
[2023-06-24T16:26:08.265+0000] {spark_submit.py:492} INFO - 23/06/24 16:26:08 INFO TaskSchedulerImpl: Killing all running tasks in stage 0: Stage finished
[2023-06-24T16:26:08.279+0000] {spark_submit.py:492} INFO - 23/06/24 16:26:08 INFO DAGScheduler: Job 0 finished: showString at NativeMethodAccessorImpl.java:0, took 3.563340 s
[2023-06-24T16:26:08.294+0000] {spark_submit.py:492} INFO - 23/06/24 16:26:08 INFO SparkContext: Starting job: showString at NativeMethodAccessorImpl.java:0
[2023-06-24T16:26:08.296+0000] {spark_submit.py:492} INFO - 23/06/24 16:26:08 INFO DAGScheduler: Got job 1 (showString at NativeMethodAccessorImpl.java:0) with 1 output partitions
[2023-06-24T16:26:08.296+0000] {spark_submit.py:492} INFO - 23/06/24 16:26:08 INFO DAGScheduler: Final stage: ResultStage 1 (showString at NativeMethodAccessorImpl.java:0)
[2023-06-24T16:26:08.296+0000] {spark_submit.py:492} INFO - 23/06/24 16:26:08 INFO DAGScheduler: Parents of final stage: List()
[2023-06-24T16:26:08.297+0000] {spark_submit.py:492} INFO - 23/06/24 16:26:08 INFO DAGScheduler: Missing parents: List()
[2023-06-24T16:26:08.300+0000] {spark_submit.py:492} INFO - 23/06/24 16:26:08 INFO DAGScheduler: Submitting ResultStage 1 (MapPartitionsRDD[6] at showString at NativeMethodAccessorImpl.java:0), which has no missing parents
[2023-06-24T16:26:08.307+0000] {spark_submit.py:492} INFO - 23/06/24 16:26:08 INFO MemoryStore: Block broadcast_1 stored as values in memory (estimated size 11.7 KiB, free 434.4 MiB)
[2023-06-24T16:26:08.313+0000] {spark_submit.py:492} INFO - 23/06/24 16:26:08 INFO MemoryStore: Block broadcast_1_piece0 stored as bytes in memory (estimated size 6.2 KiB, free 434.4 MiB)
[2023-06-24T16:26:08.316+0000] {spark_submit.py:492} INFO - 23/06/24 16:26:08 INFO BlockManagerInfo: Added broadcast_1_piece0 in memory on a8d69ab09d2d:35019 (size: 6.2 KiB, free: 434.4 MiB)
[2023-06-24T16:26:08.318+0000] {spark_submit.py:492} INFO - 23/06/24 16:26:08 INFO SparkContext: Created broadcast 1 from broadcast at DAGScheduler.scala:1427
[2023-06-24T16:26:08.324+0000] {spark_submit.py:492} INFO - 23/06/24 16:26:08 INFO DAGScheduler: Submitting 1 missing tasks from ResultStage 1 (MapPartitionsRDD[6] at showString at NativeMethodAccessorImpl.java:0) (first 15 tasks are for partitions Vector(1))
[2023-06-24T16:26:08.325+0000] {spark_submit.py:492} INFO - 23/06/24 16:26:08 INFO TaskSchedulerImpl: Adding task set 1.0 with 1 tasks resource profile 0
[2023-06-24T16:26:08.327+0000] {spark_submit.py:492} INFO - 23/06/24 16:26:08 INFO TaskSetManager: Starting task 0.0 in stage 1.0 (TID 1) (172.19.0.3, executor 0, partition 1, PROCESS_LOCAL, 4529 bytes) taskResourceAssignments Map()
[2023-06-24T16:26:08.370+0000] {spark_submit.py:492} INFO - 23/06/24 16:26:08 INFO BlockManagerInfo: Added broadcast_1_piece0 in memory on 172.19.0.3:41923 (size: 6.2 KiB, free: 366.3 MiB)
[2023-06-24T16:26:08.457+0000] {spark_submit.py:492} INFO - 23/06/24 16:26:08 INFO TaskSetManager: Finished task 0.0 in stage 1.0 (TID 1) in 130 ms on 172.19.0.3 (executor 0) (1/1)
[2023-06-24T16:26:08.459+0000] {spark_submit.py:492} INFO - 23/06/24 16:26:08 INFO DAGScheduler: ResultStage 1 (showString at NativeMethodAccessorImpl.java:0) finished in 0.156 s
[2023-06-24T16:26:08.459+0000] {spark_submit.py:492} INFO - 23/06/24 16:26:08 INFO DAGScheduler: Job 1 is finished. Cancelling potential speculative or zombie tasks for this job
[2023-06-24T16:26:08.460+0000] {spark_submit.py:492} INFO - 23/06/24 16:26:08 INFO TaskSchedulerImpl: Removed TaskSet 1.0, whose tasks have all completed, from pool
[2023-06-24T16:26:08.460+0000] {spark_submit.py:492} INFO - 23/06/24 16:26:08 INFO TaskSchedulerImpl: Killing all running tasks in stage 1: Stage finished
[2023-06-24T16:26:08.468+0000] {spark_submit.py:492} INFO - 23/06/24 16:26:08 INFO DAGScheduler: Job 1 finished: showString at NativeMethodAccessorImpl.java:0, took 0.166500 s
[2023-06-24T16:26:08.528+0000] {spark_submit.py:492} INFO - 23/06/24 16:26:08 INFO CodeGenerator: Code generated in 37.36307 ms
[2023-06-24T16:26:08.571+0000] {spark_submit.py:492} INFO - +-----+-----------------------------------------------------------------------------+
[2023-06-24T16:26:08.571+0000] {spark_submit.py:492} INFO - |Seqno|Quote                                                                        |
[2023-06-24T16:26:08.571+0000] {spark_submit.py:492} INFO - +-----+-----------------------------------------------------------------------------+
[2023-06-24T16:26:08.571+0000] {spark_submit.py:492} INFO - |1    |Be the change that you wish to see in the world                              |
[2023-06-24T16:26:08.572+0000] {spark_submit.py:492} INFO - |2    |Everyone thinks of changing the world, but no one thinks of changing himself.|
[2023-06-24T16:26:08.572+0000] {spark_submit.py:492} INFO - |3    |The purpose of our lives is to be happy.                                     |
[2023-06-24T16:26:08.572+0000] {spark_submit.py:492} INFO - |4    |Be cool.                                                                     |
[2023-06-24T16:26:08.572+0000] {spark_submit.py:492} INFO - +-----+-----------------------------------------------------------------------------+
[2023-06-24T16:26:08.572+0000] {spark_submit.py:492} INFO - 
[2023-06-24T16:26:08.863+0000] {spark_submit.py:492} INFO - 23/06/24 16:26:08 INFO BlockManagerInfo: Removed broadcast_1_piece0 on 172.19.0.3:41923 in memory (size: 6.2 KiB, free: 366.3 MiB)
[2023-06-24T16:26:08.881+0000] {spark_submit.py:492} INFO - 23/06/24 16:26:08 INFO BlockManagerInfo: Removed broadcast_1_piece0 on a8d69ab09d2d:35019 in memory (size: 6.2 KiB, free: 434.4 MiB)
[2023-06-24T16:26:08.952+0000] {spark_submit.py:492} INFO - Traceback (most recent call last):
[2023-06-24T16:26:08.952+0000] {spark_submit.py:492} INFO - File "/opt/***/dags/spark_etl_spark_minio.py", line 43, in <module>
[2023-06-24T16:26:08.953+0000] {spark_submit.py:492} INFO - df.write.mode("append").parquet("s3a://datalake/test.parquet")
[2023-06-24T16:26:08.953+0000] {spark_submit.py:492} INFO - File "/opt/spark/python/lib/pyspark.zip/pyspark/sql/readwriter.py", line 885, in parquet
[2023-06-24T16:26:08.953+0000] {spark_submit.py:492} INFO - File "/opt/spark/python/lib/py4j-0.10.9.2-src.zip/py4j/java_gateway.py", line 1309, in __call__
[2023-06-24T16:26:08.953+0000] {spark_submit.py:492} INFO - File "/opt/spark/python/lib/pyspark.zip/pyspark/sql/utils.py", line 111, in deco
[2023-06-24T16:26:08.953+0000] {spark_submit.py:492} INFO - File "/opt/spark/python/lib/py4j-0.10.9.2-src.zip/py4j/protocol.py", line 326, in get_return_value
[2023-06-24T16:26:08.957+0000] {spark_submit.py:492} INFO - py4j.protocol.Py4JJavaError: An error occurred while calling o77.parquet.
[2023-06-24T16:26:08.957+0000] {spark_submit.py:492} INFO - : java.lang.RuntimeException: java.lang.ClassNotFoundException: Class org.apache.hadoop.fs.s3a.S3AFileSystem not found
[2023-06-24T16:26:08.957+0000] {spark_submit.py:492} INFO - at org.apache.hadoop.conf.Configuration.getClass(Configuration.java:2667)
[2023-06-24T16:26:08.958+0000] {spark_submit.py:492} INFO - at org.apache.hadoop.fs.FileSystem.getFileSystemClass(FileSystem.java:3431)
[2023-06-24T16:26:08.958+0000] {spark_submit.py:492} INFO - at org.apache.hadoop.fs.FileSystem.createFileSystem(FileSystem.java:3466)
[2023-06-24T16:26:08.958+0000] {spark_submit.py:492} INFO - at org.apache.hadoop.fs.FileSystem.access$300(FileSystem.java:174)
[2023-06-24T16:26:08.958+0000] {spark_submit.py:492} INFO - at org.apache.hadoop.fs.FileSystem$Cache.getInternal(FileSystem.java:3574)
[2023-06-24T16:26:08.958+0000] {spark_submit.py:492} INFO - at org.apache.hadoop.fs.FileSystem$Cache.get(FileSystem.java:3521)
[2023-06-24T16:26:08.958+0000] {spark_submit.py:492} INFO - at org.apache.hadoop.fs.FileSystem.get(FileSystem.java:540)
[2023-06-24T16:26:08.958+0000] {spark_submit.py:492} INFO - at org.apache.hadoop.fs.Path.getFileSystem(Path.java:365)
[2023-06-24T16:26:08.959+0000] {spark_submit.py:492} INFO - at org.apache.spark.sql.execution.datasources.DataSource.planForWritingFileFormat(DataSource.scala:461)
[2023-06-24T16:26:08.959+0000] {spark_submit.py:492} INFO - at org.apache.spark.sql.execution.datasources.DataSource.planForWriting(DataSource.scala:556)
[2023-06-24T16:26:08.959+0000] {spark_submit.py:492} INFO - at org.apache.spark.sql.DataFrameWriter.saveToV1Source(DataFrameWriter.scala:382)
[2023-06-24T16:26:08.959+0000] {spark_submit.py:492} INFO - at org.apache.spark.sql.DataFrameWriter.saveInternal(DataFrameWriter.scala:355)
[2023-06-24T16:26:08.959+0000] {spark_submit.py:492} INFO - at org.apache.spark.sql.DataFrameWriter.save(DataFrameWriter.scala:239)
[2023-06-24T16:26:08.959+0000] {spark_submit.py:492} INFO - at org.apache.spark.sql.DataFrameWriter.parquet(DataFrameWriter.scala:781)
[2023-06-24T16:26:08.959+0000] {spark_submit.py:492} INFO - at java.base/jdk.internal.reflect.NativeMethodAccessorImpl.invoke0(Native Method)
[2023-06-24T16:26:08.959+0000] {spark_submit.py:492} INFO - at java.base/jdk.internal.reflect.NativeMethodAccessorImpl.invoke(NativeMethodAccessorImpl.java:62)
[2023-06-24T16:26:08.959+0000] {spark_submit.py:492} INFO - at java.base/jdk.internal.reflect.DelegatingMethodAccessorImpl.invoke(DelegatingMethodAccessorImpl.java:43)
[2023-06-24T16:26:08.960+0000] {spark_submit.py:492} INFO - at java.base/java.lang.reflect.Method.invoke(Method.java:566)
[2023-06-24T16:26:08.960+0000] {spark_submit.py:492} INFO - at py4j.reflection.MethodInvoker.invoke(MethodInvoker.java:244)
[2023-06-24T16:26:08.960+0000] {spark_submit.py:492} INFO - at py4j.reflection.ReflectionEngine.invoke(ReflectionEngine.java:357)
[2023-06-24T16:26:08.960+0000] {spark_submit.py:492} INFO - at py4j.Gateway.invoke(Gateway.java:282)
[2023-06-24T16:26:08.960+0000] {spark_submit.py:492} INFO - at py4j.commands.AbstractCommand.invokeMethod(AbstractCommand.java:132)
[2023-06-24T16:26:08.960+0000] {spark_submit.py:492} INFO - at py4j.commands.CallCommand.execute(CallCommand.java:79)
[2023-06-24T16:26:08.961+0000] {spark_submit.py:492} INFO - at py4j.ClientServerConnection.waitForCommands(ClientServerConnection.java:182)
[2023-06-24T16:26:08.961+0000] {spark_submit.py:492} INFO - at py4j.ClientServerConnection.run(ClientServerConnection.java:106)
[2023-06-24T16:26:08.961+0000] {spark_submit.py:492} INFO - at java.base/java.lang.Thread.run(Thread.java:829)
[2023-06-24T16:26:08.961+0000] {spark_submit.py:492} INFO - Caused by: java.lang.ClassNotFoundException: Class org.apache.hadoop.fs.s3a.S3AFileSystem not found
[2023-06-24T16:26:08.961+0000] {spark_submit.py:492} INFO - at org.apache.hadoop.conf.Configuration.getClassByName(Configuration.java:2571)
[2023-06-24T16:26:08.961+0000] {spark_submit.py:492} INFO - at org.apache.hadoop.conf.Configuration.getClass(Configuration.java:2665)
[2023-06-24T16:26:08.961+0000] {spark_submit.py:492} INFO - ... 25 more
[2023-06-24T16:26:08.962+0000] {spark_submit.py:492} INFO - 
[2023-06-24T16:26:08.974+0000] {spark_submit.py:492} INFO - 23/06/24 16:26:08 INFO BlockManagerInfo: Removed broadcast_0_piece0 on a8d69ab09d2d:35019 in memory (size: 6.2 KiB, free: 434.4 MiB)
[2023-06-24T16:26:08.979+0000] {spark_submit.py:492} INFO - 23/06/24 16:26:08 INFO BlockManagerInfo: Removed broadcast_0_piece0 on 172.19.0.3:41923 in memory (size: 6.2 KiB, free: 366.3 MiB)
[2023-06-24T16:26:09.075+0000] {spark_submit.py:492} INFO - 23/06/24 16:26:09 INFO SparkContext: Invoking stop() from shutdown hook
[2023-06-24T16:26:09.111+0000] {spark_submit.py:492} INFO - 23/06/24 16:26:09 INFO SparkUI: Stopped Spark web UI at http://a8d69ab09d2d:4040
[2023-06-24T16:26:09.119+0000] {spark_submit.py:492} INFO - 23/06/24 16:26:09 INFO StandaloneSchedulerBackend: Shutting down all executors
[2023-06-24T16:26:09.121+0000] {spark_submit.py:492} INFO - 23/06/24 16:26:09 INFO CoarseGrainedSchedulerBackend$DriverEndpoint: Asking each executor to shut down
[2023-06-24T16:26:09.158+0000] {spark_submit.py:492} INFO - 23/06/24 16:26:09 INFO MapOutputTrackerMasterEndpoint: MapOutputTrackerMasterEndpoint stopped!
[2023-06-24T16:26:09.212+0000] {spark_submit.py:492} INFO - 23/06/24 16:26:09 INFO MemoryStore: MemoryStore cleared
[2023-06-24T16:26:09.214+0000] {spark_submit.py:492} INFO - 23/06/24 16:26:09 INFO BlockManager: BlockManager stopped
[2023-06-24T16:26:09.217+0000] {spark_submit.py:492} INFO - 23/06/24 16:26:09 INFO BlockManagerMaster: BlockManagerMaster stopped
[2023-06-24T16:26:09.219+0000] {spark_submit.py:492} INFO - 23/06/24 16:26:09 INFO OutputCommitCoordinator$OutputCommitCoordinatorEndpoint: OutputCommitCoordinator stopped!
[2023-06-24T16:26:09.277+0000] {spark_submit.py:492} INFO - 23/06/24 16:26:09 INFO SparkContext: Successfully stopped SparkContext
[2023-06-24T16:26:09.278+0000] {spark_submit.py:492} INFO - 23/06/24 16:26:09 INFO ShutdownHookManager: Shutdown hook called
[2023-06-24T16:26:09.279+0000] {spark_submit.py:492} INFO - 23/06/24 16:26:09 INFO ShutdownHookManager: Deleting directory /tmp/spark-1f7e5678-2001-429f-ac13-1039c626ff40
[2023-06-24T16:26:09.287+0000] {spark_submit.py:492} INFO - 23/06/24 16:26:09 INFO ShutdownHookManager: Deleting directory /tmp/spark-6fe0b223-f96d-444a-a6f3-3dfc33d9c02b
[2023-06-24T16:26:09.295+0000] {spark_submit.py:492} INFO - 23/06/24 16:26:09 INFO ShutdownHookManager: Deleting directory /tmp/spark-1f7e5678-2001-429f-ac13-1039c626ff40/pyspark-85285ecc-6c38-4123-afc2-0e75ffce62cb
[2023-06-24T16:26:09.424+0000] {taskinstance.py:1775} ERROR - Task failed with exception
Traceback (most recent call last):
  File "/home/airflow/.local/lib/python3.8/site-packages/airflow/providers/apache/spark/operators/spark_submit.py", line 157, in execute
    self._hook.submit(self._application)
  File "/home/airflow/.local/lib/python3.8/site-packages/airflow/providers/apache/spark/hooks/spark_submit.py", line 423, in submit
    raise AirflowException(
airflow.exceptions.AirflowException: Cannot execute: spark-submit --master spark://spark:7077 --name arrow-spark /opt/***/dags/spark_etl_spark_minio.py. Error code is: 1.
[2023-06-24T16:26:09.430+0000] {taskinstance.py:1321} INFO - Marking task as UP_FOR_RETRY. dag_id=spark_etl_minio_v1, task_id=spark_submit_task, execution_date=20230624T162006, start_date=20230624T162553, end_date=20230624T162609
[2023-06-24T16:26:09.485+0000] {standard_task_runner.py:100} ERROR - Failed to execute job 91 for task spark_submit_task (Cannot execute: spark-submit --master spark://spark:7077 --name arrow-spark /opt/***/dags/spark_etl_spark_minio.py. Error code is: 1.; 2914)
[2023-06-24T16:26:09.551+0000] {local_task_job.py:212} INFO - Task exited with return code 1
[2023-06-24T16:26:09.605+0000] {taskinstance.py:2585} INFO - 0 downstream tasks scheduled from follow-on schedule check
