[2023-06-24T16:21:17.675+0000] {taskinstance.py:1084} INFO - Dependencies all met for dep_context=non-requeueable deps ti=<TaskInstance: spark_etl_minio_v1.spark_submit_task manual__2023-06-24T16:20:06.622121+00:00 [queued]>
[2023-06-24T16:21:17.689+0000] {taskinstance.py:1084} INFO - Dependencies all met for dep_context=requeueable deps ti=<TaskInstance: spark_etl_minio_v1.spark_submit_task manual__2023-06-24T16:20:06.622121+00:00 [queued]>
[2023-06-24T16:21:17.689+0000] {taskinstance.py:1282} INFO - 
--------------------------------------------------------------------------------
[2023-06-24T16:21:17.689+0000] {taskinstance.py:1283} INFO - Starting attempt 2 of 7
[2023-06-24T16:21:17.689+0000] {taskinstance.py:1284} INFO - 
--------------------------------------------------------------------------------
[2023-06-24T16:21:17.705+0000] {taskinstance.py:1303} INFO - Executing <Task(SparkSubmitOperator): spark_submit_task> on 2023-06-24 16:20:06.622121+00:00
[2023-06-24T16:21:17.712+0000] {standard_task_runner.py:55} INFO - Started process 840 to run task
[2023-06-24T16:21:17.715+0000] {standard_task_runner.py:82} INFO - Running: ['***', 'tasks', 'run', 'spark_etl_minio_v1', 'spark_submit_task', 'manual__2023-06-24T16:20:06.622121+00:00', '--job-id', '81', '--raw', '--subdir', 'DAGS_FOLDER/spark_job_v2.py', '--cfg-path', '/tmp/tmpdg0v8k9a']
[2023-06-24T16:21:17.716+0000] {standard_task_runner.py:83} INFO - Job 81: Subtask spark_submit_task
[2023-06-24T16:21:17.729+0000] {warnings.py:109} WARNING - /home/***/.local/lib/python3.8/site-packages/***/settings.py:250: DeprecationWarning: The sql_alchemy_conn option in [core] has been moved to the sql_alchemy_conn option in [database] - the old setting has been used, but please update your config.
  SQL_ALCHEMY_CONN = conf.get("database", "SQL_ALCHEMY_CONN")

[2023-06-24T16:21:17.784+0000] {task_command.py:388} INFO - Running <TaskInstance: spark_etl_minio_v1.spark_submit_task manual__2023-06-24T16:20:06.622121+00:00 [running]> on host a8d69ab09d2d
[2023-06-24T16:21:17.860+0000] {taskinstance.py:1509} INFO - Exporting the following env vars:
AIRFLOW_CTX_DAG_OWNER=***
AIRFLOW_CTX_DAG_ID=spark_etl_minio_v1
AIRFLOW_CTX_TASK_ID=spark_submit_task
AIRFLOW_CTX_EXECUTION_DATE=2023-06-24T16:20:06.622121+00:00
AIRFLOW_CTX_TRY_NUMBER=2
AIRFLOW_CTX_DAG_RUN_ID=manual__2023-06-24T16:20:06.622121+00:00
[2023-06-24T16:21:17.871+0000] {base.py:73} INFO - Using connection ID 'spark_conn' for task execution.
[2023-06-24T16:21:17.872+0000] {spark_submit.py:341} INFO - Spark-Submit cmd: spark-submit --master spark://spark:7077 --name arrow-spark /opt/***/dags/spark_etl_spark_minio.py
[2023-06-24T16:21:19.194+0000] {spark_submit.py:492} INFO - WARNING: An illegal reflective access operation has occurred
[2023-06-24T16:21:19.194+0000] {spark_submit.py:492} INFO - WARNING: Illegal reflective access by org.apache.spark.unsafe.Platform (file:/opt/spark/jars/spark-unsafe_2.12-3.2.0.jar) to constructor java.nio.DirectByteBuffer(long,int)
[2023-06-24T16:21:19.194+0000] {spark_submit.py:492} INFO - WARNING: Please consider reporting this to the maintainers of org.apache.spark.unsafe.Platform
[2023-06-24T16:21:19.194+0000] {spark_submit.py:492} INFO - WARNING: Use --illegal-access=warn to enable warnings of further illegal reflective access operations
[2023-06-24T16:21:19.194+0000] {spark_submit.py:492} INFO - WARNING: All illegal access operations will be denied in a future release
[2023-06-24T16:21:20.889+0000] {spark_submit.py:492} INFO - Using Spark's default log4j profile: org/apache/spark/log4j-defaults.properties
[2023-06-24T16:21:20.898+0000] {spark_submit.py:492} INFO - 23/06/24 16:21:20 INFO SparkContext: Running Spark version 3.2.0
[2023-06-24T16:21:21.013+0000] {spark_submit.py:492} INFO - 23/06/24 16:21:21 WARN NativeCodeLoader: Unable to load native-hadoop library for your platform... using builtin-java classes where applicable
[2023-06-24T16:21:21.212+0000] {spark_submit.py:492} INFO - 23/06/24 16:21:21 INFO ResourceUtils: ==============================================================
[2023-06-24T16:21:21.212+0000] {spark_submit.py:492} INFO - 23/06/24 16:21:21 INFO ResourceUtils: No custom resources configured for spark.driver.
[2023-06-24T16:21:21.213+0000] {spark_submit.py:492} INFO - 23/06/24 16:21:21 INFO ResourceUtils: ==============================================================
[2023-06-24T16:21:21.213+0000] {spark_submit.py:492} INFO - 23/06/24 16:21:21 INFO SparkContext: Submitted application: arrow-spark
[2023-06-24T16:21:21.252+0000] {spark_submit.py:492} INFO - 23/06/24 16:21:21 INFO ResourceProfile: Default ResourceProfile created, executor resources: Map(cores -> name: cores, amount: 1, script: , vendor: , memory -> name: memory, amount: 1024, script: , vendor: , offHeap -> name: offHeap, amount: 0, script: , vendor: ), task resources: Map(cpus -> name: cpus, amount: 1.0)
[2023-06-24T16:21:21.271+0000] {spark_submit.py:492} INFO - 23/06/24 16:21:21 INFO ResourceProfile: Limiting resource is cpu
[2023-06-24T16:21:21.273+0000] {spark_submit.py:492} INFO - 23/06/24 16:21:21 INFO ResourceProfileManager: Added ResourceProfile id: 0
[2023-06-24T16:21:21.357+0000] {spark_submit.py:492} INFO - 23/06/24 16:21:21 INFO SecurityManager: Changing view acls to: default
[2023-06-24T16:21:21.358+0000] {spark_submit.py:492} INFO - 23/06/24 16:21:21 INFO SecurityManager: Changing modify acls to: default
[2023-06-24T16:21:21.358+0000] {spark_submit.py:492} INFO - 23/06/24 16:21:21 INFO SecurityManager: Changing view acls groups to:
[2023-06-24T16:21:21.359+0000] {spark_submit.py:492} INFO - 23/06/24 16:21:21 INFO SecurityManager: Changing modify acls groups to:
[2023-06-24T16:21:21.359+0000] {spark_submit.py:492} INFO - 23/06/24 16:21:21 INFO SecurityManager: SecurityManager: authentication disabled; ui acls disabled; users  with view permissions: Set(default); groups with view permissions: Set(); users  with modify permissions: Set(default); groups with modify permissions: Set()
[2023-06-24T16:21:21.761+0000] {spark_submit.py:492} INFO - 23/06/24 16:21:21 INFO Utils: Successfully started service 'sparkDriver' on port 35333.
[2023-06-24T16:21:21.795+0000] {spark_submit.py:492} INFO - 23/06/24 16:21:21 INFO SparkEnv: Registering MapOutputTracker
[2023-06-24T16:21:21.836+0000] {spark_submit.py:492} INFO - 23/06/24 16:21:21 INFO SparkEnv: Registering BlockManagerMaster
[2023-06-24T16:21:21.865+0000] {spark_submit.py:492} INFO - 23/06/24 16:21:21 INFO BlockManagerMasterEndpoint: Using org.apache.spark.storage.DefaultTopologyMapper for getting topology information
[2023-06-24T16:21:21.866+0000] {spark_submit.py:492} INFO - 23/06/24 16:21:21 INFO BlockManagerMasterEndpoint: BlockManagerMasterEndpoint up
[2023-06-24T16:21:21.872+0000] {spark_submit.py:492} INFO - 23/06/24 16:21:21 INFO SparkEnv: Registering BlockManagerMasterHeartbeat
[2023-06-24T16:21:21.910+0000] {spark_submit.py:492} INFO - 23/06/24 16:21:21 INFO DiskBlockManager: Created local directory at /tmp/blockmgr-24795e8c-7eca-4e75-8f72-40ca2025fd5b
[2023-06-24T16:21:21.941+0000] {spark_submit.py:492} INFO - 23/06/24 16:21:21 INFO MemoryStore: MemoryStore started with capacity 434.4 MiB
[2023-06-24T16:21:21.976+0000] {spark_submit.py:492} INFO - 23/06/24 16:21:21 INFO SparkEnv: Registering OutputCommitCoordinator
[2023-06-24T16:21:22.350+0000] {spark_submit.py:492} INFO - 23/06/24 16:21:22 INFO Utils: Successfully started service 'SparkUI' on port 4040.
[2023-06-24T16:21:22.465+0000] {spark_submit.py:492} INFO - 23/06/24 16:21:22 INFO SparkUI: Bound SparkUI to 0.0.0.0, and started at http://a8d69ab09d2d:4040
[2023-06-24T16:21:22.916+0000] {spark_submit.py:492} INFO - 23/06/24 16:21:22 INFO StandaloneAppClient$ClientEndpoint: Connecting to master spark://spark:7077...
[2023-06-24T16:21:23.059+0000] {spark_submit.py:492} INFO - 23/06/24 16:21:23 INFO TransportClientFactory: Successfully created connection to spark/172.19.0.11:7077 after 99 ms (0 ms spent in bootstraps)
[2023-06-24T16:21:23.181+0000] {spark_submit.py:492} INFO - 23/06/24 16:21:23 INFO StandaloneSchedulerBackend: Connected to Spark cluster with app ID app-20230624162123-0004
[2023-06-24T16:21:23.184+0000] {spark_submit.py:492} INFO - 23/06/24 16:21:23 INFO StandaloneAppClient$ClientEndpoint: Executor added: app-20230624162123-0004/0 on worker-20230624161025-172.19.0.3-35241 (172.19.0.3:35241) with 1 core(s)
[2023-06-24T16:21:23.188+0000] {spark_submit.py:492} INFO - 23/06/24 16:21:23 INFO StandaloneSchedulerBackend: Granted executor ID app-20230624162123-0004/0 on hostPort 172.19.0.3:35241 with 1 core(s), 1024.0 MiB RAM
[2023-06-24T16:21:23.193+0000] {spark_submit.py:492} INFO - 23/06/24 16:21:23 INFO Utils: Successfully started service 'org.apache.spark.network.netty.NettyBlockTransferService' on port 38849.
[2023-06-24T16:21:23.193+0000] {spark_submit.py:492} INFO - 23/06/24 16:21:23 INFO NettyBlockTransferService: Server created on a8d69ab09d2d:38849
[2023-06-24T16:21:23.195+0000] {spark_submit.py:492} INFO - 23/06/24 16:21:23 INFO BlockManager: Using org.apache.spark.storage.RandomBlockReplicationPolicy for block replication policy
[2023-06-24T16:21:23.204+0000] {spark_submit.py:492} INFO - 23/06/24 16:21:23 INFO BlockManagerMaster: Registering BlockManager BlockManagerId(driver, a8d69ab09d2d, 38849, None)
[2023-06-24T16:21:23.210+0000] {spark_submit.py:492} INFO - 23/06/24 16:21:23 INFO BlockManagerMasterEndpoint: Registering block manager a8d69ab09d2d:38849 with 434.4 MiB RAM, BlockManagerId(driver, a8d69ab09d2d, 38849, None)
[2023-06-24T16:21:23.213+0000] {spark_submit.py:492} INFO - 23/06/24 16:21:23 INFO BlockManagerMaster: Registered BlockManager BlockManagerId(driver, a8d69ab09d2d, 38849, None)
[2023-06-24T16:21:23.215+0000] {spark_submit.py:492} INFO - 23/06/24 16:21:23 INFO BlockManager: Initialized BlockManager: BlockManagerId(driver, a8d69ab09d2d, 38849, None)
[2023-06-24T16:21:23.241+0000] {spark_submit.py:492} INFO - 23/06/24 16:21:23 INFO StandaloneAppClient$ClientEndpoint: Executor updated: app-20230624162123-0004/0 is now RUNNING
[2023-06-24T16:21:23.553+0000] {spark_submit.py:492} INFO - 23/06/24 16:21:23 INFO StandaloneSchedulerBackend: SchedulerBackend is ready for scheduling beginning after reached minRegisteredResourcesRatio: 0.0
[2023-06-24T16:21:23.980+0000] {spark_submit.py:492} INFO - 23/06/24 16:21:23 INFO SharedState: Setting hive.metastore.warehouse.dir ('null') to the value of spark.sql.warehouse.dir.
[2023-06-24T16:21:24.012+0000] {spark_submit.py:492} INFO - 23/06/24 16:21:24 INFO SharedState: Warehouse path is 'file:/opt/***/spark-warehouse'.
[2023-06-24T16:21:27.044+0000] {spark_submit.py:492} INFO - 23/06/24 16:21:27 INFO CoarseGrainedSchedulerBackend$DriverEndpoint: Registered executor NettyRpcEndpointRef(spark-client://Executor) (172.19.0.3:46854) with ID 0,  ResourceProfileId 0
[2023-06-24T16:21:27.296+0000] {spark_submit.py:492} INFO - 23/06/24 16:21:27 INFO BlockManagerMasterEndpoint: Registering block manager 172.19.0.3:37807 with 366.3 MiB RAM, BlockManagerId(0, 172.19.0.3, 37807, None)
[2023-06-24T16:21:30.970+0000] {spark_submit.py:492} INFO - 23/06/24 16:21:30 INFO CodeGenerator: Code generated in 322.296333 ms
[2023-06-24T16:21:31.060+0000] {spark_submit.py:492} INFO - 23/06/24 16:21:31 INFO SparkContext: Starting job: showString at NativeMethodAccessorImpl.java:0
[2023-06-24T16:21:31.079+0000] {spark_submit.py:492} INFO - 23/06/24 16:21:31 INFO DAGScheduler: Got job 0 (showString at NativeMethodAccessorImpl.java:0) with 1 output partitions
[2023-06-24T16:21:31.080+0000] {spark_submit.py:492} INFO - 23/06/24 16:21:31 INFO DAGScheduler: Final stage: ResultStage 0 (showString at NativeMethodAccessorImpl.java:0)
[2023-06-24T16:21:31.080+0000] {spark_submit.py:492} INFO - 23/06/24 16:21:31 INFO DAGScheduler: Parents of final stage: List()
[2023-06-24T16:21:31.083+0000] {spark_submit.py:492} INFO - 23/06/24 16:21:31 INFO DAGScheduler: Missing parents: List()
[2023-06-24T16:21:31.103+0000] {spark_submit.py:492} INFO - 23/06/24 16:21:31 INFO DAGScheduler: Submitting ResultStage 0 (MapPartitionsRDD[6] at showString at NativeMethodAccessorImpl.java:0), which has no missing parents
[2023-06-24T16:21:31.331+0000] {spark_submit.py:492} INFO - 23/06/24 16:21:31 INFO MemoryStore: Block broadcast_0 stored as values in memory (estimated size 11.7 KiB, free 434.4 MiB)
[2023-06-24T16:21:31.433+0000] {spark_submit.py:492} INFO - 23/06/24 16:21:31 INFO MemoryStore: Block broadcast_0_piece0 stored as bytes in memory (estimated size 6.2 KiB, free 434.4 MiB)
[2023-06-24T16:21:31.440+0000] {spark_submit.py:492} INFO - 23/06/24 16:21:31 INFO BlockManagerInfo: Added broadcast_0_piece0 in memory on a8d69ab09d2d:38849 (size: 6.2 KiB, free: 434.4 MiB)
[2023-06-24T16:21:31.444+0000] {spark_submit.py:492} INFO - 23/06/24 16:21:31 INFO SparkContext: Created broadcast 0 from broadcast at DAGScheduler.scala:1427
[2023-06-24T16:21:31.497+0000] {spark_submit.py:492} INFO - 23/06/24 16:21:31 INFO DAGScheduler: Submitting 1 missing tasks from ResultStage 0 (MapPartitionsRDD[6] at showString at NativeMethodAccessorImpl.java:0) (first 15 tasks are for partitions Vector(0))
[2023-06-24T16:21:31.505+0000] {spark_submit.py:492} INFO - 23/06/24 16:21:31 INFO TaskSchedulerImpl: Adding task set 0.0 with 1 tasks resource profile 0
[2023-06-24T16:21:31.625+0000] {spark_submit.py:492} INFO - 23/06/24 16:21:31 INFO TaskSetManager: Starting task 0.0 in stage 0.0 (TID 0) (172.19.0.3, executor 0, partition 0, PROCESS_LOCAL, 4605 bytes) taskResourceAssignments Map()
[2023-06-24T16:21:32.190+0000] {spark_submit.py:492} INFO - 23/06/24 16:21:32 INFO BlockManagerInfo: Added broadcast_0_piece0 in memory on 172.19.0.3:37807 (size: 6.2 KiB, free: 366.3 MiB)
[2023-06-24T16:21:34.700+0000] {spark_submit.py:492} INFO - 23/06/24 16:21:34 INFO TaskSetManager: Finished task 0.0 in stage 0.0 (TID 0) in 3089 ms on 172.19.0.3 (executor 0) (1/1)
[2023-06-24T16:21:34.702+0000] {spark_submit.py:492} INFO - 23/06/24 16:21:34 INFO TaskSchedulerImpl: Removed TaskSet 0.0, whose tasks have all completed, from pool
[2023-06-24T16:21:34.706+0000] {spark_submit.py:492} INFO - 23/06/24 16:21:34 INFO PythonAccumulatorV2: Connected to AccumulatorServer at host: 127.0.0.1 port: 51099
[2023-06-24T16:21:34.710+0000] {spark_submit.py:492} INFO - 23/06/24 16:21:34 INFO DAGScheduler: ResultStage 0 (showString at NativeMethodAccessorImpl.java:0) finished in 3.588 s
[2023-06-24T16:21:34.713+0000] {spark_submit.py:492} INFO - 23/06/24 16:21:34 INFO DAGScheduler: Job 0 is finished. Cancelling potential speculative or zombie tasks for this job
[2023-06-24T16:21:34.713+0000] {spark_submit.py:492} INFO - 23/06/24 16:21:34 INFO TaskSchedulerImpl: Killing all running tasks in stage 0: Stage finished
[2023-06-24T16:21:34.720+0000] {spark_submit.py:492} INFO - 23/06/24 16:21:34 INFO DAGScheduler: Job 0 finished: showString at NativeMethodAccessorImpl.java:0, took 3.658730 s
[2023-06-24T16:21:34.736+0000] {spark_submit.py:492} INFO - 23/06/24 16:21:34 INFO SparkContext: Starting job: showString at NativeMethodAccessorImpl.java:0
[2023-06-24T16:21:34.738+0000] {spark_submit.py:492} INFO - 23/06/24 16:21:34 INFO DAGScheduler: Got job 1 (showString at NativeMethodAccessorImpl.java:0) with 1 output partitions
[2023-06-24T16:21:34.739+0000] {spark_submit.py:492} INFO - 23/06/24 16:21:34 INFO DAGScheduler: Final stage: ResultStage 1 (showString at NativeMethodAccessorImpl.java:0)
[2023-06-24T16:21:34.739+0000] {spark_submit.py:492} INFO - 23/06/24 16:21:34 INFO DAGScheduler: Parents of final stage: List()
[2023-06-24T16:21:34.739+0000] {spark_submit.py:492} INFO - 23/06/24 16:21:34 INFO DAGScheduler: Missing parents: List()
[2023-06-24T16:21:34.740+0000] {spark_submit.py:492} INFO - 23/06/24 16:21:34 INFO DAGScheduler: Submitting ResultStage 1 (MapPartitionsRDD[6] at showString at NativeMethodAccessorImpl.java:0), which has no missing parents
[2023-06-24T16:21:34.745+0000] {spark_submit.py:492} INFO - 23/06/24 16:21:34 INFO MemoryStore: Block broadcast_1 stored as values in memory (estimated size 11.7 KiB, free 434.4 MiB)
[2023-06-24T16:21:34.750+0000] {spark_submit.py:492} INFO - 23/06/24 16:21:34 INFO MemoryStore: Block broadcast_1_piece0 stored as bytes in memory (estimated size 6.2 KiB, free 434.4 MiB)
[2023-06-24T16:21:34.752+0000] {spark_submit.py:492} INFO - 23/06/24 16:21:34 INFO BlockManagerInfo: Added broadcast_1_piece0 in memory on a8d69ab09d2d:38849 (size: 6.2 KiB, free: 434.4 MiB)
[2023-06-24T16:21:34.752+0000] {spark_submit.py:492} INFO - 23/06/24 16:21:34 INFO SparkContext: Created broadcast 1 from broadcast at DAGScheduler.scala:1427
[2023-06-24T16:21:34.754+0000] {spark_submit.py:492} INFO - 23/06/24 16:21:34 INFO DAGScheduler: Submitting 1 missing tasks from ResultStage 1 (MapPartitionsRDD[6] at showString at NativeMethodAccessorImpl.java:0) (first 15 tasks are for partitions Vector(1))
[2023-06-24T16:21:34.755+0000] {spark_submit.py:492} INFO - 23/06/24 16:21:34 INFO TaskSchedulerImpl: Adding task set 1.0 with 1 tasks resource profile 0
[2023-06-24T16:21:34.757+0000] {spark_submit.py:492} INFO - 23/06/24 16:21:34 INFO TaskSetManager: Starting task 0.0 in stage 1.0 (TID 1) (172.19.0.3, executor 0, partition 1, PROCESS_LOCAL, 4529 bytes) taskResourceAssignments Map()
[2023-06-24T16:21:34.780+0000] {spark_submit.py:492} INFO - 23/06/24 16:21:34 INFO BlockManagerInfo: Added broadcast_1_piece0 in memory on 172.19.0.3:37807 (size: 6.2 KiB, free: 366.3 MiB)
[2023-06-24T16:21:34.849+0000] {spark_submit.py:492} INFO - 23/06/24 16:21:34 INFO TaskSetManager: Finished task 0.0 in stage 1.0 (TID 1) in 93 ms on 172.19.0.3 (executor 0) (1/1)
[2023-06-24T16:21:34.850+0000] {spark_submit.py:492} INFO - 23/06/24 16:21:34 INFO TaskSchedulerImpl: Removed TaskSet 1.0, whose tasks have all completed, from pool
[2023-06-24T16:21:34.852+0000] {spark_submit.py:492} INFO - 23/06/24 16:21:34 INFO DAGScheduler: ResultStage 1 (showString at NativeMethodAccessorImpl.java:0) finished in 0.110 s
[2023-06-24T16:21:34.853+0000] {spark_submit.py:492} INFO - 23/06/24 16:21:34 INFO DAGScheduler: Job 1 is finished. Cancelling potential speculative or zombie tasks for this job
[2023-06-24T16:21:34.854+0000] {spark_submit.py:492} INFO - 23/06/24 16:21:34 INFO TaskSchedulerImpl: Killing all running tasks in stage 1: Stage finished
[2023-06-24T16:21:34.854+0000] {spark_submit.py:492} INFO - 23/06/24 16:21:34 INFO DAGScheduler: Job 1 finished: showString at NativeMethodAccessorImpl.java:0, took 0.118197 s
[2023-06-24T16:21:34.893+0000] {spark_submit.py:492} INFO - 23/06/24 16:21:34 INFO CodeGenerator: Code generated in 19.724392 ms
[2023-06-24T16:21:34.907+0000] {spark_submit.py:492} INFO - +-----+-----------------------------------------------------------------------------+
[2023-06-24T16:21:34.908+0000] {spark_submit.py:492} INFO - |Seqno|Quote                                                                        |
[2023-06-24T16:21:34.908+0000] {spark_submit.py:492} INFO - +-----+-----------------------------------------------------------------------------+
[2023-06-24T16:21:34.908+0000] {spark_submit.py:492} INFO - |1    |Be the change that you wish to see in the world                              |
[2023-06-24T16:21:34.908+0000] {spark_submit.py:492} INFO - |2    |Everyone thinks of changing the world, but no one thinks of changing himself.|
[2023-06-24T16:21:34.908+0000] {spark_submit.py:492} INFO - |3    |The purpose of our lives is to be happy.                                     |
[2023-06-24T16:21:34.908+0000] {spark_submit.py:492} INFO - |4    |Be cool.                                                                     |
[2023-06-24T16:21:34.908+0000] {spark_submit.py:492} INFO - +-----+-----------------------------------------------------------------------------+
[2023-06-24T16:21:34.909+0000] {spark_submit.py:492} INFO - 
[2023-06-24T16:21:35.153+0000] {spark_submit.py:492} INFO - 23/06/24 16:21:35 INFO BlockManagerInfo: Removed broadcast_0_piece0 on 172.19.0.3:37807 in memory (size: 6.2 KiB, free: 366.3 MiB)
[2023-06-24T16:21:35.157+0000] {spark_submit.py:492} INFO - Traceback (most recent call last):
[2023-06-24T16:21:35.157+0000] {spark_submit.py:492} INFO - File "/opt/***/dags/spark_etl_spark_minio.py", line 43, in <module>
[2023-06-24T16:21:35.157+0000] {spark_submit.py:492} INFO - df.write.mode("append").parquet("s3a://datalake/test.parquet")
[2023-06-24T16:21:35.158+0000] {spark_submit.py:492} INFO - File "/opt/spark/python/lib/pyspark.zip/pyspark/sql/readwriter.py", line 885, in parquet
[2023-06-24T16:21:35.158+0000] {spark_submit.py:492} INFO - File "/opt/spark/python/lib/py4j-0.10.9.2-src.zip/py4j/java_gateway.py", line 1309, in __call__
[2023-06-24T16:21:35.158+0000] {spark_submit.py:492} INFO - File "/opt/spark/python/lib/pyspark.zip/pyspark/sql/utils.py", line 111, in deco
[2023-06-24T16:21:35.158+0000] {spark_submit.py:492} INFO - File "/opt/spark/python/lib/py4j-0.10.9.2-src.zip/py4j/protocol.py", line 326, in get_return_value
[2023-06-24T16:21:35.158+0000] {spark_submit.py:492} INFO - py4j.protocol.Py4JJavaError: An error occurred while calling o77.parquet.
[2023-06-24T16:21:35.158+0000] {spark_submit.py:492} INFO - : java.lang.RuntimeException: java.lang.ClassNotFoundException: Class org.apache.hadoop.fs.s3a.S3AFileSystem not found
[2023-06-24T16:21:35.159+0000] {spark_submit.py:492} INFO - at org.apache.hadoop.conf.Configuration.getClass(Configuration.java:2667)
[2023-06-24T16:21:35.159+0000] {spark_submit.py:492} INFO - at org.apache.hadoop.fs.FileSystem.getFileSystemClass(FileSystem.java:3431)
[2023-06-24T16:21:35.165+0000] {spark_submit.py:492} INFO - at org.apache.hadoop.fs.FileSystem.createFileSystem(FileSystem.java:3466)
[2023-06-24T16:21:35.166+0000] {spark_submit.py:492} INFO - at org.apache.hadoop.fs.FileSystem.access$300(FileSystem.java:174)
[2023-06-24T16:21:35.166+0000] {spark_submit.py:492} INFO - at org.apache.hadoop.fs.FileSystem$Cache.getInternal(FileSystem.java:3574)
[2023-06-24T16:21:35.166+0000] {spark_submit.py:492} INFO - at org.apache.hadoop.fs.FileSystem$Cache.get(FileSystem.java:3521)
[2023-06-24T16:21:35.166+0000] {spark_submit.py:492} INFO - at org.apache.hadoop.fs.FileSystem.get(FileSystem.java:540)
[2023-06-24T16:21:35.166+0000] {spark_submit.py:492} INFO - at org.apache.hadoop.fs.Path.getFileSystem(Path.java:365)
[2023-06-24T16:21:35.166+0000] {spark_submit.py:492} INFO - at org.apache.spark.sql.execution.datasources.DataSource.planForWritingFileFormat(DataSource.scala:461)
[2023-06-24T16:21:35.167+0000] {spark_submit.py:492} INFO - at org.apache.spark.sql.execution.datasources.DataSource.planForWriting(DataSource.scala:556)
[2023-06-24T16:21:35.167+0000] {spark_submit.py:492} INFO - at org.apache.spark.sql.DataFrameWriter.saveToV1Source(DataFrameWriter.scala:382)
[2023-06-24T16:21:35.167+0000] {spark_submit.py:492} INFO - at org.apache.spark.sql.DataFrameWriter.saveInternal(DataFrameWriter.scala:355)
[2023-06-24T16:21:35.167+0000] {spark_submit.py:492} INFO - at org.apache.spark.sql.DataFrameWriter.save(DataFrameWriter.scala:239)
[2023-06-24T16:21:35.167+0000] {spark_submit.py:492} INFO - at org.apache.spark.sql.DataFrameWriter.parquet(DataFrameWriter.scala:781)
[2023-06-24T16:21:35.167+0000] {spark_submit.py:492} INFO - at java.base/jdk.internal.reflect.NativeMethodAccessorImpl.invoke0(Native Method)
[2023-06-24T16:21:35.167+0000] {spark_submit.py:492} INFO - at java.base/jdk.internal.reflect.NativeMethodAccessorImpl.invoke(NativeMethodAccessorImpl.java:62)
[2023-06-24T16:21:35.168+0000] {spark_submit.py:492} INFO - at java.base/jdk.internal.reflect.DelegatingMethodAccessorImpl.invoke(DelegatingMethodAccessorImpl.java:43)
[2023-06-24T16:21:35.168+0000] {spark_submit.py:492} INFO - at java.base/java.lang.reflect.Method.invoke(Method.java:566)
[2023-06-24T16:21:35.168+0000] {spark_submit.py:492} INFO - at py4j.reflection.MethodInvoker.invoke(MethodInvoker.java:244)
[2023-06-24T16:21:35.168+0000] {spark_submit.py:492} INFO - at py4j.reflection.ReflectionEngine.invoke(ReflectionEngine.java:357)
[2023-06-24T16:21:35.168+0000] {spark_submit.py:492} INFO - at py4j.Gateway.invoke(Gateway.java:282)
[2023-06-24T16:21:35.168+0000] {spark_submit.py:492} INFO - at py4j.commands.AbstractCommand.invokeMethod(AbstractCommand.java:132)
[2023-06-24T16:21:35.168+0000] {spark_submit.py:492} INFO - at py4j.commands.CallCommand.execute(CallCommand.java:79)
[2023-06-24T16:21:35.169+0000] {spark_submit.py:492} INFO - at py4j.ClientServerConnection.waitForCommands(ClientServerConnection.java:182)
[2023-06-24T16:21:35.169+0000] {spark_submit.py:492} INFO - at py4j.ClientServerConnection.run(ClientServerConnection.java:106)
[2023-06-24T16:21:35.169+0000] {spark_submit.py:492} INFO - at java.base/java.lang.Thread.run(Thread.java:829)
[2023-06-24T16:21:35.169+0000] {spark_submit.py:492} INFO - Caused by: java.lang.ClassNotFoundException: Class org.apache.hadoop.fs.s3a.S3AFileSystem not found
[2023-06-24T16:21:35.169+0000] {spark_submit.py:492} INFO - at org.apache.hadoop.conf.Configuration.getClassByName(Configuration.java:2571)
[2023-06-24T16:21:35.169+0000] {spark_submit.py:492} INFO - at org.apache.hadoop.conf.Configuration.getClass(Configuration.java:2665)
[2023-06-24T16:21:35.170+0000] {spark_submit.py:492} INFO - ... 25 more
[2023-06-24T16:21:35.170+0000] {spark_submit.py:492} INFO - 
[2023-06-24T16:21:35.176+0000] {spark_submit.py:492} INFO - 23/06/24 16:21:35 INFO BlockManagerInfo: Removed broadcast_0_piece0 on a8d69ab09d2d:38849 in memory (size: 6.2 KiB, free: 434.4 MiB)
[2023-06-24T16:21:35.201+0000] {spark_submit.py:492} INFO - 23/06/24 16:21:35 INFO BlockManagerInfo: Removed broadcast_1_piece0 on a8d69ab09d2d:38849 in memory (size: 6.2 KiB, free: 434.4 MiB)
[2023-06-24T16:21:35.203+0000] {spark_submit.py:492} INFO - 23/06/24 16:21:35 INFO BlockManagerInfo: Removed broadcast_1_piece0 on 172.19.0.3:37807 in memory (size: 6.2 KiB, free: 366.3 MiB)
[2023-06-24T16:21:35.268+0000] {spark_submit.py:492} INFO - 23/06/24 16:21:35 INFO SparkContext: Invoking stop() from shutdown hook
[2023-06-24T16:21:35.284+0000] {spark_submit.py:492} INFO - 23/06/24 16:21:35 INFO SparkUI: Stopped Spark web UI at http://a8d69ab09d2d:4040
[2023-06-24T16:21:35.289+0000] {spark_submit.py:492} INFO - 23/06/24 16:21:35 INFO StandaloneSchedulerBackend: Shutting down all executors
[2023-06-24T16:21:35.291+0000] {spark_submit.py:492} INFO - 23/06/24 16:21:35 INFO CoarseGrainedSchedulerBackend$DriverEndpoint: Asking each executor to shut down
[2023-06-24T16:21:35.347+0000] {spark_submit.py:492} INFO - 23/06/24 16:21:35 INFO MapOutputTrackerMasterEndpoint: MapOutputTrackerMasterEndpoint stopped!
[2023-06-24T16:21:35.396+0000] {spark_submit.py:492} INFO - 23/06/24 16:21:35 INFO MemoryStore: MemoryStore cleared
[2023-06-24T16:21:35.400+0000] {spark_submit.py:492} INFO - 23/06/24 16:21:35 INFO BlockManager: BlockManager stopped
[2023-06-24T16:21:35.414+0000] {spark_submit.py:492} INFO - 23/06/24 16:21:35 INFO BlockManagerMaster: BlockManagerMaster stopped
[2023-06-24T16:21:35.419+0000] {spark_submit.py:492} INFO - 23/06/24 16:21:35 INFO OutputCommitCoordinator$OutputCommitCoordinatorEndpoint: OutputCommitCoordinator stopped!
[2023-06-24T16:21:35.479+0000] {spark_submit.py:492} INFO - 23/06/24 16:21:35 INFO SparkContext: Successfully stopped SparkContext
[2023-06-24T16:21:35.479+0000] {spark_submit.py:492} INFO - 23/06/24 16:21:35 INFO ShutdownHookManager: Shutdown hook called
[2023-06-24T16:21:35.480+0000] {spark_submit.py:492} INFO - 23/06/24 16:21:35 INFO ShutdownHookManager: Deleting directory /tmp/spark-341207c0-05d9-49d9-86ea-0cbd73ce09eb/pyspark-cea7dbb5-ee67-45b0-8e6a-bcda8f59476a
[2023-06-24T16:21:35.487+0000] {spark_submit.py:492} INFO - 23/06/24 16:21:35 INFO ShutdownHookManager: Deleting directory /tmp/spark-341207c0-05d9-49d9-86ea-0cbd73ce09eb
[2023-06-24T16:21:35.493+0000] {spark_submit.py:492} INFO - 23/06/24 16:21:35 INFO ShutdownHookManager: Deleting directory /tmp/spark-dc9ff38a-0725-4786-a007-787b046298aa
[2023-06-24T16:21:35.604+0000] {taskinstance.py:1775} ERROR - Task failed with exception
Traceback (most recent call last):
  File "/home/airflow/.local/lib/python3.8/site-packages/airflow/providers/apache/spark/operators/spark_submit.py", line 157, in execute
    self._hook.submit(self._application)
  File "/home/airflow/.local/lib/python3.8/site-packages/airflow/providers/apache/spark/hooks/spark_submit.py", line 423, in submit
    raise AirflowException(
airflow.exceptions.AirflowException: Cannot execute: spark-submit --master spark://spark:7077 --name arrow-spark /opt/***/dags/spark_etl_spark_minio.py. Error code is: 1.
[2023-06-24T16:21:35.608+0000] {taskinstance.py:1321} INFO - Marking task as UP_FOR_RETRY. dag_id=spark_etl_minio_v1, task_id=spark_submit_task, execution_date=20230624T162006, start_date=20230624T162117, end_date=20230624T162135
[2023-06-24T16:21:35.625+0000] {standard_task_runner.py:100} ERROR - Failed to execute job 81 for task spark_submit_task (Cannot execute: spark-submit --master spark://spark:7077 --name arrow-spark /opt/***/dags/spark_etl_spark_minio.py. Error code is: 1.; 840)
[2023-06-24T16:21:35.672+0000] {local_task_job.py:212} INFO - Task exited with return code 1
[2023-06-24T16:21:35.691+0000] {taskinstance.py:2585} INFO - 0 downstream tasks scheduled from follow-on schedule check
