[2023-06-24T16:26:46.781+0000] {taskinstance.py:1084} INFO - Dependencies all met for dep_context=non-requeueable deps ti=<TaskInstance: spark_etl_minio.spark_submit_task scheduled__2023-06-23T00:00:00+00:00 [queued]>
[2023-06-24T16:26:46.822+0000] {taskinstance.py:1084} INFO - Dependencies all met for dep_context=requeueable deps ti=<TaskInstance: spark_etl_minio.spark_submit_task scheduled__2023-06-23T00:00:00+00:00 [queued]>
[2023-06-24T16:26:46.822+0000] {taskinstance.py:1282} INFO - 
--------------------------------------------------------------------------------
[2023-06-24T16:26:46.822+0000] {taskinstance.py:1283} INFO - Starting attempt 1 of 6
[2023-06-24T16:26:46.823+0000] {taskinstance.py:1284} INFO - 
--------------------------------------------------------------------------------
[2023-06-24T16:26:46.842+0000] {taskinstance.py:1303} INFO - Executing <Task(SparkSubmitOperator): spark_submit_task> on 2023-06-23 00:00:00+00:00
[2023-06-24T16:26:46.850+0000] {standard_task_runner.py:55} INFO - Started process 3451 to run task
[2023-06-24T16:26:46.863+0000] {standard_task_runner.py:82} INFO - Running: ['***', 'tasks', 'run', 'spark_etl_minio', 'spark_submit_task', 'scheduled__2023-06-23T00:00:00+00:00', '--job-id', '96', '--raw', '--subdir', 'DAGS_FOLDER/spark_job_minio.py', '--cfg-path', '/tmp/tmp5vfsfh9k']
[2023-06-24T16:26:46.863+0000] {standard_task_runner.py:83} INFO - Job 96: Subtask spark_submit_task
[2023-06-24T16:26:46.891+0000] {warnings.py:109} WARNING - /home/***/.local/lib/python3.8/site-packages/***/settings.py:250: DeprecationWarning: The sql_alchemy_conn option in [core] has been moved to the sql_alchemy_conn option in [database] - the old setting has been used, but please update your config.
  SQL_ALCHEMY_CONN = conf.get("database", "SQL_ALCHEMY_CONN")

[2023-06-24T16:26:46.922+0000] {warnings.py:109} WARNING - /home/***/.local/lib/python3.8/site-packages/***/utils/sqlalchemy.py:124: DeprecationWarning: The sql_alchemy_conn option in [core] has been moved to the sql_alchemy_conn option in [database] - the old setting has been used, but please update your config.
  return not conf.get("database", "sql_alchemy_conn").startswith("mssql")

[2023-06-24T16:26:46.983+0000] {task_command.py:388} INFO - Running <TaskInstance: spark_etl_minio.spark_submit_task scheduled__2023-06-23T00:00:00+00:00 [running]> on host a8d69ab09d2d
[2023-06-24T16:26:47.197+0000] {taskinstance.py:1509} INFO - Exporting the following env vars:
AIRFLOW_CTX_DAG_OWNER=***
AIRFLOW_CTX_DAG_ID=spark_etl_minio
AIRFLOW_CTX_TASK_ID=spark_submit_task
AIRFLOW_CTX_EXECUTION_DATE=2023-06-23T00:00:00+00:00
AIRFLOW_CTX_TRY_NUMBER=1
AIRFLOW_CTX_DAG_RUN_ID=scheduled__2023-06-23T00:00:00+00:00
[2023-06-24T16:26:47.243+0000] {base.py:73} INFO - Using connection ID 'spark_conn' for task execution.
[2023-06-24T16:26:47.246+0000] {spark_submit.py:341} INFO - Spark-Submit cmd: spark-submit --master spark://spark:7077 --name arrow-spark /opt/***/dags/spark_etl_spark_minio.py
[2023-06-24T16:26:50.051+0000] {spark_submit.py:492} INFO - WARNING: An illegal reflective access operation has occurred
[2023-06-24T16:26:50.051+0000] {spark_submit.py:492} INFO - WARNING: Illegal reflective access by org.apache.spark.unsafe.Platform (file:/opt/spark/jars/spark-unsafe_2.12-3.2.0.jar) to constructor java.nio.DirectByteBuffer(long,int)
[2023-06-24T16:26:50.051+0000] {spark_submit.py:492} INFO - WARNING: Please consider reporting this to the maintainers of org.apache.spark.unsafe.Platform
[2023-06-24T16:26:50.052+0000] {spark_submit.py:492} INFO - WARNING: Use --illegal-access=warn to enable warnings of further illegal reflective access operations
[2023-06-24T16:26:50.053+0000] {spark_submit.py:492} INFO - WARNING: All illegal access operations will be denied in a future release
[2023-06-24T16:26:52.868+0000] {spark_submit.py:492} INFO - Using Spark's default log4j profile: org/apache/spark/log4j-defaults.properties
[2023-06-24T16:26:52.892+0000] {spark_submit.py:492} INFO - 23/06/24 16:26:52 INFO SparkContext: Running Spark version 3.2.0
[2023-06-24T16:26:53.161+0000] {spark_submit.py:492} INFO - 23/06/24 16:26:53 WARN NativeCodeLoader: Unable to load native-hadoop library for your platform... using builtin-java classes where applicable
[2023-06-24T16:26:53.911+0000] {spark_submit.py:492} INFO - 23/06/24 16:26:53 INFO ResourceUtils: ==============================================================
[2023-06-24T16:26:53.911+0000] {spark_submit.py:492} INFO - 23/06/24 16:26:53 INFO ResourceUtils: No custom resources configured for spark.driver.
[2023-06-24T16:26:53.912+0000] {spark_submit.py:492} INFO - 23/06/24 16:26:53 INFO ResourceUtils: ==============================================================
[2023-06-24T16:26:53.913+0000] {spark_submit.py:492} INFO - 23/06/24 16:26:53 INFO SparkContext: Submitted application: arrow-spark
[2023-06-24T16:26:53.978+0000] {spark_submit.py:492} INFO - 23/06/24 16:26:53 INFO ResourceProfile: Default ResourceProfile created, executor resources: Map(cores -> name: cores, amount: 1, script: , vendor: , memory -> name: memory, amount: 1024, script: , vendor: , offHeap -> name: offHeap, amount: 0, script: , vendor: ), task resources: Map(cpus -> name: cpus, amount: 1.0)
[2023-06-24T16:26:54.008+0000] {spark_submit.py:492} INFO - 23/06/24 16:26:54 INFO ResourceProfile: Limiting resource is cpu
[2023-06-24T16:26:54.020+0000] {spark_submit.py:492} INFO - 23/06/24 16:26:54 INFO ResourceProfileManager: Added ResourceProfile id: 0
[2023-06-24T16:26:54.164+0000] {spark_submit.py:492} INFO - 23/06/24 16:26:54 INFO SecurityManager: Changing view acls to: default
[2023-06-24T16:26:54.166+0000] {spark_submit.py:492} INFO - 23/06/24 16:26:54 INFO SecurityManager: Changing modify acls to: default
[2023-06-24T16:26:54.167+0000] {spark_submit.py:492} INFO - 23/06/24 16:26:54 INFO SecurityManager: Changing view acls groups to:
[2023-06-24T16:26:54.168+0000] {spark_submit.py:492} INFO - 23/06/24 16:26:54 INFO SecurityManager: Changing modify acls groups to:
[2023-06-24T16:26:54.169+0000] {spark_submit.py:492} INFO - 23/06/24 16:26:54 INFO SecurityManager: SecurityManager: authentication disabled; ui acls disabled; users  with view permissions: Set(default); groups with view permissions: Set(); users  with modify permissions: Set(default); groups with modify permissions: Set()
[2023-06-24T16:26:55.648+0000] {spark_submit.py:492} INFO - 23/06/24 16:26:55 INFO Utils: Successfully started service 'sparkDriver' on port 39207.
[2023-06-24T16:26:55.916+0000] {spark_submit.py:492} INFO - 23/06/24 16:26:55 INFO SparkEnv: Registering MapOutputTracker
[2023-06-24T16:26:56.017+0000] {spark_submit.py:492} INFO - 23/06/24 16:26:56 INFO SparkEnv: Registering BlockManagerMaster
[2023-06-24T16:26:56.095+0000] {spark_submit.py:492} INFO - 23/06/24 16:26:56 INFO BlockManagerMasterEndpoint: Using org.apache.spark.storage.DefaultTopologyMapper for getting topology information
[2023-06-24T16:26:56.096+0000] {spark_submit.py:492} INFO - 23/06/24 16:26:56 INFO BlockManagerMasterEndpoint: BlockManagerMasterEndpoint up
[2023-06-24T16:26:56.128+0000] {spark_submit.py:492} INFO - 23/06/24 16:26:56 INFO SparkEnv: Registering BlockManagerMasterHeartbeat
[2023-06-24T16:26:56.203+0000] {spark_submit.py:492} INFO - 23/06/24 16:26:56 INFO DiskBlockManager: Created local directory at /tmp/blockmgr-d86aabb1-4bcd-4018-811f-63fce354e1ad
[2023-06-24T16:26:56.240+0000] {spark_submit.py:492} INFO - 23/06/24 16:26:56 INFO MemoryStore: MemoryStore started with capacity 434.4 MiB
[2023-06-24T16:26:56.293+0000] {spark_submit.py:492} INFO - 23/06/24 16:26:56 INFO SparkEnv: Registering OutputCommitCoordinator
[2023-06-24T16:26:56.915+0000] {spark_submit.py:492} INFO - 23/06/24 16:26:56 WARN Utils: Service 'SparkUI' could not bind on port 4040. Attempting port 4041.
[2023-06-24T16:26:56.915+0000] {spark_submit.py:492} INFO - 23/06/24 16:26:56 WARN Utils: Service 'SparkUI' could not bind on port 4041. Attempting port 4042.
[2023-06-24T16:26:56.915+0000] {spark_submit.py:492} INFO - 23/06/24 16:26:56 WARN Utils: Service 'SparkUI' could not bind on port 4042. Attempting port 4043.
[2023-06-24T16:26:56.956+0000] {spark_submit.py:492} INFO - 23/06/24 16:26:56 INFO Utils: Successfully started service 'SparkUI' on port 4043.
[2023-06-24T16:26:57.191+0000] {spark_submit.py:492} INFO - 23/06/24 16:26:57 INFO SparkUI: Bound SparkUI to 0.0.0.0, and started at http://a8d69ab09d2d:4043
[2023-06-24T16:26:57.980+0000] {spark_submit.py:492} INFO - 23/06/24 16:26:57 INFO StandaloneAppClient$ClientEndpoint: Connecting to master spark://spark:7077...
[2023-06-24T16:26:58.229+0000] {spark_submit.py:492} INFO - 23/06/24 16:26:58 INFO TransportClientFactory: Successfully created connection to spark/172.19.0.11:7077 after 175 ms (0 ms spent in bootstraps)
[2023-06-24T16:26:58.430+0000] {spark_submit.py:492} INFO - 23/06/24 16:26:58 INFO StandaloneSchedulerBackend: Connected to Spark cluster with app ID app-20230624162658-0019
[2023-06-24T16:26:58.439+0000] {spark_submit.py:492} INFO - 23/06/24 16:26:58 INFO Utils: Successfully started service 'org.apache.spark.network.netty.NettyBlockTransferService' on port 41185.
[2023-06-24T16:26:58.439+0000] {spark_submit.py:492} INFO - 23/06/24 16:26:58 INFO NettyBlockTransferService: Server created on a8d69ab09d2d:41185
[2023-06-24T16:26:58.442+0000] {spark_submit.py:492} INFO - 23/06/24 16:26:58 INFO BlockManager: Using org.apache.spark.storage.RandomBlockReplicationPolicy for block replication policy
[2023-06-24T16:26:58.452+0000] {spark_submit.py:492} INFO - 23/06/24 16:26:58 INFO BlockManagerMaster: Registering BlockManager BlockManagerId(driver, a8d69ab09d2d, 41185, None)
[2023-06-24T16:26:58.460+0000] {spark_submit.py:492} INFO - 23/06/24 16:26:58 INFO BlockManagerMasterEndpoint: Registering block manager a8d69ab09d2d:41185 with 434.4 MiB RAM, BlockManagerId(driver, a8d69ab09d2d, 41185, None)
[2023-06-24T16:26:58.469+0000] {spark_submit.py:492} INFO - 23/06/24 16:26:58 INFO BlockManagerMaster: Registered BlockManager BlockManagerId(driver, a8d69ab09d2d, 41185, None)
[2023-06-24T16:26:58.472+0000] {spark_submit.py:492} INFO - 23/06/24 16:26:58 INFO BlockManager: Initialized BlockManager: BlockManagerId(driver, a8d69ab09d2d, 41185, None)
[2023-06-24T16:26:59.020+0000] {spark_submit.py:492} INFO - 23/06/24 16:26:59 INFO StandaloneSchedulerBackend: SchedulerBackend is ready for scheduling beginning after reached minRegisteredResourcesRatio: 0.0
[2023-06-24T16:26:59.582+0000] {spark_submit.py:492} INFO - 23/06/24 16:26:59 INFO SharedState: Setting hive.metastore.warehouse.dir ('null') to the value of spark.sql.warehouse.dir.
[2023-06-24T16:26:59.632+0000] {spark_submit.py:492} INFO - 23/06/24 16:26:59 INFO SharedState: Warehouse path is 'file:/opt/***/spark-warehouse'.
[2023-06-24T16:27:08.144+0000] {spark_submit.py:492} INFO - 23/06/24 16:27:08 INFO CodeGenerator: Code generated in 302.596387 ms
[2023-06-24T16:27:08.267+0000] {spark_submit.py:492} INFO - 23/06/24 16:27:08 INFO SparkContext: Starting job: showString at NativeMethodAccessorImpl.java:0
[2023-06-24T16:27:08.287+0000] {spark_submit.py:492} INFO - 23/06/24 16:27:08 INFO DAGScheduler: Got job 0 (showString at NativeMethodAccessorImpl.java:0) with 1 output partitions
[2023-06-24T16:27:08.288+0000] {spark_submit.py:492} INFO - 23/06/24 16:27:08 INFO DAGScheduler: Final stage: ResultStage 0 (showString at NativeMethodAccessorImpl.java:0)
[2023-06-24T16:27:08.289+0000] {spark_submit.py:492} INFO - 23/06/24 16:27:08 INFO DAGScheduler: Parents of final stage: List()
[2023-06-24T16:27:08.292+0000] {spark_submit.py:492} INFO - 23/06/24 16:27:08 INFO DAGScheduler: Missing parents: List()
[2023-06-24T16:27:08.317+0000] {spark_submit.py:492} INFO - 23/06/24 16:27:08 INFO DAGScheduler: Submitting ResultStage 0 (MapPartitionsRDD[6] at showString at NativeMethodAccessorImpl.java:0), which has no missing parents
[2023-06-24T16:27:08.535+0000] {spark_submit.py:492} INFO - 23/06/24 16:27:08 INFO MemoryStore: Block broadcast_0 stored as values in memory (estimated size 11.7 KiB, free 434.4 MiB)
[2023-06-24T16:27:08.600+0000] {spark_submit.py:492} INFO - 23/06/24 16:27:08 INFO MemoryStore: Block broadcast_0_piece0 stored as bytes in memory (estimated size 6.2 KiB, free 434.4 MiB)
[2023-06-24T16:27:08.605+0000] {spark_submit.py:492} INFO - 23/06/24 16:27:08 INFO BlockManagerInfo: Added broadcast_0_piece0 in memory on a8d69ab09d2d:41185 (size: 6.2 KiB, free: 434.4 MiB)
[2023-06-24T16:27:08.615+0000] {spark_submit.py:492} INFO - 23/06/24 16:27:08 INFO SparkContext: Created broadcast 0 from broadcast at DAGScheduler.scala:1427
[2023-06-24T16:27:08.629+0000] {spark_submit.py:492} INFO - 23/06/24 16:27:08 INFO DAGScheduler: Submitting 1 missing tasks from ResultStage 0 (MapPartitionsRDD[6] at showString at NativeMethodAccessorImpl.java:0) (first 15 tasks are for partitions Vector(0))
[2023-06-24T16:27:08.631+0000] {spark_submit.py:492} INFO - 23/06/24 16:27:08 INFO TaskSchedulerImpl: Adding task set 0.0 with 1 tasks resource profile 0
[2023-06-24T16:27:23.657+0000] {spark_submit.py:492} INFO - 23/06/24 16:27:23 WARN TaskSchedulerImpl: Initial job has not accepted any resources; check your cluster UI to ensure that workers are registered and have sufficient resources
[2023-06-24T16:27:24.549+0000] {spark_submit.py:492} INFO - 23/06/24 16:27:24 INFO StandaloneAppClient$ClientEndpoint: Executor added: app-20230624162658-0019/0 on worker-20230624161025-172.19.0.3-35241 (172.19.0.3:35241) with 1 core(s)
[2023-06-24T16:27:24.571+0000] {spark_submit.py:492} INFO - 23/06/24 16:27:24 INFO StandaloneSchedulerBackend: Granted executor ID app-20230624162658-0019/0 on hostPort 172.19.0.3:35241 with 1 core(s), 1024.0 MiB RAM
[2023-06-24T16:27:24.733+0000] {spark_submit.py:492} INFO - 23/06/24 16:27:24 INFO StandaloneAppClient$ClientEndpoint: Executor updated: app-20230624162658-0019/0 is now RUNNING
[2023-06-24T16:27:27.868+0000] {spark_submit.py:492} INFO - 23/06/24 16:27:27 INFO CoarseGrainedSchedulerBackend$DriverEndpoint: Registered executor NettyRpcEndpointRef(spark-client://Executor) (172.19.0.3:50082) with ID 0,  ResourceProfileId 0
[2023-06-24T16:27:28.004+0000] {spark_submit.py:492} INFO - 23/06/24 16:27:28 INFO BlockManagerMasterEndpoint: Registering block manager 172.19.0.3:38693 with 366.3 MiB RAM, BlockManagerId(0, 172.19.0.3, 38693, None)
[2023-06-24T16:27:28.068+0000] {spark_submit.py:492} INFO - 23/06/24 16:27:28 INFO TaskSetManager: Starting task 0.0 in stage 0.0 (TID 0) (172.19.0.3, executor 0, partition 0, PROCESS_LOCAL, 4605 bytes) taskResourceAssignments Map()
[2023-06-24T16:27:28.422+0000] {spark_submit.py:492} INFO - 23/06/24 16:27:28 INFO BlockManagerInfo: Added broadcast_0_piece0 in memory on 172.19.0.3:38693 (size: 6.2 KiB, free: 366.3 MiB)
[2023-06-24T16:27:30.400+0000] {spark_submit.py:492} INFO - 23/06/24 16:27:30 INFO TaskSetManager: Finished task 0.0 in stage 0.0 (TID 0) in 2341 ms on 172.19.0.3 (executor 0) (1/1)
[2023-06-24T16:27:30.404+0000] {spark_submit.py:492} INFO - 23/06/24 16:27:30 INFO TaskSchedulerImpl: Removed TaskSet 0.0, whose tasks have all completed, from pool
[2023-06-24T16:27:30.408+0000] {spark_submit.py:492} INFO - 23/06/24 16:27:30 INFO PythonAccumulatorV2: Connected to AccumulatorServer at host: 127.0.0.1 port: 44909
[2023-06-24T16:27:30.422+0000] {spark_submit.py:492} INFO - 23/06/24 16:27:30 INFO DAGScheduler: ResultStage 0 (showString at NativeMethodAccessorImpl.java:0) finished in 22.071 s
[2023-06-24T16:27:30.428+0000] {spark_submit.py:492} INFO - 23/06/24 16:27:30 INFO DAGScheduler: Job 0 is finished. Cancelling potential speculative or zombie tasks for this job
[2023-06-24T16:27:30.429+0000] {spark_submit.py:492} INFO - 23/06/24 16:27:30 INFO TaskSchedulerImpl: Killing all running tasks in stage 0: Stage finished
[2023-06-24T16:27:30.432+0000] {spark_submit.py:492} INFO - 23/06/24 16:27:30 INFO DAGScheduler: Job 0 finished: showString at NativeMethodAccessorImpl.java:0, took 22.163668 s
[2023-06-24T16:27:30.447+0000] {spark_submit.py:492} INFO - 23/06/24 16:27:30 INFO SparkContext: Starting job: showString at NativeMethodAccessorImpl.java:0
[2023-06-24T16:27:30.449+0000] {spark_submit.py:492} INFO - 23/06/24 16:27:30 INFO DAGScheduler: Got job 1 (showString at NativeMethodAccessorImpl.java:0) with 1 output partitions
[2023-06-24T16:27:30.449+0000] {spark_submit.py:492} INFO - 23/06/24 16:27:30 INFO DAGScheduler: Final stage: ResultStage 1 (showString at NativeMethodAccessorImpl.java:0)
[2023-06-24T16:27:30.450+0000] {spark_submit.py:492} INFO - 23/06/24 16:27:30 INFO DAGScheduler: Parents of final stage: List()
[2023-06-24T16:27:30.450+0000] {spark_submit.py:492} INFO - 23/06/24 16:27:30 INFO DAGScheduler: Missing parents: List()
[2023-06-24T16:27:30.451+0000] {spark_submit.py:492} INFO - 23/06/24 16:27:30 INFO DAGScheduler: Submitting ResultStage 1 (MapPartitionsRDD[6] at showString at NativeMethodAccessorImpl.java:0), which has no missing parents
[2023-06-24T16:27:30.458+0000] {spark_submit.py:492} INFO - 23/06/24 16:27:30 INFO MemoryStore: Block broadcast_1 stored as values in memory (estimated size 11.7 KiB, free 434.4 MiB)
[2023-06-24T16:27:30.463+0000] {spark_submit.py:492} INFO - 23/06/24 16:27:30 INFO MemoryStore: Block broadcast_1_piece0 stored as bytes in memory (estimated size 6.2 KiB, free 434.4 MiB)
[2023-06-24T16:27:30.465+0000] {spark_submit.py:492} INFO - 23/06/24 16:27:30 INFO BlockManagerInfo: Added broadcast_1_piece0 in memory on a8d69ab09d2d:41185 (size: 6.2 KiB, free: 434.4 MiB)
[2023-06-24T16:27:30.465+0000] {spark_submit.py:492} INFO - 23/06/24 16:27:30 INFO SparkContext: Created broadcast 1 from broadcast at DAGScheduler.scala:1427
[2023-06-24T16:27:30.467+0000] {spark_submit.py:492} INFO - 23/06/24 16:27:30 INFO DAGScheduler: Submitting 1 missing tasks from ResultStage 1 (MapPartitionsRDD[6] at showString at NativeMethodAccessorImpl.java:0) (first 15 tasks are for partitions Vector(1))
[2023-06-24T16:27:30.467+0000] {spark_submit.py:492} INFO - 23/06/24 16:27:30 INFO TaskSchedulerImpl: Adding task set 1.0 with 1 tasks resource profile 0
[2023-06-24T16:27:30.469+0000] {spark_submit.py:492} INFO - 23/06/24 16:27:30 INFO TaskSetManager: Starting task 0.0 in stage 1.0 (TID 1) (172.19.0.3, executor 0, partition 1, PROCESS_LOCAL, 4529 bytes) taskResourceAssignments Map()
[2023-06-24T16:27:30.491+0000] {spark_submit.py:492} INFO - 23/06/24 16:27:30 INFO BlockManagerInfo: Added broadcast_1_piece0 in memory on 172.19.0.3:38693 (size: 6.2 KiB, free: 366.3 MiB)
[2023-06-24T16:27:30.566+0000] {spark_submit.py:492} INFO - 23/06/24 16:27:30 INFO TaskSetManager: Finished task 0.0 in stage 1.0 (TID 1) in 96 ms on 172.19.0.3 (executor 0) (1/1)
[2023-06-24T16:27:30.566+0000] {spark_submit.py:492} INFO - 23/06/24 16:27:30 INFO TaskSchedulerImpl: Removed TaskSet 1.0, whose tasks have all completed, from pool
[2023-06-24T16:27:30.570+0000] {spark_submit.py:492} INFO - 23/06/24 16:27:30 INFO DAGScheduler: ResultStage 1 (showString at NativeMethodAccessorImpl.java:0) finished in 0.116 s
[2023-06-24T16:27:30.570+0000] {spark_submit.py:492} INFO - 23/06/24 16:27:30 INFO DAGScheduler: Job 1 is finished. Cancelling potential speculative or zombie tasks for this job
[2023-06-24T16:27:30.570+0000] {spark_submit.py:492} INFO - 23/06/24 16:27:30 INFO TaskSchedulerImpl: Killing all running tasks in stage 1: Stage finished
[2023-06-24T16:27:30.570+0000] {spark_submit.py:492} INFO - 23/06/24 16:27:30 INFO DAGScheduler: Job 1 finished: showString at NativeMethodAccessorImpl.java:0, took 0.122333 s
[2023-06-24T16:27:30.612+0000] {spark_submit.py:492} INFO - 23/06/24 16:27:30 INFO CodeGenerator: Code generated in 22.6192 ms
[2023-06-24T16:27:30.626+0000] {spark_submit.py:492} INFO - +-----+-----------------------------------------------------------------------------+
[2023-06-24T16:27:30.626+0000] {spark_submit.py:492} INFO - |Seqno|Quote                                                                        |
[2023-06-24T16:27:30.627+0000] {spark_submit.py:492} INFO - +-----+-----------------------------------------------------------------------------+
[2023-06-24T16:27:30.627+0000] {spark_submit.py:492} INFO - |1    |Be the change that you wish to see in the world                              |
[2023-06-24T16:27:30.627+0000] {spark_submit.py:492} INFO - |2    |Everyone thinks of changing the world, but no one thinks of changing himself.|
[2023-06-24T16:27:30.627+0000] {spark_submit.py:492} INFO - |3    |The purpose of our lives is to be happy.                                     |
[2023-06-24T16:27:30.627+0000] {spark_submit.py:492} INFO - |4    |Be cool.                                                                     |
[2023-06-24T16:27:30.627+0000] {spark_submit.py:492} INFO - +-----+-----------------------------------------------------------------------------+
[2023-06-24T16:27:30.627+0000] {spark_submit.py:492} INFO - 
[2023-06-24T16:27:30.745+0000] {spark_submit.py:492} INFO - 23/06/24 16:27:30 INFO BlockManagerInfo: Removed broadcast_0_piece0 on 172.19.0.3:38693 in memory (size: 6.2 KiB, free: 366.3 MiB)
[2023-06-24T16:27:30.774+0000] {spark_submit.py:492} INFO - 23/06/24 16:27:30 INFO BlockManagerInfo: Removed broadcast_0_piece0 on a8d69ab09d2d:41185 in memory (size: 6.2 KiB, free: 434.4 MiB)
[2023-06-24T16:27:30.797+0000] {spark_submit.py:492} INFO - 23/06/24 16:27:30 INFO BlockManagerInfo: Removed broadcast_1_piece0 on a8d69ab09d2d:41185 in memory (size: 6.2 KiB, free: 434.4 MiB)
[2023-06-24T16:27:30.800+0000] {spark_submit.py:492} INFO - 23/06/24 16:27:30 INFO BlockManagerInfo: Removed broadcast_1_piece0 on 172.19.0.3:38693 in memory (size: 6.2 KiB, free: 366.3 MiB)
[2023-06-24T16:27:30.818+0000] {spark_submit.py:492} INFO - Traceback (most recent call last):
[2023-06-24T16:27:30.818+0000] {spark_submit.py:492} INFO - File "/opt/***/dags/spark_etl_spark_minio.py", line 43, in <module>
[2023-06-24T16:27:30.818+0000] {spark_submit.py:492} INFO - df.write.mode("append").parquet("s3a://datalake/test.parquet")
[2023-06-24T16:27:30.818+0000] {spark_submit.py:492} INFO - File "/opt/spark/python/lib/pyspark.zip/pyspark/sql/readwriter.py", line 885, in parquet
[2023-06-24T16:27:30.819+0000] {spark_submit.py:492} INFO - File "/opt/spark/python/lib/py4j-0.10.9.2-src.zip/py4j/java_gateway.py", line 1309, in __call__
[2023-06-24T16:27:30.819+0000] {spark_submit.py:492} INFO - File "/opt/spark/python/lib/pyspark.zip/pyspark/sql/utils.py", line 111, in deco
[2023-06-24T16:27:30.819+0000] {spark_submit.py:492} INFO - File "/opt/spark/python/lib/py4j-0.10.9.2-src.zip/py4j/protocol.py", line 326, in get_return_value
[2023-06-24T16:27:30.819+0000] {spark_submit.py:492} INFO - py4j.protocol.Py4JJavaError: An error occurred while calling o77.parquet.
[2023-06-24T16:27:30.819+0000] {spark_submit.py:492} INFO - : java.lang.RuntimeException: java.lang.ClassNotFoundException: Class org.apache.hadoop.fs.s3a.S3AFileSystem not found
[2023-06-24T16:27:30.819+0000] {spark_submit.py:492} INFO - at org.apache.hadoop.conf.Configuration.getClass(Configuration.java:2667)
[2023-06-24T16:27:30.820+0000] {spark_submit.py:492} INFO - at org.apache.hadoop.fs.FileSystem.getFileSystemClass(FileSystem.java:3431)
[2023-06-24T16:27:30.820+0000] {spark_submit.py:492} INFO - at org.apache.hadoop.fs.FileSystem.createFileSystem(FileSystem.java:3466)
[2023-06-24T16:27:30.820+0000] {spark_submit.py:492} INFO - at org.apache.hadoop.fs.FileSystem.access$300(FileSystem.java:174)
[2023-06-24T16:27:30.820+0000] {spark_submit.py:492} INFO - at org.apache.hadoop.fs.FileSystem$Cache.getInternal(FileSystem.java:3574)
[2023-06-24T16:27:30.820+0000] {spark_submit.py:492} INFO - at org.apache.hadoop.fs.FileSystem$Cache.get(FileSystem.java:3521)
[2023-06-24T16:27:30.820+0000] {spark_submit.py:492} INFO - at org.apache.hadoop.fs.FileSystem.get(FileSystem.java:540)
[2023-06-24T16:27:30.821+0000] {spark_submit.py:492} INFO - at org.apache.hadoop.fs.Path.getFileSystem(Path.java:365)
[2023-06-24T16:27:30.821+0000] {spark_submit.py:492} INFO - at org.apache.spark.sql.execution.datasources.DataSource.planForWritingFileFormat(DataSource.scala:461)
[2023-06-24T16:27:30.821+0000] {spark_submit.py:492} INFO - at org.apache.spark.sql.execution.datasources.DataSource.planForWriting(DataSource.scala:556)
[2023-06-24T16:27:30.821+0000] {spark_submit.py:492} INFO - at org.apache.spark.sql.DataFrameWriter.saveToV1Source(DataFrameWriter.scala:382)
[2023-06-24T16:27:30.821+0000] {spark_submit.py:492} INFO - at org.apache.spark.sql.DataFrameWriter.saveInternal(DataFrameWriter.scala:355)
[2023-06-24T16:27:30.821+0000] {spark_submit.py:492} INFO - at org.apache.spark.sql.DataFrameWriter.save(DataFrameWriter.scala:239)
[2023-06-24T16:27:30.821+0000] {spark_submit.py:492} INFO - at org.apache.spark.sql.DataFrameWriter.parquet(DataFrameWriter.scala:781)
[2023-06-24T16:27:30.821+0000] {spark_submit.py:492} INFO - at java.base/jdk.internal.reflect.NativeMethodAccessorImpl.invoke0(Native Method)
[2023-06-24T16:27:30.822+0000] {spark_submit.py:492} INFO - at java.base/jdk.internal.reflect.NativeMethodAccessorImpl.invoke(NativeMethodAccessorImpl.java:62)
[2023-06-24T16:27:30.822+0000] {spark_submit.py:492} INFO - at java.base/jdk.internal.reflect.DelegatingMethodAccessorImpl.invoke(DelegatingMethodAccessorImpl.java:43)
[2023-06-24T16:27:30.822+0000] {spark_submit.py:492} INFO - at java.base/java.lang.reflect.Method.invoke(Method.java:566)
[2023-06-24T16:27:30.822+0000] {spark_submit.py:492} INFO - at py4j.reflection.MethodInvoker.invoke(MethodInvoker.java:244)
[2023-06-24T16:27:30.822+0000] {spark_submit.py:492} INFO - at py4j.reflection.ReflectionEngine.invoke(ReflectionEngine.java:357)
[2023-06-24T16:27:30.823+0000] {spark_submit.py:492} INFO - at py4j.Gateway.invoke(Gateway.java:282)
[2023-06-24T16:27:30.823+0000] {spark_submit.py:492} INFO - at py4j.commands.AbstractCommand.invokeMethod(AbstractCommand.java:132)
[2023-06-24T16:27:30.823+0000] {spark_submit.py:492} INFO - at py4j.commands.CallCommand.execute(CallCommand.java:79)
[2023-06-24T16:27:30.823+0000] {spark_submit.py:492} INFO - at py4j.ClientServerConnection.waitForCommands(ClientServerConnection.java:182)
[2023-06-24T16:27:30.823+0000] {spark_submit.py:492} INFO - at py4j.ClientServerConnection.run(ClientServerConnection.java:106)
[2023-06-24T16:27:30.823+0000] {spark_submit.py:492} INFO - at java.base/java.lang.Thread.run(Thread.java:829)
[2023-06-24T16:27:30.823+0000] {spark_submit.py:492} INFO - Caused by: java.lang.ClassNotFoundException: Class org.apache.hadoop.fs.s3a.S3AFileSystem not found
[2023-06-24T16:27:30.823+0000] {spark_submit.py:492} INFO - at org.apache.hadoop.conf.Configuration.getClassByName(Configuration.java:2571)
[2023-06-24T16:27:30.824+0000] {spark_submit.py:492} INFO - at org.apache.hadoop.conf.Configuration.getClass(Configuration.java:2665)
[2023-06-24T16:27:30.824+0000] {spark_submit.py:492} INFO - ... 25 more
[2023-06-24T16:27:30.824+0000] {spark_submit.py:492} INFO - 
[2023-06-24T16:27:30.911+0000] {spark_submit.py:492} INFO - 23/06/24 16:27:30 INFO SparkContext: Invoking stop() from shutdown hook
[2023-06-24T16:27:30.919+0000] {spark_submit.py:492} INFO - 23/06/24 16:27:30 INFO SparkUI: Stopped Spark web UI at http://a8d69ab09d2d:4043
[2023-06-24T16:27:30.939+0000] {spark_submit.py:492} INFO - 23/06/24 16:27:30 INFO StandaloneSchedulerBackend: Shutting down all executors
[2023-06-24T16:27:30.940+0000] {spark_submit.py:492} INFO - 23/06/24 16:27:30 INFO CoarseGrainedSchedulerBackend$DriverEndpoint: Asking each executor to shut down
[2023-06-24T16:27:30.968+0000] {spark_submit.py:492} INFO - 23/06/24 16:27:30 INFO MapOutputTrackerMasterEndpoint: MapOutputTrackerMasterEndpoint stopped!
[2023-06-24T16:27:31.031+0000] {spark_submit.py:492} INFO - 23/06/24 16:27:31 INFO MemoryStore: MemoryStore cleared
[2023-06-24T16:27:31.032+0000] {spark_submit.py:492} INFO - 23/06/24 16:27:31 INFO BlockManager: BlockManager stopped
[2023-06-24T16:27:31.036+0000] {spark_submit.py:492} INFO - 23/06/24 16:27:31 INFO BlockManagerMaster: BlockManagerMaster stopped
[2023-06-24T16:27:31.039+0000] {spark_submit.py:492} INFO - 23/06/24 16:27:31 INFO OutputCommitCoordinator$OutputCommitCoordinatorEndpoint: OutputCommitCoordinator stopped!
[2023-06-24T16:27:31.065+0000] {spark_submit.py:492} INFO - 23/06/24 16:27:31 INFO SparkContext: Successfully stopped SparkContext
[2023-06-24T16:27:31.065+0000] {spark_submit.py:492} INFO - 23/06/24 16:27:31 INFO ShutdownHookManager: Shutdown hook called
[2023-06-24T16:27:31.066+0000] {spark_submit.py:492} INFO - 23/06/24 16:27:31 INFO ShutdownHookManager: Deleting directory /tmp/spark-3507cd51-a834-4fe4-9bfe-3cab8c053e2a
[2023-06-24T16:27:31.077+0000] {spark_submit.py:492} INFO - 23/06/24 16:27:31 INFO ShutdownHookManager: Deleting directory /tmp/spark-3507cd51-a834-4fe4-9bfe-3cab8c053e2a/pyspark-41960d70-32f6-4004-87d4-f7e3416c130c
[2023-06-24T16:27:31.086+0000] {spark_submit.py:492} INFO - 23/06/24 16:27:31 INFO ShutdownHookManager: Deleting directory /tmp/spark-029e50cc-ca73-487d-8061-faee6f33338b
[2023-06-24T16:27:31.180+0000] {taskinstance.py:1775} ERROR - Task failed with exception
Traceback (most recent call last):
  File "/home/airflow/.local/lib/python3.8/site-packages/airflow/providers/apache/spark/operators/spark_submit.py", line 157, in execute
    self._hook.submit(self._application)
  File "/home/airflow/.local/lib/python3.8/site-packages/airflow/providers/apache/spark/hooks/spark_submit.py", line 423, in submit
    raise AirflowException(
airflow.exceptions.AirflowException: Cannot execute: spark-submit --master spark://spark:7077 --name arrow-spark /opt/***/dags/spark_etl_spark_minio.py. Error code is: 1.
[2023-06-24T16:27:31.186+0000] {taskinstance.py:1321} INFO - Marking task as UP_FOR_RETRY. dag_id=spark_etl_minio, task_id=spark_submit_task, execution_date=20230623T000000, start_date=20230624T162646, end_date=20230624T162731
[2023-06-24T16:27:31.201+0000] {standard_task_runner.py:100} ERROR - Failed to execute job 96 for task spark_submit_task (Cannot execute: spark-submit --master spark://spark:7077 --name arrow-spark /opt/***/dags/spark_etl_spark_minio.py. Error code is: 1.; 3451)
[2023-06-24T16:27:31.233+0000] {local_task_job.py:212} INFO - Task exited with return code 1
[2023-06-24T16:27:31.251+0000] {taskinstance.py:2585} INFO - 0 downstream tasks scheduled from follow-on schedule check
