[2023-06-24T16:25:02.917+0000] {taskinstance.py:1084} INFO - Dependencies all met for dep_context=non-requeueable deps ti=<TaskInstance: spark_etl_minio_v1.spark_submit_task scheduled__2023-06-23T00:00:00+00:00 [queued]>
[2023-06-24T16:25:02.933+0000] {taskinstance.py:1084} INFO - Dependencies all met for dep_context=requeueable deps ti=<TaskInstance: spark_etl_minio_v1.spark_submit_task scheduled__2023-06-23T00:00:00+00:00 [queued]>
[2023-06-24T16:25:02.933+0000] {taskinstance.py:1282} INFO - 
--------------------------------------------------------------------------------
[2023-06-24T16:25:02.933+0000] {taskinstance.py:1283} INFO - Starting attempt 3 of 6
[2023-06-24T16:25:02.933+0000] {taskinstance.py:1284} INFO - 
--------------------------------------------------------------------------------
[2023-06-24T16:25:02.952+0000] {taskinstance.py:1303} INFO - Executing <Task(SparkSubmitOperator): spark_submit_task> on 2023-06-23 00:00:00+00:00
[2023-06-24T16:25:02.960+0000] {standard_task_runner.py:55} INFO - Started process 2525 to run task
[2023-06-24T16:25:02.965+0000] {standard_task_runner.py:82} INFO - Running: ['***', 'tasks', 'run', 'spark_etl_minio_v1', 'spark_submit_task', 'scheduled__2023-06-23T00:00:00+00:00', '--job-id', '90', '--raw', '--subdir', 'DAGS_FOLDER/spark_job_v2.py', '--cfg-path', '/tmp/tmpqxxcoddf']
[2023-06-24T16:25:02.966+0000] {standard_task_runner.py:83} INFO - Job 90: Subtask spark_submit_task
[2023-06-24T16:25:02.987+0000] {warnings.py:109} WARNING - /home/***/.local/lib/python3.8/site-packages/***/settings.py:250: DeprecationWarning: The sql_alchemy_conn option in [core] has been moved to the sql_alchemy_conn option in [database] - the old setting has been used, but please update your config.
  SQL_ALCHEMY_CONN = conf.get("database", "SQL_ALCHEMY_CONN")

[2023-06-24T16:25:03.012+0000] {warnings.py:109} WARNING - /home/***/.local/lib/python3.8/site-packages/***/utils/sqlalchemy.py:124: DeprecationWarning: The sql_alchemy_conn option in [core] has been moved to the sql_alchemy_conn option in [database] - the old setting has been used, but please update your config.
  return not conf.get("database", "sql_alchemy_conn").startswith("mssql")

[2023-06-24T16:25:03.063+0000] {task_command.py:388} INFO - Running <TaskInstance: spark_etl_minio_v1.spark_submit_task scheduled__2023-06-23T00:00:00+00:00 [running]> on host a8d69ab09d2d
[2023-06-24T16:25:03.159+0000] {taskinstance.py:1509} INFO - Exporting the following env vars:
AIRFLOW_CTX_DAG_OWNER=***
AIRFLOW_CTX_DAG_ID=spark_etl_minio_v1
AIRFLOW_CTX_TASK_ID=spark_submit_task
AIRFLOW_CTX_EXECUTION_DATE=2023-06-23T00:00:00+00:00
AIRFLOW_CTX_TRY_NUMBER=3
AIRFLOW_CTX_DAG_RUN_ID=scheduled__2023-06-23T00:00:00+00:00
[2023-06-24T16:25:03.172+0000] {base.py:73} INFO - Using connection ID 'spark_conn' for task execution.
[2023-06-24T16:25:03.174+0000] {spark_submit.py:341} INFO - Spark-Submit cmd: spark-submit --master spark://spark:7077 --name arrow-spark /opt/***/dags/spark_etl_spark_minio.py
[2023-06-24T16:25:05.171+0000] {spark_submit.py:492} INFO - WARNING: An illegal reflective access operation has occurred
[2023-06-24T16:25:05.172+0000] {spark_submit.py:492} INFO - WARNING: Illegal reflective access by org.apache.spark.unsafe.Platform (file:/opt/spark/jars/spark-unsafe_2.12-3.2.0.jar) to constructor java.nio.DirectByteBuffer(long,int)
[2023-06-24T16:25:05.172+0000] {spark_submit.py:492} INFO - WARNING: Please consider reporting this to the maintainers of org.apache.spark.unsafe.Platform
[2023-06-24T16:25:05.173+0000] {spark_submit.py:492} INFO - WARNING: Use --illegal-access=warn to enable warnings of further illegal reflective access operations
[2023-06-24T16:25:05.173+0000] {spark_submit.py:492} INFO - WARNING: All illegal access operations will be denied in a future release
[2023-06-24T16:25:07.476+0000] {spark_submit.py:492} INFO - Using Spark's default log4j profile: org/apache/spark/log4j-defaults.properties
[2023-06-24T16:25:07.487+0000] {spark_submit.py:492} INFO - 23/06/24 16:25:07 INFO SparkContext: Running Spark version 3.2.0
[2023-06-24T16:25:07.806+0000] {spark_submit.py:492} INFO - 23/06/24 16:25:07 WARN NativeCodeLoader: Unable to load native-hadoop library for your platform... using builtin-java classes where applicable
[2023-06-24T16:25:08.137+0000] {spark_submit.py:492} INFO - 23/06/24 16:25:08 INFO ResourceUtils: ==============================================================
[2023-06-24T16:25:08.138+0000] {spark_submit.py:492} INFO - 23/06/24 16:25:08 INFO ResourceUtils: No custom resources configured for spark.driver.
[2023-06-24T16:25:08.140+0000] {spark_submit.py:492} INFO - 23/06/24 16:25:08 INFO ResourceUtils: ==============================================================
[2023-06-24T16:25:08.142+0000] {spark_submit.py:492} INFO - 23/06/24 16:25:08 INFO SparkContext: Submitted application: arrow-spark
[2023-06-24T16:25:08.238+0000] {spark_submit.py:492} INFO - 23/06/24 16:25:08 INFO ResourceProfile: Default ResourceProfile created, executor resources: Map(cores -> name: cores, amount: 1, script: , vendor: , memory -> name: memory, amount: 1024, script: , vendor: , offHeap -> name: offHeap, amount: 0, script: , vendor: ), task resources: Map(cpus -> name: cpus, amount: 1.0)
[2023-06-24T16:25:08.270+0000] {spark_submit.py:492} INFO - 23/06/24 16:25:08 INFO ResourceProfile: Limiting resource is cpu
[2023-06-24T16:25:08.277+0000] {spark_submit.py:492} INFO - 23/06/24 16:25:08 INFO ResourceProfileManager: Added ResourceProfile id: 0
[2023-06-24T16:25:08.419+0000] {spark_submit.py:492} INFO - 23/06/24 16:25:08 INFO SecurityManager: Changing view acls to: default
[2023-06-24T16:25:08.419+0000] {spark_submit.py:492} INFO - 23/06/24 16:25:08 INFO SecurityManager: Changing modify acls to: default
[2023-06-24T16:25:08.420+0000] {spark_submit.py:492} INFO - 23/06/24 16:25:08 INFO SecurityManager: Changing view acls groups to:
[2023-06-24T16:25:08.421+0000] {spark_submit.py:492} INFO - 23/06/24 16:25:08 INFO SecurityManager: Changing modify acls groups to:
[2023-06-24T16:25:08.422+0000] {spark_submit.py:492} INFO - 23/06/24 16:25:08 INFO SecurityManager: SecurityManager: authentication disabled; ui acls disabled; users  with view permissions: Set(default); groups with view permissions: Set(); users  with modify permissions: Set(default); groups with modify permissions: Set()
[2023-06-24T16:25:09.082+0000] {spark_submit.py:492} INFO - 23/06/24 16:25:09 INFO Utils: Successfully started service 'sparkDriver' on port 34069.
[2023-06-24T16:25:09.123+0000] {spark_submit.py:492} INFO - 23/06/24 16:25:09 INFO SparkEnv: Registering MapOutputTracker
[2023-06-24T16:25:09.174+0000] {spark_submit.py:492} INFO - 23/06/24 16:25:09 INFO SparkEnv: Registering BlockManagerMaster
[2023-06-24T16:25:09.196+0000] {spark_submit.py:492} INFO - 23/06/24 16:25:09 INFO BlockManagerMasterEndpoint: Using org.apache.spark.storage.DefaultTopologyMapper for getting topology information
[2023-06-24T16:25:09.197+0000] {spark_submit.py:492} INFO - 23/06/24 16:25:09 INFO BlockManagerMasterEndpoint: BlockManagerMasterEndpoint up
[2023-06-24T16:25:09.204+0000] {spark_submit.py:492} INFO - 23/06/24 16:25:09 INFO SparkEnv: Registering BlockManagerMasterHeartbeat
[2023-06-24T16:25:09.250+0000] {spark_submit.py:492} INFO - 23/06/24 16:25:09 INFO DiskBlockManager: Created local directory at /tmp/blockmgr-45a331d8-9837-48c0-aeae-7367773efd6d
[2023-06-24T16:25:09.308+0000] {spark_submit.py:492} INFO - 23/06/24 16:25:09 INFO MemoryStore: MemoryStore started with capacity 434.4 MiB
[2023-06-24T16:25:09.341+0000] {spark_submit.py:492} INFO - 23/06/24 16:25:09 INFO SparkEnv: Registering OutputCommitCoordinator
[2023-06-24T16:25:09.834+0000] {spark_submit.py:492} INFO - 23/06/24 16:25:09 WARN Utils: Service 'SparkUI' could not bind on port 4040. Attempting port 4041.
[2023-06-24T16:25:09.834+0000] {spark_submit.py:492} INFO - 23/06/24 16:25:09 WARN Utils: Service 'SparkUI' could not bind on port 4041. Attempting port 4042.
[2023-06-24T16:25:09.852+0000] {spark_submit.py:492} INFO - 23/06/24 16:25:09 INFO Utils: Successfully started service 'SparkUI' on port 4042.
[2023-06-24T16:25:10.040+0000] {spark_submit.py:492} INFO - 23/06/24 16:25:10 INFO SparkUI: Bound SparkUI to 0.0.0.0, and started at http://a8d69ab09d2d:4042
[2023-06-24T16:25:10.489+0000] {spark_submit.py:492} INFO - 23/06/24 16:25:10 INFO StandaloneAppClient$ClientEndpoint: Connecting to master spark://spark:7077...
[2023-06-24T16:25:10.958+0000] {spark_submit.py:492} INFO - 23/06/24 16:25:10 INFO TransportClientFactory: Successfully created connection to spark/172.19.0.11:7077 after 377 ms (0 ms spent in bootstraps)
[2023-06-24T16:25:11.275+0000] {spark_submit.py:492} INFO - 23/06/24 16:25:11 INFO StandaloneSchedulerBackend: Connected to Spark cluster with app ID app-20230624162511-0013
[2023-06-24T16:25:11.309+0000] {spark_submit.py:492} INFO - 23/06/24 16:25:11 INFO Utils: Successfully started service 'org.apache.spark.network.netty.NettyBlockTransferService' on port 46781.
[2023-06-24T16:25:11.310+0000] {spark_submit.py:492} INFO - 23/06/24 16:25:11 INFO NettyBlockTransferService: Server created on a8d69ab09d2d:46781
[2023-06-24T16:25:11.310+0000] {spark_submit.py:492} INFO - 23/06/24 16:25:11 INFO BlockManager: Using org.apache.spark.storage.RandomBlockReplicationPolicy for block replication policy
[2023-06-24T16:25:11.310+0000] {spark_submit.py:492} INFO - 23/06/24 16:25:11 INFO BlockManagerMaster: Registering BlockManager BlockManagerId(driver, a8d69ab09d2d, 46781, None)
[2023-06-24T16:25:11.314+0000] {spark_submit.py:492} INFO - 23/06/24 16:25:11 INFO BlockManagerMasterEndpoint: Registering block manager a8d69ab09d2d:46781 with 434.4 MiB RAM, BlockManagerId(driver, a8d69ab09d2d, 46781, None)
[2023-06-24T16:25:11.324+0000] {spark_submit.py:492} INFO - 23/06/24 16:25:11 INFO BlockManagerMaster: Registered BlockManager BlockManagerId(driver, a8d69ab09d2d, 46781, None)
[2023-06-24T16:25:11.329+0000] {spark_submit.py:492} INFO - 23/06/24 16:25:11 INFO BlockManager: Initialized BlockManager: BlockManagerId(driver, a8d69ab09d2d, 46781, None)
[2023-06-24T16:25:11.825+0000] {spark_submit.py:492} INFO - 23/06/24 16:25:11 INFO StandaloneSchedulerBackend: SchedulerBackend is ready for scheduling beginning after reached minRegisteredResourcesRatio: 0.0
[2023-06-24T16:25:12.929+0000] {spark_submit.py:492} INFO - 23/06/24 16:25:12 INFO SharedState: Setting hive.metastore.warehouse.dir ('null') to the value of spark.sql.warehouse.dir.
[2023-06-24T16:25:12.966+0000] {spark_submit.py:492} INFO - 23/06/24 16:25:12 INFO SharedState: Warehouse path is 'file:/opt/***/spark-warehouse'.
[2023-06-24T16:25:20.284+0000] {spark_submit.py:492} INFO - 23/06/24 16:25:20 INFO CodeGenerator: Code generated in 193.855916 ms
[2023-06-24T16:25:20.365+0000] {spark_submit.py:492} INFO - 23/06/24 16:25:20 INFO SparkContext: Starting job: showString at NativeMethodAccessorImpl.java:0
[2023-06-24T16:25:20.385+0000] {spark_submit.py:492} INFO - 23/06/24 16:25:20 INFO DAGScheduler: Got job 0 (showString at NativeMethodAccessorImpl.java:0) with 1 output partitions
[2023-06-24T16:25:20.387+0000] {spark_submit.py:492} INFO - 23/06/24 16:25:20 INFO DAGScheduler: Final stage: ResultStage 0 (showString at NativeMethodAccessorImpl.java:0)
[2023-06-24T16:25:20.387+0000] {spark_submit.py:492} INFO - 23/06/24 16:25:20 INFO DAGScheduler: Parents of final stage: List()
[2023-06-24T16:25:20.390+0000] {spark_submit.py:492} INFO - 23/06/24 16:25:20 INFO DAGScheduler: Missing parents: List()
[2023-06-24T16:25:20.399+0000] {spark_submit.py:492} INFO - 23/06/24 16:25:20 INFO DAGScheduler: Submitting ResultStage 0 (MapPartitionsRDD[6] at showString at NativeMethodAccessorImpl.java:0), which has no missing parents
[2023-06-24T16:25:20.587+0000] {spark_submit.py:492} INFO - 23/06/24 16:25:20 INFO MemoryStore: Block broadcast_0 stored as values in memory (estimated size 11.7 KiB, free 434.4 MiB)
[2023-06-24T16:25:20.650+0000] {spark_submit.py:492} INFO - 23/06/24 16:25:20 INFO MemoryStore: Block broadcast_0_piece0 stored as bytes in memory (estimated size 6.2 KiB, free 434.4 MiB)
[2023-06-24T16:25:20.656+0000] {spark_submit.py:492} INFO - 23/06/24 16:25:20 INFO BlockManagerInfo: Added broadcast_0_piece0 in memory on a8d69ab09d2d:46781 (size: 6.2 KiB, free: 434.4 MiB)
[2023-06-24T16:25:20.659+0000] {spark_submit.py:492} INFO - 23/06/24 16:25:20 INFO SparkContext: Created broadcast 0 from broadcast at DAGScheduler.scala:1427
[2023-06-24T16:25:20.676+0000] {spark_submit.py:492} INFO - 23/06/24 16:25:20 INFO DAGScheduler: Submitting 1 missing tasks from ResultStage 0 (MapPartitionsRDD[6] at showString at NativeMethodAccessorImpl.java:0) (first 15 tasks are for partitions Vector(0))
[2023-06-24T16:25:20.679+0000] {spark_submit.py:492} INFO - 23/06/24 16:25:20 INFO TaskSchedulerImpl: Adding task set 0.0 with 1 tasks resource profile 0
[2023-06-24T16:25:21.113+0000] {spark_submit.py:492} INFO - 23/06/24 16:25:21 INFO StandaloneAppClient$ClientEndpoint: Executor added: app-20230624162511-0013/0 on worker-20230624161025-172.19.0.3-35241 (172.19.0.3:35241) with 1 core(s)
[2023-06-24T16:25:21.116+0000] {spark_submit.py:492} INFO - 23/06/24 16:25:21 INFO StandaloneSchedulerBackend: Granted executor ID app-20230624162511-0013/0 on hostPort 172.19.0.3:35241 with 1 core(s), 1024.0 MiB RAM
[2023-06-24T16:25:21.204+0000] {spark_submit.py:492} INFO - 23/06/24 16:25:21 INFO StandaloneAppClient$ClientEndpoint: Executor updated: app-20230624162511-0013/0 is now RUNNING
[2023-06-24T16:25:24.226+0000] {spark_submit.py:492} INFO - 23/06/24 16:25:24 INFO CoarseGrainedSchedulerBackend$DriverEndpoint: Registered executor NettyRpcEndpointRef(spark-client://Executor) (172.19.0.3:38258) with ID 0,  ResourceProfileId 0
[2023-06-24T16:25:24.391+0000] {spark_submit.py:492} INFO - 23/06/24 16:25:24 INFO BlockManagerMasterEndpoint: Registering block manager 172.19.0.3:43243 with 366.3 MiB RAM, BlockManagerId(0, 172.19.0.3, 43243, None)
[2023-06-24T16:25:24.470+0000] {spark_submit.py:492} INFO - 23/06/24 16:25:24 INFO TaskSetManager: Starting task 0.0 in stage 0.0 (TID 0) (172.19.0.3, executor 0, partition 0, PROCESS_LOCAL, 4605 bytes) taskResourceAssignments Map()
[2023-06-24T16:25:24.911+0000] {spark_submit.py:492} INFO - 23/06/24 16:25:24 INFO BlockManagerInfo: Added broadcast_0_piece0 in memory on 172.19.0.3:43243 (size: 6.2 KiB, free: 366.3 MiB)
[2023-06-24T16:25:27.336+0000] {spark_submit.py:492} INFO - 23/06/24 16:25:27 INFO TaskSetManager: Finished task 0.0 in stage 0.0 (TID 0) in 2877 ms on 172.19.0.3 (executor 0) (1/1)
[2023-06-24T16:25:27.346+0000] {spark_submit.py:492} INFO - 23/06/24 16:25:27 INFO TaskSchedulerImpl: Removed TaskSet 0.0, whose tasks have all completed, from pool
[2023-06-24T16:25:27.351+0000] {spark_submit.py:492} INFO - 23/06/24 16:25:27 INFO PythonAccumulatorV2: Connected to AccumulatorServer at host: 127.0.0.1 port: 55363
[2023-06-24T16:25:27.362+0000] {spark_submit.py:492} INFO - 23/06/24 16:25:27 INFO DAGScheduler: ResultStage 0 (showString at NativeMethodAccessorImpl.java:0) finished in 6.944 s
[2023-06-24T16:25:27.370+0000] {spark_submit.py:492} INFO - 23/06/24 16:25:27 INFO DAGScheduler: Job 0 is finished. Cancelling potential speculative or zombie tasks for this job
[2023-06-24T16:25:27.372+0000] {spark_submit.py:492} INFO - 23/06/24 16:25:27 INFO TaskSchedulerImpl: Killing all running tasks in stage 0: Stage finished
[2023-06-24T16:25:27.380+0000] {spark_submit.py:492} INFO - 23/06/24 16:25:27 INFO DAGScheduler: Job 0 finished: showString at NativeMethodAccessorImpl.java:0, took 7.012527 s
[2023-06-24T16:25:27.395+0000] {spark_submit.py:492} INFO - 23/06/24 16:25:27 INFO SparkContext: Starting job: showString at NativeMethodAccessorImpl.java:0
[2023-06-24T16:25:27.398+0000] {spark_submit.py:492} INFO - 23/06/24 16:25:27 INFO DAGScheduler: Got job 1 (showString at NativeMethodAccessorImpl.java:0) with 1 output partitions
[2023-06-24T16:25:27.399+0000] {spark_submit.py:492} INFO - 23/06/24 16:25:27 INFO DAGScheduler: Final stage: ResultStage 1 (showString at NativeMethodAccessorImpl.java:0)
[2023-06-24T16:25:27.399+0000] {spark_submit.py:492} INFO - 23/06/24 16:25:27 INFO DAGScheduler: Parents of final stage: List()
[2023-06-24T16:25:27.399+0000] {spark_submit.py:492} INFO - 23/06/24 16:25:27 INFO DAGScheduler: Missing parents: List()
[2023-06-24T16:25:27.409+0000] {spark_submit.py:492} INFO - 23/06/24 16:25:27 INFO DAGScheduler: Submitting ResultStage 1 (MapPartitionsRDD[6] at showString at NativeMethodAccessorImpl.java:0), which has no missing parents
[2023-06-24T16:25:27.414+0000] {spark_submit.py:492} INFO - 23/06/24 16:25:27 INFO MemoryStore: Block broadcast_1 stored as values in memory (estimated size 11.7 KiB, free 434.4 MiB)
[2023-06-24T16:25:27.422+0000] {spark_submit.py:492} INFO - 23/06/24 16:25:27 INFO MemoryStore: Block broadcast_1_piece0 stored as bytes in memory (estimated size 6.2 KiB, free 434.4 MiB)
[2023-06-24T16:25:27.425+0000] {spark_submit.py:492} INFO - 23/06/24 16:25:27 INFO BlockManagerInfo: Added broadcast_1_piece0 in memory on a8d69ab09d2d:46781 (size: 6.2 KiB, free: 434.4 MiB)
[2023-06-24T16:25:27.434+0000] {spark_submit.py:492} INFO - 23/06/24 16:25:27 INFO SparkContext: Created broadcast 1 from broadcast at DAGScheduler.scala:1427
[2023-06-24T16:25:27.435+0000] {spark_submit.py:492} INFO - 23/06/24 16:25:27 INFO DAGScheduler: Submitting 1 missing tasks from ResultStage 1 (MapPartitionsRDD[6] at showString at NativeMethodAccessorImpl.java:0) (first 15 tasks are for partitions Vector(1))
[2023-06-24T16:25:27.436+0000] {spark_submit.py:492} INFO - 23/06/24 16:25:27 INFO TaskSchedulerImpl: Adding task set 1.0 with 1 tasks resource profile 0
[2023-06-24T16:25:27.439+0000] {spark_submit.py:492} INFO - 23/06/24 16:25:27 INFO TaskSetManager: Starting task 0.0 in stage 1.0 (TID 1) (172.19.0.3, executor 0, partition 1, PROCESS_LOCAL, 4529 bytes) taskResourceAssignments Map()
[2023-06-24T16:25:27.493+0000] {spark_submit.py:492} INFO - 23/06/24 16:25:27 INFO BlockManagerInfo: Added broadcast_1_piece0 in memory on 172.19.0.3:43243 (size: 6.2 KiB, free: 366.3 MiB)
[2023-06-24T16:25:27.631+0000] {spark_submit.py:492} INFO - 23/06/24 16:25:27 INFO TaskSetManager: Finished task 0.0 in stage 1.0 (TID 1) in 193 ms on 172.19.0.3 (executor 0) (1/1)
[2023-06-24T16:25:27.636+0000] {spark_submit.py:492} INFO - 23/06/24 16:25:27 INFO TaskSchedulerImpl: Removed TaskSet 1.0, whose tasks have all completed, from pool
[2023-06-24T16:25:27.640+0000] {spark_submit.py:492} INFO - 23/06/24 16:25:27 INFO DAGScheduler: ResultStage 1 (showString at NativeMethodAccessorImpl.java:0) finished in 0.230 s
[2023-06-24T16:25:27.640+0000] {spark_submit.py:492} INFO - 23/06/24 16:25:27 INFO DAGScheduler: Job 1 is finished. Cancelling potential speculative or zombie tasks for this job
[2023-06-24T16:25:27.640+0000] {spark_submit.py:492} INFO - 23/06/24 16:25:27 INFO TaskSchedulerImpl: Killing all running tasks in stage 1: Stage finished
[2023-06-24T16:25:27.641+0000] {spark_submit.py:492} INFO - 23/06/24 16:25:27 INFO DAGScheduler: Job 1 finished: showString at NativeMethodAccessorImpl.java:0, took 0.244412 s
[2023-06-24T16:25:27.717+0000] {spark_submit.py:492} INFO - 23/06/24 16:25:27 INFO CodeGenerator: Code generated in 45.160503 ms
[2023-06-24T16:25:27.740+0000] {spark_submit.py:492} INFO - +-----+-----------------------------------------------------------------------------+
[2023-06-24T16:25:27.740+0000] {spark_submit.py:492} INFO - |Seqno|Quote                                                                        |
[2023-06-24T16:25:27.741+0000] {spark_submit.py:492} INFO - +-----+-----------------------------------------------------------------------------+
[2023-06-24T16:25:27.741+0000] {spark_submit.py:492} INFO - |1    |Be the change that you wish to see in the world                              |
[2023-06-24T16:25:27.741+0000] {spark_submit.py:492} INFO - |2    |Everyone thinks of changing the world, but no one thinks of changing himself.|
[2023-06-24T16:25:27.741+0000] {spark_submit.py:492} INFO - |3    |The purpose of our lives is to be happy.                                     |
[2023-06-24T16:25:27.741+0000] {spark_submit.py:492} INFO - |4    |Be cool.                                                                     |
[2023-06-24T16:25:27.741+0000] {spark_submit.py:492} INFO - +-----+-----------------------------------------------------------------------------+
[2023-06-24T16:25:27.742+0000] {spark_submit.py:492} INFO - 
[2023-06-24T16:25:27.857+0000] {spark_submit.py:492} INFO - Traceback (most recent call last):
[2023-06-24T16:25:27.858+0000] {spark_submit.py:492} INFO - File "/opt/***/dags/spark_etl_spark_minio.py", line 43, in <module>
[2023-06-24T16:25:27.858+0000] {spark_submit.py:492} INFO - df.write.mode("append").parquet("s3a://datalake/test.parquet")
[2023-06-24T16:25:27.858+0000] {spark_submit.py:492} INFO - File "/opt/spark/python/lib/pyspark.zip/pyspark/sql/readwriter.py", line 885, in parquet
[2023-06-24T16:25:27.858+0000] {spark_submit.py:492} INFO - File "/opt/spark/python/lib/py4j-0.10.9.2-src.zip/py4j/java_gateway.py", line 1309, in __call__
[2023-06-24T16:25:27.858+0000] {spark_submit.py:492} INFO - File "/opt/spark/python/lib/pyspark.zip/pyspark/sql/utils.py", line 111, in deco
[2023-06-24T16:25:27.858+0000] {spark_submit.py:492} INFO - File "/opt/spark/python/lib/py4j-0.10.9.2-src.zip/py4j/protocol.py", line 326, in get_return_value
[2023-06-24T16:25:27.861+0000] {spark_submit.py:492} INFO - py4j.protocol.Py4JJavaError: An error occurred while calling o77.parquet.
[2023-06-24T16:25:27.861+0000] {spark_submit.py:492} INFO - : java.lang.RuntimeException: java.lang.ClassNotFoundException: Class org.apache.hadoop.fs.s3a.S3AFileSystem not found
[2023-06-24T16:25:27.861+0000] {spark_submit.py:492} INFO - at org.apache.hadoop.conf.Configuration.getClass(Configuration.java:2667)
[2023-06-24T16:25:27.861+0000] {spark_submit.py:492} INFO - at org.apache.hadoop.fs.FileSystem.getFileSystemClass(FileSystem.java:3431)
[2023-06-24T16:25:27.861+0000] {spark_submit.py:492} INFO - at org.apache.hadoop.fs.FileSystem.createFileSystem(FileSystem.java:3466)
[2023-06-24T16:25:27.861+0000] {spark_submit.py:492} INFO - at org.apache.hadoop.fs.FileSystem.access$300(FileSystem.java:174)
[2023-06-24T16:25:27.862+0000] {spark_submit.py:492} INFO - at org.apache.hadoop.fs.FileSystem$Cache.getInternal(FileSystem.java:3574)
[2023-06-24T16:25:27.862+0000] {spark_submit.py:492} INFO - at org.apache.hadoop.fs.FileSystem$Cache.get(FileSystem.java:3521)
[2023-06-24T16:25:27.862+0000] {spark_submit.py:492} INFO - at org.apache.hadoop.fs.FileSystem.get(FileSystem.java:540)
[2023-06-24T16:25:27.862+0000] {spark_submit.py:492} INFO - at org.apache.hadoop.fs.Path.getFileSystem(Path.java:365)
[2023-06-24T16:25:27.862+0000] {spark_submit.py:492} INFO - at org.apache.spark.sql.execution.datasources.DataSource.planForWritingFileFormat(DataSource.scala:461)
[2023-06-24T16:25:27.863+0000] {spark_submit.py:492} INFO - at org.apache.spark.sql.execution.datasources.DataSource.planForWriting(DataSource.scala:556)
[2023-06-24T16:25:27.863+0000] {spark_submit.py:492} INFO - at org.apache.spark.sql.DataFrameWriter.saveToV1Source(DataFrameWriter.scala:382)
[2023-06-24T16:25:27.863+0000] {spark_submit.py:492} INFO - at org.apache.spark.sql.DataFrameWriter.saveInternal(DataFrameWriter.scala:355)
[2023-06-24T16:25:27.863+0000] {spark_submit.py:492} INFO - at org.apache.spark.sql.DataFrameWriter.save(DataFrameWriter.scala:239)
[2023-06-24T16:25:27.863+0000] {spark_submit.py:492} INFO - at org.apache.spark.sql.DataFrameWriter.parquet(DataFrameWriter.scala:781)
[2023-06-24T16:25:27.863+0000] {spark_submit.py:492} INFO - at java.base/jdk.internal.reflect.NativeMethodAccessorImpl.invoke0(Native Method)
[2023-06-24T16:25:27.863+0000] {spark_submit.py:492} INFO - at java.base/jdk.internal.reflect.NativeMethodAccessorImpl.invoke(NativeMethodAccessorImpl.java:62)
[2023-06-24T16:25:27.864+0000] {spark_submit.py:492} INFO - at java.base/jdk.internal.reflect.DelegatingMethodAccessorImpl.invoke(DelegatingMethodAccessorImpl.java:43)
[2023-06-24T16:25:27.864+0000] {spark_submit.py:492} INFO - at java.base/java.lang.reflect.Method.invoke(Method.java:566)
[2023-06-24T16:25:27.864+0000] {spark_submit.py:492} INFO - at py4j.reflection.MethodInvoker.invoke(MethodInvoker.java:244)
[2023-06-24T16:25:27.864+0000] {spark_submit.py:492} INFO - at py4j.reflection.ReflectionEngine.invoke(ReflectionEngine.java:357)
[2023-06-24T16:25:27.864+0000] {spark_submit.py:492} INFO - at py4j.Gateway.invoke(Gateway.java:282)
[2023-06-24T16:25:27.864+0000] {spark_submit.py:492} INFO - at py4j.commands.AbstractCommand.invokeMethod(AbstractCommand.java:132)
[2023-06-24T16:25:27.864+0000] {spark_submit.py:492} INFO - at py4j.commands.CallCommand.execute(CallCommand.java:79)
[2023-06-24T16:25:27.865+0000] {spark_submit.py:492} INFO - at py4j.ClientServerConnection.waitForCommands(ClientServerConnection.java:182)
[2023-06-24T16:25:27.865+0000] {spark_submit.py:492} INFO - at py4j.ClientServerConnection.run(ClientServerConnection.java:106)
[2023-06-24T16:25:27.865+0000] {spark_submit.py:492} INFO - at java.base/java.lang.Thread.run(Thread.java:829)
[2023-06-24T16:25:27.865+0000] {spark_submit.py:492} INFO - Caused by: java.lang.ClassNotFoundException: Class org.apache.hadoop.fs.s3a.S3AFileSystem not found
[2023-06-24T16:25:27.865+0000] {spark_submit.py:492} INFO - at org.apache.hadoop.conf.Configuration.getClassByName(Configuration.java:2571)
[2023-06-24T16:25:27.865+0000] {spark_submit.py:492} INFO - at org.apache.hadoop.conf.Configuration.getClass(Configuration.java:2665)
[2023-06-24T16:25:27.865+0000] {spark_submit.py:492} INFO - ... 25 more
[2023-06-24T16:25:27.866+0000] {spark_submit.py:492} INFO - 
[2023-06-24T16:25:28.017+0000] {spark_submit.py:492} INFO - 23/06/24 16:25:28 INFO SparkContext: Invoking stop() from shutdown hook
[2023-06-24T16:25:28.037+0000] {spark_submit.py:492} INFO - 23/06/24 16:25:28 INFO SparkUI: Stopped Spark web UI at http://a8d69ab09d2d:4042
[2023-06-24T16:25:28.042+0000] {spark_submit.py:492} INFO - 23/06/24 16:25:28 INFO StandaloneSchedulerBackend: Shutting down all executors
[2023-06-24T16:25:28.043+0000] {spark_submit.py:492} INFO - 23/06/24 16:25:28 INFO CoarseGrainedSchedulerBackend$DriverEndpoint: Asking each executor to shut down
[2023-06-24T16:25:28.126+0000] {spark_submit.py:492} INFO - 23/06/24 16:25:28 INFO MapOutputTrackerMasterEndpoint: MapOutputTrackerMasterEndpoint stopped!
[2023-06-24T16:25:28.278+0000] {spark_submit.py:492} INFO - 23/06/24 16:25:28 INFO MemoryStore: MemoryStore cleared
[2023-06-24T16:25:28.280+0000] {spark_submit.py:492} INFO - 23/06/24 16:25:28 INFO BlockManager: BlockManager stopped
[2023-06-24T16:25:28.291+0000] {spark_submit.py:492} INFO - 23/06/24 16:25:28 INFO BlockManagerMaster: BlockManagerMaster stopped
[2023-06-24T16:25:28.297+0000] {spark_submit.py:492} INFO - 23/06/24 16:25:28 INFO OutputCommitCoordinator$OutputCommitCoordinatorEndpoint: OutputCommitCoordinator stopped!
[2023-06-24T16:25:28.422+0000] {spark_submit.py:492} INFO - 23/06/24 16:25:28 INFO SparkContext: Successfully stopped SparkContext
[2023-06-24T16:25:28.422+0000] {spark_submit.py:492} INFO - 23/06/24 16:25:28 INFO ShutdownHookManager: Shutdown hook called
[2023-06-24T16:25:28.428+0000] {spark_submit.py:492} INFO - 23/06/24 16:25:28 INFO ShutdownHookManager: Deleting directory /tmp/spark-d558c4a6-4395-4fbf-841e-1bedef5a7504/pyspark-25b1ca2b-6c23-46e2-8142-8bbfdb21a1c6
[2023-06-24T16:25:28.451+0000] {spark_submit.py:492} INFO - 23/06/24 16:25:28 INFO ShutdownHookManager: Deleting directory /tmp/spark-d558c4a6-4395-4fbf-841e-1bedef5a7504
[2023-06-24T16:25:28.466+0000] {spark_submit.py:492} INFO - 23/06/24 16:25:28 INFO ShutdownHookManager: Deleting directory /tmp/spark-cbf54019-8435-4c81-bddc-7931b5d63bfe
[2023-06-24T16:25:28.630+0000] {taskinstance.py:1775} ERROR - Task failed with exception
Traceback (most recent call last):
  File "/home/airflow/.local/lib/python3.8/site-packages/airflow/providers/apache/spark/operators/spark_submit.py", line 157, in execute
    self._hook.submit(self._application)
  File "/home/airflow/.local/lib/python3.8/site-packages/airflow/providers/apache/spark/hooks/spark_submit.py", line 423, in submit
    raise AirflowException(
airflow.exceptions.AirflowException: Cannot execute: spark-submit --master spark://spark:7077 --name arrow-spark /opt/***/dags/spark_etl_spark_minio.py. Error code is: 1.
[2023-06-24T16:25:28.635+0000] {taskinstance.py:1321} INFO - Marking task as UP_FOR_RETRY. dag_id=spark_etl_minio_v1, task_id=spark_submit_task, execution_date=20230623T000000, start_date=20230624T162502, end_date=20230624T162528
[2023-06-24T16:25:28.657+0000] {standard_task_runner.py:100} ERROR - Failed to execute job 90 for task spark_submit_task (Cannot execute: spark-submit --master spark://spark:7077 --name arrow-spark /opt/***/dags/spark_etl_spark_minio.py. Error code is: 1.; 2525)
[2023-06-24T16:25:28.687+0000] {local_task_job.py:212} INFO - Task exited with return code 1
[2023-06-24T16:25:28.706+0000] {taskinstance.py:2585} INFO - 0 downstream tasks scheduled from follow-on schedule check
