[2023-06-25T06:50:01.290+0000] {taskinstance.py:1084} INFO - Dependencies all met for dep_context=non-requeueable deps ti=<TaskInstance: spark_etl_minio_v20.spark_submit_task manual__2023-06-25T06:47:48.381211+00:00 [queued]>
[2023-06-25T06:50:01.300+0000] {taskinstance.py:1084} INFO - Dependencies all met for dep_context=requeueable deps ti=<TaskInstance: spark_etl_minio_v20.spark_submit_task manual__2023-06-25T06:47:48.381211+00:00 [queued]>
[2023-06-25T06:50:01.300+0000] {taskinstance.py:1282} INFO - 
--------------------------------------------------------------------------------
[2023-06-25T06:50:01.301+0000] {taskinstance.py:1283} INFO - Starting attempt 2 of 6
[2023-06-25T06:50:01.301+0000] {taskinstance.py:1284} INFO - 
--------------------------------------------------------------------------------
[2023-06-25T06:50:01.311+0000] {taskinstance.py:1303} INFO - Executing <Task(SparkSubmitOperator): spark_submit_task> on 2023-06-25 06:47:48.381211+00:00
[2023-06-25T06:50:01.315+0000] {standard_task_runner.py:55} INFO - Started process 5936 to run task
[2023-06-25T06:50:01.317+0000] {standard_task_runner.py:82} INFO - Running: ['***', 'tasks', 'run', 'spark_etl_minio_v20', 'spark_submit_task', 'manual__2023-06-25T06:47:48.381211+00:00', '--job-id', '305', '--raw', '--subdir', 'DAGS_FOLDER/spark_job_minio_v1.py', '--cfg-path', '/tmp/tmpjlft5bfu']
[2023-06-25T06:50:01.318+0000] {standard_task_runner.py:83} INFO - Job 305: Subtask spark_submit_task
[2023-06-25T06:50:01.327+0000] {warnings.py:109} WARNING - /home/***/.local/lib/python3.8/site-packages/***/settings.py:250: DeprecationWarning: The sql_alchemy_conn option in [core] has been moved to the sql_alchemy_conn option in [database] - the old setting has been used, but please update your config.
  SQL_ALCHEMY_CONN = conf.get("database", "SQL_ALCHEMY_CONN")

[2023-06-25T06:50:01.361+0000] {task_command.py:388} INFO - Running <TaskInstance: spark_etl_minio_v20.spark_submit_task manual__2023-06-25T06:47:48.381211+00:00 [running]> on host a8d69ab09d2d
[2023-06-25T06:50:01.413+0000] {taskinstance.py:1509} INFO - Exporting the following env vars:
AIRFLOW_CTX_DAG_OWNER=***
AIRFLOW_CTX_DAG_ID=spark_etl_minio_v20
AIRFLOW_CTX_TASK_ID=spark_submit_task
AIRFLOW_CTX_EXECUTION_DATE=2023-06-25T06:47:48.381211+00:00
AIRFLOW_CTX_TRY_NUMBER=2
AIRFLOW_CTX_DAG_RUN_ID=manual__2023-06-25T06:47:48.381211+00:00
[2023-06-25T06:50:01.422+0000] {base.py:73} INFO - Using connection ID 'spark_conn' for task execution.
[2023-06-25T06:50:01.423+0000] {spark_submit.py:341} INFO - Spark-Submit cmd: spark-submit --master spark://spark:7077 --conf spark.hadoop.fs.s3a.aws.credentials.provider=org.apache.hadoop.fs.s3a.SimpleAWSCredentialsProvider --conf spark.hadoop.fs.s3a.path.style.access=true --conf spark.hadoop.fs.s3a.access.key=minioadmin --conf spark.hadoop.fs.s3a.secret.key=****** --conf spark.hadoop.fs.s3a.endpoint=http://minio:9000 --jars local:///opt/bitnami/spark/jars --name arrow-spark /opt/***/dags/spark_etl_spark_minio.py
[2023-06-25T06:50:02.390+0000] {spark_submit.py:492} INFO - WARNING: An illegal reflective access operation has occurred
[2023-06-25T06:50:02.391+0000] {spark_submit.py:492} INFO - WARNING: Illegal reflective access by org.apache.spark.unsafe.Platform (file:/opt/spark/jars/spark-unsafe_2.12-3.2.0.jar) to constructor java.nio.DirectByteBuffer(long,int)
[2023-06-25T06:50:02.391+0000] {spark_submit.py:492} INFO - WARNING: Please consider reporting this to the maintainers of org.apache.spark.unsafe.Platform
[2023-06-25T06:50:02.391+0000] {spark_submit.py:492} INFO - WARNING: Use --illegal-access=warn to enable warnings of further illegal reflective access operations
[2023-06-25T06:50:02.391+0000] {spark_submit.py:492} INFO - WARNING: All illegal access operations will be denied in a future release
[2023-06-25T06:50:02.614+0000] {spark_submit.py:492} INFO - Using Spark's default log4j profile: org/apache/spark/log4j-defaults.properties
[2023-06-25T06:50:02.615+0000] {spark_submit.py:492} INFO - 23/06/25 06:50:02 WARN DependencyUtils: Local jar /opt/bitnami/spark/jars does not exist, skipping.
[2023-06-25T06:50:03.333+0000] {spark_submit.py:492} INFO - 23/06/25 06:50:03 INFO SparkContext: Running Spark version 3.2.0
[2023-06-25T06:50:03.391+0000] {spark_submit.py:492} INFO - 23/06/25 06:50:03 WARN NativeCodeLoader: Unable to load native-hadoop library for your platform... using builtin-java classes where applicable
[2023-06-25T06:50:03.476+0000] {spark_submit.py:492} INFO - 23/06/25 06:50:03 INFO ResourceUtils: ==============================================================
[2023-06-25T06:50:03.476+0000] {spark_submit.py:492} INFO - 23/06/25 06:50:03 INFO ResourceUtils: No custom resources configured for spark.driver.
[2023-06-25T06:50:03.476+0000] {spark_submit.py:492} INFO - 23/06/25 06:50:03 INFO ResourceUtils: ==============================================================
[2023-06-25T06:50:03.476+0000] {spark_submit.py:492} INFO - 23/06/25 06:50:03 INFO SparkContext: Submitted application: arrow-spark
[2023-06-25T06:50:03.496+0000] {spark_submit.py:492} INFO - 23/06/25 06:50:03 INFO ResourceProfile: Default ResourceProfile created, executor resources: Map(cores -> name: cores, amount: 1, script: , vendor: , memory -> name: memory, amount: 1024, script: , vendor: , offHeap -> name: offHeap, amount: 0, script: , vendor: ), task resources: Map(cpus -> name: cpus, amount: 1.0)
[2023-06-25T06:50:03.510+0000] {spark_submit.py:492} INFO - 23/06/25 06:50:03 INFO ResourceProfile: Limiting resource is cpu
[2023-06-25T06:50:03.510+0000] {spark_submit.py:492} INFO - 23/06/25 06:50:03 INFO ResourceProfileManager: Added ResourceProfile id: 0
[2023-06-25T06:50:03.546+0000] {spark_submit.py:492} INFO - 23/06/25 06:50:03 INFO SecurityManager: Changing view acls to: default
[2023-06-25T06:50:03.547+0000] {spark_submit.py:492} INFO - 23/06/25 06:50:03 INFO SecurityManager: Changing modify acls to: default
[2023-06-25T06:50:03.547+0000] {spark_submit.py:492} INFO - 23/06/25 06:50:03 INFO SecurityManager: Changing view acls groups to:
[2023-06-25T06:50:03.547+0000] {spark_submit.py:492} INFO - 23/06/25 06:50:03 INFO SecurityManager: Changing modify acls groups to:
[2023-06-25T06:50:03.548+0000] {spark_submit.py:492} INFO - 23/06/25 06:50:03 INFO SecurityManager: SecurityManager: authentication disabled; ui acls disabled; users  with view permissions: Set(default); groups with view permissions: Set(); users  with modify permissions: Set(default); groups with modify permissions: Set()
[2023-06-25T06:50:03.744+0000] {spark_submit.py:492} INFO - 23/06/25 06:50:03 INFO Utils: Successfully started service 'sparkDriver' on port 43433.
[2023-06-25T06:50:03.766+0000] {spark_submit.py:492} INFO - 23/06/25 06:50:03 INFO SparkEnv: Registering MapOutputTracker
[2023-06-25T06:50:03.790+0000] {spark_submit.py:492} INFO - 23/06/25 06:50:03 INFO SparkEnv: Registering BlockManagerMaster
[2023-06-25T06:50:03.802+0000] {spark_submit.py:492} INFO - 23/06/25 06:50:03 INFO BlockManagerMasterEndpoint: Using org.apache.spark.storage.DefaultTopologyMapper for getting topology information
[2023-06-25T06:50:03.803+0000] {spark_submit.py:492} INFO - 23/06/25 06:50:03 INFO BlockManagerMasterEndpoint: BlockManagerMasterEndpoint up
[2023-06-25T06:50:03.806+0000] {spark_submit.py:492} INFO - 23/06/25 06:50:03 INFO SparkEnv: Registering BlockManagerMasterHeartbeat
[2023-06-25T06:50:03.821+0000] {spark_submit.py:492} INFO - 23/06/25 06:50:03 INFO DiskBlockManager: Created local directory at /tmp/blockmgr-e145344d-4040-40f7-bc88-665fbef9cba2
[2023-06-25T06:50:03.836+0000] {spark_submit.py:492} INFO - 23/06/25 06:50:03 INFO MemoryStore: MemoryStore started with capacity 434.4 MiB
[2023-06-25T06:50:03.848+0000] {spark_submit.py:492} INFO - 23/06/25 06:50:03 INFO SparkEnv: Registering OutputCommitCoordinator
[2023-06-25T06:50:04.009+0000] {spark_submit.py:492} INFO - 23/06/25 06:50:04 WARN Utils: Service 'SparkUI' could not bind on port 4040. Attempting port 4041.
[2023-06-25T06:50:04.009+0000] {spark_submit.py:492} INFO - 23/06/25 06:50:04 WARN Utils: Service 'SparkUI' could not bind on port 4041. Attempting port 4042.
[2023-06-25T06:50:04.010+0000] {spark_submit.py:492} INFO - 23/06/25 06:50:04 WARN Utils: Service 'SparkUI' could not bind on port 4042. Attempting port 4043.
[2023-06-25T06:50:04.010+0000] {spark_submit.py:492} INFO - 23/06/25 06:50:04 WARN Utils: Service 'SparkUI' could not bind on port 4043. Attempting port 4044.
[2023-06-25T06:50:04.017+0000] {spark_submit.py:492} INFO - 23/06/25 06:50:04 INFO Utils: Successfully started service 'SparkUI' on port 4044.
[2023-06-25T06:50:04.061+0000] {spark_submit.py:492} INFO - 23/06/25 06:50:04 INFO SparkUI: Bound SparkUI to 0.0.0.0, and started at http://a8d69ab09d2d:4044
[2023-06-25T06:50:04.072+0000] {spark_submit.py:492} INFO - 23/06/25 06:50:04 INFO SparkContext: Added JAR local:///opt/bitnami/spark/jars at file:/opt/bitnami/spark/jars with timestamp 1687675803326
[2023-06-25T06:50:04.229+0000] {spark_submit.py:492} INFO - 23/06/25 06:50:04 INFO StandaloneAppClient$ClientEndpoint: Connecting to master spark://spark:7077...
[2023-06-25T06:50:04.276+0000] {spark_submit.py:492} INFO - 23/06/25 06:50:04 INFO TransportClientFactory: Successfully created connection to spark/172.19.0.11:7077 after 27 ms (0 ms spent in bootstraps)
[2023-06-25T06:50:04.349+0000] {spark_submit.py:492} INFO - 23/06/25 06:50:04 INFO StandaloneSchedulerBackend: Connected to Spark cluster with app ID app-20230625065004-0011
[2023-06-25T06:50:04.351+0000] {spark_submit.py:492} INFO - 23/06/25 06:50:04 INFO StandaloneAppClient$ClientEndpoint: Executor added: app-20230625065004-0011/0 on worker-20230625064305-172.19.0.9-44213 (172.19.0.9:44213) with 1 core(s)
[2023-06-25T06:50:04.352+0000] {spark_submit.py:492} INFO - 23/06/25 06:50:04 INFO StandaloneSchedulerBackend: Granted executor ID app-20230625065004-0011/0 on hostPort 172.19.0.9:44213 with 1 core(s), 1024.0 MiB RAM
[2023-06-25T06:50:04.355+0000] {spark_submit.py:492} INFO - 23/06/25 06:50:04 INFO Utils: Successfully started service 'org.apache.spark.network.netty.NettyBlockTransferService' on port 43991.
[2023-06-25T06:50:04.355+0000] {spark_submit.py:492} INFO - 23/06/25 06:50:04 INFO NettyBlockTransferService: Server created on a8d69ab09d2d:43991
[2023-06-25T06:50:04.356+0000] {spark_submit.py:492} INFO - 23/06/25 06:50:04 INFO BlockManager: Using org.apache.spark.storage.RandomBlockReplicationPolicy for block replication policy
[2023-06-25T06:50:04.362+0000] {spark_submit.py:492} INFO - 23/06/25 06:50:04 INFO BlockManagerMaster: Registering BlockManager BlockManagerId(driver, a8d69ab09d2d, 43991, None)
[2023-06-25T06:50:04.366+0000] {spark_submit.py:492} INFO - 23/06/25 06:50:04 INFO BlockManagerMasterEndpoint: Registering block manager a8d69ab09d2d:43991 with 434.4 MiB RAM, BlockManagerId(driver, a8d69ab09d2d, 43991, None)
[2023-06-25T06:50:04.368+0000] {spark_submit.py:492} INFO - 23/06/25 06:50:04 INFO BlockManagerMaster: Registered BlockManager BlockManagerId(driver, a8d69ab09d2d, 43991, None)
[2023-06-25T06:50:04.370+0000] {spark_submit.py:492} INFO - 23/06/25 06:50:04 INFO BlockManager: Initialized BlockManager: BlockManagerId(driver, a8d69ab09d2d, 43991, None)
[2023-06-25T06:50:04.376+0000] {spark_submit.py:492} INFO - 23/06/25 06:50:04 INFO StandaloneAppClient$ClientEndpoint: Executor updated: app-20230625065004-0011/0 is now RUNNING
[2023-06-25T06:50:04.530+0000] {spark_submit.py:492} INFO - 23/06/25 06:50:04 INFO StandaloneSchedulerBackend: SchedulerBackend is ready for scheduling beginning after reached minRegisteredResourcesRatio: 0.0
[2023-06-25T06:50:04.755+0000] {spark_submit.py:492} INFO - 23/06/25 06:50:04 INFO SharedState: Setting hive.metastore.warehouse.dir ('null') to the value of spark.sql.warehouse.dir.
[2023-06-25T06:50:04.772+0000] {spark_submit.py:492} INFO - 23/06/25 06:50:04 INFO SharedState: Warehouse path is 'file:/opt/***/spark-warehouse'.
[2023-06-25T06:50:06.502+0000] {spark_submit.py:492} INFO - 23/06/25 06:50:06 INFO CoarseGrainedSchedulerBackend$DriverEndpoint: Registered executor NettyRpcEndpointRef(spark-client://Executor) (172.19.0.9:36338) with ID 0,  ResourceProfileId 0
[2023-06-25T06:50:06.619+0000] {spark_submit.py:492} INFO - 23/06/25 06:50:06 INFO BlockManagerMasterEndpoint: Registering block manager 172.19.0.9:33911 with 366.3 MiB RAM, BlockManagerId(0, 172.19.0.9, 33911, None)
[2023-06-25T06:50:08.610+0000] {spark_submit.py:492} INFO - 23/06/25 06:50:08 INFO CodeGenerator: Code generated in 115.77494 ms
[2023-06-25T06:50:08.636+0000] {spark_submit.py:492} INFO - 23/06/25 06:50:08 INFO SparkContext: Starting job: showString at NativeMethodAccessorImpl.java:0
[2023-06-25T06:50:08.649+0000] {spark_submit.py:492} INFO - 23/06/25 06:50:08 INFO DAGScheduler: Got job 0 (showString at NativeMethodAccessorImpl.java:0) with 1 output partitions
[2023-06-25T06:50:08.650+0000] {spark_submit.py:492} INFO - 23/06/25 06:50:08 INFO DAGScheduler: Final stage: ResultStage 0 (showString at NativeMethodAccessorImpl.java:0)
[2023-06-25T06:50:08.650+0000] {spark_submit.py:492} INFO - 23/06/25 06:50:08 INFO DAGScheduler: Parents of final stage: List()
[2023-06-25T06:50:08.651+0000] {spark_submit.py:492} INFO - 23/06/25 06:50:08 INFO DAGScheduler: Missing parents: List()
[2023-06-25T06:50:08.654+0000] {spark_submit.py:492} INFO - 23/06/25 06:50:08 INFO DAGScheduler: Submitting ResultStage 0 (MapPartitionsRDD[6] at showString at NativeMethodAccessorImpl.java:0), which has no missing parents
[2023-06-25T06:50:08.740+0000] {spark_submit.py:492} INFO - 23/06/25 06:50:08 INFO MemoryStore: Block broadcast_0 stored as values in memory (estimated size 11.7 KiB, free 434.4 MiB)
[2023-06-25T06:50:08.785+0000] {spark_submit.py:492} INFO - 23/06/25 06:50:08 INFO MemoryStore: Block broadcast_0_piece0 stored as bytes in memory (estimated size 6.2 KiB, free 434.4 MiB)
[2023-06-25T06:50:08.788+0000] {spark_submit.py:492} INFO - 23/06/25 06:50:08 INFO BlockManagerInfo: Added broadcast_0_piece0 in memory on a8d69ab09d2d:43991 (size: 6.2 KiB, free: 434.4 MiB)
[2023-06-25T06:50:08.791+0000] {spark_submit.py:492} INFO - 23/06/25 06:50:08 INFO SparkContext: Created broadcast 0 from broadcast at DAGScheduler.scala:1427
[2023-06-25T06:50:08.801+0000] {spark_submit.py:492} INFO - 23/06/25 06:50:08 INFO DAGScheduler: Submitting 1 missing tasks from ResultStage 0 (MapPartitionsRDD[6] at showString at NativeMethodAccessorImpl.java:0) (first 15 tasks are for partitions Vector(0))
[2023-06-25T06:50:08.802+0000] {spark_submit.py:492} INFO - 23/06/25 06:50:08 INFO TaskSchedulerImpl: Adding task set 0.0 with 1 tasks resource profile 0
[2023-06-25T06:50:08.831+0000] {spark_submit.py:492} INFO - 23/06/25 06:50:08 INFO TaskSetManager: Starting task 0.0 in stage 0.0 (TID 0) (172.19.0.9, executor 0, partition 0, PROCESS_LOCAL, 4605 bytes) taskResourceAssignments Map()
[2023-06-25T06:50:09.093+0000] {spark_submit.py:492} INFO - 23/06/25 06:50:09 INFO BlockManagerInfo: Added broadcast_0_piece0 in memory on 172.19.0.9:33911 (size: 6.2 KiB, free: 366.3 MiB)
[2023-06-25T06:50:10.362+0000] {spark_submit.py:492} INFO - 23/06/25 06:50:10 INFO TaskSetManager: Finished task 0.0 in stage 0.0 (TID 0) in 1538 ms on 172.19.0.9 (executor 0) (1/1)
[2023-06-25T06:50:10.363+0000] {spark_submit.py:492} INFO - 23/06/25 06:50:10 INFO TaskSchedulerImpl: Removed TaskSet 0.0, whose tasks have all completed, from pool
[2023-06-25T06:50:10.366+0000] {spark_submit.py:492} INFO - 23/06/25 06:50:10 INFO PythonAccumulatorV2: Connected to AccumulatorServer at host: 127.0.0.1 port: 41055
[2023-06-25T06:50:10.369+0000] {spark_submit.py:492} INFO - 23/06/25 06:50:10 INFO DAGScheduler: ResultStage 0 (showString at NativeMethodAccessorImpl.java:0) finished in 1.696 s
[2023-06-25T06:50:10.372+0000] {spark_submit.py:492} INFO - 23/06/25 06:50:10 INFO DAGScheduler: Job 0 is finished. Cancelling potential speculative or zombie tasks for this job
[2023-06-25T06:50:10.372+0000] {spark_submit.py:492} INFO - 23/06/25 06:50:10 INFO TaskSchedulerImpl: Killing all running tasks in stage 0: Stage finished
[2023-06-25T06:50:10.374+0000] {spark_submit.py:492} INFO - 23/06/25 06:50:10 INFO DAGScheduler: Job 0 finished: showString at NativeMethodAccessorImpl.java:0, took 1.737493 s
[2023-06-25T06:50:10.385+0000] {spark_submit.py:492} INFO - 23/06/25 06:50:10 INFO SparkContext: Starting job: showString at NativeMethodAccessorImpl.java:0
[2023-06-25T06:50:10.386+0000] {spark_submit.py:492} INFO - 23/06/25 06:50:10 INFO DAGScheduler: Got job 1 (showString at NativeMethodAccessorImpl.java:0) with 1 output partitions
[2023-06-25T06:50:10.386+0000] {spark_submit.py:492} INFO - 23/06/25 06:50:10 INFO DAGScheduler: Final stage: ResultStage 1 (showString at NativeMethodAccessorImpl.java:0)
[2023-06-25T06:50:10.386+0000] {spark_submit.py:492} INFO - 23/06/25 06:50:10 INFO DAGScheduler: Parents of final stage: List()
[2023-06-25T06:50:10.386+0000] {spark_submit.py:492} INFO - 23/06/25 06:50:10 INFO DAGScheduler: Missing parents: List()
[2023-06-25T06:50:10.387+0000] {spark_submit.py:492} INFO - 23/06/25 06:50:10 INFO DAGScheduler: Submitting ResultStage 1 (MapPartitionsRDD[6] at showString at NativeMethodAccessorImpl.java:0), which has no missing parents
[2023-06-25T06:50:10.391+0000] {spark_submit.py:492} INFO - 23/06/25 06:50:10 INFO MemoryStore: Block broadcast_1 stored as values in memory (estimated size 11.7 KiB, free 434.4 MiB)
[2023-06-25T06:50:10.394+0000] {spark_submit.py:492} INFO - 23/06/25 06:50:10 INFO MemoryStore: Block broadcast_1_piece0 stored as bytes in memory (estimated size 6.2 KiB, free 434.4 MiB)
[2023-06-25T06:50:10.395+0000] {spark_submit.py:492} INFO - 23/06/25 06:50:10 INFO BlockManagerInfo: Added broadcast_1_piece0 in memory on a8d69ab09d2d:43991 (size: 6.2 KiB, free: 434.4 MiB)
[2023-06-25T06:50:10.395+0000] {spark_submit.py:492} INFO - 23/06/25 06:50:10 INFO SparkContext: Created broadcast 1 from broadcast at DAGScheduler.scala:1427
[2023-06-25T06:50:10.396+0000] {spark_submit.py:492} INFO - 23/06/25 06:50:10 INFO DAGScheduler: Submitting 1 missing tasks from ResultStage 1 (MapPartitionsRDD[6] at showString at NativeMethodAccessorImpl.java:0) (first 15 tasks are for partitions Vector(1))
[2023-06-25T06:50:10.396+0000] {spark_submit.py:492} INFO - 23/06/25 06:50:10 INFO TaskSchedulerImpl: Adding task set 1.0 with 1 tasks resource profile 0
[2023-06-25T06:50:10.397+0000] {spark_submit.py:492} INFO - 23/06/25 06:50:10 INFO TaskSetManager: Starting task 0.0 in stage 1.0 (TID 1) (172.19.0.9, executor 0, partition 1, PROCESS_LOCAL, 4529 bytes) taskResourceAssignments Map()
[2023-06-25T06:50:10.411+0000] {spark_submit.py:492} INFO - 23/06/25 06:50:10 INFO BlockManagerInfo: Added broadcast_1_piece0 in memory on 172.19.0.9:33911 (size: 6.2 KiB, free: 366.3 MiB)
[2023-06-25T06:50:10.467+0000] {spark_submit.py:492} INFO - 23/06/25 06:50:10 INFO TaskSetManager: Finished task 0.0 in stage 1.0 (TID 1) in 70 ms on 172.19.0.9 (executor 0) (1/1)
[2023-06-25T06:50:10.467+0000] {spark_submit.py:492} INFO - 23/06/25 06:50:10 INFO TaskSchedulerImpl: Removed TaskSet 1.0, whose tasks have all completed, from pool
[2023-06-25T06:50:10.468+0000] {spark_submit.py:492} INFO - 23/06/25 06:50:10 INFO DAGScheduler: ResultStage 1 (showString at NativeMethodAccessorImpl.java:0) finished in 0.080 s
[2023-06-25T06:50:10.468+0000] {spark_submit.py:492} INFO - 23/06/25 06:50:10 INFO DAGScheduler: Job 1 is finished. Cancelling potential speculative or zombie tasks for this job
[2023-06-25T06:50:10.468+0000] {spark_submit.py:492} INFO - 23/06/25 06:50:10 INFO TaskSchedulerImpl: Killing all running tasks in stage 1: Stage finished
[2023-06-25T06:50:10.469+0000] {spark_submit.py:492} INFO - 23/06/25 06:50:10 INFO DAGScheduler: Job 1 finished: showString at NativeMethodAccessorImpl.java:0, took 0.083332 s
[2023-06-25T06:50:10.496+0000] {spark_submit.py:492} INFO - 23/06/25 06:50:10 INFO CodeGenerator: Code generated in 14.702632 ms
[2023-06-25T06:50:10.505+0000] {spark_submit.py:492} INFO - +-----+-----------------------------------------------------------------------------+
[2023-06-25T06:50:10.505+0000] {spark_submit.py:492} INFO - |Seqno|Quote                                                                        |
[2023-06-25T06:50:10.505+0000] {spark_submit.py:492} INFO - +-----+-----------------------------------------------------------------------------+
[2023-06-25T06:50:10.505+0000] {spark_submit.py:492} INFO - |1    |Be the change that you wish to see in the world                              |
[2023-06-25T06:50:10.505+0000] {spark_submit.py:492} INFO - |2    |Everyone thinks of changing the world, but no one thinks of changing himself.|
[2023-06-25T06:50:10.506+0000] {spark_submit.py:492} INFO - |3    |The purpose of our lives is to be happy.                                     |
[2023-06-25T06:50:10.506+0000] {spark_submit.py:492} INFO - |4    |Be cool.                                                                     |
[2023-06-25T06:50:10.506+0000] {spark_submit.py:492} INFO - +-----+-----------------------------------------------------------------------------+
[2023-06-25T06:50:10.506+0000] {spark_submit.py:492} INFO - 
[2023-06-25T06:50:10.565+0000] {spark_submit.py:492} INFO - 23/06/25 06:50:10 INFO BlockManagerInfo: Removed broadcast_1_piece0 on a8d69ab09d2d:43991 in memory (size: 6.2 KiB, free: 434.4 MiB)
[2023-06-25T06:50:10.569+0000] {spark_submit.py:492} INFO - 23/06/25 06:50:10 INFO BlockManagerInfo: Removed broadcast_1_piece0 on 172.19.0.9:33911 in memory (size: 6.2 KiB, free: 366.3 MiB)
[2023-06-25T06:50:10.575+0000] {spark_submit.py:492} INFO - Traceback (most recent call last):
[2023-06-25T06:50:10.576+0000] {spark_submit.py:492} INFO - File "/opt/***/dags/spark_etl_spark_minio.py", line 41, in <module>
[2023-06-25T06:50:10.576+0000] {spark_submit.py:492} INFO - df.write.mode("append").parquet("s3a://datalake/test.parquet")
[2023-06-25T06:50:10.576+0000] {spark_submit.py:492} INFO - File "/opt/spark/python/lib/pyspark.zip/pyspark/sql/readwriter.py", line 885, in parquet
[2023-06-25T06:50:10.576+0000] {spark_submit.py:492} INFO - File "/opt/spark/python/lib/py4j-0.10.9.2-src.zip/py4j/java_gateway.py", line 1309, in __call__
[2023-06-25T06:50:10.576+0000] {spark_submit.py:492} INFO - File "/opt/spark/python/lib/pyspark.zip/pyspark/sql/utils.py", line 111, in deco
[2023-06-25T06:50:10.576+0000] {spark_submit.py:492} INFO - 23/06/25 06:50:10 INFO BlockManagerInfo: Removed broadcast_0_piece0 on a8d69ab09d2d:43991 in memory (size: 6.2 KiB, free: 434.4 MiB)
[2023-06-25T06:50:10.576+0000] {spark_submit.py:492} INFO - File "/opt/spark/python/lib/py4j-0.10.9.2-src.zip/py4j/protocol.py", line 326, in get_return_value
[2023-06-25T06:50:10.576+0000] {spark_submit.py:492} INFO - py4j.protocol.Py4JJavaError: An error occurred while calling o71.parquet.
[2023-06-25T06:50:10.576+0000] {spark_submit.py:492} INFO - : java.lang.RuntimeException: java.lang.ClassNotFoundException: Class org.apache.hadoop.fs.s3a.S3AFileSystem not found
[2023-06-25T06:50:10.576+0000] {spark_submit.py:492} INFO - at org.apache.hadoop.conf.Configuration.getClass(Configuration.java:2667)
[2023-06-25T06:50:10.577+0000] {spark_submit.py:492} INFO - at org.apache.hadoop.fs.FileSystem.getFileSystemClass(FileSystem.java:3431)
[2023-06-25T06:50:10.577+0000] {spark_submit.py:492} INFO - at org.apache.hadoop.fs.FileSystem.createFileSystem(FileSystem.java:3466)
[2023-06-25T06:50:10.577+0000] {spark_submit.py:492} INFO - at org.apache.hadoop.fs.FileSystem.access$300(FileSystem.java:174)
[2023-06-25T06:50:10.577+0000] {spark_submit.py:492} INFO - at org.apache.hadoop.fs.FileSystem$Cache.getInternal(FileSystem.java:3574)
[2023-06-25T06:50:10.577+0000] {spark_submit.py:492} INFO - at org.apache.hadoop.fs.FileSystem$Cache.get(FileSystem.java:3521)
[2023-06-25T06:50:10.577+0000] {spark_submit.py:492} INFO - at org.apache.hadoop.fs.FileSystem.get(FileSystem.java:540)
[2023-06-25T06:50:10.577+0000] {spark_submit.py:492} INFO - at org.apache.hadoop.fs.Path.getFileSystem(Path.java:365)
[2023-06-25T06:50:10.577+0000] {spark_submit.py:492} INFO - at org.apache.spark.sql.execution.datasources.DataSource.planForWritingFileFormat(DataSource.scala:461)
[2023-06-25T06:50:10.578+0000] {spark_submit.py:492} INFO - at org.apache.spark.sql.execution.datasources.DataSource.planForWriting(DataSource.scala:556)
[2023-06-25T06:50:10.578+0000] {spark_submit.py:492} INFO - at org.apache.spark.sql.DataFrameWriter.saveToV1Source(DataFrameWriter.scala:382)
[2023-06-25T06:50:10.578+0000] {spark_submit.py:492} INFO - at org.apache.spark.sql.DataFrameWriter.saveInternal(DataFrameWriter.scala:355)
[2023-06-25T06:50:10.578+0000] {spark_submit.py:492} INFO - at org.apache.spark.sql.DataFrameWriter.save(DataFrameWriter.scala:239)
[2023-06-25T06:50:10.578+0000] {spark_submit.py:492} INFO - at org.apache.spark.sql.DataFrameWriter.parquet(DataFrameWriter.scala:781)
[2023-06-25T06:50:10.578+0000] {spark_submit.py:492} INFO - at java.base/jdk.internal.reflect.NativeMethodAccessorImpl.invoke0(Native Method)
[2023-06-25T06:50:10.578+0000] {spark_submit.py:492} INFO - at java.base/jdk.internal.reflect.NativeMethodAccessorImpl.invoke(NativeMethodAccessorImpl.java:62)
[2023-06-25T06:50:10.578+0000] {spark_submit.py:492} INFO - at java.base/jdk.internal.reflect.DelegatingMethodAccessorImpl.invoke(DelegatingMethodAccessorImpl.java:43)
[2023-06-25T06:50:10.578+0000] {spark_submit.py:492} INFO - at java.base/java.lang.reflect.Method.invoke(Method.java:566)
[2023-06-25T06:50:10.579+0000] {spark_submit.py:492} INFO - at py4j.reflection.MethodInvoker.invoke(MethodInvoker.java:244)
[2023-06-25T06:50:10.579+0000] {spark_submit.py:492} INFO - at py4j.reflection.ReflectionEngine.invoke(ReflectionEngine.java:357)
[2023-06-25T06:50:10.579+0000] {spark_submit.py:492} INFO - at py4j.Gateway.invoke(Gateway.java:282)
[2023-06-25T06:50:10.579+0000] {spark_submit.py:492} INFO - at py4j.commands.AbstractCommand.invokeMethod(AbstractCommand.java:132)
[2023-06-25T06:50:10.579+0000] {spark_submit.py:492} INFO - at py4j.commands.CallCommand.execute(CallCommand.java:79)
[2023-06-25T06:50:10.579+0000] {spark_submit.py:492} INFO - at py4j.ClientServerConnection.waitForCommands(ClientServerConnection.java:182)
[2023-06-25T06:50:10.579+0000] {spark_submit.py:492} INFO - at py4j.ClientServerConnection.run(ClientServerConnection.java:106)
[2023-06-25T06:50:10.579+0000] {spark_submit.py:492} INFO - at java.base/java.lang.Thread.run(Thread.java:829)
[2023-06-25T06:50:10.580+0000] {spark_submit.py:492} INFO - Caused by: java.lang.ClassNotFoundException: Class org.apache.hadoop.fs.s3a.S3AFileSystem not found
[2023-06-25T06:50:10.580+0000] {spark_submit.py:492} INFO - at org.apache.hadoop.conf.Configuration.getClassByName(Configuration.java:2571)
[2023-06-25T06:50:10.580+0000] {spark_submit.py:492} INFO - at org.apache.hadoop.conf.Configuration.getClass(Configuration.java:2665)
[2023-06-25T06:50:10.580+0000] {spark_submit.py:492} INFO - ... 25 more
[2023-06-25T06:50:10.580+0000] {spark_submit.py:492} INFO - 
[2023-06-25T06:50:10.580+0000] {spark_submit.py:492} INFO - 23/06/25 06:50:10 INFO BlockManagerInfo: Removed broadcast_0_piece0 on 172.19.0.9:33911 in memory (size: 6.2 KiB, free: 366.3 MiB)
[2023-06-25T06:50:10.638+0000] {spark_submit.py:492} INFO - 23/06/25 06:50:10 INFO SparkContext: Invoking stop() from shutdown hook
[2023-06-25T06:50:10.644+0000] {spark_submit.py:492} INFO - 23/06/25 06:50:10 INFO SparkUI: Stopped Spark web UI at http://a8d69ab09d2d:4044
[2023-06-25T06:50:10.646+0000] {spark_submit.py:492} INFO - 23/06/25 06:50:10 INFO StandaloneSchedulerBackend: Shutting down all executors
[2023-06-25T06:50:10.647+0000] {spark_submit.py:492} INFO - 23/06/25 06:50:10 INFO CoarseGrainedSchedulerBackend$DriverEndpoint: Asking each executor to shut down
[2023-06-25T06:50:10.666+0000] {spark_submit.py:492} INFO - 23/06/25 06:50:10 INFO MapOutputTrackerMasterEndpoint: MapOutputTrackerMasterEndpoint stopped!
[2023-06-25T06:50:10.678+0000] {spark_submit.py:492} INFO - 23/06/25 06:50:10 INFO MemoryStore: MemoryStore cleared
[2023-06-25T06:50:10.679+0000] {spark_submit.py:492} INFO - 23/06/25 06:50:10 INFO BlockManager: BlockManager stopped
[2023-06-25T06:50:10.681+0000] {spark_submit.py:492} INFO - 23/06/25 06:50:10 INFO BlockManagerMaster: BlockManagerMaster stopped
[2023-06-25T06:50:10.683+0000] {spark_submit.py:492} INFO - 23/06/25 06:50:10 INFO OutputCommitCoordinator$OutputCommitCoordinatorEndpoint: OutputCommitCoordinator stopped!
[2023-06-25T06:50:10.696+0000] {spark_submit.py:492} INFO - 23/06/25 06:50:10 INFO SparkContext: Successfully stopped SparkContext
[2023-06-25T06:50:10.696+0000] {spark_submit.py:492} INFO - 23/06/25 06:50:10 INFO ShutdownHookManager: Shutdown hook called
[2023-06-25T06:50:10.696+0000] {spark_submit.py:492} INFO - 23/06/25 06:50:10 INFO ShutdownHookManager: Deleting directory /tmp/spark-e28fc1ce-ef25-41cb-adb9-8f1cf35dc2e4/pyspark-910d8276-a5fc-45d8-8cb1-99841d35e15f
[2023-06-25T06:50:10.700+0000] {spark_submit.py:492} INFO - 23/06/25 06:50:10 INFO ShutdownHookManager: Deleting directory /tmp/spark-e28fc1ce-ef25-41cb-adb9-8f1cf35dc2e4
[2023-06-25T06:50:10.705+0000] {spark_submit.py:492} INFO - 23/06/25 06:50:10 INFO ShutdownHookManager: Deleting directory /tmp/spark-2dcb1daa-a6af-4fd6-825b-ee395265c71a
[2023-06-25T06:50:10.779+0000] {taskinstance.py:1775} ERROR - Task failed with exception
Traceback (most recent call last):
  File "/home/airflow/.local/lib/python3.8/site-packages/airflow/providers/apache/spark/operators/spark_submit.py", line 157, in execute
    self._hook.submit(self._application)
  File "/home/airflow/.local/lib/python3.8/site-packages/airflow/providers/apache/spark/hooks/spark_submit.py", line 423, in submit
    raise AirflowException(
airflow.exceptions.AirflowException: Cannot execute: spark-submit --master spark://spark:7077 --conf spark.hadoop.fs.s3a.aws.credentials.provider=org.apache.hadoop.fs.s3a.SimpleAWSCredentialsProvider --conf spark.hadoop.fs.s3a.path.style.access=true --conf spark.hadoop.fs.s3a.access.key=minioadmin --conf spark.hadoop.fs.s3a.secret.key=****** --conf spark.hadoop.fs.s3a.endpoint=http://minio:9000 --jars local:///opt/bitnami/spark/jars --name arrow-spark /opt/***/dags/spark_etl_spark_minio.py. Error code is: 1.
[2023-06-25T06:50:10.782+0000] {taskinstance.py:1321} INFO - Marking task as UP_FOR_RETRY. dag_id=spark_etl_minio_v20, task_id=spark_submit_task, execution_date=20230625T064748, start_date=20230625T065001, end_date=20230625T065010
[2023-06-25T06:50:10.799+0000] {standard_task_runner.py:100} ERROR - Failed to execute job 305 for task spark_submit_task (Cannot execute: spark-submit --master spark://spark:7077 --conf spark.hadoop.fs.s3a.aws.credentials.provider=org.apache.hadoop.fs.s3a.SimpleAWSCredentialsProvider --conf spark.hadoop.fs.s3a.path.style.access=true --conf spark.hadoop.fs.s3a.access.key=minioadmin --conf spark.hadoop.fs.s3a.secret.key=****** --conf spark.hadoop.fs.s3a.endpoint=http://minio:9000 --jars local:///opt/bitnami/spark/jars --name arrow-spark /opt/***/dags/spark_etl_spark_minio.py. Error code is: 1.; 5936)
[2023-06-25T06:50:10.836+0000] {local_task_job.py:212} INFO - Task exited with return code 1
[2023-06-25T06:50:10.847+0000] {taskinstance.py:2585} INFO - 0 downstream tasks scheduled from follow-on schedule check
