[2023-06-24T16:24:51.270+0000] {taskinstance.py:1084} INFO - Dependencies all met for dep_context=non-requeueable deps ti=<TaskInstance: spark_etl_minio_v1.spark_submit_task scheduled__2023-06-22T00:00:00+00:00 [queued]>
[2023-06-24T16:24:51.287+0000] {taskinstance.py:1084} INFO - Dependencies all met for dep_context=requeueable deps ti=<TaskInstance: spark_etl_minio_v1.spark_submit_task scheduled__2023-06-22T00:00:00+00:00 [queued]>
[2023-06-24T16:24:51.287+0000] {taskinstance.py:1282} INFO - 
--------------------------------------------------------------------------------
[2023-06-24T16:24:51.287+0000] {taskinstance.py:1283} INFO - Starting attempt 3 of 6
[2023-06-24T16:24:51.287+0000] {taskinstance.py:1284} INFO - 
--------------------------------------------------------------------------------
[2023-06-24T16:24:51.306+0000] {taskinstance.py:1303} INFO - Executing <Task(SparkSubmitOperator): spark_submit_task> on 2023-06-22 00:00:00+00:00
[2023-06-24T16:24:51.313+0000] {standard_task_runner.py:55} INFO - Started process 2331 to run task
[2023-06-24T16:24:51.320+0000] {standard_task_runner.py:82} INFO - Running: ['***', 'tasks', 'run', 'spark_etl_minio_v1', 'spark_submit_task', 'scheduled__2023-06-22T00:00:00+00:00', '--job-id', '88', '--raw', '--subdir', 'DAGS_FOLDER/spark_job_v2.py', '--cfg-path', '/tmp/tmpbf4l0van']
[2023-06-24T16:24:51.321+0000] {standard_task_runner.py:83} INFO - Job 88: Subtask spark_submit_task
[2023-06-24T16:24:51.339+0000] {warnings.py:109} WARNING - /home/***/.local/lib/python3.8/site-packages/***/settings.py:250: DeprecationWarning: The sql_alchemy_conn option in [core] has been moved to the sql_alchemy_conn option in [database] - the old setting has been used, but please update your config.
  SQL_ALCHEMY_CONN = conf.get("database", "SQL_ALCHEMY_CONN")

[2023-06-24T16:24:51.373+0000] {warnings.py:109} WARNING - /home/***/.local/lib/python3.8/site-packages/***/utils/sqlalchemy.py:124: DeprecationWarning: The sql_alchemy_conn option in [core] has been moved to the sql_alchemy_conn option in [database] - the old setting has been used, but please update your config.
  return not conf.get("database", "sql_alchemy_conn").startswith("mssql")

[2023-06-24T16:24:51.414+0000] {task_command.py:388} INFO - Running <TaskInstance: spark_etl_minio_v1.spark_submit_task scheduled__2023-06-22T00:00:00+00:00 [running]> on host a8d69ab09d2d
[2023-06-24T16:24:51.505+0000] {taskinstance.py:1509} INFO - Exporting the following env vars:
AIRFLOW_CTX_DAG_OWNER=***
AIRFLOW_CTX_DAG_ID=spark_etl_minio_v1
AIRFLOW_CTX_TASK_ID=spark_submit_task
AIRFLOW_CTX_EXECUTION_DATE=2023-06-22T00:00:00+00:00
AIRFLOW_CTX_TRY_NUMBER=3
AIRFLOW_CTX_DAG_RUN_ID=scheduled__2023-06-22T00:00:00+00:00
[2023-06-24T16:24:51.517+0000] {base.py:73} INFO - Using connection ID 'spark_conn' for task execution.
[2023-06-24T16:24:51.518+0000] {spark_submit.py:341} INFO - Spark-Submit cmd: spark-submit --master spark://spark:7077 --name arrow-spark /opt/***/dags/spark_etl_spark_minio.py
[2023-06-24T16:24:53.062+0000] {spark_submit.py:492} INFO - WARNING: An illegal reflective access operation has occurred
[2023-06-24T16:24:53.063+0000] {spark_submit.py:492} INFO - WARNING: Illegal reflective access by org.apache.spark.unsafe.Platform (file:/opt/spark/jars/spark-unsafe_2.12-3.2.0.jar) to constructor java.nio.DirectByteBuffer(long,int)
[2023-06-24T16:24:53.063+0000] {spark_submit.py:492} INFO - WARNING: Please consider reporting this to the maintainers of org.apache.spark.unsafe.Platform
[2023-06-24T16:24:53.063+0000] {spark_submit.py:492} INFO - WARNING: Use --illegal-access=warn to enable warnings of further illegal reflective access operations
[2023-06-24T16:24:53.063+0000] {spark_submit.py:492} INFO - WARNING: All illegal access operations will be denied in a future release
[2023-06-24T16:24:54.876+0000] {spark_submit.py:492} INFO - Using Spark's default log4j profile: org/apache/spark/log4j-defaults.properties
[2023-06-24T16:24:54.891+0000] {spark_submit.py:492} INFO - 23/06/24 16:24:54 INFO SparkContext: Running Spark version 3.2.0
[2023-06-24T16:24:55.000+0000] {spark_submit.py:492} INFO - 23/06/24 16:24:55 WARN NativeCodeLoader: Unable to load native-hadoop library for your platform... using builtin-java classes where applicable
[2023-06-24T16:24:55.175+0000] {spark_submit.py:492} INFO - 23/06/24 16:24:55 INFO ResourceUtils: ==============================================================
[2023-06-24T16:24:55.176+0000] {spark_submit.py:492} INFO - 23/06/24 16:24:55 INFO ResourceUtils: No custom resources configured for spark.driver.
[2023-06-24T16:24:55.177+0000] {spark_submit.py:492} INFO - 23/06/24 16:24:55 INFO ResourceUtils: ==============================================================
[2023-06-24T16:24:55.178+0000] {spark_submit.py:492} INFO - 23/06/24 16:24:55 INFO SparkContext: Submitted application: arrow-spark
[2023-06-24T16:24:55.213+0000] {spark_submit.py:492} INFO - 23/06/24 16:24:55 INFO ResourceProfile: Default ResourceProfile created, executor resources: Map(cores -> name: cores, amount: 1, script: , vendor: , memory -> name: memory, amount: 1024, script: , vendor: , offHeap -> name: offHeap, amount: 0, script: , vendor: ), task resources: Map(cpus -> name: cpus, amount: 1.0)
[2023-06-24T16:24:55.231+0000] {spark_submit.py:492} INFO - 23/06/24 16:24:55 INFO ResourceProfile: Limiting resource is cpu
[2023-06-24T16:24:55.240+0000] {spark_submit.py:492} INFO - 23/06/24 16:24:55 INFO ResourceProfileManager: Added ResourceProfile id: 0
[2023-06-24T16:24:55.310+0000] {spark_submit.py:492} INFO - 23/06/24 16:24:55 INFO SecurityManager: Changing view acls to: default
[2023-06-24T16:24:55.311+0000] {spark_submit.py:492} INFO - 23/06/24 16:24:55 INFO SecurityManager: Changing modify acls to: default
[2023-06-24T16:24:55.311+0000] {spark_submit.py:492} INFO - 23/06/24 16:24:55 INFO SecurityManager: Changing view acls groups to:
[2023-06-24T16:24:55.311+0000] {spark_submit.py:492} INFO - 23/06/24 16:24:55 INFO SecurityManager: Changing modify acls groups to:
[2023-06-24T16:24:55.311+0000] {spark_submit.py:492} INFO - 23/06/24 16:24:55 INFO SecurityManager: SecurityManager: authentication disabled; ui acls disabled; users  with view permissions: Set(default); groups with view permissions: Set(); users  with modify permissions: Set(default); groups with modify permissions: Set()
[2023-06-24T16:24:55.842+0000] {spark_submit.py:492} INFO - 23/06/24 16:24:55 INFO Utils: Successfully started service 'sparkDriver' on port 35553.
[2023-06-24T16:24:55.893+0000] {spark_submit.py:492} INFO - 23/06/24 16:24:55 INFO SparkEnv: Registering MapOutputTracker
[2023-06-24T16:24:55.933+0000] {spark_submit.py:492} INFO - 23/06/24 16:24:55 INFO SparkEnv: Registering BlockManagerMaster
[2023-06-24T16:24:55.961+0000] {spark_submit.py:492} INFO - 23/06/24 16:24:55 INFO BlockManagerMasterEndpoint: Using org.apache.spark.storage.DefaultTopologyMapper for getting topology information
[2023-06-24T16:24:55.962+0000] {spark_submit.py:492} INFO - 23/06/24 16:24:55 INFO BlockManagerMasterEndpoint: BlockManagerMasterEndpoint up
[2023-06-24T16:24:55.967+0000] {spark_submit.py:492} INFO - 23/06/24 16:24:55 INFO SparkEnv: Registering BlockManagerMasterHeartbeat
[2023-06-24T16:24:56.005+0000] {spark_submit.py:492} INFO - 23/06/24 16:24:56 INFO DiskBlockManager: Created local directory at /tmp/blockmgr-3bc12a68-548f-45a1-a514-8cafb116e590
[2023-06-24T16:24:56.041+0000] {spark_submit.py:492} INFO - 23/06/24 16:24:56 INFO MemoryStore: MemoryStore started with capacity 434.4 MiB
[2023-06-24T16:24:56.067+0000] {spark_submit.py:492} INFO - 23/06/24 16:24:56 INFO SparkEnv: Registering OutputCommitCoordinator
[2023-06-24T16:24:56.468+0000] {spark_submit.py:492} INFO - 23/06/24 16:24:56 INFO Utils: Successfully started service 'SparkUI' on port 4040.
[2023-06-24T16:24:56.572+0000] {spark_submit.py:492} INFO - 23/06/24 16:24:56 INFO SparkUI: Bound SparkUI to 0.0.0.0, and started at http://a8d69ab09d2d:4040
[2023-06-24T16:24:56.987+0000] {spark_submit.py:492} INFO - 23/06/24 16:24:56 INFO StandaloneAppClient$ClientEndpoint: Connecting to master spark://spark:7077...
[2023-06-24T16:24:57.186+0000] {spark_submit.py:492} INFO - 23/06/24 16:24:57 INFO TransportClientFactory: Successfully created connection to spark/172.19.0.11:7077 after 150 ms (0 ms spent in bootstraps)
[2023-06-24T16:24:57.384+0000] {spark_submit.py:492} INFO - 23/06/24 16:24:57 INFO StandaloneSchedulerBackend: Connected to Spark cluster with app ID app-20230624162457-0011
[2023-06-24T16:24:57.390+0000] {spark_submit.py:492} INFO - 23/06/24 16:24:57 INFO StandaloneAppClient$ClientEndpoint: Executor added: app-20230624162457-0011/0 on worker-20230624161025-172.19.0.3-35241 (172.19.0.3:35241) with 1 core(s)
[2023-06-24T16:24:57.394+0000] {spark_submit.py:492} INFO - 23/06/24 16:24:57 INFO StandaloneSchedulerBackend: Granted executor ID app-20230624162457-0011/0 on hostPort 172.19.0.3:35241 with 1 core(s), 1024.0 MiB RAM
[2023-06-24T16:24:57.425+0000] {spark_submit.py:492} INFO - 23/06/24 16:24:57 INFO Utils: Successfully started service 'org.apache.spark.network.netty.NettyBlockTransferService' on port 34209.
[2023-06-24T16:24:57.426+0000] {spark_submit.py:492} INFO - 23/06/24 16:24:57 INFO NettyBlockTransferService: Server created on a8d69ab09d2d:34209
[2023-06-24T16:24:57.427+0000] {spark_submit.py:492} INFO - 23/06/24 16:24:57 INFO BlockManager: Using org.apache.spark.storage.RandomBlockReplicationPolicy for block replication policy
[2023-06-24T16:24:57.480+0000] {spark_submit.py:492} INFO - 23/06/24 16:24:57 INFO BlockManagerMaster: Registering BlockManager BlockManagerId(driver, a8d69ab09d2d, 34209, None)
[2023-06-24T16:24:57.482+0000] {spark_submit.py:492} INFO - 23/06/24 16:24:57 INFO StandaloneAppClient$ClientEndpoint: Executor updated: app-20230624162457-0011/0 is now RUNNING
[2023-06-24T16:24:57.490+0000] {spark_submit.py:492} INFO - 23/06/24 16:24:57 INFO BlockManagerMasterEndpoint: Registering block manager a8d69ab09d2d:34209 with 434.4 MiB RAM, BlockManagerId(driver, a8d69ab09d2d, 34209, None)
[2023-06-24T16:24:57.497+0000] {spark_submit.py:492} INFO - 23/06/24 16:24:57 INFO BlockManagerMaster: Registered BlockManager BlockManagerId(driver, a8d69ab09d2d, 34209, None)
[2023-06-24T16:24:57.499+0000] {spark_submit.py:492} INFO - 23/06/24 16:24:57 INFO BlockManager: Initialized BlockManager: BlockManagerId(driver, a8d69ab09d2d, 34209, None)
[2023-06-24T16:24:57.971+0000] {spark_submit.py:492} INFO - 23/06/24 16:24:57 INFO StandaloneSchedulerBackend: SchedulerBackend is ready for scheduling beginning after reached minRegisteredResourcesRatio: 0.0
[2023-06-24T16:24:58.508+0000] {spark_submit.py:492} INFO - 23/06/24 16:24:58 INFO SharedState: Setting hive.metastore.warehouse.dir ('null') to the value of spark.sql.warehouse.dir.
[2023-06-24T16:24:58.555+0000] {spark_submit.py:492} INFO - 23/06/24 16:24:58 INFO SharedState: Warehouse path is 'file:/opt/***/spark-warehouse'.
[2023-06-24T16:25:02.123+0000] {spark_submit.py:492} INFO - 23/06/24 16:25:02 INFO CoarseGrainedSchedulerBackend$DriverEndpoint: Registered executor NettyRpcEndpointRef(spark-client://Executor) (172.19.0.3:39480) with ID 0,  ResourceProfileId 0
[2023-06-24T16:25:02.407+0000] {spark_submit.py:492} INFO - 23/06/24 16:25:02 INFO BlockManagerMasterEndpoint: Registering block manager 172.19.0.3:40093 with 366.3 MiB RAM, BlockManagerId(0, 172.19.0.3, 40093, None)
[2023-06-24T16:25:05.906+0000] {spark_submit.py:492} INFO - 23/06/24 16:25:05 INFO CodeGenerator: Code generated in 227.84367 ms
[2023-06-24T16:25:05.977+0000] {spark_submit.py:492} INFO - 23/06/24 16:25:05 INFO SparkContext: Starting job: showString at NativeMethodAccessorImpl.java:0
[2023-06-24T16:25:05.995+0000] {spark_submit.py:492} INFO - 23/06/24 16:25:05 INFO DAGScheduler: Got job 0 (showString at NativeMethodAccessorImpl.java:0) with 1 output partitions
[2023-06-24T16:25:05.996+0000] {spark_submit.py:492} INFO - 23/06/24 16:25:05 INFO DAGScheduler: Final stage: ResultStage 0 (showString at NativeMethodAccessorImpl.java:0)
[2023-06-24T16:25:05.996+0000] {spark_submit.py:492} INFO - 23/06/24 16:25:05 INFO DAGScheduler: Parents of final stage: List()
[2023-06-24T16:25:05.998+0000] {spark_submit.py:492} INFO - 23/06/24 16:25:05 INFO DAGScheduler: Missing parents: List()
[2023-06-24T16:25:06.002+0000] {spark_submit.py:492} INFO - 23/06/24 16:25:06 INFO DAGScheduler: Submitting ResultStage 0 (MapPartitionsRDD[6] at showString at NativeMethodAccessorImpl.java:0), which has no missing parents
[2023-06-24T16:25:06.186+0000] {spark_submit.py:492} INFO - 23/06/24 16:25:06 INFO MemoryStore: Block broadcast_0 stored as values in memory (estimated size 11.7 KiB, free 434.4 MiB)
[2023-06-24T16:25:06.236+0000] {spark_submit.py:492} INFO - 23/06/24 16:25:06 INFO MemoryStore: Block broadcast_0_piece0 stored as bytes in memory (estimated size 6.2 KiB, free 434.4 MiB)
[2023-06-24T16:25:06.241+0000] {spark_submit.py:492} INFO - 23/06/24 16:25:06 INFO BlockManagerInfo: Added broadcast_0_piece0 in memory on a8d69ab09d2d:34209 (size: 6.2 KiB, free: 434.4 MiB)
[2023-06-24T16:25:06.250+0000] {spark_submit.py:492} INFO - 23/06/24 16:25:06 INFO SparkContext: Created broadcast 0 from broadcast at DAGScheduler.scala:1427
[2023-06-24T16:25:06.273+0000] {spark_submit.py:492} INFO - 23/06/24 16:25:06 INFO DAGScheduler: Submitting 1 missing tasks from ResultStage 0 (MapPartitionsRDD[6] at showString at NativeMethodAccessorImpl.java:0) (first 15 tasks are for partitions Vector(0))
[2023-06-24T16:25:06.274+0000] {spark_submit.py:492} INFO - 23/06/24 16:25:06 INFO TaskSchedulerImpl: Adding task set 0.0 with 1 tasks resource profile 0
[2023-06-24T16:25:06.327+0000] {spark_submit.py:492} INFO - 23/06/24 16:25:06 INFO TaskSetManager: Starting task 0.0 in stage 0.0 (TID 0) (172.19.0.3, executor 0, partition 0, PROCESS_LOCAL, 4605 bytes) taskResourceAssignments Map()
[2023-06-24T16:25:06.962+0000] {spark_submit.py:492} INFO - 23/06/24 16:25:06 INFO BlockManagerInfo: Added broadcast_0_piece0 in memory on 172.19.0.3:40093 (size: 6.2 KiB, free: 366.3 MiB)
[2023-06-24T16:25:10.384+0000] {spark_submit.py:492} INFO - 23/06/24 16:25:10 INFO TaskSetManager: Finished task 0.0 in stage 0.0 (TID 0) in 4070 ms on 172.19.0.3 (executor 0) (1/1)
[2023-06-24T16:25:10.393+0000] {spark_submit.py:492} INFO - 23/06/24 16:25:10 INFO TaskSchedulerImpl: Removed TaskSet 0.0, whose tasks have all completed, from pool
[2023-06-24T16:25:10.403+0000] {spark_submit.py:492} INFO - 23/06/24 16:25:10 INFO PythonAccumulatorV2: Connected to AccumulatorServer at host: 127.0.0.1 port: 53625
[2023-06-24T16:25:10.409+0000] {spark_submit.py:492} INFO - 23/06/24 16:25:10 INFO DAGScheduler: ResultStage 0 (showString at NativeMethodAccessorImpl.java:0) finished in 4.393 s
[2023-06-24T16:25:10.414+0000] {spark_submit.py:492} INFO - 23/06/24 16:25:10 INFO DAGScheduler: Job 0 is finished. Cancelling potential speculative or zombie tasks for this job
[2023-06-24T16:25:10.415+0000] {spark_submit.py:492} INFO - 23/06/24 16:25:10 INFO TaskSchedulerImpl: Killing all running tasks in stage 0: Stage finished
[2023-06-24T16:25:10.424+0000] {spark_submit.py:492} INFO - 23/06/24 16:25:10 INFO DAGScheduler: Job 0 finished: showString at NativeMethodAccessorImpl.java:0, took 4.441642 s
[2023-06-24T16:25:10.468+0000] {spark_submit.py:492} INFO - 23/06/24 16:25:10 INFO SparkContext: Starting job: showString at NativeMethodAccessorImpl.java:0
[2023-06-24T16:25:10.471+0000] {spark_submit.py:492} INFO - 23/06/24 16:25:10 INFO DAGScheduler: Got job 1 (showString at NativeMethodAccessorImpl.java:0) with 1 output partitions
[2023-06-24T16:25:10.471+0000] {spark_submit.py:492} INFO - 23/06/24 16:25:10 INFO DAGScheduler: Final stage: ResultStage 1 (showString at NativeMethodAccessorImpl.java:0)
[2023-06-24T16:25:10.471+0000] {spark_submit.py:492} INFO - 23/06/24 16:25:10 INFO DAGScheduler: Parents of final stage: List()
[2023-06-24T16:25:10.472+0000] {spark_submit.py:492} INFO - 23/06/24 16:25:10 INFO DAGScheduler: Missing parents: List()
[2023-06-24T16:25:10.474+0000] {spark_submit.py:492} INFO - 23/06/24 16:25:10 INFO DAGScheduler: Submitting ResultStage 1 (MapPartitionsRDD[6] at showString at NativeMethodAccessorImpl.java:0), which has no missing parents
[2023-06-24T16:25:10.479+0000] {spark_submit.py:492} INFO - 23/06/24 16:25:10 INFO MemoryStore: Block broadcast_1 stored as values in memory (estimated size 11.7 KiB, free 434.4 MiB)
[2023-06-24T16:25:10.485+0000] {spark_submit.py:492} INFO - 23/06/24 16:25:10 INFO MemoryStore: Block broadcast_1_piece0 stored as bytes in memory (estimated size 6.2 KiB, free 434.4 MiB)
[2023-06-24T16:25:10.489+0000] {spark_submit.py:492} INFO - 23/06/24 16:25:10 INFO BlockManagerInfo: Added broadcast_1_piece0 in memory on a8d69ab09d2d:34209 (size: 6.2 KiB, free: 434.4 MiB)
[2023-06-24T16:25:10.496+0000] {spark_submit.py:492} INFO - 23/06/24 16:25:10 INFO SparkContext: Created broadcast 1 from broadcast at DAGScheduler.scala:1427
[2023-06-24T16:25:10.498+0000] {spark_submit.py:492} INFO - 23/06/24 16:25:10 INFO DAGScheduler: Submitting 1 missing tasks from ResultStage 1 (MapPartitionsRDD[6] at showString at NativeMethodAccessorImpl.java:0) (first 15 tasks are for partitions Vector(1))
[2023-06-24T16:25:10.501+0000] {spark_submit.py:492} INFO - 23/06/24 16:25:10 INFO TaskSchedulerImpl: Adding task set 1.0 with 1 tasks resource profile 0
[2023-06-24T16:25:10.517+0000] {spark_submit.py:492} INFO - 23/06/24 16:25:10 INFO TaskSetManager: Starting task 0.0 in stage 1.0 (TID 1) (172.19.0.3, executor 0, partition 1, PROCESS_LOCAL, 4529 bytes) taskResourceAssignments Map()
[2023-06-24T16:25:10.562+0000] {spark_submit.py:492} INFO - 23/06/24 16:25:10 INFO BlockManagerInfo: Added broadcast_1_piece0 in memory on 172.19.0.3:40093 (size: 6.2 KiB, free: 366.3 MiB)
[2023-06-24T16:25:10.669+0000] {spark_submit.py:492} INFO - 23/06/24 16:25:10 INFO TaskSetManager: Finished task 0.0 in stage 1.0 (TID 1) in 152 ms on 172.19.0.3 (executor 0) (1/1)
[2023-06-24T16:25:10.669+0000] {spark_submit.py:492} INFO - 23/06/24 16:25:10 INFO TaskSchedulerImpl: Removed TaskSet 1.0, whose tasks have all completed, from pool
[2023-06-24T16:25:10.672+0000] {spark_submit.py:492} INFO - 23/06/24 16:25:10 INFO DAGScheduler: ResultStage 1 (showString at NativeMethodAccessorImpl.java:0) finished in 0.196 s
[2023-06-24T16:25:10.672+0000] {spark_submit.py:492} INFO - 23/06/24 16:25:10 INFO DAGScheduler: Job 1 is finished. Cancelling potential speculative or zombie tasks for this job
[2023-06-24T16:25:10.672+0000] {spark_submit.py:492} INFO - 23/06/24 16:25:10 INFO TaskSchedulerImpl: Killing all running tasks in stage 1: Stage finished
[2023-06-24T16:25:10.673+0000] {spark_submit.py:492} INFO - 23/06/24 16:25:10 INFO DAGScheduler: Job 1 finished: showString at NativeMethodAccessorImpl.java:0, took 0.203953 s
[2023-06-24T16:25:10.753+0000] {spark_submit.py:492} INFO - 23/06/24 16:25:10 INFO CodeGenerator: Code generated in 53.699205 ms
[2023-06-24T16:25:10.768+0000] {spark_submit.py:492} INFO - +-----+-----------------------------------------------------------------------------+
[2023-06-24T16:25:10.769+0000] {spark_submit.py:492} INFO - |Seqno|Quote                                                                        |
[2023-06-24T16:25:10.769+0000] {spark_submit.py:492} INFO - +-----+-----------------------------------------------------------------------------+
[2023-06-24T16:25:10.769+0000] {spark_submit.py:492} INFO - |1    |Be the change that you wish to see in the world                              |
[2023-06-24T16:25:10.769+0000] {spark_submit.py:492} INFO - |2    |Everyone thinks of changing the world, but no one thinks of changing himself.|
[2023-06-24T16:25:10.769+0000] {spark_submit.py:492} INFO - |3    |The purpose of our lives is to be happy.                                     |
[2023-06-24T16:25:10.770+0000] {spark_submit.py:492} INFO - |4    |Be cool.                                                                     |
[2023-06-24T16:25:10.770+0000] {spark_submit.py:492} INFO - +-----+-----------------------------------------------------------------------------+
[2023-06-24T16:25:10.770+0000] {spark_submit.py:492} INFO - 
[2023-06-24T16:25:10.986+0000] {spark_submit.py:492} INFO - 23/06/24 16:25:10 INFO BlockManagerInfo: Removed broadcast_1_piece0 on 172.19.0.3:40093 in memory (size: 6.2 KiB, free: 366.3 MiB)
[2023-06-24T16:25:11.028+0000] {spark_submit.py:492} INFO - 23/06/24 16:25:11 INFO BlockManagerInfo: Removed broadcast_1_piece0 on a8d69ab09d2d:34209 in memory (size: 6.2 KiB, free: 434.4 MiB)
[2023-06-24T16:25:11.173+0000] {spark_submit.py:492} INFO - 23/06/24 16:25:11 INFO BlockManagerInfo: Removed broadcast_0_piece0 on 172.19.0.3:40093 in memory (size: 6.2 KiB, free: 366.3 MiB)
[2023-06-24T16:25:11.184+0000] {spark_submit.py:492} INFO - 23/06/24 16:25:11 INFO BlockManagerInfo: Removed broadcast_0_piece0 on a8d69ab09d2d:34209 in memory (size: 6.2 KiB, free: 434.4 MiB)
[2023-06-24T16:25:11.205+0000] {spark_submit.py:492} INFO - Traceback (most recent call last):
[2023-06-24T16:25:11.206+0000] {spark_submit.py:492} INFO - File "/opt/***/dags/spark_etl_spark_minio.py", line 43, in <module>
[2023-06-24T16:25:11.206+0000] {spark_submit.py:492} INFO - df.write.mode("append").parquet("s3a://datalake/test.parquet")
[2023-06-24T16:25:11.206+0000] {spark_submit.py:492} INFO - File "/opt/spark/python/lib/pyspark.zip/pyspark/sql/readwriter.py", line 885, in parquet
[2023-06-24T16:25:11.206+0000] {spark_submit.py:492} INFO - File "/opt/spark/python/lib/py4j-0.10.9.2-src.zip/py4j/java_gateway.py", line 1309, in __call__
[2023-06-24T16:25:11.207+0000] {spark_submit.py:492} INFO - File "/opt/spark/python/lib/pyspark.zip/pyspark/sql/utils.py", line 111, in deco
[2023-06-24T16:25:11.207+0000] {spark_submit.py:492} INFO - File "/opt/spark/python/lib/py4j-0.10.9.2-src.zip/py4j/protocol.py", line 326, in get_return_value
[2023-06-24T16:25:11.207+0000] {spark_submit.py:492} INFO - py4j.protocol.Py4JJavaError: An error occurred while calling o77.parquet.
[2023-06-24T16:25:11.207+0000] {spark_submit.py:492} INFO - : java.lang.RuntimeException: java.lang.ClassNotFoundException: Class org.apache.hadoop.fs.s3a.S3AFileSystem not found
[2023-06-24T16:25:11.208+0000] {spark_submit.py:492} INFO - at org.apache.hadoop.conf.Configuration.getClass(Configuration.java:2667)
[2023-06-24T16:25:11.208+0000] {spark_submit.py:492} INFO - at org.apache.hadoop.fs.FileSystem.getFileSystemClass(FileSystem.java:3431)
[2023-06-24T16:25:11.208+0000] {spark_submit.py:492} INFO - at org.apache.hadoop.fs.FileSystem.createFileSystem(FileSystem.java:3466)
[2023-06-24T16:25:11.208+0000] {spark_submit.py:492} INFO - at org.apache.hadoop.fs.FileSystem.access$300(FileSystem.java:174)
[2023-06-24T16:25:11.208+0000] {spark_submit.py:492} INFO - at org.apache.hadoop.fs.FileSystem$Cache.getInternal(FileSystem.java:3574)
[2023-06-24T16:25:11.208+0000] {spark_submit.py:492} INFO - at org.apache.hadoop.fs.FileSystem$Cache.get(FileSystem.java:3521)
[2023-06-24T16:25:11.209+0000] {spark_submit.py:492} INFO - at org.apache.hadoop.fs.FileSystem.get(FileSystem.java:540)
[2023-06-24T16:25:11.209+0000] {spark_submit.py:492} INFO - at org.apache.hadoop.fs.Path.getFileSystem(Path.java:365)
[2023-06-24T16:25:11.209+0000] {spark_submit.py:492} INFO - at org.apache.spark.sql.execution.datasources.DataSource.planForWritingFileFormat(DataSource.scala:461)
[2023-06-24T16:25:11.209+0000] {spark_submit.py:492} INFO - at org.apache.spark.sql.execution.datasources.DataSource.planForWriting(DataSource.scala:556)
[2023-06-24T16:25:11.209+0000] {spark_submit.py:492} INFO - at org.apache.spark.sql.DataFrameWriter.saveToV1Source(DataFrameWriter.scala:382)
[2023-06-24T16:25:11.209+0000] {spark_submit.py:492} INFO - at org.apache.spark.sql.DataFrameWriter.saveInternal(DataFrameWriter.scala:355)
[2023-06-24T16:25:11.210+0000] {spark_submit.py:492} INFO - at org.apache.spark.sql.DataFrameWriter.save(DataFrameWriter.scala:239)
[2023-06-24T16:25:11.210+0000] {spark_submit.py:492} INFO - at org.apache.spark.sql.DataFrameWriter.parquet(DataFrameWriter.scala:781)
[2023-06-24T16:25:11.210+0000] {spark_submit.py:492} INFO - at java.base/jdk.internal.reflect.NativeMethodAccessorImpl.invoke0(Native Method)
[2023-06-24T16:25:11.210+0000] {spark_submit.py:492} INFO - at java.base/jdk.internal.reflect.NativeMethodAccessorImpl.invoke(NativeMethodAccessorImpl.java:62)
[2023-06-24T16:25:11.210+0000] {spark_submit.py:492} INFO - at java.base/jdk.internal.reflect.DelegatingMethodAccessorImpl.invoke(DelegatingMethodAccessorImpl.java:43)
[2023-06-24T16:25:11.210+0000] {spark_submit.py:492} INFO - at java.base/java.lang.reflect.Method.invoke(Method.java:566)
[2023-06-24T16:25:11.211+0000] {spark_submit.py:492} INFO - at py4j.reflection.MethodInvoker.invoke(MethodInvoker.java:244)
[2023-06-24T16:25:11.211+0000] {spark_submit.py:492} INFO - at py4j.reflection.ReflectionEngine.invoke(ReflectionEngine.java:357)
[2023-06-24T16:25:11.211+0000] {spark_submit.py:492} INFO - at py4j.Gateway.invoke(Gateway.java:282)
[2023-06-24T16:25:11.211+0000] {spark_submit.py:492} INFO - at py4j.commands.AbstractCommand.invokeMethod(AbstractCommand.java:132)
[2023-06-24T16:25:11.211+0000] {spark_submit.py:492} INFO - at py4j.commands.CallCommand.execute(CallCommand.java:79)
[2023-06-24T16:25:11.211+0000] {spark_submit.py:492} INFO - at py4j.ClientServerConnection.waitForCommands(ClientServerConnection.java:182)
[2023-06-24T16:25:11.212+0000] {spark_submit.py:492} INFO - at py4j.ClientServerConnection.run(ClientServerConnection.java:106)
[2023-06-24T16:25:11.212+0000] {spark_submit.py:492} INFO - at java.base/java.lang.Thread.run(Thread.java:829)
[2023-06-24T16:25:11.212+0000] {spark_submit.py:492} INFO - Caused by: java.lang.ClassNotFoundException: Class org.apache.hadoop.fs.s3a.S3AFileSystem not found
[2023-06-24T16:25:11.212+0000] {spark_submit.py:492} INFO - at org.apache.hadoop.conf.Configuration.getClassByName(Configuration.java:2571)
[2023-06-24T16:25:11.212+0000] {spark_submit.py:492} INFO - at org.apache.hadoop.conf.Configuration.getClass(Configuration.java:2665)
[2023-06-24T16:25:11.212+0000] {spark_submit.py:492} INFO - ... 25 more
[2023-06-24T16:25:11.213+0000] {spark_submit.py:492} INFO - 
[2023-06-24T16:25:11.432+0000] {spark_submit.py:492} INFO - 23/06/24 16:25:11 INFO SparkContext: Invoking stop() from shutdown hook
[2023-06-24T16:25:11.472+0000] {spark_submit.py:492} INFO - 23/06/24 16:25:11 INFO SparkUI: Stopped Spark web UI at http://a8d69ab09d2d:4040
[2023-06-24T16:25:11.478+0000] {spark_submit.py:492} INFO - 23/06/24 16:25:11 INFO StandaloneSchedulerBackend: Shutting down all executors
[2023-06-24T16:25:11.479+0000] {spark_submit.py:492} INFO - 23/06/24 16:25:11 INFO CoarseGrainedSchedulerBackend$DriverEndpoint: Asking each executor to shut down
[2023-06-24T16:25:11.576+0000] {spark_submit.py:492} INFO - 23/06/24 16:25:11 INFO MapOutputTrackerMasterEndpoint: MapOutputTrackerMasterEndpoint stopped!
[2023-06-24T16:25:11.736+0000] {spark_submit.py:492} INFO - 23/06/24 16:25:11 INFO MemoryStore: MemoryStore cleared
[2023-06-24T16:25:11.740+0000] {spark_submit.py:492} INFO - 23/06/24 16:25:11 INFO BlockManager: BlockManager stopped
[2023-06-24T16:25:11.744+0000] {spark_submit.py:492} INFO - 23/06/24 16:25:11 INFO BlockManagerMaster: BlockManagerMaster stopped
[2023-06-24T16:25:11.747+0000] {spark_submit.py:492} INFO - 23/06/24 16:25:11 INFO OutputCommitCoordinator$OutputCommitCoordinatorEndpoint: OutputCommitCoordinator stopped!
[2023-06-24T16:25:11.976+0000] {spark_submit.py:492} INFO - 23/06/24 16:25:11 INFO SparkContext: Successfully stopped SparkContext
[2023-06-24T16:25:11.976+0000] {spark_submit.py:492} INFO - 23/06/24 16:25:11 INFO ShutdownHookManager: Shutdown hook called
[2023-06-24T16:25:11.978+0000] {spark_submit.py:492} INFO - 23/06/24 16:25:11 INFO ShutdownHookManager: Deleting directory /tmp/spark-3183950a-718b-4213-b451-97d52bb20cf9
[2023-06-24T16:25:11.990+0000] {spark_submit.py:492} INFO - 23/06/24 16:25:11 INFO ShutdownHookManager: Deleting directory /tmp/spark-c695dd30-2d9f-41d5-8478-7b6e1d92a8de
[2023-06-24T16:25:12.055+0000] {spark_submit.py:492} INFO - 23/06/24 16:25:12 INFO ShutdownHookManager: Deleting directory /tmp/spark-3183950a-718b-4213-b451-97d52bb20cf9/pyspark-95b92616-42cb-42c4-bf0b-977307730fc4
[2023-06-24T16:25:12.269+0000] {taskinstance.py:1775} ERROR - Task failed with exception
Traceback (most recent call last):
  File "/home/airflow/.local/lib/python3.8/site-packages/airflow/providers/apache/spark/operators/spark_submit.py", line 157, in execute
    self._hook.submit(self._application)
  File "/home/airflow/.local/lib/python3.8/site-packages/airflow/providers/apache/spark/hooks/spark_submit.py", line 423, in submit
    raise AirflowException(
airflow.exceptions.AirflowException: Cannot execute: spark-submit --master spark://spark:7077 --name arrow-spark /opt/***/dags/spark_etl_spark_minio.py. Error code is: 1.
[2023-06-24T16:25:12.278+0000] {taskinstance.py:1321} INFO - Marking task as UP_FOR_RETRY. dag_id=spark_etl_minio_v1, task_id=spark_submit_task, execution_date=20230622T000000, start_date=20230624T162451, end_date=20230624T162512
[2023-06-24T16:25:12.345+0000] {standard_task_runner.py:100} ERROR - Failed to execute job 88 for task spark_submit_task (Cannot execute: spark-submit --master spark://spark:7077 --name arrow-spark /opt/***/dags/spark_etl_spark_minio.py. Error code is: 1.; 2331)
[2023-06-24T16:25:12.400+0000] {local_task_job.py:212} INFO - Task exited with return code 1
[2023-06-24T16:25:12.433+0000] {taskinstance.py:2585} INFO - 0 downstream tasks scheduled from follow-on schedule check
