[2023-06-25T05:21:18.140+0000] {taskinstance.py:1084} INFO - Dependencies all met for dep_context=non-requeueable deps ti=<TaskInstance: spark_airflow_dag_v6.spark_submit_task1 manual__2023-06-25T05:21:17.596388+00:00 [queued]>
[2023-06-25T05:21:18.148+0000] {taskinstance.py:1084} INFO - Dependencies all met for dep_context=requeueable deps ti=<TaskInstance: spark_airflow_dag_v6.spark_submit_task1 manual__2023-06-25T05:21:17.596388+00:00 [queued]>
[2023-06-25T05:21:18.149+0000] {taskinstance.py:1282} INFO - 
--------------------------------------------------------------------------------
[2023-06-25T05:21:18.149+0000] {taskinstance.py:1283} INFO - Starting attempt 1 of 1
[2023-06-25T05:21:18.149+0000] {taskinstance.py:1284} INFO - 
--------------------------------------------------------------------------------
[2023-06-25T05:21:18.159+0000] {taskinstance.py:1303} INFO - Executing <Task(SparkSubmitOperator): spark_submit_task1> on 2023-06-25 05:21:17.596388+00:00
[2023-06-25T05:21:18.163+0000] {standard_task_runner.py:55} INFO - Started process 18932 to run task
[2023-06-25T05:21:18.165+0000] {standard_task_runner.py:82} INFO - Running: ['***', 'tasks', 'run', 'spark_***_dag_v6', 'spark_submit_task1', 'manual__2023-06-25T05:21:17.596388+00:00', '--job-id', '200', '--raw', '--subdir', 'DAGS_FOLDER/spark_jobs_dag3.py', '--cfg-path', '/tmp/tmp_6_qi6_w']
[2023-06-25T05:21:18.166+0000] {standard_task_runner.py:83} INFO - Job 200: Subtask spark_submit_task1
[2023-06-25T05:21:18.178+0000] {warnings.py:109} WARNING - /home/***/.local/lib/python3.8/site-packages/***/settings.py:250: DeprecationWarning: The sql_alchemy_conn option in [core] has been moved to the sql_alchemy_conn option in [database] - the old setting has been used, but please update your config.
  SQL_ALCHEMY_CONN = conf.get("database", "SQL_ALCHEMY_CONN")

[2023-06-25T05:21:18.227+0000] {task_command.py:388} INFO - Running <TaskInstance: spark_airflow_dag_v6.spark_submit_task1 manual__2023-06-25T05:21:17.596388+00:00 [running]> on host a8d69ab09d2d
[2023-06-25T05:21:18.305+0000] {taskinstance.py:1509} INFO - Exporting the following env vars:
AIRFLOW_CTX_DAG_OWNER=***
AIRFLOW_CTX_DAG_ID=spark_***_dag_v6
AIRFLOW_CTX_TASK_ID=spark_submit_task1
AIRFLOW_CTX_EXECUTION_DATE=2023-06-25T05:21:17.596388+00:00
AIRFLOW_CTX_TRY_NUMBER=1
AIRFLOW_CTX_DAG_RUN_ID=manual__2023-06-25T05:21:17.596388+00:00
[2023-06-25T05:21:18.314+0000] {base.py:73} INFO - Using connection ID 'spark_conn' for task execution.
[2023-06-25T05:21:18.316+0000] {spark_submit.py:341} INFO - Spark-Submit cmd: spark-submit --master spark://spark:7077 --name arrow-spark /opt/***/dags/spark_etl_simple.py
[2023-06-25T05:21:19.340+0000] {spark_submit.py:492} INFO - WARNING: An illegal reflective access operation has occurred
[2023-06-25T05:21:19.341+0000] {spark_submit.py:492} INFO - WARNING: Illegal reflective access by org.apache.spark.unsafe.Platform (file:/opt/spark/jars/spark-unsafe_2.12-3.2.0.jar) to constructor java.nio.DirectByteBuffer(long,int)
[2023-06-25T05:21:19.341+0000] {spark_submit.py:492} INFO - WARNING: Please consider reporting this to the maintainers of org.apache.spark.unsafe.Platform
[2023-06-25T05:21:19.341+0000] {spark_submit.py:492} INFO - WARNING: Use --illegal-access=warn to enable warnings of further illegal reflective access operations
[2023-06-25T05:21:19.341+0000] {spark_submit.py:492} INFO - WARNING: All illegal access operations will be denied in a future release
[2023-06-25T05:21:20.466+0000] {spark_submit.py:492} INFO - Using Spark's default log4j profile: org/apache/spark/log4j-defaults.properties
[2023-06-25T05:21:20.473+0000] {spark_submit.py:492} INFO - 23/06/25 05:21:20 INFO SparkContext: Running Spark version 3.2.0
[2023-06-25T05:21:20.540+0000] {spark_submit.py:492} INFO - 23/06/25 05:21:20 WARN NativeCodeLoader: Unable to load native-hadoop library for your platform... using builtin-java classes where applicable
[2023-06-25T05:21:20.656+0000] {spark_submit.py:492} INFO - 23/06/25 05:21:20 INFO ResourceUtils: ==============================================================
[2023-06-25T05:21:20.656+0000] {spark_submit.py:492} INFO - 23/06/25 05:21:20 INFO ResourceUtils: No custom resources configured for spark.driver.
[2023-06-25T05:21:20.657+0000] {spark_submit.py:492} INFO - 23/06/25 05:21:20 INFO ResourceUtils: ==============================================================
[2023-06-25T05:21:20.658+0000] {spark_submit.py:492} INFO - 23/06/25 05:21:20 INFO SparkContext: Submitted application: test
[2023-06-25T05:21:20.686+0000] {spark_submit.py:492} INFO - 23/06/25 05:21:20 INFO ResourceProfile: Default ResourceProfile created, executor resources: Map(cores -> name: cores, amount: 1, script: , vendor: , memory -> name: memory, amount: 1024, script: , vendor: , offHeap -> name: offHeap, amount: 0, script: , vendor: ), task resources: Map(cpus -> name: cpus, amount: 1.0)
[2023-06-25T05:21:20.704+0000] {spark_submit.py:492} INFO - 23/06/25 05:21:20 INFO ResourceProfile: Limiting resource is cpu
[2023-06-25T05:21:20.704+0000] {spark_submit.py:492} INFO - 23/06/25 05:21:20 INFO ResourceProfileManager: Added ResourceProfile id: 0
[2023-06-25T05:21:20.768+0000] {spark_submit.py:492} INFO - 23/06/25 05:21:20 INFO SecurityManager: Changing view acls to: default
[2023-06-25T05:21:20.768+0000] {spark_submit.py:492} INFO - 23/06/25 05:21:20 INFO SecurityManager: Changing modify acls to: default
[2023-06-25T05:21:20.768+0000] {spark_submit.py:492} INFO - 23/06/25 05:21:20 INFO SecurityManager: Changing view acls groups to:
[2023-06-25T05:21:20.769+0000] {spark_submit.py:492} INFO - 23/06/25 05:21:20 INFO SecurityManager: Changing modify acls groups to:
[2023-06-25T05:21:20.769+0000] {spark_submit.py:492} INFO - 23/06/25 05:21:20 INFO SecurityManager: SecurityManager: authentication disabled; ui acls disabled; users  with view permissions: Set(default); groups with view permissions: Set(); users  with modify permissions: Set(default); groups with modify permissions: Set()
[2023-06-25T05:21:21.031+0000] {spark_submit.py:492} INFO - 23/06/25 05:21:21 INFO Utils: Successfully started service 'sparkDriver' on port 46249.
[2023-06-25T05:21:21.054+0000] {spark_submit.py:492} INFO - 23/06/25 05:21:21 INFO SparkEnv: Registering MapOutputTracker
[2023-06-25T05:21:21.078+0000] {spark_submit.py:492} INFO - 23/06/25 05:21:21 INFO SparkEnv: Registering BlockManagerMaster
[2023-06-25T05:21:21.092+0000] {spark_submit.py:492} INFO - 23/06/25 05:21:21 INFO BlockManagerMasterEndpoint: Using org.apache.spark.storage.DefaultTopologyMapper for getting topology information
[2023-06-25T05:21:21.092+0000] {spark_submit.py:492} INFO - 23/06/25 05:21:21 INFO BlockManagerMasterEndpoint: BlockManagerMasterEndpoint up
[2023-06-25T05:21:21.095+0000] {spark_submit.py:492} INFO - 23/06/25 05:21:21 INFO SparkEnv: Registering BlockManagerMasterHeartbeat
[2023-06-25T05:21:21.113+0000] {spark_submit.py:492} INFO - 23/06/25 05:21:21 INFO DiskBlockManager: Created local directory at /tmp/blockmgr-304d6709-fc03-42ee-9132-2ccf6c83ec23
[2023-06-25T05:21:21.129+0000] {spark_submit.py:492} INFO - 23/06/25 05:21:21 INFO MemoryStore: MemoryStore started with capacity 434.4 MiB
[2023-06-25T05:21:21.140+0000] {spark_submit.py:492} INFO - 23/06/25 05:21:21 INFO SparkEnv: Registering OutputCommitCoordinator
[2023-06-25T05:21:21.270+0000] {spark_submit.py:492} INFO - 23/06/25 05:21:21 INFO Utils: Successfully started service 'SparkUI' on port 4040.
[2023-06-25T05:21:21.370+0000] {spark_submit.py:492} INFO - 23/06/25 05:21:21 INFO SparkUI: Bound SparkUI to 0.0.0.0, and started at http://a8d69ab09d2d:4040
[2023-06-25T05:21:21.604+0000] {spark_submit.py:492} INFO - 23/06/25 05:21:21 INFO StandaloneAppClient$ClientEndpoint: Connecting to master spark://spark:7077...
[2023-06-25T05:21:21.695+0000] {spark_submit.py:492} INFO - 23/06/25 05:21:21 INFO TransportClientFactory: Successfully created connection to spark/172.19.0.9:7077 after 22 ms (0 ms spent in bootstraps)
[2023-06-25T05:21:21.822+0000] {spark_submit.py:492} INFO - 23/06/25 05:21:21 INFO StandaloneSchedulerBackend: Connected to Spark cluster with app ID app-20230625052121-0000
[2023-06-25T05:21:21.829+0000] {spark_submit.py:492} INFO - 23/06/25 05:21:21 INFO Utils: Successfully started service 'org.apache.spark.network.netty.NettyBlockTransferService' on port 36533.
[2023-06-25T05:21:21.829+0000] {spark_submit.py:492} INFO - 23/06/25 05:21:21 INFO NettyBlockTransferService: Server created on a8d69ab09d2d:36533
[2023-06-25T05:21:21.832+0000] {spark_submit.py:492} INFO - 23/06/25 05:21:21 INFO BlockManager: Using org.apache.spark.storage.RandomBlockReplicationPolicy for block replication policy
[2023-06-25T05:21:21.841+0000] {spark_submit.py:492} INFO - 23/06/25 05:21:21 INFO BlockManagerMaster: Registering BlockManager BlockManagerId(driver, a8d69ab09d2d, 36533, None)
[2023-06-25T05:21:21.844+0000] {spark_submit.py:492} INFO - 23/06/25 05:21:21 INFO BlockManagerMasterEndpoint: Registering block manager a8d69ab09d2d:36533 with 434.4 MiB RAM, BlockManagerId(driver, a8d69ab09d2d, 36533, None)
[2023-06-25T05:21:21.848+0000] {spark_submit.py:492} INFO - 23/06/25 05:21:21 INFO BlockManagerMaster: Registered BlockManager BlockManagerId(driver, a8d69ab09d2d, 36533, None)
[2023-06-25T05:21:21.850+0000] {spark_submit.py:492} INFO - 23/06/25 05:21:21 INFO BlockManager: Initialized BlockManager: BlockManagerId(driver, a8d69ab09d2d, 36533, None)
[2023-06-25T05:21:21.878+0000] {spark_submit.py:492} INFO - 23/06/25 05:21:21 INFO StandaloneAppClient$ClientEndpoint: Executor added: app-20230625052121-0000/0 on worker-20230625052031-172.19.0.10-41441 (172.19.0.10:41441) with 1 core(s)
[2023-06-25T05:21:21.884+0000] {spark_submit.py:492} INFO - 23/06/25 05:21:21 INFO StandaloneSchedulerBackend: Granted executor ID app-20230625052121-0000/0 on hostPort 172.19.0.10:41441 with 1 core(s), 1024.0 MiB RAM
[2023-06-25T05:21:22.080+0000] {spark_submit.py:492} INFO - 23/06/25 05:21:22 INFO StandaloneAppClient$ClientEndpoint: Executor updated: app-20230625052121-0000/0 is now RUNNING
[2023-06-25T05:21:22.135+0000] {spark_submit.py:492} INFO - 23/06/25 05:21:22 INFO StandaloneSchedulerBackend: SchedulerBackend is ready for scheduling beginning after reached minRegisteredResourcesRatio: 0.0
[2023-06-25T05:21:22.431+0000] {spark_submit.py:492} INFO - 23/06/25 05:21:22 INFO SharedState: Setting hive.metastore.warehouse.dir ('null') to the value of spark.sql.warehouse.dir.
[2023-06-25T05:21:22.453+0000] {spark_submit.py:492} INFO - 23/06/25 05:21:22 INFO SharedState: Warehouse path is 'file:/opt/***/spark-warehouse'.
[2023-06-25T05:21:25.094+0000] {spark_submit.py:492} INFO - 23/06/25 05:21:25 INFO CoarseGrainedSchedulerBackend$DriverEndpoint: Registered executor NettyRpcEndpointRef(spark-client://Executor) (172.19.0.10:60822) with ID 0,  ResourceProfileId 0
[2023-06-25T05:21:25.271+0000] {spark_submit.py:492} INFO - 23/06/25 05:21:25 INFO BlockManagerMasterEndpoint: Registering block manager 172.19.0.10:38177 with 366.3 MiB RAM, BlockManagerId(0, 172.19.0.10, 38177, None)
[2023-06-25T05:21:26.610+0000] {spark_submit.py:492} INFO - 23/06/25 05:21:26 INFO CodeGenerator: Code generated in 90.995511 ms
[2023-06-25T05:21:26.635+0000] {spark_submit.py:492} INFO - 23/06/25 05:21:26 INFO SparkContext: Starting job: showString at NativeMethodAccessorImpl.java:0
[2023-06-25T05:21:26.644+0000] {spark_submit.py:492} INFO - 23/06/25 05:21:26 INFO DAGScheduler: Got job 0 (showString at NativeMethodAccessorImpl.java:0) with 1 output partitions
[2023-06-25T05:21:26.645+0000] {spark_submit.py:492} INFO - 23/06/25 05:21:26 INFO DAGScheduler: Final stage: ResultStage 0 (showString at NativeMethodAccessorImpl.java:0)
[2023-06-25T05:21:26.645+0000] {spark_submit.py:492} INFO - 23/06/25 05:21:26 INFO DAGScheduler: Parents of final stage: List()
[2023-06-25T05:21:26.646+0000] {spark_submit.py:492} INFO - 23/06/25 05:21:26 INFO DAGScheduler: Missing parents: List()
[2023-06-25T05:21:26.649+0000] {spark_submit.py:492} INFO - 23/06/25 05:21:26 INFO DAGScheduler: Submitting ResultStage 0 (MapPartitionsRDD[6] at showString at NativeMethodAccessorImpl.java:0), which has no missing parents
[2023-06-25T05:21:26.714+0000] {spark_submit.py:492} INFO - 23/06/25 05:21:26 INFO MemoryStore: Block broadcast_0 stored as values in memory (estimated size 11.7 KiB, free 434.4 MiB)
[2023-06-25T05:21:26.739+0000] {spark_submit.py:492} INFO - 23/06/25 05:21:26 INFO MemoryStore: Block broadcast_0_piece0 stored as bytes in memory (estimated size 6.2 KiB, free 434.4 MiB)
[2023-06-25T05:21:26.741+0000] {spark_submit.py:492} INFO - 23/06/25 05:21:26 INFO BlockManagerInfo: Added broadcast_0_piece0 in memory on a8d69ab09d2d:36533 (size: 6.2 KiB, free: 434.4 MiB)
[2023-06-25T05:21:26.743+0000] {spark_submit.py:492} INFO - 23/06/25 05:21:26 INFO SparkContext: Created broadcast 0 from broadcast at DAGScheduler.scala:1427
[2023-06-25T05:21:26.756+0000] {spark_submit.py:492} INFO - 23/06/25 05:21:26 INFO DAGScheduler: Submitting 1 missing tasks from ResultStage 0 (MapPartitionsRDD[6] at showString at NativeMethodAccessorImpl.java:0) (first 15 tasks are for partitions Vector(0))
[2023-06-25T05:21:26.756+0000] {spark_submit.py:492} INFO - 23/06/25 05:21:26 INFO TaskSchedulerImpl: Adding task set 0.0 with 1 tasks resource profile 0
[2023-06-25T05:21:26.788+0000] {spark_submit.py:492} INFO - 23/06/25 05:21:26 INFO TaskSetManager: Starting task 0.0 in stage 0.0 (TID 0) (172.19.0.10, executor 0, partition 0, PROCESS_LOCAL, 4605 bytes) taskResourceAssignments Map()
[2023-06-25T05:21:27.010+0000] {spark_submit.py:492} INFO - 23/06/25 05:21:27 INFO BlockManagerInfo: Added broadcast_0_piece0 in memory on 172.19.0.10:38177 (size: 6.2 KiB, free: 366.3 MiB)
[2023-06-25T05:21:28.452+0000] {spark_submit.py:492} INFO - 23/06/25 05:21:28 INFO TaskSetManager: Finished task 0.0 in stage 0.0 (TID 0) in 1672 ms on 172.19.0.10 (executor 0) (1/1)
[2023-06-25T05:21:28.453+0000] {spark_submit.py:492} INFO - 23/06/25 05:21:28 INFO TaskSchedulerImpl: Removed TaskSet 0.0, whose tasks have all completed, from pool
[2023-06-25T05:21:28.456+0000] {spark_submit.py:492} INFO - 23/06/25 05:21:28 INFO PythonAccumulatorV2: Connected to AccumulatorServer at host: 127.0.0.1 port: 46841
[2023-06-25T05:21:28.459+0000] {spark_submit.py:492} INFO - 23/06/25 05:21:28 INFO DAGScheduler: ResultStage 0 (showString at NativeMethodAccessorImpl.java:0) finished in 1.802 s
[2023-06-25T05:21:28.461+0000] {spark_submit.py:492} INFO - 23/06/25 05:21:28 INFO DAGScheduler: Job 0 is finished. Cancelling potential speculative or zombie tasks for this job
[2023-06-25T05:21:28.461+0000] {spark_submit.py:492} INFO - 23/06/25 05:21:28 INFO TaskSchedulerImpl: Killing all running tasks in stage 0: Stage finished
[2023-06-25T05:21:28.463+0000] {spark_submit.py:492} INFO - 23/06/25 05:21:28 INFO DAGScheduler: Job 0 finished: showString at NativeMethodAccessorImpl.java:0, took 1.827315 s
[2023-06-25T05:21:28.472+0000] {spark_submit.py:492} INFO - 23/06/25 05:21:28 INFO SparkContext: Starting job: showString at NativeMethodAccessorImpl.java:0
[2023-06-25T05:21:28.473+0000] {spark_submit.py:492} INFO - 23/06/25 05:21:28 INFO DAGScheduler: Got job 1 (showString at NativeMethodAccessorImpl.java:0) with 1 output partitions
[2023-06-25T05:21:28.473+0000] {spark_submit.py:492} INFO - 23/06/25 05:21:28 INFO DAGScheduler: Final stage: ResultStage 1 (showString at NativeMethodAccessorImpl.java:0)
[2023-06-25T05:21:28.474+0000] {spark_submit.py:492} INFO - 23/06/25 05:21:28 INFO DAGScheduler: Parents of final stage: List()
[2023-06-25T05:21:28.474+0000] {spark_submit.py:492} INFO - 23/06/25 05:21:28 INFO DAGScheduler: Missing parents: List()
[2023-06-25T05:21:28.474+0000] {spark_submit.py:492} INFO - 23/06/25 05:21:28 INFO DAGScheduler: Submitting ResultStage 1 (MapPartitionsRDD[6] at showString at NativeMethodAccessorImpl.java:0), which has no missing parents
[2023-06-25T05:21:28.477+0000] {spark_submit.py:492} INFO - 23/06/25 05:21:28 INFO MemoryStore: Block broadcast_1 stored as values in memory (estimated size 11.7 KiB, free 434.4 MiB)
[2023-06-25T05:21:28.480+0000] {spark_submit.py:492} INFO - 23/06/25 05:21:28 INFO MemoryStore: Block broadcast_1_piece0 stored as bytes in memory (estimated size 6.2 KiB, free 434.4 MiB)
[2023-06-25T05:21:28.481+0000] {spark_submit.py:492} INFO - 23/06/25 05:21:28 INFO BlockManagerInfo: Added broadcast_1_piece0 in memory on a8d69ab09d2d:36533 (size: 6.2 KiB, free: 434.4 MiB)
[2023-06-25T05:21:28.481+0000] {spark_submit.py:492} INFO - 23/06/25 05:21:28 INFO SparkContext: Created broadcast 1 from broadcast at DAGScheduler.scala:1427
[2023-06-25T05:21:28.482+0000] {spark_submit.py:492} INFO - 23/06/25 05:21:28 INFO DAGScheduler: Submitting 1 missing tasks from ResultStage 1 (MapPartitionsRDD[6] at showString at NativeMethodAccessorImpl.java:0) (first 15 tasks are for partitions Vector(1))
[2023-06-25T05:21:28.482+0000] {spark_submit.py:492} INFO - 23/06/25 05:21:28 INFO TaskSchedulerImpl: Adding task set 1.0 with 1 tasks resource profile 0
[2023-06-25T05:21:28.483+0000] {spark_submit.py:492} INFO - 23/06/25 05:21:28 INFO TaskSetManager: Starting task 0.0 in stage 1.0 (TID 1) (172.19.0.10, executor 0, partition 1, PROCESS_LOCAL, 4529 bytes) taskResourceAssignments Map()
[2023-06-25T05:21:28.497+0000] {spark_submit.py:492} INFO - 23/06/25 05:21:28 INFO BlockManagerInfo: Added broadcast_1_piece0 in memory on 172.19.0.10:38177 (size: 6.2 KiB, free: 366.3 MiB)
[2023-06-25T05:21:28.553+0000] {spark_submit.py:492} INFO - 23/06/25 05:21:28 INFO TaskSetManager: Finished task 0.0 in stage 1.0 (TID 1) in 70 ms on 172.19.0.10 (executor 0) (1/1)
[2023-06-25T05:21:28.553+0000] {spark_submit.py:492} INFO - 23/06/25 05:21:28 INFO TaskSchedulerImpl: Removed TaskSet 1.0, whose tasks have all completed, from pool
[2023-06-25T05:21:28.554+0000] {spark_submit.py:492} INFO - 23/06/25 05:21:28 INFO DAGScheduler: ResultStage 1 (showString at NativeMethodAccessorImpl.java:0) finished in 0.079 s
[2023-06-25T05:21:28.554+0000] {spark_submit.py:492} INFO - 23/06/25 05:21:28 INFO DAGScheduler: Job 1 is finished. Cancelling potential speculative or zombie tasks for this job
[2023-06-25T05:21:28.555+0000] {spark_submit.py:492} INFO - 23/06/25 05:21:28 INFO TaskSchedulerImpl: Killing all running tasks in stage 1: Stage finished
[2023-06-25T05:21:28.555+0000] {spark_submit.py:492} INFO - 23/06/25 05:21:28 INFO DAGScheduler: Job 1 finished: showString at NativeMethodAccessorImpl.java:0, took 0.082723 s
[2023-06-25T05:21:28.601+0000] {spark_submit.py:492} INFO - 23/06/25 05:21:28 INFO CodeGenerator: Code generated in 33.971004 ms
[2023-06-25T05:21:28.618+0000] {spark_submit.py:492} INFO - +-----+-----------------------------------------------------------------------------+
[2023-06-25T05:21:28.619+0000] {spark_submit.py:492} INFO - |Seqno|Quote                                                                        |
[2023-06-25T05:21:28.619+0000] {spark_submit.py:492} INFO - +-----+-----------------------------------------------------------------------------+
[2023-06-25T05:21:28.619+0000] {spark_submit.py:492} INFO - |1    |Be the change that you wish to see in the world                              |
[2023-06-25T05:21:28.619+0000] {spark_submit.py:492} INFO - |2    |Everyone thinks of changing the world, but no one thinks of changing himself.|
[2023-06-25T05:21:28.619+0000] {spark_submit.py:492} INFO - |3    |The purpose of our lives is to be happy.                                     |
[2023-06-25T05:21:28.619+0000] {spark_submit.py:492} INFO - |4    |Be cool.                                                                     |
[2023-06-25T05:21:28.619+0000] {spark_submit.py:492} INFO - +-----+-----------------------------------------------------------------------------+
[2023-06-25T05:21:28.620+0000] {spark_submit.py:492} INFO - 
[2023-06-25T05:21:28.622+0000] {spark_submit.py:492} INFO - 23/06/25 05:21:28 INFO BlockManagerInfo: Removed broadcast_1_piece0 on a8d69ab09d2d:36533 in memory (size: 6.2 KiB, free: 434.4 MiB)
[2023-06-25T05:21:28.625+0000] {spark_submit.py:492} INFO - 23/06/25 05:21:28 INFO BlockManagerInfo: Removed broadcast_1_piece0 on 172.19.0.10:38177 in memory (size: 6.2 KiB, free: 366.3 MiB)
[2023-06-25T05:21:28.634+0000] {spark_submit.py:492} INFO - 23/06/25 05:21:28 INFO BlockManagerInfo: Removed broadcast_0_piece0 on a8d69ab09d2d:36533 in memory (size: 6.2 KiB, free: 434.4 MiB)
[2023-06-25T05:21:28.638+0000] {spark_submit.py:492} INFO - 23/06/25 05:21:28 INFO BlockManagerInfo: Removed broadcast_0_piece0 on 172.19.0.10:38177 in memory (size: 6.2 KiB, free: 366.3 MiB)
[2023-06-25T05:21:28.687+0000] {spark_submit.py:492} INFO - 23/06/25 05:21:28 INFO SparkContext: Invoking stop() from shutdown hook
[2023-06-25T05:21:28.693+0000] {spark_submit.py:492} INFO - 23/06/25 05:21:28 INFO SparkUI: Stopped Spark web UI at http://a8d69ab09d2d:4040
[2023-06-25T05:21:28.696+0000] {spark_submit.py:492} INFO - 23/06/25 05:21:28 INFO StandaloneSchedulerBackend: Shutting down all executors
[2023-06-25T05:21:28.696+0000] {spark_submit.py:492} INFO - 23/06/25 05:21:28 INFO CoarseGrainedSchedulerBackend$DriverEndpoint: Asking each executor to shut down
[2023-06-25T05:21:28.712+0000] {spark_submit.py:492} INFO - 23/06/25 05:21:28 INFO MapOutputTrackerMasterEndpoint: MapOutputTrackerMasterEndpoint stopped!
[2023-06-25T05:21:28.727+0000] {spark_submit.py:492} INFO - 23/06/25 05:21:28 INFO MemoryStore: MemoryStore cleared
[2023-06-25T05:21:28.728+0000] {spark_submit.py:492} INFO - 23/06/25 05:21:28 INFO BlockManager: BlockManager stopped
[2023-06-25T05:21:28.733+0000] {spark_submit.py:492} INFO - 23/06/25 05:21:28 INFO BlockManagerMaster: BlockManagerMaster stopped
[2023-06-25T05:21:28.737+0000] {spark_submit.py:492} INFO - 23/06/25 05:21:28 INFO OutputCommitCoordinator$OutputCommitCoordinatorEndpoint: OutputCommitCoordinator stopped!
[2023-06-25T05:21:28.748+0000] {spark_submit.py:492} INFO - 23/06/25 05:21:28 INFO SparkContext: Successfully stopped SparkContext
[2023-06-25T05:21:28.748+0000] {spark_submit.py:492} INFO - 23/06/25 05:21:28 INFO ShutdownHookManager: Shutdown hook called
[2023-06-25T05:21:28.749+0000] {spark_submit.py:492} INFO - 23/06/25 05:21:28 INFO ShutdownHookManager: Deleting directory /tmp/spark-7d94ecfd-3fc3-49f8-98e8-ab1d964dca88
[2023-06-25T05:21:28.752+0000] {spark_submit.py:492} INFO - 23/06/25 05:21:28 INFO ShutdownHookManager: Deleting directory /tmp/spark-8b7f3e31-da0a-4294-9aae-b55ee57d2ace
[2023-06-25T05:21:28.756+0000] {spark_submit.py:492} INFO - 23/06/25 05:21:28 INFO ShutdownHookManager: Deleting directory /tmp/spark-8b7f3e31-da0a-4294-9aae-b55ee57d2ace/pyspark-d34d0053-fa6c-4966-ad04-60b5803ca01d
[2023-06-25T05:21:28.866+0000] {taskinstance.py:1321} INFO - Marking task as SUCCESS. dag_id=spark_***_dag_v6, task_id=spark_submit_task1, execution_date=20230625T052117, start_date=20230625T052118, end_date=20230625T052128
[2023-06-25T05:21:28.919+0000] {local_task_job.py:212} INFO - Task exited with return code 0
[2023-06-25T05:21:28.931+0000] {taskinstance.py:2585} INFO - 0 downstream tasks scheduled from follow-on schedule check
