[2023-06-24T16:41:07.989+0000] {taskinstance.py:1084} INFO - Dependencies all met for dep_context=non-requeueable deps ti=<TaskInstance: spark_etl_minio_v3.spark_submit_task manual__2023-06-24T16:39:30.913262+00:00 [queued]>
[2023-06-24T16:41:08.006+0000] {taskinstance.py:1084} INFO - Dependencies all met for dep_context=requeueable deps ti=<TaskInstance: spark_etl_minio_v3.spark_submit_task manual__2023-06-24T16:39:30.913262+00:00 [queued]>
[2023-06-24T16:41:08.006+0000] {taskinstance.py:1282} INFO - 
--------------------------------------------------------------------------------
[2023-06-24T16:41:08.006+0000] {taskinstance.py:1283} INFO - Starting attempt 2 of 7
[2023-06-24T16:41:08.006+0000] {taskinstance.py:1284} INFO - 
--------------------------------------------------------------------------------
[2023-06-24T16:41:08.024+0000] {taskinstance.py:1303} INFO - Executing <Task(SparkSubmitOperator): spark_submit_task> on 2023-06-24 16:39:30.913262+00:00
[2023-06-24T16:41:08.031+0000] {standard_task_runner.py:55} INFO - Started process 7320 to run task
[2023-06-24T16:41:08.035+0000] {standard_task_runner.py:82} INFO - Running: ['***', 'tasks', 'run', 'spark_etl_minio_v3', 'spark_submit_task', 'manual__2023-06-24T16:39:30.913262+00:00', '--job-id', '110', '--raw', '--subdir', 'DAGS_FOLDER/spark_job_minio.py', '--cfg-path', '/tmp/tmpcr9lgi4c']
[2023-06-24T16:41:08.036+0000] {standard_task_runner.py:83} INFO - Job 110: Subtask spark_submit_task
[2023-06-24T16:41:08.052+0000] {warnings.py:109} WARNING - /home/***/.local/lib/python3.8/site-packages/***/settings.py:250: DeprecationWarning: The sql_alchemy_conn option in [core] has been moved to the sql_alchemy_conn option in [database] - the old setting has been used, but please update your config.
  SQL_ALCHEMY_CONN = conf.get("database", "SQL_ALCHEMY_CONN")

[2023-06-24T16:41:08.110+0000] {task_command.py:388} INFO - Running <TaskInstance: spark_etl_minio_v3.spark_submit_task manual__2023-06-24T16:39:30.913262+00:00 [running]> on host a8d69ab09d2d
[2023-06-24T16:41:08.196+0000] {taskinstance.py:1509} INFO - Exporting the following env vars:
AIRFLOW_CTX_DAG_OWNER=***
AIRFLOW_CTX_DAG_ID=spark_etl_minio_v3
AIRFLOW_CTX_TASK_ID=spark_submit_task
AIRFLOW_CTX_EXECUTION_DATE=2023-06-24T16:39:30.913262+00:00
AIRFLOW_CTX_TRY_NUMBER=2
AIRFLOW_CTX_DAG_RUN_ID=manual__2023-06-24T16:39:30.913262+00:00
[2023-06-24T16:41:08.207+0000] {base.py:73} INFO - Using connection ID 'spark_conn' for task execution.
[2023-06-24T16:41:08.209+0000] {spark_submit.py:341} INFO - Spark-Submit cmd: spark-submit --master spark://spark:7077 --jars /opt/bitnami/spark/jars/hadoop-aws-3.2.0.jar, /opt/bitnami/spark/jars/aws-java-sdk-bundle-1.11.375.jar --name arrow-spark /opt/***/dags/spark_etl_spark_minio.py
[2023-06-24T16:41:09.813+0000] {spark_submit.py:492} INFO - WARNING: An illegal reflective access operation has occurred
[2023-06-24T16:41:09.814+0000] {spark_submit.py:492} INFO - WARNING: Illegal reflective access by org.apache.spark.unsafe.Platform (file:/opt/spark/jars/spark-unsafe_2.12-3.2.0.jar) to constructor java.nio.DirectByteBuffer(long,int)
[2023-06-24T16:41:09.814+0000] {spark_submit.py:492} INFO - WARNING: Please consider reporting this to the maintainers of org.apache.spark.unsafe.Platform
[2023-06-24T16:41:09.814+0000] {spark_submit.py:492} INFO - WARNING: Use --illegal-access=warn to enable warnings of further illegal reflective access operations
[2023-06-24T16:41:09.815+0000] {spark_submit.py:492} INFO - WARNING: All illegal access operations will be denied in a future release
[2023-06-24T16:41:10.325+0000] {spark_submit.py:492} INFO - 23/06/24 16:41:10 WARN NativeCodeLoader: Unable to load native-hadoop library for your platform... using builtin-java classes where applicable
[2023-06-24T16:41:10.654+0000] {spark_submit.py:492} INFO - Using Spark's default log4j profile: org/apache/spark/log4j-defaults.properties
[2023-06-24T16:41:10.654+0000] {spark_submit.py:492} INFO - 23/06/24 16:41:10 WARN DependencyUtils: Local jar /opt/bitnami/spark/jars/hadoop-aws-3.2.0.jar does not exist, skipping.
[2023-06-24T16:41:10.654+0000] {spark_submit.py:492} INFO - 23/06/24 16:41:10 WARN DependencyUtils: Local jar /opt/***/ /opt/bitnami/spark/jars/aws-java-sdk-bundle-1.11.375.jar does not exist, skipping.
[2023-06-24T16:41:11.869+0000] {spark_submit.py:492} INFO - 23/06/24 16:41:11 INFO SparkContext: Running Spark version 3.2.0
[2023-06-24T16:41:11.902+0000] {spark_submit.py:492} INFO - 23/06/24 16:41:11 INFO ResourceUtils: ==============================================================
[2023-06-24T16:41:11.902+0000] {spark_submit.py:492} INFO - 23/06/24 16:41:11 INFO ResourceUtils: No custom resources configured for spark.driver.
[2023-06-24T16:41:11.903+0000] {spark_submit.py:492} INFO - 23/06/24 16:41:11 INFO ResourceUtils: ==============================================================
[2023-06-24T16:41:11.904+0000] {spark_submit.py:492} INFO - 23/06/24 16:41:11 INFO SparkContext: Submitted application: arrow-spark
[2023-06-24T16:41:11.952+0000] {spark_submit.py:492} INFO - 23/06/24 16:41:11 INFO ResourceProfile: Default ResourceProfile created, executor resources: Map(cores -> name: cores, amount: 1, script: , vendor: , memory -> name: memory, amount: 1024, script: , vendor: , offHeap -> name: offHeap, amount: 0, script: , vendor: ), task resources: Map(cpus -> name: cpus, amount: 1.0)
[2023-06-24T16:41:11.964+0000] {spark_submit.py:492} INFO - 23/06/24 16:41:11 INFO ResourceProfile: Limiting resource is cpu
[2023-06-24T16:41:11.965+0000] {spark_submit.py:492} INFO - 23/06/24 16:41:11 INFO ResourceProfileManager: Added ResourceProfile id: 0
[2023-06-24T16:41:12.031+0000] {spark_submit.py:492} INFO - 23/06/24 16:41:12 INFO SecurityManager: Changing view acls to: default
[2023-06-24T16:41:12.032+0000] {spark_submit.py:492} INFO - 23/06/24 16:41:12 INFO SecurityManager: Changing modify acls to: default
[2023-06-24T16:41:12.032+0000] {spark_submit.py:492} INFO - 23/06/24 16:41:12 INFO SecurityManager: Changing view acls groups to:
[2023-06-24T16:41:12.032+0000] {spark_submit.py:492} INFO - 23/06/24 16:41:12 INFO SecurityManager: Changing modify acls groups to:
[2023-06-24T16:41:12.033+0000] {spark_submit.py:492} INFO - 23/06/24 16:41:12 INFO SecurityManager: SecurityManager: authentication disabled; ui acls disabled; users  with view permissions: Set(default); groups with view permissions: Set(); users  with modify permissions: Set(default); groups with modify permissions: Set()
[2023-06-24T16:41:12.415+0000] {spark_submit.py:492} INFO - 23/06/24 16:41:12 INFO Utils: Successfully started service 'sparkDriver' on port 33759.
[2023-06-24T16:41:12.458+0000] {spark_submit.py:492} INFO - 23/06/24 16:41:12 INFO SparkEnv: Registering MapOutputTracker
[2023-06-24T16:41:12.495+0000] {spark_submit.py:492} INFO - 23/06/24 16:41:12 INFO SparkEnv: Registering BlockManagerMaster
[2023-06-24T16:41:12.519+0000] {spark_submit.py:492} INFO - 23/06/24 16:41:12 INFO BlockManagerMasterEndpoint: Using org.apache.spark.storage.DefaultTopologyMapper for getting topology information
[2023-06-24T16:41:12.520+0000] {spark_submit.py:492} INFO - 23/06/24 16:41:12 INFO BlockManagerMasterEndpoint: BlockManagerMasterEndpoint up
[2023-06-24T16:41:12.525+0000] {spark_submit.py:492} INFO - 23/06/24 16:41:12 INFO SparkEnv: Registering BlockManagerMasterHeartbeat
[2023-06-24T16:41:12.560+0000] {spark_submit.py:492} INFO - 23/06/24 16:41:12 INFO DiskBlockManager: Created local directory at /tmp/blockmgr-f580be78-28cb-41ca-a1ee-745ffba281db
[2023-06-24T16:41:12.589+0000] {spark_submit.py:492} INFO - 23/06/24 16:41:12 INFO MemoryStore: MemoryStore started with capacity 434.4 MiB
[2023-06-24T16:41:12.614+0000] {spark_submit.py:492} INFO - 23/06/24 16:41:12 INFO SparkEnv: Registering OutputCommitCoordinator
[2023-06-24T16:41:12.926+0000] {spark_submit.py:492} INFO - 23/06/24 16:41:12 INFO Utils: Successfully started service 'SparkUI' on port 4040.
[2023-06-24T16:41:13.036+0000] {spark_submit.py:492} INFO - 23/06/24 16:41:13 INFO SparkUI: Bound SparkUI to 0.0.0.0, and started at http://a8d69ab09d2d:4040
[2023-06-24T16:41:13.061+0000] {spark_submit.py:492} INFO - 23/06/24 16:41:13 ERROR SparkContext: Failed to add file:/opt/bitnami/spark/jars/hadoop-aws-3.2.0.jar to Spark environment
[2023-06-24T16:41:13.062+0000] {spark_submit.py:492} INFO - java.io.FileNotFoundException: Jar /opt/bitnami/spark/jars/hadoop-aws-3.2.0.jar not found
[2023-06-24T16:41:13.062+0000] {spark_submit.py:492} INFO - at org.apache.spark.SparkContext.addLocalJarFile$1(SparkContext.scala:1935)
[2023-06-24T16:41:13.062+0000] {spark_submit.py:492} INFO - at org.apache.spark.SparkContext.addJar(SparkContext.scala:1990)
[2023-06-24T16:41:13.062+0000] {spark_submit.py:492} INFO - at org.apache.spark.SparkContext.$anonfun$new$12(SparkContext.scala:503)
[2023-06-24T16:41:13.062+0000] {spark_submit.py:492} INFO - at org.apache.spark.SparkContext.$anonfun$new$12$adapted(SparkContext.scala:503)
[2023-06-24T16:41:13.062+0000] {spark_submit.py:492} INFO - at scala.collection.mutable.ResizableArray.foreach(ResizableArray.scala:62)
[2023-06-24T16:41:13.062+0000] {spark_submit.py:492} INFO - at scala.collection.mutable.ResizableArray.foreach$(ResizableArray.scala:55)
[2023-06-24T16:41:13.062+0000] {spark_submit.py:492} INFO - at scala.collection.mutable.ArrayBuffer.foreach(ArrayBuffer.scala:49)
[2023-06-24T16:41:13.063+0000] {spark_submit.py:492} INFO - at org.apache.spark.SparkContext.<init>(SparkContext.scala:503)
[2023-06-24T16:41:13.063+0000] {spark_submit.py:492} INFO - at org.apache.spark.api.java.JavaSparkContext.<init>(JavaSparkContext.scala:58)
[2023-06-24T16:41:13.063+0000] {spark_submit.py:492} INFO - at java.base/jdk.internal.reflect.NativeConstructorAccessorImpl.newInstance0(Native Method)
[2023-06-24T16:41:13.063+0000] {spark_submit.py:492} INFO - at java.base/jdk.internal.reflect.NativeConstructorAccessorImpl.newInstance(NativeConstructorAccessorImpl.java:62)
[2023-06-24T16:41:13.063+0000] {spark_submit.py:492} INFO - at java.base/jdk.internal.reflect.DelegatingConstructorAccessorImpl.newInstance(DelegatingConstructorAccessorImpl.java:45)
[2023-06-24T16:41:13.063+0000] {spark_submit.py:492} INFO - at java.base/java.lang.reflect.Constructor.newInstance(Constructor.java:490)
[2023-06-24T16:41:13.063+0000] {spark_submit.py:492} INFO - at py4j.reflection.MethodInvoker.invoke(MethodInvoker.java:247)
[2023-06-24T16:41:13.064+0000] {spark_submit.py:492} INFO - at py4j.reflection.ReflectionEngine.invoke(ReflectionEngine.java:357)
[2023-06-24T16:41:13.064+0000] {spark_submit.py:492} INFO - at py4j.Gateway.invoke(Gateway.java:238)
[2023-06-24T16:41:13.064+0000] {spark_submit.py:492} INFO - at py4j.commands.ConstructorCommand.invokeConstructor(ConstructorCommand.java:80)
[2023-06-24T16:41:13.064+0000] {spark_submit.py:492} INFO - at py4j.commands.ConstructorCommand.execute(ConstructorCommand.java:69)
[2023-06-24T16:41:13.064+0000] {spark_submit.py:492} INFO - at py4j.ClientServerConnection.waitForCommands(ClientServerConnection.java:182)
[2023-06-24T16:41:13.064+0000] {spark_submit.py:492} INFO - at py4j.ClientServerConnection.run(ClientServerConnection.java:106)
[2023-06-24T16:41:13.064+0000] {spark_submit.py:492} INFO - at java.base/java.lang.Thread.run(Thread.java:829)
[2023-06-24T16:41:13.065+0000] {spark_submit.py:492} INFO - 23/06/24 16:41:13 ERROR SparkContext: Failed to add file:/opt/***/%20/opt/bitnami/spark/jars/aws-java-sdk-bundle-1.11.375.jar to Spark environment
[2023-06-24T16:41:13.065+0000] {spark_submit.py:492} INFO - java.io.FileNotFoundException: Jar /opt/***/ /opt/bitnami/spark/jars/aws-java-sdk-bundle-1.11.375.jar not found
[2023-06-24T16:41:13.065+0000] {spark_submit.py:492} INFO - at org.apache.spark.SparkContext.addLocalJarFile$1(SparkContext.scala:1935)
[2023-06-24T16:41:13.065+0000] {spark_submit.py:492} INFO - at org.apache.spark.SparkContext.addJar(SparkContext.scala:1990)
[2023-06-24T16:41:13.065+0000] {spark_submit.py:492} INFO - at org.apache.spark.SparkContext.$anonfun$new$12(SparkContext.scala:503)
[2023-06-24T16:41:13.065+0000] {spark_submit.py:492} INFO - at org.apache.spark.SparkContext.$anonfun$new$12$adapted(SparkContext.scala:503)
[2023-06-24T16:41:13.065+0000] {spark_submit.py:492} INFO - at scala.collection.mutable.ResizableArray.foreach(ResizableArray.scala:62)
[2023-06-24T16:41:13.066+0000] {spark_submit.py:492} INFO - at scala.collection.mutable.ResizableArray.foreach$(ResizableArray.scala:55)
[2023-06-24T16:41:13.066+0000] {spark_submit.py:492} INFO - at scala.collection.mutable.ArrayBuffer.foreach(ArrayBuffer.scala:49)
[2023-06-24T16:41:13.066+0000] {spark_submit.py:492} INFO - at org.apache.spark.SparkContext.<init>(SparkContext.scala:503)
[2023-06-24T16:41:13.066+0000] {spark_submit.py:492} INFO - at org.apache.spark.api.java.JavaSparkContext.<init>(JavaSparkContext.scala:58)
[2023-06-24T16:41:13.066+0000] {spark_submit.py:492} INFO - at java.base/jdk.internal.reflect.NativeConstructorAccessorImpl.newInstance0(Native Method)
[2023-06-24T16:41:13.066+0000] {spark_submit.py:492} INFO - at java.base/jdk.internal.reflect.NativeConstructorAccessorImpl.newInstance(NativeConstructorAccessorImpl.java:62)
[2023-06-24T16:41:13.066+0000] {spark_submit.py:492} INFO - at java.base/jdk.internal.reflect.DelegatingConstructorAccessorImpl.newInstance(DelegatingConstructorAccessorImpl.java:45)
[2023-06-24T16:41:13.067+0000] {spark_submit.py:492} INFO - at java.base/java.lang.reflect.Constructor.newInstance(Constructor.java:490)
[2023-06-24T16:41:13.067+0000] {spark_submit.py:492} INFO - at py4j.reflection.MethodInvoker.invoke(MethodInvoker.java:247)
[2023-06-24T16:41:13.067+0000] {spark_submit.py:492} INFO - at py4j.reflection.ReflectionEngine.invoke(ReflectionEngine.java:357)
[2023-06-24T16:41:13.067+0000] {spark_submit.py:492} INFO - at py4j.Gateway.invoke(Gateway.java:238)
[2023-06-24T16:41:13.067+0000] {spark_submit.py:492} INFO - at py4j.commands.ConstructorCommand.invokeConstructor(ConstructorCommand.java:80)
[2023-06-24T16:41:13.068+0000] {spark_submit.py:492} INFO - at py4j.commands.ConstructorCommand.execute(ConstructorCommand.java:69)
[2023-06-24T16:41:13.068+0000] {spark_submit.py:492} INFO - at py4j.ClientServerConnection.waitForCommands(ClientServerConnection.java:182)
[2023-06-24T16:41:13.068+0000] {spark_submit.py:492} INFO - at py4j.ClientServerConnection.run(ClientServerConnection.java:106)
[2023-06-24T16:41:13.068+0000] {spark_submit.py:492} INFO - at java.base/java.lang.Thread.run(Thread.java:829)
[2023-06-24T16:41:13.417+0000] {spark_submit.py:492} INFO - 23/06/24 16:41:13 INFO StandaloneAppClient$ClientEndpoint: Connecting to master spark://spark:7077...
[2023-06-24T16:41:13.485+0000] {spark_submit.py:492} INFO - 23/06/24 16:41:13 INFO TransportClientFactory: Successfully created connection to spark/172.19.0.11:7077 after 42 ms (0 ms spent in bootstraps)
[2023-06-24T16:41:13.598+0000] {spark_submit.py:492} INFO - 23/06/24 16:41:13 INFO StandaloneSchedulerBackend: Connected to Spark cluster with app ID app-20230624164113-0033
[2023-06-24T16:41:13.611+0000] {spark_submit.py:492} INFO - 23/06/24 16:41:13 INFO StandaloneAppClient$ClientEndpoint: Executor added: app-20230624164113-0033/0 on worker-20230624161025-172.19.0.3-35241 (172.19.0.3:35241) with 1 core(s)
[2023-06-24T16:41:13.613+0000] {spark_submit.py:492} INFO - 23/06/24 16:41:13 INFO StandaloneSchedulerBackend: Granted executor ID app-20230624164113-0033/0 on hostPort 172.19.0.3:35241 with 1 core(s), 1024.0 MiB RAM
[2023-06-24T16:41:13.622+0000] {spark_submit.py:492} INFO - 23/06/24 16:41:13 INFO Utils: Successfully started service 'org.apache.spark.network.netty.NettyBlockTransferService' on port 32843.
[2023-06-24T16:41:13.622+0000] {spark_submit.py:492} INFO - 23/06/24 16:41:13 INFO NettyBlockTransferService: Server created on a8d69ab09d2d:32843
[2023-06-24T16:41:13.623+0000] {spark_submit.py:492} INFO - 23/06/24 16:41:13 INFO BlockManager: Using org.apache.spark.storage.RandomBlockReplicationPolicy for block replication policy
[2023-06-24T16:41:13.644+0000] {spark_submit.py:492} INFO - 23/06/24 16:41:13 INFO BlockManagerMaster: Registering BlockManager BlockManagerId(driver, a8d69ab09d2d, 32843, None)
[2023-06-24T16:41:13.656+0000] {spark_submit.py:492} INFO - 23/06/24 16:41:13 INFO BlockManagerMasterEndpoint: Registering block manager a8d69ab09d2d:32843 with 434.4 MiB RAM, BlockManagerId(driver, a8d69ab09d2d, 32843, None)
[2023-06-24T16:41:13.657+0000] {spark_submit.py:492} INFO - 23/06/24 16:41:13 INFO BlockManagerMaster: Registered BlockManager BlockManagerId(driver, a8d69ab09d2d, 32843, None)
[2023-06-24T16:41:13.658+0000] {spark_submit.py:492} INFO - 23/06/24 16:41:13 INFO BlockManager: Initialized BlockManager: BlockManagerId(driver, a8d69ab09d2d, 32843, None)
[2023-06-24T16:41:13.663+0000] {spark_submit.py:492} INFO - 23/06/24 16:41:13 INFO StandaloneAppClient$ClientEndpoint: Executor updated: app-20230624164113-0033/0 is now RUNNING
[2023-06-24T16:41:13.974+0000] {spark_submit.py:492} INFO - 23/06/24 16:41:13 INFO StandaloneSchedulerBackend: SchedulerBackend is ready for scheduling beginning after reached minRegisteredResourcesRatio: 0.0
[2023-06-24T16:41:14.252+0000] {spark_submit.py:492} INFO - 23/06/24 16:41:14 INFO SharedState: Setting hive.metastore.warehouse.dir ('null') to the value of spark.sql.warehouse.dir.
[2023-06-24T16:41:14.256+0000] {spark_submit.py:492} INFO - 23/06/24 16:41:14 INFO SharedState: Warehouse path is 'file:/opt/***/spark-warehouse'.
[2023-06-24T16:41:16.798+0000] {spark_submit.py:492} INFO - 23/06/24 16:41:16 INFO CoarseGrainedSchedulerBackend$DriverEndpoint: Registered executor NettyRpcEndpointRef(spark-client://Executor) (172.19.0.3:54346) with ID 0,  ResourceProfileId 0
[2023-06-24T16:41:16.956+0000] {spark_submit.py:492} INFO - 23/06/24 16:41:16 INFO BlockManagerMasterEndpoint: Registering block manager 172.19.0.3:35379 with 366.3 MiB RAM, BlockManagerId(0, 172.19.0.3, 35379, None)
[2023-06-24T16:41:18.977+0000] {spark_submit.py:492} INFO - 23/06/24 16:41:18 INFO CodeGenerator: Code generated in 181.231983 ms
[2023-06-24T16:41:19.013+0000] {spark_submit.py:492} INFO - 23/06/24 16:41:19 INFO SparkContext: Starting job: showString at NativeMethodAccessorImpl.java:0
[2023-06-24T16:41:19.036+0000] {spark_submit.py:492} INFO - 23/06/24 16:41:19 INFO DAGScheduler: Got job 0 (showString at NativeMethodAccessorImpl.java:0) with 1 output partitions
[2023-06-24T16:41:19.040+0000] {spark_submit.py:492} INFO - 23/06/24 16:41:19 INFO DAGScheduler: Final stage: ResultStage 0 (showString at NativeMethodAccessorImpl.java:0)
[2023-06-24T16:41:19.040+0000] {spark_submit.py:492} INFO - 23/06/24 16:41:19 INFO DAGScheduler: Parents of final stage: List()
[2023-06-24T16:41:19.040+0000] {spark_submit.py:492} INFO - 23/06/24 16:41:19 INFO DAGScheduler: Missing parents: List()
[2023-06-24T16:41:19.054+0000] {spark_submit.py:492} INFO - 23/06/24 16:41:19 INFO DAGScheduler: Submitting ResultStage 0 (MapPartitionsRDD[6] at showString at NativeMethodAccessorImpl.java:0), which has no missing parents
[2023-06-24T16:41:19.183+0000] {spark_submit.py:492} INFO - 23/06/24 16:41:19 INFO MemoryStore: Block broadcast_0 stored as values in memory (estimated size 11.7 KiB, free 434.4 MiB)
[2023-06-24T16:41:19.222+0000] {spark_submit.py:492} INFO - 23/06/24 16:41:19 INFO MemoryStore: Block broadcast_0_piece0 stored as bytes in memory (estimated size 6.2 KiB, free 434.4 MiB)
[2023-06-24T16:41:19.228+0000] {spark_submit.py:492} INFO - 23/06/24 16:41:19 INFO BlockManagerInfo: Added broadcast_0_piece0 in memory on a8d69ab09d2d:32843 (size: 6.2 KiB, free: 434.4 MiB)
[2023-06-24T16:41:19.229+0000] {spark_submit.py:492} INFO - 23/06/24 16:41:19 INFO SparkContext: Created broadcast 0 from broadcast at DAGScheduler.scala:1427
[2023-06-24T16:41:19.243+0000] {spark_submit.py:492} INFO - 23/06/24 16:41:19 INFO DAGScheduler: Submitting 1 missing tasks from ResultStage 0 (MapPartitionsRDD[6] at showString at NativeMethodAccessorImpl.java:0) (first 15 tasks are for partitions Vector(0))
[2023-06-24T16:41:19.244+0000] {spark_submit.py:492} INFO - 23/06/24 16:41:19 INFO TaskSchedulerImpl: Adding task set 0.0 with 1 tasks resource profile 0
[2023-06-24T16:41:19.279+0000] {spark_submit.py:492} INFO - 23/06/24 16:41:19 INFO TaskSetManager: Starting task 0.0 in stage 0.0 (TID 0) (172.19.0.3, executor 0, partition 0, PROCESS_LOCAL, 4605 bytes) taskResourceAssignments Map()
[2023-06-24T16:41:19.633+0000] {spark_submit.py:492} INFO - 23/06/24 16:41:19 INFO BlockManagerInfo: Added broadcast_0_piece0 in memory on 172.19.0.3:35379 (size: 6.2 KiB, free: 366.3 MiB)
[2023-06-24T16:41:21.675+0000] {spark_submit.py:492} INFO - 23/06/24 16:41:21 INFO TaskSetManager: Finished task 0.0 in stage 0.0 (TID 0) in 2406 ms on 172.19.0.3 (executor 0) (1/1)
[2023-06-24T16:41:21.677+0000] {spark_submit.py:492} INFO - 23/06/24 16:41:21 INFO TaskSchedulerImpl: Removed TaskSet 0.0, whose tasks have all completed, from pool
[2023-06-24T16:41:21.682+0000] {spark_submit.py:492} INFO - 23/06/24 16:41:21 INFO PythonAccumulatorV2: Connected to AccumulatorServer at host: 127.0.0.1 port: 51585
[2023-06-24T16:41:21.686+0000] {spark_submit.py:492} INFO - 23/06/24 16:41:21 INFO DAGScheduler: ResultStage 0 (showString at NativeMethodAccessorImpl.java:0) finished in 2.619 s
[2023-06-24T16:41:21.689+0000] {spark_submit.py:492} INFO - 23/06/24 16:41:21 INFO DAGScheduler: Job 0 is finished. Cancelling potential speculative or zombie tasks for this job
[2023-06-24T16:41:21.690+0000] {spark_submit.py:492} INFO - 23/06/24 16:41:21 INFO TaskSchedulerImpl: Killing all running tasks in stage 0: Stage finished
[2023-06-24T16:41:21.693+0000] {spark_submit.py:492} INFO - 23/06/24 16:41:21 INFO DAGScheduler: Job 0 finished: showString at NativeMethodAccessorImpl.java:0, took 2.677537 s
[2023-06-24T16:41:21.713+0000] {spark_submit.py:492} INFO - 23/06/24 16:41:21 INFO SparkContext: Starting job: showString at NativeMethodAccessorImpl.java:0
[2023-06-24T16:41:21.715+0000] {spark_submit.py:492} INFO - 23/06/24 16:41:21 INFO DAGScheduler: Got job 1 (showString at NativeMethodAccessorImpl.java:0) with 1 output partitions
[2023-06-24T16:41:21.715+0000] {spark_submit.py:492} INFO - 23/06/24 16:41:21 INFO DAGScheduler: Final stage: ResultStage 1 (showString at NativeMethodAccessorImpl.java:0)
[2023-06-24T16:41:21.716+0000] {spark_submit.py:492} INFO - 23/06/24 16:41:21 INFO DAGScheduler: Parents of final stage: List()
[2023-06-24T16:41:21.717+0000] {spark_submit.py:492} INFO - 23/06/24 16:41:21 INFO DAGScheduler: Missing parents: List()
[2023-06-24T16:41:21.720+0000] {spark_submit.py:492} INFO - 23/06/24 16:41:21 INFO DAGScheduler: Submitting ResultStage 1 (MapPartitionsRDD[6] at showString at NativeMethodAccessorImpl.java:0), which has no missing parents
[2023-06-24T16:41:21.735+0000] {spark_submit.py:492} INFO - 23/06/24 16:41:21 INFO MemoryStore: Block broadcast_1 stored as values in memory (estimated size 11.7 KiB, free 434.4 MiB)
[2023-06-24T16:41:21.744+0000] {spark_submit.py:492} INFO - 23/06/24 16:41:21 INFO MemoryStore: Block broadcast_1_piece0 stored as bytes in memory (estimated size 6.2 KiB, free 434.4 MiB)
[2023-06-24T16:41:21.761+0000] {spark_submit.py:492} INFO - 23/06/24 16:41:21 INFO BlockManagerInfo: Added broadcast_1_piece0 in memory on a8d69ab09d2d:32843 (size: 6.2 KiB, free: 434.4 MiB)
[2023-06-24T16:41:21.762+0000] {spark_submit.py:492} INFO - 23/06/24 16:41:21 INFO SparkContext: Created broadcast 1 from broadcast at DAGScheduler.scala:1427
[2023-06-24T16:41:21.763+0000] {spark_submit.py:492} INFO - 23/06/24 16:41:21 INFO DAGScheduler: Submitting 1 missing tasks from ResultStage 1 (MapPartitionsRDD[6] at showString at NativeMethodAccessorImpl.java:0) (first 15 tasks are for partitions Vector(1))
[2023-06-24T16:41:21.764+0000] {spark_submit.py:492} INFO - 23/06/24 16:41:21 INFO TaskSchedulerImpl: Adding task set 1.0 with 1 tasks resource profile 0
[2023-06-24T16:41:21.765+0000] {spark_submit.py:492} INFO - 23/06/24 16:41:21 INFO TaskSetManager: Starting task 0.0 in stage 1.0 (TID 1) (172.19.0.3, executor 0, partition 1, PROCESS_LOCAL, 4529 bytes) taskResourceAssignments Map()
[2023-06-24T16:41:21.810+0000] {spark_submit.py:492} INFO - 23/06/24 16:41:21 INFO BlockManagerInfo: Added broadcast_1_piece0 in memory on 172.19.0.3:35379 (size: 6.2 KiB, free: 366.3 MiB)
[2023-06-24T16:41:21.890+0000] {spark_submit.py:492} INFO - 23/06/24 16:41:21 INFO TaskSetManager: Finished task 0.0 in stage 1.0 (TID 1) in 125 ms on 172.19.0.3 (executor 0) (1/1)
[2023-06-24T16:41:21.891+0000] {spark_submit.py:492} INFO - 23/06/24 16:41:21 INFO TaskSchedulerImpl: Removed TaskSet 1.0, whose tasks have all completed, from pool
[2023-06-24T16:41:21.893+0000] {spark_submit.py:492} INFO - 23/06/24 16:41:21 INFO DAGScheduler: ResultStage 1 (showString at NativeMethodAccessorImpl.java:0) finished in 0.170 s
[2023-06-24T16:41:21.893+0000] {spark_submit.py:492} INFO - 23/06/24 16:41:21 INFO DAGScheduler: Job 1 is finished. Cancelling potential speculative or zombie tasks for this job
[2023-06-24T16:41:21.893+0000] {spark_submit.py:492} INFO - 23/06/24 16:41:21 INFO TaskSchedulerImpl: Killing all running tasks in stage 1: Stage finished
[2023-06-24T16:41:21.895+0000] {spark_submit.py:492} INFO - 23/06/24 16:41:21 INFO DAGScheduler: Job 1 finished: showString at NativeMethodAccessorImpl.java:0, took 0.181678 s
[2023-06-24T16:41:21.939+0000] {spark_submit.py:492} INFO - 23/06/24 16:41:21 INFO CodeGenerator: Code generated in 25.177034 ms
[2023-06-24T16:41:21.953+0000] {spark_submit.py:492} INFO - +-----+-----------------------------------------------------------------------------+
[2023-06-24T16:41:21.953+0000] {spark_submit.py:492} INFO - |Seqno|Quote                                                                        |
[2023-06-24T16:41:21.953+0000] {spark_submit.py:492} INFO - +-----+-----------------------------------------------------------------------------+
[2023-06-24T16:41:21.954+0000] {spark_submit.py:492} INFO - |1    |Be the change that you wish to see in the world                              |
[2023-06-24T16:41:21.954+0000] {spark_submit.py:492} INFO - |2    |Everyone thinks of changing the world, but no one thinks of changing himself.|
[2023-06-24T16:41:21.954+0000] {spark_submit.py:492} INFO - |3    |The purpose of our lives is to be happy.                                     |
[2023-06-24T16:41:21.954+0000] {spark_submit.py:492} INFO - |4    |Be cool.                                                                     |
[2023-06-24T16:41:21.954+0000] {spark_submit.py:492} INFO - +-----+-----------------------------------------------------------------------------+
[2023-06-24T16:41:21.954+0000] {spark_submit.py:492} INFO - 
[2023-06-24T16:41:22.120+0000] {spark_submit.py:492} INFO - 23/06/24 16:41:22 INFO BlockManagerInfo: Removed broadcast_1_piece0 on 172.19.0.3:35379 in memory (size: 6.2 KiB, free: 366.3 MiB)
[2023-06-24T16:41:22.134+0000] {spark_submit.py:492} INFO - 23/06/24 16:41:22 INFO BlockManagerInfo: Removed broadcast_1_piece0 on a8d69ab09d2d:32843 in memory (size: 6.2 KiB, free: 434.4 MiB)
[2023-06-24T16:41:22.148+0000] {spark_submit.py:492} INFO - 23/06/24 16:41:22 INFO BlockManagerInfo: Removed broadcast_0_piece0 on a8d69ab09d2d:32843 in memory (size: 6.2 KiB, free: 434.4 MiB)
[2023-06-24T16:41:22.150+0000] {spark_submit.py:492} INFO - 23/06/24 16:41:22 INFO BlockManagerInfo: Removed broadcast_0_piece0 on 172.19.0.3:35379 in memory (size: 6.2 KiB, free: 366.3 MiB)
[2023-06-24T16:41:22.183+0000] {spark_submit.py:492} INFO - Traceback (most recent call last):
[2023-06-24T16:41:22.183+0000] {spark_submit.py:492} INFO - File "/opt/***/dags/spark_etl_spark_minio.py", line 43, in <module>
[2023-06-24T16:41:22.183+0000] {spark_submit.py:492} INFO - df.write.mode("append").parquet("s3a://datalake/test.parquet")
[2023-06-24T16:41:22.183+0000] {spark_submit.py:492} INFO - File "/opt/spark/python/lib/pyspark.zip/pyspark/sql/readwriter.py", line 885, in parquet
[2023-06-24T16:41:22.183+0000] {spark_submit.py:492} INFO - File "/opt/spark/python/lib/py4j-0.10.9.2-src.zip/py4j/java_gateway.py", line 1309, in __call__
[2023-06-24T16:41:22.183+0000] {spark_submit.py:492} INFO - File "/opt/spark/python/lib/pyspark.zip/pyspark/sql/utils.py", line 111, in deco
[2023-06-24T16:41:22.184+0000] {spark_submit.py:492} INFO - File "/opt/spark/python/lib/py4j-0.10.9.2-src.zip/py4j/protocol.py", line 326, in get_return_value
[2023-06-24T16:41:22.184+0000] {spark_submit.py:492} INFO - py4j.protocol.Py4JJavaError: An error occurred while calling o79.parquet.
[2023-06-24T16:41:22.184+0000] {spark_submit.py:492} INFO - : java.lang.RuntimeException: java.lang.ClassNotFoundException: Class org.apache.hadoop.fs.s3a.S3AFileSystem not found
[2023-06-24T16:41:22.185+0000] {spark_submit.py:492} INFO - at org.apache.hadoop.conf.Configuration.getClass(Configuration.java:2667)
[2023-06-24T16:41:22.185+0000] {spark_submit.py:492} INFO - at org.apache.hadoop.fs.FileSystem.getFileSystemClass(FileSystem.java:3431)
[2023-06-24T16:41:22.185+0000] {spark_submit.py:492} INFO - at org.apache.hadoop.fs.FileSystem.createFileSystem(FileSystem.java:3466)
[2023-06-24T16:41:22.185+0000] {spark_submit.py:492} INFO - at org.apache.hadoop.fs.FileSystem.access$300(FileSystem.java:174)
[2023-06-24T16:41:22.185+0000] {spark_submit.py:492} INFO - at org.apache.hadoop.fs.FileSystem$Cache.getInternal(FileSystem.java:3574)
[2023-06-24T16:41:22.185+0000] {spark_submit.py:492} INFO - at org.apache.hadoop.fs.FileSystem$Cache.get(FileSystem.java:3521)
[2023-06-24T16:41:22.185+0000] {spark_submit.py:492} INFO - at org.apache.hadoop.fs.FileSystem.get(FileSystem.java:540)
[2023-06-24T16:41:22.185+0000] {spark_submit.py:492} INFO - at org.apache.hadoop.fs.Path.getFileSystem(Path.java:365)
[2023-06-24T16:41:22.186+0000] {spark_submit.py:492} INFO - at org.apache.spark.sql.execution.datasources.DataSource.planForWritingFileFormat(DataSource.scala:461)
[2023-06-24T16:41:22.186+0000] {spark_submit.py:492} INFO - at org.apache.spark.sql.execution.datasources.DataSource.planForWriting(DataSource.scala:556)
[2023-06-24T16:41:22.186+0000] {spark_submit.py:492} INFO - at org.apache.spark.sql.DataFrameWriter.saveToV1Source(DataFrameWriter.scala:382)
[2023-06-24T16:41:22.186+0000] {spark_submit.py:492} INFO - at org.apache.spark.sql.DataFrameWriter.saveInternal(DataFrameWriter.scala:355)
[2023-06-24T16:41:22.186+0000] {spark_submit.py:492} INFO - at org.apache.spark.sql.DataFrameWriter.save(DataFrameWriter.scala:239)
[2023-06-24T16:41:22.186+0000] {spark_submit.py:492} INFO - at org.apache.spark.sql.DataFrameWriter.parquet(DataFrameWriter.scala:781)
[2023-06-24T16:41:22.186+0000] {spark_submit.py:492} INFO - at java.base/jdk.internal.reflect.NativeMethodAccessorImpl.invoke0(Native Method)
[2023-06-24T16:41:22.186+0000] {spark_submit.py:492} INFO - at java.base/jdk.internal.reflect.NativeMethodAccessorImpl.invoke(NativeMethodAccessorImpl.java:62)
[2023-06-24T16:41:22.186+0000] {spark_submit.py:492} INFO - at java.base/jdk.internal.reflect.DelegatingMethodAccessorImpl.invoke(DelegatingMethodAccessorImpl.java:43)
[2023-06-24T16:41:22.187+0000] {spark_submit.py:492} INFO - at java.base/java.lang.reflect.Method.invoke(Method.java:566)
[2023-06-24T16:41:22.187+0000] {spark_submit.py:492} INFO - at py4j.reflection.MethodInvoker.invoke(MethodInvoker.java:244)
[2023-06-24T16:41:22.187+0000] {spark_submit.py:492} INFO - at py4j.reflection.ReflectionEngine.invoke(ReflectionEngine.java:357)
[2023-06-24T16:41:22.187+0000] {spark_submit.py:492} INFO - at py4j.Gateway.invoke(Gateway.java:282)
[2023-06-24T16:41:22.187+0000] {spark_submit.py:492} INFO - at py4j.commands.AbstractCommand.invokeMethod(AbstractCommand.java:132)
[2023-06-24T16:41:22.187+0000] {spark_submit.py:492} INFO - at py4j.commands.CallCommand.execute(CallCommand.java:79)
[2023-06-24T16:41:22.187+0000] {spark_submit.py:492} INFO - at py4j.ClientServerConnection.waitForCommands(ClientServerConnection.java:182)
[2023-06-24T16:41:22.187+0000] {spark_submit.py:492} INFO - at py4j.ClientServerConnection.run(ClientServerConnection.java:106)
[2023-06-24T16:41:22.187+0000] {spark_submit.py:492} INFO - at java.base/java.lang.Thread.run(Thread.java:829)
[2023-06-24T16:41:22.188+0000] {spark_submit.py:492} INFO - Caused by: java.lang.ClassNotFoundException: Class org.apache.hadoop.fs.s3a.S3AFileSystem not found
[2023-06-24T16:41:22.188+0000] {spark_submit.py:492} INFO - at org.apache.hadoop.conf.Configuration.getClassByName(Configuration.java:2571)
[2023-06-24T16:41:22.188+0000] {spark_submit.py:492} INFO - at org.apache.hadoop.conf.Configuration.getClass(Configuration.java:2665)
[2023-06-24T16:41:22.188+0000] {spark_submit.py:492} INFO - ... 25 more
[2023-06-24T16:41:22.188+0000] {spark_submit.py:492} INFO - 
[2023-06-24T16:41:22.281+0000] {spark_submit.py:492} INFO - 23/06/24 16:41:22 INFO SparkContext: Invoking stop() from shutdown hook
[2023-06-24T16:41:22.298+0000] {spark_submit.py:492} INFO - 23/06/24 16:41:22 INFO SparkUI: Stopped Spark web UI at http://a8d69ab09d2d:4040
[2023-06-24T16:41:22.304+0000] {spark_submit.py:492} INFO - 23/06/24 16:41:22 INFO StandaloneSchedulerBackend: Shutting down all executors
[2023-06-24T16:41:22.304+0000] {spark_submit.py:492} INFO - 23/06/24 16:41:22 INFO CoarseGrainedSchedulerBackend$DriverEndpoint: Asking each executor to shut down
[2023-06-24T16:41:22.338+0000] {spark_submit.py:492} INFO - 23/06/24 16:41:22 INFO MapOutputTrackerMasterEndpoint: MapOutputTrackerMasterEndpoint stopped!
[2023-06-24T16:41:22.413+0000] {spark_submit.py:492} INFO - 23/06/24 16:41:22 INFO MemoryStore: MemoryStore cleared
[2023-06-24T16:41:22.413+0000] {spark_submit.py:492} INFO - 23/06/24 16:41:22 INFO BlockManager: BlockManager stopped
[2023-06-24T16:41:22.421+0000] {spark_submit.py:492} INFO - 23/06/24 16:41:22 INFO BlockManagerMaster: BlockManagerMaster stopped
[2023-06-24T16:41:22.425+0000] {spark_submit.py:492} INFO - 23/06/24 16:41:22 INFO OutputCommitCoordinator$OutputCommitCoordinatorEndpoint: OutputCommitCoordinator stopped!
[2023-06-24T16:41:22.470+0000] {spark_submit.py:492} INFO - 23/06/24 16:41:22 INFO SparkContext: Successfully stopped SparkContext
[2023-06-24T16:41:22.477+0000] {spark_submit.py:492} INFO - 23/06/24 16:41:22 INFO ShutdownHookManager: Shutdown hook called
[2023-06-24T16:41:22.477+0000] {spark_submit.py:492} INFO - 23/06/24 16:41:22 INFO ShutdownHookManager: Deleting directory /tmp/spark-836a1f09-9c99-472a-9cc2-8b953a62e391
[2023-06-24T16:41:22.478+0000] {spark_submit.py:492} INFO - 23/06/24 16:41:22 INFO ShutdownHookManager: Deleting directory /tmp/spark-836a1f09-9c99-472a-9cc2-8b953a62e391/pyspark-1ba0ddba-2c53-46e0-8aa2-39aa4aaa3702
[2023-06-24T16:41:22.484+0000] {spark_submit.py:492} INFO - 23/06/24 16:41:22 INFO ShutdownHookManager: Deleting directory /tmp/spark-a9f37c6c-719b-4ea2-91c4-570cef28f779
[2023-06-24T16:41:22.578+0000] {taskinstance.py:1775} ERROR - Task failed with exception
Traceback (most recent call last):
  File "/home/airflow/.local/lib/python3.8/site-packages/airflow/providers/apache/spark/operators/spark_submit.py", line 157, in execute
    self._hook.submit(self._application)
  File "/home/airflow/.local/lib/python3.8/site-packages/airflow/providers/apache/spark/hooks/spark_submit.py", line 423, in submit
    raise AirflowException(
airflow.exceptions.AirflowException: Cannot execute: spark-submit --master spark://spark:7077 --jars /opt/bitnami/spark/jars/hadoop-aws-3.2.0.jar, /opt/bitnami/spark/jars/aws-java-sdk-bundle-1.11.375.jar --name arrow-spark /opt/***/dags/spark_etl_spark_minio.py. Error code is: 1.
[2023-06-24T16:41:22.582+0000] {taskinstance.py:1321} INFO - Marking task as UP_FOR_RETRY. dag_id=spark_etl_minio_v3, task_id=spark_submit_task, execution_date=20230624T163930, start_date=20230624T164107, end_date=20230624T164122
[2023-06-24T16:41:22.610+0000] {standard_task_runner.py:100} ERROR - Failed to execute job 110 for task spark_submit_task (Cannot execute: spark-submit --master spark://spark:7077 --jars /opt/bitnami/spark/jars/hadoop-aws-3.2.0.jar, /opt/bitnami/spark/jars/aws-java-sdk-bundle-1.11.375.jar --name arrow-spark /opt/***/dags/spark_etl_spark_minio.py. Error code is: 1.; 7320)
[2023-06-24T16:41:22.644+0000] {local_task_job.py:212} INFO - Task exited with return code 1
[2023-06-24T16:41:22.660+0000] {taskinstance.py:2585} INFO - 0 downstream tasks scheduled from follow-on schedule check
