[2023-06-25T06:15:59.865+0000] {taskinstance.py:1084} INFO - Dependencies all met for dep_context=non-requeueable deps ti=<TaskInstance: spark_etl_minio_v15.spark_submit_task manual__2023-06-25T06:13:55.769498+00:00 [queued]>
[2023-06-25T06:15:59.876+0000] {taskinstance.py:1084} INFO - Dependencies all met for dep_context=requeueable deps ti=<TaskInstance: spark_etl_minio_v15.spark_submit_task manual__2023-06-25T06:13:55.769498+00:00 [queued]>
[2023-06-25T06:15:59.876+0000] {taskinstance.py:1282} INFO - 
--------------------------------------------------------------------------------
[2023-06-25T06:15:59.876+0000] {taskinstance.py:1283} INFO - Starting attempt 2 of 6
[2023-06-25T06:15:59.876+0000] {taskinstance.py:1284} INFO - 
--------------------------------------------------------------------------------
[2023-06-25T06:15:59.887+0000] {taskinstance.py:1303} INFO - Executing <Task(SparkSubmitOperator): spark_submit_task> on 2023-06-25 06:13:55.769498+00:00
[2023-06-25T06:15:59.891+0000] {standard_task_runner.py:55} INFO - Started process 28641 to run task
[2023-06-25T06:15:59.894+0000] {standard_task_runner.py:82} INFO - Running: ['***', 'tasks', 'run', 'spark_etl_minio_v15', 'spark_submit_task', 'manual__2023-06-25T06:13:55.769498+00:00', '--job-id', '241', '--raw', '--subdir', 'DAGS_FOLDER/spark_job_minio_v1.py', '--cfg-path', '/tmp/tmpbqzkkboc']
[2023-06-25T06:15:59.894+0000] {standard_task_runner.py:83} INFO - Job 241: Subtask spark_submit_task
[2023-06-25T06:15:59.904+0000] {warnings.py:109} WARNING - /home/***/.local/lib/python3.8/site-packages/***/settings.py:250: DeprecationWarning: The sql_alchemy_conn option in [core] has been moved to the sql_alchemy_conn option in [database] - the old setting has been used, but please update your config.
  SQL_ALCHEMY_CONN = conf.get("database", "SQL_ALCHEMY_CONN")

[2023-06-25T06:15:59.943+0000] {task_command.py:388} INFO - Running <TaskInstance: spark_etl_minio_v15.spark_submit_task manual__2023-06-25T06:13:55.769498+00:00 [running]> on host a8d69ab09d2d
[2023-06-25T06:15:59.998+0000] {taskinstance.py:1509} INFO - Exporting the following env vars:
AIRFLOW_CTX_DAG_OWNER=***
AIRFLOW_CTX_DAG_ID=spark_etl_minio_v15
AIRFLOW_CTX_TASK_ID=spark_submit_task
AIRFLOW_CTX_EXECUTION_DATE=2023-06-25T06:13:55.769498+00:00
AIRFLOW_CTX_TRY_NUMBER=2
AIRFLOW_CTX_DAG_RUN_ID=manual__2023-06-25T06:13:55.769498+00:00
[2023-06-25T06:16:00.005+0000] {base.py:73} INFO - Using connection ID 'spark_conn' for task execution.
[2023-06-25T06:16:00.007+0000] {spark_submit.py:341} INFO - Spark-Submit cmd: spark-submit --master spark://spark:7077 --conf spark.hadoop.fs.s3a.aws.credentials.provider=org.apache.hadoop.fs.s3a.SimpleAWSCredentialsProvider --conf spark.hadoop.fs.s3a.path.style.access=true --conf spark.hadoop.fs.s3a.access.key=minioadmin --conf spark.hadoop.fs.s3a.secret.key=****** --conf spark.hadoop.fs.s3a.endpoint=http://minio:9000 --jars local:///opt/bitnami/spark/jars/hadoop-aws-3.2.0.jar,local:///opt/bitnami/spark/jars/aws-java-sdk-bundle-1.11.375.jar,local:///opt/bitnami/spark/jars/hadoop-common:3.2.0.jar --name arrow-spark /opt/***/dags/spark_etl_spark_minio.py
[2023-06-25T06:16:01.247+0000] {spark_submit.py:492} INFO - WARNING: An illegal reflective access operation has occurred
[2023-06-25T06:16:01.247+0000] {spark_submit.py:492} INFO - WARNING: Illegal reflective access by org.apache.spark.unsafe.Platform (file:/opt/spark/jars/spark-unsafe_2.12-3.2.0.jar) to constructor java.nio.DirectByteBuffer(long,int)
[2023-06-25T06:16:01.247+0000] {spark_submit.py:492} INFO - WARNING: Please consider reporting this to the maintainers of org.apache.spark.unsafe.Platform
[2023-06-25T06:16:01.247+0000] {spark_submit.py:492} INFO - WARNING: Use --illegal-access=warn to enable warnings of further illegal reflective access operations
[2023-06-25T06:16:01.248+0000] {spark_submit.py:492} INFO - WARNING: All illegal access operations will be denied in a future release
[2023-06-25T06:16:01.645+0000] {spark_submit.py:492} INFO - Using Spark's default log4j profile: org/apache/spark/log4j-defaults.properties
[2023-06-25T06:16:01.646+0000] {spark_submit.py:492} INFO - 23/06/25 06:16:01 WARN DependencyUtils: Local jar /opt/bitnami/spark/jars/hadoop-aws-3.2.0.jar does not exist, skipping.
[2023-06-25T06:16:01.646+0000] {spark_submit.py:492} INFO - 23/06/25 06:16:01 WARN DependencyUtils: Local jar /opt/bitnami/spark/jars/aws-java-sdk-bundle-1.11.375.jar does not exist, skipping.
[2023-06-25T06:16:01.647+0000] {spark_submit.py:492} INFO - 23/06/25 06:16:01 WARN DependencyUtils: Local jar /opt/bitnami/spark/jars/hadoop-common:3.2.0.jar does not exist, skipping.
[2023-06-25T06:16:02.864+0000] {spark_submit.py:492} INFO - 23/06/25 06:16:02 INFO SparkContext: Running Spark version 3.2.0
[2023-06-25T06:16:02.954+0000] {spark_submit.py:492} INFO - 23/06/25 06:16:02 WARN NativeCodeLoader: Unable to load native-hadoop library for your platform... using builtin-java classes where applicable
[2023-06-25T06:16:03.137+0000] {spark_submit.py:492} INFO - 23/06/25 06:16:03 INFO ResourceUtils: ==============================================================
[2023-06-25T06:16:03.137+0000] {spark_submit.py:492} INFO - 23/06/25 06:16:03 INFO ResourceUtils: No custom resources configured for spark.driver.
[2023-06-25T06:16:03.138+0000] {spark_submit.py:492} INFO - 23/06/25 06:16:03 INFO ResourceUtils: ==============================================================
[2023-06-25T06:16:03.138+0000] {spark_submit.py:492} INFO - 23/06/25 06:16:03 INFO SparkContext: Submitted application: arrow-spark
[2023-06-25T06:16:03.198+0000] {spark_submit.py:492} INFO - 23/06/25 06:16:03 INFO ResourceProfile: Default ResourceProfile created, executor resources: Map(cores -> name: cores, amount: 1, script: , vendor: , memory -> name: memory, amount: 1024, script: , vendor: , offHeap -> name: offHeap, amount: 0, script: , vendor: ), task resources: Map(cpus -> name: cpus, amount: 1.0)
[2023-06-25T06:16:03.214+0000] {spark_submit.py:492} INFO - 23/06/25 06:16:03 INFO ResourceProfile: Limiting resource is cpu
[2023-06-25T06:16:03.215+0000] {spark_submit.py:492} INFO - 23/06/25 06:16:03 INFO ResourceProfileManager: Added ResourceProfile id: 0
[2023-06-25T06:16:03.287+0000] {spark_submit.py:492} INFO - 23/06/25 06:16:03 INFO SecurityManager: Changing view acls to: default
[2023-06-25T06:16:03.289+0000] {spark_submit.py:492} INFO - 23/06/25 06:16:03 INFO SecurityManager: Changing modify acls to: default
[2023-06-25T06:16:03.290+0000] {spark_submit.py:492} INFO - 23/06/25 06:16:03 INFO SecurityManager: Changing view acls groups to:
[2023-06-25T06:16:03.290+0000] {spark_submit.py:492} INFO - 23/06/25 06:16:03 INFO SecurityManager: Changing modify acls groups to:
[2023-06-25T06:16:03.291+0000] {spark_submit.py:492} INFO - 23/06/25 06:16:03 INFO SecurityManager: SecurityManager: authentication disabled; ui acls disabled; users  with view permissions: Set(default); groups with view permissions: Set(); users  with modify permissions: Set(default); groups with modify permissions: Set()
[2023-06-25T06:16:03.586+0000] {spark_submit.py:492} INFO - 23/06/25 06:16:03 INFO Utils: Successfully started service 'sparkDriver' on port 37023.
[2023-06-25T06:16:03.608+0000] {spark_submit.py:492} INFO - 23/06/25 06:16:03 INFO SparkEnv: Registering MapOutputTracker
[2023-06-25T06:16:03.642+0000] {spark_submit.py:492} INFO - 23/06/25 06:16:03 INFO SparkEnv: Registering BlockManagerMaster
[2023-06-25T06:16:03.664+0000] {spark_submit.py:492} INFO - 23/06/25 06:16:03 INFO BlockManagerMasterEndpoint: Using org.apache.spark.storage.DefaultTopologyMapper for getting topology information
[2023-06-25T06:16:03.665+0000] {spark_submit.py:492} INFO - 23/06/25 06:16:03 INFO BlockManagerMasterEndpoint: BlockManagerMasterEndpoint up
[2023-06-25T06:16:03.671+0000] {spark_submit.py:492} INFO - 23/06/25 06:16:03 INFO SparkEnv: Registering BlockManagerMasterHeartbeat
[2023-06-25T06:16:03.707+0000] {spark_submit.py:492} INFO - 23/06/25 06:16:03 INFO DiskBlockManager: Created local directory at /tmp/blockmgr-d89d7b67-29a7-4d48-a307-ef7a483b6d24
[2023-06-25T06:16:03.733+0000] {spark_submit.py:492} INFO - 23/06/25 06:16:03 INFO MemoryStore: MemoryStore started with capacity 434.4 MiB
[2023-06-25T06:16:03.763+0000] {spark_submit.py:492} INFO - 23/06/25 06:16:03 INFO SparkEnv: Registering OutputCommitCoordinator
[2023-06-25T06:16:04.020+0000] {spark_submit.py:492} INFO - 23/06/25 06:16:04 WARN Utils: Service 'SparkUI' could not bind on port 4040. Attempting port 4041.
[2023-06-25T06:16:04.021+0000] {spark_submit.py:492} INFO - 23/06/25 06:16:04 WARN Utils: Service 'SparkUI' could not bind on port 4041. Attempting port 4042.
[2023-06-25T06:16:04.022+0000] {spark_submit.py:492} INFO - 23/06/25 06:16:04 WARN Utils: Service 'SparkUI' could not bind on port 4042. Attempting port 4043.
[2023-06-25T06:16:04.023+0000] {spark_submit.py:492} INFO - 23/06/25 06:16:04 WARN Utils: Service 'SparkUI' could not bind on port 4043. Attempting port 4044.
[2023-06-25T06:16:04.023+0000] {spark_submit.py:492} INFO - 23/06/25 06:16:04 WARN Utils: Service 'SparkUI' could not bind on port 4044. Attempting port 4045.
[2023-06-25T06:16:04.025+0000] {spark_submit.py:492} INFO - 23/06/25 06:16:04 WARN Utils: Service 'SparkUI' could not bind on port 4045. Attempting port 4046.
[2023-06-25T06:16:04.027+0000] {spark_submit.py:492} INFO - 23/06/25 06:16:04 WARN Utils: Service 'SparkUI' could not bind on port 4046. Attempting port 4047.
[2023-06-25T06:16:04.029+0000] {spark_submit.py:492} INFO - 23/06/25 06:16:04 WARN Utils: Service 'SparkUI' could not bind on port 4047. Attempting port 4048.
[2023-06-25T06:16:04.029+0000] {spark_submit.py:492} INFO - 23/06/25 06:16:04 WARN Utils: Service 'SparkUI' could not bind on port 4048. Attempting port 4049.
[2023-06-25T06:16:04.030+0000] {spark_submit.py:492} INFO - 23/06/25 06:16:04 WARN Utils: Service 'SparkUI' could not bind on port 4049. Attempting port 4050.
[2023-06-25T06:16:04.041+0000] {spark_submit.py:492} INFO - 23/06/25 06:16:04 INFO Utils: Successfully started service 'SparkUI' on port 4050.
[2023-06-25T06:16:04.115+0000] {spark_submit.py:492} INFO - 23/06/25 06:16:04 INFO SparkUI: Bound SparkUI to 0.0.0.0, and started at http://a8d69ab09d2d:4050
[2023-06-25T06:16:04.129+0000] {spark_submit.py:492} INFO - 23/06/25 06:16:04 INFO SparkContext: Added JAR local:///opt/bitnami/spark/jars/hadoop-aws-3.2.0.jar at file:/opt/bitnami/spark/jars/hadoop-aws-3.2.0.jar with timestamp 1687673762853
[2023-06-25T06:16:04.129+0000] {spark_submit.py:492} INFO - 23/06/25 06:16:04 INFO SparkContext: Added JAR local:///opt/bitnami/spark/jars/aws-java-sdk-bundle-1.11.375.jar at file:/opt/bitnami/spark/jars/aws-java-sdk-bundle-1.11.375.jar with timestamp 1687673762853
[2023-06-25T06:16:04.129+0000] {spark_submit.py:492} INFO - 23/06/25 06:16:04 INFO SparkContext: Added JAR local:///opt/bitnami/spark/jars/hadoop-common:3.2.0.jar at file:/opt/bitnami/spark/jars/hadoop-common:3.2.0.jar with timestamp 1687673762853
[2023-06-25T06:16:04.597+0000] {spark_submit.py:492} INFO - 23/06/25 06:16:04 INFO StandaloneAppClient$ClientEndpoint: Connecting to master spark://spark:7077...
[2023-06-25T06:16:04.732+0000] {spark_submit.py:492} INFO - 23/06/25 06:16:04 INFO TransportClientFactory: Successfully created connection to spark/172.19.0.11:7077 after 53 ms (0 ms spent in bootstraps)
[2023-06-25T06:16:04.869+0000] {spark_submit.py:492} INFO - 23/06/25 06:16:04 INFO StandaloneSchedulerBackend: Connected to Spark cluster with app ID app-20230625061604-0007
[2023-06-25T06:16:04.898+0000] {spark_submit.py:492} INFO - 23/06/25 06:16:04 INFO Utils: Successfully started service 'org.apache.spark.network.netty.NettyBlockTransferService' on port 45141.
[2023-06-25T06:16:04.899+0000] {spark_submit.py:492} INFO - 23/06/25 06:16:04 INFO NettyBlockTransferService: Server created on a8d69ab09d2d:45141
[2023-06-25T06:16:04.903+0000] {spark_submit.py:492} INFO - 23/06/25 06:16:04 INFO BlockManager: Using org.apache.spark.storage.RandomBlockReplicationPolicy for block replication policy
[2023-06-25T06:16:04.911+0000] {spark_submit.py:492} INFO - 23/06/25 06:16:04 INFO BlockManagerMaster: Registering BlockManager BlockManagerId(driver, a8d69ab09d2d, 45141, None)
[2023-06-25T06:16:04.918+0000] {spark_submit.py:492} INFO - 23/06/25 06:16:04 INFO BlockManagerMasterEndpoint: Registering block manager a8d69ab09d2d:45141 with 434.4 MiB RAM, BlockManagerId(driver, a8d69ab09d2d, 45141, None)
[2023-06-25T06:16:04.923+0000] {spark_submit.py:492} INFO - 23/06/25 06:16:04 INFO BlockManagerMaster: Registered BlockManager BlockManagerId(driver, a8d69ab09d2d, 45141, None)
[2023-06-25T06:16:04.925+0000] {spark_submit.py:492} INFO - 23/06/25 06:16:04 INFO BlockManager: Initialized BlockManager: BlockManagerId(driver, a8d69ab09d2d, 45141, None)
[2023-06-25T06:16:05.237+0000] {spark_submit.py:492} INFO - 23/06/25 06:16:05 INFO StandaloneSchedulerBackend: SchedulerBackend is ready for scheduling beginning after reached minRegisteredResourcesRatio: 0.0
[2023-06-25T06:16:05.577+0000] {spark_submit.py:492} INFO - 23/06/25 06:16:05 INFO SharedState: Setting hive.metastore.warehouse.dir ('null') to the value of spark.sql.warehouse.dir.
[2023-06-25T06:16:05.603+0000] {spark_submit.py:492} INFO - 23/06/25 06:16:05 INFO SharedState: Warehouse path is 'file:/opt/***/spark-warehouse'.
[2023-06-25T06:16:10.490+0000] {spark_submit.py:492} INFO - 23/06/25 06:16:10 INFO CodeGenerator: Code generated in 199.313204 ms
[2023-06-25T06:16:10.545+0000] {spark_submit.py:492} INFO - 23/06/25 06:16:10 INFO SparkContext: Starting job: showString at NativeMethodAccessorImpl.java:0
[2023-06-25T06:16:10.569+0000] {spark_submit.py:492} INFO - 23/06/25 06:16:10 INFO DAGScheduler: Got job 0 (showString at NativeMethodAccessorImpl.java:0) with 1 output partitions
[2023-06-25T06:16:10.570+0000] {spark_submit.py:492} INFO - 23/06/25 06:16:10 INFO DAGScheduler: Final stage: ResultStage 0 (showString at NativeMethodAccessorImpl.java:0)
[2023-06-25T06:16:10.572+0000] {spark_submit.py:492} INFO - 23/06/25 06:16:10 INFO DAGScheduler: Parents of final stage: List()
[2023-06-25T06:16:10.575+0000] {spark_submit.py:492} INFO - 23/06/25 06:16:10 INFO DAGScheduler: Missing parents: List()
[2023-06-25T06:16:10.600+0000] {spark_submit.py:492} INFO - 23/06/25 06:16:10 INFO DAGScheduler: Submitting ResultStage 0 (MapPartitionsRDD[6] at showString at NativeMethodAccessorImpl.java:0), which has no missing parents
[2023-06-25T06:16:10.772+0000] {spark_submit.py:492} INFO - 23/06/25 06:16:10 INFO MemoryStore: Block broadcast_0 stored as values in memory (estimated size 11.7 KiB, free 434.4 MiB)
[2023-06-25T06:16:10.840+0000] {spark_submit.py:492} INFO - 23/06/25 06:16:10 INFO MemoryStore: Block broadcast_0_piece0 stored as bytes in memory (estimated size 6.2 KiB, free 434.4 MiB)
[2023-06-25T06:16:10.843+0000] {spark_submit.py:492} INFO - 23/06/25 06:16:10 INFO BlockManagerInfo: Added broadcast_0_piece0 in memory on a8d69ab09d2d:45141 (size: 6.2 KiB, free: 434.4 MiB)
[2023-06-25T06:16:10.849+0000] {spark_submit.py:492} INFO - 23/06/25 06:16:10 INFO SparkContext: Created broadcast 0 from broadcast at DAGScheduler.scala:1427
[2023-06-25T06:16:10.872+0000] {spark_submit.py:492} INFO - 23/06/25 06:16:10 INFO DAGScheduler: Submitting 1 missing tasks from ResultStage 0 (MapPartitionsRDD[6] at showString at NativeMethodAccessorImpl.java:0) (first 15 tasks are for partitions Vector(0))
[2023-06-25T06:16:10.873+0000] {spark_submit.py:492} INFO - 23/06/25 06:16:10 INFO TaskSchedulerImpl: Adding task set 0.0 with 1 tasks resource profile 0
[2023-06-25T06:16:25.904+0000] {spark_submit.py:492} INFO - 23/06/25 06:16:25 WARN TaskSchedulerImpl: Initial job has not accepted any resources; check your cluster UI to ensure that workers are registered and have sufficient resources
[2023-06-25T06:16:40.905+0000] {spark_submit.py:492} INFO - 23/06/25 06:16:40 WARN TaskSchedulerImpl: Initial job has not accepted any resources; check your cluster UI to ensure that workers are registered and have sufficient resources
[2023-06-25T06:16:55.904+0000] {spark_submit.py:492} INFO - 23/06/25 06:16:55 WARN TaskSchedulerImpl: Initial job has not accepted any resources; check your cluster UI to ensure that workers are registered and have sufficient resources
[2023-06-25T06:17:10.904+0000] {spark_submit.py:492} INFO - 23/06/25 06:17:10 WARN TaskSchedulerImpl: Initial job has not accepted any resources; check your cluster UI to ensure that workers are registered and have sufficient resources
[2023-06-25T06:17:25.904+0000] {spark_submit.py:492} INFO - 23/06/25 06:17:25 WARN TaskSchedulerImpl: Initial job has not accepted any resources; check your cluster UI to ensure that workers are registered and have sufficient resources
[2023-06-25T06:17:40.905+0000] {spark_submit.py:492} INFO - 23/06/25 06:17:40 WARN TaskSchedulerImpl: Initial job has not accepted any resources; check your cluster UI to ensure that workers are registered and have sufficient resources
[2023-06-25T06:17:55.904+0000] {spark_submit.py:492} INFO - 23/06/25 06:17:55 WARN TaskSchedulerImpl: Initial job has not accepted any resources; check your cluster UI to ensure that workers are registered and have sufficient resources
[2023-06-25T06:18:10.904+0000] {spark_submit.py:492} INFO - 23/06/25 06:18:10 WARN TaskSchedulerImpl: Initial job has not accepted any resources; check your cluster UI to ensure that workers are registered and have sufficient resources
[2023-06-25T06:18:25.904+0000] {spark_submit.py:492} INFO - 23/06/25 06:18:25 WARN TaskSchedulerImpl: Initial job has not accepted any resources; check your cluster UI to ensure that workers are registered and have sufficient resources
[2023-06-25T06:18:40.905+0000] {spark_submit.py:492} INFO - 23/06/25 06:18:40 WARN TaskSchedulerImpl: Initial job has not accepted any resources; check your cluster UI to ensure that workers are registered and have sufficient resources
[2023-06-25T06:18:55.909+0000] {spark_submit.py:492} INFO - 23/06/25 06:18:55 WARN TaskSchedulerImpl: Initial job has not accepted any resources; check your cluster UI to ensure that workers are registered and have sufficient resources
[2023-06-25T06:19:10.524+0000] {spark_submit.py:492} INFO - 23/06/25 06:19:10 WARN StandaloneAppClient$ClientEndpoint: Connection to 933027785c84:7077 failed; waiting for master to reconnect...
[2023-06-25T06:19:10.524+0000] {spark_submit.py:492} INFO - 23/06/25 06:19:10 WARN StandaloneSchedulerBackend: Disconnected from Spark cluster! Waiting for reconnection...
[2023-06-25T06:19:10.904+0000] {spark_submit.py:492} INFO - 23/06/25 06:19:10 WARN TaskSchedulerImpl: Initial job has not accepted any resources; check your cluster UI to ensure that workers are registered and have sufficient resources
[2023-06-25T06:19:25.905+0000] {spark_submit.py:492} INFO - 23/06/25 06:19:25 WARN TaskSchedulerImpl: Initial job has not accepted any resources; check your cluster UI to ensure that workers are registered and have sufficient resources
[2023-06-25T06:19:40.904+0000] {spark_submit.py:492} INFO - 23/06/25 06:19:40 WARN TaskSchedulerImpl: Initial job has not accepted any resources; check your cluster UI to ensure that workers are registered and have sufficient resources
[2023-06-25T06:19:55.905+0000] {spark_submit.py:492} INFO - 23/06/25 06:19:55 WARN TaskSchedulerImpl: Initial job has not accepted any resources; check your cluster UI to ensure that workers are registered and have sufficient resources
[2023-06-25T06:20:10.905+0000] {spark_submit.py:492} INFO - 23/06/25 06:20:10 WARN TaskSchedulerImpl: Initial job has not accepted any resources; check your cluster UI to ensure that workers are registered and have sufficient resources
[2023-06-25T06:20:25.904+0000] {spark_submit.py:492} INFO - 23/06/25 06:20:25 WARN TaskSchedulerImpl: Initial job has not accepted any resources; check your cluster UI to ensure that workers are registered and have sufficient resources
[2023-06-25T06:20:40.904+0000] {spark_submit.py:492} INFO - 23/06/25 06:20:40 WARN TaskSchedulerImpl: Initial job has not accepted any resources; check your cluster UI to ensure that workers are registered and have sufficient resources
[2023-06-25T06:20:55.905+0000] {spark_submit.py:492} INFO - 23/06/25 06:20:55 WARN TaskSchedulerImpl: Initial job has not accepted any resources; check your cluster UI to ensure that workers are registered and have sufficient resources
[2023-06-25T06:21:10.904+0000] {spark_submit.py:492} INFO - 23/06/25 06:21:10 WARN TaskSchedulerImpl: Initial job has not accepted any resources; check your cluster UI to ensure that workers are registered and have sufficient resources
[2023-06-25T06:21:26.000+0000] {spark_submit.py:492} INFO - 23/06/25 06:21:25 WARN TaskSchedulerImpl: Initial job has not accepted any resources; check your cluster UI to ensure that workers are registered and have sufficient resources
[2023-06-25T06:21:43.611+0000] {spark_submit.py:492} INFO - 23/06/25 06:21:41 WARN TaskSchedulerImpl: Initial job has not accepted any resources; check your cluster UI to ensure that workers are registered and have sufficient resources
[2023-06-25T06:21:56.666+0000] {spark_submit.py:492} INFO - 23/06/25 06:21:55 WARN TaskSchedulerImpl: Initial job has not accepted any resources; check your cluster UI to ensure that workers are registered and have sufficient resources
[2023-06-25T06:22:13.521+0000] {spark_submit.py:492} INFO - 23/06/25 06:22:12 WARN TaskSchedulerImpl: Initial job has not accepted any resources; check your cluster UI to ensure that workers are registered and have sufficient resources
[2023-06-25T06:23:15.482+0000] {spark_submit.py:492} INFO - 23/06/25 06:22:56 WARN TaskSchedulerImpl: Initial job has not accepted any resources; check your cluster UI to ensure that workers are registered and have sufficient resources
