[2023-06-25T06:30:51.981+0000] {taskinstance.py:1084} INFO - Dependencies all met for dep_context=non-requeueable deps ti=<TaskInstance: spark_etl_minio_v18.spark_submit_task manual__2023-06-25T06:30:50.741238+00:00 [queued]>
[2023-06-25T06:30:51.994+0000] {taskinstance.py:1084} INFO - Dependencies all met for dep_context=requeueable deps ti=<TaskInstance: spark_etl_minio_v18.spark_submit_task manual__2023-06-25T06:30:50.741238+00:00 [queued]>
[2023-06-25T06:30:51.994+0000] {taskinstance.py:1282} INFO - 
--------------------------------------------------------------------------------
[2023-06-25T06:30:51.994+0000] {taskinstance.py:1283} INFO - Starting attempt 1 of 6
[2023-06-25T06:30:51.994+0000] {taskinstance.py:1284} INFO - 
--------------------------------------------------------------------------------
[2023-06-25T06:30:52.007+0000] {taskinstance.py:1303} INFO - Executing <Task(SparkSubmitOperator): spark_submit_task> on 2023-06-25 06:30:50.741238+00:00
[2023-06-25T06:30:52.012+0000] {standard_task_runner.py:55} INFO - Started process 664 to run task
[2023-06-25T06:30:52.015+0000] {standard_task_runner.py:82} INFO - Running: ['***', 'tasks', 'run', 'spark_etl_minio_v18', 'spark_submit_task', 'manual__2023-06-25T06:30:50.741238+00:00', '--job-id', '283', '--raw', '--subdir', 'DAGS_FOLDER/spark_job_minio_v1.py', '--cfg-path', '/tmp/tmpo1_gv7hw']
[2023-06-25T06:30:52.016+0000] {standard_task_runner.py:83} INFO - Job 283: Subtask spark_submit_task
[2023-06-25T06:30:52.030+0000] {warnings.py:109} WARNING - /home/***/.local/lib/python3.8/site-packages/***/settings.py:250: DeprecationWarning: The sql_alchemy_conn option in [core] has been moved to the sql_alchemy_conn option in [database] - the old setting has been used, but please update your config.
  SQL_ALCHEMY_CONN = conf.get("database", "SQL_ALCHEMY_CONN")

[2023-06-25T06:30:52.085+0000] {task_command.py:388} INFO - Running <TaskInstance: spark_etl_minio_v18.spark_submit_task manual__2023-06-25T06:30:50.741238+00:00 [running]> on host a8d69ab09d2d
[2023-06-25T06:30:52.161+0000] {taskinstance.py:1509} INFO - Exporting the following env vars:
AIRFLOW_CTX_DAG_OWNER=***
AIRFLOW_CTX_DAG_ID=spark_etl_minio_v18
AIRFLOW_CTX_TASK_ID=spark_submit_task
AIRFLOW_CTX_EXECUTION_DATE=2023-06-25T06:30:50.741238+00:00
AIRFLOW_CTX_TRY_NUMBER=1
AIRFLOW_CTX_DAG_RUN_ID=manual__2023-06-25T06:30:50.741238+00:00
[2023-06-25T06:30:52.171+0000] {base.py:73} INFO - Using connection ID 'spark_conn' for task execution.
[2023-06-25T06:30:52.174+0000] {spark_submit.py:341} INFO - Spark-Submit cmd: spark-submit --master spark://spark:7077 --conf spark.hadoop.fs.s3a.aws.credentials.provider=org.apache.hadoop.fs.s3a.SimpleAWSCredentialsProvider --conf spark.hadoop.fs.s3a.path.style.access=true --conf spark.hadoop.fs.s3a.access.key=minioadmin --conf spark.hadoop.fs.s3a.secret.key=****** --conf spark.hadoop.fs.s3a.endpoint=http://minio:9000 --jars local:///opt/bitnami/spark/jars/hadoop-aws-3.2.0.jar,local:///opt/bitnami/spark/jars/aws-java-sdk-bundle-1.11.375.jar --name arrow-spark /opt/***/dags/spark_etl_spark_minio.py
[2023-06-25T06:30:53.828+0000] {spark_submit.py:492} INFO - WARNING: An illegal reflective access operation has occurred
[2023-06-25T06:30:53.829+0000] {spark_submit.py:492} INFO - WARNING: Illegal reflective access by org.apache.spark.unsafe.Platform (file:/opt/spark/jars/spark-unsafe_2.12-3.2.0.jar) to constructor java.nio.DirectByteBuffer(long,int)
[2023-06-25T06:30:53.829+0000] {spark_submit.py:492} INFO - WARNING: Please consider reporting this to the maintainers of org.apache.spark.unsafe.Platform
[2023-06-25T06:30:53.829+0000] {spark_submit.py:492} INFO - WARNING: Use --illegal-access=warn to enable warnings of further illegal reflective access operations
[2023-06-25T06:30:53.829+0000] {spark_submit.py:492} INFO - WARNING: All illegal access operations will be denied in a future release
[2023-06-25T06:30:54.324+0000] {spark_submit.py:492} INFO - Using Spark's default log4j profile: org/apache/spark/log4j-defaults.properties
[2023-06-25T06:30:54.325+0000] {spark_submit.py:492} INFO - 23/06/25 06:30:54 WARN DependencyUtils: Local jar /opt/bitnami/spark/jars/hadoop-aws-3.2.0.jar does not exist, skipping.
[2023-06-25T06:30:54.326+0000] {spark_submit.py:492} INFO - 23/06/25 06:30:54 WARN DependencyUtils: Local jar /opt/bitnami/spark/jars/aws-java-sdk-bundle-1.11.375.jar does not exist, skipping.
[2023-06-25T06:30:55.685+0000] {spark_submit.py:492} INFO - 23/06/25 06:30:55 INFO SparkContext: Running Spark version 3.2.0
[2023-06-25T06:30:55.810+0000] {spark_submit.py:492} INFO - 23/06/25 06:30:55 WARN NativeCodeLoader: Unable to load native-hadoop library for your platform... using builtin-java classes where applicable
[2023-06-25T06:30:56.210+0000] {spark_submit.py:492} INFO - 23/06/25 06:30:56 INFO ResourceUtils: ==============================================================
[2023-06-25T06:30:56.211+0000] {spark_submit.py:492} INFO - 23/06/25 06:30:56 INFO ResourceUtils: No custom resources configured for spark.driver.
[2023-06-25T06:30:56.212+0000] {spark_submit.py:492} INFO - 23/06/25 06:30:56 INFO ResourceUtils: ==============================================================
[2023-06-25T06:30:56.224+0000] {spark_submit.py:492} INFO - 23/06/25 06:30:56 INFO SparkContext: Submitted application: arrow-spark
[2023-06-25T06:30:56.293+0000] {spark_submit.py:492} INFO - 23/06/25 06:30:56 INFO ResourceProfile: Default ResourceProfile created, executor resources: Map(cores -> name: cores, amount: 1, script: , vendor: , memory -> name: memory, amount: 1024, script: , vendor: , offHeap -> name: offHeap, amount: 0, script: , vendor: ), task resources: Map(cpus -> name: cpus, amount: 1.0)
[2023-06-25T06:30:56.316+0000] {spark_submit.py:492} INFO - 23/06/25 06:30:56 INFO ResourceProfile: Limiting resource is cpu
[2023-06-25T06:30:56.317+0000] {spark_submit.py:492} INFO - 23/06/25 06:30:56 INFO ResourceProfileManager: Added ResourceProfile id: 0
[2023-06-25T06:30:56.441+0000] {spark_submit.py:492} INFO - 23/06/25 06:30:56 INFO SecurityManager: Changing view acls to: default
[2023-06-25T06:30:56.442+0000] {spark_submit.py:492} INFO - 23/06/25 06:30:56 INFO SecurityManager: Changing modify acls to: default
[2023-06-25T06:30:56.443+0000] {spark_submit.py:492} INFO - 23/06/25 06:30:56 INFO SecurityManager: Changing view acls groups to:
[2023-06-25T06:30:56.445+0000] {spark_submit.py:492} INFO - 23/06/25 06:30:56 INFO SecurityManager: Changing modify acls groups to:
[2023-06-25T06:30:56.445+0000] {spark_submit.py:492} INFO - 23/06/25 06:30:56 INFO SecurityManager: SecurityManager: authentication disabled; ui acls disabled; users  with view permissions: Set(default); groups with view permissions: Set(); users  with modify permissions: Set(default); groups with modify permissions: Set()
[2023-06-25T06:30:57.044+0000] {spark_submit.py:492} INFO - 23/06/25 06:30:57 INFO Utils: Successfully started service 'sparkDriver' on port 33549.
[2023-06-25T06:30:57.078+0000] {spark_submit.py:492} INFO - 23/06/25 06:30:57 INFO SparkEnv: Registering MapOutputTracker
[2023-06-25T06:30:57.111+0000] {spark_submit.py:492} INFO - 23/06/25 06:30:57 INFO SparkEnv: Registering BlockManagerMaster
[2023-06-25T06:30:57.131+0000] {spark_submit.py:492} INFO - 23/06/25 06:30:57 INFO BlockManagerMasterEndpoint: Using org.apache.spark.storage.DefaultTopologyMapper for getting topology information
[2023-06-25T06:30:57.132+0000] {spark_submit.py:492} INFO - 23/06/25 06:30:57 INFO BlockManagerMasterEndpoint: BlockManagerMasterEndpoint up
[2023-06-25T06:30:57.140+0000] {spark_submit.py:492} INFO - 23/06/25 06:30:57 INFO SparkEnv: Registering BlockManagerMasterHeartbeat
[2023-06-25T06:30:57.174+0000] {spark_submit.py:492} INFO - 23/06/25 06:30:57 INFO DiskBlockManager: Created local directory at /tmp/blockmgr-43dd143a-5dcc-4cd2-83bb-ffaf70ed88af
[2023-06-25T06:30:57.204+0000] {spark_submit.py:492} INFO - 23/06/25 06:30:57 INFO MemoryStore: MemoryStore started with capacity 434.4 MiB
[2023-06-25T06:30:57.225+0000] {spark_submit.py:492} INFO - 23/06/25 06:30:57 INFO SparkEnv: Registering OutputCommitCoordinator
[2023-06-25T06:30:57.566+0000] {spark_submit.py:492} INFO - 23/06/25 06:30:57 WARN Utils: Service 'SparkUI' could not bind on port 4040. Attempting port 4041.
[2023-06-25T06:30:57.574+0000] {spark_submit.py:492} INFO - 23/06/25 06:30:57 WARN Utils: Service 'SparkUI' could not bind on port 4041. Attempting port 4042.
[2023-06-25T06:30:57.575+0000] {spark_submit.py:492} INFO - 23/06/25 06:30:57 WARN Utils: Service 'SparkUI' could not bind on port 4042. Attempting port 4043.
[2023-06-25T06:30:57.617+0000] {spark_submit.py:492} INFO - 23/06/25 06:30:57 INFO Utils: Successfully started service 'SparkUI' on port 4043.
[2023-06-25T06:30:57.891+0000] {spark_submit.py:492} INFO - 23/06/25 06:30:57 INFO SparkUI: Bound SparkUI to 0.0.0.0, and started at http://a8d69ab09d2d:4043
[2023-06-25T06:30:57.952+0000] {spark_submit.py:492} INFO - 23/06/25 06:30:57 INFO SparkContext: Added JAR local:///opt/bitnami/spark/jars/hadoop-aws-3.2.0.jar at file:/opt/bitnami/spark/jars/hadoop-aws-3.2.0.jar with timestamp 1687674655674
[2023-06-25T06:30:57.953+0000] {spark_submit.py:492} INFO - 23/06/25 06:30:57 INFO SparkContext: Added JAR local:///opt/bitnami/spark/jars/aws-java-sdk-bundle-1.11.375.jar at file:/opt/bitnami/spark/jars/aws-java-sdk-bundle-1.11.375.jar with timestamp 1687674655674
[2023-06-25T06:30:58.343+0000] {spark_submit.py:492} INFO - 23/06/25 06:30:58 INFO StandaloneAppClient$ClientEndpoint: Connecting to master spark://spark:7077...
[2023-06-25T06:30:58.461+0000] {spark_submit.py:492} INFO - 23/06/25 06:30:58 INFO TransportClientFactory: Successfully created connection to spark/172.19.0.11:7077 after 39 ms (0 ms spent in bootstraps)
[2023-06-25T06:30:58.547+0000] {spark_submit.py:492} INFO - 23/06/25 06:30:58 INFO StandaloneSchedulerBackend: Connected to Spark cluster with app ID app-20230625063058-0003
[2023-06-25T06:30:58.552+0000] {spark_submit.py:492} INFO - 23/06/25 06:30:58 INFO Utils: Successfully started service 'org.apache.spark.network.netty.NettyBlockTransferService' on port 32939.
[2023-06-25T06:30:58.552+0000] {spark_submit.py:492} INFO - 23/06/25 06:30:58 INFO NettyBlockTransferService: Server created on a8d69ab09d2d:32939
[2023-06-25T06:30:58.554+0000] {spark_submit.py:492} INFO - 23/06/25 06:30:58 INFO BlockManager: Using org.apache.spark.storage.RandomBlockReplicationPolicy for block replication policy
[2023-06-25T06:30:58.559+0000] {spark_submit.py:492} INFO - 23/06/25 06:30:58 INFO BlockManagerMaster: Registering BlockManager BlockManagerId(driver, a8d69ab09d2d, 32939, None)
[2023-06-25T06:30:58.561+0000] {spark_submit.py:492} INFO - 23/06/25 06:30:58 INFO BlockManagerMasterEndpoint: Registering block manager a8d69ab09d2d:32939 with 434.4 MiB RAM, BlockManagerId(driver, a8d69ab09d2d, 32939, None)
[2023-06-25T06:30:58.563+0000] {spark_submit.py:492} INFO - 23/06/25 06:30:58 INFO BlockManagerMaster: Registered BlockManager BlockManagerId(driver, a8d69ab09d2d, 32939, None)
[2023-06-25T06:30:58.565+0000] {spark_submit.py:492} INFO - 23/06/25 06:30:58 INFO BlockManager: Initialized BlockManager: BlockManagerId(driver, a8d69ab09d2d, 32939, None)
[2023-06-25T06:30:58.776+0000] {spark_submit.py:492} INFO - 23/06/25 06:30:58 INFO StandaloneSchedulerBackend: SchedulerBackend is ready for scheduling beginning after reached minRegisteredResourcesRatio: 0.0
[2023-06-25T06:30:59.024+0000] {spark_submit.py:492} INFO - 23/06/25 06:30:59 INFO SharedState: Setting hive.metastore.warehouse.dir ('null') to the value of spark.sql.warehouse.dir.
[2023-06-25T06:30:59.043+0000] {spark_submit.py:492} INFO - 23/06/25 06:30:59 INFO SharedState: Warehouse path is 'file:/opt/***/spark-warehouse'.
[2023-06-25T06:31:03.446+0000] {spark_submit.py:492} INFO - 23/06/25 06:31:03 INFO CodeGenerator: Code generated in 135.806616 ms
[2023-06-25T06:31:03.477+0000] {spark_submit.py:492} INFO - 23/06/25 06:31:03 INFO SparkContext: Starting job: showString at NativeMethodAccessorImpl.java:0
[2023-06-25T06:31:03.500+0000] {spark_submit.py:492} INFO - 23/06/25 06:31:03 INFO DAGScheduler: Got job 0 (showString at NativeMethodAccessorImpl.java:0) with 1 output partitions
[2023-06-25T06:31:03.500+0000] {spark_submit.py:492} INFO - 23/06/25 06:31:03 INFO DAGScheduler: Final stage: ResultStage 0 (showString at NativeMethodAccessorImpl.java:0)
[2023-06-25T06:31:03.500+0000] {spark_submit.py:492} INFO - 23/06/25 06:31:03 INFO DAGScheduler: Parents of final stage: List()
[2023-06-25T06:31:03.501+0000] {spark_submit.py:492} INFO - 23/06/25 06:31:03 INFO DAGScheduler: Missing parents: List()
[2023-06-25T06:31:03.507+0000] {spark_submit.py:492} INFO - 23/06/25 06:31:03 INFO DAGScheduler: Submitting ResultStage 0 (MapPartitionsRDD[6] at showString at NativeMethodAccessorImpl.java:0), which has no missing parents
[2023-06-25T06:31:03.604+0000] {spark_submit.py:492} INFO - 23/06/25 06:31:03 INFO MemoryStore: Block broadcast_0 stored as values in memory (estimated size 11.7 KiB, free 434.4 MiB)
[2023-06-25T06:31:03.640+0000] {spark_submit.py:492} INFO - 23/06/25 06:31:03 INFO MemoryStore: Block broadcast_0_piece0 stored as bytes in memory (estimated size 6.2 KiB, free 434.4 MiB)
[2023-06-25T06:31:03.644+0000] {spark_submit.py:492} INFO - 23/06/25 06:31:03 INFO BlockManagerInfo: Added broadcast_0_piece0 in memory on a8d69ab09d2d:32939 (size: 6.2 KiB, free: 434.4 MiB)
[2023-06-25T06:31:03.650+0000] {spark_submit.py:492} INFO - 23/06/25 06:31:03 INFO SparkContext: Created broadcast 0 from broadcast at DAGScheduler.scala:1427
[2023-06-25T06:31:03.665+0000] {spark_submit.py:492} INFO - 23/06/25 06:31:03 INFO DAGScheduler: Submitting 1 missing tasks from ResultStage 0 (MapPartitionsRDD[6] at showString at NativeMethodAccessorImpl.java:0) (first 15 tasks are for partitions Vector(0))
[2023-06-25T06:31:03.667+0000] {spark_submit.py:492} INFO - 23/06/25 06:31:03 INFO TaskSchedulerImpl: Adding task set 0.0 with 1 tasks resource profile 0
[2023-06-25T06:31:18.691+0000] {spark_submit.py:492} INFO - 23/06/25 06:31:18 WARN TaskSchedulerImpl: Initial job has not accepted any resources; check your cluster UI to ensure that workers are registered and have sufficient resources
[2023-06-25T06:31:33.689+0000] {spark_submit.py:492} INFO - 23/06/25 06:31:33 WARN TaskSchedulerImpl: Initial job has not accepted any resources; check your cluster UI to ensure that workers are registered and have sufficient resources
[2023-06-25T06:31:48.689+0000] {spark_submit.py:492} INFO - 23/06/25 06:31:48 WARN TaskSchedulerImpl: Initial job has not accepted any resources; check your cluster UI to ensure that workers are registered and have sufficient resources
[2023-06-25T06:31:55.026+0000] {spark_submit.py:492} INFO - 23/06/25 06:31:55 WARN StandaloneAppClient$ClientEndpoint: Connection to 6da71d3f5fb2:7077 failed; waiting for master to reconnect...
[2023-06-25T06:31:55.026+0000] {spark_submit.py:492} INFO - 23/06/25 06:31:55 WARN StandaloneSchedulerBackend: Disconnected from Spark cluster! Waiting for reconnection...
[2023-06-25T06:32:03.690+0000] {spark_submit.py:492} INFO - 23/06/25 06:32:03 WARN TaskSchedulerImpl: Initial job has not accepted any resources; check your cluster UI to ensure that workers are registered and have sufficient resources
[2023-06-25T06:32:18.689+0000] {spark_submit.py:492} INFO - 23/06/25 06:32:18 WARN TaskSchedulerImpl: Initial job has not accepted any resources; check your cluster UI to ensure that workers are registered and have sufficient resources
[2023-06-25T06:32:33.689+0000] {spark_submit.py:492} INFO - 23/06/25 06:32:33 WARN TaskSchedulerImpl: Initial job has not accepted any resources; check your cluster UI to ensure that workers are registered and have sufficient resources
[2023-06-25T06:32:48.690+0000] {spark_submit.py:492} INFO - 23/06/25 06:32:48 WARN TaskSchedulerImpl: Initial job has not accepted any resources; check your cluster UI to ensure that workers are registered and have sufficient resources
[2023-06-25T06:33:03.689+0000] {spark_submit.py:492} INFO - 23/06/25 06:33:03 WARN TaskSchedulerImpl: Initial job has not accepted any resources; check your cluster UI to ensure that workers are registered and have sufficient resources
[2023-06-25T06:33:18.689+0000] {spark_submit.py:492} INFO - 23/06/25 06:33:18 WARN TaskSchedulerImpl: Initial job has not accepted any resources; check your cluster UI to ensure that workers are registered and have sufficient resources
[2023-06-25T06:33:33.692+0000] {spark_submit.py:492} INFO - 23/06/25 06:33:33 WARN TaskSchedulerImpl: Initial job has not accepted any resources; check your cluster UI to ensure that workers are registered and have sufficient resources
[2023-06-25T06:33:48.689+0000] {spark_submit.py:492} INFO - 23/06/25 06:33:48 WARN TaskSchedulerImpl: Initial job has not accepted any resources; check your cluster UI to ensure that workers are registered and have sufficient resources
[2023-06-25T06:34:03.690+0000] {spark_submit.py:492} INFO - 23/06/25 06:34:03 WARN TaskSchedulerImpl: Initial job has not accepted any resources; check your cluster UI to ensure that workers are registered and have sufficient resources
[2023-06-25T06:34:18.689+0000] {spark_submit.py:492} INFO - 23/06/25 06:34:18 WARN TaskSchedulerImpl: Initial job has not accepted any resources; check your cluster UI to ensure that workers are registered and have sufficient resources
[2023-06-25T06:34:33.689+0000] {spark_submit.py:492} INFO - 23/06/25 06:34:33 WARN TaskSchedulerImpl: Initial job has not accepted any resources; check your cluster UI to ensure that workers are registered and have sufficient resources
[2023-06-25T06:34:48.690+0000] {spark_submit.py:492} INFO - 23/06/25 06:34:48 WARN TaskSchedulerImpl: Initial job has not accepted any resources; check your cluster UI to ensure that workers are registered and have sufficient resources
[2023-06-25T06:35:03.689+0000] {spark_submit.py:492} INFO - 23/06/25 06:35:03 WARN TaskSchedulerImpl: Initial job has not accepted any resources; check your cluster UI to ensure that workers are registered and have sufficient resources
[2023-06-25T06:35:18.689+0000] {spark_submit.py:492} INFO - 23/06/25 06:35:18 WARN TaskSchedulerImpl: Initial job has not accepted any resources; check your cluster UI to ensure that workers are registered and have sufficient resources
[2023-06-25T06:35:33.690+0000] {spark_submit.py:492} INFO - 23/06/25 06:35:33 WARN TaskSchedulerImpl: Initial job has not accepted any resources; check your cluster UI to ensure that workers are registered and have sufficient resources
[2023-06-25T06:35:48.690+0000] {spark_submit.py:492} INFO - 23/06/25 06:35:48 WARN TaskSchedulerImpl: Initial job has not accepted any resources; check your cluster UI to ensure that workers are registered and have sufficient resources
[2023-06-25T06:36:03.689+0000] {spark_submit.py:492} INFO - 23/06/25 06:36:03 WARN TaskSchedulerImpl: Initial job has not accepted any resources; check your cluster UI to ensure that workers are registered and have sufficient resources
[2023-06-25T06:36:18.689+0000] {spark_submit.py:492} INFO - 23/06/25 06:36:18 WARN TaskSchedulerImpl: Initial job has not accepted any resources; check your cluster UI to ensure that workers are registered and have sufficient resources
[2023-06-25T06:36:33.690+0000] {spark_submit.py:492} INFO - 23/06/25 06:36:33 WARN TaskSchedulerImpl: Initial job has not accepted any resources; check your cluster UI to ensure that workers are registered and have sufficient resources
[2023-06-25T06:36:48.689+0000] {spark_submit.py:492} INFO - 23/06/25 06:36:48 WARN TaskSchedulerImpl: Initial job has not accepted any resources; check your cluster UI to ensure that workers are registered and have sufficient resources
[2023-06-25T06:37:03.690+0000] {spark_submit.py:492} INFO - 23/06/25 06:37:03 WARN TaskSchedulerImpl: Initial job has not accepted any resources; check your cluster UI to ensure that workers are registered and have sufficient resources
[2023-06-25T06:37:18.689+0000] {spark_submit.py:492} INFO - 23/06/25 06:37:18 WARN TaskSchedulerImpl: Initial job has not accepted any resources; check your cluster UI to ensure that workers are registered and have sufficient resources
[2023-06-25T06:37:33.689+0000] {spark_submit.py:492} INFO - 23/06/25 06:37:33 WARN TaskSchedulerImpl: Initial job has not accepted any resources; check your cluster UI to ensure that workers are registered and have sufficient resources
[2023-06-25T06:37:48.690+0000] {spark_submit.py:492} INFO - 23/06/25 06:37:48 WARN TaskSchedulerImpl: Initial job has not accepted any resources; check your cluster UI to ensure that workers are registered and have sufficient resources
[2023-06-25T06:38:03.689+0000] {spark_submit.py:492} INFO - 23/06/25 06:38:03 WARN TaskSchedulerImpl: Initial job has not accepted any resources; check your cluster UI to ensure that workers are registered and have sufficient resources
[2023-06-25T06:38:18.689+0000] {spark_submit.py:492} INFO - 23/06/25 06:38:18 WARN TaskSchedulerImpl: Initial job has not accepted any resources; check your cluster UI to ensure that workers are registered and have sufficient resources
[2023-06-25T06:38:33.689+0000] {spark_submit.py:492} INFO - 23/06/25 06:38:33 WARN TaskSchedulerImpl: Initial job has not accepted any resources; check your cluster UI to ensure that workers are registered and have sufficient resources
[2023-06-25T06:38:48.690+0000] {spark_submit.py:492} INFO - 23/06/25 06:38:48 WARN TaskSchedulerImpl: Initial job has not accepted any resources; check your cluster UI to ensure that workers are registered and have sufficient resources
[2023-06-25T06:39:03.690+0000] {spark_submit.py:492} INFO - 23/06/25 06:39:03 WARN TaskSchedulerImpl: Initial job has not accepted any resources; check your cluster UI to ensure that workers are registered and have sufficient resources
[2023-06-25T06:39:18.689+0000] {spark_submit.py:492} INFO - 23/06/25 06:39:18 WARN TaskSchedulerImpl: Initial job has not accepted any resources; check your cluster UI to ensure that workers are registered and have sufficient resources
[2023-06-25T06:39:33.689+0000] {spark_submit.py:492} INFO - 23/06/25 06:39:33 WARN TaskSchedulerImpl: Initial job has not accepted any resources; check your cluster UI to ensure that workers are registered and have sufficient resources
[2023-06-25T06:39:48.690+0000] {spark_submit.py:492} INFO - 23/06/25 06:39:48 WARN TaskSchedulerImpl: Initial job has not accepted any resources; check your cluster UI to ensure that workers are registered and have sufficient resources
[2023-06-25T06:40:03.689+0000] {spark_submit.py:492} INFO - 23/06/25 06:40:03 WARN TaskSchedulerImpl: Initial job has not accepted any resources; check your cluster UI to ensure that workers are registered and have sufficient resources
[2023-06-25T06:40:18.689+0000] {spark_submit.py:492} INFO - 23/06/25 06:40:18 WARN TaskSchedulerImpl: Initial job has not accepted any resources; check your cluster UI to ensure that workers are registered and have sufficient resources
[2023-06-25T06:40:33.689+0000] {spark_submit.py:492} INFO - 23/06/25 06:40:33 WARN TaskSchedulerImpl: Initial job has not accepted any resources; check your cluster UI to ensure that workers are registered and have sufficient resources
[2023-06-25T06:40:48.690+0000] {spark_submit.py:492} INFO - 23/06/25 06:40:48 WARN TaskSchedulerImpl: Initial job has not accepted any resources; check your cluster UI to ensure that workers are registered and have sufficient resources
[2023-06-25T06:41:03.689+0000] {spark_submit.py:492} INFO - 23/06/25 06:41:03 WARN TaskSchedulerImpl: Initial job has not accepted any resources; check your cluster UI to ensure that workers are registered and have sufficient resources
[2023-06-25T06:41:18.689+0000] {spark_submit.py:492} INFO - 23/06/25 06:41:18 WARN TaskSchedulerImpl: Initial job has not accepted any resources; check your cluster UI to ensure that workers are registered and have sufficient resources
[2023-06-25T06:41:33.690+0000] {spark_submit.py:492} INFO - 23/06/25 06:41:33 WARN TaskSchedulerImpl: Initial job has not accepted any resources; check your cluster UI to ensure that workers are registered and have sufficient resources
[2023-06-25T06:41:48.689+0000] {spark_submit.py:492} INFO - 23/06/25 06:41:48 WARN TaskSchedulerImpl: Initial job has not accepted any resources; check your cluster UI to ensure that workers are registered and have sufficient resources
[2023-06-25T06:42:03.690+0000] {spark_submit.py:492} INFO - 23/06/25 06:42:03 WARN TaskSchedulerImpl: Initial job has not accepted any resources; check your cluster UI to ensure that workers are registered and have sufficient resources
[2023-06-25T06:42:18.690+0000] {spark_submit.py:492} INFO - 23/06/25 06:42:18 WARN TaskSchedulerImpl: Initial job has not accepted any resources; check your cluster UI to ensure that workers are registered and have sufficient resources
[2023-06-25T06:42:33.689+0000] {spark_submit.py:492} INFO - 23/06/25 06:42:33 WARN TaskSchedulerImpl: Initial job has not accepted any resources; check your cluster UI to ensure that workers are registered and have sufficient resources
[2023-06-25T06:42:48.690+0000] {spark_submit.py:492} INFO - 23/06/25 06:42:48 WARN TaskSchedulerImpl: Initial job has not accepted any resources; check your cluster UI to ensure that workers are registered and have sufficient resources
[2023-06-25T06:43:03.689+0000] {spark_submit.py:492} INFO - 23/06/25 06:43:03 WARN TaskSchedulerImpl: Initial job has not accepted any resources; check your cluster UI to ensure that workers are registered and have sufficient resources
[2023-06-25T06:43:18.689+0000] {spark_submit.py:492} INFO - 23/06/25 06:43:18 WARN TaskSchedulerImpl: Initial job has not accepted any resources; check your cluster UI to ensure that workers are registered and have sufficient resources
[2023-06-25T06:43:33.689+0000] {spark_submit.py:492} INFO - 23/06/25 06:43:33 WARN TaskSchedulerImpl: Initial job has not accepted any resources; check your cluster UI to ensure that workers are registered and have sufficient resources
[2023-06-25T06:43:48.690+0000] {spark_submit.py:492} INFO - 23/06/25 06:43:48 WARN TaskSchedulerImpl: Initial job has not accepted any resources; check your cluster UI to ensure that workers are registered and have sufficient resources
[2023-06-25T06:44:03.689+0000] {spark_submit.py:492} INFO - 23/06/25 06:44:03 WARN TaskSchedulerImpl: Initial job has not accepted any resources; check your cluster UI to ensure that workers are registered and have sufficient resources
[2023-06-25T06:44:18.690+0000] {spark_submit.py:492} INFO - 23/06/25 06:44:18 WARN TaskSchedulerImpl: Initial job has not accepted any resources; check your cluster UI to ensure that workers are registered and have sufficient resources
[2023-06-25T06:44:33.690+0000] {spark_submit.py:492} INFO - 23/06/25 06:44:33 WARN TaskSchedulerImpl: Initial job has not accepted any resources; check your cluster UI to ensure that workers are registered and have sufficient resources
[2023-06-25T06:44:48.689+0000] {spark_submit.py:492} INFO - 23/06/25 06:44:48 WARN TaskSchedulerImpl: Initial job has not accepted any resources; check your cluster UI to ensure that workers are registered and have sufficient resources
[2023-06-25T06:45:03.689+0000] {spark_submit.py:492} INFO - 23/06/25 06:45:03 WARN TaskSchedulerImpl: Initial job has not accepted any resources; check your cluster UI to ensure that workers are registered and have sufficient resources
[2023-06-25T06:45:18.690+0000] {spark_submit.py:492} INFO - 23/06/25 06:45:18 WARN TaskSchedulerImpl: Initial job has not accepted any resources; check your cluster UI to ensure that workers are registered and have sufficient resources
[2023-06-25T06:45:33.689+0000] {spark_submit.py:492} INFO - 23/06/25 06:45:33 WARN TaskSchedulerImpl: Initial job has not accepted any resources; check your cluster UI to ensure that workers are registered and have sufficient resources
[2023-06-25T06:45:48.690+0000] {spark_submit.py:492} INFO - 23/06/25 06:45:48 WARN TaskSchedulerImpl: Initial job has not accepted any resources; check your cluster UI to ensure that workers are registered and have sufficient resources
[2023-06-25T06:46:03.690+0000] {spark_submit.py:492} INFO - 23/06/25 06:46:03 WARN TaskSchedulerImpl: Initial job has not accepted any resources; check your cluster UI to ensure that workers are registered and have sufficient resources
[2023-06-25T06:46:18.689+0000] {spark_submit.py:492} INFO - 23/06/25 06:46:18 WARN TaskSchedulerImpl: Initial job has not accepted any resources; check your cluster UI to ensure that workers are registered and have sufficient resources
[2023-06-25T06:46:33.689+0000] {spark_submit.py:492} INFO - 23/06/25 06:46:33 WARN TaskSchedulerImpl: Initial job has not accepted any resources; check your cluster UI to ensure that workers are registered and have sufficient resources
[2023-06-25T06:46:48.690+0000] {spark_submit.py:492} INFO - 23/06/25 06:46:48 WARN TaskSchedulerImpl: Initial job has not accepted any resources; check your cluster UI to ensure that workers are registered and have sufficient resources
[2023-06-25T06:47:03.689+0000] {spark_submit.py:492} INFO - 23/06/25 06:47:03 WARN TaskSchedulerImpl: Initial job has not accepted any resources; check your cluster UI to ensure that workers are registered and have sufficient resources
[2023-06-25T06:47:18.689+0000] {spark_submit.py:492} INFO - 23/06/25 06:47:18 WARN TaskSchedulerImpl: Initial job has not accepted any resources; check your cluster UI to ensure that workers are registered and have sufficient resources
[2023-06-25T06:47:33.690+0000] {spark_submit.py:492} INFO - 23/06/25 06:47:33 WARN TaskSchedulerImpl: Initial job has not accepted any resources; check your cluster UI to ensure that workers are registered and have sufficient resources
[2023-06-25T06:47:48.691+0000] {spark_submit.py:492} INFO - 23/06/25 06:47:48 WARN TaskSchedulerImpl: Initial job has not accepted any resources; check your cluster UI to ensure that workers are registered and have sufficient resources
[2023-06-25T06:48:03.690+0000] {spark_submit.py:492} INFO - 23/06/25 06:48:03 WARN TaskSchedulerImpl: Initial job has not accepted any resources; check your cluster UI to ensure that workers are registered and have sufficient resources
[2023-06-25T06:48:18.690+0000] {spark_submit.py:492} INFO - 23/06/25 06:48:18 WARN TaskSchedulerImpl: Initial job has not accepted any resources; check your cluster UI to ensure that workers are registered and have sufficient resources
[2023-06-25T06:48:33.689+0000] {spark_submit.py:492} INFO - 23/06/25 06:48:33 WARN TaskSchedulerImpl: Initial job has not accepted any resources; check your cluster UI to ensure that workers are registered and have sufficient resources
[2023-06-25T06:48:48.689+0000] {spark_submit.py:492} INFO - 23/06/25 06:48:48 WARN TaskSchedulerImpl: Initial job has not accepted any resources; check your cluster UI to ensure that workers are registered and have sufficient resources
[2023-06-25T06:49:03.690+0000] {spark_submit.py:492} INFO - 23/06/25 06:49:03 WARN TaskSchedulerImpl: Initial job has not accepted any resources; check your cluster UI to ensure that workers are registered and have sufficient resources
[2023-06-25T06:49:18.689+0000] {spark_submit.py:492} INFO - 23/06/25 06:49:18 WARN TaskSchedulerImpl: Initial job has not accepted any resources; check your cluster UI to ensure that workers are registered and have sufficient resources
[2023-06-25T06:49:33.689+0000] {spark_submit.py:492} INFO - 23/06/25 06:49:33 WARN TaskSchedulerImpl: Initial job has not accepted any resources; check your cluster UI to ensure that workers are registered and have sufficient resources
[2023-06-25T06:49:48.689+0000] {spark_submit.py:492} INFO - 23/06/25 06:49:48 WARN TaskSchedulerImpl: Initial job has not accepted any resources; check your cluster UI to ensure that workers are registered and have sufficient resources
[2023-06-25T06:50:03.690+0000] {spark_submit.py:492} INFO - 23/06/25 06:50:03 WARN TaskSchedulerImpl: Initial job has not accepted any resources; check your cluster UI to ensure that workers are registered and have sufficient resources
[2023-06-25T06:50:18.689+0000] {spark_submit.py:492} INFO - 23/06/25 06:50:18 WARN TaskSchedulerImpl: Initial job has not accepted any resources; check your cluster UI to ensure that workers are registered and have sufficient resources
[2023-06-25T06:50:33.689+0000] {spark_submit.py:492} INFO - 23/06/25 06:50:33 WARN TaskSchedulerImpl: Initial job has not accepted any resources; check your cluster UI to ensure that workers are registered and have sufficient resources
[2023-06-25T06:50:48.689+0000] {spark_submit.py:492} INFO - 23/06/25 06:50:48 WARN TaskSchedulerImpl: Initial job has not accepted any resources; check your cluster UI to ensure that workers are registered and have sufficient resources
[2023-06-25T06:51:03.690+0000] {spark_submit.py:492} INFO - 23/06/25 06:51:03 WARN TaskSchedulerImpl: Initial job has not accepted any resources; check your cluster UI to ensure that workers are registered and have sufficient resources
[2023-06-25T06:51:18.689+0000] {spark_submit.py:492} INFO - 23/06/25 06:51:18 WARN TaskSchedulerImpl: Initial job has not accepted any resources; check your cluster UI to ensure that workers are registered and have sufficient resources
[2023-06-25T06:51:33.689+0000] {spark_submit.py:492} INFO - 23/06/25 06:51:33 WARN TaskSchedulerImpl: Initial job has not accepted any resources; check your cluster UI to ensure that workers are registered and have sufficient resources
[2023-06-25T06:51:48.690+0000] {spark_submit.py:492} INFO - 23/06/25 06:51:48 WARN TaskSchedulerImpl: Initial job has not accepted any resources; check your cluster UI to ensure that workers are registered and have sufficient resources
[2023-06-25T06:52:03.689+0000] {spark_submit.py:492} INFO - 23/06/25 06:52:03 WARN TaskSchedulerImpl: Initial job has not accepted any resources; check your cluster UI to ensure that workers are registered and have sufficient resources
[2023-06-25T06:52:18.689+0000] {spark_submit.py:492} INFO - 23/06/25 06:52:18 WARN TaskSchedulerImpl: Initial job has not accepted any resources; check your cluster UI to ensure that workers are registered and have sufficient resources
[2023-06-25T06:52:33.689+0000] {spark_submit.py:492} INFO - 23/06/25 06:52:33 WARN TaskSchedulerImpl: Initial job has not accepted any resources; check your cluster UI to ensure that workers are registered and have sufficient resources
[2023-06-25T06:52:48.690+0000] {spark_submit.py:492} INFO - 23/06/25 06:52:48 WARN TaskSchedulerImpl: Initial job has not accepted any resources; check your cluster UI to ensure that workers are registered and have sufficient resources
[2023-06-25T06:53:03.689+0000] {spark_submit.py:492} INFO - 23/06/25 06:53:03 WARN TaskSchedulerImpl: Initial job has not accepted any resources; check your cluster UI to ensure that workers are registered and have sufficient resources
[2023-06-25T06:53:18.689+0000] {spark_submit.py:492} INFO - 23/06/25 06:53:18 WARN TaskSchedulerImpl: Initial job has not accepted any resources; check your cluster UI to ensure that workers are registered and have sufficient resources
[2023-06-25T06:53:33.690+0000] {spark_submit.py:492} INFO - 23/06/25 06:53:33 WARN TaskSchedulerImpl: Initial job has not accepted any resources; check your cluster UI to ensure that workers are registered and have sufficient resources
[2023-06-25T06:53:48.689+0000] {spark_submit.py:492} INFO - 23/06/25 06:53:48 WARN TaskSchedulerImpl: Initial job has not accepted any resources; check your cluster UI to ensure that workers are registered and have sufficient resources
[2023-06-25T06:54:03.689+0000] {spark_submit.py:492} INFO - 23/06/25 06:54:03 WARN TaskSchedulerImpl: Initial job has not accepted any resources; check your cluster UI to ensure that workers are registered and have sufficient resources
[2023-06-25T06:54:18.690+0000] {spark_submit.py:492} INFO - 23/06/25 06:54:18 WARN TaskSchedulerImpl: Initial job has not accepted any resources; check your cluster UI to ensure that workers are registered and have sufficient resources
[2023-06-25T06:54:33.689+0000] {spark_submit.py:492} INFO - 23/06/25 06:54:33 WARN TaskSchedulerImpl: Initial job has not accepted any resources; check your cluster UI to ensure that workers are registered and have sufficient resources
[2023-06-25T06:54:48.690+0000] {spark_submit.py:492} INFO - 23/06/25 06:54:48 WARN TaskSchedulerImpl: Initial job has not accepted any resources; check your cluster UI to ensure that workers are registered and have sufficient resources
[2023-06-25T06:55:03.690+0000] {spark_submit.py:492} INFO - 23/06/25 06:55:03 WARN TaskSchedulerImpl: Initial job has not accepted any resources; check your cluster UI to ensure that workers are registered and have sufficient resources
[2023-06-25T06:55:18.689+0000] {spark_submit.py:492} INFO - 23/06/25 06:55:18 WARN TaskSchedulerImpl: Initial job has not accepted any resources; check your cluster UI to ensure that workers are registered and have sufficient resources
[2023-06-25T06:55:33.690+0000] {spark_submit.py:492} INFO - 23/06/25 06:55:33 WARN TaskSchedulerImpl: Initial job has not accepted any resources; check your cluster UI to ensure that workers are registered and have sufficient resources
[2023-06-25T06:55:48.690+0000] {spark_submit.py:492} INFO - 23/06/25 06:55:48 WARN TaskSchedulerImpl: Initial job has not accepted any resources; check your cluster UI to ensure that workers are registered and have sufficient resources
[2023-06-25T06:56:03.689+0000] {spark_submit.py:492} INFO - 23/06/25 06:56:03 WARN TaskSchedulerImpl: Initial job has not accepted any resources; check your cluster UI to ensure that workers are registered and have sufficient resources
[2023-06-25T06:56:18.690+0000] {spark_submit.py:492} INFO - 23/06/25 06:56:18 WARN TaskSchedulerImpl: Initial job has not accepted any resources; check your cluster UI to ensure that workers are registered and have sufficient resources
[2023-06-25T06:56:33.689+0000] {spark_submit.py:492} INFO - 23/06/25 06:56:33 WARN TaskSchedulerImpl: Initial job has not accepted any resources; check your cluster UI to ensure that workers are registered and have sufficient resources
[2023-06-25T06:56:48.689+0000] {spark_submit.py:492} INFO - 23/06/25 06:56:48 WARN TaskSchedulerImpl: Initial job has not accepted any resources; check your cluster UI to ensure that workers are registered and have sufficient resources
[2023-06-25T06:57:03.689+0000] {spark_submit.py:492} INFO - 23/06/25 06:57:03 WARN TaskSchedulerImpl: Initial job has not accepted any resources; check your cluster UI to ensure that workers are registered and have sufficient resources
[2023-06-25T06:57:18.690+0000] {spark_submit.py:492} INFO - 23/06/25 06:57:18 WARN TaskSchedulerImpl: Initial job has not accepted any resources; check your cluster UI to ensure that workers are registered and have sufficient resources
[2023-06-25T06:57:33.690+0000] {spark_submit.py:492} INFO - 23/06/25 06:57:33 WARN TaskSchedulerImpl: Initial job has not accepted any resources; check your cluster UI to ensure that workers are registered and have sufficient resources
[2023-06-25T06:57:48.689+0000] {spark_submit.py:492} INFO - 23/06/25 06:57:48 WARN TaskSchedulerImpl: Initial job has not accepted any resources; check your cluster UI to ensure that workers are registered and have sufficient resources
[2023-06-25T06:58:03.689+0000] {spark_submit.py:492} INFO - 23/06/25 06:58:03 WARN TaskSchedulerImpl: Initial job has not accepted any resources; check your cluster UI to ensure that workers are registered and have sufficient resources
[2023-06-25T06:58:18.689+0000] {spark_submit.py:492} INFO - 23/06/25 06:58:18 WARN TaskSchedulerImpl: Initial job has not accepted any resources; check your cluster UI to ensure that workers are registered and have sufficient resources
[2023-06-25T06:58:33.690+0000] {spark_submit.py:492} INFO - 23/06/25 06:58:33 WARN TaskSchedulerImpl: Initial job has not accepted any resources; check your cluster UI to ensure that workers are registered and have sufficient resources
[2023-06-25T06:58:48.689+0000] {spark_submit.py:492} INFO - 23/06/25 06:58:48 WARN TaskSchedulerImpl: Initial job has not accepted any resources; check your cluster UI to ensure that workers are registered and have sufficient resources
[2023-06-25T06:59:03.689+0000] {spark_submit.py:492} INFO - 23/06/25 06:59:03 WARN TaskSchedulerImpl: Initial job has not accepted any resources; check your cluster UI to ensure that workers are registered and have sufficient resources
[2023-06-25T06:59:18.690+0000] {spark_submit.py:492} INFO - 23/06/25 06:59:18 WARN TaskSchedulerImpl: Initial job has not accepted any resources; check your cluster UI to ensure that workers are registered and have sufficient resources
[2023-06-25T06:59:33.692+0000] {spark_submit.py:492} INFO - 23/06/25 06:59:33 WARN TaskSchedulerImpl: Initial job has not accepted any resources; check your cluster UI to ensure that workers are registered and have sufficient resources
[2023-06-25T06:59:48.689+0000] {spark_submit.py:492} INFO - 23/06/25 06:59:48 WARN TaskSchedulerImpl: Initial job has not accepted any resources; check your cluster UI to ensure that workers are registered and have sufficient resources
[2023-06-25T07:00:03.690+0000] {spark_submit.py:492} INFO - 23/06/25 07:00:03 WARN TaskSchedulerImpl: Initial job has not accepted any resources; check your cluster UI to ensure that workers are registered and have sufficient resources
[2023-06-25T07:00:18.689+0000] {spark_submit.py:492} INFO - 23/06/25 07:00:18 WARN TaskSchedulerImpl: Initial job has not accepted any resources; check your cluster UI to ensure that workers are registered and have sufficient resources
[2023-06-25T07:00:33.690+0000] {spark_submit.py:492} INFO - 23/06/25 07:00:33 WARN TaskSchedulerImpl: Initial job has not accepted any resources; check your cluster UI to ensure that workers are registered and have sufficient resources
[2023-06-25T07:00:48.689+0000] {spark_submit.py:492} INFO - 23/06/25 07:00:48 WARN TaskSchedulerImpl: Initial job has not accepted any resources; check your cluster UI to ensure that workers are registered and have sufficient resources
[2023-06-25T07:01:03.689+0000] {spark_submit.py:492} INFO - 23/06/25 07:01:03 WARN TaskSchedulerImpl: Initial job has not accepted any resources; check your cluster UI to ensure that workers are registered and have sufficient resources
[2023-06-25T07:01:18.689+0000] {spark_submit.py:492} INFO - 23/06/25 07:01:18 WARN TaskSchedulerImpl: Initial job has not accepted any resources; check your cluster UI to ensure that workers are registered and have sufficient resources
