[2023-06-25T06:55:08.887+0000] {taskinstance.py:1084} INFO - Dependencies all met for dep_context=non-requeueable deps ti=<TaskInstance: spark_etl_minio_v21.spark_submit_task manual__2023-06-25T06:52:56.132297+00:00 [queued]>
[2023-06-25T06:55:08.896+0000] {taskinstance.py:1084} INFO - Dependencies all met for dep_context=requeueable deps ti=<TaskInstance: spark_etl_minio_v21.spark_submit_task manual__2023-06-25T06:52:56.132297+00:00 [queued]>
[2023-06-25T06:55:08.896+0000] {taskinstance.py:1282} INFO - 
--------------------------------------------------------------------------------
[2023-06-25T06:55:08.897+0000] {taskinstance.py:1283} INFO - Starting attempt 2 of 6
[2023-06-25T06:55:08.897+0000] {taskinstance.py:1284} INFO - 
--------------------------------------------------------------------------------
[2023-06-25T06:55:08.910+0000] {taskinstance.py:1303} INFO - Executing <Task(SparkSubmitOperator): spark_submit_task> on 2023-06-25 06:52:56.132297+00:00
[2023-06-25T06:55:08.915+0000] {standard_task_runner.py:55} INFO - Started process 7025 to run task
[2023-06-25T06:55:08.917+0000] {standard_task_runner.py:82} INFO - Running: ['***', 'tasks', 'run', 'spark_etl_minio_v21', 'spark_submit_task', 'manual__2023-06-25T06:52:56.132297+00:00', '--job-id', '309', '--raw', '--subdir', 'DAGS_FOLDER/spark_job_minio_v1.py', '--cfg-path', '/tmp/tmp6hd_w5g9']
[2023-06-25T06:55:08.918+0000] {standard_task_runner.py:83} INFO - Job 309: Subtask spark_submit_task
[2023-06-25T06:55:08.928+0000] {warnings.py:109} WARNING - /home/***/.local/lib/python3.8/site-packages/***/settings.py:250: DeprecationWarning: The sql_alchemy_conn option in [core] has been moved to the sql_alchemy_conn option in [database] - the old setting has been used, but please update your config.
  SQL_ALCHEMY_CONN = conf.get("database", "SQL_ALCHEMY_CONN")

[2023-06-25T06:55:08.974+0000] {task_command.py:388} INFO - Running <TaskInstance: spark_etl_minio_v21.spark_submit_task manual__2023-06-25T06:52:56.132297+00:00 [running]> on host a8d69ab09d2d
[2023-06-25T06:55:09.042+0000] {taskinstance.py:1509} INFO - Exporting the following env vars:
AIRFLOW_CTX_DAG_OWNER=***
AIRFLOW_CTX_DAG_ID=spark_etl_minio_v21
AIRFLOW_CTX_TASK_ID=spark_submit_task
AIRFLOW_CTX_EXECUTION_DATE=2023-06-25T06:52:56.132297+00:00
AIRFLOW_CTX_TRY_NUMBER=2
AIRFLOW_CTX_DAG_RUN_ID=manual__2023-06-25T06:52:56.132297+00:00
[2023-06-25T06:55:09.051+0000] {base.py:73} INFO - Using connection ID 'spark_conn' for task execution.
[2023-06-25T06:55:09.054+0000] {spark_submit.py:341} INFO - Spark-Submit cmd: spark-submit --master spark://spark:7077 --conf spark.hadoop.fs.s3a.access.key=minioadmin --conf spark.hadoop.fs.s3a.secret.key=****** --conf spark.hadoop.fs.s3a.endpoint=http://minio:9000 --conf spark.hadoop.fs.s3a.aws.credentials.provider=org.apache.hadoop.fs.s3a.SimpleAWSCredentialsProvider --conf spark.hadoop.fs.s3a.path.style.access=true --jars local:///opt/bitnami/spark/jars --name arrow-spark /opt/***/dags/spark_etl_spark_minio.py
[2023-06-25T06:55:10.376+0000] {spark_submit.py:492} INFO - WARNING: An illegal reflective access operation has occurred
[2023-06-25T06:55:10.376+0000] {spark_submit.py:492} INFO - WARNING: Illegal reflective access by org.apache.spark.unsafe.Platform (file:/opt/spark/jars/spark-unsafe_2.12-3.2.0.jar) to constructor java.nio.DirectByteBuffer(long,int)
[2023-06-25T06:55:10.377+0000] {spark_submit.py:492} INFO - WARNING: Please consider reporting this to the maintainers of org.apache.spark.unsafe.Platform
[2023-06-25T06:55:10.377+0000] {spark_submit.py:492} INFO - WARNING: Use --illegal-access=warn to enable warnings of further illegal reflective access operations
[2023-06-25T06:55:10.377+0000] {spark_submit.py:492} INFO - WARNING: All illegal access operations will be denied in a future release
[2023-06-25T06:55:10.704+0000] {spark_submit.py:492} INFO - Using Spark's default log4j profile: org/apache/spark/log4j-defaults.properties
[2023-06-25T06:55:10.705+0000] {spark_submit.py:492} INFO - 23/06/25 06:55:10 WARN DependencyUtils: Local jar /opt/bitnami/spark/jars does not exist, skipping.
[2023-06-25T06:55:11.483+0000] {spark_submit.py:492} INFO - 23/06/25 06:55:11 INFO SparkContext: Running Spark version 3.2.0
[2023-06-25T06:55:11.571+0000] {spark_submit.py:492} INFO - 23/06/25 06:55:11 WARN NativeCodeLoader: Unable to load native-hadoop library for your platform... using builtin-java classes where applicable
[2023-06-25T06:55:11.658+0000] {spark_submit.py:492} INFO - 23/06/25 06:55:11 INFO ResourceUtils: ==============================================================
[2023-06-25T06:55:11.658+0000] {spark_submit.py:492} INFO - 23/06/25 06:55:11 INFO ResourceUtils: No custom resources configured for spark.driver.
[2023-06-25T06:55:11.658+0000] {spark_submit.py:492} INFO - 23/06/25 06:55:11 INFO ResourceUtils: ==============================================================
[2023-06-25T06:55:11.658+0000] {spark_submit.py:492} INFO - 23/06/25 06:55:11 INFO SparkContext: Submitted application: arrow-spark
[2023-06-25T06:55:11.679+0000] {spark_submit.py:492} INFO - 23/06/25 06:55:11 INFO ResourceProfile: Default ResourceProfile created, executor resources: Map(cores -> name: cores, amount: 1, script: , vendor: , memory -> name: memory, amount: 1024, script: , vendor: , offHeap -> name: offHeap, amount: 0, script: , vendor: ), task resources: Map(cpus -> name: cpus, amount: 1.0)
[2023-06-25T06:55:11.692+0000] {spark_submit.py:492} INFO - 23/06/25 06:55:11 INFO ResourceProfile: Limiting resource is cpu
[2023-06-25T06:55:11.692+0000] {spark_submit.py:492} INFO - 23/06/25 06:55:11 INFO ResourceProfileManager: Added ResourceProfile id: 0
[2023-06-25T06:55:11.728+0000] {spark_submit.py:492} INFO - 23/06/25 06:55:11 INFO SecurityManager: Changing view acls to: default
[2023-06-25T06:55:11.728+0000] {spark_submit.py:492} INFO - 23/06/25 06:55:11 INFO SecurityManager: Changing modify acls to: default
[2023-06-25T06:55:11.728+0000] {spark_submit.py:492} INFO - 23/06/25 06:55:11 INFO SecurityManager: Changing view acls groups to:
[2023-06-25T06:55:11.729+0000] {spark_submit.py:492} INFO - 23/06/25 06:55:11 INFO SecurityManager: Changing modify acls groups to:
[2023-06-25T06:55:11.729+0000] {spark_submit.py:492} INFO - 23/06/25 06:55:11 INFO SecurityManager: SecurityManager: authentication disabled; ui acls disabled; users  with view permissions: Set(default); groups with view permissions: Set(); users  with modify permissions: Set(default); groups with modify permissions: Set()
[2023-06-25T06:55:11.968+0000] {spark_submit.py:492} INFO - 23/06/25 06:55:11 INFO Utils: Successfully started service 'sparkDriver' on port 37139.
[2023-06-25T06:55:11.987+0000] {spark_submit.py:492} INFO - 23/06/25 06:55:11 INFO SparkEnv: Registering MapOutputTracker
[2023-06-25T06:55:12.006+0000] {spark_submit.py:492} INFO - 23/06/25 06:55:12 INFO SparkEnv: Registering BlockManagerMaster
[2023-06-25T06:55:12.019+0000] {spark_submit.py:492} INFO - 23/06/25 06:55:12 INFO BlockManagerMasterEndpoint: Using org.apache.spark.storage.DefaultTopologyMapper for getting topology information
[2023-06-25T06:55:12.019+0000] {spark_submit.py:492} INFO - 23/06/25 06:55:12 INFO BlockManagerMasterEndpoint: BlockManagerMasterEndpoint up
[2023-06-25T06:55:12.022+0000] {spark_submit.py:492} INFO - 23/06/25 06:55:12 INFO SparkEnv: Registering BlockManagerMasterHeartbeat
[2023-06-25T06:55:12.040+0000] {spark_submit.py:492} INFO - 23/06/25 06:55:12 INFO DiskBlockManager: Created local directory at /tmp/blockmgr-d6e203e0-cd02-41cd-b4a2-a2372221942c
[2023-06-25T06:55:12.056+0000] {spark_submit.py:492} INFO - 23/06/25 06:55:12 INFO MemoryStore: MemoryStore started with capacity 434.4 MiB
[2023-06-25T06:55:12.066+0000] {spark_submit.py:492} INFO - 23/06/25 06:55:12 INFO SparkEnv: Registering OutputCommitCoordinator
[2023-06-25T06:55:12.203+0000] {spark_submit.py:492} INFO - 23/06/25 06:55:12 WARN Utils: Service 'SparkUI' could not bind on port 4040. Attempting port 4041.
[2023-06-25T06:55:12.203+0000] {spark_submit.py:492} INFO - 23/06/25 06:55:12 WARN Utils: Service 'SparkUI' could not bind on port 4041. Attempting port 4042.
[2023-06-25T06:55:12.203+0000] {spark_submit.py:492} INFO - 23/06/25 06:55:12 WARN Utils: Service 'SparkUI' could not bind on port 4042. Attempting port 4043.
[2023-06-25T06:55:12.204+0000] {spark_submit.py:492} INFO - 23/06/25 06:55:12 WARN Utils: Service 'SparkUI' could not bind on port 4043. Attempting port 4044.
[2023-06-25T06:55:12.212+0000] {spark_submit.py:492} INFO - 23/06/25 06:55:12 INFO Utils: Successfully started service 'SparkUI' on port 4044.
[2023-06-25T06:55:12.274+0000] {spark_submit.py:492} INFO - 23/06/25 06:55:12 INFO SparkUI: Bound SparkUI to 0.0.0.0, and started at http://a8d69ab09d2d:4044
[2023-06-25T06:55:12.288+0000] {spark_submit.py:492} INFO - 23/06/25 06:55:12 INFO SparkContext: Added JAR local:///opt/bitnami/spark/jars at file:/opt/bitnami/spark/jars with timestamp 1687676111476
[2023-06-25T06:55:12.450+0000] {spark_submit.py:492} INFO - 23/06/25 06:55:12 INFO StandaloneAppClient$ClientEndpoint: Connecting to master spark://spark:7077...
[2023-06-25T06:55:12.513+0000] {spark_submit.py:492} INFO - 23/06/25 06:55:12 INFO TransportClientFactory: Successfully created connection to spark/172.19.0.11:7077 after 30 ms (0 ms spent in bootstraps)
[2023-06-25T06:55:12.586+0000] {spark_submit.py:492} INFO - 23/06/25 06:55:12 INFO StandaloneSchedulerBackend: Connected to Spark cluster with app ID app-20230625065512-0015
[2023-06-25T06:55:12.589+0000] {spark_submit.py:492} INFO - 23/06/25 06:55:12 INFO StandaloneAppClient$ClientEndpoint: Executor added: app-20230625065512-0015/0 on worker-20230625064305-172.19.0.9-44213 (172.19.0.9:44213) with 1 core(s)
[2023-06-25T06:55:12.590+0000] {spark_submit.py:492} INFO - 23/06/25 06:55:12 INFO StandaloneSchedulerBackend: Granted executor ID app-20230625065512-0015/0 on hostPort 172.19.0.9:44213 with 1 core(s), 1024.0 MiB RAM
[2023-06-25T06:55:12.593+0000] {spark_submit.py:492} INFO - 23/06/25 06:55:12 INFO Utils: Successfully started service 'org.apache.spark.network.netty.NettyBlockTransferService' on port 40845.
[2023-06-25T06:55:12.594+0000] {spark_submit.py:492} INFO - 23/06/25 06:55:12 INFO NettyBlockTransferService: Server created on a8d69ab09d2d:40845
[2023-06-25T06:55:12.595+0000] {spark_submit.py:492} INFO - 23/06/25 06:55:12 INFO BlockManager: Using org.apache.spark.storage.RandomBlockReplicationPolicy for block replication policy
[2023-06-25T06:55:12.606+0000] {spark_submit.py:492} INFO - 23/06/25 06:55:12 INFO BlockManagerMaster: Registering BlockManager BlockManagerId(driver, a8d69ab09d2d, 40845, None)
[2023-06-25T06:55:12.610+0000] {spark_submit.py:492} INFO - 23/06/25 06:55:12 INFO BlockManagerMasterEndpoint: Registering block manager a8d69ab09d2d:40845 with 434.4 MiB RAM, BlockManagerId(driver, a8d69ab09d2d, 40845, None)
[2023-06-25T06:55:12.612+0000] {spark_submit.py:492} INFO - 23/06/25 06:55:12 INFO BlockManagerMaster: Registered BlockManager BlockManagerId(driver, a8d69ab09d2d, 40845, None)
[2023-06-25T06:55:12.614+0000] {spark_submit.py:492} INFO - 23/06/25 06:55:12 INFO BlockManager: Initialized BlockManager: BlockManagerId(driver, a8d69ab09d2d, 40845, None)
[2023-06-25T06:55:12.623+0000] {spark_submit.py:492} INFO - 23/06/25 06:55:12 INFO StandaloneAppClient$ClientEndpoint: Executor updated: app-20230625065512-0015/0 is now RUNNING
[2023-06-25T06:55:12.814+0000] {spark_submit.py:492} INFO - 23/06/25 06:55:12 INFO StandaloneSchedulerBackend: SchedulerBackend is ready for scheduling beginning after reached minRegisteredResourcesRatio: 0.0
[2023-06-25T06:55:13.041+0000] {spark_submit.py:492} INFO - 23/06/25 06:55:13 INFO SharedState: Setting hive.metastore.warehouse.dir ('null') to the value of spark.sql.warehouse.dir.
[2023-06-25T06:55:13.059+0000] {spark_submit.py:492} INFO - 23/06/25 06:55:13 INFO SharedState: Warehouse path is 'file:/opt/***/spark-warehouse'.
[2023-06-25T06:55:14.686+0000] {spark_submit.py:492} INFO - 23/06/25 06:55:14 INFO CoarseGrainedSchedulerBackend$DriverEndpoint: Registered executor NettyRpcEndpointRef(spark-client://Executor) (172.19.0.9:60812) with ID 0,  ResourceProfileId 0
[2023-06-25T06:55:14.849+0000] {spark_submit.py:492} INFO - 23/06/25 06:55:14 INFO BlockManagerMasterEndpoint: Registering block manager 172.19.0.9:37085 with 366.3 MiB RAM, BlockManagerId(0, 172.19.0.9, 37085, None)
[2023-06-25T06:55:16.642+0000] {spark_submit.py:492} INFO - 23/06/25 06:55:16 INFO CodeGenerator: Code generated in 99.188366 ms
[2023-06-25T06:55:16.670+0000] {spark_submit.py:492} INFO - 23/06/25 06:55:16 INFO SparkContext: Starting job: showString at NativeMethodAccessorImpl.java:0
[2023-06-25T06:55:16.683+0000] {spark_submit.py:492} INFO - 23/06/25 06:55:16 INFO DAGScheduler: Got job 0 (showString at NativeMethodAccessorImpl.java:0) with 1 output partitions
[2023-06-25T06:55:16.683+0000] {spark_submit.py:492} INFO - 23/06/25 06:55:16 INFO DAGScheduler: Final stage: ResultStage 0 (showString at NativeMethodAccessorImpl.java:0)
[2023-06-25T06:55:16.683+0000] {spark_submit.py:492} INFO - 23/06/25 06:55:16 INFO DAGScheduler: Parents of final stage: List()
[2023-06-25T06:55:16.684+0000] {spark_submit.py:492} INFO - 23/06/25 06:55:16 INFO DAGScheduler: Missing parents: List()
[2023-06-25T06:55:16.687+0000] {spark_submit.py:492} INFO - 23/06/25 06:55:16 INFO DAGScheduler: Submitting ResultStage 0 (MapPartitionsRDD[6] at showString at NativeMethodAccessorImpl.java:0), which has no missing parents
[2023-06-25T06:55:16.750+0000] {spark_submit.py:492} INFO - 23/06/25 06:55:16 INFO MemoryStore: Block broadcast_0 stored as values in memory (estimated size 11.7 KiB, free 434.4 MiB)
[2023-06-25T06:55:16.771+0000] {spark_submit.py:492} INFO - 23/06/25 06:55:16 INFO MemoryStore: Block broadcast_0_piece0 stored as bytes in memory (estimated size 6.2 KiB, free 434.4 MiB)
[2023-06-25T06:55:16.773+0000] {spark_submit.py:492} INFO - 23/06/25 06:55:16 INFO BlockManagerInfo: Added broadcast_0_piece0 in memory on a8d69ab09d2d:40845 (size: 6.2 KiB, free: 434.4 MiB)
[2023-06-25T06:55:16.776+0000] {spark_submit.py:492} INFO - 23/06/25 06:55:16 INFO SparkContext: Created broadcast 0 from broadcast at DAGScheduler.scala:1427
[2023-06-25T06:55:16.786+0000] {spark_submit.py:492} INFO - 23/06/25 06:55:16 INFO DAGScheduler: Submitting 1 missing tasks from ResultStage 0 (MapPartitionsRDD[6] at showString at NativeMethodAccessorImpl.java:0) (first 15 tasks are for partitions Vector(0))
[2023-06-25T06:55:16.787+0000] {spark_submit.py:492} INFO - 23/06/25 06:55:16 INFO TaskSchedulerImpl: Adding task set 0.0 with 1 tasks resource profile 0
[2023-06-25T06:55:16.814+0000] {spark_submit.py:492} INFO - 23/06/25 06:55:16 INFO TaskSetManager: Starting task 0.0 in stage 0.0 (TID 0) (172.19.0.9, executor 0, partition 0, PROCESS_LOCAL, 4605 bytes) taskResourceAssignments Map()
[2023-06-25T06:55:17.023+0000] {spark_submit.py:492} INFO - 23/06/25 06:55:17 INFO BlockManagerInfo: Added broadcast_0_piece0 in memory on 172.19.0.9:37085 (size: 6.2 KiB, free: 366.3 MiB)
[2023-06-25T06:55:18.212+0000] {spark_submit.py:492} INFO - 23/06/25 06:55:18 INFO TaskSetManager: Finished task 0.0 in stage 0.0 (TID 0) in 1405 ms on 172.19.0.9 (executor 0) (1/1)
[2023-06-25T06:55:18.213+0000] {spark_submit.py:492} INFO - 23/06/25 06:55:18 INFO TaskSchedulerImpl: Removed TaskSet 0.0, whose tasks have all completed, from pool
[2023-06-25T06:55:18.216+0000] {spark_submit.py:492} INFO - 23/06/25 06:55:18 INFO PythonAccumulatorV2: Connected to AccumulatorServer at host: 127.0.0.1 port: 52907
[2023-06-25T06:55:18.219+0000] {spark_submit.py:492} INFO - 23/06/25 06:55:18 INFO DAGScheduler: ResultStage 0 (showString at NativeMethodAccessorImpl.java:0) finished in 1.523 s
[2023-06-25T06:55:18.221+0000] {spark_submit.py:492} INFO - 23/06/25 06:55:18 INFO DAGScheduler: Job 0 is finished. Cancelling potential speculative or zombie tasks for this job
[2023-06-25T06:55:18.221+0000] {spark_submit.py:492} INFO - 23/06/25 06:55:18 INFO TaskSchedulerImpl: Killing all running tasks in stage 0: Stage finished
[2023-06-25T06:55:18.222+0000] {spark_submit.py:492} INFO - 23/06/25 06:55:18 INFO DAGScheduler: Job 0 finished: showString at NativeMethodAccessorImpl.java:0, took 1.551773 s
[2023-06-25T06:55:18.233+0000] {spark_submit.py:492} INFO - 23/06/25 06:55:18 INFO SparkContext: Starting job: showString at NativeMethodAccessorImpl.java:0
[2023-06-25T06:55:18.233+0000] {spark_submit.py:492} INFO - 23/06/25 06:55:18 INFO DAGScheduler: Got job 1 (showString at NativeMethodAccessorImpl.java:0) with 1 output partitions
[2023-06-25T06:55:18.234+0000] {spark_submit.py:492} INFO - 23/06/25 06:55:18 INFO DAGScheduler: Final stage: ResultStage 1 (showString at NativeMethodAccessorImpl.java:0)
[2023-06-25T06:55:18.234+0000] {spark_submit.py:492} INFO - 23/06/25 06:55:18 INFO DAGScheduler: Parents of final stage: List()
[2023-06-25T06:55:18.234+0000] {spark_submit.py:492} INFO - 23/06/25 06:55:18 INFO DAGScheduler: Missing parents: List()
[2023-06-25T06:55:18.235+0000] {spark_submit.py:492} INFO - 23/06/25 06:55:18 INFO DAGScheduler: Submitting ResultStage 1 (MapPartitionsRDD[6] at showString at NativeMethodAccessorImpl.java:0), which has no missing parents
[2023-06-25T06:55:18.238+0000] {spark_submit.py:492} INFO - 23/06/25 06:55:18 INFO MemoryStore: Block broadcast_1 stored as values in memory (estimated size 11.7 KiB, free 434.4 MiB)
[2023-06-25T06:55:18.241+0000] {spark_submit.py:492} INFO - 23/06/25 06:55:18 INFO MemoryStore: Block broadcast_1_piece0 stored as bytes in memory (estimated size 6.2 KiB, free 434.4 MiB)
[2023-06-25T06:55:18.241+0000] {spark_submit.py:492} INFO - 23/06/25 06:55:18 INFO BlockManagerInfo: Added broadcast_1_piece0 in memory on a8d69ab09d2d:40845 (size: 6.2 KiB, free: 434.4 MiB)
[2023-06-25T06:55:18.241+0000] {spark_submit.py:492} INFO - 23/06/25 06:55:18 INFO SparkContext: Created broadcast 1 from broadcast at DAGScheduler.scala:1427
[2023-06-25T06:55:18.242+0000] {spark_submit.py:492} INFO - 23/06/25 06:55:18 INFO DAGScheduler: Submitting 1 missing tasks from ResultStage 1 (MapPartitionsRDD[6] at showString at NativeMethodAccessorImpl.java:0) (first 15 tasks are for partitions Vector(1))
[2023-06-25T06:55:18.242+0000] {spark_submit.py:492} INFO - 23/06/25 06:55:18 INFO TaskSchedulerImpl: Adding task set 1.0 with 1 tasks resource profile 0
[2023-06-25T06:55:18.243+0000] {spark_submit.py:492} INFO - 23/06/25 06:55:18 INFO TaskSetManager: Starting task 0.0 in stage 1.0 (TID 1) (172.19.0.9, executor 0, partition 1, PROCESS_LOCAL, 4529 bytes) taskResourceAssignments Map()
[2023-06-25T06:55:18.257+0000] {spark_submit.py:492} INFO - 23/06/25 06:55:18 INFO BlockManagerInfo: Added broadcast_1_piece0 in memory on 172.19.0.9:37085 (size: 6.2 KiB, free: 366.3 MiB)
[2023-06-25T06:55:18.318+0000] {spark_submit.py:492} INFO - 23/06/25 06:55:18 INFO TaskSetManager: Finished task 0.0 in stage 1.0 (TID 1) in 75 ms on 172.19.0.9 (executor 0) (1/1)
[2023-06-25T06:55:18.319+0000] {spark_submit.py:492} INFO - 23/06/25 06:55:18 INFO TaskSchedulerImpl: Removed TaskSet 1.0, whose tasks have all completed, from pool
[2023-06-25T06:55:18.320+0000] {spark_submit.py:492} INFO - 23/06/25 06:55:18 INFO DAGScheduler: ResultStage 1 (showString at NativeMethodAccessorImpl.java:0) finished in 0.084 s
[2023-06-25T06:55:18.320+0000] {spark_submit.py:492} INFO - 23/06/25 06:55:18 INFO DAGScheduler: Job 1 is finished. Cancelling potential speculative or zombie tasks for this job
[2023-06-25T06:55:18.320+0000] {spark_submit.py:492} INFO - 23/06/25 06:55:18 INFO TaskSchedulerImpl: Killing all running tasks in stage 1: Stage finished
[2023-06-25T06:55:18.320+0000] {spark_submit.py:492} INFO - 23/06/25 06:55:18 INFO DAGScheduler: Job 1 finished: showString at NativeMethodAccessorImpl.java:0, took 0.087523 s
[2023-06-25T06:55:18.344+0000] {spark_submit.py:492} INFO - 23/06/25 06:55:18 INFO CodeGenerator: Code generated in 11.134093 ms
[2023-06-25T06:55:18.353+0000] {spark_submit.py:492} INFO - +-----+-----------------------------------------------------------------------------+
[2023-06-25T06:55:18.353+0000] {spark_submit.py:492} INFO - |Seqno|Quote                                                                        |
[2023-06-25T06:55:18.353+0000] {spark_submit.py:492} INFO - +-----+-----------------------------------------------------------------------------+
[2023-06-25T06:55:18.354+0000] {spark_submit.py:492} INFO - |1    |Be the change that you wish to see in the world                              |
[2023-06-25T06:55:18.354+0000] {spark_submit.py:492} INFO - |2    |Everyone thinks of changing the world, but no one thinks of changing himself.|
[2023-06-25T06:55:18.354+0000] {spark_submit.py:492} INFO - |3    |The purpose of our lives is to be happy.                                     |
[2023-06-25T06:55:18.354+0000] {spark_submit.py:492} INFO - |4    |Be cool.                                                                     |
[2023-06-25T06:55:18.354+0000] {spark_submit.py:492} INFO - +-----+-----------------------------------------------------------------------------+
[2023-06-25T06:55:18.354+0000] {spark_submit.py:492} INFO - 
[2023-06-25T06:55:18.407+0000] {spark_submit.py:492} INFO - 23/06/25 06:55:18 INFO BlockManagerInfo: Removed broadcast_0_piece0 on a8d69ab09d2d:40845 in memory (size: 6.2 KiB, free: 434.4 MiB)
[2023-06-25T06:55:18.408+0000] {spark_submit.py:492} INFO - 23/06/25 06:55:18 INFO BlockManagerInfo: Removed broadcast_0_piece0 on 172.19.0.9:37085 in memory (size: 6.2 KiB, free: 366.3 MiB)
[2023-06-25T06:55:18.417+0000] {spark_submit.py:492} INFO - 23/06/25 06:55:18 INFO BlockManagerInfo: Removed broadcast_1_piece0 on a8d69ab09d2d:40845 in memory (size: 6.2 KiB, free: 434.4 MiB)
[2023-06-25T06:55:18.420+0000] {spark_submit.py:492} INFO - 23/06/25 06:55:18 INFO BlockManagerInfo: Removed broadcast_1_piece0 on 172.19.0.9:37085 in memory (size: 6.2 KiB, free: 366.3 MiB)
[2023-06-25T06:55:18.431+0000] {spark_submit.py:492} INFO - Traceback (most recent call last):
[2023-06-25T06:55:18.431+0000] {spark_submit.py:492} INFO - File "/opt/***/dags/spark_etl_spark_minio.py", line 41, in <module>
[2023-06-25T06:55:18.431+0000] {spark_submit.py:492} INFO - df.write.mode("append").parquet("s3a://datalake/test.parquet")
[2023-06-25T06:55:18.432+0000] {spark_submit.py:492} INFO - File "/opt/spark/python/lib/pyspark.zip/pyspark/sql/readwriter.py", line 885, in parquet
[2023-06-25T06:55:18.432+0000] {spark_submit.py:492} INFO - File "/opt/spark/python/lib/py4j-0.10.9.2-src.zip/py4j/java_gateway.py", line 1309, in __call__
[2023-06-25T06:55:18.432+0000] {spark_submit.py:492} INFO - File "/opt/spark/python/lib/pyspark.zip/pyspark/sql/utils.py", line 111, in deco
[2023-06-25T06:55:18.432+0000] {spark_submit.py:492} INFO - File "/opt/spark/python/lib/py4j-0.10.9.2-src.zip/py4j/protocol.py", line 326, in get_return_value
[2023-06-25T06:55:18.432+0000] {spark_submit.py:492} INFO - py4j.protocol.Py4JJavaError: An error occurred while calling o71.parquet.
[2023-06-25T06:55:18.432+0000] {spark_submit.py:492} INFO - : java.lang.RuntimeException: java.lang.ClassNotFoundException: Class org.apache.hadoop.fs.s3a.S3AFileSystem not found
[2023-06-25T06:55:18.432+0000] {spark_submit.py:492} INFO - at org.apache.hadoop.conf.Configuration.getClass(Configuration.java:2667)
[2023-06-25T06:55:18.432+0000] {spark_submit.py:492} INFO - at org.apache.hadoop.fs.FileSystem.getFileSystemClass(FileSystem.java:3431)
[2023-06-25T06:55:18.433+0000] {spark_submit.py:492} INFO - at org.apache.hadoop.fs.FileSystem.createFileSystem(FileSystem.java:3466)
[2023-06-25T06:55:18.433+0000] {spark_submit.py:492} INFO - at org.apache.hadoop.fs.FileSystem.access$300(FileSystem.java:174)
[2023-06-25T06:55:18.433+0000] {spark_submit.py:492} INFO - at org.apache.hadoop.fs.FileSystem$Cache.getInternal(FileSystem.java:3574)
[2023-06-25T06:55:18.433+0000] {spark_submit.py:492} INFO - at org.apache.hadoop.fs.FileSystem$Cache.get(FileSystem.java:3521)
[2023-06-25T06:55:18.433+0000] {spark_submit.py:492} INFO - at org.apache.hadoop.fs.FileSystem.get(FileSystem.java:540)
[2023-06-25T06:55:18.433+0000] {spark_submit.py:492} INFO - at org.apache.hadoop.fs.Path.getFileSystem(Path.java:365)
[2023-06-25T06:55:18.433+0000] {spark_submit.py:492} INFO - at org.apache.spark.sql.execution.datasources.DataSource.planForWritingFileFormat(DataSource.scala:461)
[2023-06-25T06:55:18.433+0000] {spark_submit.py:492} INFO - at org.apache.spark.sql.execution.datasources.DataSource.planForWriting(DataSource.scala:556)
[2023-06-25T06:55:18.434+0000] {spark_submit.py:492} INFO - at org.apache.spark.sql.DataFrameWriter.saveToV1Source(DataFrameWriter.scala:382)
[2023-06-25T06:55:18.434+0000] {spark_submit.py:492} INFO - at org.apache.spark.sql.DataFrameWriter.saveInternal(DataFrameWriter.scala:355)
[2023-06-25T06:55:18.434+0000] {spark_submit.py:492} INFO - at org.apache.spark.sql.DataFrameWriter.save(DataFrameWriter.scala:239)
[2023-06-25T06:55:18.434+0000] {spark_submit.py:492} INFO - at org.apache.spark.sql.DataFrameWriter.parquet(DataFrameWriter.scala:781)
[2023-06-25T06:55:18.434+0000] {spark_submit.py:492} INFO - at java.base/jdk.internal.reflect.NativeMethodAccessorImpl.invoke0(Native Method)
[2023-06-25T06:55:18.434+0000] {spark_submit.py:492} INFO - at java.base/jdk.internal.reflect.NativeMethodAccessorImpl.invoke(NativeMethodAccessorImpl.java:62)
[2023-06-25T06:55:18.434+0000] {spark_submit.py:492} INFO - at java.base/jdk.internal.reflect.DelegatingMethodAccessorImpl.invoke(DelegatingMethodAccessorImpl.java:43)
[2023-06-25T06:55:18.434+0000] {spark_submit.py:492} INFO - at java.base/java.lang.reflect.Method.invoke(Method.java:566)
[2023-06-25T06:55:18.435+0000] {spark_submit.py:492} INFO - at py4j.reflection.MethodInvoker.invoke(MethodInvoker.java:244)
[2023-06-25T06:55:18.435+0000] {spark_submit.py:492} INFO - at py4j.reflection.ReflectionEngine.invoke(ReflectionEngine.java:357)
[2023-06-25T06:55:18.435+0000] {spark_submit.py:492} INFO - at py4j.Gateway.invoke(Gateway.java:282)
[2023-06-25T06:55:18.435+0000] {spark_submit.py:492} INFO - at py4j.commands.AbstractCommand.invokeMethod(AbstractCommand.java:132)
[2023-06-25T06:55:18.435+0000] {spark_submit.py:492} INFO - at py4j.commands.CallCommand.execute(CallCommand.java:79)
[2023-06-25T06:55:18.435+0000] {spark_submit.py:492} INFO - at py4j.ClientServerConnection.waitForCommands(ClientServerConnection.java:182)
[2023-06-25T06:55:18.435+0000] {spark_submit.py:492} INFO - at py4j.ClientServerConnection.run(ClientServerConnection.java:106)
[2023-06-25T06:55:18.435+0000] {spark_submit.py:492} INFO - at java.base/java.lang.Thread.run(Thread.java:829)
[2023-06-25T06:55:18.435+0000] {spark_submit.py:492} INFO - Caused by: java.lang.ClassNotFoundException: Class org.apache.hadoop.fs.s3a.S3AFileSystem not found
[2023-06-25T06:55:18.436+0000] {spark_submit.py:492} INFO - at org.apache.hadoop.conf.Configuration.getClassByName(Configuration.java:2571)
[2023-06-25T06:55:18.436+0000] {spark_submit.py:492} INFO - at org.apache.hadoop.conf.Configuration.getClass(Configuration.java:2665)
[2023-06-25T06:55:18.436+0000] {spark_submit.py:492} INFO - ... 25 more
[2023-06-25T06:55:18.436+0000] {spark_submit.py:492} INFO - 
[2023-06-25T06:55:18.499+0000] {spark_submit.py:492} INFO - 23/06/25 06:55:18 INFO SparkContext: Invoking stop() from shutdown hook
[2023-06-25T06:55:18.504+0000] {spark_submit.py:492} INFO - 23/06/25 06:55:18 INFO SparkUI: Stopped Spark web UI at http://a8d69ab09d2d:4044
[2023-06-25T06:55:18.507+0000] {spark_submit.py:492} INFO - 23/06/25 06:55:18 INFO StandaloneSchedulerBackend: Shutting down all executors
[2023-06-25T06:55:18.507+0000] {spark_submit.py:492} INFO - 23/06/25 06:55:18 INFO CoarseGrainedSchedulerBackend$DriverEndpoint: Asking each executor to shut down
[2023-06-25T06:55:18.522+0000] {spark_submit.py:492} INFO - 23/06/25 06:55:18 INFO MapOutputTrackerMasterEndpoint: MapOutputTrackerMasterEndpoint stopped!
[2023-06-25T06:55:18.536+0000] {spark_submit.py:492} INFO - 23/06/25 06:55:18 INFO MemoryStore: MemoryStore cleared
[2023-06-25T06:55:18.537+0000] {spark_submit.py:492} INFO - 23/06/25 06:55:18 INFO BlockManager: BlockManager stopped
[2023-06-25T06:55:18.539+0000] {spark_submit.py:492} INFO - 23/06/25 06:55:18 INFO BlockManagerMaster: BlockManagerMaster stopped
[2023-06-25T06:55:18.541+0000] {spark_submit.py:492} INFO - 23/06/25 06:55:18 INFO OutputCommitCoordinator$OutputCommitCoordinatorEndpoint: OutputCommitCoordinator stopped!
[2023-06-25T06:55:18.550+0000] {spark_submit.py:492} INFO - 23/06/25 06:55:18 INFO SparkContext: Successfully stopped SparkContext
[2023-06-25T06:55:18.550+0000] {spark_submit.py:492} INFO - 23/06/25 06:55:18 INFO ShutdownHookManager: Shutdown hook called
[2023-06-25T06:55:18.551+0000] {spark_submit.py:492} INFO - 23/06/25 06:55:18 INFO ShutdownHookManager: Deleting directory /tmp/spark-72148be8-2598-4834-b18c-ff84c7f40d3c/pyspark-fac6dbc6-28ee-47c6-a978-0533da1f51f1
[2023-06-25T06:55:18.554+0000] {spark_submit.py:492} INFO - 23/06/25 06:55:18 INFO ShutdownHookManager: Deleting directory /tmp/spark-72148be8-2598-4834-b18c-ff84c7f40d3c
[2023-06-25T06:55:18.557+0000] {spark_submit.py:492} INFO - 23/06/25 06:55:18 INFO ShutdownHookManager: Deleting directory /tmp/spark-a4cd647c-d0ec-4dc5-8e1f-9a7f45a58a96
[2023-06-25T06:55:18.662+0000] {taskinstance.py:1775} ERROR - Task failed with exception
Traceback (most recent call last):
  File "/home/airflow/.local/lib/python3.8/site-packages/airflow/providers/apache/spark/operators/spark_submit.py", line 157, in execute
    self._hook.submit(self._application)
  File "/home/airflow/.local/lib/python3.8/site-packages/airflow/providers/apache/spark/hooks/spark_submit.py", line 423, in submit
    raise AirflowException(
airflow.exceptions.AirflowException: Cannot execute: spark-submit --master spark://spark:7077 --conf spark.hadoop.fs.s3a.access.key=minioadmin --conf spark.hadoop.fs.s3a.secret.key=****** --conf spark.hadoop.fs.s3a.endpoint=http://minio:9000 --conf spark.hadoop.fs.s3a.aws.credentials.provider=org.apache.hadoop.fs.s3a.SimpleAWSCredentialsProvider --conf spark.hadoop.fs.s3a.path.style.access=true --jars local:///opt/bitnami/spark/jars --name arrow-spark /opt/***/dags/spark_etl_spark_minio.py. Error code is: 1.
[2023-06-25T06:55:18.665+0000] {taskinstance.py:1321} INFO - Marking task as UP_FOR_RETRY. dag_id=spark_etl_minio_v21, task_id=spark_submit_task, execution_date=20230625T065256, start_date=20230625T065508, end_date=20230625T065518
[2023-06-25T06:55:18.728+0000] {standard_task_runner.py:100} ERROR - Failed to execute job 309 for task spark_submit_task (Cannot execute: spark-submit --master spark://spark:7077 --conf spark.hadoop.fs.s3a.access.key=minioadmin --conf spark.hadoop.fs.s3a.secret.key=****** --conf spark.hadoop.fs.s3a.endpoint=http://minio:9000 --conf spark.hadoop.fs.s3a.aws.credentials.provider=org.apache.hadoop.fs.s3a.SimpleAWSCredentialsProvider --conf spark.hadoop.fs.s3a.path.style.access=true --jars local:///opt/bitnami/spark/jars --name arrow-spark /opt/***/dags/spark_etl_spark_minio.py. Error code is: 1.; 7025)
[2023-06-25T06:55:18.741+0000] {local_task_job.py:212} INFO - Task exited with return code 1
[2023-06-25T06:55:18.761+0000] {taskinstance.py:2585} INFO - 0 downstream tasks scheduled from follow-on schedule check
