[2023-06-25T07:05:28.790+0000] {taskinstance.py:1084} INFO - Dependencies all met for dep_context=non-requeueable deps ti=<TaskInstance: spark_etl_minio_v21.spark_submit_task manual__2023-06-25T06:52:56.132297+00:00 [queued]>
[2023-06-25T07:05:28.795+0000] {taskinstance.py:1084} INFO - Dependencies all met for dep_context=requeueable deps ti=<TaskInstance: spark_etl_minio_v21.spark_submit_task manual__2023-06-25T06:52:56.132297+00:00 [queued]>
[2023-06-25T07:05:28.796+0000] {taskinstance.py:1282} INFO - 
--------------------------------------------------------------------------------
[2023-06-25T07:05:28.796+0000] {taskinstance.py:1283} INFO - Starting attempt 6 of 6
[2023-06-25T07:05:28.796+0000] {taskinstance.py:1284} INFO - 
--------------------------------------------------------------------------------
[2023-06-25T07:05:28.803+0000] {taskinstance.py:1303} INFO - Executing <Task(SparkSubmitOperator): spark_submit_task> on 2023-06-25 06:52:56.132297+00:00
[2023-06-25T07:05:28.807+0000] {standard_task_runner.py:55} INFO - Started process 399 to run task
[2023-06-25T07:05:28.809+0000] {standard_task_runner.py:82} INFO - Running: ['***', 'tasks', 'run', 'spark_etl_minio_v21', 'spark_submit_task', 'manual__2023-06-25T06:52:56.132297+00:00', '--job-id', '316', '--raw', '--subdir', 'DAGS_FOLDER/spark_job_minio_v1.py', '--cfg-path', '/tmp/tmpue7tqtkm']
[2023-06-25T07:05:28.810+0000] {standard_task_runner.py:83} INFO - Job 316: Subtask spark_submit_task
[2023-06-25T07:05:28.819+0000] {warnings.py:109} WARNING - /home/***/.local/lib/python3.8/site-packages/***/settings.py:250: DeprecationWarning: The sql_alchemy_conn option in [core] has been moved to the sql_alchemy_conn option in [database] - the old setting has been used, but please update your config.
  SQL_ALCHEMY_CONN = conf.get("database", "SQL_ALCHEMY_CONN")

[2023-06-25T07:05:28.886+0000] {task_command.py:388} INFO - Running <TaskInstance: spark_etl_minio_v21.spark_submit_task manual__2023-06-25T06:52:56.132297+00:00 [running]> on host e7eaea3b1ae3
[2023-06-25T07:05:28.939+0000] {taskinstance.py:1509} INFO - Exporting the following env vars:
AIRFLOW_CTX_DAG_OWNER=***
AIRFLOW_CTX_DAG_ID=spark_etl_minio_v21
AIRFLOW_CTX_TASK_ID=spark_submit_task
AIRFLOW_CTX_EXECUTION_DATE=2023-06-25T06:52:56.132297+00:00
AIRFLOW_CTX_TRY_NUMBER=6
AIRFLOW_CTX_DAG_RUN_ID=manual__2023-06-25T06:52:56.132297+00:00
[2023-06-25T07:05:28.945+0000] {base.py:73} INFO - Using connection ID 'spark_conn' for task execution.
[2023-06-25T07:05:28.947+0000] {spark_submit.py:341} INFO - Spark-Submit cmd: spark-submit --master spark://spark:7077 --conf spark.hadoop.fs.s3a.access.key=minioadmin --conf spark.hadoop.fs.s3a.secret.key=****** --conf spark.hadoop.fs.s3a.endpoint=http://minio:9000 --conf spark.hadoop.fs.s3a.aws.credentials.provider=org.apache.hadoop.fs.s3a.SimpleAWSCredentialsProvider --conf spark.hadoop.fs.s3a.path.style.access=true --jars local:///opt/bitnami/spark/jars --name arrow-spark /opt/***/dags/spark_etl_spark_minio.py
[2023-06-25T07:05:29.828+0000] {spark_submit.py:492} INFO - WARNING: An illegal reflective access operation has occurred
[2023-06-25T07:05:29.828+0000] {spark_submit.py:492} INFO - WARNING: Illegal reflective access by org.apache.spark.unsafe.Platform (file:/opt/spark/jars/spark-unsafe_2.12-3.2.0.jar) to constructor java.nio.DirectByteBuffer(long,int)
[2023-06-25T07:05:29.828+0000] {spark_submit.py:492} INFO - WARNING: Please consider reporting this to the maintainers of org.apache.spark.unsafe.Platform
[2023-06-25T07:05:29.828+0000] {spark_submit.py:492} INFO - WARNING: Use --illegal-access=warn to enable warnings of further illegal reflective access operations
[2023-06-25T07:05:29.829+0000] {spark_submit.py:492} INFO - WARNING: All illegal access operations will be denied in a future release
[2023-06-25T07:05:30.057+0000] {spark_submit.py:492} INFO - Using Spark's default log4j profile: org/apache/spark/log4j-defaults.properties
[2023-06-25T07:05:30.057+0000] {spark_submit.py:492} INFO - 23/06/25 07:05:30 WARN DependencyUtils: Local jar /opt/bitnami/spark/jars does not exist, skipping.
[2023-06-25T07:05:30.897+0000] {spark_submit.py:492} INFO - 23/06/25 07:05:30 INFO SparkContext: Running Spark version 3.2.0
[2023-06-25T07:05:30.978+0000] {spark_submit.py:492} INFO - 23/06/25 07:05:30 WARN NativeCodeLoader: Unable to load native-hadoop library for your platform... using builtin-java classes where applicable
[2023-06-25T07:05:31.092+0000] {spark_submit.py:492} INFO - 23/06/25 07:05:31 INFO ResourceUtils: ==============================================================
[2023-06-25T07:05:31.092+0000] {spark_submit.py:492} INFO - 23/06/25 07:05:31 INFO ResourceUtils: No custom resources configured for spark.driver.
[2023-06-25T07:05:31.092+0000] {spark_submit.py:492} INFO - 23/06/25 07:05:31 INFO ResourceUtils: ==============================================================
[2023-06-25T07:05:31.093+0000] {spark_submit.py:492} INFO - 23/06/25 07:05:31 INFO SparkContext: Submitted application: arrow-spark
[2023-06-25T07:05:31.117+0000] {spark_submit.py:492} INFO - 23/06/25 07:05:31 INFO ResourceProfile: Default ResourceProfile created, executor resources: Map(cores -> name: cores, amount: 1, script: , vendor: , memory -> name: memory, amount: 1024, script: , vendor: , offHeap -> name: offHeap, amount: 0, script: , vendor: ), task resources: Map(cpus -> name: cpus, amount: 1.0)
[2023-06-25T07:05:31.132+0000] {spark_submit.py:492} INFO - 23/06/25 07:05:31 INFO ResourceProfile: Limiting resource is cpu
[2023-06-25T07:05:31.133+0000] {spark_submit.py:492} INFO - 23/06/25 07:05:31 INFO ResourceProfileManager: Added ResourceProfile id: 0
[2023-06-25T07:05:31.187+0000] {spark_submit.py:492} INFO - 23/06/25 07:05:31 INFO SecurityManager: Changing view acls to: default
[2023-06-25T07:05:31.187+0000] {spark_submit.py:492} INFO - 23/06/25 07:05:31 INFO SecurityManager: Changing modify acls to: default
[2023-06-25T07:05:31.188+0000] {spark_submit.py:492} INFO - 23/06/25 07:05:31 INFO SecurityManager: Changing view acls groups to:
[2023-06-25T07:05:31.188+0000] {spark_submit.py:492} INFO - 23/06/25 07:05:31 INFO SecurityManager: Changing modify acls groups to:
[2023-06-25T07:05:31.188+0000] {spark_submit.py:492} INFO - 23/06/25 07:05:31 INFO SecurityManager: SecurityManager: authentication disabled; ui acls disabled; users  with view permissions: Set(default); groups with view permissions: Set(); users  with modify permissions: Set(default); groups with modify permissions: Set()
[2023-06-25T07:05:31.500+0000] {spark_submit.py:492} INFO - 23/06/25 07:05:31 INFO Utils: Successfully started service 'sparkDriver' on port 32823.
[2023-06-25T07:05:31.528+0000] {spark_submit.py:492} INFO - 23/06/25 07:05:31 INFO SparkEnv: Registering MapOutputTracker
[2023-06-25T07:05:31.575+0000] {spark_submit.py:492} INFO - 23/06/25 07:05:31 INFO SparkEnv: Registering BlockManagerMaster
[2023-06-25T07:05:31.595+0000] {spark_submit.py:492} INFO - 23/06/25 07:05:31 INFO BlockManagerMasterEndpoint: Using org.apache.spark.storage.DefaultTopologyMapper for getting topology information
[2023-06-25T07:05:31.596+0000] {spark_submit.py:492} INFO - 23/06/25 07:05:31 INFO BlockManagerMasterEndpoint: BlockManagerMasterEndpoint up
[2023-06-25T07:05:31.601+0000] {spark_submit.py:492} INFO - 23/06/25 07:05:31 INFO SparkEnv: Registering BlockManagerMasterHeartbeat
[2023-06-25T07:05:31.627+0000] {spark_submit.py:492} INFO - 23/06/25 07:05:31 INFO DiskBlockManager: Created local directory at /tmp/blockmgr-bfc6940e-bd21-4cbf-82f5-a3b32b1b2ff9
[2023-06-25T07:05:31.650+0000] {spark_submit.py:492} INFO - 23/06/25 07:05:31 INFO MemoryStore: MemoryStore started with capacity 434.4 MiB
[2023-06-25T07:05:31.666+0000] {spark_submit.py:492} INFO - 23/06/25 07:05:31 INFO SparkEnv: Registering OutputCommitCoordinator
[2023-06-25T07:05:31.980+0000] {spark_submit.py:492} INFO - 23/06/25 07:05:31 INFO Utils: Successfully started service 'SparkUI' on port 4040.
[2023-06-25T07:05:32.102+0000] {spark_submit.py:492} INFO - 23/06/25 07:05:32 INFO SparkUI: Bound SparkUI to 0.0.0.0, and started at http://e7eaea3b1ae3:4040
[2023-06-25T07:05:32.122+0000] {spark_submit.py:492} INFO - 23/06/25 07:05:32 INFO SparkContext: Added JAR local:///opt/bitnami/spark/jars at file:/opt/bitnami/spark/jars with timestamp 1687676730888
[2023-06-25T07:05:32.343+0000] {spark_submit.py:492} INFO - 23/06/25 07:05:32 INFO StandaloneAppClient$ClientEndpoint: Connecting to master spark://spark:7077...
[2023-06-25T07:05:32.428+0000] {spark_submit.py:492} INFO - 23/06/25 07:05:32 INFO TransportClientFactory: Successfully created connection to spark/172.18.0.5:7077 after 39 ms (0 ms spent in bootstraps)
[2023-06-25T07:05:32.501+0000] {spark_submit.py:492} INFO - 23/06/25 07:05:32 INFO StandaloneSchedulerBackend: Connected to Spark cluster with app ID app-20230625070532-0001
[2023-06-25T07:05:32.504+0000] {spark_submit.py:492} INFO - 23/06/25 07:05:32 INFO StandaloneAppClient$ClientEndpoint: Executor added: app-20230625070532-0001/0 on worker-20230625070232-172.18.0.3-42975 (172.18.0.3:42975) with 1 core(s)
[2023-06-25T07:05:32.514+0000] {spark_submit.py:492} INFO - 23/06/25 07:05:32 INFO StandaloneSchedulerBackend: Granted executor ID app-20230625070532-0001/0 on hostPort 172.18.0.3:42975 with 1 core(s), 1024.0 MiB RAM
[2023-06-25T07:05:32.520+0000] {spark_submit.py:492} INFO - 23/06/25 07:05:32 INFO Utils: Successfully started service 'org.apache.spark.network.netty.NettyBlockTransferService' on port 37279.
[2023-06-25T07:05:32.521+0000] {spark_submit.py:492} INFO - 23/06/25 07:05:32 INFO NettyBlockTransferService: Server created on e7eaea3b1ae3:37279
[2023-06-25T07:05:32.523+0000] {spark_submit.py:492} INFO - 23/06/25 07:05:32 INFO BlockManager: Using org.apache.spark.storage.RandomBlockReplicationPolicy for block replication policy
[2023-06-25T07:05:32.530+0000] {spark_submit.py:492} INFO - 23/06/25 07:05:32 INFO BlockManagerMaster: Registering BlockManager BlockManagerId(driver, e7eaea3b1ae3, 37279, None)
[2023-06-25T07:05:32.533+0000] {spark_submit.py:492} INFO - 23/06/25 07:05:32 INFO BlockManagerMasterEndpoint: Registering block manager e7eaea3b1ae3:37279 with 434.4 MiB RAM, BlockManagerId(driver, e7eaea3b1ae3, 37279, None)
[2023-06-25T07:05:32.544+0000] {spark_submit.py:492} INFO - 23/06/25 07:05:32 INFO BlockManagerMaster: Registered BlockManager BlockManagerId(driver, e7eaea3b1ae3, 37279, None)
[2023-06-25T07:05:32.548+0000] {spark_submit.py:492} INFO - 23/06/25 07:05:32 INFO BlockManager: Initialized BlockManager: BlockManagerId(driver, e7eaea3b1ae3, 37279, None)
[2023-06-25T07:05:32.558+0000] {spark_submit.py:492} INFO - 23/06/25 07:05:32 INFO StandaloneAppClient$ClientEndpoint: Executor updated: app-20230625070532-0001/0 is now RUNNING
[2023-06-25T07:05:32.741+0000] {spark_submit.py:492} INFO - 23/06/25 07:05:32 INFO StandaloneSchedulerBackend: SchedulerBackend is ready for scheduling beginning after reached minRegisteredResourcesRatio: 0.0
[2023-06-25T07:05:33.030+0000] {spark_submit.py:492} INFO - 23/06/25 07:05:33 INFO SharedState: Setting hive.metastore.warehouse.dir ('null') to the value of spark.sql.warehouse.dir.
[2023-06-25T07:05:33.051+0000] {spark_submit.py:492} INFO - 23/06/25 07:05:33 INFO SharedState: Warehouse path is 'file:/opt/***/spark-warehouse'.
[2023-06-25T07:05:34.520+0000] {spark_submit.py:492} INFO - 23/06/25 07:05:34 INFO CoarseGrainedSchedulerBackend$DriverEndpoint: Registered executor NettyRpcEndpointRef(spark-client://Executor) (172.18.0.3:50724) with ID 0,  ResourceProfileId 0
[2023-06-25T07:05:34.635+0000] {spark_submit.py:492} INFO - 23/06/25 07:05:34 INFO BlockManagerMasterEndpoint: Registering block manager 172.18.0.3:38857 with 366.3 MiB RAM, BlockManagerId(0, 172.18.0.3, 38857, None)
[2023-06-25T07:05:35.966+0000] {spark_submit.py:492} INFO - 23/06/25 07:05:35 INFO CodeGenerator: Code generated in 81.047344 ms
[2023-06-25T07:05:35.985+0000] {spark_submit.py:492} INFO - 23/06/25 07:05:35 INFO SparkContext: Starting job: showString at NativeMethodAccessorImpl.java:0
[2023-06-25T07:05:35.995+0000] {spark_submit.py:492} INFO - 23/06/25 07:05:35 INFO DAGScheduler: Got job 0 (showString at NativeMethodAccessorImpl.java:0) with 1 output partitions
[2023-06-25T07:05:35.995+0000] {spark_submit.py:492} INFO - 23/06/25 07:05:35 INFO DAGScheduler: Final stage: ResultStage 0 (showString at NativeMethodAccessorImpl.java:0)
[2023-06-25T07:05:35.996+0000] {spark_submit.py:492} INFO - 23/06/25 07:05:35 INFO DAGScheduler: Parents of final stage: List()
[2023-06-25T07:05:35.996+0000] {spark_submit.py:492} INFO - 23/06/25 07:05:35 INFO DAGScheduler: Missing parents: List()
[2023-06-25T07:05:35.999+0000] {spark_submit.py:492} INFO - 23/06/25 07:05:35 INFO DAGScheduler: Submitting ResultStage 0 (MapPartitionsRDD[6] at showString at NativeMethodAccessorImpl.java:0), which has no missing parents
[2023-06-25T07:05:36.055+0000] {spark_submit.py:492} INFO - 23/06/25 07:05:36 INFO MemoryStore: Block broadcast_0 stored as values in memory (estimated size 11.7 KiB, free 434.4 MiB)
[2023-06-25T07:05:36.075+0000] {spark_submit.py:492} INFO - 23/06/25 07:05:36 INFO MemoryStore: Block broadcast_0_piece0 stored as bytes in memory (estimated size 6.2 KiB, free 434.4 MiB)
[2023-06-25T07:05:36.077+0000] {spark_submit.py:492} INFO - 23/06/25 07:05:36 INFO BlockManagerInfo: Added broadcast_0_piece0 in memory on e7eaea3b1ae3:37279 (size: 6.2 KiB, free: 434.4 MiB)
[2023-06-25T07:05:36.079+0000] {spark_submit.py:492} INFO - 23/06/25 07:05:36 INFO SparkContext: Created broadcast 0 from broadcast at DAGScheduler.scala:1427
[2023-06-25T07:05:36.088+0000] {spark_submit.py:492} INFO - 23/06/25 07:05:36 INFO DAGScheduler: Submitting 1 missing tasks from ResultStage 0 (MapPartitionsRDD[6] at showString at NativeMethodAccessorImpl.java:0) (first 15 tasks are for partitions Vector(0))
[2023-06-25T07:05:36.089+0000] {spark_submit.py:492} INFO - 23/06/25 07:05:36 INFO TaskSchedulerImpl: Adding task set 0.0 with 1 tasks resource profile 0
[2023-06-25T07:05:36.115+0000] {spark_submit.py:492} INFO - 23/06/25 07:05:36 INFO TaskSetManager: Starting task 0.0 in stage 0.0 (TID 0) (172.18.0.3, executor 0, partition 0, PROCESS_LOCAL, 4605 bytes) taskResourceAssignments Map()
[2023-06-25T07:05:36.296+0000] {spark_submit.py:492} INFO - 23/06/25 07:05:36 INFO BlockManagerInfo: Added broadcast_0_piece0 in memory on 172.18.0.3:38857 (size: 6.2 KiB, free: 366.3 MiB)
[2023-06-25T07:05:37.384+0000] {spark_submit.py:492} INFO - 23/06/25 07:05:37 INFO TaskSetManager: Finished task 0.0 in stage 0.0 (TID 0) in 1278 ms on 172.18.0.3 (executor 0) (1/1)
[2023-06-25T07:05:37.385+0000] {spark_submit.py:492} INFO - 23/06/25 07:05:37 INFO TaskSchedulerImpl: Removed TaskSet 0.0, whose tasks have all completed, from pool
[2023-06-25T07:05:37.388+0000] {spark_submit.py:492} INFO - 23/06/25 07:05:37 INFO PythonAccumulatorV2: Connected to AccumulatorServer at host: 127.0.0.1 port: 43107
[2023-06-25T07:05:37.391+0000] {spark_submit.py:492} INFO - 23/06/25 07:05:37 INFO DAGScheduler: ResultStage 0 (showString at NativeMethodAccessorImpl.java:0) finished in 1.385 s
[2023-06-25T07:05:37.393+0000] {spark_submit.py:492} INFO - 23/06/25 07:05:37 INFO DAGScheduler: Job 0 is finished. Cancelling potential speculative or zombie tasks for this job
[2023-06-25T07:05:37.394+0000] {spark_submit.py:492} INFO - 23/06/25 07:05:37 INFO TaskSchedulerImpl: Killing all running tasks in stage 0: Stage finished
[2023-06-25T07:05:37.395+0000] {spark_submit.py:492} INFO - 23/06/25 07:05:37 INFO DAGScheduler: Job 0 finished: showString at NativeMethodAccessorImpl.java:0, took 1.409073 s
[2023-06-25T07:05:37.407+0000] {spark_submit.py:492} INFO - 23/06/25 07:05:37 INFO SparkContext: Starting job: showString at NativeMethodAccessorImpl.java:0
[2023-06-25T07:05:37.408+0000] {spark_submit.py:492} INFO - 23/06/25 07:05:37 INFO DAGScheduler: Got job 1 (showString at NativeMethodAccessorImpl.java:0) with 1 output partitions
[2023-06-25T07:05:37.408+0000] {spark_submit.py:492} INFO - 23/06/25 07:05:37 INFO DAGScheduler: Final stage: ResultStage 1 (showString at NativeMethodAccessorImpl.java:0)
[2023-06-25T07:05:37.409+0000] {spark_submit.py:492} INFO - 23/06/25 07:05:37 INFO DAGScheduler: Parents of final stage: List()
[2023-06-25T07:05:37.409+0000] {spark_submit.py:492} INFO - 23/06/25 07:05:37 INFO DAGScheduler: Missing parents: List()
[2023-06-25T07:05:37.409+0000] {spark_submit.py:492} INFO - 23/06/25 07:05:37 INFO DAGScheduler: Submitting ResultStage 1 (MapPartitionsRDD[6] at showString at NativeMethodAccessorImpl.java:0), which has no missing parents
[2023-06-25T07:05:37.413+0000] {spark_submit.py:492} INFO - 23/06/25 07:05:37 INFO MemoryStore: Block broadcast_1 stored as values in memory (estimated size 11.7 KiB, free 434.4 MiB)
[2023-06-25T07:05:37.416+0000] {spark_submit.py:492} INFO - 23/06/25 07:05:37 INFO MemoryStore: Block broadcast_1_piece0 stored as bytes in memory (estimated size 6.2 KiB, free 434.4 MiB)
[2023-06-25T07:05:37.416+0000] {spark_submit.py:492} INFO - 23/06/25 07:05:37 INFO BlockManagerInfo: Added broadcast_1_piece0 in memory on e7eaea3b1ae3:37279 (size: 6.2 KiB, free: 434.4 MiB)
[2023-06-25T07:05:37.417+0000] {spark_submit.py:492} INFO - 23/06/25 07:05:37 INFO SparkContext: Created broadcast 1 from broadcast at DAGScheduler.scala:1427
[2023-06-25T07:05:37.417+0000] {spark_submit.py:492} INFO - 23/06/25 07:05:37 INFO DAGScheduler: Submitting 1 missing tasks from ResultStage 1 (MapPartitionsRDD[6] at showString at NativeMethodAccessorImpl.java:0) (first 15 tasks are for partitions Vector(1))
[2023-06-25T07:05:37.418+0000] {spark_submit.py:492} INFO - 23/06/25 07:05:37 INFO TaskSchedulerImpl: Adding task set 1.0 with 1 tasks resource profile 0
[2023-06-25T07:05:37.419+0000] {spark_submit.py:492} INFO - 23/06/25 07:05:37 INFO TaskSetManager: Starting task 0.0 in stage 1.0 (TID 1) (172.18.0.3, executor 0, partition 1, PROCESS_LOCAL, 4529 bytes) taskResourceAssignments Map()
[2023-06-25T07:05:37.435+0000] {spark_submit.py:492} INFO - 23/06/25 07:05:37 INFO BlockManagerInfo: Added broadcast_1_piece0 in memory on 172.18.0.3:38857 (size: 6.2 KiB, free: 366.3 MiB)
[2023-06-25T07:05:37.492+0000] {spark_submit.py:492} INFO - 23/06/25 07:05:37 INFO TaskSetManager: Finished task 0.0 in stage 1.0 (TID 1) in 73 ms on 172.18.0.3 (executor 0) (1/1)
[2023-06-25T07:05:37.492+0000] {spark_submit.py:492} INFO - 23/06/25 07:05:37 INFO TaskSchedulerImpl: Removed TaskSet 1.0, whose tasks have all completed, from pool
[2023-06-25T07:05:37.493+0000] {spark_submit.py:492} INFO - 23/06/25 07:05:37 INFO DAGScheduler: ResultStage 1 (showString at NativeMethodAccessorImpl.java:0) finished in 0.083 s
[2023-06-25T07:05:37.493+0000] {spark_submit.py:492} INFO - 23/06/25 07:05:37 INFO DAGScheduler: Job 1 is finished. Cancelling potential speculative or zombie tasks for this job
[2023-06-25T07:05:37.494+0000] {spark_submit.py:492} INFO - 23/06/25 07:05:37 INFO TaskSchedulerImpl: Killing all running tasks in stage 1: Stage finished
[2023-06-25T07:05:37.494+0000] {spark_submit.py:492} INFO - 23/06/25 07:05:37 INFO DAGScheduler: Job 1 finished: showString at NativeMethodAccessorImpl.java:0, took 0.086572 s
[2023-06-25T07:05:37.526+0000] {spark_submit.py:492} INFO - 23/06/25 07:05:37 INFO CodeGenerator: Code generated in 15.533095 ms
[2023-06-25T07:05:37.537+0000] {spark_submit.py:492} INFO - +-----+-----------------------------------------------------------------------------+
[2023-06-25T07:05:37.537+0000] {spark_submit.py:492} INFO - |Seqno|Quote                                                                        |
[2023-06-25T07:05:37.537+0000] {spark_submit.py:492} INFO - +-----+-----------------------------------------------------------------------------+
[2023-06-25T07:05:37.537+0000] {spark_submit.py:492} INFO - |1    |Be the change that you wish to see in the world                              |
[2023-06-25T07:05:37.537+0000] {spark_submit.py:492} INFO - |2    |Everyone thinks of changing the world, but no one thinks of changing himself.|
[2023-06-25T07:05:37.537+0000] {spark_submit.py:492} INFO - |3    |The purpose of our lives is to be happy.                                     |
[2023-06-25T07:05:37.538+0000] {spark_submit.py:492} INFO - |4    |Be cool.                                                                     |
[2023-06-25T07:05:37.538+0000] {spark_submit.py:492} INFO - +-----+-----------------------------------------------------------------------------+
[2023-06-25T07:05:37.538+0000] {spark_submit.py:492} INFO - 
[2023-06-25T07:05:37.601+0000] {spark_submit.py:492} INFO - 23/06/25 07:05:37 INFO BlockManagerInfo: Removed broadcast_1_piece0 on 172.18.0.3:38857 in memory (size: 6.2 KiB, free: 366.3 MiB)
[2023-06-25T07:05:37.603+0000] {spark_submit.py:492} INFO - 23/06/25 07:05:37 INFO BlockManagerInfo: Removed broadcast_1_piece0 on e7eaea3b1ae3:37279 in memory (size: 6.2 KiB, free: 434.4 MiB)
[2023-06-25T07:05:37.611+0000] {spark_submit.py:492} INFO - 23/06/25 07:05:37 INFO BlockManagerInfo: Removed broadcast_0_piece0 on e7eaea3b1ae3:37279 in memory (size: 6.2 KiB, free: 434.4 MiB)
[2023-06-25T07:05:37.613+0000] {spark_submit.py:492} INFO - 23/06/25 07:05:37 INFO BlockManagerInfo: Removed broadcast_0_piece0 on 172.18.0.3:38857 in memory (size: 6.2 KiB, free: 366.3 MiB)
[2023-06-25T07:05:37.617+0000] {spark_submit.py:492} INFO - Traceback (most recent call last):
[2023-06-25T07:05:37.618+0000] {spark_submit.py:492} INFO - File "/opt/***/dags/spark_etl_spark_minio.py", line 41, in <module>
[2023-06-25T07:05:37.618+0000] {spark_submit.py:492} INFO - df.write.format("csv").mode("append").save("s3a://datalake/test")
[2023-06-25T07:05:37.618+0000] {spark_submit.py:492} INFO - File "/opt/spark/python/lib/pyspark.zip/pyspark/sql/readwriter.py", line 740, in save
[2023-06-25T07:05:37.618+0000] {spark_submit.py:492} INFO - File "/opt/spark/python/lib/py4j-0.10.9.2-src.zip/py4j/java_gateway.py", line 1309, in __call__
[2023-06-25T07:05:37.618+0000] {spark_submit.py:492} INFO - File "/opt/spark/python/lib/pyspark.zip/pyspark/sql/utils.py", line 111, in deco
[2023-06-25T07:05:37.618+0000] {spark_submit.py:492} INFO - File "/opt/spark/python/lib/py4j-0.10.9.2-src.zip/py4j/protocol.py", line 326, in get_return_value
[2023-06-25T07:05:37.618+0000] {spark_submit.py:492} INFO - py4j.protocol.Py4JJavaError: An error occurred while calling o72.save.
[2023-06-25T07:05:37.618+0000] {spark_submit.py:492} INFO - : java.lang.RuntimeException: java.lang.ClassNotFoundException: Class org.apache.hadoop.fs.s3a.S3AFileSystem not found
[2023-06-25T07:05:37.618+0000] {spark_submit.py:492} INFO - at org.apache.hadoop.conf.Configuration.getClass(Configuration.java:2667)
[2023-06-25T07:05:37.619+0000] {spark_submit.py:492} INFO - at org.apache.hadoop.fs.FileSystem.getFileSystemClass(FileSystem.java:3431)
[2023-06-25T07:05:37.619+0000] {spark_submit.py:492} INFO - at org.apache.hadoop.fs.FileSystem.createFileSystem(FileSystem.java:3466)
[2023-06-25T07:05:37.619+0000] {spark_submit.py:492} INFO - at org.apache.hadoop.fs.FileSystem.access$300(FileSystem.java:174)
[2023-06-25T07:05:37.619+0000] {spark_submit.py:492} INFO - at org.apache.hadoop.fs.FileSystem$Cache.getInternal(FileSystem.java:3574)
[2023-06-25T07:05:37.619+0000] {spark_submit.py:492} INFO - at org.apache.hadoop.fs.FileSystem$Cache.get(FileSystem.java:3521)
[2023-06-25T07:05:37.619+0000] {spark_submit.py:492} INFO - at org.apache.hadoop.fs.FileSystem.get(FileSystem.java:540)
[2023-06-25T07:05:37.619+0000] {spark_submit.py:492} INFO - at org.apache.hadoop.fs.Path.getFileSystem(Path.java:365)
[2023-06-25T07:05:37.619+0000] {spark_submit.py:492} INFO - at org.apache.spark.sql.execution.datasources.DataSource.planForWritingFileFormat(DataSource.scala:461)
[2023-06-25T07:05:37.619+0000] {spark_submit.py:492} INFO - at org.apache.spark.sql.execution.datasources.DataSource.planForWriting(DataSource.scala:556)
[2023-06-25T07:05:37.619+0000] {spark_submit.py:492} INFO - at org.apache.spark.sql.DataFrameWriter.saveToV1Source(DataFrameWriter.scala:382)
[2023-06-25T07:05:37.620+0000] {spark_submit.py:492} INFO - at org.apache.spark.sql.DataFrameWriter.saveInternal(DataFrameWriter.scala:355)
[2023-06-25T07:05:37.620+0000] {spark_submit.py:492} INFO - at org.apache.spark.sql.DataFrameWriter.save(DataFrameWriter.scala:239)
[2023-06-25T07:05:37.620+0000] {spark_submit.py:492} INFO - at java.base/jdk.internal.reflect.NativeMethodAccessorImpl.invoke0(Native Method)
[2023-06-25T07:05:37.620+0000] {spark_submit.py:492} INFO - at java.base/jdk.internal.reflect.NativeMethodAccessorImpl.invoke(NativeMethodAccessorImpl.java:62)
[2023-06-25T07:05:37.620+0000] {spark_submit.py:492} INFO - at java.base/jdk.internal.reflect.DelegatingMethodAccessorImpl.invoke(DelegatingMethodAccessorImpl.java:43)
[2023-06-25T07:05:37.620+0000] {spark_submit.py:492} INFO - at java.base/java.lang.reflect.Method.invoke(Method.java:566)
[2023-06-25T07:05:37.620+0000] {spark_submit.py:492} INFO - at py4j.reflection.MethodInvoker.invoke(MethodInvoker.java:244)
[2023-06-25T07:05:37.620+0000] {spark_submit.py:492} INFO - at py4j.reflection.ReflectionEngine.invoke(ReflectionEngine.java:357)
[2023-06-25T07:05:37.620+0000] {spark_submit.py:492} INFO - at py4j.Gateway.invoke(Gateway.java:282)
[2023-06-25T07:05:37.620+0000] {spark_submit.py:492} INFO - at py4j.commands.AbstractCommand.invokeMethod(AbstractCommand.java:132)
[2023-06-25T07:05:37.620+0000] {spark_submit.py:492} INFO - at py4j.commands.CallCommand.execute(CallCommand.java:79)
[2023-06-25T07:05:37.621+0000] {spark_submit.py:492} INFO - at py4j.ClientServerConnection.waitForCommands(ClientServerConnection.java:182)
[2023-06-25T07:05:37.621+0000] {spark_submit.py:492} INFO - at py4j.ClientServerConnection.run(ClientServerConnection.java:106)
[2023-06-25T07:05:37.621+0000] {spark_submit.py:492} INFO - at java.base/java.lang.Thread.run(Thread.java:829)
[2023-06-25T07:05:37.621+0000] {spark_submit.py:492} INFO - Caused by: java.lang.ClassNotFoundException: Class org.apache.hadoop.fs.s3a.S3AFileSystem not found
[2023-06-25T07:05:37.621+0000] {spark_submit.py:492} INFO - at org.apache.hadoop.conf.Configuration.getClassByName(Configuration.java:2571)
[2023-06-25T07:05:37.621+0000] {spark_submit.py:492} INFO - at org.apache.hadoop.conf.Configuration.getClass(Configuration.java:2665)
[2023-06-25T07:05:37.621+0000] {spark_submit.py:492} INFO - ... 24 more
[2023-06-25T07:05:37.621+0000] {spark_submit.py:492} INFO - 
[2023-06-25T07:05:37.682+0000] {spark_submit.py:492} INFO - 23/06/25 07:05:37 INFO SparkContext: Invoking stop() from shutdown hook
[2023-06-25T07:05:37.687+0000] {spark_submit.py:492} INFO - 23/06/25 07:05:37 INFO SparkUI: Stopped Spark web UI at http://e7eaea3b1ae3:4040
[2023-06-25T07:05:37.690+0000] {spark_submit.py:492} INFO - 23/06/25 07:05:37 INFO StandaloneSchedulerBackend: Shutting down all executors
[2023-06-25T07:05:37.690+0000] {spark_submit.py:492} INFO - 23/06/25 07:05:37 INFO CoarseGrainedSchedulerBackend$DriverEndpoint: Asking each executor to shut down
[2023-06-25T07:05:37.706+0000] {spark_submit.py:492} INFO - 23/06/25 07:05:37 INFO MapOutputTrackerMasterEndpoint: MapOutputTrackerMasterEndpoint stopped!
[2023-06-25T07:05:37.718+0000] {spark_submit.py:492} INFO - 23/06/25 07:05:37 INFO MemoryStore: MemoryStore cleared
[2023-06-25T07:05:37.718+0000] {spark_submit.py:492} INFO - 23/06/25 07:05:37 INFO BlockManager: BlockManager stopped
[2023-06-25T07:05:37.721+0000] {spark_submit.py:492} INFO - 23/06/25 07:05:37 INFO BlockManagerMaster: BlockManagerMaster stopped
[2023-06-25T07:05:37.723+0000] {spark_submit.py:492} INFO - 23/06/25 07:05:37 INFO OutputCommitCoordinator$OutputCommitCoordinatorEndpoint: OutputCommitCoordinator stopped!
[2023-06-25T07:05:37.734+0000] {spark_submit.py:492} INFO - 23/06/25 07:05:37 INFO SparkContext: Successfully stopped SparkContext
[2023-06-25T07:05:37.736+0000] {spark_submit.py:492} INFO - 23/06/25 07:05:37 INFO ShutdownHookManager: Shutdown hook called
[2023-06-25T07:05:37.736+0000] {spark_submit.py:492} INFO - 23/06/25 07:05:37 INFO ShutdownHookManager: Deleting directory /tmp/spark-0022c681-403c-49a8-8faa-18a9d3d4b977
[2023-06-25T07:05:37.739+0000] {spark_submit.py:492} INFO - 23/06/25 07:05:37 INFO ShutdownHookManager: Deleting directory /tmp/spark-0022c681-403c-49a8-8faa-18a9d3d4b977/pyspark-2256738c-aba6-459d-b826-a06f3267343a
[2023-06-25T07:05:37.742+0000] {spark_submit.py:492} INFO - 23/06/25 07:05:37 INFO ShutdownHookManager: Deleting directory /tmp/spark-65903cc2-d4cd-4f3d-ae48-36a5d5c51d2f
[2023-06-25T07:05:37.834+0000] {taskinstance.py:1775} ERROR - Task failed with exception
Traceback (most recent call last):
  File "/home/airflow/.local/lib/python3.8/site-packages/airflow/providers/apache/spark/operators/spark_submit.py", line 157, in execute
    self._hook.submit(self._application)
  File "/home/airflow/.local/lib/python3.8/site-packages/airflow/providers/apache/spark/hooks/spark_submit.py", line 423, in submit
    raise AirflowException(
airflow.exceptions.AirflowException: Cannot execute: spark-submit --master spark://spark:7077 --conf spark.hadoop.fs.s3a.access.key=minioadmin --conf spark.hadoop.fs.s3a.secret.key=****** --conf spark.hadoop.fs.s3a.endpoint=http://minio:9000 --conf spark.hadoop.fs.s3a.aws.credentials.provider=org.apache.hadoop.fs.s3a.SimpleAWSCredentialsProvider --conf spark.hadoop.fs.s3a.path.style.access=true --jars local:///opt/bitnami/spark/jars --name arrow-spark /opt/***/dags/spark_etl_spark_minio.py. Error code is: 1.
[2023-06-25T07:05:37.837+0000] {taskinstance.py:1321} INFO - Marking task as FAILED. dag_id=spark_etl_minio_v21, task_id=spark_submit_task, execution_date=20230625T065256, start_date=20230625T070528, end_date=20230625T070537
[2023-06-25T07:05:37.847+0000] {standard_task_runner.py:100} ERROR - Failed to execute job 316 for task spark_submit_task (Cannot execute: spark-submit --master spark://spark:7077 --conf spark.hadoop.fs.s3a.access.key=minioadmin --conf spark.hadoop.fs.s3a.secret.key=****** --conf spark.hadoop.fs.s3a.endpoint=http://minio:9000 --conf spark.hadoop.fs.s3a.aws.credentials.provider=org.apache.hadoop.fs.s3a.SimpleAWSCredentialsProvider --conf spark.hadoop.fs.s3a.path.style.access=true --jars local:///opt/bitnami/spark/jars --name arrow-spark /opt/***/dags/spark_etl_spark_minio.py. Error code is: 1.; 399)
[2023-06-25T07:05:37.872+0000] {local_task_job.py:212} INFO - Task exited with return code 1
[2023-06-25T07:05:37.883+0000] {taskinstance.py:2585} INFO - 0 downstream tasks scheduled from follow-on schedule check
