[2023-06-25T07:03:18.344+0000] {taskinstance.py:1084} INFO - Dependencies all met for dep_context=non-requeueable deps ti=<TaskInstance: spark_etl_minio_v21.spark_submit_task manual__2023-06-25T06:52:56.132297+00:00 [queued]>
[2023-06-25T07:03:18.350+0000] {taskinstance.py:1084} INFO - Dependencies all met for dep_context=requeueable deps ti=<TaskInstance: spark_etl_minio_v21.spark_submit_task manual__2023-06-25T06:52:56.132297+00:00 [queued]>
[2023-06-25T07:03:18.350+0000] {taskinstance.py:1282} INFO - 
--------------------------------------------------------------------------------
[2023-06-25T07:03:18.350+0000] {taskinstance.py:1283} INFO - Starting attempt 5 of 6
[2023-06-25T07:03:18.350+0000] {taskinstance.py:1284} INFO - 
--------------------------------------------------------------------------------
[2023-06-25T07:03:18.359+0000] {taskinstance.py:1303} INFO - Executing <Task(SparkSubmitOperator): spark_submit_task> on 2023-06-25 06:52:56.132297+00:00
[2023-06-25T07:03:18.363+0000] {standard_task_runner.py:55} INFO - Started process 69 to run task
[2023-06-25T07:03:18.365+0000] {standard_task_runner.py:82} INFO - Running: ['***', 'tasks', 'run', 'spark_etl_minio_v21', 'spark_submit_task', 'manual__2023-06-25T06:52:56.132297+00:00', '--job-id', '315', '--raw', '--subdir', 'DAGS_FOLDER/spark_job_minio_v1.py', '--cfg-path', '/tmp/tmp8rrkel_7']
[2023-06-25T07:03:18.366+0000] {standard_task_runner.py:83} INFO - Job 315: Subtask spark_submit_task
[2023-06-25T07:03:18.376+0000] {warnings.py:109} WARNING - /home/***/.local/lib/python3.8/site-packages/***/settings.py:250: DeprecationWarning: The sql_alchemy_conn option in [core] has been moved to the sql_alchemy_conn option in [database] - the old setting has been used, but please update your config.
  SQL_ALCHEMY_CONN = conf.get("database", "SQL_ALCHEMY_CONN")

[2023-06-25T07:03:18.410+0000] {task_command.py:388} INFO - Running <TaskInstance: spark_etl_minio_v21.spark_submit_task manual__2023-06-25T06:52:56.132297+00:00 [running]> on host e7eaea3b1ae3
[2023-06-25T07:03:18.468+0000] {taskinstance.py:1509} INFO - Exporting the following env vars:
AIRFLOW_CTX_DAG_OWNER=***
AIRFLOW_CTX_DAG_ID=spark_etl_minio_v21
AIRFLOW_CTX_TASK_ID=spark_submit_task
AIRFLOW_CTX_EXECUTION_DATE=2023-06-25T06:52:56.132297+00:00
AIRFLOW_CTX_TRY_NUMBER=5
AIRFLOW_CTX_DAG_RUN_ID=manual__2023-06-25T06:52:56.132297+00:00
[2023-06-25T07:03:18.475+0000] {base.py:73} INFO - Using connection ID 'spark_conn' for task execution.
[2023-06-25T07:03:18.476+0000] {spark_submit.py:341} INFO - Spark-Submit cmd: spark-submit --master spark://spark:7077 --conf spark.hadoop.fs.s3a.access.key=minioadmin --conf spark.hadoop.fs.s3a.secret.key=****** --conf spark.hadoop.fs.s3a.endpoint=http://minio:9000 --conf spark.hadoop.fs.s3a.aws.credentials.provider=org.apache.hadoop.fs.s3a.SimpleAWSCredentialsProvider --conf spark.hadoop.fs.s3a.path.style.access=true --jars local:///opt/bitnami/spark/jars --name arrow-spark /opt/***/dags/spark_etl_spark_minio.py
[2023-06-25T07:03:19.334+0000] {spark_submit.py:492} INFO - WARNING: An illegal reflective access operation has occurred
[2023-06-25T07:03:19.335+0000] {spark_submit.py:492} INFO - WARNING: Illegal reflective access by org.apache.spark.unsafe.Platform (file:/opt/spark/jars/spark-unsafe_2.12-3.2.0.jar) to constructor java.nio.DirectByteBuffer(long,int)
[2023-06-25T07:03:19.335+0000] {spark_submit.py:492} INFO - WARNING: Please consider reporting this to the maintainers of org.apache.spark.unsafe.Platform
[2023-06-25T07:03:19.335+0000] {spark_submit.py:492} INFO - WARNING: Use --illegal-access=warn to enable warnings of further illegal reflective access operations
[2023-06-25T07:03:19.335+0000] {spark_submit.py:492} INFO - WARNING: All illegal access operations will be denied in a future release
[2023-06-25T07:03:19.555+0000] {spark_submit.py:492} INFO - Using Spark's default log4j profile: org/apache/spark/log4j-defaults.properties
[2023-06-25T07:03:19.556+0000] {spark_submit.py:492} INFO - 23/06/25 07:03:19 WARN DependencyUtils: Local jar /opt/bitnami/spark/jars does not exist, skipping.
[2023-06-25T07:03:20.278+0000] {spark_submit.py:492} INFO - 23/06/25 07:03:20 INFO SparkContext: Running Spark version 3.2.0
[2023-06-25T07:03:20.342+0000] {spark_submit.py:492} INFO - 23/06/25 07:03:20 WARN NativeCodeLoader: Unable to load native-hadoop library for your platform... using builtin-java classes where applicable
[2023-06-25T07:03:20.444+0000] {spark_submit.py:492} INFO - 23/06/25 07:03:20 INFO ResourceUtils: ==============================================================
[2023-06-25T07:03:20.444+0000] {spark_submit.py:492} INFO - 23/06/25 07:03:20 INFO ResourceUtils: No custom resources configured for spark.driver.
[2023-06-25T07:03:20.444+0000] {spark_submit.py:492} INFO - 23/06/25 07:03:20 INFO ResourceUtils: ==============================================================
[2023-06-25T07:03:20.445+0000] {spark_submit.py:492} INFO - 23/06/25 07:03:20 INFO SparkContext: Submitted application: arrow-spark
[2023-06-25T07:03:20.464+0000] {spark_submit.py:492} INFO - 23/06/25 07:03:20 INFO ResourceProfile: Default ResourceProfile created, executor resources: Map(cores -> name: cores, amount: 1, script: , vendor: , memory -> name: memory, amount: 1024, script: , vendor: , offHeap -> name: offHeap, amount: 0, script: , vendor: ), task resources: Map(cpus -> name: cpus, amount: 1.0)
[2023-06-25T07:03:20.476+0000] {spark_submit.py:492} INFO - 23/06/25 07:03:20 INFO ResourceProfile: Limiting resource is cpu
[2023-06-25T07:03:20.477+0000] {spark_submit.py:492} INFO - 23/06/25 07:03:20 INFO ResourceProfileManager: Added ResourceProfile id: 0
[2023-06-25T07:03:20.521+0000] {spark_submit.py:492} INFO - 23/06/25 07:03:20 INFO SecurityManager: Changing view acls to: default
[2023-06-25T07:03:20.522+0000] {spark_submit.py:492} INFO - 23/06/25 07:03:20 INFO SecurityManager: Changing modify acls to: default
[2023-06-25T07:03:20.522+0000] {spark_submit.py:492} INFO - 23/06/25 07:03:20 INFO SecurityManager: Changing view acls groups to:
[2023-06-25T07:03:20.522+0000] {spark_submit.py:492} INFO - 23/06/25 07:03:20 INFO SecurityManager: Changing modify acls groups to:
[2023-06-25T07:03:20.523+0000] {spark_submit.py:492} INFO - 23/06/25 07:03:20 INFO SecurityManager: SecurityManager: authentication disabled; ui acls disabled; users  with view permissions: Set(default); groups with view permissions: Set(); users  with modify permissions: Set(default); groups with modify permissions: Set()
[2023-06-25T07:03:20.736+0000] {spark_submit.py:492} INFO - 23/06/25 07:03:20 INFO Utils: Successfully started service 'sparkDriver' on port 45995.
[2023-06-25T07:03:20.754+0000] {spark_submit.py:492} INFO - 23/06/25 07:03:20 INFO SparkEnv: Registering MapOutputTracker
[2023-06-25T07:03:20.775+0000] {spark_submit.py:492} INFO - 23/06/25 07:03:20 INFO SparkEnv: Registering BlockManagerMaster
[2023-06-25T07:03:20.787+0000] {spark_submit.py:492} INFO - 23/06/25 07:03:20 INFO BlockManagerMasterEndpoint: Using org.apache.spark.storage.DefaultTopologyMapper for getting topology information
[2023-06-25T07:03:20.788+0000] {spark_submit.py:492} INFO - 23/06/25 07:03:20 INFO BlockManagerMasterEndpoint: BlockManagerMasterEndpoint up
[2023-06-25T07:03:20.791+0000] {spark_submit.py:492} INFO - 23/06/25 07:03:20 INFO SparkEnv: Registering BlockManagerMasterHeartbeat
[2023-06-25T07:03:20.807+0000] {spark_submit.py:492} INFO - 23/06/25 07:03:20 INFO DiskBlockManager: Created local directory at /tmp/blockmgr-679acb4e-fd92-43a7-83cd-40778f775bc2
[2023-06-25T07:03:20.822+0000] {spark_submit.py:492} INFO - 23/06/25 07:03:20 INFO MemoryStore: MemoryStore started with capacity 434.4 MiB
[2023-06-25T07:03:20.834+0000] {spark_submit.py:492} INFO - 23/06/25 07:03:20 INFO SparkEnv: Registering OutputCommitCoordinator
[2023-06-25T07:03:20.977+0000] {spark_submit.py:492} INFO - 23/06/25 07:03:20 INFO Utils: Successfully started service 'SparkUI' on port 4040.
[2023-06-25T07:03:21.020+0000] {spark_submit.py:492} INFO - 23/06/25 07:03:21 INFO SparkUI: Bound SparkUI to 0.0.0.0, and started at http://e7eaea3b1ae3:4040
[2023-06-25T07:03:21.029+0000] {spark_submit.py:492} INFO - 23/06/25 07:03:21 INFO SparkContext: Added JAR local:///opt/bitnami/spark/jars at file:/opt/bitnami/spark/jars with timestamp 1687676600269
[2023-06-25T07:03:21.178+0000] {spark_submit.py:492} INFO - 23/06/25 07:03:21 INFO StandaloneAppClient$ClientEndpoint: Connecting to master spark://spark:7077...
[2023-06-25T07:03:21.243+0000] {spark_submit.py:492} INFO - 23/06/25 07:03:21 INFO TransportClientFactory: Successfully created connection to spark/172.18.0.5:7077 after 33 ms (0 ms spent in bootstraps)
[2023-06-25T07:03:21.342+0000] {spark_submit.py:492} INFO - 23/06/25 07:03:21 INFO StandaloneSchedulerBackend: Connected to Spark cluster with app ID app-20230625070321-0000
[2023-06-25T07:03:21.349+0000] {spark_submit.py:492} INFO - 23/06/25 07:03:21 INFO Utils: Successfully started service 'org.apache.spark.network.netty.NettyBlockTransferService' on port 40835.
[2023-06-25T07:03:21.349+0000] {spark_submit.py:492} INFO - 23/06/25 07:03:21 INFO NettyBlockTransferService: Server created on e7eaea3b1ae3:40835
[2023-06-25T07:03:21.350+0000] {spark_submit.py:492} INFO - 23/06/25 07:03:21 INFO BlockManager: Using org.apache.spark.storage.RandomBlockReplicationPolicy for block replication policy
[2023-06-25T07:03:21.357+0000] {spark_submit.py:492} INFO - 23/06/25 07:03:21 INFO BlockManagerMaster: Registering BlockManager BlockManagerId(driver, e7eaea3b1ae3, 40835, None)
[2023-06-25T07:03:21.361+0000] {spark_submit.py:492} INFO - 23/06/25 07:03:21 INFO BlockManagerMasterEndpoint: Registering block manager e7eaea3b1ae3:40835 with 434.4 MiB RAM, BlockManagerId(driver, e7eaea3b1ae3, 40835, None)
[2023-06-25T07:03:21.364+0000] {spark_submit.py:492} INFO - 23/06/25 07:03:21 INFO BlockManagerMaster: Registered BlockManager BlockManagerId(driver, e7eaea3b1ae3, 40835, None)
[2023-06-25T07:03:21.365+0000] {spark_submit.py:492} INFO - 23/06/25 07:03:21 INFO BlockManager: Initialized BlockManager: BlockManagerId(driver, e7eaea3b1ae3, 40835, None)
[2023-06-25T07:03:21.386+0000] {spark_submit.py:492} INFO - 23/06/25 07:03:21 INFO StandaloneAppClient$ClientEndpoint: Executor added: app-20230625070321-0000/0 on worker-20230625070232-172.18.0.3-42975 (172.18.0.3:42975) with 1 core(s)
[2023-06-25T07:03:21.386+0000] {spark_submit.py:492} INFO - 23/06/25 07:03:21 INFO StandaloneSchedulerBackend: Granted executor ID app-20230625070321-0000/0 on hostPort 172.18.0.3:42975 with 1 core(s), 1024.0 MiB RAM
[2023-06-25T07:03:21.533+0000] {spark_submit.py:492} INFO - 23/06/25 07:03:21 INFO StandaloneAppClient$ClientEndpoint: Executor updated: app-20230625070321-0000/0 is now RUNNING
[2023-06-25T07:03:21.585+0000] {spark_submit.py:492} INFO - 23/06/25 07:03:21 INFO StandaloneSchedulerBackend: SchedulerBackend is ready for scheduling beginning after reached minRegisteredResourcesRatio: 0.0
[2023-06-25T07:03:21.846+0000] {spark_submit.py:492} INFO - 23/06/25 07:03:21 INFO SharedState: Setting hive.metastore.warehouse.dir ('null') to the value of spark.sql.warehouse.dir.
[2023-06-25T07:03:21.863+0000] {spark_submit.py:492} INFO - 23/06/25 07:03:21 INFO SharedState: Warehouse path is 'file:/opt/***/spark-warehouse'.
[2023-06-25T07:03:23.463+0000] {spark_submit.py:492} INFO - 23/06/25 07:03:23 INFO CoarseGrainedSchedulerBackend$DriverEndpoint: Registered executor NettyRpcEndpointRef(spark-client://Executor) (172.18.0.3:34670) with ID 0,  ResourceProfileId 0
[2023-06-25T07:03:23.556+0000] {spark_submit.py:492} INFO - 23/06/25 07:03:23 INFO BlockManagerMasterEndpoint: Registering block manager 172.18.0.3:44227 with 366.3 MiB RAM, BlockManagerId(0, 172.18.0.3, 44227, None)
[2023-06-25T07:03:25.439+0000] {spark_submit.py:492} INFO - 23/06/25 07:03:25 INFO CodeGenerator: Code generated in 96.150851 ms
[2023-06-25T07:03:25.465+0000] {spark_submit.py:492} INFO - 23/06/25 07:03:25 INFO SparkContext: Starting job: showString at NativeMethodAccessorImpl.java:0
[2023-06-25T07:03:25.477+0000] {spark_submit.py:492} INFO - 23/06/25 07:03:25 INFO DAGScheduler: Got job 0 (showString at NativeMethodAccessorImpl.java:0) with 1 output partitions
[2023-06-25T07:03:25.477+0000] {spark_submit.py:492} INFO - 23/06/25 07:03:25 INFO DAGScheduler: Final stage: ResultStage 0 (showString at NativeMethodAccessorImpl.java:0)
[2023-06-25T07:03:25.478+0000] {spark_submit.py:492} INFO - 23/06/25 07:03:25 INFO DAGScheduler: Parents of final stage: List()
[2023-06-25T07:03:25.479+0000] {spark_submit.py:492} INFO - 23/06/25 07:03:25 INFO DAGScheduler: Missing parents: List()
[2023-06-25T07:03:25.482+0000] {spark_submit.py:492} INFO - 23/06/25 07:03:25 INFO DAGScheduler: Submitting ResultStage 0 (MapPartitionsRDD[6] at showString at NativeMethodAccessorImpl.java:0), which has no missing parents
[2023-06-25T07:03:25.549+0000] {spark_submit.py:492} INFO - 23/06/25 07:03:25 INFO MemoryStore: Block broadcast_0 stored as values in memory (estimated size 11.7 KiB, free 434.4 MiB)
[2023-06-25T07:03:25.570+0000] {spark_submit.py:492} INFO - 23/06/25 07:03:25 INFO MemoryStore: Block broadcast_0_piece0 stored as bytes in memory (estimated size 6.2 KiB, free 434.4 MiB)
[2023-06-25T07:03:25.573+0000] {spark_submit.py:492} INFO - 23/06/25 07:03:25 INFO BlockManagerInfo: Added broadcast_0_piece0 in memory on e7eaea3b1ae3:40835 (size: 6.2 KiB, free: 434.4 MiB)
[2023-06-25T07:03:25.575+0000] {spark_submit.py:492} INFO - 23/06/25 07:03:25 INFO SparkContext: Created broadcast 0 from broadcast at DAGScheduler.scala:1427
[2023-06-25T07:03:25.583+0000] {spark_submit.py:492} INFO - 23/06/25 07:03:25 INFO DAGScheduler: Submitting 1 missing tasks from ResultStage 0 (MapPartitionsRDD[6] at showString at NativeMethodAccessorImpl.java:0) (first 15 tasks are for partitions Vector(0))
[2023-06-25T07:03:25.584+0000] {spark_submit.py:492} INFO - 23/06/25 07:03:25 INFO TaskSchedulerImpl: Adding task set 0.0 with 1 tasks resource profile 0
[2023-06-25T07:03:25.612+0000] {spark_submit.py:492} INFO - 23/06/25 07:03:25 INFO TaskSetManager: Starting task 0.0 in stage 0.0 (TID 0) (172.18.0.3, executor 0, partition 0, PROCESS_LOCAL, 4605 bytes) taskResourceAssignments Map()
[2023-06-25T07:03:25.820+0000] {spark_submit.py:492} INFO - 23/06/25 07:03:25 INFO BlockManagerInfo: Added broadcast_0_piece0 in memory on 172.18.0.3:44227 (size: 6.2 KiB, free: 366.3 MiB)
[2023-06-25T07:03:27.357+0000] {spark_submit.py:492} INFO - 23/06/25 07:03:27 INFO TaskSetManager: Finished task 0.0 in stage 0.0 (TID 0) in 1752 ms on 172.18.0.3 (executor 0) (1/1)
[2023-06-25T07:03:27.359+0000] {spark_submit.py:492} INFO - 23/06/25 07:03:27 INFO TaskSchedulerImpl: Removed TaskSet 0.0, whose tasks have all completed, from pool
[2023-06-25T07:03:27.363+0000] {spark_submit.py:492} INFO - 23/06/25 07:03:27 INFO PythonAccumulatorV2: Connected to AccumulatorServer at host: 127.0.0.1 port: 40173
[2023-06-25T07:03:27.367+0000] {spark_submit.py:492} INFO - 23/06/25 07:03:27 INFO DAGScheduler: ResultStage 0 (showString at NativeMethodAccessorImpl.java:0) finished in 1.875 s
[2023-06-25T07:03:27.371+0000] {spark_submit.py:492} INFO - 23/06/25 07:03:27 INFO DAGScheduler: Job 0 is finished. Cancelling potential speculative or zombie tasks for this job
[2023-06-25T07:03:27.371+0000] {spark_submit.py:492} INFO - 23/06/25 07:03:27 INFO TaskSchedulerImpl: Killing all running tasks in stage 0: Stage finished
[2023-06-25T07:03:27.373+0000] {spark_submit.py:492} INFO - 23/06/25 07:03:27 INFO DAGScheduler: Job 0 finished: showString at NativeMethodAccessorImpl.java:0, took 1.908148 s
[2023-06-25T07:03:27.387+0000] {spark_submit.py:492} INFO - 23/06/25 07:03:27 INFO SparkContext: Starting job: showString at NativeMethodAccessorImpl.java:0
[2023-06-25T07:03:27.389+0000] {spark_submit.py:492} INFO - 23/06/25 07:03:27 INFO DAGScheduler: Got job 1 (showString at NativeMethodAccessorImpl.java:0) with 1 output partitions
[2023-06-25T07:03:27.389+0000] {spark_submit.py:492} INFO - 23/06/25 07:03:27 INFO DAGScheduler: Final stage: ResultStage 1 (showString at NativeMethodAccessorImpl.java:0)
[2023-06-25T07:03:27.390+0000] {spark_submit.py:492} INFO - 23/06/25 07:03:27 INFO DAGScheduler: Parents of final stage: List()
[2023-06-25T07:03:27.390+0000] {spark_submit.py:492} INFO - 23/06/25 07:03:27 INFO DAGScheduler: Missing parents: List()
[2023-06-25T07:03:27.390+0000] {spark_submit.py:492} INFO - 23/06/25 07:03:27 INFO DAGScheduler: Submitting ResultStage 1 (MapPartitionsRDD[6] at showString at NativeMethodAccessorImpl.java:0), which has no missing parents
[2023-06-25T07:03:27.395+0000] {spark_submit.py:492} INFO - 23/06/25 07:03:27 INFO MemoryStore: Block broadcast_1 stored as values in memory (estimated size 11.7 KiB, free 434.4 MiB)
[2023-06-25T07:03:27.399+0000] {spark_submit.py:492} INFO - 23/06/25 07:03:27 INFO MemoryStore: Block broadcast_1_piece0 stored as bytes in memory (estimated size 6.2 KiB, free 434.4 MiB)
[2023-06-25T07:03:27.400+0000] {spark_submit.py:492} INFO - 23/06/25 07:03:27 INFO BlockManagerInfo: Added broadcast_1_piece0 in memory on e7eaea3b1ae3:40835 (size: 6.2 KiB, free: 434.4 MiB)
[2023-06-25T07:03:27.401+0000] {spark_submit.py:492} INFO - 23/06/25 07:03:27 INFO SparkContext: Created broadcast 1 from broadcast at DAGScheduler.scala:1427
[2023-06-25T07:03:27.402+0000] {spark_submit.py:492} INFO - 23/06/25 07:03:27 INFO DAGScheduler: Submitting 1 missing tasks from ResultStage 1 (MapPartitionsRDD[6] at showString at NativeMethodAccessorImpl.java:0) (first 15 tasks are for partitions Vector(1))
[2023-06-25T07:03:27.402+0000] {spark_submit.py:492} INFO - 23/06/25 07:03:27 INFO TaskSchedulerImpl: Adding task set 1.0 with 1 tasks resource profile 0
[2023-06-25T07:03:27.404+0000] {spark_submit.py:492} INFO - 23/06/25 07:03:27 INFO TaskSetManager: Starting task 0.0 in stage 1.0 (TID 1) (172.18.0.3, executor 0, partition 1, PROCESS_LOCAL, 4529 bytes) taskResourceAssignments Map()
[2023-06-25T07:03:27.425+0000] {spark_submit.py:492} INFO - 23/06/25 07:03:27 INFO BlockManagerInfo: Added broadcast_1_piece0 in memory on 172.18.0.3:44227 (size: 6.2 KiB, free: 366.3 MiB)
[2023-06-25T07:03:27.489+0000] {spark_submit.py:492} INFO - 23/06/25 07:03:27 INFO TaskSetManager: Finished task 0.0 in stage 1.0 (TID 1) in 85 ms on 172.18.0.3 (executor 0) (1/1)
[2023-06-25T07:03:27.489+0000] {spark_submit.py:492} INFO - 23/06/25 07:03:27 INFO TaskSchedulerImpl: Removed TaskSet 1.0, whose tasks have all completed, from pool
[2023-06-25T07:03:27.491+0000] {spark_submit.py:492} INFO - 23/06/25 07:03:27 INFO DAGScheduler: ResultStage 1 (showString at NativeMethodAccessorImpl.java:0) finished in 0.099 s
[2023-06-25T07:03:27.491+0000] {spark_submit.py:492} INFO - 23/06/25 07:03:27 INFO DAGScheduler: Job 1 is finished. Cancelling potential speculative or zombie tasks for this job
[2023-06-25T07:03:27.491+0000] {spark_submit.py:492} INFO - 23/06/25 07:03:27 INFO TaskSchedulerImpl: Killing all running tasks in stage 1: Stage finished
[2023-06-25T07:03:27.492+0000] {spark_submit.py:492} INFO - 23/06/25 07:03:27 INFO DAGScheduler: Job 1 finished: showString at NativeMethodAccessorImpl.java:0, took 0.103930 s
[2023-06-25T07:03:27.526+0000] {spark_submit.py:492} INFO - 23/06/25 07:03:27 INFO CodeGenerator: Code generated in 17.275553 ms
[2023-06-25T07:03:27.538+0000] {spark_submit.py:492} INFO - +-----+-----------------------------------------------------------------------------+
[2023-06-25T07:03:27.538+0000] {spark_submit.py:492} INFO - |Seqno|Quote                                                                        |
[2023-06-25T07:03:27.538+0000] {spark_submit.py:492} INFO - +-----+-----------------------------------------------------------------------------+
[2023-06-25T07:03:27.538+0000] {spark_submit.py:492} INFO - |1    |Be the change that you wish to see in the world                              |
[2023-06-25T07:03:27.538+0000] {spark_submit.py:492} INFO - |2    |Everyone thinks of changing the world, but no one thinks of changing himself.|
[2023-06-25T07:03:27.538+0000] {spark_submit.py:492} INFO - |3    |The purpose of our lives is to be happy.                                     |
[2023-06-25T07:03:27.538+0000] {spark_submit.py:492} INFO - |4    |Be cool.                                                                     |
[2023-06-25T07:03:27.539+0000] {spark_submit.py:492} INFO - +-----+-----------------------------------------------------------------------------+
[2023-06-25T07:03:27.539+0000] {spark_submit.py:492} INFO - 
[2023-06-25T07:03:27.653+0000] {spark_submit.py:492} INFO - 23/06/25 07:03:27 INFO BlockManagerInfo: Removed broadcast_1_piece0 on 172.18.0.3:44227 in memory (size: 6.2 KiB, free: 366.3 MiB)
[2023-06-25T07:03:27.657+0000] {spark_submit.py:492} INFO - 23/06/25 07:03:27 INFO BlockManagerInfo: Removed broadcast_1_piece0 on e7eaea3b1ae3:40835 in memory (size: 6.2 KiB, free: 434.4 MiB)
[2023-06-25T07:03:27.667+0000] {spark_submit.py:492} INFO - 23/06/25 07:03:27 INFO BlockManagerInfo: Removed broadcast_0_piece0 on e7eaea3b1ae3:40835 in memory (size: 6.2 KiB, free: 434.4 MiB)
[2023-06-25T07:03:27.669+0000] {spark_submit.py:492} INFO - 23/06/25 07:03:27 INFO BlockManagerInfo: Removed broadcast_0_piece0 on 172.18.0.3:44227 in memory (size: 6.2 KiB, free: 366.3 MiB)
[2023-06-25T07:03:27.673+0000] {spark_submit.py:492} INFO - Traceback (most recent call last):
[2023-06-25T07:03:27.673+0000] {spark_submit.py:492} INFO - File "/opt/***/dags/spark_etl_spark_minio.py", line 41, in <module>
[2023-06-25T07:03:27.673+0000] {spark_submit.py:492} INFO - df.write.format("csv").mode("append").save("s3a://datalake/test")
[2023-06-25T07:03:27.673+0000] {spark_submit.py:492} INFO - File "/opt/spark/python/lib/pyspark.zip/pyspark/sql/readwriter.py", line 740, in save
[2023-06-25T07:03:27.674+0000] {spark_submit.py:492} INFO - File "/opt/spark/python/lib/py4j-0.10.9.2-src.zip/py4j/java_gateway.py", line 1309, in __call__
[2023-06-25T07:03:27.674+0000] {spark_submit.py:492} INFO - File "/opt/spark/python/lib/pyspark.zip/pyspark/sql/utils.py", line 111, in deco
[2023-06-25T07:03:27.674+0000] {spark_submit.py:492} INFO - File "/opt/spark/python/lib/py4j-0.10.9.2-src.zip/py4j/protocol.py", line 326, in get_return_value
[2023-06-25T07:03:27.676+0000] {spark_submit.py:492} INFO - py4j.protocol.Py4JJavaError: An error occurred while calling o72.save.
[2023-06-25T07:03:27.676+0000] {spark_submit.py:492} INFO - : java.lang.RuntimeException: java.lang.ClassNotFoundException: Class org.apache.hadoop.fs.s3a.S3AFileSystem not found
[2023-06-25T07:03:27.676+0000] {spark_submit.py:492} INFO - at org.apache.hadoop.conf.Configuration.getClass(Configuration.java:2667)
[2023-06-25T07:03:27.676+0000] {spark_submit.py:492} INFO - at org.apache.hadoop.fs.FileSystem.getFileSystemClass(FileSystem.java:3431)
[2023-06-25T07:03:27.676+0000] {spark_submit.py:492} INFO - at org.apache.hadoop.fs.FileSystem.createFileSystem(FileSystem.java:3466)
[2023-06-25T07:03:27.676+0000] {spark_submit.py:492} INFO - at org.apache.hadoop.fs.FileSystem.access$300(FileSystem.java:174)
[2023-06-25T07:03:27.677+0000] {spark_submit.py:492} INFO - at org.apache.hadoop.fs.FileSystem$Cache.getInternal(FileSystem.java:3574)
[2023-06-25T07:03:27.677+0000] {spark_submit.py:492} INFO - at org.apache.hadoop.fs.FileSystem$Cache.get(FileSystem.java:3521)
[2023-06-25T07:03:27.677+0000] {spark_submit.py:492} INFO - at org.apache.hadoop.fs.FileSystem.get(FileSystem.java:540)
[2023-06-25T07:03:27.677+0000] {spark_submit.py:492} INFO - at org.apache.hadoop.fs.Path.getFileSystem(Path.java:365)
[2023-06-25T07:03:27.677+0000] {spark_submit.py:492} INFO - at org.apache.spark.sql.execution.datasources.DataSource.planForWritingFileFormat(DataSource.scala:461)
[2023-06-25T07:03:27.677+0000] {spark_submit.py:492} INFO - at org.apache.spark.sql.execution.datasources.DataSource.planForWriting(DataSource.scala:556)
[2023-06-25T07:03:27.677+0000] {spark_submit.py:492} INFO - at org.apache.spark.sql.DataFrameWriter.saveToV1Source(DataFrameWriter.scala:382)
[2023-06-25T07:03:27.677+0000] {spark_submit.py:492} INFO - at org.apache.spark.sql.DataFrameWriter.saveInternal(DataFrameWriter.scala:355)
[2023-06-25T07:03:27.678+0000] {spark_submit.py:492} INFO - at org.apache.spark.sql.DataFrameWriter.save(DataFrameWriter.scala:239)
[2023-06-25T07:03:27.678+0000] {spark_submit.py:492} INFO - at java.base/jdk.internal.reflect.NativeMethodAccessorImpl.invoke0(Native Method)
[2023-06-25T07:03:27.678+0000] {spark_submit.py:492} INFO - at java.base/jdk.internal.reflect.NativeMethodAccessorImpl.invoke(NativeMethodAccessorImpl.java:62)
[2023-06-25T07:03:27.678+0000] {spark_submit.py:492} INFO - at java.base/jdk.internal.reflect.DelegatingMethodAccessorImpl.invoke(DelegatingMethodAccessorImpl.java:43)
[2023-06-25T07:03:27.678+0000] {spark_submit.py:492} INFO - at java.base/java.lang.reflect.Method.invoke(Method.java:566)
[2023-06-25T07:03:27.678+0000] {spark_submit.py:492} INFO - at py4j.reflection.MethodInvoker.invoke(MethodInvoker.java:244)
[2023-06-25T07:03:27.678+0000] {spark_submit.py:492} INFO - at py4j.reflection.ReflectionEngine.invoke(ReflectionEngine.java:357)
[2023-06-25T07:03:27.678+0000] {spark_submit.py:492} INFO - at py4j.Gateway.invoke(Gateway.java:282)
[2023-06-25T07:03:27.679+0000] {spark_submit.py:492} INFO - at py4j.commands.AbstractCommand.invokeMethod(AbstractCommand.java:132)
[2023-06-25T07:03:27.679+0000] {spark_submit.py:492} INFO - at py4j.commands.CallCommand.execute(CallCommand.java:79)
[2023-06-25T07:03:27.679+0000] {spark_submit.py:492} INFO - at py4j.ClientServerConnection.waitForCommands(ClientServerConnection.java:182)
[2023-06-25T07:03:27.679+0000] {spark_submit.py:492} INFO - at py4j.ClientServerConnection.run(ClientServerConnection.java:106)
[2023-06-25T07:03:27.679+0000] {spark_submit.py:492} INFO - at java.base/java.lang.Thread.run(Thread.java:829)
[2023-06-25T07:03:27.679+0000] {spark_submit.py:492} INFO - Caused by: java.lang.ClassNotFoundException: Class org.apache.hadoop.fs.s3a.S3AFileSystem not found
[2023-06-25T07:03:27.679+0000] {spark_submit.py:492} INFO - at org.apache.hadoop.conf.Configuration.getClassByName(Configuration.java:2571)
[2023-06-25T07:03:27.679+0000] {spark_submit.py:492} INFO - at org.apache.hadoop.conf.Configuration.getClass(Configuration.java:2665)
[2023-06-25T07:03:27.680+0000] {spark_submit.py:492} INFO - ... 24 more
[2023-06-25T07:03:27.680+0000] {spark_submit.py:492} INFO - 
[2023-06-25T07:03:27.762+0000] {spark_submit.py:492} INFO - 23/06/25 07:03:27 INFO SparkContext: Invoking stop() from shutdown hook
[2023-06-25T07:03:27.770+0000] {spark_submit.py:492} INFO - 23/06/25 07:03:27 INFO SparkUI: Stopped Spark web UI at http://e7eaea3b1ae3:4040
[2023-06-25T07:03:27.772+0000] {spark_submit.py:492} INFO - 23/06/25 07:03:27 INFO StandaloneSchedulerBackend: Shutting down all executors
[2023-06-25T07:03:27.773+0000] {spark_submit.py:492} INFO - 23/06/25 07:03:27 INFO CoarseGrainedSchedulerBackend$DriverEndpoint: Asking each executor to shut down
[2023-06-25T07:03:27.810+0000] {spark_submit.py:492} INFO - 23/06/25 07:03:27 INFO MapOutputTrackerMasterEndpoint: MapOutputTrackerMasterEndpoint stopped!
[2023-06-25T07:03:27.835+0000] {spark_submit.py:492} INFO - 23/06/25 07:03:27 INFO MemoryStore: MemoryStore cleared
[2023-06-25T07:03:27.836+0000] {spark_submit.py:492} INFO - 23/06/25 07:03:27 INFO BlockManager: BlockManager stopped
[2023-06-25T07:03:27.840+0000] {spark_submit.py:492} INFO - 23/06/25 07:03:27 INFO BlockManagerMaster: BlockManagerMaster stopped
[2023-06-25T07:03:27.843+0000] {spark_submit.py:492} INFO - 23/06/25 07:03:27 INFO OutputCommitCoordinator$OutputCommitCoordinatorEndpoint: OutputCommitCoordinator stopped!
[2023-06-25T07:03:27.857+0000] {spark_submit.py:492} INFO - 23/06/25 07:03:27 INFO SparkContext: Successfully stopped SparkContext
[2023-06-25T07:03:27.857+0000] {spark_submit.py:492} INFO - 23/06/25 07:03:27 INFO ShutdownHookManager: Shutdown hook called
[2023-06-25T07:03:27.858+0000] {spark_submit.py:492} INFO - 23/06/25 07:03:27 INFO ShutdownHookManager: Deleting directory /tmp/spark-22d851ca-6fa2-424b-a021-1d1d3e6b84e7
[2023-06-25T07:03:27.861+0000] {spark_submit.py:492} INFO - 23/06/25 07:03:27 INFO ShutdownHookManager: Deleting directory /tmp/spark-22d851ca-6fa2-424b-a021-1d1d3e6b84e7/pyspark-1cbce7af-88da-4484-bd5d-4ffdc0d7ba16
[2023-06-25T07:03:27.864+0000] {spark_submit.py:492} INFO - 23/06/25 07:03:27 INFO ShutdownHookManager: Deleting directory /tmp/spark-52ee4f2b-565f-40e1-8c21-dbf3a06a337b
[2023-06-25T07:03:27.970+0000] {taskinstance.py:1775} ERROR - Task failed with exception
Traceback (most recent call last):
  File "/home/airflow/.local/lib/python3.8/site-packages/airflow/providers/apache/spark/operators/spark_submit.py", line 157, in execute
    self._hook.submit(self._application)
  File "/home/airflow/.local/lib/python3.8/site-packages/airflow/providers/apache/spark/hooks/spark_submit.py", line 423, in submit
    raise AirflowException(
airflow.exceptions.AirflowException: Cannot execute: spark-submit --master spark://spark:7077 --conf spark.hadoop.fs.s3a.access.key=minioadmin --conf spark.hadoop.fs.s3a.secret.key=****** --conf spark.hadoop.fs.s3a.endpoint=http://minio:9000 --conf spark.hadoop.fs.s3a.aws.credentials.provider=org.apache.hadoop.fs.s3a.SimpleAWSCredentialsProvider --conf spark.hadoop.fs.s3a.path.style.access=true --jars local:///opt/bitnami/spark/jars --name arrow-spark /opt/***/dags/spark_etl_spark_minio.py. Error code is: 1.
[2023-06-25T07:03:27.974+0000] {taskinstance.py:1321} INFO - Marking task as UP_FOR_RETRY. dag_id=spark_etl_minio_v21, task_id=spark_submit_task, execution_date=20230625T065256, start_date=20230625T070318, end_date=20230625T070327
[2023-06-25T07:03:27.990+0000] {standard_task_runner.py:100} ERROR - Failed to execute job 315 for task spark_submit_task (Cannot execute: spark-submit --master spark://spark:7077 --conf spark.hadoop.fs.s3a.access.key=minioadmin --conf spark.hadoop.fs.s3a.secret.key=****** --conf spark.hadoop.fs.s3a.endpoint=http://minio:9000 --conf spark.hadoop.fs.s3a.aws.credentials.provider=org.apache.hadoop.fs.s3a.SimpleAWSCredentialsProvider --conf spark.hadoop.fs.s3a.path.style.access=true --jars local:///opt/bitnami/spark/jars --name arrow-spark /opt/***/dags/spark_etl_spark_minio.py. Error code is: 1.; 69)
[2023-06-25T07:03:28.003+0000] {local_task_job.py:212} INFO - Task exited with return code 1
[2023-06-25T07:03:28.016+0000] {taskinstance.py:2585} INFO - 0 downstream tasks scheduled from follow-on schedule check
