[2023-06-25T06:57:19.937+0000] {taskinstance.py:1084} INFO - Dependencies all met for dep_context=non-requeueable deps ti=<TaskInstance: spark_etl_minio_v21.spark_submit_task manual__2023-06-25T06:52:56.132297+00:00 [queued]>
[2023-06-25T06:57:19.943+0000] {taskinstance.py:1084} INFO - Dependencies all met for dep_context=requeueable deps ti=<TaskInstance: spark_etl_minio_v21.spark_submit_task manual__2023-06-25T06:52:56.132297+00:00 [queued]>
[2023-06-25T06:57:19.944+0000] {taskinstance.py:1282} INFO - 
--------------------------------------------------------------------------------
[2023-06-25T06:57:19.944+0000] {taskinstance.py:1283} INFO - Starting attempt 3 of 6
[2023-06-25T06:57:19.944+0000] {taskinstance.py:1284} INFO - 
--------------------------------------------------------------------------------
[2023-06-25T06:57:19.952+0000] {taskinstance.py:1303} INFO - Executing <Task(SparkSubmitOperator): spark_submit_task> on 2023-06-25 06:52:56.132297+00:00
[2023-06-25T06:57:19.955+0000] {standard_task_runner.py:55} INFO - Started process 7360 to run task
[2023-06-25T06:57:19.958+0000] {standard_task_runner.py:82} INFO - Running: ['***', 'tasks', 'run', 'spark_etl_minio_v21', 'spark_submit_task', 'manual__2023-06-25T06:52:56.132297+00:00', '--job-id', '310', '--raw', '--subdir', 'DAGS_FOLDER/spark_job_minio_v1.py', '--cfg-path', '/tmp/tmpeqitian7']
[2023-06-25T06:57:19.958+0000] {standard_task_runner.py:83} INFO - Job 310: Subtask spark_submit_task
[2023-06-25T06:57:19.967+0000] {warnings.py:109} WARNING - /home/***/.local/lib/python3.8/site-packages/***/settings.py:250: DeprecationWarning: The sql_alchemy_conn option in [core] has been moved to the sql_alchemy_conn option in [database] - the old setting has been used, but please update your config.
  SQL_ALCHEMY_CONN = conf.get("database", "SQL_ALCHEMY_CONN")

[2023-06-25T06:57:19.999+0000] {task_command.py:388} INFO - Running <TaskInstance: spark_etl_minio_v21.spark_submit_task manual__2023-06-25T06:52:56.132297+00:00 [running]> on host a8d69ab09d2d
[2023-06-25T06:57:20.045+0000] {taskinstance.py:1509} INFO - Exporting the following env vars:
AIRFLOW_CTX_DAG_OWNER=***
AIRFLOW_CTX_DAG_ID=spark_etl_minio_v21
AIRFLOW_CTX_TASK_ID=spark_submit_task
AIRFLOW_CTX_EXECUTION_DATE=2023-06-25T06:52:56.132297+00:00
AIRFLOW_CTX_TRY_NUMBER=3
AIRFLOW_CTX_DAG_RUN_ID=manual__2023-06-25T06:52:56.132297+00:00
[2023-06-25T06:57:20.051+0000] {base.py:73} INFO - Using connection ID 'spark_conn' for task execution.
[2023-06-25T06:57:20.053+0000] {spark_submit.py:341} INFO - Spark-Submit cmd: spark-submit --master spark://spark:7077 --conf spark.hadoop.fs.s3a.access.key=minioadmin --conf spark.hadoop.fs.s3a.secret.key=****** --conf spark.hadoop.fs.s3a.endpoint=http://minio:9000 --conf spark.hadoop.fs.s3a.aws.credentials.provider=org.apache.hadoop.fs.s3a.SimpleAWSCredentialsProvider --conf spark.hadoop.fs.s3a.path.style.access=true --jars local:///opt/bitnami/spark/jars --name arrow-spark /opt/***/dags/spark_etl_spark_minio.py
[2023-06-25T06:57:20.947+0000] {spark_submit.py:492} INFO - WARNING: An illegal reflective access operation has occurred
[2023-06-25T06:57:20.947+0000] {spark_submit.py:492} INFO - WARNING: Illegal reflective access by org.apache.spark.unsafe.Platform (file:/opt/spark/jars/spark-unsafe_2.12-3.2.0.jar) to constructor java.nio.DirectByteBuffer(long,int)
[2023-06-25T06:57:20.948+0000] {spark_submit.py:492} INFO - WARNING: Please consider reporting this to the maintainers of org.apache.spark.unsafe.Platform
[2023-06-25T06:57:20.948+0000] {spark_submit.py:492} INFO - WARNING: Use --illegal-access=warn to enable warnings of further illegal reflective access operations
[2023-06-25T06:57:20.948+0000] {spark_submit.py:492} INFO - WARNING: All illegal access operations will be denied in a future release
[2023-06-25T06:57:21.166+0000] {spark_submit.py:492} INFO - Using Spark's default log4j profile: org/apache/spark/log4j-defaults.properties
[2023-06-25T06:57:21.167+0000] {spark_submit.py:492} INFO - 23/06/25 06:57:21 WARN DependencyUtils: Local jar /opt/bitnami/spark/jars does not exist, skipping.
[2023-06-25T06:57:21.888+0000] {spark_submit.py:492} INFO - 23/06/25 06:57:21 INFO SparkContext: Running Spark version 3.2.0
[2023-06-25T06:57:21.949+0000] {spark_submit.py:492} INFO - 23/06/25 06:57:21 WARN NativeCodeLoader: Unable to load native-hadoop library for your platform... using builtin-java classes where applicable
[2023-06-25T06:57:22.046+0000] {spark_submit.py:492} INFO - 23/06/25 06:57:22 INFO ResourceUtils: ==============================================================
[2023-06-25T06:57:22.046+0000] {spark_submit.py:492} INFO - 23/06/25 06:57:22 INFO ResourceUtils: No custom resources configured for spark.driver.
[2023-06-25T06:57:22.047+0000] {spark_submit.py:492} INFO - 23/06/25 06:57:22 INFO ResourceUtils: ==============================================================
[2023-06-25T06:57:22.047+0000] {spark_submit.py:492} INFO - 23/06/25 06:57:22 INFO SparkContext: Submitted application: arrow-spark
[2023-06-25T06:57:22.066+0000] {spark_submit.py:492} INFO - 23/06/25 06:57:22 INFO ResourceProfile: Default ResourceProfile created, executor resources: Map(cores -> name: cores, amount: 1, script: , vendor: , memory -> name: memory, amount: 1024, script: , vendor: , offHeap -> name: offHeap, amount: 0, script: , vendor: ), task resources: Map(cpus -> name: cpus, amount: 1.0)
[2023-06-25T06:57:22.078+0000] {spark_submit.py:492} INFO - 23/06/25 06:57:22 INFO ResourceProfile: Limiting resource is cpu
[2023-06-25T06:57:22.078+0000] {spark_submit.py:492} INFO - 23/06/25 06:57:22 INFO ResourceProfileManager: Added ResourceProfile id: 0
[2023-06-25T06:57:22.127+0000] {spark_submit.py:492} INFO - 23/06/25 06:57:22 INFO SecurityManager: Changing view acls to: default
[2023-06-25T06:57:22.127+0000] {spark_submit.py:492} INFO - 23/06/25 06:57:22 INFO SecurityManager: Changing modify acls to: default
[2023-06-25T06:57:22.127+0000] {spark_submit.py:492} INFO - 23/06/25 06:57:22 INFO SecurityManager: Changing view acls groups to:
[2023-06-25T06:57:22.128+0000] {spark_submit.py:492} INFO - 23/06/25 06:57:22 INFO SecurityManager: Changing modify acls groups to:
[2023-06-25T06:57:22.128+0000] {spark_submit.py:492} INFO - 23/06/25 06:57:22 INFO SecurityManager: SecurityManager: authentication disabled; ui acls disabled; users  with view permissions: Set(default); groups with view permissions: Set(); users  with modify permissions: Set(default); groups with modify permissions: Set()
[2023-06-25T06:57:22.363+0000] {spark_submit.py:492} INFO - 23/06/25 06:57:22 INFO Utils: Successfully started service 'sparkDriver' on port 34101.
[2023-06-25T06:57:22.383+0000] {spark_submit.py:492} INFO - 23/06/25 06:57:22 INFO SparkEnv: Registering MapOutputTracker
[2023-06-25T06:57:22.404+0000] {spark_submit.py:492} INFO - 23/06/25 06:57:22 INFO SparkEnv: Registering BlockManagerMaster
[2023-06-25T06:57:22.416+0000] {spark_submit.py:492} INFO - 23/06/25 06:57:22 INFO BlockManagerMasterEndpoint: Using org.apache.spark.storage.DefaultTopologyMapper for getting topology information
[2023-06-25T06:57:22.417+0000] {spark_submit.py:492} INFO - 23/06/25 06:57:22 INFO BlockManagerMasterEndpoint: BlockManagerMasterEndpoint up
[2023-06-25T06:57:22.420+0000] {spark_submit.py:492} INFO - 23/06/25 06:57:22 INFO SparkEnv: Registering BlockManagerMasterHeartbeat
[2023-06-25T06:57:22.437+0000] {spark_submit.py:492} INFO - 23/06/25 06:57:22 INFO DiskBlockManager: Created local directory at /tmp/blockmgr-febc20eb-6ea0-4fa5-a00b-72c9be4c52ce
[2023-06-25T06:57:22.452+0000] {spark_submit.py:492} INFO - 23/06/25 06:57:22 INFO MemoryStore: MemoryStore started with capacity 434.4 MiB
[2023-06-25T06:57:22.462+0000] {spark_submit.py:492} INFO - 23/06/25 06:57:22 INFO SparkEnv: Registering OutputCommitCoordinator
[2023-06-25T06:57:22.625+0000] {spark_submit.py:492} INFO - 23/06/25 06:57:22 WARN Utils: Service 'SparkUI' could not bind on port 4040. Attempting port 4041.
[2023-06-25T06:57:22.625+0000] {spark_submit.py:492} INFO - 23/06/25 06:57:22 WARN Utils: Service 'SparkUI' could not bind on port 4041. Attempting port 4042.
[2023-06-25T06:57:22.625+0000] {spark_submit.py:492} INFO - 23/06/25 06:57:22 WARN Utils: Service 'SparkUI' could not bind on port 4042. Attempting port 4043.
[2023-06-25T06:57:22.626+0000] {spark_submit.py:492} INFO - 23/06/25 06:57:22 WARN Utils: Service 'SparkUI' could not bind on port 4043. Attempting port 4044.
[2023-06-25T06:57:22.632+0000] {spark_submit.py:492} INFO - 23/06/25 06:57:22 INFO Utils: Successfully started service 'SparkUI' on port 4044.
[2023-06-25T06:57:22.694+0000] {spark_submit.py:492} INFO - 23/06/25 06:57:22 INFO SparkUI: Bound SparkUI to 0.0.0.0, and started at http://a8d69ab09d2d:4044
[2023-06-25T06:57:22.705+0000] {spark_submit.py:492} INFO - 23/06/25 06:57:22 INFO SparkContext: Added JAR local:///opt/bitnami/spark/jars at file:/opt/bitnami/spark/jars with timestamp 1687676241881
[2023-06-25T06:57:22.879+0000] {spark_submit.py:492} INFO - 23/06/25 06:57:22 INFO StandaloneAppClient$ClientEndpoint: Connecting to master spark://spark:7077...
[2023-06-25T06:57:22.944+0000] {spark_submit.py:492} INFO - 23/06/25 06:57:22 INFO TransportClientFactory: Successfully created connection to spark/172.19.0.11:7077 after 49 ms (0 ms spent in bootstraps)
[2023-06-25T06:57:23.009+0000] {spark_submit.py:492} INFO - 23/06/25 06:57:23 INFO StandaloneSchedulerBackend: Connected to Spark cluster with app ID app-20230625065723-0016
[2023-06-25T06:57:23.011+0000] {spark_submit.py:492} INFO - 23/06/25 06:57:23 INFO StandaloneAppClient$ClientEndpoint: Executor added: app-20230625065723-0016/0 on worker-20230625064305-172.19.0.9-44213 (172.19.0.9:44213) with 1 core(s)
[2023-06-25T06:57:23.012+0000] {spark_submit.py:492} INFO - 23/06/25 06:57:23 INFO StandaloneSchedulerBackend: Granted executor ID app-20230625065723-0016/0 on hostPort 172.19.0.9:44213 with 1 core(s), 1024.0 MiB RAM
[2023-06-25T06:57:23.014+0000] {spark_submit.py:492} INFO - 23/06/25 06:57:23 INFO Utils: Successfully started service 'org.apache.spark.network.netty.NettyBlockTransferService' on port 40821.
[2023-06-25T06:57:23.014+0000] {spark_submit.py:492} INFO - 23/06/25 06:57:23 INFO NettyBlockTransferService: Server created on a8d69ab09d2d:40821
[2023-06-25T06:57:23.016+0000] {spark_submit.py:492} INFO - 23/06/25 06:57:23 INFO BlockManager: Using org.apache.spark.storage.RandomBlockReplicationPolicy for block replication policy
[2023-06-25T06:57:23.022+0000] {spark_submit.py:492} INFO - 23/06/25 06:57:23 INFO BlockManagerMaster: Registering BlockManager BlockManagerId(driver, a8d69ab09d2d, 40821, None)
[2023-06-25T06:57:23.027+0000] {spark_submit.py:492} INFO - 23/06/25 06:57:23 INFO BlockManagerMasterEndpoint: Registering block manager a8d69ab09d2d:40821 with 434.4 MiB RAM, BlockManagerId(driver, a8d69ab09d2d, 40821, None)
[2023-06-25T06:57:23.028+0000] {spark_submit.py:492} INFO - 23/06/25 06:57:23 INFO BlockManagerMaster: Registered BlockManager BlockManagerId(driver, a8d69ab09d2d, 40821, None)
[2023-06-25T06:57:23.029+0000] {spark_submit.py:492} INFO - 23/06/25 06:57:23 INFO BlockManager: Initialized BlockManager: BlockManagerId(driver, a8d69ab09d2d, 40821, None)
[2023-06-25T06:57:23.036+0000] {spark_submit.py:492} INFO - 23/06/25 06:57:23 INFO StandaloneAppClient$ClientEndpoint: Executor updated: app-20230625065723-0016/0 is now RUNNING
[2023-06-25T06:57:23.188+0000] {spark_submit.py:492} INFO - 23/06/25 06:57:23 INFO StandaloneSchedulerBackend: SchedulerBackend is ready for scheduling beginning after reached minRegisteredResourcesRatio: 0.0
[2023-06-25T06:57:23.404+0000] {spark_submit.py:492} INFO - 23/06/25 06:57:23 INFO SharedState: Setting hive.metastore.warehouse.dir ('null') to the value of spark.sql.warehouse.dir.
[2023-06-25T06:57:23.427+0000] {spark_submit.py:492} INFO - 23/06/25 06:57:23 INFO SharedState: Warehouse path is 'file:/opt/***/spark-warehouse'.
[2023-06-25T06:57:24.964+0000] {spark_submit.py:492} INFO - 23/06/25 06:57:24 INFO CoarseGrainedSchedulerBackend$DriverEndpoint: Registered executor NettyRpcEndpointRef(spark-client://Executor) (172.19.0.9:40394) with ID 0,  ResourceProfileId 0
[2023-06-25T06:57:25.080+0000] {spark_submit.py:492} INFO - 23/06/25 06:57:25 INFO BlockManagerMasterEndpoint: Registering block manager 172.19.0.9:38941 with 366.3 MiB RAM, BlockManagerId(0, 172.19.0.9, 38941, None)
[2023-06-25T06:57:26.920+0000] {spark_submit.py:492} INFO - 23/06/25 06:57:26 INFO CodeGenerator: Code generated in 134.585745 ms
[2023-06-25T06:57:26.953+0000] {spark_submit.py:492} INFO - 23/06/25 06:57:26 INFO SparkContext: Starting job: showString at NativeMethodAccessorImpl.java:0
[2023-06-25T06:57:26.966+0000] {spark_submit.py:492} INFO - 23/06/25 06:57:26 INFO DAGScheduler: Got job 0 (showString at NativeMethodAccessorImpl.java:0) with 1 output partitions
[2023-06-25T06:57:26.966+0000] {spark_submit.py:492} INFO - 23/06/25 06:57:26 INFO DAGScheduler: Final stage: ResultStage 0 (showString at NativeMethodAccessorImpl.java:0)
[2023-06-25T06:57:26.966+0000] {spark_submit.py:492} INFO - 23/06/25 06:57:26 INFO DAGScheduler: Parents of final stage: List()
[2023-06-25T06:57:26.968+0000] {spark_submit.py:492} INFO - 23/06/25 06:57:26 INFO DAGScheduler: Missing parents: List()
[2023-06-25T06:57:26.971+0000] {spark_submit.py:492} INFO - 23/06/25 06:57:26 INFO DAGScheduler: Submitting ResultStage 0 (MapPartitionsRDD[6] at showString at NativeMethodAccessorImpl.java:0), which has no missing parents
[2023-06-25T06:57:27.053+0000] {spark_submit.py:492} INFO - 23/06/25 06:57:27 INFO MemoryStore: Block broadcast_0 stored as values in memory (estimated size 11.7 KiB, free 434.4 MiB)
[2023-06-25T06:57:27.084+0000] {spark_submit.py:492} INFO - 23/06/25 06:57:27 INFO MemoryStore: Block broadcast_0_piece0 stored as bytes in memory (estimated size 6.2 KiB, free 434.4 MiB)
[2023-06-25T06:57:27.087+0000] {spark_submit.py:492} INFO - 23/06/25 06:57:27 INFO BlockManagerInfo: Added broadcast_0_piece0 in memory on a8d69ab09d2d:40821 (size: 6.2 KiB, free: 434.4 MiB)
[2023-06-25T06:57:27.091+0000] {spark_submit.py:492} INFO - 23/06/25 06:57:27 INFO SparkContext: Created broadcast 0 from broadcast at DAGScheduler.scala:1427
[2023-06-25T06:57:27.104+0000] {spark_submit.py:492} INFO - 23/06/25 06:57:27 INFO DAGScheduler: Submitting 1 missing tasks from ResultStage 0 (MapPartitionsRDD[6] at showString at NativeMethodAccessorImpl.java:0) (first 15 tasks are for partitions Vector(0))
[2023-06-25T06:57:27.104+0000] {spark_submit.py:492} INFO - 23/06/25 06:57:27 INFO TaskSchedulerImpl: Adding task set 0.0 with 1 tasks resource profile 0
[2023-06-25T06:57:27.137+0000] {spark_submit.py:492} INFO - 23/06/25 06:57:27 INFO TaskSetManager: Starting task 0.0 in stage 0.0 (TID 0) (172.19.0.9, executor 0, partition 0, PROCESS_LOCAL, 4605 bytes) taskResourceAssignments Map()
[2023-06-25T06:57:27.420+0000] {spark_submit.py:492} INFO - 23/06/25 06:57:27 INFO BlockManagerInfo: Added broadcast_0_piece0 in memory on 172.19.0.9:38941 (size: 6.2 KiB, free: 366.3 MiB)
[2023-06-25T06:57:29.183+0000] {spark_submit.py:492} INFO - 23/06/25 06:57:29 INFO TaskSetManager: Finished task 0.0 in stage 0.0 (TID 0) in 2054 ms on 172.19.0.9 (executor 0) (1/1)
[2023-06-25T06:57:29.185+0000] {spark_submit.py:492} INFO - 23/06/25 06:57:29 INFO TaskSchedulerImpl: Removed TaskSet 0.0, whose tasks have all completed, from pool
[2023-06-25T06:57:29.187+0000] {spark_submit.py:492} INFO - 23/06/25 06:57:29 INFO PythonAccumulatorV2: Connected to AccumulatorServer at host: 127.0.0.1 port: 58825
[2023-06-25T06:57:29.190+0000] {spark_submit.py:492} INFO - 23/06/25 06:57:29 INFO DAGScheduler: ResultStage 0 (showString at NativeMethodAccessorImpl.java:0) finished in 2.208 s
[2023-06-25T06:57:29.192+0000] {spark_submit.py:492} INFO - 23/06/25 06:57:29 INFO DAGScheduler: Job 0 is finished. Cancelling potential speculative or zombie tasks for this job
[2023-06-25T06:57:29.192+0000] {spark_submit.py:492} INFO - 23/06/25 06:57:29 INFO TaskSchedulerImpl: Killing all running tasks in stage 0: Stage finished
[2023-06-25T06:57:29.193+0000] {spark_submit.py:492} INFO - 23/06/25 06:57:29 INFO DAGScheduler: Job 0 finished: showString at NativeMethodAccessorImpl.java:0, took 2.239928 s
[2023-06-25T06:57:29.201+0000] {spark_submit.py:492} INFO - 23/06/25 06:57:29 INFO SparkContext: Starting job: showString at NativeMethodAccessorImpl.java:0
[2023-06-25T06:57:29.202+0000] {spark_submit.py:492} INFO - 23/06/25 06:57:29 INFO DAGScheduler: Got job 1 (showString at NativeMethodAccessorImpl.java:0) with 1 output partitions
[2023-06-25T06:57:29.202+0000] {spark_submit.py:492} INFO - 23/06/25 06:57:29 INFO DAGScheduler: Final stage: ResultStage 1 (showString at NativeMethodAccessorImpl.java:0)
[2023-06-25T06:57:29.202+0000] {spark_submit.py:492} INFO - 23/06/25 06:57:29 INFO DAGScheduler: Parents of final stage: List()
[2023-06-25T06:57:29.203+0000] {spark_submit.py:492} INFO - 23/06/25 06:57:29 INFO DAGScheduler: Missing parents: List()
[2023-06-25T06:57:29.203+0000] {spark_submit.py:492} INFO - 23/06/25 06:57:29 INFO DAGScheduler: Submitting ResultStage 1 (MapPartitionsRDD[6] at showString at NativeMethodAccessorImpl.java:0), which has no missing parents
[2023-06-25T06:57:29.208+0000] {spark_submit.py:492} INFO - 23/06/25 06:57:29 INFO MemoryStore: Block broadcast_1 stored as values in memory (estimated size 11.7 KiB, free 434.4 MiB)
[2023-06-25T06:57:29.211+0000] {spark_submit.py:492} INFO - 23/06/25 06:57:29 INFO MemoryStore: Block broadcast_1_piece0 stored as bytes in memory (estimated size 6.2 KiB, free 434.4 MiB)
[2023-06-25T06:57:29.212+0000] {spark_submit.py:492} INFO - 23/06/25 06:57:29 INFO BlockManagerInfo: Added broadcast_1_piece0 in memory on a8d69ab09d2d:40821 (size: 6.2 KiB, free: 434.4 MiB)
[2023-06-25T06:57:29.212+0000] {spark_submit.py:492} INFO - 23/06/25 06:57:29 INFO SparkContext: Created broadcast 1 from broadcast at DAGScheduler.scala:1427
[2023-06-25T06:57:29.213+0000] {spark_submit.py:492} INFO - 23/06/25 06:57:29 INFO DAGScheduler: Submitting 1 missing tasks from ResultStage 1 (MapPartitionsRDD[6] at showString at NativeMethodAccessorImpl.java:0) (first 15 tasks are for partitions Vector(1))
[2023-06-25T06:57:29.213+0000] {spark_submit.py:492} INFO - 23/06/25 06:57:29 INFO TaskSchedulerImpl: Adding task set 1.0 with 1 tasks resource profile 0
[2023-06-25T06:57:29.214+0000] {spark_submit.py:492} INFO - 23/06/25 06:57:29 INFO TaskSetManager: Starting task 0.0 in stage 1.0 (TID 1) (172.19.0.9, executor 0, partition 1, PROCESS_LOCAL, 4529 bytes) taskResourceAssignments Map()
[2023-06-25T06:57:29.227+0000] {spark_submit.py:492} INFO - 23/06/25 06:57:29 INFO BlockManagerInfo: Added broadcast_1_piece0 in memory on 172.19.0.9:38941 (size: 6.2 KiB, free: 366.3 MiB)
[2023-06-25T06:57:29.287+0000] {spark_submit.py:492} INFO - 23/06/25 06:57:29 INFO TaskSetManager: Finished task 0.0 in stage 1.0 (TID 1) in 73 ms on 172.19.0.9 (executor 0) (1/1)
[2023-06-25T06:57:29.287+0000] {spark_submit.py:492} INFO - 23/06/25 06:57:29 INFO TaskSchedulerImpl: Removed TaskSet 1.0, whose tasks have all completed, from pool
[2023-06-25T06:57:29.288+0000] {spark_submit.py:492} INFO - 23/06/25 06:57:29 INFO DAGScheduler: ResultStage 1 (showString at NativeMethodAccessorImpl.java:0) finished in 0.084 s
[2023-06-25T06:57:29.288+0000] {spark_submit.py:492} INFO - 23/06/25 06:57:29 INFO DAGScheduler: Job 1 is finished. Cancelling potential speculative or zombie tasks for this job
[2023-06-25T06:57:29.288+0000] {spark_submit.py:492} INFO - 23/06/25 06:57:29 INFO TaskSchedulerImpl: Killing all running tasks in stage 1: Stage finished
[2023-06-25T06:57:29.289+0000] {spark_submit.py:492} INFO - 23/06/25 06:57:29 INFO DAGScheduler: Job 1 finished: showString at NativeMethodAccessorImpl.java:0, took 0.087367 s
[2023-06-25T06:57:29.318+0000] {spark_submit.py:492} INFO - 23/06/25 06:57:29 INFO CodeGenerator: Code generated in 13.487297 ms
[2023-06-25T06:57:29.326+0000] {spark_submit.py:492} INFO - +-----+-----------------------------------------------------------------------------+
[2023-06-25T06:57:29.326+0000] {spark_submit.py:492} INFO - |Seqno|Quote                                                                        |
[2023-06-25T06:57:29.327+0000] {spark_submit.py:492} INFO - +-----+-----------------------------------------------------------------------------+
[2023-06-25T06:57:29.327+0000] {spark_submit.py:492} INFO - |1    |Be the change that you wish to see in the world                              |
[2023-06-25T06:57:29.327+0000] {spark_submit.py:492} INFO - |2    |Everyone thinks of changing the world, but no one thinks of changing himself.|
[2023-06-25T06:57:29.327+0000] {spark_submit.py:492} INFO - |3    |The purpose of our lives is to be happy.                                     |
[2023-06-25T06:57:29.327+0000] {spark_submit.py:492} INFO - |4    |Be cool.                                                                     |
[2023-06-25T06:57:29.327+0000] {spark_submit.py:492} INFO - +-----+-----------------------------------------------------------------------------+
[2023-06-25T06:57:29.327+0000] {spark_submit.py:492} INFO - 
[2023-06-25T06:57:29.380+0000] {spark_submit.py:492} INFO - 23/06/25 06:57:29 INFO BlockManagerInfo: Removed broadcast_0_piece0 on a8d69ab09d2d:40821 in memory (size: 6.2 KiB, free: 434.4 MiB)
[2023-06-25T06:57:29.384+0000] {spark_submit.py:492} INFO - 23/06/25 06:57:29 INFO BlockManagerInfo: Removed broadcast_0_piece0 on 172.19.0.9:38941 in memory (size: 6.2 KiB, free: 366.3 MiB)
[2023-06-25T06:57:29.392+0000] {spark_submit.py:492} INFO - 23/06/25 06:57:29 INFO BlockManagerInfo: Removed broadcast_1_piece0 on a8d69ab09d2d:40821 in memory (size: 6.2 KiB, free: 434.4 MiB)
[2023-06-25T06:57:29.395+0000] {spark_submit.py:492} INFO - 23/06/25 06:57:29 INFO BlockManagerInfo: Removed broadcast_1_piece0 on 172.19.0.9:38941 in memory (size: 6.2 KiB, free: 366.3 MiB)
[2023-06-25T06:57:29.405+0000] {spark_submit.py:492} INFO - Traceback (most recent call last):
[2023-06-25T06:57:29.405+0000] {spark_submit.py:492} INFO - File "/opt/***/dags/spark_etl_spark_minio.py", line 41, in <module>
[2023-06-25T06:57:29.405+0000] {spark_submit.py:492} INFO - df.write.mode("append").parquet("s3a://datalake/test.parquet")
[2023-06-25T06:57:29.405+0000] {spark_submit.py:492} INFO - File "/opt/spark/python/lib/pyspark.zip/pyspark/sql/readwriter.py", line 885, in parquet
[2023-06-25T06:57:29.405+0000] {spark_submit.py:492} INFO - File "/opt/spark/python/lib/py4j-0.10.9.2-src.zip/py4j/java_gateway.py", line 1309, in __call__
[2023-06-25T06:57:29.405+0000] {spark_submit.py:492} INFO - File "/opt/spark/python/lib/pyspark.zip/pyspark/sql/utils.py", line 111, in deco
[2023-06-25T06:57:29.405+0000] {spark_submit.py:492} INFO - File "/opt/spark/python/lib/py4j-0.10.9.2-src.zip/py4j/protocol.py", line 326, in get_return_value
[2023-06-25T06:57:29.405+0000] {spark_submit.py:492} INFO - py4j.protocol.Py4JJavaError: An error occurred while calling o71.parquet.
[2023-06-25T06:57:29.405+0000] {spark_submit.py:492} INFO - : java.lang.RuntimeException: java.lang.ClassNotFoundException: Class org.apache.hadoop.fs.s3a.S3AFileSystem not found
[2023-06-25T06:57:29.405+0000] {spark_submit.py:492} INFO - at org.apache.hadoop.conf.Configuration.getClass(Configuration.java:2667)
[2023-06-25T06:57:29.406+0000] {spark_submit.py:492} INFO - at org.apache.hadoop.fs.FileSystem.getFileSystemClass(FileSystem.java:3431)
[2023-06-25T06:57:29.406+0000] {spark_submit.py:492} INFO - at org.apache.hadoop.fs.FileSystem.createFileSystem(FileSystem.java:3466)
[2023-06-25T06:57:29.406+0000] {spark_submit.py:492} INFO - at org.apache.hadoop.fs.FileSystem.access$300(FileSystem.java:174)
[2023-06-25T06:57:29.406+0000] {spark_submit.py:492} INFO - at org.apache.hadoop.fs.FileSystem$Cache.getInternal(FileSystem.java:3574)
[2023-06-25T06:57:29.406+0000] {spark_submit.py:492} INFO - at org.apache.hadoop.fs.FileSystem$Cache.get(FileSystem.java:3521)
[2023-06-25T06:57:29.406+0000] {spark_submit.py:492} INFO - at org.apache.hadoop.fs.FileSystem.get(FileSystem.java:540)
[2023-06-25T06:57:29.406+0000] {spark_submit.py:492} INFO - at org.apache.hadoop.fs.Path.getFileSystem(Path.java:365)
[2023-06-25T06:57:29.406+0000] {spark_submit.py:492} INFO - at org.apache.spark.sql.execution.datasources.DataSource.planForWritingFileFormat(DataSource.scala:461)
[2023-06-25T06:57:29.406+0000] {spark_submit.py:492} INFO - at org.apache.spark.sql.execution.datasources.DataSource.planForWriting(DataSource.scala:556)
[2023-06-25T06:57:29.406+0000] {spark_submit.py:492} INFO - at org.apache.spark.sql.DataFrameWriter.saveToV1Source(DataFrameWriter.scala:382)
[2023-06-25T06:57:29.406+0000] {spark_submit.py:492} INFO - at org.apache.spark.sql.DataFrameWriter.saveInternal(DataFrameWriter.scala:355)
[2023-06-25T06:57:29.406+0000] {spark_submit.py:492} INFO - at org.apache.spark.sql.DataFrameWriter.save(DataFrameWriter.scala:239)
[2023-06-25T06:57:29.406+0000] {spark_submit.py:492} INFO - at org.apache.spark.sql.DataFrameWriter.parquet(DataFrameWriter.scala:781)
[2023-06-25T06:57:29.406+0000] {spark_submit.py:492} INFO - at java.base/jdk.internal.reflect.NativeMethodAccessorImpl.invoke0(Native Method)
[2023-06-25T06:57:29.406+0000] {spark_submit.py:492} INFO - at java.base/jdk.internal.reflect.NativeMethodAccessorImpl.invoke(NativeMethodAccessorImpl.java:62)
[2023-06-25T06:57:29.406+0000] {spark_submit.py:492} INFO - at java.base/jdk.internal.reflect.DelegatingMethodAccessorImpl.invoke(DelegatingMethodAccessorImpl.java:43)
[2023-06-25T06:57:29.407+0000] {spark_submit.py:492} INFO - at java.base/java.lang.reflect.Method.invoke(Method.java:566)
[2023-06-25T06:57:29.407+0000] {spark_submit.py:492} INFO - at py4j.reflection.MethodInvoker.invoke(MethodInvoker.java:244)
[2023-06-25T06:57:29.407+0000] {spark_submit.py:492} INFO - at py4j.reflection.ReflectionEngine.invoke(ReflectionEngine.java:357)
[2023-06-25T06:57:29.407+0000] {spark_submit.py:492} INFO - at py4j.Gateway.invoke(Gateway.java:282)
[2023-06-25T06:57:29.407+0000] {spark_submit.py:492} INFO - at py4j.commands.AbstractCommand.invokeMethod(AbstractCommand.java:132)
[2023-06-25T06:57:29.407+0000] {spark_submit.py:492} INFO - at py4j.commands.CallCommand.execute(CallCommand.java:79)
[2023-06-25T06:57:29.407+0000] {spark_submit.py:492} INFO - at py4j.ClientServerConnection.waitForCommands(ClientServerConnection.java:182)
[2023-06-25T06:57:29.407+0000] {spark_submit.py:492} INFO - at py4j.ClientServerConnection.run(ClientServerConnection.java:106)
[2023-06-25T06:57:29.407+0000] {spark_submit.py:492} INFO - at java.base/java.lang.Thread.run(Thread.java:829)
[2023-06-25T06:57:29.407+0000] {spark_submit.py:492} INFO - Caused by: java.lang.ClassNotFoundException: Class org.apache.hadoop.fs.s3a.S3AFileSystem not found
[2023-06-25T06:57:29.407+0000] {spark_submit.py:492} INFO - at org.apache.hadoop.conf.Configuration.getClassByName(Configuration.java:2571)
[2023-06-25T06:57:29.407+0000] {spark_submit.py:492} INFO - at org.apache.hadoop.conf.Configuration.getClass(Configuration.java:2665)
[2023-06-25T06:57:29.407+0000] {spark_submit.py:492} INFO - ... 25 more
[2023-06-25T06:57:29.407+0000] {spark_submit.py:492} INFO - 
[2023-06-25T06:57:29.462+0000] {spark_submit.py:492} INFO - 23/06/25 06:57:29 INFO SparkContext: Invoking stop() from shutdown hook
[2023-06-25T06:57:29.467+0000] {spark_submit.py:492} INFO - 23/06/25 06:57:29 INFO SparkUI: Stopped Spark web UI at http://a8d69ab09d2d:4044
[2023-06-25T06:57:29.469+0000] {spark_submit.py:492} INFO - 23/06/25 06:57:29 INFO StandaloneSchedulerBackend: Shutting down all executors
[2023-06-25T06:57:29.469+0000] {spark_submit.py:492} INFO - 23/06/25 06:57:29 INFO CoarseGrainedSchedulerBackend$DriverEndpoint: Asking each executor to shut down
[2023-06-25T06:57:29.488+0000] {spark_submit.py:492} INFO - 23/06/25 06:57:29 INFO MapOutputTrackerMasterEndpoint: MapOutputTrackerMasterEndpoint stopped!
[2023-06-25T06:57:29.509+0000] {spark_submit.py:492} INFO - 23/06/25 06:57:29 INFO MemoryStore: MemoryStore cleared
[2023-06-25T06:57:29.511+0000] {spark_submit.py:492} INFO - 23/06/25 06:57:29 INFO BlockManager: BlockManager stopped
[2023-06-25T06:57:29.514+0000] {spark_submit.py:492} INFO - 23/06/25 06:57:29 INFO BlockManagerMaster: BlockManagerMaster stopped
[2023-06-25T06:57:29.517+0000] {spark_submit.py:492} INFO - 23/06/25 06:57:29 INFO OutputCommitCoordinator$OutputCommitCoordinatorEndpoint: OutputCommitCoordinator stopped!
[2023-06-25T06:57:29.527+0000] {spark_submit.py:492} INFO - 23/06/25 06:57:29 INFO SparkContext: Successfully stopped SparkContext
[2023-06-25T06:57:29.527+0000] {spark_submit.py:492} INFO - 23/06/25 06:57:29 INFO ShutdownHookManager: Shutdown hook called
[2023-06-25T06:57:29.528+0000] {spark_submit.py:492} INFO - 23/06/25 06:57:29 INFO ShutdownHookManager: Deleting directory /tmp/spark-4675b8a7-19ea-437b-93ec-eb1bc2474807
[2023-06-25T06:57:29.533+0000] {spark_submit.py:492} INFO - 23/06/25 06:57:29 INFO ShutdownHookManager: Deleting directory /tmp/spark-a11807b3-a142-403b-ac4a-52b00dca8d74
[2023-06-25T06:57:29.537+0000] {spark_submit.py:492} INFO - 23/06/25 06:57:29 INFO ShutdownHookManager: Deleting directory /tmp/spark-a11807b3-a142-403b-ac4a-52b00dca8d74/pyspark-131b0fd2-caed-4dce-a0d5-b48c44015979
[2023-06-25T06:57:29.637+0000] {taskinstance.py:1775} ERROR - Task failed with exception
Traceback (most recent call last):
  File "/home/airflow/.local/lib/python3.8/site-packages/airflow/providers/apache/spark/operators/spark_submit.py", line 157, in execute
    self._hook.submit(self._application)
  File "/home/airflow/.local/lib/python3.8/site-packages/airflow/providers/apache/spark/hooks/spark_submit.py", line 423, in submit
    raise AirflowException(
airflow.exceptions.AirflowException: Cannot execute: spark-submit --master spark://spark:7077 --conf spark.hadoop.fs.s3a.access.key=minioadmin --conf spark.hadoop.fs.s3a.secret.key=****** --conf spark.hadoop.fs.s3a.endpoint=http://minio:9000 --conf spark.hadoop.fs.s3a.aws.credentials.provider=org.apache.hadoop.fs.s3a.SimpleAWSCredentialsProvider --conf spark.hadoop.fs.s3a.path.style.access=true --jars local:///opt/bitnami/spark/jars --name arrow-spark /opt/***/dags/spark_etl_spark_minio.py. Error code is: 1.
[2023-06-25T06:57:29.640+0000] {taskinstance.py:1321} INFO - Marking task as UP_FOR_RETRY. dag_id=spark_etl_minio_v21, task_id=spark_submit_task, execution_date=20230625T065256, start_date=20230625T065719, end_date=20230625T065729
[2023-06-25T06:57:29.658+0000] {standard_task_runner.py:100} ERROR - Failed to execute job 310 for task spark_submit_task (Cannot execute: spark-submit --master spark://spark:7077 --conf spark.hadoop.fs.s3a.access.key=minioadmin --conf spark.hadoop.fs.s3a.secret.key=****** --conf spark.hadoop.fs.s3a.endpoint=http://minio:9000 --conf spark.hadoop.fs.s3a.aws.credentials.provider=org.apache.hadoop.fs.s3a.SimpleAWSCredentialsProvider --conf spark.hadoop.fs.s3a.path.style.access=true --jars local:///opt/bitnami/spark/jars --name arrow-spark /opt/***/dags/spark_etl_spark_minio.py. Error code is: 1.; 7360)
[2023-06-25T06:57:29.686+0000] {local_task_job.py:212} INFO - Task exited with return code 1
[2023-06-25T06:57:29.697+0000] {taskinstance.py:2585} INFO - 0 downstream tasks scheduled from follow-on schedule check
