[2023-06-25T05:42:24.284+0000] {taskinstance.py:1084} INFO - Dependencies all met for dep_context=non-requeueable deps ti=<TaskInstance: spark_etl_minio_v11.spark_submit_task manual__2023-06-25T05:35:55.804608+00:00 [queued]>
[2023-06-25T05:42:24.290+0000] {taskinstance.py:1084} INFO - Dependencies all met for dep_context=requeueable deps ti=<TaskInstance: spark_etl_minio_v11.spark_submit_task manual__2023-06-25T05:35:55.804608+00:00 [queued]>
[2023-06-25T05:42:24.290+0000] {taskinstance.py:1282} INFO - 
--------------------------------------------------------------------------------
[2023-06-25T05:42:24.290+0000] {taskinstance.py:1283} INFO - Starting attempt 4 of 6
[2023-06-25T05:42:24.290+0000] {taskinstance.py:1284} INFO - 
--------------------------------------------------------------------------------
[2023-06-25T05:42:24.298+0000] {taskinstance.py:1303} INFO - Executing <Task(SparkSubmitOperator): spark_submit_task> on 2023-06-25 05:35:55.804608+00:00
[2023-06-25T05:42:24.302+0000] {standard_task_runner.py:55} INFO - Started process 23166 to run task
[2023-06-25T05:42:24.305+0000] {standard_task_runner.py:82} INFO - Running: ['***', 'tasks', 'run', 'spark_etl_minio_v11', 'spark_submit_task', 'manual__2023-06-25T05:35:55.804608+00:00', '--job-id', '216', '--raw', '--subdir', 'DAGS_FOLDER/spark_job_minio_v1.py', '--cfg-path', '/tmp/tmpzds8yh_w']
[2023-06-25T05:42:24.305+0000] {standard_task_runner.py:83} INFO - Job 216: Subtask spark_submit_task
[2023-06-25T05:42:24.317+0000] {warnings.py:109} WARNING - /home/***/.local/lib/python3.8/site-packages/***/settings.py:250: DeprecationWarning: The sql_alchemy_conn option in [core] has been moved to the sql_alchemy_conn option in [database] - the old setting has been used, but please update your config.
  SQL_ALCHEMY_CONN = conf.get("database", "SQL_ALCHEMY_CONN")

[2023-06-25T05:42:24.401+0000] {task_command.py:388} INFO - Running <TaskInstance: spark_etl_minio_v11.spark_submit_task manual__2023-06-25T05:35:55.804608+00:00 [running]> on host a8d69ab09d2d
[2023-06-25T05:42:24.467+0000] {taskinstance.py:1509} INFO - Exporting the following env vars:
AIRFLOW_CTX_DAG_OWNER=***
AIRFLOW_CTX_DAG_ID=spark_etl_minio_v11
AIRFLOW_CTX_TASK_ID=spark_submit_task
AIRFLOW_CTX_EXECUTION_DATE=2023-06-25T05:35:55.804608+00:00
AIRFLOW_CTX_TRY_NUMBER=4
AIRFLOW_CTX_DAG_RUN_ID=manual__2023-06-25T05:35:55.804608+00:00
[2023-06-25T05:42:24.476+0000] {base.py:73} INFO - Using connection ID 'spark_conn' for task execution.
[2023-06-25T05:42:24.478+0000] {spark_submit.py:341} INFO - Spark-Submit cmd: spark-submit --master spark://spark:7077 --conf spark.jars=/opt/spark/jars/hadoop-aws-3.2.0.jar,/opt/spark/jars/aws-java-sdk-bundle-1.11.375.jar --name arrow-spark /opt/***/dags/spark_etl_spark_minio.py
[2023-06-25T05:42:25.626+0000] {spark_submit.py:492} INFO - WARNING: An illegal reflective access operation has occurred
[2023-06-25T05:42:25.627+0000] {spark_submit.py:492} INFO - WARNING: Illegal reflective access by org.apache.spark.unsafe.Platform (file:/opt/spark/jars/spark-unsafe_2.12-3.2.0.jar) to constructor java.nio.DirectByteBuffer(long,int)
[2023-06-25T05:42:25.627+0000] {spark_submit.py:492} INFO - WARNING: Please consider reporting this to the maintainers of org.apache.spark.unsafe.Platform
[2023-06-25T05:42:25.627+0000] {spark_submit.py:492} INFO - WARNING: Use --illegal-access=warn to enable warnings of further illegal reflective access operations
[2023-06-25T05:42:25.627+0000] {spark_submit.py:492} INFO - WARNING: All illegal access operations will be denied in a future release
[2023-06-25T05:42:25.949+0000] {spark_submit.py:492} INFO - 23/06/25 05:42:25 WARN NativeCodeLoader: Unable to load native-hadoop library for your platform... using builtin-java classes where applicable
[2023-06-25T05:42:26.246+0000] {spark_submit.py:492} INFO - Using Spark's default log4j profile: org/apache/spark/log4j-defaults.properties
[2023-06-25T05:42:26.246+0000] {spark_submit.py:492} INFO - 23/06/25 05:42:26 WARN DependencyUtils: Local jar /opt/spark/jars/hadoop-aws-3.2.0.jar does not exist, skipping.
[2023-06-25T05:42:26.246+0000] {spark_submit.py:492} INFO - 23/06/25 05:42:26 WARN DependencyUtils: Local jar /opt/spark/jars/aws-java-sdk-bundle-1.11.375.jar does not exist, skipping.
[2023-06-25T05:42:27.036+0000] {spark_submit.py:492} INFO - 23/06/25 05:42:27 INFO SparkContext: Running Spark version 3.2.0
[2023-06-25T05:42:27.061+0000] {spark_submit.py:492} INFO - 23/06/25 05:42:27 INFO ResourceUtils: ==============================================================
[2023-06-25T05:42:27.061+0000] {spark_submit.py:492} INFO - 23/06/25 05:42:27 INFO ResourceUtils: No custom resources configured for spark.driver.
[2023-06-25T05:42:27.062+0000] {spark_submit.py:492} INFO - 23/06/25 05:42:27 INFO ResourceUtils: ==============================================================
[2023-06-25T05:42:27.062+0000] {spark_submit.py:492} INFO - 23/06/25 05:42:27 INFO SparkContext: Submitted application: arrow-spark
[2023-06-25T05:42:27.085+0000] {spark_submit.py:492} INFO - 23/06/25 05:42:27 INFO ResourceProfile: Default ResourceProfile created, executor resources: Map(cores -> name: cores, amount: 1, script: , vendor: , memory -> name: memory, amount: 1024, script: , vendor: , offHeap -> name: offHeap, amount: 0, script: , vendor: ), task resources: Map(cpus -> name: cpus, amount: 1.0)
[2023-06-25T05:42:27.102+0000] {spark_submit.py:492} INFO - 23/06/25 05:42:27 INFO ResourceProfile: Limiting resource is cpu
[2023-06-25T05:42:27.102+0000] {spark_submit.py:492} INFO - 23/06/25 05:42:27 INFO ResourceProfileManager: Added ResourceProfile id: 0
[2023-06-25T05:42:27.147+0000] {spark_submit.py:492} INFO - 23/06/25 05:42:27 INFO SecurityManager: Changing view acls to: default
[2023-06-25T05:42:27.147+0000] {spark_submit.py:492} INFO - 23/06/25 05:42:27 INFO SecurityManager: Changing modify acls to: default
[2023-06-25T05:42:27.148+0000] {spark_submit.py:492} INFO - 23/06/25 05:42:27 INFO SecurityManager: Changing view acls groups to:
[2023-06-25T05:42:27.148+0000] {spark_submit.py:492} INFO - 23/06/25 05:42:27 INFO SecurityManager: Changing modify acls groups to:
[2023-06-25T05:42:27.149+0000] {spark_submit.py:492} INFO - 23/06/25 05:42:27 INFO SecurityManager: SecurityManager: authentication disabled; ui acls disabled; users  with view permissions: Set(default); groups with view permissions: Set(); users  with modify permissions: Set(default); groups with modify permissions: Set()
[2023-06-25T05:42:27.387+0000] {spark_submit.py:492} INFO - 23/06/25 05:42:27 INFO Utils: Successfully started service 'sparkDriver' on port 44775.
[2023-06-25T05:42:27.408+0000] {spark_submit.py:492} INFO - 23/06/25 05:42:27 INFO SparkEnv: Registering MapOutputTracker
[2023-06-25T05:42:27.433+0000] {spark_submit.py:492} INFO - 23/06/25 05:42:27 INFO SparkEnv: Registering BlockManagerMaster
[2023-06-25T05:42:27.448+0000] {spark_submit.py:492} INFO - 23/06/25 05:42:27 INFO BlockManagerMasterEndpoint: Using org.apache.spark.storage.DefaultTopologyMapper for getting topology information
[2023-06-25T05:42:27.449+0000] {spark_submit.py:492} INFO - 23/06/25 05:42:27 INFO BlockManagerMasterEndpoint: BlockManagerMasterEndpoint up
[2023-06-25T05:42:27.452+0000] {spark_submit.py:492} INFO - 23/06/25 05:42:27 INFO SparkEnv: Registering BlockManagerMasterHeartbeat
[2023-06-25T05:42:27.470+0000] {spark_submit.py:492} INFO - 23/06/25 05:42:27 INFO DiskBlockManager: Created local directory at /tmp/blockmgr-9114d3df-7c59-466e-9356-747396511c8e
[2023-06-25T05:42:27.489+0000] {spark_submit.py:492} INFO - 23/06/25 05:42:27 INFO MemoryStore: MemoryStore started with capacity 434.4 MiB
[2023-06-25T05:42:27.502+0000] {spark_submit.py:492} INFO - 23/06/25 05:42:27 INFO SparkEnv: Registering OutputCommitCoordinator
[2023-06-25T05:42:27.663+0000] {spark_submit.py:492} INFO - 23/06/25 05:42:27 INFO Utils: Successfully started service 'SparkUI' on port 4040.
[2023-06-25T05:42:27.704+0000] {spark_submit.py:492} INFO - 23/06/25 05:42:27 INFO SparkUI: Bound SparkUI to 0.0.0.0, and started at http://a8d69ab09d2d:4040
[2023-06-25T05:42:27.715+0000] {spark_submit.py:492} INFO - 23/06/25 05:42:27 ERROR SparkContext: Failed to add file:/opt/spark/jars/hadoop-aws-3.2.0.jar to Spark environment
[2023-06-25T05:42:27.715+0000] {spark_submit.py:492} INFO - java.io.FileNotFoundException: Jar /opt/spark/jars/hadoop-aws-3.2.0.jar not found
[2023-06-25T05:42:27.715+0000] {spark_submit.py:492} INFO - at org.apache.spark.SparkContext.addLocalJarFile$1(SparkContext.scala:1935)
[2023-06-25T05:42:27.715+0000] {spark_submit.py:492} INFO - at org.apache.spark.SparkContext.addJar(SparkContext.scala:1990)
[2023-06-25T05:42:27.715+0000] {spark_submit.py:492} INFO - at org.apache.spark.SparkContext.$anonfun$new$12(SparkContext.scala:503)
[2023-06-25T05:42:27.715+0000] {spark_submit.py:492} INFO - at org.apache.spark.SparkContext.$anonfun$new$12$adapted(SparkContext.scala:503)
[2023-06-25T05:42:27.715+0000] {spark_submit.py:492} INFO - at scala.collection.mutable.ResizableArray.foreach(ResizableArray.scala:62)
[2023-06-25T05:42:27.716+0000] {spark_submit.py:492} INFO - at scala.collection.mutable.ResizableArray.foreach$(ResizableArray.scala:55)
[2023-06-25T05:42:27.716+0000] {spark_submit.py:492} INFO - at scala.collection.mutable.ArrayBuffer.foreach(ArrayBuffer.scala:49)
[2023-06-25T05:42:27.716+0000] {spark_submit.py:492} INFO - at org.apache.spark.SparkContext.<init>(SparkContext.scala:503)
[2023-06-25T05:42:27.716+0000] {spark_submit.py:492} INFO - at org.apache.spark.api.java.JavaSparkContext.<init>(JavaSparkContext.scala:58)
[2023-06-25T05:42:27.716+0000] {spark_submit.py:492} INFO - at java.base/jdk.internal.reflect.NativeConstructorAccessorImpl.newInstance0(Native Method)
[2023-06-25T05:42:27.716+0000] {spark_submit.py:492} INFO - at java.base/jdk.internal.reflect.NativeConstructorAccessorImpl.newInstance(NativeConstructorAccessorImpl.java:62)
[2023-06-25T05:42:27.716+0000] {spark_submit.py:492} INFO - at java.base/jdk.internal.reflect.DelegatingConstructorAccessorImpl.newInstance(DelegatingConstructorAccessorImpl.java:45)
[2023-06-25T05:42:27.716+0000] {spark_submit.py:492} INFO - at java.base/java.lang.reflect.Constructor.newInstance(Constructor.java:490)
[2023-06-25T05:42:27.716+0000] {spark_submit.py:492} INFO - at py4j.reflection.MethodInvoker.invoke(MethodInvoker.java:247)
[2023-06-25T05:42:27.716+0000] {spark_submit.py:492} INFO - at py4j.reflection.ReflectionEngine.invoke(ReflectionEngine.java:357)
[2023-06-25T05:42:27.717+0000] {spark_submit.py:492} INFO - at py4j.Gateway.invoke(Gateway.java:238)
[2023-06-25T05:42:27.717+0000] {spark_submit.py:492} INFO - at py4j.commands.ConstructorCommand.invokeConstructor(ConstructorCommand.java:80)
[2023-06-25T05:42:27.717+0000] {spark_submit.py:492} INFO - at py4j.commands.ConstructorCommand.execute(ConstructorCommand.java:69)
[2023-06-25T05:42:27.717+0000] {spark_submit.py:492} INFO - at py4j.ClientServerConnection.waitForCommands(ClientServerConnection.java:182)
[2023-06-25T05:42:27.717+0000] {spark_submit.py:492} INFO - at py4j.ClientServerConnection.run(ClientServerConnection.java:106)
[2023-06-25T05:42:27.717+0000] {spark_submit.py:492} INFO - at java.base/java.lang.Thread.run(Thread.java:829)
[2023-06-25T05:42:27.717+0000] {spark_submit.py:492} INFO - 23/06/25 05:42:27 ERROR SparkContext: Failed to add file:/opt/spark/jars/aws-java-sdk-bundle-1.11.375.jar to Spark environment
[2023-06-25T05:42:27.717+0000] {spark_submit.py:492} INFO - java.io.FileNotFoundException: Jar /opt/spark/jars/aws-java-sdk-bundle-1.11.375.jar not found
[2023-06-25T05:42:27.717+0000] {spark_submit.py:492} INFO - at org.apache.spark.SparkContext.addLocalJarFile$1(SparkContext.scala:1935)
[2023-06-25T05:42:27.717+0000] {spark_submit.py:492} INFO - at org.apache.spark.SparkContext.addJar(SparkContext.scala:1990)
[2023-06-25T05:42:27.718+0000] {spark_submit.py:492} INFO - at org.apache.spark.SparkContext.$anonfun$new$12(SparkContext.scala:503)
[2023-06-25T05:42:27.718+0000] {spark_submit.py:492} INFO - at org.apache.spark.SparkContext.$anonfun$new$12$adapted(SparkContext.scala:503)
[2023-06-25T05:42:27.718+0000] {spark_submit.py:492} INFO - at scala.collection.mutable.ResizableArray.foreach(ResizableArray.scala:62)
[2023-06-25T05:42:27.718+0000] {spark_submit.py:492} INFO - at scala.collection.mutable.ResizableArray.foreach$(ResizableArray.scala:55)
[2023-06-25T05:42:27.718+0000] {spark_submit.py:492} INFO - at scala.collection.mutable.ArrayBuffer.foreach(ArrayBuffer.scala:49)
[2023-06-25T05:42:27.718+0000] {spark_submit.py:492} INFO - at org.apache.spark.SparkContext.<init>(SparkContext.scala:503)
[2023-06-25T05:42:27.718+0000] {spark_submit.py:492} INFO - at org.apache.spark.api.java.JavaSparkContext.<init>(JavaSparkContext.scala:58)
[2023-06-25T05:42:27.718+0000] {spark_submit.py:492} INFO - at java.base/jdk.internal.reflect.NativeConstructorAccessorImpl.newInstance0(Native Method)
[2023-06-25T05:42:27.718+0000] {spark_submit.py:492} INFO - at java.base/jdk.internal.reflect.NativeConstructorAccessorImpl.newInstance(NativeConstructorAccessorImpl.java:62)
[2023-06-25T05:42:27.718+0000] {spark_submit.py:492} INFO - at java.base/jdk.internal.reflect.DelegatingConstructorAccessorImpl.newInstance(DelegatingConstructorAccessorImpl.java:45)
[2023-06-25T05:42:27.719+0000] {spark_submit.py:492} INFO - at java.base/java.lang.reflect.Constructor.newInstance(Constructor.java:490)
[2023-06-25T05:42:27.719+0000] {spark_submit.py:492} INFO - at py4j.reflection.MethodInvoker.invoke(MethodInvoker.java:247)
[2023-06-25T05:42:27.719+0000] {spark_submit.py:492} INFO - at py4j.reflection.ReflectionEngine.invoke(ReflectionEngine.java:357)
[2023-06-25T05:42:27.719+0000] {spark_submit.py:492} INFO - at py4j.Gateway.invoke(Gateway.java:238)
[2023-06-25T05:42:27.719+0000] {spark_submit.py:492} INFO - at py4j.commands.ConstructorCommand.invokeConstructor(ConstructorCommand.java:80)
[2023-06-25T05:42:27.719+0000] {spark_submit.py:492} INFO - at py4j.commands.ConstructorCommand.execute(ConstructorCommand.java:69)
[2023-06-25T05:42:27.719+0000] {spark_submit.py:492} INFO - at py4j.ClientServerConnection.waitForCommands(ClientServerConnection.java:182)
[2023-06-25T05:42:27.719+0000] {spark_submit.py:492} INFO - at py4j.ClientServerConnection.run(ClientServerConnection.java:106)
[2023-06-25T05:42:27.719+0000] {spark_submit.py:492} INFO - at java.base/java.lang.Thread.run(Thread.java:829)
[2023-06-25T05:42:27.907+0000] {spark_submit.py:492} INFO - 23/06/25 05:42:27 INFO StandaloneAppClient$ClientEndpoint: Connecting to master spark://spark:7077...
[2023-06-25T05:42:27.948+0000] {spark_submit.py:492} INFO - 23/06/25 05:42:27 INFO TransportClientFactory: Successfully created connection to spark/172.19.0.9:7077 after 25 ms (0 ms spent in bootstraps)
[2023-06-25T05:42:28.025+0000] {spark_submit.py:492} INFO - 23/06/25 05:42:28 INFO StandaloneSchedulerBackend: Connected to Spark cluster with app ID app-20230625054228-0013
[2023-06-25T05:42:28.027+0000] {spark_submit.py:492} INFO - 23/06/25 05:42:28 INFO StandaloneAppClient$ClientEndpoint: Executor added: app-20230625054228-0013/0 on worker-20230625052031-172.19.0.10-41441 (172.19.0.10:41441) with 1 core(s)
[2023-06-25T05:42:28.029+0000] {spark_submit.py:492} INFO - 23/06/25 05:42:28 INFO StandaloneSchedulerBackend: Granted executor ID app-20230625054228-0013/0 on hostPort 172.19.0.10:41441 with 1 core(s), 1024.0 MiB RAM
[2023-06-25T05:42:28.032+0000] {spark_submit.py:492} INFO - 23/06/25 05:42:28 INFO Utils: Successfully started service 'org.apache.spark.network.netty.NettyBlockTransferService' on port 35669.
[2023-06-25T05:42:28.033+0000] {spark_submit.py:492} INFO - 23/06/25 05:42:28 INFO NettyBlockTransferService: Server created on a8d69ab09d2d:35669
[2023-06-25T05:42:28.034+0000] {spark_submit.py:492} INFO - 23/06/25 05:42:28 INFO BlockManager: Using org.apache.spark.storage.RandomBlockReplicationPolicy for block replication policy
[2023-06-25T05:42:28.042+0000] {spark_submit.py:492} INFO - 23/06/25 05:42:28 INFO BlockManagerMaster: Registering BlockManager BlockManagerId(driver, a8d69ab09d2d, 35669, None)
[2023-06-25T05:42:28.046+0000] {spark_submit.py:492} INFO - 23/06/25 05:42:28 INFO BlockManagerMasterEndpoint: Registering block manager a8d69ab09d2d:35669 with 434.4 MiB RAM, BlockManagerId(driver, a8d69ab09d2d, 35669, None)
[2023-06-25T05:42:28.049+0000] {spark_submit.py:492} INFO - 23/06/25 05:42:28 INFO BlockManagerMaster: Registered BlockManager BlockManagerId(driver, a8d69ab09d2d, 35669, None)
[2023-06-25T05:42:28.050+0000] {spark_submit.py:492} INFO - 23/06/25 05:42:28 INFO StandaloneAppClient$ClientEndpoint: Executor updated: app-20230625054228-0013/0 is now RUNNING
[2023-06-25T05:42:28.050+0000] {spark_submit.py:492} INFO - 23/06/25 05:42:28 INFO BlockManager: Initialized BlockManager: BlockManagerId(driver, a8d69ab09d2d, 35669, None)
[2023-06-25T05:42:28.218+0000] {spark_submit.py:492} INFO - 23/06/25 05:42:28 INFO StandaloneSchedulerBackend: SchedulerBackend is ready for scheduling beginning after reached minRegisteredResourcesRatio: 0.0
[2023-06-25T05:42:28.423+0000] {spark_submit.py:492} INFO - 23/06/25 05:42:28 INFO SharedState: Setting hive.metastore.warehouse.dir ('null') to the value of spark.sql.warehouse.dir.
[2023-06-25T05:42:28.426+0000] {spark_submit.py:492} INFO - 23/06/25 05:42:28 INFO SharedState: Warehouse path is 'file:/opt/***/spark-warehouse'.
[2023-06-25T05:42:30.317+0000] {spark_submit.py:492} INFO - 23/06/25 05:42:30 INFO CoarseGrainedSchedulerBackend$DriverEndpoint: Registered executor NettyRpcEndpointRef(spark-client://Executor) (172.19.0.10:39126) with ID 0,  ResourceProfileId 0
[2023-06-25T05:42:30.446+0000] {spark_submit.py:492} INFO - 23/06/25 05:42:30 INFO BlockManagerMasterEndpoint: Registering block manager 172.19.0.10:46231 with 366.3 MiB RAM, BlockManagerId(0, 172.19.0.10, 46231, None)
[2023-06-25T05:42:32.099+0000] {spark_submit.py:492} INFO - 23/06/25 05:42:32 INFO CodeGenerator: Code generated in 119.335384 ms
[2023-06-25T05:42:32.125+0000] {spark_submit.py:492} INFO - 23/06/25 05:42:32 INFO SparkContext: Starting job: showString at NativeMethodAccessorImpl.java:0
[2023-06-25T05:42:32.139+0000] {spark_submit.py:492} INFO - 23/06/25 05:42:32 INFO DAGScheduler: Got job 0 (showString at NativeMethodAccessorImpl.java:0) with 1 output partitions
[2023-06-25T05:42:32.139+0000] {spark_submit.py:492} INFO - 23/06/25 05:42:32 INFO DAGScheduler: Final stage: ResultStage 0 (showString at NativeMethodAccessorImpl.java:0)
[2023-06-25T05:42:32.139+0000] {spark_submit.py:492} INFO - 23/06/25 05:42:32 INFO DAGScheduler: Parents of final stage: List()
[2023-06-25T05:42:32.141+0000] {spark_submit.py:492} INFO - 23/06/25 05:42:32 INFO DAGScheduler: Missing parents: List()
[2023-06-25T05:42:32.144+0000] {spark_submit.py:492} INFO - 23/06/25 05:42:32 INFO DAGScheduler: Submitting ResultStage 0 (MapPartitionsRDD[6] at showString at NativeMethodAccessorImpl.java:0), which has no missing parents
[2023-06-25T05:42:32.234+0000] {spark_submit.py:492} INFO - 23/06/25 05:42:32 INFO MemoryStore: Block broadcast_0 stored as values in memory (estimated size 11.7 KiB, free 434.4 MiB)
[2023-06-25T05:42:32.265+0000] {spark_submit.py:492} INFO - 23/06/25 05:42:32 INFO MemoryStore: Block broadcast_0_piece0 stored as bytes in memory (estimated size 6.2 KiB, free 434.4 MiB)
[2023-06-25T05:42:32.267+0000] {spark_submit.py:492} INFO - 23/06/25 05:42:32 INFO BlockManagerInfo: Added broadcast_0_piece0 in memory on a8d69ab09d2d:35669 (size: 6.2 KiB, free: 434.4 MiB)
[2023-06-25T05:42:32.270+0000] {spark_submit.py:492} INFO - 23/06/25 05:42:32 INFO SparkContext: Created broadcast 0 from broadcast at DAGScheduler.scala:1427
[2023-06-25T05:42:32.281+0000] {spark_submit.py:492} INFO - 23/06/25 05:42:32 INFO DAGScheduler: Submitting 1 missing tasks from ResultStage 0 (MapPartitionsRDD[6] at showString at NativeMethodAccessorImpl.java:0) (first 15 tasks are for partitions Vector(0))
[2023-06-25T05:42:32.282+0000] {spark_submit.py:492} INFO - 23/06/25 05:42:32 INFO TaskSchedulerImpl: Adding task set 0.0 with 1 tasks resource profile 0
[2023-06-25T05:42:32.316+0000] {spark_submit.py:492} INFO - 23/06/25 05:42:32 INFO TaskSetManager: Starting task 0.0 in stage 0.0 (TID 0) (172.19.0.10, executor 0, partition 0, PROCESS_LOCAL, 4605 bytes) taskResourceAssignments Map()
[2023-06-25T05:42:32.636+0000] {spark_submit.py:492} INFO - 23/06/25 05:42:32 INFO BlockManagerInfo: Added broadcast_0_piece0 in memory on 172.19.0.10:46231 (size: 6.2 KiB, free: 366.3 MiB)
[2023-06-25T05:42:34.285+0000] {spark_submit.py:492} INFO - 23/06/25 05:42:34 INFO TaskSetManager: Finished task 0.0 in stage 0.0 (TID 0) in 1978 ms on 172.19.0.10 (executor 0) (1/1)
[2023-06-25T05:42:34.287+0000] {spark_submit.py:492} INFO - 23/06/25 05:42:34 INFO TaskSchedulerImpl: Removed TaskSet 0.0, whose tasks have all completed, from pool
[2023-06-25T05:42:34.290+0000] {spark_submit.py:492} INFO - 23/06/25 05:42:34 INFO PythonAccumulatorV2: Connected to AccumulatorServer at host: 127.0.0.1 port: 34701
[2023-06-25T05:42:34.339+0000] {spark_submit.py:492} INFO - 23/06/25 05:42:34 INFO DAGScheduler: ResultStage 0 (showString at NativeMethodAccessorImpl.java:0) finished in 2.163 s
[2023-06-25T05:42:34.347+0000] {spark_submit.py:492} INFO - 23/06/25 05:42:34 INFO DAGScheduler: Job 0 is finished. Cancelling potential speculative or zombie tasks for this job
[2023-06-25T05:42:34.348+0000] {spark_submit.py:492} INFO - 23/06/25 05:42:34 INFO TaskSchedulerImpl: Killing all running tasks in stage 0: Stage finished
[2023-06-25T05:42:34.355+0000] {spark_submit.py:492} INFO - 23/06/25 05:42:34 INFO DAGScheduler: Job 0 finished: showString at NativeMethodAccessorImpl.java:0, took 2.225213 s
[2023-06-25T05:42:34.372+0000] {spark_submit.py:492} INFO - 23/06/25 05:42:34 INFO SparkContext: Starting job: showString at NativeMethodAccessorImpl.java:0
[2023-06-25T05:42:34.381+0000] {spark_submit.py:492} INFO - 23/06/25 05:42:34 INFO DAGScheduler: Got job 1 (showString at NativeMethodAccessorImpl.java:0) with 1 output partitions
[2023-06-25T05:42:34.381+0000] {spark_submit.py:492} INFO - 23/06/25 05:42:34 INFO DAGScheduler: Final stage: ResultStage 1 (showString at NativeMethodAccessorImpl.java:0)
[2023-06-25T05:42:34.382+0000] {spark_submit.py:492} INFO - 23/06/25 05:42:34 INFO DAGScheduler: Parents of final stage: List()
[2023-06-25T05:42:34.382+0000] {spark_submit.py:492} INFO - 23/06/25 05:42:34 INFO DAGScheduler: Missing parents: List()
[2023-06-25T05:42:34.385+0000] {spark_submit.py:492} INFO - 23/06/25 05:42:34 INFO DAGScheduler: Submitting ResultStage 1 (MapPartitionsRDD[6] at showString at NativeMethodAccessorImpl.java:0), which has no missing parents
[2023-06-25T05:42:34.392+0000] {spark_submit.py:492} INFO - 23/06/25 05:42:34 INFO MemoryStore: Block broadcast_1 stored as values in memory (estimated size 11.7 KiB, free 434.4 MiB)
[2023-06-25T05:42:34.401+0000] {spark_submit.py:492} INFO - 23/06/25 05:42:34 INFO MemoryStore: Block broadcast_1_piece0 stored as bytes in memory (estimated size 6.2 KiB, free 434.4 MiB)
[2023-06-25T05:42:34.403+0000] {spark_submit.py:492} INFO - 23/06/25 05:42:34 INFO BlockManagerInfo: Added broadcast_1_piece0 in memory on a8d69ab09d2d:35669 (size: 6.2 KiB, free: 434.4 MiB)
[2023-06-25T05:42:34.403+0000] {spark_submit.py:492} INFO - 23/06/25 05:42:34 INFO SparkContext: Created broadcast 1 from broadcast at DAGScheduler.scala:1427
[2023-06-25T05:42:34.405+0000] {spark_submit.py:492} INFO - 23/06/25 05:42:34 INFO DAGScheduler: Submitting 1 missing tasks from ResultStage 1 (MapPartitionsRDD[6] at showString at NativeMethodAccessorImpl.java:0) (first 15 tasks are for partitions Vector(1))
[2023-06-25T05:42:34.406+0000] {spark_submit.py:492} INFO - 23/06/25 05:42:34 INFO TaskSchedulerImpl: Adding task set 1.0 with 1 tasks resource profile 0
[2023-06-25T05:42:34.408+0000] {spark_submit.py:492} INFO - 23/06/25 05:42:34 INFO TaskSetManager: Starting task 0.0 in stage 1.0 (TID 1) (172.19.0.10, executor 0, partition 1, PROCESS_LOCAL, 4529 bytes) taskResourceAssignments Map()
[2023-06-25T05:42:34.423+0000] {spark_submit.py:492} INFO - 23/06/25 05:42:34 INFO BlockManagerInfo: Added broadcast_1_piece0 in memory on 172.19.0.10:46231 (size: 6.2 KiB, free: 366.3 MiB)
[2023-06-25T05:42:34.483+0000] {spark_submit.py:492} INFO - 23/06/25 05:42:34 INFO TaskSetManager: Finished task 0.0 in stage 1.0 (TID 1) in 77 ms on 172.19.0.10 (executor 0) (1/1)
[2023-06-25T05:42:34.483+0000] {spark_submit.py:492} INFO - 23/06/25 05:42:34 INFO TaskSchedulerImpl: Removed TaskSet 1.0, whose tasks have all completed, from pool
[2023-06-25T05:42:34.484+0000] {spark_submit.py:492} INFO - 23/06/25 05:42:34 INFO DAGScheduler: ResultStage 1 (showString at NativeMethodAccessorImpl.java:0) finished in 0.099 s
[2023-06-25T05:42:34.485+0000] {spark_submit.py:492} INFO - 23/06/25 05:42:34 INFO DAGScheduler: Job 1 is finished. Cancelling potential speculative or zombie tasks for this job
[2023-06-25T05:42:34.486+0000] {spark_submit.py:492} INFO - 23/06/25 05:42:34 INFO TaskSchedulerImpl: Killing all running tasks in stage 1: Stage finished
[2023-06-25T05:42:34.486+0000] {spark_submit.py:492} INFO - 23/06/25 05:42:34 INFO DAGScheduler: Job 1 finished: showString at NativeMethodAccessorImpl.java:0, took 0.106646 s
[2023-06-25T05:42:34.515+0000] {spark_submit.py:492} INFO - 23/06/25 05:42:34 INFO CodeGenerator: Code generated in 13.202374 ms
[2023-06-25T05:42:34.560+0000] {spark_submit.py:492} INFO - +-----+-----------------------------------------------------------------------------+
[2023-06-25T05:42:34.561+0000] {spark_submit.py:492} INFO - |Seqno|Quote                                                                        |
[2023-06-25T05:42:34.561+0000] {spark_submit.py:492} INFO - +-----+-----------------------------------------------------------------------------+
[2023-06-25T05:42:34.561+0000] {spark_submit.py:492} INFO - |1    |Be the change that you wish to see in the world                              |
[2023-06-25T05:42:34.561+0000] {spark_submit.py:492} INFO - |2    |Everyone thinks of changing the world, but no one thinks of changing himself.|
[2023-06-25T05:42:34.561+0000] {spark_submit.py:492} INFO - |3    |The purpose of our lives is to be happy.                                     |
[2023-06-25T05:42:34.561+0000] {spark_submit.py:492} INFO - |4    |Be cool.                                                                     |
[2023-06-25T05:42:34.561+0000] {spark_submit.py:492} INFO - +-----+-----------------------------------------------------------------------------+
[2023-06-25T05:42:34.562+0000] {spark_submit.py:492} INFO - 
[2023-06-25T05:42:34.591+0000] {spark_submit.py:492} INFO - 23/06/25 05:42:34 INFO BlockManagerInfo: Removed broadcast_1_piece0 on a8d69ab09d2d:35669 in memory (size: 6.2 KiB, free: 434.4 MiB)
[2023-06-25T05:42:34.611+0000] {spark_submit.py:492} INFO - 23/06/25 05:42:34 INFO BlockManagerInfo: Removed broadcast_1_piece0 on 172.19.0.10:46231 in memory (size: 6.2 KiB, free: 366.3 MiB)
[2023-06-25T05:42:34.703+0000] {spark_submit.py:492} INFO - 23/06/25 05:42:34 INFO BlockManagerInfo: Removed broadcast_0_piece0 on a8d69ab09d2d:35669 in memory (size: 6.2 KiB, free: 434.4 MiB)
[2023-06-25T05:42:34.704+0000] {spark_submit.py:492} INFO - 23/06/25 05:42:34 INFO BlockManagerInfo: Removed broadcast_0_piece0 on 172.19.0.10:46231 in memory (size: 6.2 KiB, free: 366.3 MiB)
[2023-06-25T05:42:34.750+0000] {spark_submit.py:492} INFO - Traceback (most recent call last):
[2023-06-25T05:42:34.751+0000] {spark_submit.py:492} INFO - File "/opt/***/dags/spark_etl_spark_minio.py", line 43, in <module>
[2023-06-25T05:42:34.751+0000] {spark_submit.py:492} INFO - df.write.mode("append").parquet("s3a://datalake/test.parquet")
[2023-06-25T05:42:34.751+0000] {spark_submit.py:492} INFO - File "/opt/spark/python/lib/pyspark.zip/pyspark/sql/readwriter.py", line 885, in parquet
[2023-06-25T05:42:34.751+0000] {spark_submit.py:492} INFO - File "/opt/spark/python/lib/py4j-0.10.9.2-src.zip/py4j/java_gateway.py", line 1309, in __call__
[2023-06-25T05:42:34.751+0000] {spark_submit.py:492} INFO - File "/opt/spark/python/lib/pyspark.zip/pyspark/sql/utils.py", line 111, in deco
[2023-06-25T05:42:34.751+0000] {spark_submit.py:492} INFO - File "/opt/spark/python/lib/py4j-0.10.9.2-src.zip/py4j/protocol.py", line 326, in get_return_value
[2023-06-25T05:42:34.751+0000] {spark_submit.py:492} INFO - py4j.protocol.Py4JJavaError: An error occurred while calling o79.parquet.
[2023-06-25T05:42:34.752+0000] {spark_submit.py:492} INFO - : java.lang.RuntimeException: java.lang.ClassNotFoundException: Class org.apache.hadoop.fs.s3a.S3AFileSystem not found
[2023-06-25T05:42:34.752+0000] {spark_submit.py:492} INFO - at org.apache.hadoop.conf.Configuration.getClass(Configuration.java:2667)
[2023-06-25T05:42:34.752+0000] {spark_submit.py:492} INFO - at org.apache.hadoop.fs.FileSystem.getFileSystemClass(FileSystem.java:3431)
[2023-06-25T05:42:34.752+0000] {spark_submit.py:492} INFO - at org.apache.hadoop.fs.FileSystem.createFileSystem(FileSystem.java:3466)
[2023-06-25T05:42:34.752+0000] {spark_submit.py:492} INFO - at org.apache.hadoop.fs.FileSystem.access$300(FileSystem.java:174)
[2023-06-25T05:42:34.752+0000] {spark_submit.py:492} INFO - at org.apache.hadoop.fs.FileSystem$Cache.getInternal(FileSystem.java:3574)
[2023-06-25T05:42:34.752+0000] {spark_submit.py:492} INFO - at org.apache.hadoop.fs.FileSystem$Cache.get(FileSystem.java:3521)
[2023-06-25T05:42:34.752+0000] {spark_submit.py:492} INFO - at org.apache.hadoop.fs.FileSystem.get(FileSystem.java:540)
[2023-06-25T05:42:34.753+0000] {spark_submit.py:492} INFO - at org.apache.hadoop.fs.Path.getFileSystem(Path.java:365)
[2023-06-25T05:42:34.753+0000] {spark_submit.py:492} INFO - at org.apache.spark.sql.execution.datasources.DataSource.planForWritingFileFormat(DataSource.scala:461)
[2023-06-25T05:42:34.753+0000] {spark_submit.py:492} INFO - at org.apache.spark.sql.execution.datasources.DataSource.planForWriting(DataSource.scala:556)
[2023-06-25T05:42:34.753+0000] {spark_submit.py:492} INFO - at org.apache.spark.sql.DataFrameWriter.saveToV1Source(DataFrameWriter.scala:382)
[2023-06-25T05:42:34.753+0000] {spark_submit.py:492} INFO - at org.apache.spark.sql.DataFrameWriter.saveInternal(DataFrameWriter.scala:355)
[2023-06-25T05:42:34.753+0000] {spark_submit.py:492} INFO - at org.apache.spark.sql.DataFrameWriter.save(DataFrameWriter.scala:239)
[2023-06-25T05:42:34.753+0000] {spark_submit.py:492} INFO - at org.apache.spark.sql.DataFrameWriter.parquet(DataFrameWriter.scala:781)
[2023-06-25T05:42:34.753+0000] {spark_submit.py:492} INFO - at java.base/jdk.internal.reflect.NativeMethodAccessorImpl.invoke0(Native Method)
[2023-06-25T05:42:34.754+0000] {spark_submit.py:492} INFO - at java.base/jdk.internal.reflect.NativeMethodAccessorImpl.invoke(NativeMethodAccessorImpl.java:62)
[2023-06-25T05:42:34.754+0000] {spark_submit.py:492} INFO - at java.base/jdk.internal.reflect.DelegatingMethodAccessorImpl.invoke(DelegatingMethodAccessorImpl.java:43)
[2023-06-25T05:42:34.754+0000] {spark_submit.py:492} INFO - at java.base/java.lang.reflect.Method.invoke(Method.java:566)
[2023-06-25T05:42:34.754+0000] {spark_submit.py:492} INFO - at py4j.reflection.MethodInvoker.invoke(MethodInvoker.java:244)
[2023-06-25T05:42:34.754+0000] {spark_submit.py:492} INFO - at py4j.reflection.ReflectionEngine.invoke(ReflectionEngine.java:357)
[2023-06-25T05:42:34.754+0000] {spark_submit.py:492} INFO - at py4j.Gateway.invoke(Gateway.java:282)
[2023-06-25T05:42:34.754+0000] {spark_submit.py:492} INFO - at py4j.commands.AbstractCommand.invokeMethod(AbstractCommand.java:132)
[2023-06-25T05:42:34.755+0000] {spark_submit.py:492} INFO - at py4j.commands.CallCommand.execute(CallCommand.java:79)
[2023-06-25T05:42:34.755+0000] {spark_submit.py:492} INFO - at py4j.ClientServerConnection.waitForCommands(ClientServerConnection.java:182)
[2023-06-25T05:42:34.755+0000] {spark_submit.py:492} INFO - at py4j.ClientServerConnection.run(ClientServerConnection.java:106)
[2023-06-25T05:42:34.755+0000] {spark_submit.py:492} INFO - at java.base/java.lang.Thread.run(Thread.java:829)
[2023-06-25T05:42:34.755+0000] {spark_submit.py:492} INFO - Caused by: java.lang.ClassNotFoundException: Class org.apache.hadoop.fs.s3a.S3AFileSystem not found
[2023-06-25T05:42:34.755+0000] {spark_submit.py:492} INFO - at org.apache.hadoop.conf.Configuration.getClassByName(Configuration.java:2571)
[2023-06-25T05:42:34.755+0000] {spark_submit.py:492} INFO - at org.apache.hadoop.conf.Configuration.getClass(Configuration.java:2665)
[2023-06-25T05:42:34.755+0000] {spark_submit.py:492} INFO - ... 25 more
[2023-06-25T05:42:34.756+0000] {spark_submit.py:492} INFO - 
[2023-06-25T05:42:34.843+0000] {spark_submit.py:492} INFO - 23/06/25 05:42:34 INFO SparkContext: Invoking stop() from shutdown hook
[2023-06-25T05:42:34.852+0000] {spark_submit.py:492} INFO - 23/06/25 05:42:34 INFO SparkUI: Stopped Spark web UI at http://a8d69ab09d2d:4040
[2023-06-25T05:42:34.856+0000] {spark_submit.py:492} INFO - 23/06/25 05:42:34 INFO StandaloneSchedulerBackend: Shutting down all executors
[2023-06-25T05:42:34.856+0000] {spark_submit.py:492} INFO - 23/06/25 05:42:34 INFO CoarseGrainedSchedulerBackend$DriverEndpoint: Asking each executor to shut down
[2023-06-25T05:42:34.883+0000] {spark_submit.py:492} INFO - 23/06/25 05:42:34 INFO MapOutputTrackerMasterEndpoint: MapOutputTrackerMasterEndpoint stopped!
[2023-06-25T05:42:34.939+0000] {spark_submit.py:492} INFO - 23/06/25 05:42:34 INFO MemoryStore: MemoryStore cleared
[2023-06-25T05:42:34.940+0000] {spark_submit.py:492} INFO - 23/06/25 05:42:34 INFO BlockManager: BlockManager stopped
[2023-06-25T05:42:34.943+0000] {spark_submit.py:492} INFO - 23/06/25 05:42:34 INFO BlockManagerMaster: BlockManagerMaster stopped
[2023-06-25T05:42:34.945+0000] {spark_submit.py:492} INFO - 23/06/25 05:42:34 INFO OutputCommitCoordinator$OutputCommitCoordinatorEndpoint: OutputCommitCoordinator stopped!
[2023-06-25T05:42:34.958+0000] {spark_submit.py:492} INFO - 23/06/25 05:42:34 INFO SparkContext: Successfully stopped SparkContext
[2023-06-25T05:42:34.959+0000] {spark_submit.py:492} INFO - 23/06/25 05:42:34 INFO ShutdownHookManager: Shutdown hook called
[2023-06-25T05:42:34.959+0000] {spark_submit.py:492} INFO - 23/06/25 05:42:34 INFO ShutdownHookManager: Deleting directory /tmp/spark-d4d2edd5-c0a1-4855-a981-a77b6599b458
[2023-06-25T05:42:34.963+0000] {spark_submit.py:492} INFO - 23/06/25 05:42:34 INFO ShutdownHookManager: Deleting directory /tmp/spark-5bcc9b44-fa50-4105-92b1-71a4a2ac3ff8
[2023-06-25T05:42:34.967+0000] {spark_submit.py:492} INFO - 23/06/25 05:42:34 INFO ShutdownHookManager: Deleting directory /tmp/spark-d4d2edd5-c0a1-4855-a981-a77b6599b458/pyspark-fb276163-2572-4efc-abc5-5809cc57c39f
[2023-06-25T05:42:35.051+0000] {taskinstance.py:1775} ERROR - Task failed with exception
Traceback (most recent call last):
  File "/home/airflow/.local/lib/python3.8/site-packages/airflow/providers/apache/spark/operators/spark_submit.py", line 157, in execute
    self._hook.submit(self._application)
  File "/home/airflow/.local/lib/python3.8/site-packages/airflow/providers/apache/spark/hooks/spark_submit.py", line 423, in submit
    raise AirflowException(
airflow.exceptions.AirflowException: Cannot execute: spark-submit --master spark://spark:7077 --conf spark.jars=/opt/spark/jars/hadoop-aws-3.2.0.jar,/opt/spark/jars/aws-java-sdk-bundle-1.11.375.jar --name arrow-spark /opt/***/dags/spark_etl_spark_minio.py. Error code is: 1.
[2023-06-25T05:42:35.055+0000] {taskinstance.py:1321} INFO - Marking task as UP_FOR_RETRY. dag_id=spark_etl_minio_v11, task_id=spark_submit_task, execution_date=20230625T053555, start_date=20230625T054224, end_date=20230625T054235
[2023-06-25T05:42:35.073+0000] {standard_task_runner.py:100} ERROR - Failed to execute job 216 for task spark_submit_task (Cannot execute: spark-submit --master spark://spark:7077 --conf spark.jars=/opt/spark/jars/hadoop-aws-3.2.0.jar,/opt/spark/jars/aws-java-sdk-bundle-1.11.375.jar --name arrow-spark /opt/***/dags/spark_etl_spark_minio.py. Error code is: 1.; 23166)
[2023-06-25T05:42:35.098+0000] {local_task_job.py:212} INFO - Task exited with return code 1
[2023-06-25T05:42:35.116+0000] {taskinstance.py:2585} INFO - 0 downstream tasks scheduled from follow-on schedule check
