[2023-06-25T05:44:35.506+0000] {taskinstance.py:1084} INFO - Dependencies all met for dep_context=non-requeueable deps ti=<TaskInstance: spark_etl_minio_v11.spark_submit_task manual__2023-06-25T05:35:55.804608+00:00 [queued]>
[2023-06-25T05:44:35.516+0000] {taskinstance.py:1084} INFO - Dependencies all met for dep_context=requeueable deps ti=<TaskInstance: spark_etl_minio_v11.spark_submit_task manual__2023-06-25T05:35:55.804608+00:00 [queued]>
[2023-06-25T05:44:35.517+0000] {taskinstance.py:1282} INFO - 
--------------------------------------------------------------------------------
[2023-06-25T05:44:35.517+0000] {taskinstance.py:1283} INFO - Starting attempt 5 of 6
[2023-06-25T05:44:35.517+0000] {taskinstance.py:1284} INFO - 
--------------------------------------------------------------------------------
[2023-06-25T05:44:35.532+0000] {taskinstance.py:1303} INFO - Executing <Task(SparkSubmitOperator): spark_submit_task> on 2023-06-25 05:35:55.804608+00:00
[2023-06-25T05:44:35.538+0000] {standard_task_runner.py:55} INFO - Started process 23867 to run task
[2023-06-25T05:44:35.540+0000] {standard_task_runner.py:82} INFO - Running: ['***', 'tasks', 'run', 'spark_etl_minio_v11', 'spark_submit_task', 'manual__2023-06-25T05:35:55.804608+00:00', '--job-id', '220', '--raw', '--subdir', 'DAGS_FOLDER/spark_job_minio_v1.py', '--cfg-path', '/tmp/tmpbadrikrw']
[2023-06-25T05:44:35.541+0000] {standard_task_runner.py:83} INFO - Job 220: Subtask spark_submit_task
[2023-06-25T05:44:35.552+0000] {warnings.py:109} WARNING - /home/***/.local/lib/python3.8/site-packages/***/settings.py:250: DeprecationWarning: The sql_alchemy_conn option in [core] has been moved to the sql_alchemy_conn option in [database] - the old setting has been used, but please update your config.
  SQL_ALCHEMY_CONN = conf.get("database", "SQL_ALCHEMY_CONN")

[2023-06-25T05:44:35.600+0000] {task_command.py:388} INFO - Running <TaskInstance: spark_etl_minio_v11.spark_submit_task manual__2023-06-25T05:35:55.804608+00:00 [running]> on host a8d69ab09d2d
[2023-06-25T05:44:35.676+0000] {taskinstance.py:1509} INFO - Exporting the following env vars:
AIRFLOW_CTX_DAG_OWNER=***
AIRFLOW_CTX_DAG_ID=spark_etl_minio_v11
AIRFLOW_CTX_TASK_ID=spark_submit_task
AIRFLOW_CTX_EXECUTION_DATE=2023-06-25T05:35:55.804608+00:00
AIRFLOW_CTX_TRY_NUMBER=5
AIRFLOW_CTX_DAG_RUN_ID=manual__2023-06-25T05:35:55.804608+00:00
[2023-06-25T05:44:35.686+0000] {base.py:73} INFO - Using connection ID 'spark_conn' for task execution.
[2023-06-25T05:44:35.687+0000] {spark_submit.py:341} INFO - Spark-Submit cmd: spark-submit --master spark://spark:7077 --conf spark.jars=local:///opt/spark/jars/hadoop-aws-3.2.0.jar,local:///opt/spark/jars/aws-java-sdk-bundle-1.11.375.jar --name arrow-spark /opt/***/dags/spark_etl_spark_minio.py
[2023-06-25T05:44:37.110+0000] {spark_submit.py:492} INFO - WARNING: An illegal reflective access operation has occurred
[2023-06-25T05:44:37.110+0000] {spark_submit.py:492} INFO - WARNING: Illegal reflective access by org.apache.spark.unsafe.Platform (file:/opt/spark/jars/spark-unsafe_2.12-3.2.0.jar) to constructor java.nio.DirectByteBuffer(long,int)
[2023-06-25T05:44:37.110+0000] {spark_submit.py:492} INFO - WARNING: Please consider reporting this to the maintainers of org.apache.spark.unsafe.Platform
[2023-06-25T05:44:37.111+0000] {spark_submit.py:492} INFO - WARNING: Use --illegal-access=warn to enable warnings of further illegal reflective access operations
[2023-06-25T05:44:37.111+0000] {spark_submit.py:492} INFO - WARNING: All illegal access operations will be denied in a future release
[2023-06-25T05:44:37.455+0000] {spark_submit.py:492} INFO - Using Spark's default log4j profile: org/apache/spark/log4j-defaults.properties
[2023-06-25T05:44:37.457+0000] {spark_submit.py:492} INFO - 23/06/25 05:44:37 WARN DependencyUtils: Local jar /opt/spark/jars/hadoop-aws-3.2.0.jar does not exist, skipping.
[2023-06-25T05:44:37.457+0000] {spark_submit.py:492} INFO - 23/06/25 05:44:37 WARN DependencyUtils: Local jar /opt/spark/jars/aws-java-sdk-bundle-1.11.375.jar does not exist, skipping.
[2023-06-25T05:44:38.543+0000] {spark_submit.py:492} INFO - 23/06/25 05:44:38 INFO SparkContext: Running Spark version 3.2.0
[2023-06-25T05:44:38.633+0000] {spark_submit.py:492} INFO - 23/06/25 05:44:38 WARN NativeCodeLoader: Unable to load native-hadoop library for your platform... using builtin-java classes where applicable
[2023-06-25T05:44:38.742+0000] {spark_submit.py:492} INFO - 23/06/25 05:44:38 INFO ResourceUtils: ==============================================================
[2023-06-25T05:44:38.743+0000] {spark_submit.py:492} INFO - 23/06/25 05:44:38 INFO ResourceUtils: No custom resources configured for spark.driver.
[2023-06-25T05:44:38.744+0000] {spark_submit.py:492} INFO - 23/06/25 05:44:38 INFO ResourceUtils: ==============================================================
[2023-06-25T05:44:38.744+0000] {spark_submit.py:492} INFO - 23/06/25 05:44:38 INFO SparkContext: Submitted application: arrow-spark
[2023-06-25T05:44:38.777+0000] {spark_submit.py:492} INFO - 23/06/25 05:44:38 INFO ResourceProfile: Default ResourceProfile created, executor resources: Map(cores -> name: cores, amount: 1, script: , vendor: , memory -> name: memory, amount: 1024, script: , vendor: , offHeap -> name: offHeap, amount: 0, script: , vendor: ), task resources: Map(cpus -> name: cpus, amount: 1.0)
[2023-06-25T05:44:38.794+0000] {spark_submit.py:492} INFO - 23/06/25 05:44:38 INFO ResourceProfile: Limiting resource is cpu
[2023-06-25T05:44:38.795+0000] {spark_submit.py:492} INFO - 23/06/25 05:44:38 INFO ResourceProfileManager: Added ResourceProfile id: 0
[2023-06-25T05:44:38.858+0000] {spark_submit.py:492} INFO - 23/06/25 05:44:38 INFO SecurityManager: Changing view acls to: default
[2023-06-25T05:44:38.860+0000] {spark_submit.py:492} INFO - 23/06/25 05:44:38 INFO SecurityManager: Changing modify acls to: default
[2023-06-25T05:44:38.861+0000] {spark_submit.py:492} INFO - 23/06/25 05:44:38 INFO SecurityManager: Changing view acls groups to:
[2023-06-25T05:44:38.862+0000] {spark_submit.py:492} INFO - 23/06/25 05:44:38 INFO SecurityManager: Changing modify acls groups to:
[2023-06-25T05:44:38.862+0000] {spark_submit.py:492} INFO - 23/06/25 05:44:38 INFO SecurityManager: SecurityManager: authentication disabled; ui acls disabled; users  with view permissions: Set(default); groups with view permissions: Set(); users  with modify permissions: Set(default); groups with modify permissions: Set()
[2023-06-25T05:44:39.183+0000] {spark_submit.py:492} INFO - 23/06/25 05:44:39 INFO Utils: Successfully started service 'sparkDriver' on port 46497.
[2023-06-25T05:44:39.209+0000] {spark_submit.py:492} INFO - 23/06/25 05:44:39 INFO SparkEnv: Registering MapOutputTracker
[2023-06-25T05:44:39.236+0000] {spark_submit.py:492} INFO - 23/06/25 05:44:39 INFO SparkEnv: Registering BlockManagerMaster
[2023-06-25T05:44:39.252+0000] {spark_submit.py:492} INFO - 23/06/25 05:44:39 INFO BlockManagerMasterEndpoint: Using org.apache.spark.storage.DefaultTopologyMapper for getting topology information
[2023-06-25T05:44:39.252+0000] {spark_submit.py:492} INFO - 23/06/25 05:44:39 INFO BlockManagerMasterEndpoint: BlockManagerMasterEndpoint up
[2023-06-25T05:44:39.256+0000] {spark_submit.py:492} INFO - 23/06/25 05:44:39 INFO SparkEnv: Registering BlockManagerMasterHeartbeat
[2023-06-25T05:44:39.279+0000] {spark_submit.py:492} INFO - 23/06/25 05:44:39 INFO DiskBlockManager: Created local directory at /tmp/blockmgr-989fe32c-1b02-487d-8c0a-019ebda8536d
[2023-06-25T05:44:39.298+0000] {spark_submit.py:492} INFO - 23/06/25 05:44:39 INFO MemoryStore: MemoryStore started with capacity 434.4 MiB
[2023-06-25T05:44:39.310+0000] {spark_submit.py:492} INFO - 23/06/25 05:44:39 INFO SparkEnv: Registering OutputCommitCoordinator
[2023-06-25T05:44:39.595+0000] {spark_submit.py:492} INFO - 23/06/25 05:44:39 WARN Utils: Service 'SparkUI' could not bind on port 4040. Attempting port 4041.
[2023-06-25T05:44:39.596+0000] {spark_submit.py:492} INFO - 23/06/25 05:44:39 WARN Utils: Service 'SparkUI' could not bind on port 4041. Attempting port 4042.
[2023-06-25T05:44:39.637+0000] {spark_submit.py:492} INFO - 23/06/25 05:44:39 INFO Utils: Successfully started service 'SparkUI' on port 4042.
[2023-06-25T05:44:39.791+0000] {spark_submit.py:492} INFO - 23/06/25 05:44:39 INFO SparkUI: Bound SparkUI to 0.0.0.0, and started at http://a8d69ab09d2d:4042
[2023-06-25T05:44:39.819+0000] {spark_submit.py:492} INFO - 23/06/25 05:44:39 INFO SparkContext: Added JAR local:///opt/spark/jars/hadoop-aws-3.2.0.jar at file:/opt/spark/jars/hadoop-aws-3.2.0.jar with timestamp 1687671878531
[2023-06-25T05:44:39.820+0000] {spark_submit.py:492} INFO - 23/06/25 05:44:39 INFO SparkContext: Added JAR local:///opt/spark/jars/aws-java-sdk-bundle-1.11.375.jar at file:/opt/spark/jars/aws-java-sdk-bundle-1.11.375.jar with timestamp 1687671878531
[2023-06-25T05:44:40.250+0000] {spark_submit.py:492} INFO - 23/06/25 05:44:40 INFO StandaloneAppClient$ClientEndpoint: Connecting to master spark://spark:7077...
[2023-06-25T05:44:40.319+0000] {spark_submit.py:492} INFO - 23/06/25 05:44:40 INFO TransportClientFactory: Successfully created connection to spark/172.19.0.9:7077 after 38 ms (0 ms spent in bootstraps)
[2023-06-25T05:44:40.432+0000] {spark_submit.py:492} INFO - 23/06/25 05:44:40 INFO StandaloneSchedulerBackend: Connected to Spark cluster with app ID app-20230625054440-0017
[2023-06-25T05:44:40.447+0000] {spark_submit.py:492} INFO - 23/06/25 05:44:40 INFO Utils: Successfully started service 'org.apache.spark.network.netty.NettyBlockTransferService' on port 43135.
[2023-06-25T05:44:40.447+0000] {spark_submit.py:492} INFO - 23/06/25 05:44:40 INFO NettyBlockTransferService: Server created on a8d69ab09d2d:43135
[2023-06-25T05:44:40.451+0000] {spark_submit.py:492} INFO - 23/06/25 05:44:40 INFO BlockManager: Using org.apache.spark.storage.RandomBlockReplicationPolicy for block replication policy
[2023-06-25T05:44:40.461+0000] {spark_submit.py:492} INFO - 23/06/25 05:44:40 INFO BlockManagerMaster: Registering BlockManager BlockManagerId(driver, a8d69ab09d2d, 43135, None)
[2023-06-25T05:44:40.469+0000] {spark_submit.py:492} INFO - 23/06/25 05:44:40 INFO BlockManagerMasterEndpoint: Registering block manager a8d69ab09d2d:43135 with 434.4 MiB RAM, BlockManagerId(driver, a8d69ab09d2d, 43135, None)
[2023-06-25T05:44:40.481+0000] {spark_submit.py:492} INFO - 23/06/25 05:44:40 INFO BlockManagerMaster: Registered BlockManager BlockManagerId(driver, a8d69ab09d2d, 43135, None)
[2023-06-25T05:44:40.483+0000] {spark_submit.py:492} INFO - 23/06/25 05:44:40 INFO BlockManager: Initialized BlockManager: BlockManagerId(driver, a8d69ab09d2d, 43135, None)
[2023-06-25T05:44:40.731+0000] {spark_submit.py:492} INFO - 23/06/25 05:44:40 INFO StandaloneSchedulerBackend: SchedulerBackend is ready for scheduling beginning after reached minRegisteredResourcesRatio: 0.0
[2023-06-25T05:44:41.025+0000] {spark_submit.py:492} INFO - 23/06/25 05:44:41 INFO SharedState: Setting hive.metastore.warehouse.dir ('null') to the value of spark.sql.warehouse.dir.
[2023-06-25T05:44:41.047+0000] {spark_submit.py:492} INFO - 23/06/25 05:44:41 INFO SharedState: Warehouse path is 'file:/opt/***/spark-warehouse'.
[2023-06-25T05:44:45.040+0000] {spark_submit.py:492} INFO - 23/06/25 05:44:45 INFO CodeGenerator: Code generated in 110.687082 ms
[2023-06-25T05:44:45.071+0000] {spark_submit.py:492} INFO - 23/06/25 05:44:45 INFO SparkContext: Starting job: showString at NativeMethodAccessorImpl.java:0
[2023-06-25T05:44:45.084+0000] {spark_submit.py:492} INFO - 23/06/25 05:44:45 INFO DAGScheduler: Got job 0 (showString at NativeMethodAccessorImpl.java:0) with 1 output partitions
[2023-06-25T05:44:45.084+0000] {spark_submit.py:492} INFO - 23/06/25 05:44:45 INFO DAGScheduler: Final stage: ResultStage 0 (showString at NativeMethodAccessorImpl.java:0)
[2023-06-25T05:44:45.084+0000] {spark_submit.py:492} INFO - 23/06/25 05:44:45 INFO DAGScheduler: Parents of final stage: List()
[2023-06-25T05:44:45.085+0000] {spark_submit.py:492} INFO - 23/06/25 05:44:45 INFO DAGScheduler: Missing parents: List()
[2023-06-25T05:44:45.089+0000] {spark_submit.py:492} INFO - 23/06/25 05:44:45 INFO DAGScheduler: Submitting ResultStage 0 (MapPartitionsRDD[6] at showString at NativeMethodAccessorImpl.java:0), which has no missing parents
[2023-06-25T05:44:45.173+0000] {spark_submit.py:492} INFO - 23/06/25 05:44:45 INFO MemoryStore: Block broadcast_0 stored as values in memory (estimated size 11.7 KiB, free 434.4 MiB)
[2023-06-25T05:44:45.197+0000] {spark_submit.py:492} INFO - 23/06/25 05:44:45 INFO MemoryStore: Block broadcast_0_piece0 stored as bytes in memory (estimated size 6.2 KiB, free 434.4 MiB)
[2023-06-25T05:44:45.200+0000] {spark_submit.py:492} INFO - 23/06/25 05:44:45 INFO BlockManagerInfo: Added broadcast_0_piece0 in memory on a8d69ab09d2d:43135 (size: 6.2 KiB, free: 434.4 MiB)
[2023-06-25T05:44:45.204+0000] {spark_submit.py:492} INFO - 23/06/25 05:44:45 INFO SparkContext: Created broadcast 0 from broadcast at DAGScheduler.scala:1427
[2023-06-25T05:44:45.216+0000] {spark_submit.py:492} INFO - 23/06/25 05:44:45 INFO DAGScheduler: Submitting 1 missing tasks from ResultStage 0 (MapPartitionsRDD[6] at showString at NativeMethodAccessorImpl.java:0) (first 15 tasks are for partitions Vector(0))
[2023-06-25T05:44:45.217+0000] {spark_submit.py:492} INFO - 23/06/25 05:44:45 INFO TaskSchedulerImpl: Adding task set 0.0 with 1 tasks resource profile 0
[2023-06-25T05:45:00.235+0000] {spark_submit.py:492} INFO - 23/06/25 05:45:00 WARN TaskSchedulerImpl: Initial job has not accepted any resources; check your cluster UI to ensure that workers are registered and have sufficient resources
[2023-06-25T05:45:15.234+0000] {spark_submit.py:492} INFO - 23/06/25 05:45:15 WARN TaskSchedulerImpl: Initial job has not accepted any resources; check your cluster UI to ensure that workers are registered and have sufficient resources
[2023-06-25T05:45:30.234+0000] {spark_submit.py:492} INFO - 23/06/25 05:45:30 WARN TaskSchedulerImpl: Initial job has not accepted any resources; check your cluster UI to ensure that workers are registered and have sufficient resources
[2023-06-25T05:45:45.235+0000] {spark_submit.py:492} INFO - 23/06/25 05:45:45 WARN TaskSchedulerImpl: Initial job has not accepted any resources; check your cluster UI to ensure that workers are registered and have sufficient resources
[2023-06-25T05:46:00.235+0000] {spark_submit.py:492} INFO - 23/06/25 05:46:00 WARN TaskSchedulerImpl: Initial job has not accepted any resources; check your cluster UI to ensure that workers are registered and have sufficient resources
[2023-06-25T05:46:15.235+0000] {spark_submit.py:492} INFO - 23/06/25 05:46:15 WARN TaskSchedulerImpl: Initial job has not accepted any resources; check your cluster UI to ensure that workers are registered and have sufficient resources
[2023-06-25T05:46:30.234+0000] {spark_submit.py:492} INFO - 23/06/25 05:46:30 WARN TaskSchedulerImpl: Initial job has not accepted any resources; check your cluster UI to ensure that workers are registered and have sufficient resources
[2023-06-25T05:46:45.234+0000] {spark_submit.py:492} INFO - 23/06/25 05:46:45 WARN TaskSchedulerImpl: Initial job has not accepted any resources; check your cluster UI to ensure that workers are registered and have sufficient resources
[2023-06-25T05:47:00.235+0000] {spark_submit.py:492} INFO - 23/06/25 05:47:00 WARN TaskSchedulerImpl: Initial job has not accepted any resources; check your cluster UI to ensure that workers are registered and have sufficient resources
[2023-06-25T05:47:15.235+0000] {spark_submit.py:492} INFO - 23/06/25 05:47:15 WARN TaskSchedulerImpl: Initial job has not accepted any resources; check your cluster UI to ensure that workers are registered and have sufficient resources
[2023-06-25T05:47:30.234+0000] {spark_submit.py:492} INFO - 23/06/25 05:47:30 WARN TaskSchedulerImpl: Initial job has not accepted any resources; check your cluster UI to ensure that workers are registered and have sufficient resources
[2023-06-25T05:47:45.234+0000] {spark_submit.py:492} INFO - 23/06/25 05:47:45 WARN TaskSchedulerImpl: Initial job has not accepted any resources; check your cluster UI to ensure that workers are registered and have sufficient resources
[2023-06-25T05:48:00.234+0000] {spark_submit.py:492} INFO - 23/06/25 05:48:00 WARN TaskSchedulerImpl: Initial job has not accepted any resources; check your cluster UI to ensure that workers are registered and have sufficient resources
[2023-06-25T05:48:15.235+0000] {spark_submit.py:492} INFO - 23/06/25 05:48:15 WARN TaskSchedulerImpl: Initial job has not accepted any resources; check your cluster UI to ensure that workers are registered and have sufficient resources
[2023-06-25T05:48:30.234+0000] {spark_submit.py:492} INFO - 23/06/25 05:48:30 WARN TaskSchedulerImpl: Initial job has not accepted any resources; check your cluster UI to ensure that workers are registered and have sufficient resources
[2023-06-25T05:48:45.234+0000] {spark_submit.py:492} INFO - 23/06/25 05:48:45 WARN TaskSchedulerImpl: Initial job has not accepted any resources; check your cluster UI to ensure that workers are registered and have sufficient resources
[2023-06-25T05:49:00.234+0000] {spark_submit.py:492} INFO - 23/06/25 05:49:00 WARN TaskSchedulerImpl: Initial job has not accepted any resources; check your cluster UI to ensure that workers are registered and have sufficient resources
[2023-06-25T05:49:15.235+0000] {spark_submit.py:492} INFO - 23/06/25 05:49:15 WARN TaskSchedulerImpl: Initial job has not accepted any resources; check your cluster UI to ensure that workers are registered and have sufficient resources
[2023-06-25T05:49:30.234+0000] {spark_submit.py:492} INFO - 23/06/25 05:49:30 WARN TaskSchedulerImpl: Initial job has not accepted any resources; check your cluster UI to ensure that workers are registered and have sufficient resources
[2023-06-25T05:49:45.234+0000] {spark_submit.py:492} INFO - 23/06/25 05:49:45 WARN TaskSchedulerImpl: Initial job has not accepted any resources; check your cluster UI to ensure that workers are registered and have sufficient resources
[2023-06-25T05:50:00.234+0000] {spark_submit.py:492} INFO - 23/06/25 05:50:00 WARN TaskSchedulerImpl: Initial job has not accepted any resources; check your cluster UI to ensure that workers are registered and have sufficient resources
[2023-06-25T05:50:15.234+0000] {spark_submit.py:492} INFO - 23/06/25 05:50:15 WARN TaskSchedulerImpl: Initial job has not accepted any resources; check your cluster UI to ensure that workers are registered and have sufficient resources
[2023-06-25T05:50:30.235+0000] {spark_submit.py:492} INFO - 23/06/25 05:50:30 WARN TaskSchedulerImpl: Initial job has not accepted any resources; check your cluster UI to ensure that workers are registered and have sufficient resources
[2023-06-25T05:50:45.234+0000] {spark_submit.py:492} INFO - 23/06/25 05:50:45 WARN TaskSchedulerImpl: Initial job has not accepted any resources; check your cluster UI to ensure that workers are registered and have sufficient resources
[2023-06-25T05:51:00.234+0000] {spark_submit.py:492} INFO - 23/06/25 05:51:00 WARN TaskSchedulerImpl: Initial job has not accepted any resources; check your cluster UI to ensure that workers are registered and have sufficient resources
[2023-06-25T05:51:15.234+0000] {spark_submit.py:492} INFO - 23/06/25 05:51:15 WARN TaskSchedulerImpl: Initial job has not accepted any resources; check your cluster UI to ensure that workers are registered and have sufficient resources
[2023-06-25T05:51:28.671+0000] {spark_submit.py:492} INFO - 23/06/25 05:51:28 WARN StandaloneAppClient$ClientEndpoint: Connection to bce6080000f5:7077 failed; waiting for master to reconnect...
[2023-06-25T05:51:28.671+0000] {spark_submit.py:492} INFO - 23/06/25 05:51:28 WARN StandaloneSchedulerBackend: Disconnected from Spark cluster! Waiting for reconnection...
[2023-06-25T05:51:30.235+0000] {spark_submit.py:492} INFO - 23/06/25 05:51:30 WARN TaskSchedulerImpl: Initial job has not accepted any resources; check your cluster UI to ensure that workers are registered and have sufficient resources
[2023-06-25T05:51:45.234+0000] {spark_submit.py:492} INFO - 23/06/25 05:51:45 WARN TaskSchedulerImpl: Initial job has not accepted any resources; check your cluster UI to ensure that workers are registered and have sufficient resources
[2023-06-25T05:52:00.234+0000] {spark_submit.py:492} INFO - 23/06/25 05:52:00 WARN TaskSchedulerImpl: Initial job has not accepted any resources; check your cluster UI to ensure that workers are registered and have sufficient resources
[2023-06-25T05:52:15.234+0000] {spark_submit.py:492} INFO - 23/06/25 05:52:15 WARN TaskSchedulerImpl: Initial job has not accepted any resources; check your cluster UI to ensure that workers are registered and have sufficient resources
[2023-06-25T05:52:30.235+0000] {spark_submit.py:492} INFO - 23/06/25 05:52:30 WARN TaskSchedulerImpl: Initial job has not accepted any resources; check your cluster UI to ensure that workers are registered and have sufficient resources
[2023-06-25T05:52:45.234+0000] {spark_submit.py:492} INFO - 23/06/25 05:52:45 WARN TaskSchedulerImpl: Initial job has not accepted any resources; check your cluster UI to ensure that workers are registered and have sufficient resources
[2023-06-25T05:53:00.235+0000] {spark_submit.py:492} INFO - 23/06/25 05:53:00 WARN TaskSchedulerImpl: Initial job has not accepted any resources; check your cluster UI to ensure that workers are registered and have sufficient resources
[2023-06-25T05:53:15.234+0000] {spark_submit.py:492} INFO - 23/06/25 05:53:15 WARN TaskSchedulerImpl: Initial job has not accepted any resources; check your cluster UI to ensure that workers are registered and have sufficient resources
[2023-06-25T05:53:30.234+0000] {spark_submit.py:492} INFO - 23/06/25 05:53:30 WARN TaskSchedulerImpl: Initial job has not accepted any resources; check your cluster UI to ensure that workers are registered and have sufficient resources
[2023-06-25T05:53:45.234+0000] {spark_submit.py:492} INFO - 23/06/25 05:53:45 WARN TaskSchedulerImpl: Initial job has not accepted any resources; check your cluster UI to ensure that workers are registered and have sufficient resources
[2023-06-25T05:54:00.235+0000] {spark_submit.py:492} INFO - 23/06/25 05:54:00 WARN TaskSchedulerImpl: Initial job has not accepted any resources; check your cluster UI to ensure that workers are registered and have sufficient resources
[2023-06-25T05:54:15.234+0000] {spark_submit.py:492} INFO - 23/06/25 05:54:15 WARN TaskSchedulerImpl: Initial job has not accepted any resources; check your cluster UI to ensure that workers are registered and have sufficient resources
[2023-06-25T05:54:30.234+0000] {spark_submit.py:492} INFO - 23/06/25 05:54:30 WARN TaskSchedulerImpl: Initial job has not accepted any resources; check your cluster UI to ensure that workers are registered and have sufficient resources
[2023-06-25T05:54:45.234+0000] {spark_submit.py:492} INFO - 23/06/25 05:54:45 WARN TaskSchedulerImpl: Initial job has not accepted any resources; check your cluster UI to ensure that workers are registered and have sufficient resources
[2023-06-25T05:55:00.235+0000] {spark_submit.py:492} INFO - 23/06/25 05:55:00 WARN TaskSchedulerImpl: Initial job has not accepted any resources; check your cluster UI to ensure that workers are registered and have sufficient resources
[2023-06-25T05:55:15.234+0000] {spark_submit.py:492} INFO - 23/06/25 05:55:15 WARN TaskSchedulerImpl: Initial job has not accepted any resources; check your cluster UI to ensure that workers are registered and have sufficient resources
[2023-06-25T05:55:30.234+0000] {spark_submit.py:492} INFO - 23/06/25 05:55:30 WARN TaskSchedulerImpl: Initial job has not accepted any resources; check your cluster UI to ensure that workers are registered and have sufficient resources
[2023-06-25T05:55:45.235+0000] {spark_submit.py:492} INFO - 23/06/25 05:55:45 WARN TaskSchedulerImpl: Initial job has not accepted any resources; check your cluster UI to ensure that workers are registered and have sufficient resources
[2023-06-25T05:56:00.234+0000] {spark_submit.py:492} INFO - 23/06/25 05:56:00 WARN TaskSchedulerImpl: Initial job has not accepted any resources; check your cluster UI to ensure that workers are registered and have sufficient resources
[2023-06-25T05:56:15.234+0000] {spark_submit.py:492} INFO - 23/06/25 05:56:15 WARN TaskSchedulerImpl: Initial job has not accepted any resources; check your cluster UI to ensure that workers are registered and have sufficient resources
[2023-06-25T05:56:30.235+0000] {spark_submit.py:492} INFO - 23/06/25 05:56:30 WARN TaskSchedulerImpl: Initial job has not accepted any resources; check your cluster UI to ensure that workers are registered and have sufficient resources
[2023-06-25T05:56:45.235+0000] {spark_submit.py:492} INFO - 23/06/25 05:56:45 WARN TaskSchedulerImpl: Initial job has not accepted any resources; check your cluster UI to ensure that workers are registered and have sufficient resources
[2023-06-25T05:57:00.234+0000] {spark_submit.py:492} INFO - 23/06/25 05:57:00 WARN TaskSchedulerImpl: Initial job has not accepted any resources; check your cluster UI to ensure that workers are registered and have sufficient resources
[2023-06-25T05:57:15.234+0000] {spark_submit.py:492} INFO - 23/06/25 05:57:15 WARN TaskSchedulerImpl: Initial job has not accepted any resources; check your cluster UI to ensure that workers are registered and have sufficient resources
[2023-06-25T05:57:30.235+0000] {spark_submit.py:492} INFO - 23/06/25 05:57:30 WARN TaskSchedulerImpl: Initial job has not accepted any resources; check your cluster UI to ensure that workers are registered and have sufficient resources
[2023-06-25T05:57:45.235+0000] {spark_submit.py:492} INFO - 23/06/25 05:57:45 WARN TaskSchedulerImpl: Initial job has not accepted any resources; check your cluster UI to ensure that workers are registered and have sufficient resources
[2023-06-25T05:58:00.234+0000] {spark_submit.py:492} INFO - 23/06/25 05:58:00 WARN TaskSchedulerImpl: Initial job has not accepted any resources; check your cluster UI to ensure that workers are registered and have sufficient resources
[2023-06-25T05:58:15.234+0000] {spark_submit.py:492} INFO - 23/06/25 05:58:15 WARN TaskSchedulerImpl: Initial job has not accepted any resources; check your cluster UI to ensure that workers are registered and have sufficient resources
[2023-06-25T05:58:30.235+0000] {spark_submit.py:492} INFO - 23/06/25 05:58:30 WARN TaskSchedulerImpl: Initial job has not accepted any resources; check your cluster UI to ensure that workers are registered and have sufficient resources
[2023-06-25T05:58:45.234+0000] {spark_submit.py:492} INFO - 23/06/25 05:58:45 WARN TaskSchedulerImpl: Initial job has not accepted any resources; check your cluster UI to ensure that workers are registered and have sufficient resources
[2023-06-25T05:59:00.234+0000] {spark_submit.py:492} INFO - 23/06/25 05:59:00 WARN TaskSchedulerImpl: Initial job has not accepted any resources; check your cluster UI to ensure that workers are registered and have sufficient resources
[2023-06-25T05:59:15.234+0000] {spark_submit.py:492} INFO - 23/06/25 05:59:15 WARN TaskSchedulerImpl: Initial job has not accepted any resources; check your cluster UI to ensure that workers are registered and have sufficient resources
[2023-06-25T05:59:30.235+0000] {spark_submit.py:492} INFO - 23/06/25 05:59:30 WARN TaskSchedulerImpl: Initial job has not accepted any resources; check your cluster UI to ensure that workers are registered and have sufficient resources
[2023-06-25T05:59:45.234+0000] {spark_submit.py:492} INFO - 23/06/25 05:59:45 WARN TaskSchedulerImpl: Initial job has not accepted any resources; check your cluster UI to ensure that workers are registered and have sufficient resources
[2023-06-25T06:00:00.235+0000] {spark_submit.py:492} INFO - 23/06/25 06:00:00 WARN TaskSchedulerImpl: Initial job has not accepted any resources; check your cluster UI to ensure that workers are registered and have sufficient resources
[2023-06-25T06:00:15.235+0000] {spark_submit.py:492} INFO - 23/06/25 06:00:15 WARN TaskSchedulerImpl: Initial job has not accepted any resources; check your cluster UI to ensure that workers are registered and have sufficient resources
[2023-06-25T06:00:30.234+0000] {spark_submit.py:492} INFO - 23/06/25 06:00:30 WARN TaskSchedulerImpl: Initial job has not accepted any resources; check your cluster UI to ensure that workers are registered and have sufficient resources
[2023-06-25T06:00:45.234+0000] {spark_submit.py:492} INFO - 23/06/25 06:00:45 WARN TaskSchedulerImpl: Initial job has not accepted any resources; check your cluster UI to ensure that workers are registered and have sufficient resources
[2023-06-25T06:01:00.235+0000] {spark_submit.py:492} INFO - 23/06/25 06:01:00 WARN TaskSchedulerImpl: Initial job has not accepted any resources; check your cluster UI to ensure that workers are registered and have sufficient resources
[2023-06-25T06:01:15.234+0000] {spark_submit.py:492} INFO - 23/06/25 06:01:15 WARN TaskSchedulerImpl: Initial job has not accepted any resources; check your cluster UI to ensure that workers are registered and have sufficient resources
[2023-06-25T06:01:30.234+0000] {spark_submit.py:492} INFO - 23/06/25 06:01:30 WARN TaskSchedulerImpl: Initial job has not accepted any resources; check your cluster UI to ensure that workers are registered and have sufficient resources
[2023-06-25T06:01:45.235+0000] {spark_submit.py:492} INFO - 23/06/25 06:01:45 WARN TaskSchedulerImpl: Initial job has not accepted any resources; check your cluster UI to ensure that workers are registered and have sufficient resources
[2023-06-25T06:02:00.234+0000] {spark_submit.py:492} INFO - 23/06/25 06:02:00 WARN TaskSchedulerImpl: Initial job has not accepted any resources; check your cluster UI to ensure that workers are registered and have sufficient resources
[2023-06-25T06:02:15.235+0000] {spark_submit.py:492} INFO - 23/06/25 06:02:15 WARN TaskSchedulerImpl: Initial job has not accepted any resources; check your cluster UI to ensure that workers are registered and have sufficient resources
[2023-06-25T06:02:30.234+0000] {spark_submit.py:492} INFO - 23/06/25 06:02:30 WARN TaskSchedulerImpl: Initial job has not accepted any resources; check your cluster UI to ensure that workers are registered and have sufficient resources
[2023-06-25T06:02:45.234+0000] {spark_submit.py:492} INFO - 23/06/25 06:02:45 WARN TaskSchedulerImpl: Initial job has not accepted any resources; check your cluster UI to ensure that workers are registered and have sufficient resources
[2023-06-25T06:03:00.235+0000] {spark_submit.py:492} INFO - 23/06/25 06:03:00 WARN TaskSchedulerImpl: Initial job has not accepted any resources; check your cluster UI to ensure that workers are registered and have sufficient resources
[2023-06-25T06:03:15.235+0000] {spark_submit.py:492} INFO - 23/06/25 06:03:15 WARN TaskSchedulerImpl: Initial job has not accepted any resources; check your cluster UI to ensure that workers are registered and have sufficient resources
[2023-06-25T06:03:30.234+0000] {spark_submit.py:492} INFO - 23/06/25 06:03:30 WARN TaskSchedulerImpl: Initial job has not accepted any resources; check your cluster UI to ensure that workers are registered and have sufficient resources
[2023-06-25T06:03:45.234+0000] {spark_submit.py:492} INFO - 23/06/25 06:03:45 WARN TaskSchedulerImpl: Initial job has not accepted any resources; check your cluster UI to ensure that workers are registered and have sufficient resources
[2023-06-25T06:04:00.234+0000] {spark_submit.py:492} INFO - 23/06/25 06:04:00 WARN TaskSchedulerImpl: Initial job has not accepted any resources; check your cluster UI to ensure that workers are registered and have sufficient resources
[2023-06-25T06:04:15.235+0000] {spark_submit.py:492} INFO - 23/06/25 06:04:15 WARN TaskSchedulerImpl: Initial job has not accepted any resources; check your cluster UI to ensure that workers are registered and have sufficient resources
[2023-06-25T06:04:30.235+0000] {spark_submit.py:492} INFO - 23/06/25 06:04:30 WARN TaskSchedulerImpl: Initial job has not accepted any resources; check your cluster UI to ensure that workers are registered and have sufficient resources
[2023-06-25T06:04:45.234+0000] {spark_submit.py:492} INFO - 23/06/25 06:04:45 WARN TaskSchedulerImpl: Initial job has not accepted any resources; check your cluster UI to ensure that workers are registered and have sufficient resources
[2023-06-25T06:05:00.235+0000] {spark_submit.py:492} INFO - 23/06/25 06:05:00 WARN TaskSchedulerImpl: Initial job has not accepted any resources; check your cluster UI to ensure that workers are registered and have sufficient resources
[2023-06-25T06:05:15.235+0000] {spark_submit.py:492} INFO - 23/06/25 06:05:15 WARN TaskSchedulerImpl: Initial job has not accepted any resources; check your cluster UI to ensure that workers are registered and have sufficient resources
[2023-06-25T06:05:30.234+0000] {spark_submit.py:492} INFO - 23/06/25 06:05:30 WARN TaskSchedulerImpl: Initial job has not accepted any resources; check your cluster UI to ensure that workers are registered and have sufficient resources
[2023-06-25T06:05:45.234+0000] {spark_submit.py:492} INFO - 23/06/25 06:05:45 WARN TaskSchedulerImpl: Initial job has not accepted any resources; check your cluster UI to ensure that workers are registered and have sufficient resources
[2023-06-25T06:06:00.235+0000] {spark_submit.py:492} INFO - 23/06/25 06:06:00 WARN TaskSchedulerImpl: Initial job has not accepted any resources; check your cluster UI to ensure that workers are registered and have sufficient resources
[2023-06-25T06:06:15.235+0000] {spark_submit.py:492} INFO - 23/06/25 06:06:15 WARN TaskSchedulerImpl: Initial job has not accepted any resources; check your cluster UI to ensure that workers are registered and have sufficient resources
[2023-06-25T06:06:30.234+0000] {spark_submit.py:492} INFO - 23/06/25 06:06:30 WARN TaskSchedulerImpl: Initial job has not accepted any resources; check your cluster UI to ensure that workers are registered and have sufficient resources
[2023-06-25T06:06:45.234+0000] {spark_submit.py:492} INFO - 23/06/25 06:06:45 WARN TaskSchedulerImpl: Initial job has not accepted any resources; check your cluster UI to ensure that workers are registered and have sufficient resources
[2023-06-25T06:07:00.235+0000] {spark_submit.py:492} INFO - 23/06/25 06:07:00 WARN TaskSchedulerImpl: Initial job has not accepted any resources; check your cluster UI to ensure that workers are registered and have sufficient resources
[2023-06-25T06:07:15.235+0000] {spark_submit.py:492} INFO - 23/06/25 06:07:15 WARN TaskSchedulerImpl: Initial job has not accepted any resources; check your cluster UI to ensure that workers are registered and have sufficient resources
[2023-06-25T06:07:30.235+0000] {spark_submit.py:492} INFO - 23/06/25 06:07:30 WARN TaskSchedulerImpl: Initial job has not accepted any resources; check your cluster UI to ensure that workers are registered and have sufficient resources
[2023-06-25T06:07:45.235+0000] {spark_submit.py:492} INFO - 23/06/25 06:07:45 WARN TaskSchedulerImpl: Initial job has not accepted any resources; check your cluster UI to ensure that workers are registered and have sufficient resources
[2023-06-25T06:08:00.234+0000] {spark_submit.py:492} INFO - 23/06/25 06:08:00 WARN TaskSchedulerImpl: Initial job has not accepted any resources; check your cluster UI to ensure that workers are registered and have sufficient resources
[2023-06-25T06:08:15.234+0000] {spark_submit.py:492} INFO - 23/06/25 06:08:15 WARN TaskSchedulerImpl: Initial job has not accepted any resources; check your cluster UI to ensure that workers are registered and have sufficient resources
[2023-06-25T06:08:30.235+0000] {spark_submit.py:492} INFO - 23/06/25 06:08:30 WARN TaskSchedulerImpl: Initial job has not accepted any resources; check your cluster UI to ensure that workers are registered and have sufficient resources
[2023-06-25T06:08:45.234+0000] {spark_submit.py:492} INFO - 23/06/25 06:08:45 WARN TaskSchedulerImpl: Initial job has not accepted any resources; check your cluster UI to ensure that workers are registered and have sufficient resources
[2023-06-25T06:09:00.234+0000] {spark_submit.py:492} INFO - 23/06/25 06:09:00 WARN TaskSchedulerImpl: Initial job has not accepted any resources; check your cluster UI to ensure that workers are registered and have sufficient resources
[2023-06-25T06:09:15.234+0000] {spark_submit.py:492} INFO - 23/06/25 06:09:15 WARN TaskSchedulerImpl: Initial job has not accepted any resources; check your cluster UI to ensure that workers are registered and have sufficient resources
[2023-06-25T06:09:30.235+0000] {spark_submit.py:492} INFO - 23/06/25 06:09:30 WARN TaskSchedulerImpl: Initial job has not accepted any resources; check your cluster UI to ensure that workers are registered and have sufficient resources
[2023-06-25T06:09:45.235+0000] {spark_submit.py:492} INFO - 23/06/25 06:09:45 WARN TaskSchedulerImpl: Initial job has not accepted any resources; check your cluster UI to ensure that workers are registered and have sufficient resources
[2023-06-25T06:10:00.234+0000] {spark_submit.py:492} INFO - 23/06/25 06:10:00 WARN TaskSchedulerImpl: Initial job has not accepted any resources; check your cluster UI to ensure that workers are registered and have sufficient resources
[2023-06-25T06:10:15.235+0000] {spark_submit.py:492} INFO - 23/06/25 06:10:15 WARN TaskSchedulerImpl: Initial job has not accepted any resources; check your cluster UI to ensure that workers are registered and have sufficient resources
[2023-06-25T06:10:30.234+0000] {spark_submit.py:492} INFO - 23/06/25 06:10:30 WARN TaskSchedulerImpl: Initial job has not accepted any resources; check your cluster UI to ensure that workers are registered and have sufficient resources
[2023-06-25T06:10:45.234+0000] {spark_submit.py:492} INFO - 23/06/25 06:10:45 WARN TaskSchedulerImpl: Initial job has not accepted any resources; check your cluster UI to ensure that workers are registered and have sufficient resources
[2023-06-25T06:11:00.235+0000] {spark_submit.py:492} INFO - 23/06/25 06:11:00 WARN TaskSchedulerImpl: Initial job has not accepted any resources; check your cluster UI to ensure that workers are registered and have sufficient resources
[2023-06-25T06:11:15.235+0000] {spark_submit.py:492} INFO - 23/06/25 06:11:15 WARN TaskSchedulerImpl: Initial job has not accepted any resources; check your cluster UI to ensure that workers are registered and have sufficient resources
[2023-06-25T06:11:30.234+0000] {spark_submit.py:492} INFO - 23/06/25 06:11:30 WARN TaskSchedulerImpl: Initial job has not accepted any resources; check your cluster UI to ensure that workers are registered and have sufficient resources
[2023-06-25T06:11:45.235+0000] {spark_submit.py:492} INFO - 23/06/25 06:11:45 WARN TaskSchedulerImpl: Initial job has not accepted any resources; check your cluster UI to ensure that workers are registered and have sufficient resources
[2023-06-25T06:12:00.234+0000] {spark_submit.py:492} INFO - 23/06/25 06:12:00 WARN TaskSchedulerImpl: Initial job has not accepted any resources; check your cluster UI to ensure that workers are registered and have sufficient resources
[2023-06-25T06:12:15.234+0000] {spark_submit.py:492} INFO - 23/06/25 06:12:15 WARN TaskSchedulerImpl: Initial job has not accepted any resources; check your cluster UI to ensure that workers are registered and have sufficient resources
[2023-06-25T06:12:30.234+0000] {spark_submit.py:492} INFO - 23/06/25 06:12:30 WARN TaskSchedulerImpl: Initial job has not accepted any resources; check your cluster UI to ensure that workers are registered and have sufficient resources
[2023-06-25T06:12:45.235+0000] {spark_submit.py:492} INFO - 23/06/25 06:12:45 WARN TaskSchedulerImpl: Initial job has not accepted any resources; check your cluster UI to ensure that workers are registered and have sufficient resources
[2023-06-25T06:13:00.234+0000] {spark_submit.py:492} INFO - 23/06/25 06:13:00 WARN TaskSchedulerImpl: Initial job has not accepted any resources; check your cluster UI to ensure that workers are registered and have sufficient resources
[2023-06-25T06:13:15.234+0000] {spark_submit.py:492} INFO - 23/06/25 06:13:15 WARN TaskSchedulerImpl: Initial job has not accepted any resources; check your cluster UI to ensure that workers are registered and have sufficient resources
[2023-06-25T06:13:30.234+0000] {spark_submit.py:492} INFO - 23/06/25 06:13:30 WARN TaskSchedulerImpl: Initial job has not accepted any resources; check your cluster UI to ensure that workers are registered and have sufficient resources
[2023-06-25T06:13:45.235+0000] {spark_submit.py:492} INFO - 23/06/25 06:13:45 WARN TaskSchedulerImpl: Initial job has not accepted any resources; check your cluster UI to ensure that workers are registered and have sufficient resources
[2023-06-25T06:14:00.234+0000] {spark_submit.py:492} INFO - 23/06/25 06:14:00 WARN TaskSchedulerImpl: Initial job has not accepted any resources; check your cluster UI to ensure that workers are registered and have sufficient resources
[2023-06-25T06:14:15.234+0000] {spark_submit.py:492} INFO - 23/06/25 06:14:15 WARN TaskSchedulerImpl: Initial job has not accepted any resources; check your cluster UI to ensure that workers are registered and have sufficient resources
[2023-06-25T06:14:30.235+0000] {spark_submit.py:492} INFO - 23/06/25 06:14:30 WARN TaskSchedulerImpl: Initial job has not accepted any resources; check your cluster UI to ensure that workers are registered and have sufficient resources
[2023-06-25T06:14:45.234+0000] {spark_submit.py:492} INFO - 23/06/25 06:14:45 WARN TaskSchedulerImpl: Initial job has not accepted any resources; check your cluster UI to ensure that workers are registered and have sufficient resources
[2023-06-25T06:15:00.235+0000] {spark_submit.py:492} INFO - 23/06/25 06:15:00 WARN TaskSchedulerImpl: Initial job has not accepted any resources; check your cluster UI to ensure that workers are registered and have sufficient resources
[2023-06-25T06:15:15.234+0000] {spark_submit.py:492} INFO - 23/06/25 06:15:15 WARN TaskSchedulerImpl: Initial job has not accepted any resources; check your cluster UI to ensure that workers are registered and have sufficient resources
[2023-06-25T06:15:30.235+0000] {spark_submit.py:492} INFO - 23/06/25 06:15:30 WARN TaskSchedulerImpl: Initial job has not accepted any resources; check your cluster UI to ensure that workers are registered and have sufficient resources
[2023-06-25T06:15:45.235+0000] {spark_submit.py:492} INFO - 23/06/25 06:15:45 WARN TaskSchedulerImpl: Initial job has not accepted any resources; check your cluster UI to ensure that workers are registered and have sufficient resources
[2023-06-25T06:16:00.234+0000] {spark_submit.py:492} INFO - 23/06/25 06:16:00 WARN TaskSchedulerImpl: Initial job has not accepted any resources; check your cluster UI to ensure that workers are registered and have sufficient resources
[2023-06-25T06:16:15.234+0000] {spark_submit.py:492} INFO - 23/06/25 06:16:15 WARN TaskSchedulerImpl: Initial job has not accepted any resources; check your cluster UI to ensure that workers are registered and have sufficient resources
[2023-06-25T06:16:30.234+0000] {spark_submit.py:492} INFO - 23/06/25 06:16:30 WARN TaskSchedulerImpl: Initial job has not accepted any resources; check your cluster UI to ensure that workers are registered and have sufficient resources
[2023-06-25T06:16:45.235+0000] {spark_submit.py:492} INFO - 23/06/25 06:16:45 WARN TaskSchedulerImpl: Initial job has not accepted any resources; check your cluster UI to ensure that workers are registered and have sufficient resources
[2023-06-25T06:17:00.234+0000] {spark_submit.py:492} INFO - 23/06/25 06:17:00 WARN TaskSchedulerImpl: Initial job has not accepted any resources; check your cluster UI to ensure that workers are registered and have sufficient resources
[2023-06-25T06:17:15.234+0000] {spark_submit.py:492} INFO - 23/06/25 06:17:15 WARN TaskSchedulerImpl: Initial job has not accepted any resources; check your cluster UI to ensure that workers are registered and have sufficient resources
[2023-06-25T06:17:30.234+0000] {spark_submit.py:492} INFO - 23/06/25 06:17:30 WARN TaskSchedulerImpl: Initial job has not accepted any resources; check your cluster UI to ensure that workers are registered and have sufficient resources
[2023-06-25T06:17:45.235+0000] {spark_submit.py:492} INFO - 23/06/25 06:17:45 WARN TaskSchedulerImpl: Initial job has not accepted any resources; check your cluster UI to ensure that workers are registered and have sufficient resources
[2023-06-25T06:18:00.234+0000] {spark_submit.py:492} INFO - 23/06/25 06:18:00 WARN TaskSchedulerImpl: Initial job has not accepted any resources; check your cluster UI to ensure that workers are registered and have sufficient resources
[2023-06-25T06:18:15.234+0000] {spark_submit.py:492} INFO - 23/06/25 06:18:15 WARN TaskSchedulerImpl: Initial job has not accepted any resources; check your cluster UI to ensure that workers are registered and have sufficient resources
[2023-06-25T06:18:30.234+0000] {spark_submit.py:492} INFO - 23/06/25 06:18:30 WARN TaskSchedulerImpl: Initial job has not accepted any resources; check your cluster UI to ensure that workers are registered and have sufficient resources
[2023-06-25T06:18:45.235+0000] {spark_submit.py:492} INFO - 23/06/25 06:18:45 WARN TaskSchedulerImpl: Initial job has not accepted any resources; check your cluster UI to ensure that workers are registered and have sufficient resources
[2023-06-25T06:19:00.234+0000] {spark_submit.py:492} INFO - 23/06/25 06:19:00 WARN TaskSchedulerImpl: Initial job has not accepted any resources; check your cluster UI to ensure that workers are registered and have sufficient resources
[2023-06-25T06:19:15.234+0000] {spark_submit.py:492} INFO - 23/06/25 06:19:15 WARN TaskSchedulerImpl: Initial job has not accepted any resources; check your cluster UI to ensure that workers are registered and have sufficient resources
[2023-06-25T06:19:30.235+0000] {spark_submit.py:492} INFO - 23/06/25 06:19:30 WARN TaskSchedulerImpl: Initial job has not accepted any resources; check your cluster UI to ensure that workers are registered and have sufficient resources
[2023-06-25T06:19:45.234+0000] {spark_submit.py:492} INFO - 23/06/25 06:19:45 WARN TaskSchedulerImpl: Initial job has not accepted any resources; check your cluster UI to ensure that workers are registered and have sufficient resources
[2023-06-25T06:20:00.234+0000] {spark_submit.py:492} INFO - 23/06/25 06:20:00 WARN TaskSchedulerImpl: Initial job has not accepted any resources; check your cluster UI to ensure that workers are registered and have sufficient resources
[2023-06-25T06:20:15.235+0000] {spark_submit.py:492} INFO - 23/06/25 06:20:15 WARN TaskSchedulerImpl: Initial job has not accepted any resources; check your cluster UI to ensure that workers are registered and have sufficient resources
[2023-06-25T06:20:30.234+0000] {spark_submit.py:492} INFO - 23/06/25 06:20:30 WARN TaskSchedulerImpl: Initial job has not accepted any resources; check your cluster UI to ensure that workers are registered and have sufficient resources
[2023-06-25T06:20:45.234+0000] {spark_submit.py:492} INFO - 23/06/25 06:20:45 WARN TaskSchedulerImpl: Initial job has not accepted any resources; check your cluster UI to ensure that workers are registered and have sufficient resources
[2023-06-25T06:21:00.234+0000] {spark_submit.py:492} INFO - 23/06/25 06:21:00 WARN TaskSchedulerImpl: Initial job has not accepted any resources; check your cluster UI to ensure that workers are registered and have sufficient resources
[2023-06-25T06:21:15.235+0000] {spark_submit.py:492} INFO - 23/06/25 06:21:15 WARN TaskSchedulerImpl: Initial job has not accepted any resources; check your cluster UI to ensure that workers are registered and have sufficient resources
[2023-06-25T06:21:30.398+0000] {spark_submit.py:492} INFO - 23/06/25 06:21:30 WARN TaskSchedulerImpl: Initial job has not accepted any resources; check your cluster UI to ensure that workers are registered and have sufficient resources
[2023-06-25T06:21:49.354+0000] {spark_submit.py:492} INFO - 23/06/25 06:21:47 WARN TaskSchedulerImpl: Initial job has not accepted any resources; check your cluster UI to ensure that workers are registered and have sufficient resources
[2023-06-25T06:21:48.666+0000] {base_job.py:243} ERROR - LocalTaskJob heartbeat got an exception
Traceback (most recent call last):
  File "/home/airflow/.local/lib/python3.8/site-packages/sqlalchemy/engine/base.py", line 3361, in _wrap_pool_connect
    return fn()
  File "/home/airflow/.local/lib/python3.8/site-packages/sqlalchemy/pool/base.py", line 327, in connect
    return _ConnectionFairy._checkout(self)
  File "/home/airflow/.local/lib/python3.8/site-packages/sqlalchemy/pool/base.py", line 894, in _checkout
    fairy = _ConnectionRecord.checkout(pool)
  File "/home/airflow/.local/lib/python3.8/site-packages/sqlalchemy/pool/base.py", line 493, in checkout
    rec = pool._do_get()
  File "/home/airflow/.local/lib/python3.8/site-packages/sqlalchemy/pool/impl.py", line 256, in _do_get
    return self._create_connection()
  File "/home/airflow/.local/lib/python3.8/site-packages/sqlalchemy/pool/base.py", line 273, in _create_connection
    return _ConnectionRecord(self)
  File "/home/airflow/.local/lib/python3.8/site-packages/sqlalchemy/pool/base.py", line 388, in __init__
    self.__connect()
  File "/home/airflow/.local/lib/python3.8/site-packages/sqlalchemy/pool/base.py", line 691, in __connect
    pool.logger.debug("Error on connect(): %s", e)
  File "/home/airflow/.local/lib/python3.8/site-packages/sqlalchemy/util/langhelpers.py", line 70, in __exit__
    compat.raise_(
  File "/home/airflow/.local/lib/python3.8/site-packages/sqlalchemy/util/compat.py", line 211, in raise_
    raise exception
  File "/home/airflow/.local/lib/python3.8/site-packages/sqlalchemy/pool/base.py", line 686, in __connect
    self.dbapi_connection = connection = pool._invoke_creator(self)
  File "/home/airflow/.local/lib/python3.8/site-packages/sqlalchemy/engine/create.py", line 578, in connect
    return dialect.connect(*cargs, **cparams)
  File "/home/airflow/.local/lib/python3.8/site-packages/sqlalchemy/engine/default.py", line 598, in connect
    return self.dbapi.connect(*cargs, **cparams)
  File "/home/airflow/.local/lib/python3.8/site-packages/psycopg2/__init__.py", line 122, in connect
    conn = _connect(dsn, connection_factory=connection_factory, **kwasync)
psycopg2.OperationalError: could not translate host name "postgres" to address: Temporary failure in name resolution


The above exception was the direct cause of the following exception:

Traceback (most recent call last):
  File "/home/airflow/.local/lib/python3.8/site-packages/airflow/jobs/base_job.py", line 233, in heartbeat
    session.merge(self)
  File "/home/airflow/.local/lib/python3.8/site-packages/sqlalchemy/orm/session.py", line 3051, in merge
    return self._merge(
  File "/home/airflow/.local/lib/python3.8/site-packages/sqlalchemy/orm/session.py", line 3131, in _merge
    merged = self.get(
  File "/home/airflow/.local/lib/python3.8/site-packages/sqlalchemy/orm/session.py", line 2848, in get
    return self._get_impl(
  File "/home/airflow/.local/lib/python3.8/site-packages/sqlalchemy/orm/session.py", line 2970, in _get_impl
    return db_load_fn(
  File "/home/airflow/.local/lib/python3.8/site-packages/sqlalchemy/orm/loading.py", line 530, in load_on_pk_identity
    session.execute(
  File "/home/airflow/.local/lib/python3.8/site-packages/sqlalchemy/orm/session.py", line 1713, in execute
    conn = self._connection_for_bind(bind)
  File "/home/airflow/.local/lib/python3.8/site-packages/sqlalchemy/orm/session.py", line 1552, in _connection_for_bind
    return self._transaction._connection_for_bind(
  File "/home/airflow/.local/lib/python3.8/site-packages/sqlalchemy/orm/session.py", line 747, in _connection_for_bind
    conn = bind.connect()
  File "/home/airflow/.local/lib/python3.8/site-packages/sqlalchemy/engine/base.py", line 3315, in connect
    return self._connection_cls(self, close_with_result=close_with_result)
  File "/home/airflow/.local/lib/python3.8/site-packages/sqlalchemy/engine/base.py", line 96, in __init__
    else engine.raw_connection()
  File "/home/airflow/.local/lib/python3.8/site-packages/sqlalchemy/engine/base.py", line 3394, in raw_connection
    return self._wrap_pool_connect(self.pool.connect, _connection)
  File "/home/airflow/.local/lib/python3.8/site-packages/sqlalchemy/engine/base.py", line 3364, in _wrap_pool_connect
    Connection._handle_dbapi_exception_noconnection(
  File "/home/airflow/.local/lib/python3.8/site-packages/sqlalchemy/engine/base.py", line 2198, in _handle_dbapi_exception_noconnection
    util.raise_(
  File "/home/airflow/.local/lib/python3.8/site-packages/sqlalchemy/util/compat.py", line 211, in raise_
    raise exception
  File "/home/airflow/.local/lib/python3.8/site-packages/sqlalchemy/engine/base.py", line 3361, in _wrap_pool_connect
    return fn()
  File "/home/airflow/.local/lib/python3.8/site-packages/sqlalchemy/pool/base.py", line 327, in connect
    return _ConnectionFairy._checkout(self)
  File "/home/airflow/.local/lib/python3.8/site-packages/sqlalchemy/pool/base.py", line 894, in _checkout
    fairy = _ConnectionRecord.checkout(pool)
  File "/home/airflow/.local/lib/python3.8/site-packages/sqlalchemy/pool/base.py", line 493, in checkout
    rec = pool._do_get()
  File "/home/airflow/.local/lib/python3.8/site-packages/sqlalchemy/pool/impl.py", line 256, in _do_get
    return self._create_connection()
  File "/home/airflow/.local/lib/python3.8/site-packages/sqlalchemy/pool/base.py", line 273, in _create_connection
    return _ConnectionRecord(self)
  File "/home/airflow/.local/lib/python3.8/site-packages/sqlalchemy/pool/base.py", line 388, in __init__
    self.__connect()
  File "/home/airflow/.local/lib/python3.8/site-packages/sqlalchemy/pool/base.py", line 691, in __connect
    pool.logger.debug("Error on connect(): %s", e)
  File "/home/airflow/.local/lib/python3.8/site-packages/sqlalchemy/util/langhelpers.py", line 70, in __exit__
    compat.raise_(
  File "/home/airflow/.local/lib/python3.8/site-packages/sqlalchemy/util/compat.py", line 211, in raise_
    raise exception
  File "/home/airflow/.local/lib/python3.8/site-packages/sqlalchemy/pool/base.py", line 686, in __connect
    self.dbapi_connection = connection = pool._invoke_creator(self)
  File "/home/airflow/.local/lib/python3.8/site-packages/sqlalchemy/engine/create.py", line 578, in connect
    return dialect.connect(*cargs, **cparams)
  File "/home/airflow/.local/lib/python3.8/site-packages/sqlalchemy/engine/default.py", line 598, in connect
    return self.dbapi.connect(*cargs, **cparams)
  File "/home/airflow/.local/lib/python3.8/site-packages/psycopg2/__init__.py", line 122, in connect
    conn = _connect(dsn, connection_factory=connection_factory, **kwasync)
sqlalchemy.exc.OperationalError: (psycopg2.OperationalError) could not translate host name "postgres" to address: Temporary failure in name resolution

(Background on this error at: https://sqlalche.me/e/14/e3q8)
[2023-06-25T06:22:03.564+0000] {spark_submit.py:492} INFO - 23/06/25 06:22:01 WARN TaskSchedulerImpl: Initial job has not accepted any resources; check your cluster UI to ensure that workers are registered and have sufficient resources
[2023-06-25T06:22:39.279+0000] {spark_submit.py:492} INFO - 23/06/25 06:22:18 WARN TaskSchedulerImpl: Initial job has not accepted any resources; check your cluster UI to ensure that workers are registered and have sufficient resources
[2023-06-25T06:23:17.044+0000] {spark_submit.py:492} INFO - 23/06/25 06:22:36 WARN TaskSchedulerImpl: Initial job has not accepted any resources; check your cluster UI to ensure that workers are registered and have sufficient resources
