[2023-06-25T03:07:07.242+0000] {taskinstance.py:1084} INFO - Dependencies all met for dep_context=non-requeueable deps ti=<TaskInstance: spark_etl_minio_v10.spark_submit_task manual__2023-06-25T03:03:33.329200+00:00 [queued]>
[2023-06-25T03:07:07.248+0000] {taskinstance.py:1084} INFO - Dependencies all met for dep_context=requeueable deps ti=<TaskInstance: spark_etl_minio_v10.spark_submit_task manual__2023-06-25T03:03:33.329200+00:00 [queued]>
[2023-06-25T03:07:07.248+0000] {taskinstance.py:1282} INFO - 
--------------------------------------------------------------------------------
[2023-06-25T03:07:07.248+0000] {taskinstance.py:1283} INFO - Starting attempt 3 of 7
[2023-06-25T03:07:07.249+0000] {taskinstance.py:1284} INFO - 
--------------------------------------------------------------------------------
[2023-06-25T03:07:07.257+0000] {taskinstance.py:1303} INFO - Executing <Task(SparkSubmitOperator): spark_submit_task> on 2023-06-25 03:03:33.329200+00:00
[2023-06-25T03:07:07.261+0000] {standard_task_runner.py:55} INFO - Started process 5109 to run task
[2023-06-25T03:07:07.263+0000] {standard_task_runner.py:82} INFO - Running: ['***', 'tasks', 'run', 'spark_etl_minio_v10', 'spark_submit_task', 'manual__2023-06-25T03:03:33.329200+00:00', '--job-id', '178', '--raw', '--subdir', 'DAGS_FOLDER/spark_job_minio.py', '--cfg-path', '/tmp/tmpr51z065t']
[2023-06-25T03:07:07.263+0000] {standard_task_runner.py:83} INFO - Job 178: Subtask spark_submit_task
[2023-06-25T03:07:07.272+0000] {warnings.py:109} WARNING - /home/***/.local/lib/python3.8/site-packages/***/settings.py:250: DeprecationWarning: The sql_alchemy_conn option in [core] has been moved to the sql_alchemy_conn option in [database] - the old setting has been used, but please update your config.
  SQL_ALCHEMY_CONN = conf.get("database", "SQL_ALCHEMY_CONN")

[2023-06-25T03:07:07.312+0000] {task_command.py:388} INFO - Running <TaskInstance: spark_etl_minio_v10.spark_submit_task manual__2023-06-25T03:03:33.329200+00:00 [running]> on host a8d69ab09d2d
[2023-06-25T03:07:07.361+0000] {taskinstance.py:1509} INFO - Exporting the following env vars:
AIRFLOW_CTX_DAG_OWNER=***
AIRFLOW_CTX_DAG_ID=spark_etl_minio_v10
AIRFLOW_CTX_TASK_ID=spark_submit_task
AIRFLOW_CTX_EXECUTION_DATE=2023-06-25T03:03:33.329200+00:00
AIRFLOW_CTX_TRY_NUMBER=3
AIRFLOW_CTX_DAG_RUN_ID=manual__2023-06-25T03:03:33.329200+00:00
[2023-06-25T03:07:07.367+0000] {base.py:73} INFO - Using connection ID 'spark_conn' for task execution.
[2023-06-25T03:07:07.368+0000] {spark_submit.py:341} INFO - Spark-Submit cmd: spark-submit --master spark://spark:7077 --jars /opt/bitnami/spark/jars/hadoop-aws-3.2.0.jar, /opt/bitnami/spark/jars/aws-java-sdk-bundle-1.11.375.jar --name arrow-spark /opt/***/dags/spark_etl_spark_minio.py
[2023-06-25T03:07:08.274+0000] {spark_submit.py:492} INFO - WARNING: An illegal reflective access operation has occurred
[2023-06-25T03:07:08.274+0000] {spark_submit.py:492} INFO - WARNING: Illegal reflective access by org.apache.spark.unsafe.Platform (file:/opt/spark/jars/spark-unsafe_2.12-3.2.0.jar) to constructor java.nio.DirectByteBuffer(long,int)
[2023-06-25T03:07:08.274+0000] {spark_submit.py:492} INFO - WARNING: Please consider reporting this to the maintainers of org.apache.spark.unsafe.Platform
[2023-06-25T03:07:08.274+0000] {spark_submit.py:492} INFO - WARNING: Use --illegal-access=warn to enable warnings of further illegal reflective access operations
[2023-06-25T03:07:08.275+0000] {spark_submit.py:492} INFO - WARNING: All illegal access operations will be denied in a future release
[2023-06-25T03:07:08.593+0000] {spark_submit.py:492} INFO - 23/06/25 03:07:08 WARN NativeCodeLoader: Unable to load native-hadoop library for your platform... using builtin-java classes where applicable
[2023-06-25T03:07:08.799+0000] {spark_submit.py:492} INFO - Using Spark's default log4j profile: org/apache/spark/log4j-defaults.properties
[2023-06-25T03:07:08.800+0000] {spark_submit.py:492} INFO - 23/06/25 03:07:08 WARN DependencyUtils: Local jar /opt/bitnami/spark/jars/hadoop-aws-3.2.0.jar does not exist, skipping.
[2023-06-25T03:07:08.801+0000] {spark_submit.py:492} INFO - 23/06/25 03:07:08 WARN DependencyUtils: Local jar /opt/***/ /opt/bitnami/spark/jars/aws-java-sdk-bundle-1.11.375.jar does not exist, skipping.
[2023-06-25T03:07:09.623+0000] {spark_submit.py:492} INFO - 23/06/25 03:07:09 INFO SparkContext: Running Spark version 3.2.0
[2023-06-25T03:07:09.649+0000] {spark_submit.py:492} INFO - 23/06/25 03:07:09 INFO ResourceUtils: ==============================================================
[2023-06-25T03:07:09.649+0000] {spark_submit.py:492} INFO - 23/06/25 03:07:09 INFO ResourceUtils: No custom resources configured for spark.driver.
[2023-06-25T03:07:09.650+0000] {spark_submit.py:492} INFO - 23/06/25 03:07:09 INFO ResourceUtils: ==============================================================
[2023-06-25T03:07:09.650+0000] {spark_submit.py:492} INFO - 23/06/25 03:07:09 INFO SparkContext: Submitted application: arrow-spark
[2023-06-25T03:07:09.674+0000] {spark_submit.py:492} INFO - 23/06/25 03:07:09 INFO ResourceProfile: Default ResourceProfile created, executor resources: Map(cores -> name: cores, amount: 1, script: , vendor: , memory -> name: memory, amount: 1024, script: , vendor: , offHeap -> name: offHeap, amount: 0, script: , vendor: ), task resources: Map(cpus -> name: cpus, amount: 1.0)
[2023-06-25T03:07:09.687+0000] {spark_submit.py:492} INFO - 23/06/25 03:07:09 INFO ResourceProfile: Limiting resource is cpu
[2023-06-25T03:07:09.687+0000] {spark_submit.py:492} INFO - 23/06/25 03:07:09 INFO ResourceProfileManager: Added ResourceProfile id: 0
[2023-06-25T03:07:09.725+0000] {spark_submit.py:492} INFO - 23/06/25 03:07:09 INFO SecurityManager: Changing view acls to: default
[2023-06-25T03:07:09.726+0000] {spark_submit.py:492} INFO - 23/06/25 03:07:09 INFO SecurityManager: Changing modify acls to: default
[2023-06-25T03:07:09.726+0000] {spark_submit.py:492} INFO - 23/06/25 03:07:09 INFO SecurityManager: Changing view acls groups to:
[2023-06-25T03:07:09.726+0000] {spark_submit.py:492} INFO - 23/06/25 03:07:09 INFO SecurityManager: Changing modify acls groups to:
[2023-06-25T03:07:09.726+0000] {spark_submit.py:492} INFO - 23/06/25 03:07:09 INFO SecurityManager: SecurityManager: authentication disabled; ui acls disabled; users  with view permissions: Set(default); groups with view permissions: Set(); users  with modify permissions: Set(default); groups with modify permissions: Set()
[2023-06-25T03:07:09.946+0000] {spark_submit.py:492} INFO - 23/06/25 03:07:09 INFO Utils: Successfully started service 'sparkDriver' on port 43459.
[2023-06-25T03:07:09.968+0000] {spark_submit.py:492} INFO - 23/06/25 03:07:09 INFO SparkEnv: Registering MapOutputTracker
[2023-06-25T03:07:09.990+0000] {spark_submit.py:492} INFO - 23/06/25 03:07:09 INFO SparkEnv: Registering BlockManagerMaster
[2023-06-25T03:07:10.004+0000] {spark_submit.py:492} INFO - 23/06/25 03:07:10 INFO BlockManagerMasterEndpoint: Using org.apache.spark.storage.DefaultTopologyMapper for getting topology information
[2023-06-25T03:07:10.004+0000] {spark_submit.py:492} INFO - 23/06/25 03:07:10 INFO BlockManagerMasterEndpoint: BlockManagerMasterEndpoint up
[2023-06-25T03:07:10.007+0000] {spark_submit.py:492} INFO - 23/06/25 03:07:10 INFO SparkEnv: Registering BlockManagerMasterHeartbeat
[2023-06-25T03:07:10.025+0000] {spark_submit.py:492} INFO - 23/06/25 03:07:10 INFO DiskBlockManager: Created local directory at /tmp/blockmgr-4a0c724b-ec09-4f24-b860-6f146a62a6c1
[2023-06-25T03:07:10.040+0000] {spark_submit.py:492} INFO - 23/06/25 03:07:10 INFO MemoryStore: MemoryStore started with capacity 434.4 MiB
[2023-06-25T03:07:10.054+0000] {spark_submit.py:492} INFO - 23/06/25 03:07:10 INFO SparkEnv: Registering OutputCommitCoordinator
[2023-06-25T03:07:10.240+0000] {spark_submit.py:492} INFO - 23/06/25 03:07:10 INFO Utils: Successfully started service 'SparkUI' on port 4040.
[2023-06-25T03:07:10.292+0000] {spark_submit.py:492} INFO - 23/06/25 03:07:10 INFO SparkUI: Bound SparkUI to 0.0.0.0, and started at http://a8d69ab09d2d:4040
[2023-06-25T03:07:10.310+0000] {spark_submit.py:492} INFO - 23/06/25 03:07:10 ERROR SparkContext: Failed to add file:/opt/bitnami/spark/jars/hadoop-aws-3.2.0.jar to Spark environment
[2023-06-25T03:07:10.310+0000] {spark_submit.py:492} INFO - java.io.FileNotFoundException: Jar /opt/bitnami/spark/jars/hadoop-aws-3.2.0.jar not found
[2023-06-25T03:07:10.310+0000] {spark_submit.py:492} INFO - at org.apache.spark.SparkContext.addLocalJarFile$1(SparkContext.scala:1935)
[2023-06-25T03:07:10.310+0000] {spark_submit.py:492} INFO - at org.apache.spark.SparkContext.addJar(SparkContext.scala:1990)
[2023-06-25T03:07:10.310+0000] {spark_submit.py:492} INFO - at org.apache.spark.SparkContext.$anonfun$new$12(SparkContext.scala:503)
[2023-06-25T03:07:10.310+0000] {spark_submit.py:492} INFO - at org.apache.spark.SparkContext.$anonfun$new$12$adapted(SparkContext.scala:503)
[2023-06-25T03:07:10.311+0000] {spark_submit.py:492} INFO - at scala.collection.mutable.ResizableArray.foreach(ResizableArray.scala:62)
[2023-06-25T03:07:10.311+0000] {spark_submit.py:492} INFO - at scala.collection.mutable.ResizableArray.foreach$(ResizableArray.scala:55)
[2023-06-25T03:07:10.311+0000] {spark_submit.py:492} INFO - at scala.collection.mutable.ArrayBuffer.foreach(ArrayBuffer.scala:49)
[2023-06-25T03:07:10.311+0000] {spark_submit.py:492} INFO - at org.apache.spark.SparkContext.<init>(SparkContext.scala:503)
[2023-06-25T03:07:10.311+0000] {spark_submit.py:492} INFO - at org.apache.spark.api.java.JavaSparkContext.<init>(JavaSparkContext.scala:58)
[2023-06-25T03:07:10.311+0000] {spark_submit.py:492} INFO - at java.base/jdk.internal.reflect.NativeConstructorAccessorImpl.newInstance0(Native Method)
[2023-06-25T03:07:10.311+0000] {spark_submit.py:492} INFO - at java.base/jdk.internal.reflect.NativeConstructorAccessorImpl.newInstance(NativeConstructorAccessorImpl.java:62)
[2023-06-25T03:07:10.312+0000] {spark_submit.py:492} INFO - at java.base/jdk.internal.reflect.DelegatingConstructorAccessorImpl.newInstance(DelegatingConstructorAccessorImpl.java:45)
[2023-06-25T03:07:10.312+0000] {spark_submit.py:492} INFO - at java.base/java.lang.reflect.Constructor.newInstance(Constructor.java:490)
[2023-06-25T03:07:10.312+0000] {spark_submit.py:492} INFO - at py4j.reflection.MethodInvoker.invoke(MethodInvoker.java:247)
[2023-06-25T03:07:10.312+0000] {spark_submit.py:492} INFO - at py4j.reflection.ReflectionEngine.invoke(ReflectionEngine.java:357)
[2023-06-25T03:07:10.312+0000] {spark_submit.py:492} INFO - at py4j.Gateway.invoke(Gateway.java:238)
[2023-06-25T03:07:10.312+0000] {spark_submit.py:492} INFO - at py4j.commands.ConstructorCommand.invokeConstructor(ConstructorCommand.java:80)
[2023-06-25T03:07:10.312+0000] {spark_submit.py:492} INFO - at py4j.commands.ConstructorCommand.execute(ConstructorCommand.java:69)
[2023-06-25T03:07:10.312+0000] {spark_submit.py:492} INFO - at py4j.ClientServerConnection.waitForCommands(ClientServerConnection.java:182)
[2023-06-25T03:07:10.313+0000] {spark_submit.py:492} INFO - at py4j.ClientServerConnection.run(ClientServerConnection.java:106)
[2023-06-25T03:07:10.313+0000] {spark_submit.py:492} INFO - at java.base/java.lang.Thread.run(Thread.java:829)
[2023-06-25T03:07:10.313+0000] {spark_submit.py:492} INFO - 23/06/25 03:07:10 ERROR SparkContext: Failed to add file:/opt/***/%20/opt/bitnami/spark/jars/aws-java-sdk-bundle-1.11.375.jar to Spark environment
[2023-06-25T03:07:10.313+0000] {spark_submit.py:492} INFO - java.io.FileNotFoundException: Jar /opt/***/ /opt/bitnami/spark/jars/aws-java-sdk-bundle-1.11.375.jar not found
[2023-06-25T03:07:10.313+0000] {spark_submit.py:492} INFO - at org.apache.spark.SparkContext.addLocalJarFile$1(SparkContext.scala:1935)
[2023-06-25T03:07:10.313+0000] {spark_submit.py:492} INFO - at org.apache.spark.SparkContext.addJar(SparkContext.scala:1990)
[2023-06-25T03:07:10.313+0000] {spark_submit.py:492} INFO - at org.apache.spark.SparkContext.$anonfun$new$12(SparkContext.scala:503)
[2023-06-25T03:07:10.313+0000] {spark_submit.py:492} INFO - at org.apache.spark.SparkContext.$anonfun$new$12$adapted(SparkContext.scala:503)
[2023-06-25T03:07:10.313+0000] {spark_submit.py:492} INFO - at scala.collection.mutable.ResizableArray.foreach(ResizableArray.scala:62)
[2023-06-25T03:07:10.313+0000] {spark_submit.py:492} INFO - at scala.collection.mutable.ResizableArray.foreach$(ResizableArray.scala:55)
[2023-06-25T03:07:10.313+0000] {spark_submit.py:492} INFO - at scala.collection.mutable.ArrayBuffer.foreach(ArrayBuffer.scala:49)
[2023-06-25T03:07:10.313+0000] {spark_submit.py:492} INFO - at org.apache.spark.SparkContext.<init>(SparkContext.scala:503)
[2023-06-25T03:07:10.313+0000] {spark_submit.py:492} INFO - at org.apache.spark.api.java.JavaSparkContext.<init>(JavaSparkContext.scala:58)
[2023-06-25T03:07:10.313+0000] {spark_submit.py:492} INFO - at java.base/jdk.internal.reflect.NativeConstructorAccessorImpl.newInstance0(Native Method)
[2023-06-25T03:07:10.313+0000] {spark_submit.py:492} INFO - at java.base/jdk.internal.reflect.NativeConstructorAccessorImpl.newInstance(NativeConstructorAccessorImpl.java:62)
[2023-06-25T03:07:10.313+0000] {spark_submit.py:492} INFO - at java.base/jdk.internal.reflect.DelegatingConstructorAccessorImpl.newInstance(DelegatingConstructorAccessorImpl.java:45)
[2023-06-25T03:07:10.314+0000] {spark_submit.py:492} INFO - at java.base/java.lang.reflect.Constructor.newInstance(Constructor.java:490)
[2023-06-25T03:07:10.314+0000] {spark_submit.py:492} INFO - at py4j.reflection.MethodInvoker.invoke(MethodInvoker.java:247)
[2023-06-25T03:07:10.314+0000] {spark_submit.py:492} INFO - at py4j.reflection.ReflectionEngine.invoke(ReflectionEngine.java:357)
[2023-06-25T03:07:10.314+0000] {spark_submit.py:492} INFO - at py4j.Gateway.invoke(Gateway.java:238)
[2023-06-25T03:07:10.314+0000] {spark_submit.py:492} INFO - at py4j.commands.ConstructorCommand.invokeConstructor(ConstructorCommand.java:80)
[2023-06-25T03:07:10.314+0000] {spark_submit.py:492} INFO - at py4j.commands.ConstructorCommand.execute(ConstructorCommand.java:69)
[2023-06-25T03:07:10.314+0000] {spark_submit.py:492} INFO - at py4j.ClientServerConnection.waitForCommands(ClientServerConnection.java:182)
[2023-06-25T03:07:10.314+0000] {spark_submit.py:492} INFO - at py4j.ClientServerConnection.run(ClientServerConnection.java:106)
[2023-06-25T03:07:10.314+0000] {spark_submit.py:492} INFO - at java.base/java.lang.Thread.run(Thread.java:829)
[2023-06-25T03:07:10.466+0000] {spark_submit.py:492} INFO - 23/06/25 03:07:10 INFO StandaloneAppClient$ClientEndpoint: Connecting to master spark://spark:7077...
[2023-06-25T03:07:10.498+0000] {spark_submit.py:492} INFO - 23/06/25 03:07:10 INFO TransportClientFactory: Successfully created connection to spark/172.19.0.11:7077 after 19 ms (0 ms spent in bootstraps)
[2023-06-25T03:07:10.573+0000] {spark_submit.py:492} INFO - 23/06/25 03:07:10 INFO StandaloneSchedulerBackend: Connected to Spark cluster with app ID app-20230625030710-0007
[2023-06-25T03:07:10.575+0000] {spark_submit.py:492} INFO - 23/06/25 03:07:10 INFO StandaloneAppClient$ClientEndpoint: Executor added: app-20230625030710-0007/0 on worker-20230625024935-172.19.0.10-38505 (172.19.0.10:38505) with 1 core(s)
[2023-06-25T03:07:10.576+0000] {spark_submit.py:492} INFO - 23/06/25 03:07:10 INFO StandaloneSchedulerBackend: Granted executor ID app-20230625030710-0007/0 on hostPort 172.19.0.10:38505 with 1 core(s), 1024.0 MiB RAM
[2023-06-25T03:07:10.579+0000] {spark_submit.py:492} INFO - 23/06/25 03:07:10 INFO Utils: Successfully started service 'org.apache.spark.network.netty.NettyBlockTransferService' on port 41737.
[2023-06-25T03:07:10.580+0000] {spark_submit.py:492} INFO - 23/06/25 03:07:10 INFO NettyBlockTransferService: Server created on a8d69ab09d2d:41737
[2023-06-25T03:07:10.581+0000] {spark_submit.py:492} INFO - 23/06/25 03:07:10 INFO BlockManager: Using org.apache.spark.storage.RandomBlockReplicationPolicy for block replication policy
[2023-06-25T03:07:10.588+0000] {spark_submit.py:492} INFO - 23/06/25 03:07:10 INFO BlockManagerMaster: Registering BlockManager BlockManagerId(driver, a8d69ab09d2d, 41737, None)
[2023-06-25T03:07:10.595+0000] {spark_submit.py:492} INFO - 23/06/25 03:07:10 INFO BlockManagerMasterEndpoint: Registering block manager a8d69ab09d2d:41737 with 434.4 MiB RAM, BlockManagerId(driver, a8d69ab09d2d, 41737, None)
[2023-06-25T03:07:10.596+0000] {spark_submit.py:492} INFO - 23/06/25 03:07:10 INFO BlockManagerMaster: Registered BlockManager BlockManagerId(driver, a8d69ab09d2d, 41737, None)
[2023-06-25T03:07:10.597+0000] {spark_submit.py:492} INFO - 23/06/25 03:07:10 INFO BlockManager: Initialized BlockManager: BlockManagerId(driver, a8d69ab09d2d, 41737, None)
[2023-06-25T03:07:10.604+0000] {spark_submit.py:492} INFO - 23/06/25 03:07:10 INFO StandaloneAppClient$ClientEndpoint: Executor updated: app-20230625030710-0007/0 is now RUNNING
[2023-06-25T03:07:10.761+0000] {spark_submit.py:492} INFO - 23/06/25 03:07:10 INFO StandaloneSchedulerBackend: SchedulerBackend is ready for scheduling beginning after reached minRegisteredResourcesRatio: 0.0
[2023-06-25T03:07:10.927+0000] {spark_submit.py:492} INFO - 23/06/25 03:07:10 INFO SharedState: Setting hive.metastore.warehouse.dir ('null') to the value of spark.sql.warehouse.dir.
[2023-06-25T03:07:10.929+0000] {spark_submit.py:492} INFO - 23/06/25 03:07:10 INFO SharedState: Warehouse path is 'file:/opt/***/spark-warehouse'.
[2023-06-25T03:07:12.641+0000] {spark_submit.py:492} INFO - 23/06/25 03:07:12 INFO CoarseGrainedSchedulerBackend$DriverEndpoint: Registered executor NettyRpcEndpointRef(spark-client://Executor) (172.19.0.10:59570) with ID 0,  ResourceProfileId 0
[2023-06-25T03:07:12.837+0000] {spark_submit.py:492} INFO - 23/06/25 03:07:12 INFO BlockManagerMasterEndpoint: Registering block manager 172.19.0.10:44635 with 366.3 MiB RAM, BlockManagerId(0, 172.19.0.10, 44635, None)
[2023-06-25T03:07:14.269+0000] {spark_submit.py:492} INFO - 23/06/25 03:07:14 INFO CodeGenerator: Code generated in 96.138982 ms
[2023-06-25T03:07:14.296+0000] {spark_submit.py:492} INFO - 23/06/25 03:07:14 INFO SparkContext: Starting job: showString at NativeMethodAccessorImpl.java:0
[2023-06-25T03:07:14.306+0000] {spark_submit.py:492} INFO - 23/06/25 03:07:14 INFO DAGScheduler: Got job 0 (showString at NativeMethodAccessorImpl.java:0) with 1 output partitions
[2023-06-25T03:07:14.307+0000] {spark_submit.py:492} INFO - 23/06/25 03:07:14 INFO DAGScheduler: Final stage: ResultStage 0 (showString at NativeMethodAccessorImpl.java:0)
[2023-06-25T03:07:14.307+0000] {spark_submit.py:492} INFO - 23/06/25 03:07:14 INFO DAGScheduler: Parents of final stage: List()
[2023-06-25T03:07:14.308+0000] {spark_submit.py:492} INFO - 23/06/25 03:07:14 INFO DAGScheduler: Missing parents: List()
[2023-06-25T03:07:14.311+0000] {spark_submit.py:492} INFO - 23/06/25 03:07:14 INFO DAGScheduler: Submitting ResultStage 0 (MapPartitionsRDD[6] at showString at NativeMethodAccessorImpl.java:0), which has no missing parents
[2023-06-25T03:07:14.388+0000] {spark_submit.py:492} INFO - 23/06/25 03:07:14 INFO MemoryStore: Block broadcast_0 stored as values in memory (estimated size 11.7 KiB, free 434.4 MiB)
[2023-06-25T03:07:14.428+0000] {spark_submit.py:492} INFO - 23/06/25 03:07:14 INFO MemoryStore: Block broadcast_0_piece0 stored as bytes in memory (estimated size 6.2 KiB, free 434.4 MiB)
[2023-06-25T03:07:14.433+0000] {spark_submit.py:492} INFO - 23/06/25 03:07:14 INFO BlockManagerInfo: Added broadcast_0_piece0 in memory on a8d69ab09d2d:41737 (size: 6.2 KiB, free: 434.4 MiB)
[2023-06-25T03:07:14.437+0000] {spark_submit.py:492} INFO - 23/06/25 03:07:14 INFO SparkContext: Created broadcast 0 from broadcast at DAGScheduler.scala:1427
[2023-06-25T03:07:14.455+0000] {spark_submit.py:492} INFO - 23/06/25 03:07:14 INFO DAGScheduler: Submitting 1 missing tasks from ResultStage 0 (MapPartitionsRDD[6] at showString at NativeMethodAccessorImpl.java:0) (first 15 tasks are for partitions Vector(0))
[2023-06-25T03:07:14.457+0000] {spark_submit.py:492} INFO - 23/06/25 03:07:14 INFO TaskSchedulerImpl: Adding task set 0.0 with 1 tasks resource profile 0
[2023-06-25T03:07:14.516+0000] {spark_submit.py:492} INFO - 23/06/25 03:07:14 INFO TaskSetManager: Starting task 0.0 in stage 0.0 (TID 0) (172.19.0.10, executor 0, partition 0, PROCESS_LOCAL, 4605 bytes) taskResourceAssignments Map()
[2023-06-25T03:07:14.825+0000] {spark_submit.py:492} INFO - 23/06/25 03:07:14 INFO BlockManagerInfo: Added broadcast_0_piece0 in memory on 172.19.0.10:44635 (size: 6.2 KiB, free: 366.3 MiB)
[2023-06-25T03:07:16.485+0000] {spark_submit.py:492} INFO - 23/06/25 03:07:16 INFO TaskSetManager: Finished task 0.0 in stage 0.0 (TID 0) in 1992 ms on 172.19.0.10 (executor 0) (1/1)
[2023-06-25T03:07:16.487+0000] {spark_submit.py:492} INFO - 23/06/25 03:07:16 INFO TaskSchedulerImpl: Removed TaskSet 0.0, whose tasks have all completed, from pool
[2023-06-25T03:07:16.490+0000] {spark_submit.py:492} INFO - 23/06/25 03:07:16 INFO PythonAccumulatorV2: Connected to AccumulatorServer at host: 127.0.0.1 port: 43789
[2023-06-25T03:07:16.494+0000] {spark_submit.py:492} INFO - 23/06/25 03:07:16 INFO DAGScheduler: ResultStage 0 (showString at NativeMethodAccessorImpl.java:0) finished in 2.171 s
[2023-06-25T03:07:16.496+0000] {spark_submit.py:492} INFO - 23/06/25 03:07:16 INFO DAGScheduler: Job 0 is finished. Cancelling potential speculative or zombie tasks for this job
[2023-06-25T03:07:16.496+0000] {spark_submit.py:492} INFO - 23/06/25 03:07:16 INFO TaskSchedulerImpl: Killing all running tasks in stage 0: Stage finished
[2023-06-25T03:07:16.498+0000] {spark_submit.py:492} INFO - 23/06/25 03:07:16 INFO DAGScheduler: Job 0 finished: showString at NativeMethodAccessorImpl.java:0, took 2.201448 s
[2023-06-25T03:07:16.509+0000] {spark_submit.py:492} INFO - 23/06/25 03:07:16 INFO SparkContext: Starting job: showString at NativeMethodAccessorImpl.java:0
[2023-06-25T03:07:16.510+0000] {spark_submit.py:492} INFO - 23/06/25 03:07:16 INFO DAGScheduler: Got job 1 (showString at NativeMethodAccessorImpl.java:0) with 1 output partitions
[2023-06-25T03:07:16.510+0000] {spark_submit.py:492} INFO - 23/06/25 03:07:16 INFO DAGScheduler: Final stage: ResultStage 1 (showString at NativeMethodAccessorImpl.java:0)
[2023-06-25T03:07:16.510+0000] {spark_submit.py:492} INFO - 23/06/25 03:07:16 INFO DAGScheduler: Parents of final stage: List()
[2023-06-25T03:07:16.510+0000] {spark_submit.py:492} INFO - 23/06/25 03:07:16 INFO DAGScheduler: Missing parents: List()
[2023-06-25T03:07:16.511+0000] {spark_submit.py:492} INFO - 23/06/25 03:07:16 INFO DAGScheduler: Submitting ResultStage 1 (MapPartitionsRDD[6] at showString at NativeMethodAccessorImpl.java:0), which has no missing parents
[2023-06-25T03:07:16.514+0000] {spark_submit.py:492} INFO - 23/06/25 03:07:16 INFO MemoryStore: Block broadcast_1 stored as values in memory (estimated size 11.7 KiB, free 434.4 MiB)
[2023-06-25T03:07:16.517+0000] {spark_submit.py:492} INFO - 23/06/25 03:07:16 INFO MemoryStore: Block broadcast_1_piece0 stored as bytes in memory (estimated size 6.2 KiB, free 434.4 MiB)
[2023-06-25T03:07:16.517+0000] {spark_submit.py:492} INFO - 23/06/25 03:07:16 INFO BlockManagerInfo: Added broadcast_1_piece0 in memory on a8d69ab09d2d:41737 (size: 6.2 KiB, free: 434.4 MiB)
[2023-06-25T03:07:16.518+0000] {spark_submit.py:492} INFO - 23/06/25 03:07:16 INFO SparkContext: Created broadcast 1 from broadcast at DAGScheduler.scala:1427
[2023-06-25T03:07:16.518+0000] {spark_submit.py:492} INFO - 23/06/25 03:07:16 INFO DAGScheduler: Submitting 1 missing tasks from ResultStage 1 (MapPartitionsRDD[6] at showString at NativeMethodAccessorImpl.java:0) (first 15 tasks are for partitions Vector(1))
[2023-06-25T03:07:16.519+0000] {spark_submit.py:492} INFO - 23/06/25 03:07:16 INFO TaskSchedulerImpl: Adding task set 1.0 with 1 tasks resource profile 0
[2023-06-25T03:07:16.520+0000] {spark_submit.py:492} INFO - 23/06/25 03:07:16 INFO TaskSetManager: Starting task 0.0 in stage 1.0 (TID 1) (172.19.0.10, executor 0, partition 1, PROCESS_LOCAL, 4529 bytes) taskResourceAssignments Map()
[2023-06-25T03:07:16.533+0000] {spark_submit.py:492} INFO - 23/06/25 03:07:16 INFO BlockManagerInfo: Added broadcast_1_piece0 in memory on 172.19.0.10:44635 (size: 6.2 KiB, free: 366.3 MiB)
[2023-06-25T03:07:16.590+0000] {spark_submit.py:492} INFO - 23/06/25 03:07:16 INFO TaskSetManager: Finished task 0.0 in stage 1.0 (TID 1) in 71 ms on 172.19.0.10 (executor 0) (1/1)
[2023-06-25T03:07:16.590+0000] {spark_submit.py:492} INFO - 23/06/25 03:07:16 INFO TaskSchedulerImpl: Removed TaskSet 1.0, whose tasks have all completed, from pool
[2023-06-25T03:07:16.591+0000] {spark_submit.py:492} INFO - 23/06/25 03:07:16 INFO DAGScheduler: ResultStage 1 (showString at NativeMethodAccessorImpl.java:0) finished in 0.079 s
[2023-06-25T03:07:16.591+0000] {spark_submit.py:492} INFO - 23/06/25 03:07:16 INFO DAGScheduler: Job 1 is finished. Cancelling potential speculative or zombie tasks for this job
[2023-06-25T03:07:16.592+0000] {spark_submit.py:492} INFO - 23/06/25 03:07:16 INFO TaskSchedulerImpl: Killing all running tasks in stage 1: Stage finished
[2023-06-25T03:07:16.592+0000] {spark_submit.py:492} INFO - 23/06/25 03:07:16 INFO DAGScheduler: Job 1 finished: showString at NativeMethodAccessorImpl.java:0, took 0.082692 s
[2023-06-25T03:07:16.622+0000] {spark_submit.py:492} INFO - 23/06/25 03:07:16 INFO CodeGenerator: Code generated in 15.992222 ms
[2023-06-25T03:07:16.630+0000] {spark_submit.py:492} INFO - +-----+-----------------------------------------------------------------------------+
[2023-06-25T03:07:16.630+0000] {spark_submit.py:492} INFO - |Seqno|Quote                                                                        |
[2023-06-25T03:07:16.631+0000] {spark_submit.py:492} INFO - +-----+-----------------------------------------------------------------------------+
[2023-06-25T03:07:16.631+0000] {spark_submit.py:492} INFO - |1    |Be the change that you wish to see in the world                              |
[2023-06-25T03:07:16.631+0000] {spark_submit.py:492} INFO - |2    |Everyone thinks of changing the world, but no one thinks of changing himself.|
[2023-06-25T03:07:16.631+0000] {spark_submit.py:492} INFO - |3    |The purpose of our lives is to be happy.                                     |
[2023-06-25T03:07:16.631+0000] {spark_submit.py:492} INFO - |4    |Be cool.                                                                     |
[2023-06-25T03:07:16.631+0000] {spark_submit.py:492} INFO - +-----+-----------------------------------------------------------------------------+
[2023-06-25T03:07:16.631+0000] {spark_submit.py:492} INFO - 
[2023-06-25T03:07:16.679+0000] {spark_submit.py:492} INFO - 23/06/25 03:07:16 INFO BlockManagerInfo: Removed broadcast_1_piece0 on a8d69ab09d2d:41737 in memory (size: 6.2 KiB, free: 434.4 MiB)
[2023-06-25T03:07:16.680+0000] {spark_submit.py:492} INFO - 23/06/25 03:07:16 INFO BlockManagerInfo: Removed broadcast_1_piece0 on 172.19.0.10:44635 in memory (size: 6.2 KiB, free: 366.3 MiB)
[2023-06-25T03:07:16.694+0000] {spark_submit.py:492} INFO - 23/06/25 03:07:16 INFO BlockManagerInfo: Removed broadcast_0_piece0 on a8d69ab09d2d:41737 in memory (size: 6.2 KiB, free: 434.4 MiB)
[2023-06-25T03:07:16.695+0000] {spark_submit.py:492} INFO - 23/06/25 03:07:16 INFO BlockManagerInfo: Removed broadcast_0_piece0 on 172.19.0.10:44635 in memory (size: 6.2 KiB, free: 366.3 MiB)
[2023-06-25T03:07:16.720+0000] {spark_submit.py:492} INFO - Traceback (most recent call last):
[2023-06-25T03:07:16.720+0000] {spark_submit.py:492} INFO - File "/opt/***/dags/spark_etl_spark_minio.py", line 43, in <module>
[2023-06-25T03:07:16.721+0000] {spark_submit.py:492} INFO - df.write.mode("append").parquet("s3a://datalake/test.parquet")
[2023-06-25T03:07:16.721+0000] {spark_submit.py:492} INFO - File "/opt/spark/python/lib/pyspark.zip/pyspark/sql/readwriter.py", line 885, in parquet
[2023-06-25T03:07:16.721+0000] {spark_submit.py:492} INFO - File "/opt/spark/python/lib/py4j-0.10.9.2-src.zip/py4j/java_gateway.py", line 1309, in __call__
[2023-06-25T03:07:16.721+0000] {spark_submit.py:492} INFO - File "/opt/spark/python/lib/pyspark.zip/pyspark/sql/utils.py", line 111, in deco
[2023-06-25T03:07:16.721+0000] {spark_submit.py:492} INFO - File "/opt/spark/python/lib/py4j-0.10.9.2-src.zip/py4j/protocol.py", line 326, in get_return_value
[2023-06-25T03:07:16.721+0000] {spark_submit.py:492} INFO - py4j.protocol.Py4JJavaError: An error occurred while calling o79.parquet.
[2023-06-25T03:07:16.721+0000] {spark_submit.py:492} INFO - : java.lang.RuntimeException: java.lang.ClassNotFoundException: Class org.apache.hadoop.fs.s3a.S3AFileSystem not found
[2023-06-25T03:07:16.721+0000] {spark_submit.py:492} INFO - at org.apache.hadoop.conf.Configuration.getClass(Configuration.java:2667)
[2023-06-25T03:07:16.722+0000] {spark_submit.py:492} INFO - at org.apache.hadoop.fs.FileSystem.getFileSystemClass(FileSystem.java:3431)
[2023-06-25T03:07:16.722+0000] {spark_submit.py:492} INFO - at org.apache.hadoop.fs.FileSystem.createFileSystem(FileSystem.java:3466)
[2023-06-25T03:07:16.722+0000] {spark_submit.py:492} INFO - at org.apache.hadoop.fs.FileSystem.access$300(FileSystem.java:174)
[2023-06-25T03:07:16.722+0000] {spark_submit.py:492} INFO - at org.apache.hadoop.fs.FileSystem$Cache.getInternal(FileSystem.java:3574)
[2023-06-25T03:07:16.722+0000] {spark_submit.py:492} INFO - at org.apache.hadoop.fs.FileSystem$Cache.get(FileSystem.java:3521)
[2023-06-25T03:07:16.722+0000] {spark_submit.py:492} INFO - at org.apache.hadoop.fs.FileSystem.get(FileSystem.java:540)
[2023-06-25T03:07:16.722+0000] {spark_submit.py:492} INFO - at org.apache.hadoop.fs.Path.getFileSystem(Path.java:365)
[2023-06-25T03:07:16.722+0000] {spark_submit.py:492} INFO - at org.apache.spark.sql.execution.datasources.DataSource.planForWritingFileFormat(DataSource.scala:461)
[2023-06-25T03:07:16.722+0000] {spark_submit.py:492} INFO - at org.apache.spark.sql.execution.datasources.DataSource.planForWriting(DataSource.scala:556)
[2023-06-25T03:07:16.722+0000] {spark_submit.py:492} INFO - at org.apache.spark.sql.DataFrameWriter.saveToV1Source(DataFrameWriter.scala:382)
[2023-06-25T03:07:16.722+0000] {spark_submit.py:492} INFO - at org.apache.spark.sql.DataFrameWriter.saveInternal(DataFrameWriter.scala:355)
[2023-06-25T03:07:16.722+0000] {spark_submit.py:492} INFO - at org.apache.spark.sql.DataFrameWriter.save(DataFrameWriter.scala:239)
[2023-06-25T03:07:16.722+0000] {spark_submit.py:492} INFO - at org.apache.spark.sql.DataFrameWriter.parquet(DataFrameWriter.scala:781)
[2023-06-25T03:07:16.722+0000] {spark_submit.py:492} INFO - at java.base/jdk.internal.reflect.NativeMethodAccessorImpl.invoke0(Native Method)
[2023-06-25T03:07:16.722+0000] {spark_submit.py:492} INFO - at java.base/jdk.internal.reflect.NativeMethodAccessorImpl.invoke(NativeMethodAccessorImpl.java:62)
[2023-06-25T03:07:16.723+0000] {spark_submit.py:492} INFO - at java.base/jdk.internal.reflect.DelegatingMethodAccessorImpl.invoke(DelegatingMethodAccessorImpl.java:43)
[2023-06-25T03:07:16.723+0000] {spark_submit.py:492} INFO - at java.base/java.lang.reflect.Method.invoke(Method.java:566)
[2023-06-25T03:07:16.723+0000] {spark_submit.py:492} INFO - at py4j.reflection.MethodInvoker.invoke(MethodInvoker.java:244)
[2023-06-25T03:07:16.723+0000] {spark_submit.py:492} INFO - at py4j.reflection.ReflectionEngine.invoke(ReflectionEngine.java:357)
[2023-06-25T03:07:16.723+0000] {spark_submit.py:492} INFO - at py4j.Gateway.invoke(Gateway.java:282)
[2023-06-25T03:07:16.723+0000] {spark_submit.py:492} INFO - at py4j.commands.AbstractCommand.invokeMethod(AbstractCommand.java:132)
[2023-06-25T03:07:16.723+0000] {spark_submit.py:492} INFO - at py4j.commands.CallCommand.execute(CallCommand.java:79)
[2023-06-25T03:07:16.723+0000] {spark_submit.py:492} INFO - at py4j.ClientServerConnection.waitForCommands(ClientServerConnection.java:182)
[2023-06-25T03:07:16.723+0000] {spark_submit.py:492} INFO - at py4j.ClientServerConnection.run(ClientServerConnection.java:106)
[2023-06-25T03:07:16.723+0000] {spark_submit.py:492} INFO - at java.base/java.lang.Thread.run(Thread.java:829)
[2023-06-25T03:07:16.723+0000] {spark_submit.py:492} INFO - Caused by: java.lang.ClassNotFoundException: Class org.apache.hadoop.fs.s3a.S3AFileSystem not found
[2023-06-25T03:07:16.723+0000] {spark_submit.py:492} INFO - at org.apache.hadoop.conf.Configuration.getClassByName(Configuration.java:2571)
[2023-06-25T03:07:16.723+0000] {spark_submit.py:492} INFO - at org.apache.hadoop.conf.Configuration.getClass(Configuration.java:2665)
[2023-06-25T03:07:16.723+0000] {spark_submit.py:492} INFO - ... 25 more
[2023-06-25T03:07:16.723+0000] {spark_submit.py:492} INFO - 
[2023-06-25T03:07:16.802+0000] {spark_submit.py:492} INFO - 23/06/25 03:07:16 INFO SparkContext: Invoking stop() from shutdown hook
[2023-06-25T03:07:16.808+0000] {spark_submit.py:492} INFO - 23/06/25 03:07:16 INFO SparkUI: Stopped Spark web UI at http://a8d69ab09d2d:4040
[2023-06-25T03:07:16.811+0000] {spark_submit.py:492} INFO - 23/06/25 03:07:16 INFO StandaloneSchedulerBackend: Shutting down all executors
[2023-06-25T03:07:16.811+0000] {spark_submit.py:492} INFO - 23/06/25 03:07:16 INFO CoarseGrainedSchedulerBackend$DriverEndpoint: Asking each executor to shut down
[2023-06-25T03:07:16.831+0000] {spark_submit.py:492} INFO - 23/06/25 03:07:16 INFO MapOutputTrackerMasterEndpoint: MapOutputTrackerMasterEndpoint stopped!
[2023-06-25T03:07:16.849+0000] {spark_submit.py:492} INFO - 23/06/25 03:07:16 INFO MemoryStore: MemoryStore cleared
[2023-06-25T03:07:16.850+0000] {spark_submit.py:492} INFO - 23/06/25 03:07:16 INFO BlockManager: BlockManager stopped
[2023-06-25T03:07:16.860+0000] {spark_submit.py:492} INFO - 23/06/25 03:07:16 INFO BlockManagerMaster: BlockManagerMaster stopped
[2023-06-25T03:07:16.863+0000] {spark_submit.py:492} INFO - 23/06/25 03:07:16 INFO OutputCommitCoordinator$OutputCommitCoordinatorEndpoint: OutputCommitCoordinator stopped!
[2023-06-25T03:07:16.874+0000] {spark_submit.py:492} INFO - 23/06/25 03:07:16 INFO SparkContext: Successfully stopped SparkContext
[2023-06-25T03:07:16.875+0000] {spark_submit.py:492} INFO - 23/06/25 03:07:16 INFO ShutdownHookManager: Shutdown hook called
[2023-06-25T03:07:16.875+0000] {spark_submit.py:492} INFO - 23/06/25 03:07:16 INFO ShutdownHookManager: Deleting directory /tmp/spark-890ddc70-a476-4cfd-9084-bd110b620d43/pyspark-374e082d-63d9-47bf-9b8c-d6250e9892e0
[2023-06-25T03:07:16.880+0000] {spark_submit.py:492} INFO - 23/06/25 03:07:16 INFO ShutdownHookManager: Deleting directory /tmp/spark-890ddc70-a476-4cfd-9084-bd110b620d43
[2023-06-25T03:07:16.883+0000] {spark_submit.py:492} INFO - 23/06/25 03:07:16 INFO ShutdownHookManager: Deleting directory /tmp/spark-b74c86a9-61a1-4914-9e96-a9c0f9ec0549
[2023-06-25T03:07:16.982+0000] {taskinstance.py:1775} ERROR - Task failed with exception
Traceback (most recent call last):
  File "/home/airflow/.local/lib/python3.8/site-packages/airflow/providers/apache/spark/operators/spark_submit.py", line 157, in execute
    self._hook.submit(self._application)
  File "/home/airflow/.local/lib/python3.8/site-packages/airflow/providers/apache/spark/hooks/spark_submit.py", line 423, in submit
    raise AirflowException(
airflow.exceptions.AirflowException: Cannot execute: spark-submit --master spark://spark:7077 --jars /opt/bitnami/spark/jars/hadoop-aws-3.2.0.jar, /opt/bitnami/spark/jars/aws-java-sdk-bundle-1.11.375.jar --name arrow-spark /opt/***/dags/spark_etl_spark_minio.py. Error code is: 1.
[2023-06-25T03:07:16.988+0000] {taskinstance.py:1321} INFO - Marking task as UP_FOR_RETRY. dag_id=spark_etl_minio_v10, task_id=spark_submit_task, execution_date=20230625T030333, start_date=20230625T030707, end_date=20230625T030716
[2023-06-25T03:07:16.999+0000] {standard_task_runner.py:100} ERROR - Failed to execute job 178 for task spark_submit_task (Cannot execute: spark-submit --master spark://spark:7077 --jars /opt/bitnami/spark/jars/hadoop-aws-3.2.0.jar, /opt/bitnami/spark/jars/aws-java-sdk-bundle-1.11.375.jar --name arrow-spark /opt/***/dags/spark_etl_spark_minio.py. Error code is: 1.; 5109)
[2023-06-25T03:07:17.015+0000] {local_task_job.py:212} INFO - Task exited with return code 1
[2023-06-25T03:07:17.026+0000] {taskinstance.py:2585} INFO - 0 downstream tasks scheduled from follow-on schedule check
