[2023-06-25T03:04:58.227+0000] {taskinstance.py:1084} INFO - Dependencies all met for dep_context=non-requeueable deps ti=<TaskInstance: spark_etl_minio_v10.spark_submit_task manual__2023-06-25T03:04:57.647633+00:00 [queued]>
[2023-06-25T03:04:58.237+0000] {taskinstance.py:1084} INFO - Dependencies all met for dep_context=requeueable deps ti=<TaskInstance: spark_etl_minio_v10.spark_submit_task manual__2023-06-25T03:04:57.647633+00:00 [queued]>
[2023-06-25T03:04:58.237+0000] {taskinstance.py:1282} INFO - 
--------------------------------------------------------------------------------
[2023-06-25T03:04:58.237+0000] {taskinstance.py:1283} INFO - Starting attempt 1 of 6
[2023-06-25T03:04:58.237+0000] {taskinstance.py:1284} INFO - 
--------------------------------------------------------------------------------
[2023-06-25T03:04:58.248+0000] {taskinstance.py:1303} INFO - Executing <Task(SparkSubmitOperator): spark_submit_task> on 2023-06-25 03:04:57.647633+00:00
[2023-06-25T03:04:58.253+0000] {standard_task_runner.py:55} INFO - Started process 4314 to run task
[2023-06-25T03:04:58.255+0000] {standard_task_runner.py:82} INFO - Running: ['***', 'tasks', 'run', 'spark_etl_minio_v10', 'spark_submit_task', 'manual__2023-06-25T03:04:57.647633+00:00', '--job-id', '175', '--raw', '--subdir', 'DAGS_FOLDER/spark_job_minio.py', '--cfg-path', '/tmp/tmpoit01k0u']
[2023-06-25T03:04:58.256+0000] {standard_task_runner.py:83} INFO - Job 175: Subtask spark_submit_task
[2023-06-25T03:04:58.268+0000] {warnings.py:109} WARNING - /home/***/.local/lib/python3.8/site-packages/***/settings.py:250: DeprecationWarning: The sql_alchemy_conn option in [core] has been moved to the sql_alchemy_conn option in [database] - the old setting has been used, but please update your config.
  SQL_ALCHEMY_CONN = conf.get("database", "SQL_ALCHEMY_CONN")

[2023-06-25T03:04:58.315+0000] {task_command.py:388} INFO - Running <TaskInstance: spark_etl_minio_v10.spark_submit_task manual__2023-06-25T03:04:57.647633+00:00 [running]> on host a8d69ab09d2d
[2023-06-25T03:04:58.385+0000] {taskinstance.py:1509} INFO - Exporting the following env vars:
AIRFLOW_CTX_DAG_OWNER=***
AIRFLOW_CTX_DAG_ID=spark_etl_minio_v10
AIRFLOW_CTX_TASK_ID=spark_submit_task
AIRFLOW_CTX_EXECUTION_DATE=2023-06-25T03:04:57.647633+00:00
AIRFLOW_CTX_TRY_NUMBER=1
AIRFLOW_CTX_DAG_RUN_ID=manual__2023-06-25T03:04:57.647633+00:00
[2023-06-25T03:04:58.393+0000] {base.py:73} INFO - Using connection ID 'spark_conn' for task execution.
[2023-06-25T03:04:58.395+0000] {spark_submit.py:341} INFO - Spark-Submit cmd: spark-submit --master spark://spark:7077 --jars /opt/spark/jars/hadoop-aws-3.2.0.jar, /opt/spark/jars/aws-java-sdk-bundle-1.11.375.jar --name arrow-spark /opt/***/dags/spark_etl_spark_minio.py
[2023-06-25T03:04:59.606+0000] {spark_submit.py:492} INFO - WARNING: An illegal reflective access operation has occurred
[2023-06-25T03:04:59.607+0000] {spark_submit.py:492} INFO - WARNING: Illegal reflective access by org.apache.spark.unsafe.Platform (file:/opt/spark/jars/spark-unsafe_2.12-3.2.0.jar) to constructor java.nio.DirectByteBuffer(long,int)
[2023-06-25T03:04:59.607+0000] {spark_submit.py:492} INFO - WARNING: Please consider reporting this to the maintainers of org.apache.spark.unsafe.Platform
[2023-06-25T03:04:59.608+0000] {spark_submit.py:492} INFO - WARNING: Use --illegal-access=warn to enable warnings of further illegal reflective access operations
[2023-06-25T03:04:59.608+0000] {spark_submit.py:492} INFO - WARNING: All illegal access operations will be denied in a future release
[2023-06-25T03:05:00.047+0000] {spark_submit.py:492} INFO - 23/06/25 03:05:00 WARN NativeCodeLoader: Unable to load native-hadoop library for your platform... using builtin-java classes where applicable
[2023-06-25T03:05:00.364+0000] {spark_submit.py:492} INFO - Using Spark's default log4j profile: org/apache/spark/log4j-defaults.properties
[2023-06-25T03:05:00.364+0000] {spark_submit.py:492} INFO - 23/06/25 03:05:00 WARN DependencyUtils: Local jar /opt/spark/jars/hadoop-aws-3.2.0.jar does not exist, skipping.
[2023-06-25T03:05:00.365+0000] {spark_submit.py:492} INFO - 23/06/25 03:05:00 WARN DependencyUtils: Local jar /opt/***/ /opt/spark/jars/aws-java-sdk-bundle-1.11.375.jar does not exist, skipping.
[2023-06-25T03:05:01.667+0000] {spark_submit.py:492} INFO - 23/06/25 03:05:01 INFO SparkContext: Running Spark version 3.2.0
[2023-06-25T03:05:01.717+0000] {spark_submit.py:492} INFO - 23/06/25 03:05:01 INFO ResourceUtils: ==============================================================
[2023-06-25T03:05:01.718+0000] {spark_submit.py:492} INFO - 23/06/25 03:05:01 INFO ResourceUtils: No custom resources configured for spark.driver.
[2023-06-25T03:05:01.718+0000] {spark_submit.py:492} INFO - 23/06/25 03:05:01 INFO ResourceUtils: ==============================================================
[2023-06-25T03:05:01.719+0000] {spark_submit.py:492} INFO - 23/06/25 03:05:01 INFO SparkContext: Submitted application: arrow-spark
[2023-06-25T03:05:01.754+0000] {spark_submit.py:492} INFO - 23/06/25 03:05:01 INFO ResourceProfile: Default ResourceProfile created, executor resources: Map(cores -> name: cores, amount: 1, script: , vendor: , memory -> name: memory, amount: 1024, script: , vendor: , offHeap -> name: offHeap, amount: 0, script: , vendor: ), task resources: Map(cpus -> name: cpus, amount: 1.0)
[2023-06-25T03:05:01.769+0000] {spark_submit.py:492} INFO - 23/06/25 03:05:01 INFO ResourceProfile: Limiting resource is cpu
[2023-06-25T03:05:01.770+0000] {spark_submit.py:492} INFO - 23/06/25 03:05:01 INFO ResourceProfileManager: Added ResourceProfile id: 0
[2023-06-25T03:05:01.823+0000] {spark_submit.py:492} INFO - 23/06/25 03:05:01 INFO SecurityManager: Changing view acls to: default
[2023-06-25T03:05:01.823+0000] {spark_submit.py:492} INFO - 23/06/25 03:05:01 INFO SecurityManager: Changing modify acls to: default
[2023-06-25T03:05:01.824+0000] {spark_submit.py:492} INFO - 23/06/25 03:05:01 INFO SecurityManager: Changing view acls groups to:
[2023-06-25T03:05:01.824+0000] {spark_submit.py:492} INFO - 23/06/25 03:05:01 INFO SecurityManager: Changing modify acls groups to:
[2023-06-25T03:05:01.824+0000] {spark_submit.py:492} INFO - 23/06/25 03:05:01 INFO SecurityManager: SecurityManager: authentication disabled; ui acls disabled; users  with view permissions: Set(default); groups with view permissions: Set(); users  with modify permissions: Set(default); groups with modify permissions: Set()
[2023-06-25T03:05:02.172+0000] {spark_submit.py:492} INFO - 23/06/25 03:05:02 INFO Utils: Successfully started service 'sparkDriver' on port 46685.
[2023-06-25T03:05:02.201+0000] {spark_submit.py:492} INFO - 23/06/25 03:05:02 INFO SparkEnv: Registering MapOutputTracker
[2023-06-25T03:05:02.234+0000] {spark_submit.py:492} INFO - 23/06/25 03:05:02 INFO SparkEnv: Registering BlockManagerMaster
[2023-06-25T03:05:02.254+0000] {spark_submit.py:492} INFO - 23/06/25 03:05:02 INFO BlockManagerMasterEndpoint: Using org.apache.spark.storage.DefaultTopologyMapper for getting topology information
[2023-06-25T03:05:02.255+0000] {spark_submit.py:492} INFO - 23/06/25 03:05:02 INFO BlockManagerMasterEndpoint: BlockManagerMasterEndpoint up
[2023-06-25T03:05:02.259+0000] {spark_submit.py:492} INFO - 23/06/25 03:05:02 INFO SparkEnv: Registering BlockManagerMasterHeartbeat
[2023-06-25T03:05:02.286+0000] {spark_submit.py:492} INFO - 23/06/25 03:05:02 INFO DiskBlockManager: Created local directory at /tmp/blockmgr-591b9244-7a55-472c-b770-5b6aa2f4172c
[2023-06-25T03:05:02.311+0000] {spark_submit.py:492} INFO - 23/06/25 03:05:02 INFO MemoryStore: MemoryStore started with capacity 434.4 MiB
[2023-06-25T03:05:02.330+0000] {spark_submit.py:492} INFO - 23/06/25 03:05:02 INFO SparkEnv: Registering OutputCommitCoordinator
[2023-06-25T03:05:02.519+0000] {spark_submit.py:492} INFO - 23/06/25 03:05:02 WARN Utils: Service 'SparkUI' could not bind on port 4040. Attempting port 4041.
[2023-06-25T03:05:02.529+0000] {spark_submit.py:492} INFO - 23/06/25 03:05:02 INFO Utils: Successfully started service 'SparkUI' on port 4041.
[2023-06-25T03:05:02.607+0000] {spark_submit.py:492} INFO - 23/06/25 03:05:02 INFO SparkUI: Bound SparkUI to 0.0.0.0, and started at http://a8d69ab09d2d:4041
[2023-06-25T03:05:02.632+0000] {spark_submit.py:492} INFO - 23/06/25 03:05:02 ERROR SparkContext: Failed to add file:/opt/spark/jars/hadoop-aws-3.2.0.jar to Spark environment
[2023-06-25T03:05:02.633+0000] {spark_submit.py:492} INFO - java.io.FileNotFoundException: Jar /opt/spark/jars/hadoop-aws-3.2.0.jar not found
[2023-06-25T03:05:02.633+0000] {spark_submit.py:492} INFO - at org.apache.spark.SparkContext.addLocalJarFile$1(SparkContext.scala:1935)
[2023-06-25T03:05:02.633+0000] {spark_submit.py:492} INFO - at org.apache.spark.SparkContext.addJar(SparkContext.scala:1990)
[2023-06-25T03:05:02.633+0000] {spark_submit.py:492} INFO - at org.apache.spark.SparkContext.$anonfun$new$12(SparkContext.scala:503)
[2023-06-25T03:05:02.633+0000] {spark_submit.py:492} INFO - at org.apache.spark.SparkContext.$anonfun$new$12$adapted(SparkContext.scala:503)
[2023-06-25T03:05:02.633+0000] {spark_submit.py:492} INFO - at scala.collection.mutable.ResizableArray.foreach(ResizableArray.scala:62)
[2023-06-25T03:05:02.633+0000] {spark_submit.py:492} INFO - at scala.collection.mutable.ResizableArray.foreach$(ResizableArray.scala:55)
[2023-06-25T03:05:02.633+0000] {spark_submit.py:492} INFO - at scala.collection.mutable.ArrayBuffer.foreach(ArrayBuffer.scala:49)
[2023-06-25T03:05:02.634+0000] {spark_submit.py:492} INFO - at org.apache.spark.SparkContext.<init>(SparkContext.scala:503)
[2023-06-25T03:05:02.634+0000] {spark_submit.py:492} INFO - at org.apache.spark.api.java.JavaSparkContext.<init>(JavaSparkContext.scala:58)
[2023-06-25T03:05:02.634+0000] {spark_submit.py:492} INFO - at java.base/jdk.internal.reflect.NativeConstructorAccessorImpl.newInstance0(Native Method)
[2023-06-25T03:05:02.634+0000] {spark_submit.py:492} INFO - at java.base/jdk.internal.reflect.NativeConstructorAccessorImpl.newInstance(NativeConstructorAccessorImpl.java:62)
[2023-06-25T03:05:02.634+0000] {spark_submit.py:492} INFO - at java.base/jdk.internal.reflect.DelegatingConstructorAccessorImpl.newInstance(DelegatingConstructorAccessorImpl.java:45)
[2023-06-25T03:05:02.634+0000] {spark_submit.py:492} INFO - at java.base/java.lang.reflect.Constructor.newInstance(Constructor.java:490)
[2023-06-25T03:05:02.634+0000] {spark_submit.py:492} INFO - at py4j.reflection.MethodInvoker.invoke(MethodInvoker.java:247)
[2023-06-25T03:05:02.634+0000] {spark_submit.py:492} INFO - at py4j.reflection.ReflectionEngine.invoke(ReflectionEngine.java:357)
[2023-06-25T03:05:02.634+0000] {spark_submit.py:492} INFO - at py4j.Gateway.invoke(Gateway.java:238)
[2023-06-25T03:05:02.635+0000] {spark_submit.py:492} INFO - at py4j.commands.ConstructorCommand.invokeConstructor(ConstructorCommand.java:80)
[2023-06-25T03:05:02.635+0000] {spark_submit.py:492} INFO - at py4j.commands.ConstructorCommand.execute(ConstructorCommand.java:69)
[2023-06-25T03:05:02.635+0000] {spark_submit.py:492} INFO - at py4j.ClientServerConnection.waitForCommands(ClientServerConnection.java:182)
[2023-06-25T03:05:02.635+0000] {spark_submit.py:492} INFO - at py4j.ClientServerConnection.run(ClientServerConnection.java:106)
[2023-06-25T03:05:02.635+0000] {spark_submit.py:492} INFO - at java.base/java.lang.Thread.run(Thread.java:829)
[2023-06-25T03:05:02.635+0000] {spark_submit.py:492} INFO - 23/06/25 03:05:02 ERROR SparkContext: Failed to add file:/opt/***/%20/opt/spark/jars/aws-java-sdk-bundle-1.11.375.jar to Spark environment
[2023-06-25T03:05:02.635+0000] {spark_submit.py:492} INFO - java.io.FileNotFoundException: Jar /opt/***/ /opt/spark/jars/aws-java-sdk-bundle-1.11.375.jar not found
[2023-06-25T03:05:02.635+0000] {spark_submit.py:492} INFO - at org.apache.spark.SparkContext.addLocalJarFile$1(SparkContext.scala:1935)
[2023-06-25T03:05:02.636+0000] {spark_submit.py:492} INFO - at org.apache.spark.SparkContext.addJar(SparkContext.scala:1990)
[2023-06-25T03:05:02.636+0000] {spark_submit.py:492} INFO - at org.apache.spark.SparkContext.$anonfun$new$12(SparkContext.scala:503)
[2023-06-25T03:05:02.636+0000] {spark_submit.py:492} INFO - at org.apache.spark.SparkContext.$anonfun$new$12$adapted(SparkContext.scala:503)
[2023-06-25T03:05:02.636+0000] {spark_submit.py:492} INFO - at scala.collection.mutable.ResizableArray.foreach(ResizableArray.scala:62)
[2023-06-25T03:05:02.636+0000] {spark_submit.py:492} INFO - at scala.collection.mutable.ResizableArray.foreach$(ResizableArray.scala:55)
[2023-06-25T03:05:02.636+0000] {spark_submit.py:492} INFO - at scala.collection.mutable.ArrayBuffer.foreach(ArrayBuffer.scala:49)
[2023-06-25T03:05:02.636+0000] {spark_submit.py:492} INFO - at org.apache.spark.SparkContext.<init>(SparkContext.scala:503)
[2023-06-25T03:05:02.636+0000] {spark_submit.py:492} INFO - at org.apache.spark.api.java.JavaSparkContext.<init>(JavaSparkContext.scala:58)
[2023-06-25T03:05:02.637+0000] {spark_submit.py:492} INFO - at java.base/jdk.internal.reflect.NativeConstructorAccessorImpl.newInstance0(Native Method)
[2023-06-25T03:05:02.637+0000] {spark_submit.py:492} INFO - at java.base/jdk.internal.reflect.NativeConstructorAccessorImpl.newInstance(NativeConstructorAccessorImpl.java:62)
[2023-06-25T03:05:02.637+0000] {spark_submit.py:492} INFO - at java.base/jdk.internal.reflect.DelegatingConstructorAccessorImpl.newInstance(DelegatingConstructorAccessorImpl.java:45)
[2023-06-25T03:05:02.637+0000] {spark_submit.py:492} INFO - at java.base/java.lang.reflect.Constructor.newInstance(Constructor.java:490)
[2023-06-25T03:05:02.637+0000] {spark_submit.py:492} INFO - at py4j.reflection.MethodInvoker.invoke(MethodInvoker.java:247)
[2023-06-25T03:05:02.637+0000] {spark_submit.py:492} INFO - at py4j.reflection.ReflectionEngine.invoke(ReflectionEngine.java:357)
[2023-06-25T03:05:02.640+0000] {spark_submit.py:492} INFO - at py4j.Gateway.invoke(Gateway.java:238)
[2023-06-25T03:05:02.640+0000] {spark_submit.py:492} INFO - at py4j.commands.ConstructorCommand.invokeConstructor(ConstructorCommand.java:80)
[2023-06-25T03:05:02.640+0000] {spark_submit.py:492} INFO - at py4j.commands.ConstructorCommand.execute(ConstructorCommand.java:69)
[2023-06-25T03:05:02.640+0000] {spark_submit.py:492} INFO - at py4j.ClientServerConnection.waitForCommands(ClientServerConnection.java:182)
[2023-06-25T03:05:02.641+0000] {spark_submit.py:492} INFO - at py4j.ClientServerConnection.run(ClientServerConnection.java:106)
[2023-06-25T03:05:02.641+0000] {spark_submit.py:492} INFO - at java.base/java.lang.Thread.run(Thread.java:829)
[2023-06-25T03:05:02.976+0000] {spark_submit.py:492} INFO - 23/06/25 03:05:02 INFO StandaloneAppClient$ClientEndpoint: Connecting to master spark://spark:7077...
[2023-06-25T03:05:03.043+0000] {spark_submit.py:492} INFO - 23/06/25 03:05:03 INFO TransportClientFactory: Successfully created connection to spark/172.19.0.11:7077 after 36 ms (0 ms spent in bootstraps)
[2023-06-25T03:05:03.174+0000] {spark_submit.py:492} INFO - 23/06/25 03:05:03 INFO StandaloneSchedulerBackend: Connected to Spark cluster with app ID app-20230625030503-0004
[2023-06-25T03:05:03.179+0000] {spark_submit.py:492} INFO - 23/06/25 03:05:03 INFO Utils: Successfully started service 'org.apache.spark.network.netty.NettyBlockTransferService' on port 45049.
[2023-06-25T03:05:03.179+0000] {spark_submit.py:492} INFO - 23/06/25 03:05:03 INFO NettyBlockTransferService: Server created on a8d69ab09d2d:45049
[2023-06-25T03:05:03.181+0000] {spark_submit.py:492} INFO - 23/06/25 03:05:03 INFO BlockManager: Using org.apache.spark.storage.RandomBlockReplicationPolicy for block replication policy
[2023-06-25T03:05:03.187+0000] {spark_submit.py:492} INFO - 23/06/25 03:05:03 INFO BlockManagerMaster: Registering BlockManager BlockManagerId(driver, a8d69ab09d2d, 45049, None)
[2023-06-25T03:05:03.191+0000] {spark_submit.py:492} INFO - 23/06/25 03:05:03 INFO BlockManagerMasterEndpoint: Registering block manager a8d69ab09d2d:45049 with 434.4 MiB RAM, BlockManagerId(driver, a8d69ab09d2d, 45049, None)
[2023-06-25T03:05:03.193+0000] {spark_submit.py:492} INFO - 23/06/25 03:05:03 INFO BlockManagerMaster: Registered BlockManager BlockManagerId(driver, a8d69ab09d2d, 45049, None)
[2023-06-25T03:05:03.194+0000] {spark_submit.py:492} INFO - 23/06/25 03:05:03 INFO BlockManager: Initialized BlockManager: BlockManagerId(driver, a8d69ab09d2d, 45049, None)
[2023-06-25T03:05:03.372+0000] {spark_submit.py:492} INFO - 23/06/25 03:05:03 INFO StandaloneSchedulerBackend: SchedulerBackend is ready for scheduling beginning after reached minRegisteredResourcesRatio: 0.0
[2023-06-25T03:05:03.547+0000] {spark_submit.py:492} INFO - 23/06/25 03:05:03 INFO SharedState: Setting hive.metastore.warehouse.dir ('null') to the value of spark.sql.warehouse.dir.
[2023-06-25T03:05:03.550+0000] {spark_submit.py:492} INFO - 23/06/25 03:05:03 INFO SharedState: Warehouse path is 'file:/opt/***/spark-warehouse'.
[2023-06-25T03:05:06.091+0000] {spark_submit.py:492} INFO - 23/06/25 03:05:06 INFO StandaloneAppClient$ClientEndpoint: Executor added: app-20230625030503-0004/0 on worker-20230625024935-172.19.0.10-38505 (172.19.0.10:38505) with 1 core(s)
[2023-06-25T03:05:06.104+0000] {spark_submit.py:492} INFO - 23/06/25 03:05:06 INFO StandaloneSchedulerBackend: Granted executor ID app-20230625030503-0004/0 on hostPort 172.19.0.10:38505 with 1 core(s), 1024.0 MiB RAM
[2023-06-25T03:05:06.176+0000] {spark_submit.py:492} INFO - 23/06/25 03:05:06 INFO StandaloneAppClient$ClientEndpoint: Executor updated: app-20230625030503-0004/0 is now RUNNING
[2023-06-25T03:05:07.168+0000] {spark_submit.py:492} INFO - 23/06/25 03:05:07 INFO CodeGenerator: Code generated in 143.754889 ms
[2023-06-25T03:05:07.200+0000] {spark_submit.py:492} INFO - 23/06/25 03:05:07 INFO SparkContext: Starting job: showString at NativeMethodAccessorImpl.java:0
[2023-06-25T03:05:07.215+0000] {spark_submit.py:492} INFO - 23/06/25 03:05:07 INFO DAGScheduler: Got job 0 (showString at NativeMethodAccessorImpl.java:0) with 1 output partitions
[2023-06-25T03:05:07.215+0000] {spark_submit.py:492} INFO - 23/06/25 03:05:07 INFO DAGScheduler: Final stage: ResultStage 0 (showString at NativeMethodAccessorImpl.java:0)
[2023-06-25T03:05:07.216+0000] {spark_submit.py:492} INFO - 23/06/25 03:05:07 INFO DAGScheduler: Parents of final stage: List()
[2023-06-25T03:05:07.217+0000] {spark_submit.py:492} INFO - 23/06/25 03:05:07 INFO DAGScheduler: Missing parents: List()
[2023-06-25T03:05:07.221+0000] {spark_submit.py:492} INFO - 23/06/25 03:05:07 INFO DAGScheduler: Submitting ResultStage 0 (MapPartitionsRDD[6] at showString at NativeMethodAccessorImpl.java:0), which has no missing parents
[2023-06-25T03:05:07.322+0000] {spark_submit.py:492} INFO - 23/06/25 03:05:07 INFO MemoryStore: Block broadcast_0 stored as values in memory (estimated size 11.7 KiB, free 434.4 MiB)
[2023-06-25T03:05:07.346+0000] {spark_submit.py:492} INFO - 23/06/25 03:05:07 INFO MemoryStore: Block broadcast_0_piece0 stored as bytes in memory (estimated size 6.2 KiB, free 434.4 MiB)
[2023-06-25T03:05:07.349+0000] {spark_submit.py:492} INFO - 23/06/25 03:05:07 INFO BlockManagerInfo: Added broadcast_0_piece0 in memory on a8d69ab09d2d:45049 (size: 6.2 KiB, free: 434.4 MiB)
[2023-06-25T03:05:07.352+0000] {spark_submit.py:492} INFO - 23/06/25 03:05:07 INFO SparkContext: Created broadcast 0 from broadcast at DAGScheduler.scala:1427
[2023-06-25T03:05:07.361+0000] {spark_submit.py:492} INFO - 23/06/25 03:05:07 INFO DAGScheduler: Submitting 1 missing tasks from ResultStage 0 (MapPartitionsRDD[6] at showString at NativeMethodAccessorImpl.java:0) (first 15 tasks are for partitions Vector(0))
[2023-06-25T03:05:07.362+0000] {spark_submit.py:492} INFO - 23/06/25 03:05:07 INFO TaskSchedulerImpl: Adding task set 0.0 with 1 tasks resource profile 0
[2023-06-25T03:05:08.260+0000] {spark_submit.py:492} INFO - 23/06/25 03:05:08 INFO CoarseGrainedSchedulerBackend$DriverEndpoint: Registered executor NettyRpcEndpointRef(spark-client://Executor) (172.19.0.10:54534) with ID 0,  ResourceProfileId 0
[2023-06-25T03:05:08.364+0000] {spark_submit.py:492} INFO - 23/06/25 03:05:08 INFO BlockManagerMasterEndpoint: Registering block manager 172.19.0.10:39767 with 366.3 MiB RAM, BlockManagerId(0, 172.19.0.10, 39767, None)
[2023-06-25T03:05:08.409+0000] {spark_submit.py:492} INFO - 23/06/25 03:05:08 INFO TaskSetManager: Starting task 0.0 in stage 0.0 (TID 0) (172.19.0.10, executor 0, partition 0, PROCESS_LOCAL, 4605 bytes) taskResourceAssignments Map()
[2023-06-25T03:05:08.608+0000] {spark_submit.py:492} INFO - 23/06/25 03:05:08 INFO BlockManagerInfo: Added broadcast_0_piece0 in memory on 172.19.0.10:39767 (size: 6.2 KiB, free: 366.3 MiB)
[2023-06-25T03:05:09.876+0000] {spark_submit.py:492} INFO - 23/06/25 03:05:09 INFO TaskSetManager: Finished task 0.0 in stage 0.0 (TID 0) in 1476 ms on 172.19.0.10 (executor 0) (1/1)
[2023-06-25T03:05:09.878+0000] {spark_submit.py:492} INFO - 23/06/25 03:05:09 INFO TaskSchedulerImpl: Removed TaskSet 0.0, whose tasks have all completed, from pool
[2023-06-25T03:05:09.881+0000] {spark_submit.py:492} INFO - 23/06/25 03:05:09 INFO PythonAccumulatorV2: Connected to AccumulatorServer at host: 127.0.0.1 port: 58769
[2023-06-25T03:05:09.884+0000] {spark_submit.py:492} INFO - 23/06/25 03:05:09 INFO DAGScheduler: ResultStage 0 (showString at NativeMethodAccessorImpl.java:0) finished in 2.652 s
[2023-06-25T03:05:09.886+0000] {spark_submit.py:492} INFO - 23/06/25 03:05:09 INFO DAGScheduler: Job 0 is finished. Cancelling potential speculative or zombie tasks for this job
[2023-06-25T03:05:09.887+0000] {spark_submit.py:492} INFO - 23/06/25 03:05:09 INFO TaskSchedulerImpl: Killing all running tasks in stage 0: Stage finished
[2023-06-25T03:05:09.888+0000] {spark_submit.py:492} INFO - 23/06/25 03:05:09 INFO DAGScheduler: Job 0 finished: showString at NativeMethodAccessorImpl.java:0, took 2.687437 s
[2023-06-25T03:05:09.899+0000] {spark_submit.py:492} INFO - 23/06/25 03:05:09 INFO SparkContext: Starting job: showString at NativeMethodAccessorImpl.java:0
[2023-06-25T03:05:09.901+0000] {spark_submit.py:492} INFO - 23/06/25 03:05:09 INFO DAGScheduler: Got job 1 (showString at NativeMethodAccessorImpl.java:0) with 1 output partitions
[2023-06-25T03:05:09.901+0000] {spark_submit.py:492} INFO - 23/06/25 03:05:09 INFO DAGScheduler: Final stage: ResultStage 1 (showString at NativeMethodAccessorImpl.java:0)
[2023-06-25T03:05:09.901+0000] {spark_submit.py:492} INFO - 23/06/25 03:05:09 INFO DAGScheduler: Parents of final stage: List()
[2023-06-25T03:05:09.901+0000] {spark_submit.py:492} INFO - 23/06/25 03:05:09 INFO DAGScheduler: Missing parents: List()
[2023-06-25T03:05:09.902+0000] {spark_submit.py:492} INFO - 23/06/25 03:05:09 INFO DAGScheduler: Submitting ResultStage 1 (MapPartitionsRDD[6] at showString at NativeMethodAccessorImpl.java:0), which has no missing parents
[2023-06-25T03:05:09.905+0000] {spark_submit.py:492} INFO - 23/06/25 03:05:09 INFO MemoryStore: Block broadcast_1 stored as values in memory (estimated size 11.7 KiB, free 434.4 MiB)
[2023-06-25T03:05:09.908+0000] {spark_submit.py:492} INFO - 23/06/25 03:05:09 INFO MemoryStore: Block broadcast_1_piece0 stored as bytes in memory (estimated size 6.2 KiB, free 434.4 MiB)
[2023-06-25T03:05:09.910+0000] {spark_submit.py:492} INFO - 23/06/25 03:05:09 INFO BlockManagerInfo: Added broadcast_1_piece0 in memory on a8d69ab09d2d:45049 (size: 6.2 KiB, free: 434.4 MiB)
[2023-06-25T03:05:09.911+0000] {spark_submit.py:492} INFO - 23/06/25 03:05:09 INFO SparkContext: Created broadcast 1 from broadcast at DAGScheduler.scala:1427
[2023-06-25T03:05:09.911+0000] {spark_submit.py:492} INFO - 23/06/25 03:05:09 INFO DAGScheduler: Submitting 1 missing tasks from ResultStage 1 (MapPartitionsRDD[6] at showString at NativeMethodAccessorImpl.java:0) (first 15 tasks are for partitions Vector(1))
[2023-06-25T03:05:09.911+0000] {spark_submit.py:492} INFO - 23/06/25 03:05:09 INFO TaskSchedulerImpl: Adding task set 1.0 with 1 tasks resource profile 0
[2023-06-25T03:05:09.912+0000] {spark_submit.py:492} INFO - 23/06/25 03:05:09 INFO TaskSetManager: Starting task 0.0 in stage 1.0 (TID 1) (172.19.0.10, executor 0, partition 1, PROCESS_LOCAL, 4529 bytes) taskResourceAssignments Map()
[2023-06-25T03:05:09.926+0000] {spark_submit.py:492} INFO - 23/06/25 03:05:09 INFO BlockManagerInfo: Added broadcast_1_piece0 in memory on 172.19.0.10:39767 (size: 6.2 KiB, free: 366.3 MiB)
[2023-06-25T03:05:09.980+0000] {spark_submit.py:492} INFO - 23/06/25 03:05:09 INFO TaskSetManager: Finished task 0.0 in stage 1.0 (TID 1) in 68 ms on 172.19.0.10 (executor 0) (1/1)
[2023-06-25T03:05:09.981+0000] {spark_submit.py:492} INFO - 23/06/25 03:05:09 INFO TaskSchedulerImpl: Removed TaskSet 1.0, whose tasks have all completed, from pool
[2023-06-25T03:05:09.982+0000] {spark_submit.py:492} INFO - 23/06/25 03:05:09 INFO DAGScheduler: ResultStage 1 (showString at NativeMethodAccessorImpl.java:0) finished in 0.078 s
[2023-06-25T03:05:09.982+0000] {spark_submit.py:492} INFO - 23/06/25 03:05:09 INFO DAGScheduler: Job 1 is finished. Cancelling potential speculative or zombie tasks for this job
[2023-06-25T03:05:09.982+0000] {spark_submit.py:492} INFO - 23/06/25 03:05:09 INFO TaskSchedulerImpl: Killing all running tasks in stage 1: Stage finished
[2023-06-25T03:05:09.982+0000] {spark_submit.py:492} INFO - 23/06/25 03:05:09 INFO DAGScheduler: Job 1 finished: showString at NativeMethodAccessorImpl.java:0, took 0.082679 s
[2023-06-25T03:05:10.017+0000] {spark_submit.py:492} INFO - 23/06/25 03:05:10 INFO BlockManagerInfo: Removed broadcast_0_piece0 on a8d69ab09d2d:45049 in memory (size: 6.2 KiB, free: 434.4 MiB)
[2023-06-25T03:05:10.021+0000] {spark_submit.py:492} INFO - 23/06/25 03:05:10 INFO BlockManagerInfo: Removed broadcast_0_piece0 on 172.19.0.10:39767 in memory (size: 6.2 KiB, free: 366.3 MiB)
[2023-06-25T03:05:10.029+0000] {spark_submit.py:492} INFO - 23/06/25 03:05:10 INFO BlockManagerInfo: Removed broadcast_1_piece0 on a8d69ab09d2d:45049 in memory (size: 6.2 KiB, free: 434.4 MiB)
[2023-06-25T03:05:10.031+0000] {spark_submit.py:492} INFO - 23/06/25 03:05:10 INFO BlockManagerInfo: Removed broadcast_1_piece0 on 172.19.0.10:39767 in memory (size: 6.2 KiB, free: 366.3 MiB)
[2023-06-25T03:05:10.033+0000] {spark_submit.py:492} INFO - 23/06/25 03:05:10 INFO CodeGenerator: Code generated in 23.047459 ms
[2023-06-25T03:05:10.042+0000] {spark_submit.py:492} INFO - +-----+-----------------------------------------------------------------------------+
[2023-06-25T03:05:10.042+0000] {spark_submit.py:492} INFO - |Seqno|Quote                                                                        |
[2023-06-25T03:05:10.042+0000] {spark_submit.py:492} INFO - +-----+-----------------------------------------------------------------------------+
[2023-06-25T03:05:10.042+0000] {spark_submit.py:492} INFO - |1    |Be the change that you wish to see in the world                              |
[2023-06-25T03:05:10.042+0000] {spark_submit.py:492} INFO - |2    |Everyone thinks of changing the world, but no one thinks of changing himself.|
[2023-06-25T03:05:10.043+0000] {spark_submit.py:492} INFO - |3    |The purpose of our lives is to be happy.                                     |
[2023-06-25T03:05:10.043+0000] {spark_submit.py:492} INFO - |4    |Be cool.                                                                     |
[2023-06-25T03:05:10.043+0000] {spark_submit.py:492} INFO - +-----+-----------------------------------------------------------------------------+
[2023-06-25T03:05:10.043+0000] {spark_submit.py:492} INFO - 
[2023-06-25T03:05:10.086+0000] {spark_submit.py:492} INFO - Traceback (most recent call last):
[2023-06-25T03:05:10.086+0000] {spark_submit.py:492} INFO - File "/opt/***/dags/spark_etl_spark_minio.py", line 43, in <module>
[2023-06-25T03:05:10.086+0000] {spark_submit.py:492} INFO - df.write.mode("append").parquet("s3a://datalake/test.parquet")
[2023-06-25T03:05:10.086+0000] {spark_submit.py:492} INFO - File "/opt/spark/python/lib/pyspark.zip/pyspark/sql/readwriter.py", line 885, in parquet
[2023-06-25T03:05:10.086+0000] {spark_submit.py:492} INFO - File "/opt/spark/python/lib/py4j-0.10.9.2-src.zip/py4j/java_gateway.py", line 1309, in __call__
[2023-06-25T03:05:10.087+0000] {spark_submit.py:492} INFO - File "/opt/spark/python/lib/pyspark.zip/pyspark/sql/utils.py", line 111, in deco
[2023-06-25T03:05:10.087+0000] {spark_submit.py:492} INFO - File "/opt/spark/python/lib/py4j-0.10.9.2-src.zip/py4j/protocol.py", line 326, in get_return_value
[2023-06-25T03:05:10.087+0000] {spark_submit.py:492} INFO - py4j.protocol.Py4JJavaError: An error occurred while calling o79.parquet.
[2023-06-25T03:05:10.087+0000] {spark_submit.py:492} INFO - : java.lang.RuntimeException: java.lang.ClassNotFoundException: Class org.apache.hadoop.fs.s3a.S3AFileSystem not found
[2023-06-25T03:05:10.087+0000] {spark_submit.py:492} INFO - at org.apache.hadoop.conf.Configuration.getClass(Configuration.java:2667)
[2023-06-25T03:05:10.087+0000] {spark_submit.py:492} INFO - at org.apache.hadoop.fs.FileSystem.getFileSystemClass(FileSystem.java:3431)
[2023-06-25T03:05:10.087+0000] {spark_submit.py:492} INFO - at org.apache.hadoop.fs.FileSystem.createFileSystem(FileSystem.java:3466)
[2023-06-25T03:05:10.087+0000] {spark_submit.py:492} INFO - at org.apache.hadoop.fs.FileSystem.access$300(FileSystem.java:174)
[2023-06-25T03:05:10.087+0000] {spark_submit.py:492} INFO - at org.apache.hadoop.fs.FileSystem$Cache.getInternal(FileSystem.java:3574)
[2023-06-25T03:05:10.087+0000] {spark_submit.py:492} INFO - at org.apache.hadoop.fs.FileSystem$Cache.get(FileSystem.java:3521)
[2023-06-25T03:05:10.087+0000] {spark_submit.py:492} INFO - at org.apache.hadoop.fs.FileSystem.get(FileSystem.java:540)
[2023-06-25T03:05:10.088+0000] {spark_submit.py:492} INFO - at org.apache.hadoop.fs.Path.getFileSystem(Path.java:365)
[2023-06-25T03:05:10.088+0000] {spark_submit.py:492} INFO - at org.apache.spark.sql.execution.datasources.DataSource.planForWritingFileFormat(DataSource.scala:461)
[2023-06-25T03:05:10.088+0000] {spark_submit.py:492} INFO - at org.apache.spark.sql.execution.datasources.DataSource.planForWriting(DataSource.scala:556)
[2023-06-25T03:05:10.088+0000] {spark_submit.py:492} INFO - at org.apache.spark.sql.DataFrameWriter.saveToV1Source(DataFrameWriter.scala:382)
[2023-06-25T03:05:10.088+0000] {spark_submit.py:492} INFO - at org.apache.spark.sql.DataFrameWriter.saveInternal(DataFrameWriter.scala:355)
[2023-06-25T03:05:10.088+0000] {spark_submit.py:492} INFO - at org.apache.spark.sql.DataFrameWriter.save(DataFrameWriter.scala:239)
[2023-06-25T03:05:10.088+0000] {spark_submit.py:492} INFO - at org.apache.spark.sql.DataFrameWriter.parquet(DataFrameWriter.scala:781)
[2023-06-25T03:05:10.088+0000] {spark_submit.py:492} INFO - at java.base/jdk.internal.reflect.NativeMethodAccessorImpl.invoke0(Native Method)
[2023-06-25T03:05:10.088+0000] {spark_submit.py:492} INFO - at java.base/jdk.internal.reflect.NativeMethodAccessorImpl.invoke(NativeMethodAccessorImpl.java:62)
[2023-06-25T03:05:10.088+0000] {spark_submit.py:492} INFO - at java.base/jdk.internal.reflect.DelegatingMethodAccessorImpl.invoke(DelegatingMethodAccessorImpl.java:43)
[2023-06-25T03:05:10.088+0000] {spark_submit.py:492} INFO - at java.base/java.lang.reflect.Method.invoke(Method.java:566)
[2023-06-25T03:05:10.088+0000] {spark_submit.py:492} INFO - at py4j.reflection.MethodInvoker.invoke(MethodInvoker.java:244)
[2023-06-25T03:05:10.088+0000] {spark_submit.py:492} INFO - at py4j.reflection.ReflectionEngine.invoke(ReflectionEngine.java:357)
[2023-06-25T03:05:10.088+0000] {spark_submit.py:492} INFO - at py4j.Gateway.invoke(Gateway.java:282)
[2023-06-25T03:05:10.088+0000] {spark_submit.py:492} INFO - at py4j.commands.AbstractCommand.invokeMethod(AbstractCommand.java:132)
[2023-06-25T03:05:10.088+0000] {spark_submit.py:492} INFO - at py4j.commands.CallCommand.execute(CallCommand.java:79)
[2023-06-25T03:05:10.089+0000] {spark_submit.py:492} INFO - at py4j.ClientServerConnection.waitForCommands(ClientServerConnection.java:182)
[2023-06-25T03:05:10.089+0000] {spark_submit.py:492} INFO - at py4j.ClientServerConnection.run(ClientServerConnection.java:106)
[2023-06-25T03:05:10.089+0000] {spark_submit.py:492} INFO - at java.base/java.lang.Thread.run(Thread.java:829)
[2023-06-25T03:05:10.089+0000] {spark_submit.py:492} INFO - Caused by: java.lang.ClassNotFoundException: Class org.apache.hadoop.fs.s3a.S3AFileSystem not found
[2023-06-25T03:05:10.089+0000] {spark_submit.py:492} INFO - at org.apache.hadoop.conf.Configuration.getClassByName(Configuration.java:2571)
[2023-06-25T03:05:10.089+0000] {spark_submit.py:492} INFO - at org.apache.hadoop.conf.Configuration.getClass(Configuration.java:2665)
[2023-06-25T03:05:10.089+0000] {spark_submit.py:492} INFO - ... 25 more
[2023-06-25T03:05:10.089+0000] {spark_submit.py:492} INFO - 
[2023-06-25T03:05:10.143+0000] {spark_submit.py:492} INFO - 23/06/25 03:05:10 INFO SparkContext: Invoking stop() from shutdown hook
[2023-06-25T03:05:10.148+0000] {spark_submit.py:492} INFO - 23/06/25 03:05:10 INFO SparkUI: Stopped Spark web UI at http://a8d69ab09d2d:4041
[2023-06-25T03:05:10.150+0000] {spark_submit.py:492} INFO - 23/06/25 03:05:10 INFO StandaloneSchedulerBackend: Shutting down all executors
[2023-06-25T03:05:10.151+0000] {spark_submit.py:492} INFO - 23/06/25 03:05:10 INFO CoarseGrainedSchedulerBackend$DriverEndpoint: Asking each executor to shut down
[2023-06-25T03:05:10.166+0000] {spark_submit.py:492} INFO - 23/06/25 03:05:10 INFO MapOutputTrackerMasterEndpoint: MapOutputTrackerMasterEndpoint stopped!
[2023-06-25T03:05:10.176+0000] {spark_submit.py:492} INFO - 23/06/25 03:05:10 INFO MemoryStore: MemoryStore cleared
[2023-06-25T03:05:10.177+0000] {spark_submit.py:492} INFO - 23/06/25 03:05:10 INFO BlockManager: BlockManager stopped
[2023-06-25T03:05:10.179+0000] {spark_submit.py:492} INFO - 23/06/25 03:05:10 INFO BlockManagerMaster: BlockManagerMaster stopped
[2023-06-25T03:05:10.181+0000] {spark_submit.py:492} INFO - 23/06/25 03:05:10 INFO OutputCommitCoordinator$OutputCommitCoordinatorEndpoint: OutputCommitCoordinator stopped!
[2023-06-25T03:05:10.187+0000] {spark_submit.py:492} INFO - 23/06/25 03:05:10 INFO SparkContext: Successfully stopped SparkContext
[2023-06-25T03:05:10.187+0000] {spark_submit.py:492} INFO - 23/06/25 03:05:10 INFO ShutdownHookManager: Shutdown hook called
[2023-06-25T03:05:10.188+0000] {spark_submit.py:492} INFO - 23/06/25 03:05:10 INFO ShutdownHookManager: Deleting directory /tmp/spark-5a4c95df-8185-4c39-85d6-1c9dbdc28475
[2023-06-25T03:05:10.192+0000] {spark_submit.py:492} INFO - 23/06/25 03:05:10 INFO ShutdownHookManager: Deleting directory /tmp/spark-6228c9ba-a35b-48d3-84cb-adddd410fa75
[2023-06-25T03:05:10.195+0000] {spark_submit.py:492} INFO - 23/06/25 03:05:10 INFO ShutdownHookManager: Deleting directory /tmp/spark-5a4c95df-8185-4c39-85d6-1c9dbdc28475/pyspark-7b7b1936-f760-4570-9d0a-cc8c419dec17
[2023-06-25T03:05:10.259+0000] {taskinstance.py:1775} ERROR - Task failed with exception
Traceback (most recent call last):
  File "/home/airflow/.local/lib/python3.8/site-packages/airflow/providers/apache/spark/operators/spark_submit.py", line 157, in execute
    self._hook.submit(self._application)
  File "/home/airflow/.local/lib/python3.8/site-packages/airflow/providers/apache/spark/hooks/spark_submit.py", line 423, in submit
    raise AirflowException(
airflow.exceptions.AirflowException: Cannot execute: spark-submit --master spark://spark:7077 --jars /opt/spark/jars/hadoop-aws-3.2.0.jar, /opt/spark/jars/aws-java-sdk-bundle-1.11.375.jar --name arrow-spark /opt/***/dags/spark_etl_spark_minio.py. Error code is: 1.
[2023-06-25T03:05:10.263+0000] {taskinstance.py:1321} INFO - Marking task as UP_FOR_RETRY. dag_id=spark_etl_minio_v10, task_id=spark_submit_task, execution_date=20230625T030457, start_date=20230625T030458, end_date=20230625T030510
[2023-06-25T03:05:10.273+0000] {standard_task_runner.py:100} ERROR - Failed to execute job 175 for task spark_submit_task (Cannot execute: spark-submit --master spark://spark:7077 --jars /opt/spark/jars/hadoop-aws-3.2.0.jar, /opt/spark/jars/aws-java-sdk-bundle-1.11.375.jar --name arrow-spark /opt/***/dags/spark_etl_spark_minio.py. Error code is: 1.; 4314)
[2023-06-25T03:05:10.285+0000] {local_task_job.py:212} INFO - Task exited with return code 1
[2023-06-25T03:05:10.296+0000] {taskinstance.py:2585} INFO - 0 downstream tasks scheduled from follow-on schedule check
