[2023-06-25T06:35:09.096+0000] {taskinstance.py:1084} INFO - Dependencies all met for dep_context=non-requeueable deps ti=<TaskInstance: spark_etl_minio_v19.spark_submit_task manual__2023-06-25T06:35:08.409348+00:00 [queued]>
[2023-06-25T06:35:09.104+0000] {taskinstance.py:1084} INFO - Dependencies all met for dep_context=requeueable deps ti=<TaskInstance: spark_etl_minio_v19.spark_submit_task manual__2023-06-25T06:35:08.409348+00:00 [queued]>
[2023-06-25T06:35:09.104+0000] {taskinstance.py:1282} INFO - 
--------------------------------------------------------------------------------
[2023-06-25T06:35:09.104+0000] {taskinstance.py:1283} INFO - Starting attempt 1 of 6
[2023-06-25T06:35:09.105+0000] {taskinstance.py:1284} INFO - 
--------------------------------------------------------------------------------
[2023-06-25T06:35:09.114+0000] {taskinstance.py:1303} INFO - Executing <Task(SparkSubmitOperator): spark_submit_task> on 2023-06-25 06:35:08.409348+00:00
[2023-06-25T06:35:09.120+0000] {standard_task_runner.py:55} INFO - Started process 1579 to run task
[2023-06-25T06:35:09.123+0000] {standard_task_runner.py:82} INFO - Running: ['***', 'tasks', 'run', 'spark_etl_minio_v19', 'spark_submit_task', 'manual__2023-06-25T06:35:08.409348+00:00', '--job-id', '286', '--raw', '--subdir', 'DAGS_FOLDER/spark_job_minio_v1.py', '--cfg-path', '/tmp/tmpbgtcujya']
[2023-06-25T06:35:09.123+0000] {standard_task_runner.py:83} INFO - Job 286: Subtask spark_submit_task
[2023-06-25T06:35:09.154+0000] {warnings.py:109} WARNING - /home/***/.local/lib/python3.8/site-packages/***/settings.py:250: DeprecationWarning: The sql_alchemy_conn option in [core] has been moved to the sql_alchemy_conn option in [database] - the old setting has been used, but please update your config.
  SQL_ALCHEMY_CONN = conf.get("database", "SQL_ALCHEMY_CONN")

[2023-06-25T06:35:09.197+0000] {task_command.py:388} INFO - Running <TaskInstance: spark_etl_minio_v19.spark_submit_task manual__2023-06-25T06:35:08.409348+00:00 [running]> on host a8d69ab09d2d
[2023-06-25T06:35:09.256+0000] {taskinstance.py:1509} INFO - Exporting the following env vars:
AIRFLOW_CTX_DAG_OWNER=***
AIRFLOW_CTX_DAG_ID=spark_etl_minio_v19
AIRFLOW_CTX_TASK_ID=spark_submit_task
AIRFLOW_CTX_EXECUTION_DATE=2023-06-25T06:35:08.409348+00:00
AIRFLOW_CTX_TRY_NUMBER=1
AIRFLOW_CTX_DAG_RUN_ID=manual__2023-06-25T06:35:08.409348+00:00
[2023-06-25T06:35:09.263+0000] {base.py:73} INFO - Using connection ID 'spark_conn' for task execution.
[2023-06-25T06:35:09.265+0000] {spark_submit.py:341} INFO - Spark-Submit cmd: spark-submit --master spark://spark:7077 --conf spark.hadoop.fs.s3a.aws.credentials.provider=org.apache.hadoop.fs.s3a.SimpleAWSCredentialsProvider --conf spark.hadoop.fs.s3a.path.style.access=true --conf spark.hadoop.fs.s3a.access.key=minioadmin --conf spark.hadoop.fs.s3a.secret.key=****** --conf spark.hadoop.fs.s3a.endpoint=http://minio:9000 --jars local:///opt/bitnami/spark/jars/hadoop-aws-3.2.0.jar,local:///opt/bitnami/spark/jars/aws-java-sdk-bundle-1.11.375.jar,local:///opt/bitnami/spark/jars/hadoop-aws-3.2.0.jar --name arrow-spark /opt/***/dags/spark_etl_spark_minio.py
[2023-06-25T06:35:10.172+0000] {spark_submit.py:492} INFO - WARNING: An illegal reflective access operation has occurred
[2023-06-25T06:35:10.173+0000] {spark_submit.py:492} INFO - WARNING: Illegal reflective access by org.apache.spark.unsafe.Platform (file:/opt/spark/jars/spark-unsafe_2.12-3.2.0.jar) to constructor java.nio.DirectByteBuffer(long,int)
[2023-06-25T06:35:10.173+0000] {spark_submit.py:492} INFO - WARNING: Please consider reporting this to the maintainers of org.apache.spark.unsafe.Platform
[2023-06-25T06:35:10.173+0000] {spark_submit.py:492} INFO - WARNING: Use --illegal-access=warn to enable warnings of further illegal reflective access operations
[2023-06-25T06:35:10.173+0000] {spark_submit.py:492} INFO - WARNING: All illegal access operations will be denied in a future release
[2023-06-25T06:35:10.402+0000] {spark_submit.py:492} INFO - Using Spark's default log4j profile: org/apache/spark/log4j-defaults.properties
[2023-06-25T06:35:10.403+0000] {spark_submit.py:492} INFO - 23/06/25 06:35:10 WARN DependencyUtils: Local jar /opt/bitnami/spark/jars/hadoop-aws-3.2.0.jar does not exist, skipping.
[2023-06-25T06:35:10.403+0000] {spark_submit.py:492} INFO - 23/06/25 06:35:10 WARN DependencyUtils: Local jar /opt/bitnami/spark/jars/aws-java-sdk-bundle-1.11.375.jar does not exist, skipping.
[2023-06-25T06:35:10.403+0000] {spark_submit.py:492} INFO - 23/06/25 06:35:10 WARN DependencyUtils: Local jar /opt/bitnami/spark/jars/hadoop-aws-3.2.0.jar does not exist, skipping.
[2023-06-25T06:35:11.248+0000] {spark_submit.py:492} INFO - 23/06/25 06:35:11 INFO SparkContext: Running Spark version 3.2.0
[2023-06-25T06:35:11.374+0000] {spark_submit.py:492} INFO - 23/06/25 06:35:11 WARN NativeCodeLoader: Unable to load native-hadoop library for your platform... using builtin-java classes where applicable
[2023-06-25T06:35:11.607+0000] {spark_submit.py:492} INFO - 23/06/25 06:35:11 INFO ResourceUtils: ==============================================================
[2023-06-25T06:35:11.608+0000] {spark_submit.py:492} INFO - 23/06/25 06:35:11 INFO ResourceUtils: No custom resources configured for spark.driver.
[2023-06-25T06:35:11.610+0000] {spark_submit.py:492} INFO - 23/06/25 06:35:11 INFO ResourceUtils: ==============================================================
[2023-06-25T06:35:11.611+0000] {spark_submit.py:492} INFO - 23/06/25 06:35:11 INFO SparkContext: Submitted application: arrow-spark
[2023-06-25T06:35:11.657+0000] {spark_submit.py:492} INFO - 23/06/25 06:35:11 INFO ResourceProfile: Default ResourceProfile created, executor resources: Map(cores -> name: cores, amount: 1, script: , vendor: , memory -> name: memory, amount: 1024, script: , vendor: , offHeap -> name: offHeap, amount: 0, script: , vendor: ), task resources: Map(cpus -> name: cpus, amount: 1.0)
[2023-06-25T06:35:11.675+0000] {spark_submit.py:492} INFO - 23/06/25 06:35:11 INFO ResourceProfile: Limiting resource is cpu
[2023-06-25T06:35:11.675+0000] {spark_submit.py:492} INFO - 23/06/25 06:35:11 INFO ResourceProfileManager: Added ResourceProfile id: 0
[2023-06-25T06:35:11.757+0000] {spark_submit.py:492} INFO - 23/06/25 06:35:11 INFO SecurityManager: Changing view acls to: default
[2023-06-25T06:35:11.758+0000] {spark_submit.py:492} INFO - 23/06/25 06:35:11 INFO SecurityManager: Changing modify acls to: default
[2023-06-25T06:35:11.758+0000] {spark_submit.py:492} INFO - 23/06/25 06:35:11 INFO SecurityManager: Changing view acls groups to:
[2023-06-25T06:35:11.759+0000] {spark_submit.py:492} INFO - 23/06/25 06:35:11 INFO SecurityManager: Changing modify acls groups to:
[2023-06-25T06:35:11.760+0000] {spark_submit.py:492} INFO - 23/06/25 06:35:11 INFO SecurityManager: SecurityManager: authentication disabled; ui acls disabled; users  with view permissions: Set(default); groups with view permissions: Set(); users  with modify permissions: Set(default); groups with modify permissions: Set()
[2023-06-25T06:35:12.120+0000] {spark_submit.py:492} INFO - 23/06/25 06:35:12 INFO Utils: Successfully started service 'sparkDriver' on port 34053.
[2023-06-25T06:35:12.143+0000] {spark_submit.py:492} INFO - 23/06/25 06:35:12 INFO SparkEnv: Registering MapOutputTracker
[2023-06-25T06:35:12.175+0000] {spark_submit.py:492} INFO - 23/06/25 06:35:12 INFO SparkEnv: Registering BlockManagerMaster
[2023-06-25T06:35:12.192+0000] {spark_submit.py:492} INFO - 23/06/25 06:35:12 INFO BlockManagerMasterEndpoint: Using org.apache.spark.storage.DefaultTopologyMapper for getting topology information
[2023-06-25T06:35:12.192+0000] {spark_submit.py:492} INFO - 23/06/25 06:35:12 INFO BlockManagerMasterEndpoint: BlockManagerMasterEndpoint up
[2023-06-25T06:35:12.196+0000] {spark_submit.py:492} INFO - 23/06/25 06:35:12 INFO SparkEnv: Registering BlockManagerMasterHeartbeat
[2023-06-25T06:35:12.214+0000] {spark_submit.py:492} INFO - 23/06/25 06:35:12 INFO DiskBlockManager: Created local directory at /tmp/blockmgr-08ed8c32-5236-4f81-a685-6eb108f91028
[2023-06-25T06:35:12.229+0000] {spark_submit.py:492} INFO - 23/06/25 06:35:12 INFO MemoryStore: MemoryStore started with capacity 434.4 MiB
[2023-06-25T06:35:12.243+0000] {spark_submit.py:492} INFO - 23/06/25 06:35:12 INFO SparkEnv: Registering OutputCommitCoordinator
[2023-06-25T06:35:12.490+0000] {spark_submit.py:492} INFO - 23/06/25 06:35:12 WARN Utils: Service 'SparkUI' could not bind on port 4040. Attempting port 4041.
[2023-06-25T06:35:12.491+0000] {spark_submit.py:492} INFO - 23/06/25 06:35:12 WARN Utils: Service 'SparkUI' could not bind on port 4041. Attempting port 4042.
[2023-06-25T06:35:12.492+0000] {spark_submit.py:492} INFO - 23/06/25 06:35:12 WARN Utils: Service 'SparkUI' could not bind on port 4042. Attempting port 4043.
[2023-06-25T06:35:12.492+0000] {spark_submit.py:492} INFO - 23/06/25 06:35:12 WARN Utils: Service 'SparkUI' could not bind on port 4043. Attempting port 4044.
[2023-06-25T06:35:12.510+0000] {spark_submit.py:492} INFO - 23/06/25 06:35:12 INFO Utils: Successfully started service 'SparkUI' on port 4044.
[2023-06-25T06:35:12.641+0000] {spark_submit.py:492} INFO - 23/06/25 06:35:12 INFO SparkUI: Bound SparkUI to 0.0.0.0, and started at http://a8d69ab09d2d:4044
[2023-06-25T06:35:12.668+0000] {spark_submit.py:492} INFO - 23/06/25 06:35:12 INFO SparkContext: Added JAR local:///opt/bitnami/spark/jars/hadoop-aws-3.2.0.jar at file:/opt/bitnami/spark/jars/hadoop-aws-3.2.0.jar with timestamp 1687674911236
[2023-06-25T06:35:12.668+0000] {spark_submit.py:492} INFO - 23/06/25 06:35:12 INFO SparkContext: Added JAR local:///opt/bitnami/spark/jars/aws-java-sdk-bundle-1.11.375.jar at file:/opt/bitnami/spark/jars/aws-java-sdk-bundle-1.11.375.jar with timestamp 1687674911236
[2023-06-25T06:35:12.669+0000] {spark_submit.py:492} INFO - 23/06/25 06:35:12 INFO SparkContext: The JAR local:///opt/bitnami/spark/jars/hadoop-aws-3.2.0.jar at file:/opt/bitnami/spark/jars/hadoop-aws-3.2.0.jar has been added already. Overwriting of added jar is not supported in the current version.
[2023-06-25T06:35:12.904+0000] {spark_submit.py:492} INFO - 23/06/25 06:35:12 INFO StandaloneAppClient$ClientEndpoint: Connecting to master spark://spark:7077...
[2023-06-25T06:35:12.978+0000] {spark_submit.py:492} INFO - 23/06/25 06:35:12 INFO TransportClientFactory: Successfully created connection to spark/172.19.0.11:7077 after 31 ms (0 ms spent in bootstraps)
[2023-06-25T06:35:13.064+0000] {spark_submit.py:492} INFO - 23/06/25 06:35:13 INFO StandaloneSchedulerBackend: Connected to Spark cluster with app ID app-20230625063513-0002
[2023-06-25T06:35:13.068+0000] {spark_submit.py:492} INFO - 23/06/25 06:35:13 INFO StandaloneAppClient$ClientEndpoint: Executor added: app-20230625063513-0002/0 on worker-20230625063204-172.19.0.10-44099 (172.19.0.10:44099) with 1 core(s)
[2023-06-25T06:35:13.070+0000] {spark_submit.py:492} INFO - 23/06/25 06:35:13 INFO StandaloneSchedulerBackend: Granted executor ID app-20230625063513-0002/0 on hostPort 172.19.0.10:44099 with 1 core(s), 1024.0 MiB RAM
[2023-06-25T06:35:13.072+0000] {spark_submit.py:492} INFO - 23/06/25 06:35:13 INFO Utils: Successfully started service 'org.apache.spark.network.netty.NettyBlockTransferService' on port 43329.
[2023-06-25T06:35:13.072+0000] {spark_submit.py:492} INFO - 23/06/25 06:35:13 INFO NettyBlockTransferService: Server created on a8d69ab09d2d:43329
[2023-06-25T06:35:13.074+0000] {spark_submit.py:492} INFO - 23/06/25 06:35:13 INFO BlockManager: Using org.apache.spark.storage.RandomBlockReplicationPolicy for block replication policy
[2023-06-25T06:35:13.094+0000] {spark_submit.py:492} INFO - 23/06/25 06:35:13 INFO BlockManagerMaster: Registering BlockManager BlockManagerId(driver, a8d69ab09d2d, 43329, None)
[2023-06-25T06:35:13.102+0000] {spark_submit.py:492} INFO - 23/06/25 06:35:13 INFO BlockManagerMasterEndpoint: Registering block manager a8d69ab09d2d:43329 with 434.4 MiB RAM, BlockManagerId(driver, a8d69ab09d2d, 43329, None)
[2023-06-25T06:35:13.115+0000] {spark_submit.py:492} INFO - 23/06/25 06:35:13 INFO BlockManagerMaster: Registered BlockManager BlockManagerId(driver, a8d69ab09d2d, 43329, None)
[2023-06-25T06:35:13.118+0000] {spark_submit.py:492} INFO - 23/06/25 06:35:13 INFO BlockManager: Initialized BlockManager: BlockManagerId(driver, a8d69ab09d2d, 43329, None)
[2023-06-25T06:35:13.175+0000] {spark_submit.py:492} INFO - 23/06/25 06:35:13 INFO StandaloneAppClient$ClientEndpoint: Executor updated: app-20230625063513-0002/0 is now RUNNING
[2023-06-25T06:35:13.383+0000] {spark_submit.py:492} INFO - 23/06/25 06:35:13 INFO StandaloneSchedulerBackend: SchedulerBackend is ready for scheduling beginning after reached minRegisteredResourcesRatio: 0.0
[2023-06-25T06:35:13.648+0000] {spark_submit.py:492} INFO - 23/06/25 06:35:13 INFO SharedState: Setting hive.metastore.warehouse.dir ('null') to the value of spark.sql.warehouse.dir.
[2023-06-25T06:35:13.668+0000] {spark_submit.py:492} INFO - 23/06/25 06:35:13 INFO SharedState: Warehouse path is 'file:/opt/***/spark-warehouse'.
[2023-06-25T06:35:15.917+0000] {spark_submit.py:492} INFO - 23/06/25 06:35:15 INFO CoarseGrainedSchedulerBackend$DriverEndpoint: Registered executor NettyRpcEndpointRef(spark-client://Executor) (172.19.0.10:55200) with ID 0,  ResourceProfileId 0
[2023-06-25T06:35:16.033+0000] {spark_submit.py:492} INFO - 23/06/25 06:35:16 INFO BlockManagerMasterEndpoint: Registering block manager 172.19.0.10:44363 with 366.3 MiB RAM, BlockManagerId(0, 172.19.0.10, 44363, None)
[2023-06-25T06:35:17.345+0000] {spark_submit.py:492} INFO - 23/06/25 06:35:17 INFO CodeGenerator: Code generated in 90.690705 ms
[2023-06-25T06:35:17.366+0000] {spark_submit.py:492} INFO - 23/06/25 06:35:17 INFO SparkContext: Starting job: showString at NativeMethodAccessorImpl.java:0
[2023-06-25T06:35:17.375+0000] {spark_submit.py:492} INFO - 23/06/25 06:35:17 INFO DAGScheduler: Got job 0 (showString at NativeMethodAccessorImpl.java:0) with 1 output partitions
[2023-06-25T06:35:17.376+0000] {spark_submit.py:492} INFO - 23/06/25 06:35:17 INFO DAGScheduler: Final stage: ResultStage 0 (showString at NativeMethodAccessorImpl.java:0)
[2023-06-25T06:35:17.376+0000] {spark_submit.py:492} INFO - 23/06/25 06:35:17 INFO DAGScheduler: Parents of final stage: List()
[2023-06-25T06:35:17.377+0000] {spark_submit.py:492} INFO - 23/06/25 06:35:17 INFO DAGScheduler: Missing parents: List()
[2023-06-25T06:35:17.379+0000] {spark_submit.py:492} INFO - 23/06/25 06:35:17 INFO DAGScheduler: Submitting ResultStage 0 (MapPartitionsRDD[6] at showString at NativeMethodAccessorImpl.java:0), which has no missing parents
[2023-06-25T06:35:17.448+0000] {spark_submit.py:492} INFO - 23/06/25 06:35:17 INFO MemoryStore: Block broadcast_0 stored as values in memory (estimated size 11.7 KiB, free 434.4 MiB)
[2023-06-25T06:35:17.477+0000] {spark_submit.py:492} INFO - 23/06/25 06:35:17 INFO MemoryStore: Block broadcast_0_piece0 stored as bytes in memory (estimated size 6.2 KiB, free 434.4 MiB)
[2023-06-25T06:35:17.479+0000] {spark_submit.py:492} INFO - 23/06/25 06:35:17 INFO BlockManagerInfo: Added broadcast_0_piece0 in memory on a8d69ab09d2d:43329 (size: 6.2 KiB, free: 434.4 MiB)
[2023-06-25T06:35:17.483+0000] {spark_submit.py:492} INFO - 23/06/25 06:35:17 INFO SparkContext: Created broadcast 0 from broadcast at DAGScheduler.scala:1427
[2023-06-25T06:35:17.494+0000] {spark_submit.py:492} INFO - 23/06/25 06:35:17 INFO DAGScheduler: Submitting 1 missing tasks from ResultStage 0 (MapPartitionsRDD[6] at showString at NativeMethodAccessorImpl.java:0) (first 15 tasks are for partitions Vector(0))
[2023-06-25T06:35:17.495+0000] {spark_submit.py:492} INFO - 23/06/25 06:35:17 INFO TaskSchedulerImpl: Adding task set 0.0 with 1 tasks resource profile 0
[2023-06-25T06:35:17.522+0000] {spark_submit.py:492} INFO - 23/06/25 06:35:17 INFO TaskSetManager: Starting task 0.0 in stage 0.0 (TID 0) (172.19.0.10, executor 0, partition 0, PROCESS_LOCAL, 4605 bytes) taskResourceAssignments Map()
[2023-06-25T06:35:17.780+0000] {spark_submit.py:492} INFO - 23/06/25 06:35:17 INFO BlockManagerInfo: Added broadcast_0_piece0 in memory on 172.19.0.10:44363 (size: 6.2 KiB, free: 366.3 MiB)
[2023-06-25T06:35:18.927+0000] {spark_submit.py:492} INFO - 23/06/25 06:35:18 INFO TaskSetManager: Finished task 0.0 in stage 0.0 (TID 0) in 1411 ms on 172.19.0.10 (executor 0) (1/1)
[2023-06-25T06:35:18.928+0000] {spark_submit.py:492} INFO - 23/06/25 06:35:18 INFO TaskSchedulerImpl: Removed TaskSet 0.0, whose tasks have all completed, from pool
[2023-06-25T06:35:18.932+0000] {spark_submit.py:492} INFO - 23/06/25 06:35:18 INFO PythonAccumulatorV2: Connected to AccumulatorServer at host: 127.0.0.1 port: 38065
[2023-06-25T06:35:18.935+0000] {spark_submit.py:492} INFO - 23/06/25 06:35:18 INFO DAGScheduler: ResultStage 0 (showString at NativeMethodAccessorImpl.java:0) finished in 1.548 s
[2023-06-25T06:35:18.937+0000] {spark_submit.py:492} INFO - 23/06/25 06:35:18 INFO DAGScheduler: Job 0 is finished. Cancelling potential speculative or zombie tasks for this job
[2023-06-25T06:35:18.937+0000] {spark_submit.py:492} INFO - 23/06/25 06:35:18 INFO TaskSchedulerImpl: Killing all running tasks in stage 0: Stage finished
[2023-06-25T06:35:18.939+0000] {spark_submit.py:492} INFO - 23/06/25 06:35:18 INFO DAGScheduler: Job 0 finished: showString at NativeMethodAccessorImpl.java:0, took 1.572793 s
[2023-06-25T06:35:18.950+0000] {spark_submit.py:492} INFO - 23/06/25 06:35:18 INFO SparkContext: Starting job: showString at NativeMethodAccessorImpl.java:0
[2023-06-25T06:35:18.951+0000] {spark_submit.py:492} INFO - 23/06/25 06:35:18 INFO DAGScheduler: Got job 1 (showString at NativeMethodAccessorImpl.java:0) with 1 output partitions
[2023-06-25T06:35:18.951+0000] {spark_submit.py:492} INFO - 23/06/25 06:35:18 INFO DAGScheduler: Final stage: ResultStage 1 (showString at NativeMethodAccessorImpl.java:0)
[2023-06-25T06:35:18.951+0000] {spark_submit.py:492} INFO - 23/06/25 06:35:18 INFO DAGScheduler: Parents of final stage: List()
[2023-06-25T06:35:18.951+0000] {spark_submit.py:492} INFO - 23/06/25 06:35:18 INFO DAGScheduler: Missing parents: List()
[2023-06-25T06:35:18.952+0000] {spark_submit.py:492} INFO - 23/06/25 06:35:18 INFO DAGScheduler: Submitting ResultStage 1 (MapPartitionsRDD[6] at showString at NativeMethodAccessorImpl.java:0), which has no missing parents
[2023-06-25T06:35:18.956+0000] {spark_submit.py:492} INFO - 23/06/25 06:35:18 INFO MemoryStore: Block broadcast_1 stored as values in memory (estimated size 11.7 KiB, free 434.4 MiB)
[2023-06-25T06:35:18.959+0000] {spark_submit.py:492} INFO - 23/06/25 06:35:18 INFO MemoryStore: Block broadcast_1_piece0 stored as bytes in memory (estimated size 6.2 KiB, free 434.4 MiB)
[2023-06-25T06:35:18.959+0000] {spark_submit.py:492} INFO - 23/06/25 06:35:18 INFO BlockManagerInfo: Added broadcast_1_piece0 in memory on a8d69ab09d2d:43329 (size: 6.2 KiB, free: 434.4 MiB)
[2023-06-25T06:35:18.960+0000] {spark_submit.py:492} INFO - 23/06/25 06:35:18 INFO SparkContext: Created broadcast 1 from broadcast at DAGScheduler.scala:1427
[2023-06-25T06:35:18.961+0000] {spark_submit.py:492} INFO - 23/06/25 06:35:18 INFO DAGScheduler: Submitting 1 missing tasks from ResultStage 1 (MapPartitionsRDD[6] at showString at NativeMethodAccessorImpl.java:0) (first 15 tasks are for partitions Vector(1))
[2023-06-25T06:35:18.961+0000] {spark_submit.py:492} INFO - 23/06/25 06:35:18 INFO TaskSchedulerImpl: Adding task set 1.0 with 1 tasks resource profile 0
[2023-06-25T06:35:18.962+0000] {spark_submit.py:492} INFO - 23/06/25 06:35:18 INFO TaskSetManager: Starting task 0.0 in stage 1.0 (TID 1) (172.19.0.10, executor 0, partition 1, PROCESS_LOCAL, 4529 bytes) taskResourceAssignments Map()
[2023-06-25T06:35:18.978+0000] {spark_submit.py:492} INFO - 23/06/25 06:35:18 INFO BlockManagerInfo: Added broadcast_1_piece0 in memory on 172.19.0.10:44363 (size: 6.2 KiB, free: 366.3 MiB)
[2023-06-25T06:35:19.035+0000] {spark_submit.py:492} INFO - 23/06/25 06:35:19 INFO TaskSetManager: Finished task 0.0 in stage 1.0 (TID 1) in 73 ms on 172.19.0.10 (executor 0) (1/1)
[2023-06-25T06:35:19.035+0000] {spark_submit.py:492} INFO - 23/06/25 06:35:19 INFO TaskSchedulerImpl: Removed TaskSet 1.0, whose tasks have all completed, from pool
[2023-06-25T06:35:19.036+0000] {spark_submit.py:492} INFO - 23/06/25 06:35:19 INFO DAGScheduler: ResultStage 1 (showString at NativeMethodAccessorImpl.java:0) finished in 0.083 s
[2023-06-25T06:35:19.037+0000] {spark_submit.py:492} INFO - 23/06/25 06:35:19 INFO DAGScheduler: Job 1 is finished. Cancelling potential speculative or zombie tasks for this job
[2023-06-25T06:35:19.037+0000] {spark_submit.py:492} INFO - 23/06/25 06:35:19 INFO TaskSchedulerImpl: Killing all running tasks in stage 1: Stage finished
[2023-06-25T06:35:19.037+0000] {spark_submit.py:492} INFO - 23/06/25 06:35:19 INFO DAGScheduler: Job 1 finished: showString at NativeMethodAccessorImpl.java:0, took 0.087455 s
[2023-06-25T06:35:19.069+0000] {spark_submit.py:492} INFO - 23/06/25 06:35:19 INFO CodeGenerator: Code generated in 16.939116 ms
[2023-06-25T06:35:19.079+0000] {spark_submit.py:492} INFO - +-----+-----------------------------------------------------------------------------+
[2023-06-25T06:35:19.079+0000] {spark_submit.py:492} INFO - |Seqno|Quote                                                                        |
[2023-06-25T06:35:19.079+0000] {spark_submit.py:492} INFO - +-----+-----------------------------------------------------------------------------+
[2023-06-25T06:35:19.079+0000] {spark_submit.py:492} INFO - |1    |Be the change that you wish to see in the world                              |
[2023-06-25T06:35:19.079+0000] {spark_submit.py:492} INFO - |2    |Everyone thinks of changing the world, but no one thinks of changing himself.|
[2023-06-25T06:35:19.079+0000] {spark_submit.py:492} INFO - |3    |The purpose of our lives is to be happy.                                     |
[2023-06-25T06:35:19.080+0000] {spark_submit.py:492} INFO - |4    |Be cool.                                                                     |
[2023-06-25T06:35:19.080+0000] {spark_submit.py:492} INFO - +-----+-----------------------------------------------------------------------------+
[2023-06-25T06:35:19.080+0000] {spark_submit.py:492} INFO - 
[2023-06-25T06:35:19.135+0000] {spark_submit.py:492} INFO - 23/06/25 06:35:19 INFO BlockManagerInfo: Removed broadcast_1_piece0 on 172.19.0.10:44363 in memory (size: 6.2 KiB, free: 366.3 MiB)
[2023-06-25T06:35:19.137+0000] {spark_submit.py:492} INFO - 23/06/25 06:35:19 INFO BlockManagerInfo: Removed broadcast_1_piece0 on a8d69ab09d2d:43329 in memory (size: 6.2 KiB, free: 434.4 MiB)
[2023-06-25T06:35:19.145+0000] {spark_submit.py:492} INFO - 23/06/25 06:35:19 INFO BlockManagerInfo: Removed broadcast_0_piece0 on a8d69ab09d2d:43329 in memory (size: 6.2 KiB, free: 434.4 MiB)
[2023-06-25T06:35:19.149+0000] {spark_submit.py:492} INFO - 23/06/25 06:35:19 INFO BlockManagerInfo: Removed broadcast_0_piece0 on 172.19.0.10:44363 in memory (size: 6.2 KiB, free: 366.3 MiB)
[2023-06-25T06:35:19.157+0000] {spark_submit.py:492} INFO - Traceback (most recent call last):
[2023-06-25T06:35:19.158+0000] {spark_submit.py:492} INFO - File "/opt/***/dags/spark_etl_spark_minio.py", line 41, in <module>
[2023-06-25T06:35:19.158+0000] {spark_submit.py:492} INFO - df.write.mode("append").parquet("s3a://datalake/test.parquet")
[2023-06-25T06:35:19.158+0000] {spark_submit.py:492} INFO - File "/opt/spark/python/lib/pyspark.zip/pyspark/sql/readwriter.py", line 885, in parquet
[2023-06-25T06:35:19.158+0000] {spark_submit.py:492} INFO - File "/opt/spark/python/lib/py4j-0.10.9.2-src.zip/py4j/java_gateway.py", line 1309, in __call__
[2023-06-25T06:35:19.158+0000] {spark_submit.py:492} INFO - File "/opt/spark/python/lib/pyspark.zip/pyspark/sql/utils.py", line 111, in deco
[2023-06-25T06:35:19.158+0000] {spark_submit.py:492} INFO - File "/opt/spark/python/lib/py4j-0.10.9.2-src.zip/py4j/protocol.py", line 326, in get_return_value
[2023-06-25T06:35:19.158+0000] {spark_submit.py:492} INFO - py4j.protocol.Py4JJavaError: An error occurred while calling o71.parquet.
[2023-06-25T06:35:19.159+0000] {spark_submit.py:492} INFO - : java.lang.RuntimeException: java.lang.ClassNotFoundException: Class org.apache.hadoop.fs.s3a.S3AFileSystem not found
[2023-06-25T06:35:19.159+0000] {spark_submit.py:492} INFO - at org.apache.hadoop.conf.Configuration.getClass(Configuration.java:2667)
[2023-06-25T06:35:19.159+0000] {spark_submit.py:492} INFO - at org.apache.hadoop.fs.FileSystem.getFileSystemClass(FileSystem.java:3431)
[2023-06-25T06:35:19.159+0000] {spark_submit.py:492} INFO - at org.apache.hadoop.fs.FileSystem.createFileSystem(FileSystem.java:3466)
[2023-06-25T06:35:19.159+0000] {spark_submit.py:492} INFO - at org.apache.hadoop.fs.FileSystem.access$300(FileSystem.java:174)
[2023-06-25T06:35:19.159+0000] {spark_submit.py:492} INFO - at org.apache.hadoop.fs.FileSystem$Cache.getInternal(FileSystem.java:3574)
[2023-06-25T06:35:19.159+0000] {spark_submit.py:492} INFO - at org.apache.hadoop.fs.FileSystem$Cache.get(FileSystem.java:3521)
[2023-06-25T06:35:19.159+0000] {spark_submit.py:492} INFO - at org.apache.hadoop.fs.FileSystem.get(FileSystem.java:540)
[2023-06-25T06:35:19.159+0000] {spark_submit.py:492} INFO - at org.apache.hadoop.fs.Path.getFileSystem(Path.java:365)
[2023-06-25T06:35:19.159+0000] {spark_submit.py:492} INFO - at org.apache.spark.sql.execution.datasources.DataSource.planForWritingFileFormat(DataSource.scala:461)
[2023-06-25T06:35:19.159+0000] {spark_submit.py:492} INFO - at org.apache.spark.sql.execution.datasources.DataSource.planForWriting(DataSource.scala:556)
[2023-06-25T06:35:19.159+0000] {spark_submit.py:492} INFO - at org.apache.spark.sql.DataFrameWriter.saveToV1Source(DataFrameWriter.scala:382)
[2023-06-25T06:35:19.160+0000] {spark_submit.py:492} INFO - at org.apache.spark.sql.DataFrameWriter.saveInternal(DataFrameWriter.scala:355)
[2023-06-25T06:35:19.160+0000] {spark_submit.py:492} INFO - at org.apache.spark.sql.DataFrameWriter.save(DataFrameWriter.scala:239)
[2023-06-25T06:35:19.160+0000] {spark_submit.py:492} INFO - at org.apache.spark.sql.DataFrameWriter.parquet(DataFrameWriter.scala:781)
[2023-06-25T06:35:19.160+0000] {spark_submit.py:492} INFO - at java.base/jdk.internal.reflect.NativeMethodAccessorImpl.invoke0(Native Method)
[2023-06-25T06:35:19.160+0000] {spark_submit.py:492} INFO - at java.base/jdk.internal.reflect.NativeMethodAccessorImpl.invoke(NativeMethodAccessorImpl.java:62)
[2023-06-25T06:35:19.160+0000] {spark_submit.py:492} INFO - at java.base/jdk.internal.reflect.DelegatingMethodAccessorImpl.invoke(DelegatingMethodAccessorImpl.java:43)
[2023-06-25T06:35:19.160+0000] {spark_submit.py:492} INFO - at java.base/java.lang.reflect.Method.invoke(Method.java:566)
[2023-06-25T06:35:19.160+0000] {spark_submit.py:492} INFO - at py4j.reflection.MethodInvoker.invoke(MethodInvoker.java:244)
[2023-06-25T06:35:19.160+0000] {spark_submit.py:492} INFO - at py4j.reflection.ReflectionEngine.invoke(ReflectionEngine.java:357)
[2023-06-25T06:35:19.160+0000] {spark_submit.py:492} INFO - at py4j.Gateway.invoke(Gateway.java:282)
[2023-06-25T06:35:19.160+0000] {spark_submit.py:492} INFO - at py4j.commands.AbstractCommand.invokeMethod(AbstractCommand.java:132)
[2023-06-25T06:35:19.160+0000] {spark_submit.py:492} INFO - at py4j.commands.CallCommand.execute(CallCommand.java:79)
[2023-06-25T06:35:19.160+0000] {spark_submit.py:492} INFO - at py4j.ClientServerConnection.waitForCommands(ClientServerConnection.java:182)
[2023-06-25T06:35:19.160+0000] {spark_submit.py:492} INFO - at py4j.ClientServerConnection.run(ClientServerConnection.java:106)
[2023-06-25T06:35:19.161+0000] {spark_submit.py:492} INFO - at java.base/java.lang.Thread.run(Thread.java:829)
[2023-06-25T06:35:19.161+0000] {spark_submit.py:492} INFO - Caused by: java.lang.ClassNotFoundException: Class org.apache.hadoop.fs.s3a.S3AFileSystem not found
[2023-06-25T06:35:19.161+0000] {spark_submit.py:492} INFO - at org.apache.hadoop.conf.Configuration.getClassByName(Configuration.java:2571)
[2023-06-25T06:35:19.161+0000] {spark_submit.py:492} INFO - at org.apache.hadoop.conf.Configuration.getClass(Configuration.java:2665)
[2023-06-25T06:35:19.161+0000] {spark_submit.py:492} INFO - ... 25 more
[2023-06-25T06:35:19.161+0000] {spark_submit.py:492} INFO - 
[2023-06-25T06:35:19.233+0000] {spark_submit.py:492} INFO - 23/06/25 06:35:19 INFO SparkContext: Invoking stop() from shutdown hook
[2023-06-25T06:35:19.239+0000] {spark_submit.py:492} INFO - 23/06/25 06:35:19 INFO SparkUI: Stopped Spark web UI at http://a8d69ab09d2d:4044
[2023-06-25T06:35:19.242+0000] {spark_submit.py:492} INFO - 23/06/25 06:35:19 INFO StandaloneSchedulerBackend: Shutting down all executors
[2023-06-25T06:35:19.242+0000] {spark_submit.py:492} INFO - 23/06/25 06:35:19 INFO CoarseGrainedSchedulerBackend$DriverEndpoint: Asking each executor to shut down
[2023-06-25T06:35:19.265+0000] {spark_submit.py:492} INFO - 23/06/25 06:35:19 INFO MapOutputTrackerMasterEndpoint: MapOutputTrackerMasterEndpoint stopped!
[2023-06-25T06:35:19.277+0000] {spark_submit.py:492} INFO - 23/06/25 06:35:19 INFO MemoryStore: MemoryStore cleared
[2023-06-25T06:35:19.277+0000] {spark_submit.py:492} INFO - 23/06/25 06:35:19 INFO BlockManager: BlockManager stopped
[2023-06-25T06:35:19.280+0000] {spark_submit.py:492} INFO - 23/06/25 06:35:19 INFO BlockManagerMaster: BlockManagerMaster stopped
[2023-06-25T06:35:19.282+0000] {spark_submit.py:492} INFO - 23/06/25 06:35:19 INFO OutputCommitCoordinator$OutputCommitCoordinatorEndpoint: OutputCommitCoordinator stopped!
[2023-06-25T06:35:19.291+0000] {spark_submit.py:492} INFO - 23/06/25 06:35:19 INFO SparkContext: Successfully stopped SparkContext
[2023-06-25T06:35:19.291+0000] {spark_submit.py:492} INFO - 23/06/25 06:35:19 INFO ShutdownHookManager: Shutdown hook called
[2023-06-25T06:35:19.292+0000] {spark_submit.py:492} INFO - 23/06/25 06:35:19 INFO ShutdownHookManager: Deleting directory /tmp/spark-646db91c-c7e5-4e9b-8049-514286a2aa4c
[2023-06-25T06:35:19.296+0000] {spark_submit.py:492} INFO - 23/06/25 06:35:19 INFO ShutdownHookManager: Deleting directory /tmp/spark-e118113c-e99b-4022-bde2-8024319c7a4b/pyspark-82fda8b0-4ae9-483a-8b76-7ca5a7d1c760
[2023-06-25T06:35:19.299+0000] {spark_submit.py:492} INFO - 23/06/25 06:35:19 INFO ShutdownHookManager: Deleting directory /tmp/spark-e118113c-e99b-4022-bde2-8024319c7a4b
[2023-06-25T06:35:19.414+0000] {taskinstance.py:1775} ERROR - Task failed with exception
Traceback (most recent call last):
  File "/home/airflow/.local/lib/python3.8/site-packages/airflow/providers/apache/spark/operators/spark_submit.py", line 157, in execute
    self._hook.submit(self._application)
  File "/home/airflow/.local/lib/python3.8/site-packages/airflow/providers/apache/spark/hooks/spark_submit.py", line 423, in submit
    raise AirflowException(
airflow.exceptions.AirflowException: Cannot execute: spark-submit --master spark://spark:7077 --conf spark.hadoop.fs.s3a.aws.credentials.provider=org.apache.hadoop.fs.s3a.SimpleAWSCredentialsProvider --conf spark.hadoop.fs.s3a.path.style.access=true --conf spark.hadoop.fs.s3a.access.key=minioadmin --conf spark.hadoop.fs.s3a.secret.key=****** --conf spark.hadoop.fs.s3a.endpoint=http://minio:9000 --jars local:///opt/bitnami/spark/jars/hadoop-aws-3.2.0.jar,local:///opt/bitnami/spark/jars/aws-java-sdk-bundle-1.11.375.jar,local:///opt/bitnami/spark/jars/hadoop-aws-3.2.0.jar --name arrow-spark /opt/***/dags/spark_etl_spark_minio.py. Error code is: 1.
[2023-06-25T06:35:19.416+0000] {taskinstance.py:1321} INFO - Marking task as UP_FOR_RETRY. dag_id=spark_etl_minio_v19, task_id=spark_submit_task, execution_date=20230625T063508, start_date=20230625T063509, end_date=20230625T063519
[2023-06-25T06:35:19.428+0000] {standard_task_runner.py:100} ERROR - Failed to execute job 286 for task spark_submit_task (Cannot execute: spark-submit --master spark://spark:7077 --conf spark.hadoop.fs.s3a.aws.credentials.provider=org.apache.hadoop.fs.s3a.SimpleAWSCredentialsProvider --conf spark.hadoop.fs.s3a.path.style.access=true --conf spark.hadoop.fs.s3a.access.key=minioadmin --conf spark.hadoop.fs.s3a.secret.key=****** --conf spark.hadoop.fs.s3a.endpoint=http://minio:9000 --jars local:///opt/bitnami/spark/jars/hadoop-aws-3.2.0.jar,local:///opt/bitnami/spark/jars/aws-java-sdk-bundle-1.11.375.jar,local:///opt/bitnami/spark/jars/hadoop-aws-3.2.0.jar --name arrow-spark /opt/***/dags/spark_etl_spark_minio.py. Error code is: 1.; 1579)
[2023-06-25T06:35:19.472+0000] {local_task_job.py:212} INFO - Task exited with return code 1
[2023-06-25T06:35:19.507+0000] {taskinstance.py:2585} INFO - 0 downstream tasks scheduled from follow-on schedule check
