[2023-06-25T06:42:34.788+0000] {taskinstance.py:1084} INFO - Dependencies all met for dep_context=non-requeueable deps ti=<TaskInstance: spark_etl_minio_v19.spark_submit_task manual__2023-06-25T06:35:08.409348+00:00 [queued]>
[2023-06-25T06:42:34.794+0000] {taskinstance.py:1084} INFO - Dependencies all met for dep_context=requeueable deps ti=<TaskInstance: spark_etl_minio_v19.spark_submit_task manual__2023-06-25T06:35:08.409348+00:00 [queued]>
[2023-06-25T06:42:34.794+0000] {taskinstance.py:1282} INFO - 
--------------------------------------------------------------------------------
[2023-06-25T06:42:34.794+0000] {taskinstance.py:1283} INFO - Starting attempt 4 of 6
[2023-06-25T06:42:34.794+0000] {taskinstance.py:1284} INFO - 
--------------------------------------------------------------------------------
[2023-06-25T06:42:34.802+0000] {taskinstance.py:1303} INFO - Executing <Task(SparkSubmitOperator): spark_submit_task> on 2023-06-25 06:35:08.409348+00:00
[2023-06-25T06:42:34.805+0000] {standard_task_runner.py:55} INFO - Started process 3638 to run task
[2023-06-25T06:42:34.808+0000] {standard_task_runner.py:82} INFO - Running: ['***', 'tasks', 'run', 'spark_etl_minio_v19', 'spark_submit_task', 'manual__2023-06-25T06:35:08.409348+00:00', '--job-id', '295', '--raw', '--subdir', 'DAGS_FOLDER/spark_job_minio_v1.py', '--cfg-path', '/tmp/tmpah91u6va']
[2023-06-25T06:42:34.808+0000] {standard_task_runner.py:83} INFO - Job 295: Subtask spark_submit_task
[2023-06-25T06:42:34.817+0000] {warnings.py:109} WARNING - /home/***/.local/lib/python3.8/site-packages/***/settings.py:250: DeprecationWarning: The sql_alchemy_conn option in [core] has been moved to the sql_alchemy_conn option in [database] - the old setting has been used, but please update your config.
  SQL_ALCHEMY_CONN = conf.get("database", "SQL_ALCHEMY_CONN")

[2023-06-25T06:42:34.849+0000] {task_command.py:388} INFO - Running <TaskInstance: spark_etl_minio_v19.spark_submit_task manual__2023-06-25T06:35:08.409348+00:00 [running]> on host a8d69ab09d2d
[2023-06-25T06:42:34.892+0000] {taskinstance.py:1509} INFO - Exporting the following env vars:
AIRFLOW_CTX_DAG_OWNER=***
AIRFLOW_CTX_DAG_ID=spark_etl_minio_v19
AIRFLOW_CTX_TASK_ID=spark_submit_task
AIRFLOW_CTX_EXECUTION_DATE=2023-06-25T06:35:08.409348+00:00
AIRFLOW_CTX_TRY_NUMBER=4
AIRFLOW_CTX_DAG_RUN_ID=manual__2023-06-25T06:35:08.409348+00:00
[2023-06-25T06:42:34.898+0000] {base.py:73} INFO - Using connection ID 'spark_conn' for task execution.
[2023-06-25T06:42:34.900+0000] {spark_submit.py:341} INFO - Spark-Submit cmd: spark-submit --master spark://spark:7077 --conf spark.hadoop.fs.s3a.aws.credentials.provider=org.apache.hadoop.fs.s3a.SimpleAWSCredentialsProvider --conf spark.hadoop.fs.s3a.path.style.access=true --conf spark.hadoop.fs.s3a.access.key=minioadmin --conf spark.hadoop.fs.s3a.secret.key=****** --conf spark.hadoop.fs.s3a.endpoint=http://minio:9000 --jars local:///opt/bitnami/spark/jars/hadoop-aws-3.2.0.jar,local:///opt/bitnami/spark/jars/aws-java-sdk-bundle-1.11.375.jar,local:///opt/bitnami/spark/jars/hadoop-aws-3.2.0.jar --name arrow-spark /opt/***/dags/spark_etl_spark_minio.py
[2023-06-25T06:42:35.728+0000] {spark_submit.py:492} INFO - WARNING: An illegal reflective access operation has occurred
[2023-06-25T06:42:35.729+0000] {spark_submit.py:492} INFO - WARNING: Illegal reflective access by org.apache.spark.unsafe.Platform (file:/opt/spark/jars/spark-unsafe_2.12-3.2.0.jar) to constructor java.nio.DirectByteBuffer(long,int)
[2023-06-25T06:42:35.729+0000] {spark_submit.py:492} INFO - WARNING: Please consider reporting this to the maintainers of org.apache.spark.unsafe.Platform
[2023-06-25T06:42:35.729+0000] {spark_submit.py:492} INFO - WARNING: Use --illegal-access=warn to enable warnings of further illegal reflective access operations
[2023-06-25T06:42:35.729+0000] {spark_submit.py:492} INFO - WARNING: All illegal access operations will be denied in a future release
[2023-06-25T06:42:35.952+0000] {spark_submit.py:492} INFO - Using Spark's default log4j profile: org/apache/spark/log4j-defaults.properties
[2023-06-25T06:42:35.953+0000] {spark_submit.py:492} INFO - 23/06/25 06:42:35 WARN DependencyUtils: Local jar /opt/bitnami/spark/jars/hadoop-aws-3.2.0.jar does not exist, skipping.
[2023-06-25T06:42:35.953+0000] {spark_submit.py:492} INFO - 23/06/25 06:42:35 WARN DependencyUtils: Local jar /opt/bitnami/spark/jars/aws-java-sdk-bundle-1.11.375.jar does not exist, skipping.
[2023-06-25T06:42:35.953+0000] {spark_submit.py:492} INFO - 23/06/25 06:42:35 WARN DependencyUtils: Local jar /opt/bitnami/spark/jars/hadoop-aws-3.2.0.jar does not exist, skipping.
[2023-06-25T06:42:36.643+0000] {spark_submit.py:492} INFO - 23/06/25 06:42:36 INFO SparkContext: Running Spark version 3.2.0
[2023-06-25T06:42:36.714+0000] {spark_submit.py:492} INFO - 23/06/25 06:42:36 WARN NativeCodeLoader: Unable to load native-hadoop library for your platform... using builtin-java classes where applicable
[2023-06-25T06:42:36.817+0000] {spark_submit.py:492} INFO - 23/06/25 06:42:36 INFO ResourceUtils: ==============================================================
[2023-06-25T06:42:36.817+0000] {spark_submit.py:492} INFO - 23/06/25 06:42:36 INFO ResourceUtils: No custom resources configured for spark.driver.
[2023-06-25T06:42:36.817+0000] {spark_submit.py:492} INFO - 23/06/25 06:42:36 INFO ResourceUtils: ==============================================================
[2023-06-25T06:42:36.817+0000] {spark_submit.py:492} INFO - 23/06/25 06:42:36 INFO SparkContext: Submitted application: arrow-spark
[2023-06-25T06:42:36.837+0000] {spark_submit.py:492} INFO - 23/06/25 06:42:36 INFO ResourceProfile: Default ResourceProfile created, executor resources: Map(cores -> name: cores, amount: 1, script: , vendor: , memory -> name: memory, amount: 1024, script: , vendor: , offHeap -> name: offHeap, amount: 0, script: , vendor: ), task resources: Map(cpus -> name: cpus, amount: 1.0)
[2023-06-25T06:42:36.850+0000] {spark_submit.py:492} INFO - 23/06/25 06:42:36 INFO ResourceProfile: Limiting resource is cpu
[2023-06-25T06:42:36.851+0000] {spark_submit.py:492} INFO - 23/06/25 06:42:36 INFO ResourceProfileManager: Added ResourceProfile id: 0
[2023-06-25T06:42:36.886+0000] {spark_submit.py:492} INFO - 23/06/25 06:42:36 INFO SecurityManager: Changing view acls to: default
[2023-06-25T06:42:36.887+0000] {spark_submit.py:492} INFO - 23/06/25 06:42:36 INFO SecurityManager: Changing modify acls to: default
[2023-06-25T06:42:36.887+0000] {spark_submit.py:492} INFO - 23/06/25 06:42:36 INFO SecurityManager: Changing view acls groups to:
[2023-06-25T06:42:36.887+0000] {spark_submit.py:492} INFO - 23/06/25 06:42:36 INFO SecurityManager: Changing modify acls groups to:
[2023-06-25T06:42:36.887+0000] {spark_submit.py:492} INFO - 23/06/25 06:42:36 INFO SecurityManager: SecurityManager: authentication disabled; ui acls disabled; users  with view permissions: Set(default); groups with view permissions: Set(); users  with modify permissions: Set(default); groups with modify permissions: Set()
[2023-06-25T06:42:37.096+0000] {spark_submit.py:492} INFO - 23/06/25 06:42:37 INFO Utils: Successfully started service 'sparkDriver' on port 45299.
[2023-06-25T06:42:37.115+0000] {spark_submit.py:492} INFO - 23/06/25 06:42:37 INFO SparkEnv: Registering MapOutputTracker
[2023-06-25T06:42:37.136+0000] {spark_submit.py:492} INFO - 23/06/25 06:42:37 INFO SparkEnv: Registering BlockManagerMaster
[2023-06-25T06:42:37.148+0000] {spark_submit.py:492} INFO - 23/06/25 06:42:37 INFO BlockManagerMasterEndpoint: Using org.apache.spark.storage.DefaultTopologyMapper for getting topology information
[2023-06-25T06:42:37.148+0000] {spark_submit.py:492} INFO - 23/06/25 06:42:37 INFO BlockManagerMasterEndpoint: BlockManagerMasterEndpoint up
[2023-06-25T06:42:37.151+0000] {spark_submit.py:492} INFO - 23/06/25 06:42:37 INFO SparkEnv: Registering BlockManagerMasterHeartbeat
[2023-06-25T06:42:37.167+0000] {spark_submit.py:492} INFO - 23/06/25 06:42:37 INFO DiskBlockManager: Created local directory at /tmp/blockmgr-8bd5af3a-677a-448f-b473-c2238b4f6ecd
[2023-06-25T06:42:37.181+0000] {spark_submit.py:492} INFO - 23/06/25 06:42:37 INFO MemoryStore: MemoryStore started with capacity 434.4 MiB
[2023-06-25T06:42:37.193+0000] {spark_submit.py:492} INFO - 23/06/25 06:42:37 INFO SparkEnv: Registering OutputCommitCoordinator
[2023-06-25T06:42:37.322+0000] {spark_submit.py:492} INFO - 23/06/25 06:42:37 WARN Utils: Service 'SparkUI' could not bind on port 4040. Attempting port 4041.
[2023-06-25T06:42:37.323+0000] {spark_submit.py:492} INFO - 23/06/25 06:42:37 WARN Utils: Service 'SparkUI' could not bind on port 4041. Attempting port 4042.
[2023-06-25T06:42:37.323+0000] {spark_submit.py:492} INFO - 23/06/25 06:42:37 WARN Utils: Service 'SparkUI' could not bind on port 4042. Attempting port 4043.
[2023-06-25T06:42:37.323+0000] {spark_submit.py:492} INFO - 23/06/25 06:42:37 WARN Utils: Service 'SparkUI' could not bind on port 4043. Attempting port 4044.
[2023-06-25T06:42:37.329+0000] {spark_submit.py:492} INFO - 23/06/25 06:42:37 INFO Utils: Successfully started service 'SparkUI' on port 4044.
[2023-06-25T06:42:37.393+0000] {spark_submit.py:492} INFO - 23/06/25 06:42:37 INFO SparkUI: Bound SparkUI to 0.0.0.0, and started at http://a8d69ab09d2d:4044
[2023-06-25T06:42:37.409+0000] {spark_submit.py:492} INFO - 23/06/25 06:42:37 INFO SparkContext: Added JAR local:///opt/bitnami/spark/jars/hadoop-aws-3.2.0.jar at file:/opt/bitnami/spark/jars/hadoop-aws-3.2.0.jar with timestamp 1687675356635
[2023-06-25T06:42:37.409+0000] {spark_submit.py:492} INFO - 23/06/25 06:42:37 INFO SparkContext: Added JAR local:///opt/bitnami/spark/jars/aws-java-sdk-bundle-1.11.375.jar at file:/opt/bitnami/spark/jars/aws-java-sdk-bundle-1.11.375.jar with timestamp 1687675356635
[2023-06-25T06:42:37.411+0000] {spark_submit.py:492} INFO - 23/06/25 06:42:37 INFO SparkContext: The JAR local:///opt/bitnami/spark/jars/hadoop-aws-3.2.0.jar at file:/opt/bitnami/spark/jars/hadoop-aws-3.2.0.jar has been added already. Overwriting of added jar is not supported in the current version.
[2023-06-25T06:42:37.598+0000] {spark_submit.py:492} INFO - 23/06/25 06:42:37 INFO StandaloneAppClient$ClientEndpoint: Connecting to master spark://spark:7077...
[2023-06-25T06:42:37.652+0000] {spark_submit.py:492} INFO - 23/06/25 06:42:37 WARN StandaloneAppClient$ClientEndpoint: Failed to connect to master spark:7077
[2023-06-25T06:42:37.652+0000] {spark_submit.py:492} INFO - org.apache.spark.SparkException: Exception thrown in awaitResult:
[2023-06-25T06:42:37.653+0000] {spark_submit.py:492} INFO - at org.apache.spark.util.ThreadUtils$.awaitResult(ThreadUtils.scala:301)
[2023-06-25T06:42:37.653+0000] {spark_submit.py:492} INFO - at org.apache.spark.rpc.RpcTimeout.awaitResult(RpcTimeout.scala:75)
[2023-06-25T06:42:37.653+0000] {spark_submit.py:492} INFO - at org.apache.spark.rpc.RpcEnv.setupEndpointRefByURI(RpcEnv.scala:101)
[2023-06-25T06:42:37.653+0000] {spark_submit.py:492} INFO - at org.apache.spark.rpc.RpcEnv.setupEndpointRef(RpcEnv.scala:109)
[2023-06-25T06:42:37.653+0000] {spark_submit.py:492} INFO - at org.apache.spark.deploy.client.StandaloneAppClient$ClientEndpoint$$anon$1.run(StandaloneAppClient.scala:107)
[2023-06-25T06:42:37.653+0000] {spark_submit.py:492} INFO - at java.base/java.util.concurrent.Executors$RunnableAdapter.call(Executors.java:515)
[2023-06-25T06:42:37.653+0000] {spark_submit.py:492} INFO - at java.base/java.util.concurrent.FutureTask.run(FutureTask.java:264)
[2023-06-25T06:42:37.653+0000] {spark_submit.py:492} INFO - at java.base/java.util.concurrent.ThreadPoolExecutor.runWorker(ThreadPoolExecutor.java:1128)
[2023-06-25T06:42:37.653+0000] {spark_submit.py:492} INFO - at java.base/java.util.concurrent.ThreadPoolExecutor$Worker.run(ThreadPoolExecutor.java:628)
[2023-06-25T06:42:37.653+0000] {spark_submit.py:492} INFO - at java.base/java.lang.Thread.run(Thread.java:829)
[2023-06-25T06:42:37.653+0000] {spark_submit.py:492} INFO - Caused by: java.io.IOException: Failed to connect to spark:7077
[2023-06-25T06:42:37.653+0000] {spark_submit.py:492} INFO - at org.apache.spark.network.client.TransportClientFactory.createClient(TransportClientFactory.java:288)
[2023-06-25T06:42:37.653+0000] {spark_submit.py:492} INFO - at org.apache.spark.network.client.TransportClientFactory.createClient(TransportClientFactory.java:218)
[2023-06-25T06:42:37.653+0000] {spark_submit.py:492} INFO - at org.apache.spark.network.client.TransportClientFactory.createClient(TransportClientFactory.java:230)
[2023-06-25T06:42:37.653+0000] {spark_submit.py:492} INFO - at org.apache.spark.rpc.netty.NettyRpcEnv.createClient(NettyRpcEnv.scala:204)
[2023-06-25T06:42:37.653+0000] {spark_submit.py:492} INFO - at org.apache.spark.rpc.netty.Outbox$$anon$1.call(Outbox.scala:202)
[2023-06-25T06:42:37.654+0000] {spark_submit.py:492} INFO - at org.apache.spark.rpc.netty.Outbox$$anon$1.call(Outbox.scala:198)
[2023-06-25T06:42:37.654+0000] {spark_submit.py:492} INFO - ... 4 more
[2023-06-25T06:42:37.654+0000] {spark_submit.py:492} INFO - Caused by: java.net.UnknownHostException: spark
[2023-06-25T06:42:37.654+0000] {spark_submit.py:492} INFO - at java.base/java.net.InetAddress$CachedAddresses.get(InetAddress.java:797)
[2023-06-25T06:42:37.654+0000] {spark_submit.py:492} INFO - at java.base/java.net.InetAddress.getAllByName0(InetAddress.java:1524)
[2023-06-25T06:42:37.654+0000] {spark_submit.py:492} INFO - at java.base/java.net.InetAddress.getAllByName(InetAddress.java:1382)
[2023-06-25T06:42:37.654+0000] {spark_submit.py:492} INFO - at java.base/java.net.InetAddress.getAllByName(InetAddress.java:1306)
[2023-06-25T06:42:37.654+0000] {spark_submit.py:492} INFO - at java.base/java.net.InetAddress.getByName(InetAddress.java:1256)
[2023-06-25T06:42:37.654+0000] {spark_submit.py:492} INFO - at io.netty.util.internal.SocketUtils$8.run(SocketUtils.java:156)
[2023-06-25T06:42:37.654+0000] {spark_submit.py:492} INFO - at io.netty.util.internal.SocketUtils$8.run(SocketUtils.java:153)
[2023-06-25T06:42:37.654+0000] {spark_submit.py:492} INFO - at java.base/java.security.AccessController.doPrivileged(Native Method)
[2023-06-25T06:42:37.654+0000] {spark_submit.py:492} INFO - at io.netty.util.internal.SocketUtils.addressByName(SocketUtils.java:153)
[2023-06-25T06:42:37.654+0000] {spark_submit.py:492} INFO - at io.netty.resolver.DefaultNameResolver.doResolve(DefaultNameResolver.java:41)
[2023-06-25T06:42:37.654+0000] {spark_submit.py:492} INFO - at io.netty.resolver.SimpleNameResolver.resolve(SimpleNameResolver.java:61)
[2023-06-25T06:42:37.654+0000] {spark_submit.py:492} INFO - at io.netty.resolver.SimpleNameResolver.resolve(SimpleNameResolver.java:53)
[2023-06-25T06:42:37.654+0000] {spark_submit.py:492} INFO - at io.netty.resolver.InetSocketAddressResolver.doResolve(InetSocketAddressResolver.java:55)
[2023-06-25T06:42:37.655+0000] {spark_submit.py:492} INFO - at io.netty.resolver.InetSocketAddressResolver.doResolve(InetSocketAddressResolver.java:31)
[2023-06-25T06:42:37.655+0000] {spark_submit.py:492} INFO - at io.netty.resolver.AbstractAddressResolver.resolve(AbstractAddressResolver.java:106)
[2023-06-25T06:42:37.655+0000] {spark_submit.py:492} INFO - at io.netty.bootstrap.Bootstrap.doResolveAndConnect0(Bootstrap.java:206)
[2023-06-25T06:42:37.655+0000] {spark_submit.py:492} INFO - at io.netty.bootstrap.Bootstrap.access$000(Bootstrap.java:46)
[2023-06-25T06:42:37.655+0000] {spark_submit.py:492} INFO - at io.netty.bootstrap.Bootstrap$1.operationComplete(Bootstrap.java:180)
[2023-06-25T06:42:37.655+0000] {spark_submit.py:492} INFO - at io.netty.bootstrap.Bootstrap$1.operationComplete(Bootstrap.java:166)
[2023-06-25T06:42:37.655+0000] {spark_submit.py:492} INFO - at io.netty.util.concurrent.DefaultPromise.notifyListener0(DefaultPromise.java:578)
[2023-06-25T06:42:37.655+0000] {spark_submit.py:492} INFO - at io.netty.util.concurrent.DefaultPromise.notifyListenersNow(DefaultPromise.java:552)
[2023-06-25T06:42:37.655+0000] {spark_submit.py:492} INFO - at io.netty.util.concurrent.DefaultPromise.notifyListeners(DefaultPromise.java:491)
[2023-06-25T06:42:37.655+0000] {spark_submit.py:492} INFO - at io.netty.util.concurrent.DefaultPromise.setValue0(DefaultPromise.java:616)
[2023-06-25T06:42:37.655+0000] {spark_submit.py:492} INFO - at io.netty.util.concurrent.DefaultPromise.setSuccess0(DefaultPromise.java:605)
[2023-06-25T06:42:37.655+0000] {spark_submit.py:492} INFO - at io.netty.util.concurrent.DefaultPromise.trySuccess(DefaultPromise.java:104)
[2023-06-25T06:42:37.655+0000] {spark_submit.py:492} INFO - at io.netty.channel.DefaultChannelPromise.trySuccess(DefaultChannelPromise.java:84)
[2023-06-25T06:42:37.655+0000] {spark_submit.py:492} INFO - at io.netty.channel.AbstractChannel$AbstractUnsafe.safeSetSuccess(AbstractChannel.java:1008)
[2023-06-25T06:42:37.655+0000] {spark_submit.py:492} INFO - at io.netty.channel.AbstractChannel$AbstractUnsafe.register0(AbstractChannel.java:516)
[2023-06-25T06:42:37.656+0000] {spark_submit.py:492} INFO - at io.netty.channel.AbstractChannel$AbstractUnsafe.access$200(AbstractChannel.java:429)
[2023-06-25T06:42:37.656+0000] {spark_submit.py:492} INFO - at io.netty.channel.AbstractChannel$AbstractUnsafe$1.run(AbstractChannel.java:486)
[2023-06-25T06:42:37.656+0000] {spark_submit.py:492} INFO - at io.netty.util.concurrent.AbstractEventExecutor.safeExecute(AbstractEventExecutor.java:164)
[2023-06-25T06:42:37.656+0000] {spark_submit.py:492} INFO - at io.netty.util.concurrent.SingleThreadEventExecutor.runAllTasks(SingleThreadEventExecutor.java:469)
[2023-06-25T06:42:37.656+0000] {spark_submit.py:492} INFO - at io.netty.channel.nio.NioEventLoop.run(NioEventLoop.java:500)
[2023-06-25T06:42:37.656+0000] {spark_submit.py:492} INFO - at io.netty.util.concurrent.SingleThreadEventExecutor$4.run(SingleThreadEventExecutor.java:986)
[2023-06-25T06:42:37.656+0000] {spark_submit.py:492} INFO - at io.netty.util.internal.ThreadExecutorMap$2.run(ThreadExecutorMap.java:74)
[2023-06-25T06:42:37.656+0000] {spark_submit.py:492} INFO - at io.netty.util.concurrent.FastThreadLocalRunnable.run(FastThreadLocalRunnable.java:30)
[2023-06-25T06:42:37.656+0000] {spark_submit.py:492} INFO - ... 1 more
[2023-06-25T06:42:57.601+0000] {spark_submit.py:492} INFO - 23/06/25 06:42:57 INFO StandaloneAppClient$ClientEndpoint: Connecting to master spark://spark:7077...
[2023-06-25T06:42:57.616+0000] {spark_submit.py:492} INFO - 23/06/25 06:42:57 WARN StandaloneAppClient$ClientEndpoint: Failed to connect to master spark:7077
[2023-06-25T06:42:57.616+0000] {spark_submit.py:492} INFO - org.apache.spark.SparkException: Exception thrown in awaitResult:
[2023-06-25T06:42:57.617+0000] {spark_submit.py:492} INFO - at org.apache.spark.util.ThreadUtils$.awaitResult(ThreadUtils.scala:301)
[2023-06-25T06:42:57.617+0000] {spark_submit.py:492} INFO - at org.apache.spark.rpc.RpcTimeout.awaitResult(RpcTimeout.scala:75)
[2023-06-25T06:42:57.617+0000] {spark_submit.py:492} INFO - at org.apache.spark.rpc.RpcEnv.setupEndpointRefByURI(RpcEnv.scala:101)
[2023-06-25T06:42:57.617+0000] {spark_submit.py:492} INFO - at org.apache.spark.rpc.RpcEnv.setupEndpointRef(RpcEnv.scala:109)
[2023-06-25T06:42:57.618+0000] {spark_submit.py:492} INFO - at org.apache.spark.deploy.client.StandaloneAppClient$ClientEndpoint$$anon$1.run(StandaloneAppClient.scala:107)
[2023-06-25T06:42:57.618+0000] {spark_submit.py:492} INFO - at java.base/java.util.concurrent.Executors$RunnableAdapter.call(Executors.java:515)
[2023-06-25T06:42:57.618+0000] {spark_submit.py:492} INFO - at java.base/java.util.concurrent.FutureTask.run(FutureTask.java:264)
[2023-06-25T06:42:57.618+0000] {spark_submit.py:492} INFO - at java.base/java.util.concurrent.ThreadPoolExecutor.runWorker(ThreadPoolExecutor.java:1128)
[2023-06-25T06:42:57.619+0000] {spark_submit.py:492} INFO - at java.base/java.util.concurrent.ThreadPoolExecutor$Worker.run(ThreadPoolExecutor.java:628)
[2023-06-25T06:42:57.619+0000] {spark_submit.py:492} INFO - at java.base/java.lang.Thread.run(Thread.java:829)
[2023-06-25T06:42:57.619+0000] {spark_submit.py:492} INFO - Caused by: java.io.IOException: Failed to connect to spark:7077
[2023-06-25T06:42:57.619+0000] {spark_submit.py:492} INFO - at org.apache.spark.network.client.TransportClientFactory.createClient(TransportClientFactory.java:288)
[2023-06-25T06:42:57.620+0000] {spark_submit.py:492} INFO - at org.apache.spark.network.client.TransportClientFactory.createClient(TransportClientFactory.java:218)
[2023-06-25T06:42:57.620+0000] {spark_submit.py:492} INFO - at org.apache.spark.network.client.TransportClientFactory.createClient(TransportClientFactory.java:230)
[2023-06-25T06:42:57.620+0000] {spark_submit.py:492} INFO - at org.apache.spark.rpc.netty.NettyRpcEnv.createClient(NettyRpcEnv.scala:204)
[2023-06-25T06:42:57.621+0000] {spark_submit.py:492} INFO - at org.apache.spark.rpc.netty.Outbox$$anon$1.call(Outbox.scala:202)
[2023-06-25T06:42:57.621+0000] {spark_submit.py:492} INFO - at org.apache.spark.rpc.netty.Outbox$$anon$1.call(Outbox.scala:198)
[2023-06-25T06:42:57.621+0000] {spark_submit.py:492} INFO - ... 4 more
[2023-06-25T06:42:57.621+0000] {spark_submit.py:492} INFO - Caused by: java.net.UnknownHostException: spark
[2023-06-25T06:42:57.622+0000] {spark_submit.py:492} INFO - at java.base/java.net.InetAddress$CachedAddresses.get(InetAddress.java:797)
[2023-06-25T06:42:57.622+0000] {spark_submit.py:492} INFO - at java.base/java.net.InetAddress.getAllByName0(InetAddress.java:1524)
[2023-06-25T06:42:57.622+0000] {spark_submit.py:492} INFO - at java.base/java.net.InetAddress.getAllByName(InetAddress.java:1382)
[2023-06-25T06:42:57.622+0000] {spark_submit.py:492} INFO - at java.base/java.net.InetAddress.getAllByName(InetAddress.java:1306)
[2023-06-25T06:42:57.623+0000] {spark_submit.py:492} INFO - at java.base/java.net.InetAddress.getByName(InetAddress.java:1256)
[2023-06-25T06:42:57.623+0000] {spark_submit.py:492} INFO - at io.netty.util.internal.SocketUtils$8.run(SocketUtils.java:156)
[2023-06-25T06:42:57.623+0000] {spark_submit.py:492} INFO - at io.netty.util.internal.SocketUtils$8.run(SocketUtils.java:153)
[2023-06-25T06:42:57.623+0000] {spark_submit.py:492} INFO - at java.base/java.security.AccessController.doPrivileged(Native Method)
[2023-06-25T06:42:57.624+0000] {spark_submit.py:492} INFO - at io.netty.util.internal.SocketUtils.addressByName(SocketUtils.java:153)
[2023-06-25T06:42:57.624+0000] {spark_submit.py:492} INFO - at io.netty.resolver.DefaultNameResolver.doResolve(DefaultNameResolver.java:41)
[2023-06-25T06:42:57.624+0000] {spark_submit.py:492} INFO - at io.netty.resolver.SimpleNameResolver.resolve(SimpleNameResolver.java:61)
[2023-06-25T06:42:57.625+0000] {spark_submit.py:492} INFO - at io.netty.resolver.SimpleNameResolver.resolve(SimpleNameResolver.java:53)
[2023-06-25T06:42:57.625+0000] {spark_submit.py:492} INFO - at io.netty.resolver.InetSocketAddressResolver.doResolve(InetSocketAddressResolver.java:55)
[2023-06-25T06:42:57.625+0000] {spark_submit.py:492} INFO - at io.netty.resolver.InetSocketAddressResolver.doResolve(InetSocketAddressResolver.java:31)
[2023-06-25T06:42:57.625+0000] {spark_submit.py:492} INFO - at io.netty.resolver.AbstractAddressResolver.resolve(AbstractAddressResolver.java:106)
[2023-06-25T06:42:57.626+0000] {spark_submit.py:492} INFO - at io.netty.bootstrap.Bootstrap.doResolveAndConnect0(Bootstrap.java:206)
[2023-06-25T06:42:57.626+0000] {spark_submit.py:492} INFO - at io.netty.bootstrap.Bootstrap.access$000(Bootstrap.java:46)
[2023-06-25T06:42:57.626+0000] {spark_submit.py:492} INFO - at io.netty.bootstrap.Bootstrap$1.operationComplete(Bootstrap.java:180)
[2023-06-25T06:42:57.626+0000] {spark_submit.py:492} INFO - at io.netty.bootstrap.Bootstrap$1.operationComplete(Bootstrap.java:166)
[2023-06-25T06:42:57.627+0000] {spark_submit.py:492} INFO - at io.netty.util.concurrent.DefaultPromise.notifyListener0(DefaultPromise.java:578)
[2023-06-25T06:42:57.627+0000] {spark_submit.py:492} INFO - at io.netty.util.concurrent.DefaultPromise.notifyListenersNow(DefaultPromise.java:552)
[2023-06-25T06:42:57.627+0000] {spark_submit.py:492} INFO - at io.netty.util.concurrent.DefaultPromise.notifyListeners(DefaultPromise.java:491)
[2023-06-25T06:42:57.627+0000] {spark_submit.py:492} INFO - at io.netty.util.concurrent.DefaultPromise.setValue0(DefaultPromise.java:616)
[2023-06-25T06:42:57.628+0000] {spark_submit.py:492} INFO - at io.netty.util.concurrent.DefaultPromise.setSuccess0(DefaultPromise.java:605)
[2023-06-25T06:42:57.628+0000] {spark_submit.py:492} INFO - at io.netty.util.concurrent.DefaultPromise.trySuccess(DefaultPromise.java:104)
[2023-06-25T06:42:57.628+0000] {spark_submit.py:492} INFO - at io.netty.channel.DefaultChannelPromise.trySuccess(DefaultChannelPromise.java:84)
[2023-06-25T06:42:57.629+0000] {spark_submit.py:492} INFO - at io.netty.channel.AbstractChannel$AbstractUnsafe.safeSetSuccess(AbstractChannel.java:1008)
[2023-06-25T06:42:57.629+0000] {spark_submit.py:492} INFO - at io.netty.channel.AbstractChannel$AbstractUnsafe.register0(AbstractChannel.java:516)
[2023-06-25T06:42:57.629+0000] {spark_submit.py:492} INFO - at io.netty.channel.AbstractChannel$AbstractUnsafe.access$200(AbstractChannel.java:429)
[2023-06-25T06:42:57.629+0000] {spark_submit.py:492} INFO - at io.netty.channel.AbstractChannel$AbstractUnsafe$1.run(AbstractChannel.java:486)
[2023-06-25T06:42:57.630+0000] {spark_submit.py:492} INFO - at io.netty.util.concurrent.AbstractEventExecutor.safeExecute(AbstractEventExecutor.java:164)
[2023-06-25T06:42:57.630+0000] {spark_submit.py:492} INFO - at io.netty.util.concurrent.SingleThreadEventExecutor.runAllTasks(SingleThreadEventExecutor.java:469)
[2023-06-25T06:42:57.630+0000] {spark_submit.py:492} INFO - at io.netty.channel.nio.NioEventLoop.run(NioEventLoop.java:500)
[2023-06-25T06:42:57.630+0000] {spark_submit.py:492} INFO - at io.netty.util.concurrent.SingleThreadEventExecutor$4.run(SingleThreadEventExecutor.java:986)
[2023-06-25T06:42:57.631+0000] {spark_submit.py:492} INFO - at io.netty.util.internal.ThreadExecutorMap$2.run(ThreadExecutorMap.java:74)
[2023-06-25T06:42:57.631+0000] {spark_submit.py:492} INFO - at io.netty.util.concurrent.FastThreadLocalRunnable.run(FastThreadLocalRunnable.java:30)
[2023-06-25T06:42:57.631+0000] {spark_submit.py:492} INFO - ... 1 more
[2023-06-25T06:43:17.601+0000] {spark_submit.py:492} INFO - 23/06/25 06:43:17 INFO StandaloneAppClient$ClientEndpoint: Connecting to master spark://spark:7077...
[2023-06-25T06:43:17.608+0000] {spark_submit.py:492} INFO - 23/06/25 06:43:17 INFO TransportClientFactory: Successfully created connection to spark/172.19.0.11:7077 after 3 ms (0 ms spent in bootstraps)
[2023-06-25T06:43:17.703+0000] {spark_submit.py:492} INFO - 23/06/25 06:43:17 INFO StandaloneSchedulerBackend: Connected to Spark cluster with app ID app-20230625064317-0001
[2023-06-25T06:43:17.710+0000] {spark_submit.py:492} INFO - 23/06/25 06:43:17 INFO Utils: Successfully started service 'org.apache.spark.network.netty.NettyBlockTransferService' on port 42001.
[2023-06-25T06:43:17.710+0000] {spark_submit.py:492} INFO - 23/06/25 06:43:17 INFO NettyBlockTransferService: Server created on a8d69ab09d2d:42001
[2023-06-25T06:43:17.711+0000] {spark_submit.py:492} INFO - 23/06/25 06:43:17 INFO BlockManager: Using org.apache.spark.storage.RandomBlockReplicationPolicy for block replication policy
[2023-06-25T06:43:17.717+0000] {spark_submit.py:492} INFO - 23/06/25 06:43:17 INFO BlockManagerMaster: Registering BlockManager BlockManagerId(driver, a8d69ab09d2d, 42001, None)
[2023-06-25T06:43:17.721+0000] {spark_submit.py:492} INFO - 23/06/25 06:43:17 INFO BlockManagerMasterEndpoint: Registering block manager a8d69ab09d2d:42001 with 434.4 MiB RAM, BlockManagerId(driver, a8d69ab09d2d, 42001, None)
[2023-06-25T06:43:17.723+0000] {spark_submit.py:492} INFO - 23/06/25 06:43:17 INFO BlockManagerMaster: Registered BlockManager BlockManagerId(driver, a8d69ab09d2d, 42001, None)
[2023-06-25T06:43:17.724+0000] {spark_submit.py:492} INFO - 23/06/25 06:43:17 INFO BlockManager: Initialized BlockManager: BlockManagerId(driver, a8d69ab09d2d, 42001, None)
[2023-06-25T06:43:17.868+0000] {spark_submit.py:492} INFO - 23/06/25 06:43:17 INFO StandaloneSchedulerBackend: SchedulerBackend is ready for scheduling beginning after reached minRegisteredResourcesRatio: 0.0
[2023-06-25T06:43:18.137+0000] {spark_submit.py:492} INFO - 23/06/25 06:43:18 INFO SharedState: Setting hive.metastore.warehouse.dir ('null') to the value of spark.sql.warehouse.dir.
[2023-06-25T06:43:18.177+0000] {spark_submit.py:492} INFO - 23/06/25 06:43:18 INFO SharedState: Warehouse path is 'file:/opt/***/spark-warehouse'.
[2023-06-25T06:43:22.988+0000] {spark_submit.py:492} INFO - 23/06/25 06:43:22 INFO CodeGenerator: Code generated in 132.646343 ms
[2023-06-25T06:43:23.013+0000] {spark_submit.py:492} INFO - 23/06/25 06:43:23 INFO SparkContext: Starting job: showString at NativeMethodAccessorImpl.java:0
[2023-06-25T06:43:23.027+0000] {spark_submit.py:492} INFO - 23/06/25 06:43:23 INFO DAGScheduler: Got job 0 (showString at NativeMethodAccessorImpl.java:0) with 1 output partitions
[2023-06-25T06:43:23.027+0000] {spark_submit.py:492} INFO - 23/06/25 06:43:23 INFO DAGScheduler: Final stage: ResultStage 0 (showString at NativeMethodAccessorImpl.java:0)
[2023-06-25T06:43:23.027+0000] {spark_submit.py:492} INFO - 23/06/25 06:43:23 INFO DAGScheduler: Parents of final stage: List()
[2023-06-25T06:43:23.028+0000] {spark_submit.py:492} INFO - 23/06/25 06:43:23 INFO DAGScheduler: Missing parents: List()
[2023-06-25T06:43:23.031+0000] {spark_submit.py:492} INFO - 23/06/25 06:43:23 INFO DAGScheduler: Submitting ResultStage 0 (MapPartitionsRDD[6] at showString at NativeMethodAccessorImpl.java:0), which has no missing parents
[2023-06-25T06:43:23.115+0000] {spark_submit.py:492} INFO - 23/06/25 06:43:23 INFO MemoryStore: Block broadcast_0 stored as values in memory (estimated size 11.7 KiB, free 434.4 MiB)
[2023-06-25T06:43:23.208+0000] {spark_submit.py:492} INFO - 23/06/25 06:43:23 INFO MemoryStore: Block broadcast_0_piece0 stored as bytes in memory (estimated size 6.2 KiB, free 434.4 MiB)
[2023-06-25T06:43:23.216+0000] {spark_submit.py:492} INFO - 23/06/25 06:43:23 INFO BlockManagerInfo: Added broadcast_0_piece0 in memory on a8d69ab09d2d:42001 (size: 6.2 KiB, free: 434.4 MiB)
[2023-06-25T06:43:23.218+0000] {spark_submit.py:492} INFO - 23/06/25 06:43:23 INFO SparkContext: Created broadcast 0 from broadcast at DAGScheduler.scala:1427
[2023-06-25T06:43:23.241+0000] {spark_submit.py:492} INFO - 23/06/25 06:43:23 INFO DAGScheduler: Submitting 1 missing tasks from ResultStage 0 (MapPartitionsRDD[6] at showString at NativeMethodAccessorImpl.java:0) (first 15 tasks are for partitions Vector(0))
[2023-06-25T06:43:23.243+0000] {spark_submit.py:492} INFO - 23/06/25 06:43:23 INFO TaskSchedulerImpl: Adding task set 0.0 with 1 tasks resource profile 0
[2023-06-25T06:43:25.454+0000] {spark_submit.py:492} INFO - 23/06/25 06:43:25 INFO StandaloneAppClient$ClientEndpoint: Executor added: app-20230625064317-0001/0 on worker-20230625064305-172.19.0.9-44213 (172.19.0.9:44213) with 1 core(s)
[2023-06-25T06:43:25.455+0000] {spark_submit.py:492} INFO - 23/06/25 06:43:25 INFO StandaloneSchedulerBackend: Granted executor ID app-20230625064317-0001/0 on hostPort 172.19.0.9:44213 with 1 core(s), 1024.0 MiB RAM
[2023-06-25T06:43:25.500+0000] {spark_submit.py:492} INFO - 23/06/25 06:43:25 INFO StandaloneAppClient$ClientEndpoint: Executor updated: app-20230625064317-0001/0 is now RUNNING
[2023-06-25T06:43:27.074+0000] {spark_submit.py:492} INFO - 23/06/25 06:43:27 INFO CoarseGrainedSchedulerBackend$DriverEndpoint: Registered executor NettyRpcEndpointRef(spark-client://Executor) (172.19.0.9:40676) with ID 0,  ResourceProfileId 0
[2023-06-25T06:43:27.157+0000] {spark_submit.py:492} INFO - 23/06/25 06:43:27 INFO BlockManagerMasterEndpoint: Registering block manager 172.19.0.9:45361 with 366.3 MiB RAM, BlockManagerId(0, 172.19.0.9, 45361, None)
[2023-06-25T06:43:27.388+0000] {spark_submit.py:492} INFO - 23/06/25 06:43:27 INFO TaskSetManager: Starting task 0.0 in stage 0.0 (TID 0) (172.19.0.9, executor 0, partition 0, PROCESS_LOCAL, 4605 bytes) taskResourceAssignments Map()
[2023-06-25T06:43:27.586+0000] {spark_submit.py:492} INFO - 23/06/25 06:43:27 INFO BlockManagerInfo: Added broadcast_0_piece0 in memory on 172.19.0.9:45361 (size: 6.2 KiB, free: 366.3 MiB)
[2023-06-25T06:43:28.833+0000] {spark_submit.py:492} INFO - 23/06/25 06:43:28 INFO TaskSetManager: Finished task 0.0 in stage 0.0 (TID 0) in 1453 ms on 172.19.0.9 (executor 0) (1/1)
[2023-06-25T06:43:28.835+0000] {spark_submit.py:492} INFO - 23/06/25 06:43:28 INFO TaskSchedulerImpl: Removed TaskSet 0.0, whose tasks have all completed, from pool
[2023-06-25T06:43:28.838+0000] {spark_submit.py:492} INFO - 23/06/25 06:43:28 INFO PythonAccumulatorV2: Connected to AccumulatorServer at host: 127.0.0.1 port: 46301
[2023-06-25T06:43:28.842+0000] {spark_submit.py:492} INFO - 23/06/25 06:43:28 INFO DAGScheduler: ResultStage 0 (showString at NativeMethodAccessorImpl.java:0) finished in 5.803 s
[2023-06-25T06:43:28.844+0000] {spark_submit.py:492} INFO - 23/06/25 06:43:28 INFO DAGScheduler: Job 0 is finished. Cancelling potential speculative or zombie tasks for this job
[2023-06-25T06:43:28.845+0000] {spark_submit.py:492} INFO - 23/06/25 06:43:28 INFO TaskSchedulerImpl: Killing all running tasks in stage 0: Stage finished
[2023-06-25T06:43:28.846+0000] {spark_submit.py:492} INFO - 23/06/25 06:43:28 INFO DAGScheduler: Job 0 finished: showString at NativeMethodAccessorImpl.java:0, took 5.832432 s
[2023-06-25T06:43:28.854+0000] {spark_submit.py:492} INFO - 23/06/25 06:43:28 INFO SparkContext: Starting job: showString at NativeMethodAccessorImpl.java:0
[2023-06-25T06:43:28.855+0000] {spark_submit.py:492} INFO - 23/06/25 06:43:28 INFO DAGScheduler: Got job 1 (showString at NativeMethodAccessorImpl.java:0) with 1 output partitions
[2023-06-25T06:43:28.855+0000] {spark_submit.py:492} INFO - 23/06/25 06:43:28 INFO DAGScheduler: Final stage: ResultStage 1 (showString at NativeMethodAccessorImpl.java:0)
[2023-06-25T06:43:28.855+0000] {spark_submit.py:492} INFO - 23/06/25 06:43:28 INFO DAGScheduler: Parents of final stage: List()
[2023-06-25T06:43:28.855+0000] {spark_submit.py:492} INFO - 23/06/25 06:43:28 INFO DAGScheduler: Missing parents: List()
[2023-06-25T06:43:28.856+0000] {spark_submit.py:492} INFO - 23/06/25 06:43:28 INFO DAGScheduler: Submitting ResultStage 1 (MapPartitionsRDD[6] at showString at NativeMethodAccessorImpl.java:0), which has no missing parents
[2023-06-25T06:43:28.860+0000] {spark_submit.py:492} INFO - 23/06/25 06:43:28 INFO MemoryStore: Block broadcast_1 stored as values in memory (estimated size 11.7 KiB, free 434.4 MiB)
[2023-06-25T06:43:28.864+0000] {spark_submit.py:492} INFO - 23/06/25 06:43:28 INFO MemoryStore: Block broadcast_1_piece0 stored as bytes in memory (estimated size 6.2 KiB, free 434.4 MiB)
[2023-06-25T06:43:28.864+0000] {spark_submit.py:492} INFO - 23/06/25 06:43:28 INFO BlockManagerInfo: Added broadcast_1_piece0 in memory on a8d69ab09d2d:42001 (size: 6.2 KiB, free: 434.4 MiB)
[2023-06-25T06:43:28.865+0000] {spark_submit.py:492} INFO - 23/06/25 06:43:28 INFO SparkContext: Created broadcast 1 from broadcast at DAGScheduler.scala:1427
[2023-06-25T06:43:28.865+0000] {spark_submit.py:492} INFO - 23/06/25 06:43:28 INFO DAGScheduler: Submitting 1 missing tasks from ResultStage 1 (MapPartitionsRDD[6] at showString at NativeMethodAccessorImpl.java:0) (first 15 tasks are for partitions Vector(1))
[2023-06-25T06:43:28.865+0000] {spark_submit.py:492} INFO - 23/06/25 06:43:28 INFO TaskSchedulerImpl: Adding task set 1.0 with 1 tasks resource profile 0
[2023-06-25T06:43:28.867+0000] {spark_submit.py:492} INFO - 23/06/25 06:43:28 INFO TaskSetManager: Starting task 0.0 in stage 1.0 (TID 1) (172.19.0.9, executor 0, partition 1, PROCESS_LOCAL, 4529 bytes) taskResourceAssignments Map()
[2023-06-25T06:43:28.881+0000] {spark_submit.py:492} INFO - 23/06/25 06:43:28 INFO BlockManagerInfo: Added broadcast_1_piece0 in memory on 172.19.0.9:45361 (size: 6.2 KiB, free: 366.3 MiB)
[2023-06-25T06:43:28.941+0000] {spark_submit.py:492} INFO - 23/06/25 06:43:28 INFO TaskSetManager: Finished task 0.0 in stage 1.0 (TID 1) in 75 ms on 172.19.0.9 (executor 0) (1/1)
[2023-06-25T06:43:28.942+0000] {spark_submit.py:492} INFO - 23/06/25 06:43:28 INFO TaskSchedulerImpl: Removed TaskSet 1.0, whose tasks have all completed, from pool
[2023-06-25T06:43:28.943+0000] {spark_submit.py:492} INFO - 23/06/25 06:43:28 INFO DAGScheduler: ResultStage 1 (showString at NativeMethodAccessorImpl.java:0) finished in 0.086 s
[2023-06-25T06:43:28.944+0000] {spark_submit.py:492} INFO - 23/06/25 06:43:28 INFO DAGScheduler: Job 1 is finished. Cancelling potential speculative or zombie tasks for this job
[2023-06-25T06:43:28.944+0000] {spark_submit.py:492} INFO - 23/06/25 06:43:28 INFO TaskSchedulerImpl: Killing all running tasks in stage 1: Stage finished
[2023-06-25T06:43:28.944+0000] {spark_submit.py:492} INFO - 23/06/25 06:43:28 INFO DAGScheduler: Job 1 finished: showString at NativeMethodAccessorImpl.java:0, took 0.089719 s
[2023-06-25T06:43:28.979+0000] {spark_submit.py:492} INFO - 23/06/25 06:43:28 INFO CodeGenerator: Code generated in 16.213178 ms
[2023-06-25T06:43:28.991+0000] {spark_submit.py:492} INFO - +-----+-----------------------------------------------------------------------------+
[2023-06-25T06:43:28.991+0000] {spark_submit.py:492} INFO - |Seqno|Quote                                                                        |
[2023-06-25T06:43:28.991+0000] {spark_submit.py:492} INFO - +-----+-----------------------------------------------------------------------------+
[2023-06-25T06:43:28.991+0000] {spark_submit.py:492} INFO - |1    |Be the change that you wish to see in the world                              |
[2023-06-25T06:43:28.991+0000] {spark_submit.py:492} INFO - |2    |Everyone thinks of changing the world, but no one thinks of changing himself.|
[2023-06-25T06:43:28.991+0000] {spark_submit.py:492} INFO - |3    |The purpose of our lives is to be happy.                                     |
[2023-06-25T06:43:28.991+0000] {spark_submit.py:492} INFO - |4    |Be cool.                                                                     |
[2023-06-25T06:43:28.991+0000] {spark_submit.py:492} INFO - +-----+-----------------------------------------------------------------------------+
[2023-06-25T06:43:28.992+0000] {spark_submit.py:492} INFO - 
[2023-06-25T06:43:29.038+0000] {spark_submit.py:492} INFO - 23/06/25 06:43:29 INFO BlockManagerInfo: Removed broadcast_1_piece0 on a8d69ab09d2d:42001 in memory (size: 6.2 KiB, free: 434.4 MiB)
[2023-06-25T06:43:29.050+0000] {spark_submit.py:492} INFO - 23/06/25 06:43:29 INFO BlockManagerInfo: Removed broadcast_1_piece0 on 172.19.0.9:45361 in memory (size: 6.2 KiB, free: 366.3 MiB)
[2023-06-25T06:43:29.066+0000] {spark_submit.py:492} INFO - 23/06/25 06:43:29 INFO BlockManagerInfo: Removed broadcast_0_piece0 on a8d69ab09d2d:42001 in memory (size: 6.2 KiB, free: 434.4 MiB)
[2023-06-25T06:43:29.067+0000] {spark_submit.py:492} INFO - 23/06/25 06:43:29 INFO BlockManagerInfo: Removed broadcast_0_piece0 on 172.19.0.9:45361 in memory (size: 6.2 KiB, free: 366.3 MiB)
[2023-06-25T06:43:29.081+0000] {spark_submit.py:492} INFO - Traceback (most recent call last):
[2023-06-25T06:43:29.081+0000] {spark_submit.py:492} INFO - File "/opt/***/dags/spark_etl_spark_minio.py", line 41, in <module>
[2023-06-25T06:43:29.081+0000] {spark_submit.py:492} INFO - df.write.mode("append").parquet("s3a://datalake/test.parquet")
[2023-06-25T06:43:29.081+0000] {spark_submit.py:492} INFO - File "/opt/spark/python/lib/pyspark.zip/pyspark/sql/readwriter.py", line 885, in parquet
[2023-06-25T06:43:29.081+0000] {spark_submit.py:492} INFO - File "/opt/spark/python/lib/py4j-0.10.9.2-src.zip/py4j/java_gateway.py", line 1309, in __call__
[2023-06-25T06:43:29.081+0000] {spark_submit.py:492} INFO - File "/opt/spark/python/lib/pyspark.zip/pyspark/sql/utils.py", line 111, in deco
[2023-06-25T06:43:29.081+0000] {spark_submit.py:492} INFO - File "/opt/spark/python/lib/py4j-0.10.9.2-src.zip/py4j/protocol.py", line 326, in get_return_value
[2023-06-25T06:43:29.082+0000] {spark_submit.py:492} INFO - py4j.protocol.Py4JJavaError: An error occurred while calling o71.parquet.
[2023-06-25T06:43:29.082+0000] {spark_submit.py:492} INFO - : java.lang.RuntimeException: java.lang.ClassNotFoundException: Class org.apache.hadoop.fs.s3a.S3AFileSystem not found
[2023-06-25T06:43:29.082+0000] {spark_submit.py:492} INFO - at org.apache.hadoop.conf.Configuration.getClass(Configuration.java:2667)
[2023-06-25T06:43:29.082+0000] {spark_submit.py:492} INFO - at org.apache.hadoop.fs.FileSystem.getFileSystemClass(FileSystem.java:3431)
[2023-06-25T06:43:29.082+0000] {spark_submit.py:492} INFO - at org.apache.hadoop.fs.FileSystem.createFileSystem(FileSystem.java:3466)
[2023-06-25T06:43:29.082+0000] {spark_submit.py:492} INFO - at org.apache.hadoop.fs.FileSystem.access$300(FileSystem.java:174)
[2023-06-25T06:43:29.082+0000] {spark_submit.py:492} INFO - at org.apache.hadoop.fs.FileSystem$Cache.getInternal(FileSystem.java:3574)
[2023-06-25T06:43:29.082+0000] {spark_submit.py:492} INFO - at org.apache.hadoop.fs.FileSystem$Cache.get(FileSystem.java:3521)
[2023-06-25T06:43:29.082+0000] {spark_submit.py:492} INFO - at org.apache.hadoop.fs.FileSystem.get(FileSystem.java:540)
[2023-06-25T06:43:29.082+0000] {spark_submit.py:492} INFO - at org.apache.hadoop.fs.Path.getFileSystem(Path.java:365)
[2023-06-25T06:43:29.082+0000] {spark_submit.py:492} INFO - at org.apache.spark.sql.execution.datasources.DataSource.planForWritingFileFormat(DataSource.scala:461)
[2023-06-25T06:43:29.082+0000] {spark_submit.py:492} INFO - at org.apache.spark.sql.execution.datasources.DataSource.planForWriting(DataSource.scala:556)
[2023-06-25T06:43:29.082+0000] {spark_submit.py:492} INFO - at org.apache.spark.sql.DataFrameWriter.saveToV1Source(DataFrameWriter.scala:382)
[2023-06-25T06:43:29.082+0000] {spark_submit.py:492} INFO - at org.apache.spark.sql.DataFrameWriter.saveInternal(DataFrameWriter.scala:355)
[2023-06-25T06:43:29.083+0000] {spark_submit.py:492} INFO - at org.apache.spark.sql.DataFrameWriter.save(DataFrameWriter.scala:239)
[2023-06-25T06:43:29.083+0000] {spark_submit.py:492} INFO - at org.apache.spark.sql.DataFrameWriter.parquet(DataFrameWriter.scala:781)
[2023-06-25T06:43:29.083+0000] {spark_submit.py:492} INFO - at java.base/jdk.internal.reflect.NativeMethodAccessorImpl.invoke0(Native Method)
[2023-06-25T06:43:29.083+0000] {spark_submit.py:492} INFO - at java.base/jdk.internal.reflect.NativeMethodAccessorImpl.invoke(NativeMethodAccessorImpl.java:62)
[2023-06-25T06:43:29.083+0000] {spark_submit.py:492} INFO - at java.base/jdk.internal.reflect.DelegatingMethodAccessorImpl.invoke(DelegatingMethodAccessorImpl.java:43)
[2023-06-25T06:43:29.083+0000] {spark_submit.py:492} INFO - at java.base/java.lang.reflect.Method.invoke(Method.java:566)
[2023-06-25T06:43:29.083+0000] {spark_submit.py:492} INFO - at py4j.reflection.MethodInvoker.invoke(MethodInvoker.java:244)
[2023-06-25T06:43:29.083+0000] {spark_submit.py:492} INFO - at py4j.reflection.ReflectionEngine.invoke(ReflectionEngine.java:357)
[2023-06-25T06:43:29.083+0000] {spark_submit.py:492} INFO - at py4j.Gateway.invoke(Gateway.java:282)
[2023-06-25T06:43:29.083+0000] {spark_submit.py:492} INFO - at py4j.commands.AbstractCommand.invokeMethod(AbstractCommand.java:132)
[2023-06-25T06:43:29.083+0000] {spark_submit.py:492} INFO - at py4j.commands.CallCommand.execute(CallCommand.java:79)
[2023-06-25T06:43:29.083+0000] {spark_submit.py:492} INFO - at py4j.ClientServerConnection.waitForCommands(ClientServerConnection.java:182)
[2023-06-25T06:43:29.083+0000] {spark_submit.py:492} INFO - at py4j.ClientServerConnection.run(ClientServerConnection.java:106)
[2023-06-25T06:43:29.083+0000] {spark_submit.py:492} INFO - at java.base/java.lang.Thread.run(Thread.java:829)
[2023-06-25T06:43:29.083+0000] {spark_submit.py:492} INFO - Caused by: java.lang.ClassNotFoundException: Class org.apache.hadoop.fs.s3a.S3AFileSystem not found
[2023-06-25T06:43:29.083+0000] {spark_submit.py:492} INFO - at org.apache.hadoop.conf.Configuration.getClassByName(Configuration.java:2571)
[2023-06-25T06:43:29.083+0000] {spark_submit.py:492} INFO - at org.apache.hadoop.conf.Configuration.getClass(Configuration.java:2665)
[2023-06-25T06:43:29.084+0000] {spark_submit.py:492} INFO - ... 25 more
[2023-06-25T06:43:29.084+0000] {spark_submit.py:492} INFO - 
[2023-06-25T06:43:29.138+0000] {spark_submit.py:492} INFO - 23/06/25 06:43:29 INFO SparkContext: Invoking stop() from shutdown hook
[2023-06-25T06:43:29.144+0000] {spark_submit.py:492} INFO - 23/06/25 06:43:29 INFO SparkUI: Stopped Spark web UI at http://a8d69ab09d2d:4044
[2023-06-25T06:43:29.146+0000] {spark_submit.py:492} INFO - 23/06/25 06:43:29 INFO StandaloneSchedulerBackend: Shutting down all executors
[2023-06-25T06:43:29.146+0000] {spark_submit.py:492} INFO - 23/06/25 06:43:29 INFO CoarseGrainedSchedulerBackend$DriverEndpoint: Asking each executor to shut down
[2023-06-25T06:43:29.174+0000] {spark_submit.py:492} INFO - 23/06/25 06:43:29 INFO MapOutputTrackerMasterEndpoint: MapOutputTrackerMasterEndpoint stopped!
[2023-06-25T06:43:29.188+0000] {spark_submit.py:492} INFO - 23/06/25 06:43:29 INFO MemoryStore: MemoryStore cleared
[2023-06-25T06:43:29.189+0000] {spark_submit.py:492} INFO - 23/06/25 06:43:29 INFO BlockManager: BlockManager stopped
[2023-06-25T06:43:29.190+0000] {spark_submit.py:492} INFO - 23/06/25 06:43:29 INFO BlockManagerMaster: BlockManagerMaster stopped
[2023-06-25T06:43:29.192+0000] {spark_submit.py:492} INFO - 23/06/25 06:43:29 INFO OutputCommitCoordinator$OutputCommitCoordinatorEndpoint: OutputCommitCoordinator stopped!
[2023-06-25T06:43:29.217+0000] {spark_submit.py:492} INFO - 23/06/25 06:43:29 INFO SparkContext: Successfully stopped SparkContext
[2023-06-25T06:43:29.218+0000] {spark_submit.py:492} INFO - 23/06/25 06:43:29 INFO ShutdownHookManager: Shutdown hook called
[2023-06-25T06:43:29.219+0000] {spark_submit.py:492} INFO - 23/06/25 06:43:29 INFO ShutdownHookManager: Deleting directory /tmp/spark-1e077614-1947-41f1-960c-cc23cc35b11c
[2023-06-25T06:43:29.223+0000] {spark_submit.py:492} INFO - 23/06/25 06:43:29 INFO ShutdownHookManager: Deleting directory /tmp/spark-809de0db-b209-4fc5-a027-0186762761d7/pyspark-3b5eba10-8a75-4b09-8c04-ebbbe9832a76
[2023-06-25T06:43:29.226+0000] {spark_submit.py:492} INFO - 23/06/25 06:43:29 INFO ShutdownHookManager: Deleting directory /tmp/spark-809de0db-b209-4fc5-a027-0186762761d7
[2023-06-25T06:43:29.337+0000] {taskinstance.py:1775} ERROR - Task failed with exception
Traceback (most recent call last):
  File "/home/airflow/.local/lib/python3.8/site-packages/airflow/providers/apache/spark/operators/spark_submit.py", line 157, in execute
    self._hook.submit(self._application)
  File "/home/airflow/.local/lib/python3.8/site-packages/airflow/providers/apache/spark/hooks/spark_submit.py", line 423, in submit
    raise AirflowException(
airflow.exceptions.AirflowException: Cannot execute: spark-submit --master spark://spark:7077 --conf spark.hadoop.fs.s3a.aws.credentials.provider=org.apache.hadoop.fs.s3a.SimpleAWSCredentialsProvider --conf spark.hadoop.fs.s3a.path.style.access=true --conf spark.hadoop.fs.s3a.access.key=minioadmin --conf spark.hadoop.fs.s3a.secret.key=****** --conf spark.hadoop.fs.s3a.endpoint=http://minio:9000 --jars local:///opt/bitnami/spark/jars/hadoop-aws-3.2.0.jar,local:///opt/bitnami/spark/jars/aws-java-sdk-bundle-1.11.375.jar,local:///opt/bitnami/spark/jars/hadoop-aws-3.2.0.jar --name arrow-spark /opt/***/dags/spark_etl_spark_minio.py. Error code is: 1.
[2023-06-25T06:43:29.341+0000] {taskinstance.py:1321} INFO - Marking task as UP_FOR_RETRY. dag_id=spark_etl_minio_v19, task_id=spark_submit_task, execution_date=20230625T063508, start_date=20230625T064234, end_date=20230625T064329
[2023-06-25T06:43:29.352+0000] {standard_task_runner.py:100} ERROR - Failed to execute job 295 for task spark_submit_task (Cannot execute: spark-submit --master spark://spark:7077 --conf spark.hadoop.fs.s3a.aws.credentials.provider=org.apache.hadoop.fs.s3a.SimpleAWSCredentialsProvider --conf spark.hadoop.fs.s3a.path.style.access=true --conf spark.hadoop.fs.s3a.access.key=minioadmin --conf spark.hadoop.fs.s3a.secret.key=****** --conf spark.hadoop.fs.s3a.endpoint=http://minio:9000 --jars local:///opt/bitnami/spark/jars/hadoop-aws-3.2.0.jar,local:///opt/bitnami/spark/jars/aws-java-sdk-bundle-1.11.375.jar,local:///opt/bitnami/spark/jars/hadoop-aws-3.2.0.jar --name arrow-spark /opt/***/dags/spark_etl_spark_minio.py. Error code is: 1.; 3638)
[2023-06-25T06:43:29.374+0000] {local_task_job.py:212} INFO - Task exited with return code 1
[2023-06-25T06:43:29.386+0000] {taskinstance.py:2585} INFO - 0 downstream tasks scheduled from follow-on schedule check
