[2023-06-24T16:50:39.590+0000] {taskinstance.py:1084} INFO - Dependencies all met for dep_context=non-requeueable deps ti=<TaskInstance: spark_etl_minio_v4.spark_submit_task manual__2023-06-24T16:48:23.170323+00:00 [queued]>
[2023-06-24T16:50:39.619+0000] {taskinstance.py:1084} INFO - Dependencies all met for dep_context=requeueable deps ti=<TaskInstance: spark_etl_minio_v4.spark_submit_task manual__2023-06-24T16:48:23.170323+00:00 [queued]>
[2023-06-24T16:50:39.619+0000] {taskinstance.py:1282} INFO - 
--------------------------------------------------------------------------------
[2023-06-24T16:50:39.619+0000] {taskinstance.py:1283} INFO - Starting attempt 2 of 6
[2023-06-24T16:50:39.620+0000] {taskinstance.py:1284} INFO - 
--------------------------------------------------------------------------------
[2023-06-24T16:50:39.665+0000] {taskinstance.py:1303} INFO - Executing <Task(SparkSubmitOperator): spark_submit_task> on 2023-06-24 16:48:23.170323+00:00
[2023-06-24T16:50:39.671+0000] {standard_task_runner.py:55} INFO - Started process 9831 to run task
[2023-06-24T16:50:39.684+0000] {standard_task_runner.py:82} INFO - Running: ['***', 'tasks', 'run', 'spark_etl_minio_v4', 'spark_submit_task', 'manual__2023-06-24T16:48:23.170323+00:00', '--job-id', '121', '--raw', '--subdir', 'DAGS_FOLDER/spark_job_minio.py', '--cfg-path', '/tmp/tmpb3onnru9']
[2023-06-24T16:50:39.685+0000] {standard_task_runner.py:83} INFO - Job 121: Subtask spark_submit_task
[2023-06-24T16:50:39.707+0000] {warnings.py:109} WARNING - /home/***/.local/lib/python3.8/site-packages/***/settings.py:250: DeprecationWarning: The sql_alchemy_conn option in [core] has been moved to the sql_alchemy_conn option in [database] - the old setting has been used, but please update your config.
  SQL_ALCHEMY_CONN = conf.get("database", "SQL_ALCHEMY_CONN")

[2023-06-24T16:50:39.785+0000] {task_command.py:388} INFO - Running <TaskInstance: spark_etl_minio_v4.spark_submit_task manual__2023-06-24T16:48:23.170323+00:00 [running]> on host a8d69ab09d2d
[2023-06-24T16:50:39.917+0000] {taskinstance.py:1509} INFO - Exporting the following env vars:
AIRFLOW_CTX_DAG_OWNER=***
AIRFLOW_CTX_DAG_ID=spark_etl_minio_v4
AIRFLOW_CTX_TASK_ID=spark_submit_task
AIRFLOW_CTX_EXECUTION_DATE=2023-06-24T16:48:23.170323+00:00
AIRFLOW_CTX_TRY_NUMBER=2
AIRFLOW_CTX_DAG_RUN_ID=manual__2023-06-24T16:48:23.170323+00:00
[2023-06-24T16:50:39.931+0000] {base.py:73} INFO - Using connection ID 'spark_conn' for task execution.
[2023-06-24T16:50:39.933+0000] {spark_submit.py:341} INFO - Spark-Submit cmd: spark-submit --master spark://spark:7077 --jars hadoop-aws-3.2.0.jar, aws-java-sdk-bundle-1.11.375.jar --name arrow-spark /opt/***/dags/spark_etl_spark_minio.py
[2023-06-24T16:50:42.443+0000] {spark_submit.py:492} INFO - WARNING: An illegal reflective access operation has occurred
[2023-06-24T16:50:42.444+0000] {spark_submit.py:492} INFO - WARNING: Illegal reflective access by org.apache.spark.unsafe.Platform (file:/opt/spark/jars/spark-unsafe_2.12-3.2.0.jar) to constructor java.nio.DirectByteBuffer(long,int)
[2023-06-24T16:50:42.444+0000] {spark_submit.py:492} INFO - WARNING: Please consider reporting this to the maintainers of org.apache.spark.unsafe.Platform
[2023-06-24T16:50:42.444+0000] {spark_submit.py:492} INFO - WARNING: Use --illegal-access=warn to enable warnings of further illegal reflective access operations
[2023-06-24T16:50:42.445+0000] {spark_submit.py:492} INFO - WARNING: All illegal access operations will be denied in a future release
[2023-06-24T16:50:43.096+0000] {spark_submit.py:492} INFO - 23/06/24 16:50:43 WARN NativeCodeLoader: Unable to load native-hadoop library for your platform... using builtin-java classes where applicable
[2023-06-24T16:50:43.632+0000] {spark_submit.py:492} INFO - Using Spark's default log4j profile: org/apache/spark/log4j-defaults.properties
[2023-06-24T16:50:43.633+0000] {spark_submit.py:492} INFO - 23/06/24 16:50:43 WARN DependencyUtils: Local jar /opt/***/hadoop-aws-3.2.0.jar does not exist, skipping.
[2023-06-24T16:50:43.633+0000] {spark_submit.py:492} INFO - 23/06/24 16:50:43 WARN DependencyUtils: Local jar /opt/***/ aws-java-sdk-bundle-1.11.375.jar does not exist, skipping.
[2023-06-24T16:50:44.964+0000] {spark_submit.py:492} INFO - 23/06/24 16:50:44 INFO SparkContext: Running Spark version 3.2.0
[2023-06-24T16:50:45.018+0000] {spark_submit.py:492} INFO - 23/06/24 16:50:45 INFO ResourceUtils: ==============================================================
[2023-06-24T16:50:45.019+0000] {spark_submit.py:492} INFO - 23/06/24 16:50:45 INFO ResourceUtils: No custom resources configured for spark.driver.
[2023-06-24T16:50:45.019+0000] {spark_submit.py:492} INFO - 23/06/24 16:50:45 INFO ResourceUtils: ==============================================================
[2023-06-24T16:50:45.019+0000] {spark_submit.py:492} INFO - 23/06/24 16:50:45 INFO SparkContext: Submitted application: arrow-spark
[2023-06-24T16:50:45.103+0000] {spark_submit.py:492} INFO - 23/06/24 16:50:45 INFO ResourceProfile: Default ResourceProfile created, executor resources: Map(cores -> name: cores, amount: 1, script: , vendor: , memory -> name: memory, amount: 1024, script: , vendor: , offHeap -> name: offHeap, amount: 0, script: , vendor: ), task resources: Map(cpus -> name: cpus, amount: 1.0)
[2023-06-24T16:50:45.122+0000] {spark_submit.py:492} INFO - 23/06/24 16:50:45 INFO ResourceProfile: Limiting resource is cpu
[2023-06-24T16:50:45.123+0000] {spark_submit.py:492} INFO - 23/06/24 16:50:45 INFO ResourceProfileManager: Added ResourceProfile id: 0
[2023-06-24T16:50:45.220+0000] {spark_submit.py:492} INFO - 23/06/24 16:50:45 INFO SecurityManager: Changing view acls to: default
[2023-06-24T16:50:45.220+0000] {spark_submit.py:492} INFO - 23/06/24 16:50:45 INFO SecurityManager: Changing modify acls to: default
[2023-06-24T16:50:45.220+0000] {spark_submit.py:492} INFO - 23/06/24 16:50:45 INFO SecurityManager: Changing view acls groups to:
[2023-06-24T16:50:45.220+0000] {spark_submit.py:492} INFO - 23/06/24 16:50:45 INFO SecurityManager: Changing modify acls groups to:
[2023-06-24T16:50:45.221+0000] {spark_submit.py:492} INFO - 23/06/24 16:50:45 INFO SecurityManager: SecurityManager: authentication disabled; ui acls disabled; users  with view permissions: Set(default); groups with view permissions: Set(); users  with modify permissions: Set(default); groups with modify permissions: Set()
[2023-06-24T16:50:45.619+0000] {spark_submit.py:492} INFO - 23/06/24 16:50:45 INFO Utils: Successfully started service 'sparkDriver' on port 39951.
[2023-06-24T16:50:45.680+0000] {spark_submit.py:492} INFO - 23/06/24 16:50:45 INFO SparkEnv: Registering MapOutputTracker
[2023-06-24T16:50:45.723+0000] {spark_submit.py:492} INFO - 23/06/24 16:50:45 INFO SparkEnv: Registering BlockManagerMaster
[2023-06-24T16:50:45.745+0000] {spark_submit.py:492} INFO - 23/06/24 16:50:45 INFO BlockManagerMasterEndpoint: Using org.apache.spark.storage.DefaultTopologyMapper for getting topology information
[2023-06-24T16:50:45.746+0000] {spark_submit.py:492} INFO - 23/06/24 16:50:45 INFO BlockManagerMasterEndpoint: BlockManagerMasterEndpoint up
[2023-06-24T16:50:45.753+0000] {spark_submit.py:492} INFO - 23/06/24 16:50:45 INFO SparkEnv: Registering BlockManagerMasterHeartbeat
[2023-06-24T16:50:45.798+0000] {spark_submit.py:492} INFO - 23/06/24 16:50:45 INFO DiskBlockManager: Created local directory at /tmp/blockmgr-21965528-526a-4ebd-ab23-6bf9d3c792bf
[2023-06-24T16:50:45.850+0000] {spark_submit.py:492} INFO - 23/06/24 16:50:45 INFO MemoryStore: MemoryStore started with capacity 434.4 MiB
[2023-06-24T16:50:45.886+0000] {spark_submit.py:492} INFO - 23/06/24 16:50:45 INFO SparkEnv: Registering OutputCommitCoordinator
[2023-06-24T16:50:46.254+0000] {spark_submit.py:492} INFO - 23/06/24 16:50:46 WARN Utils: Service 'SparkUI' could not bind on port 4040. Attempting port 4041.
[2023-06-24T16:50:46.278+0000] {spark_submit.py:492} INFO - 23/06/24 16:50:46 INFO Utils: Successfully started service 'SparkUI' on port 4041.
[2023-06-24T16:50:46.405+0000] {spark_submit.py:492} INFO - 23/06/24 16:50:46 INFO SparkUI: Bound SparkUI to 0.0.0.0, and started at http://a8d69ab09d2d:4041
[2023-06-24T16:50:46.433+0000] {spark_submit.py:492} INFO - 23/06/24 16:50:46 ERROR SparkContext: Failed to add file:/opt/***/hadoop-aws-3.2.0.jar to Spark environment
[2023-06-24T16:50:46.434+0000] {spark_submit.py:492} INFO - java.io.FileNotFoundException: Jar /opt/***/hadoop-aws-3.2.0.jar not found
[2023-06-24T16:50:46.434+0000] {spark_submit.py:492} INFO - at org.apache.spark.SparkContext.addLocalJarFile$1(SparkContext.scala:1935)
[2023-06-24T16:50:46.434+0000] {spark_submit.py:492} INFO - at org.apache.spark.SparkContext.addJar(SparkContext.scala:1990)
[2023-06-24T16:50:46.434+0000] {spark_submit.py:492} INFO - at org.apache.spark.SparkContext.$anonfun$new$12(SparkContext.scala:503)
[2023-06-24T16:50:46.434+0000] {spark_submit.py:492} INFO - at org.apache.spark.SparkContext.$anonfun$new$12$adapted(SparkContext.scala:503)
[2023-06-24T16:50:46.434+0000] {spark_submit.py:492} INFO - at scala.collection.mutable.ResizableArray.foreach(ResizableArray.scala:62)
[2023-06-24T16:50:46.435+0000] {spark_submit.py:492} INFO - at scala.collection.mutable.ResizableArray.foreach$(ResizableArray.scala:55)
[2023-06-24T16:50:46.435+0000] {spark_submit.py:492} INFO - at scala.collection.mutable.ArrayBuffer.foreach(ArrayBuffer.scala:49)
[2023-06-24T16:50:46.435+0000] {spark_submit.py:492} INFO - at org.apache.spark.SparkContext.<init>(SparkContext.scala:503)
[2023-06-24T16:50:46.435+0000] {spark_submit.py:492} INFO - at org.apache.spark.api.java.JavaSparkContext.<init>(JavaSparkContext.scala:58)
[2023-06-24T16:50:46.435+0000] {spark_submit.py:492} INFO - at java.base/jdk.internal.reflect.NativeConstructorAccessorImpl.newInstance0(Native Method)
[2023-06-24T16:50:46.435+0000] {spark_submit.py:492} INFO - at java.base/jdk.internal.reflect.NativeConstructorAccessorImpl.newInstance(NativeConstructorAccessorImpl.java:62)
[2023-06-24T16:50:46.435+0000] {spark_submit.py:492} INFO - at java.base/jdk.internal.reflect.DelegatingConstructorAccessorImpl.newInstance(DelegatingConstructorAccessorImpl.java:45)
[2023-06-24T16:50:46.436+0000] {spark_submit.py:492} INFO - at java.base/java.lang.reflect.Constructor.newInstance(Constructor.java:490)
[2023-06-24T16:50:46.436+0000] {spark_submit.py:492} INFO - at py4j.reflection.MethodInvoker.invoke(MethodInvoker.java:247)
[2023-06-24T16:50:46.436+0000] {spark_submit.py:492} INFO - at py4j.reflection.ReflectionEngine.invoke(ReflectionEngine.java:357)
[2023-06-24T16:50:46.436+0000] {spark_submit.py:492} INFO - at py4j.Gateway.invoke(Gateway.java:238)
[2023-06-24T16:50:46.436+0000] {spark_submit.py:492} INFO - at py4j.commands.ConstructorCommand.invokeConstructor(ConstructorCommand.java:80)
[2023-06-24T16:50:46.436+0000] {spark_submit.py:492} INFO - at py4j.commands.ConstructorCommand.execute(ConstructorCommand.java:69)
[2023-06-24T16:50:46.437+0000] {spark_submit.py:492} INFO - at py4j.ClientServerConnection.waitForCommands(ClientServerConnection.java:182)
[2023-06-24T16:50:46.437+0000] {spark_submit.py:492} INFO - at py4j.ClientServerConnection.run(ClientServerConnection.java:106)
[2023-06-24T16:50:46.437+0000] {spark_submit.py:492} INFO - at java.base/java.lang.Thread.run(Thread.java:829)
[2023-06-24T16:50:46.437+0000] {spark_submit.py:492} INFO - 23/06/24 16:50:46 ERROR SparkContext: Failed to add file:/opt/***/%20aws-java-sdk-bundle-1.11.375.jar to Spark environment
[2023-06-24T16:50:46.437+0000] {spark_submit.py:492} INFO - java.io.FileNotFoundException: Jar /opt/***/ aws-java-sdk-bundle-1.11.375.jar not found
[2023-06-24T16:50:46.437+0000] {spark_submit.py:492} INFO - at org.apache.spark.SparkContext.addLocalJarFile$1(SparkContext.scala:1935)
[2023-06-24T16:50:46.437+0000] {spark_submit.py:492} INFO - at org.apache.spark.SparkContext.addJar(SparkContext.scala:1990)
[2023-06-24T16:50:46.438+0000] {spark_submit.py:492} INFO - at org.apache.spark.SparkContext.$anonfun$new$12(SparkContext.scala:503)
[2023-06-24T16:50:46.438+0000] {spark_submit.py:492} INFO - at org.apache.spark.SparkContext.$anonfun$new$12$adapted(SparkContext.scala:503)
[2023-06-24T16:50:46.438+0000] {spark_submit.py:492} INFO - at scala.collection.mutable.ResizableArray.foreach(ResizableArray.scala:62)
[2023-06-24T16:50:46.438+0000] {spark_submit.py:492} INFO - at scala.collection.mutable.ResizableArray.foreach$(ResizableArray.scala:55)
[2023-06-24T16:50:46.438+0000] {spark_submit.py:492} INFO - at scala.collection.mutable.ArrayBuffer.foreach(ArrayBuffer.scala:49)
[2023-06-24T16:50:46.439+0000] {spark_submit.py:492} INFO - at org.apache.spark.SparkContext.<init>(SparkContext.scala:503)
[2023-06-24T16:50:46.439+0000] {spark_submit.py:492} INFO - at org.apache.spark.api.java.JavaSparkContext.<init>(JavaSparkContext.scala:58)
[2023-06-24T16:50:46.439+0000] {spark_submit.py:492} INFO - at java.base/jdk.internal.reflect.NativeConstructorAccessorImpl.newInstance0(Native Method)
[2023-06-24T16:50:46.439+0000] {spark_submit.py:492} INFO - at java.base/jdk.internal.reflect.NativeConstructorAccessorImpl.newInstance(NativeConstructorAccessorImpl.java:62)
[2023-06-24T16:50:46.439+0000] {spark_submit.py:492} INFO - at java.base/jdk.internal.reflect.DelegatingConstructorAccessorImpl.newInstance(DelegatingConstructorAccessorImpl.java:45)
[2023-06-24T16:50:46.439+0000] {spark_submit.py:492} INFO - at java.base/java.lang.reflect.Constructor.newInstance(Constructor.java:490)
[2023-06-24T16:50:46.440+0000] {spark_submit.py:492} INFO - at py4j.reflection.MethodInvoker.invoke(MethodInvoker.java:247)
[2023-06-24T16:50:46.440+0000] {spark_submit.py:492} INFO - at py4j.reflection.ReflectionEngine.invoke(ReflectionEngine.java:357)
[2023-06-24T16:50:46.440+0000] {spark_submit.py:492} INFO - at py4j.Gateway.invoke(Gateway.java:238)
[2023-06-24T16:50:46.440+0000] {spark_submit.py:492} INFO - at py4j.commands.ConstructorCommand.invokeConstructor(ConstructorCommand.java:80)
[2023-06-24T16:50:46.440+0000] {spark_submit.py:492} INFO - at py4j.commands.ConstructorCommand.execute(ConstructorCommand.java:69)
[2023-06-24T16:50:46.440+0000] {spark_submit.py:492} INFO - at py4j.ClientServerConnection.waitForCommands(ClientServerConnection.java:182)
[2023-06-24T16:50:46.441+0000] {spark_submit.py:492} INFO - at py4j.ClientServerConnection.run(ClientServerConnection.java:106)
[2023-06-24T16:50:46.441+0000] {spark_submit.py:492} INFO - at java.base/java.lang.Thread.run(Thread.java:829)
[2023-06-24T16:50:46.957+0000] {spark_submit.py:492} INFO - 23/06/24 16:50:46 INFO StandaloneAppClient$ClientEndpoint: Connecting to master spark://spark:7077...
[2023-06-24T16:50:47.106+0000] {spark_submit.py:492} INFO - 23/06/24 16:50:47 INFO TransportClientFactory: Successfully created connection to spark/172.19.0.11:7077 after 105 ms (0 ms spent in bootstraps)
[2023-06-24T16:50:47.269+0000] {spark_submit.py:492} INFO - 23/06/24 16:50:47 INFO StandaloneSchedulerBackend: Connected to Spark cluster with app ID app-20230624165047-0044
[2023-06-24T16:50:47.278+0000] {spark_submit.py:492} INFO - 23/06/24 16:50:47 INFO Utils: Successfully started service 'org.apache.spark.network.netty.NettyBlockTransferService' on port 36647.
[2023-06-24T16:50:47.278+0000] {spark_submit.py:492} INFO - 23/06/24 16:50:47 INFO NettyBlockTransferService: Server created on a8d69ab09d2d:36647
[2023-06-24T16:50:47.281+0000] {spark_submit.py:492} INFO - 23/06/24 16:50:47 INFO BlockManager: Using org.apache.spark.storage.RandomBlockReplicationPolicy for block replication policy
[2023-06-24T16:50:47.296+0000] {spark_submit.py:492} INFO - 23/06/24 16:50:47 INFO BlockManagerMaster: Registering BlockManager BlockManagerId(driver, a8d69ab09d2d, 36647, None)
[2023-06-24T16:50:47.304+0000] {spark_submit.py:492} INFO - 23/06/24 16:50:47 INFO BlockManagerMasterEndpoint: Registering block manager a8d69ab09d2d:36647 with 434.4 MiB RAM, BlockManagerId(driver, a8d69ab09d2d, 36647, None)
[2023-06-24T16:50:47.305+0000] {spark_submit.py:492} INFO - 23/06/24 16:50:47 INFO BlockManagerMaster: Registered BlockManager BlockManagerId(driver, a8d69ab09d2d, 36647, None)
[2023-06-24T16:50:47.307+0000] {spark_submit.py:492} INFO - 23/06/24 16:50:47 INFO BlockManager: Initialized BlockManager: BlockManagerId(driver, a8d69ab09d2d, 36647, None)
[2023-06-24T16:50:47.664+0000] {spark_submit.py:492} INFO - 23/06/24 16:50:47 INFO StandaloneSchedulerBackend: SchedulerBackend is ready for scheduling beginning after reached minRegisteredResourcesRatio: 0.0
[2023-06-24T16:50:47.908+0000] {spark_submit.py:492} INFO - 23/06/24 16:50:47 INFO SharedState: Setting hive.metastore.warehouse.dir ('null') to the value of spark.sql.warehouse.dir.
[2023-06-24T16:50:47.913+0000] {spark_submit.py:492} INFO - 23/06/24 16:50:47 INFO SharedState: Warehouse path is 'file:/opt/***/spark-warehouse'.
[2023-06-24T16:50:51.224+0000] {spark_submit.py:492} INFO - 23/06/24 16:50:51 INFO StandaloneAppClient$ClientEndpoint: Executor added: app-20230624165047-0044/0 on worker-20230624161025-172.19.0.3-35241 (172.19.0.3:35241) with 1 core(s)
[2023-06-24T16:50:51.225+0000] {spark_submit.py:492} INFO - 23/06/24 16:50:51 INFO StandaloneSchedulerBackend: Granted executor ID app-20230624165047-0044/0 on hostPort 172.19.0.3:35241 with 1 core(s), 1024.0 MiB RAM
[2023-06-24T16:50:51.311+0000] {spark_submit.py:492} INFO - 23/06/24 16:50:51 INFO StandaloneAppClient$ClientEndpoint: Executor updated: app-20230624165047-0044/0 is now RUNNING
[2023-06-24T16:50:54.068+0000] {spark_submit.py:492} INFO - 23/06/24 16:50:54 INFO CodeGenerator: Code generated in 290.600299 ms
[2023-06-24T16:50:54.126+0000] {spark_submit.py:492} INFO - 23/06/24 16:50:54 INFO SparkContext: Starting job: showString at NativeMethodAccessorImpl.java:0
[2023-06-24T16:50:54.150+0000] {spark_submit.py:492} INFO - 23/06/24 16:50:54 INFO DAGScheduler: Got job 0 (showString at NativeMethodAccessorImpl.java:0) with 1 output partitions
[2023-06-24T16:50:54.150+0000] {spark_submit.py:492} INFO - 23/06/24 16:50:54 INFO DAGScheduler: Final stage: ResultStage 0 (showString at NativeMethodAccessorImpl.java:0)
[2023-06-24T16:50:54.151+0000] {spark_submit.py:492} INFO - 23/06/24 16:50:54 INFO DAGScheduler: Parents of final stage: List()
[2023-06-24T16:50:54.152+0000] {spark_submit.py:492} INFO - 23/06/24 16:50:54 INFO DAGScheduler: Missing parents: List()
[2023-06-24T16:50:54.156+0000] {spark_submit.py:492} INFO - 23/06/24 16:50:54 INFO DAGScheduler: Submitting ResultStage 0 (MapPartitionsRDD[6] at showString at NativeMethodAccessorImpl.java:0), which has no missing parents
[2023-06-24T16:50:54.489+0000] {spark_submit.py:492} INFO - 23/06/24 16:50:54 INFO MemoryStore: Block broadcast_0 stored as values in memory (estimated size 11.7 KiB, free 434.4 MiB)
[2023-06-24T16:50:54.542+0000] {spark_submit.py:492} INFO - 23/06/24 16:50:54 INFO MemoryStore: Block broadcast_0_piece0 stored as bytes in memory (estimated size 6.2 KiB, free 434.4 MiB)
[2023-06-24T16:50:54.546+0000] {spark_submit.py:492} INFO - 23/06/24 16:50:54 INFO BlockManagerInfo: Added broadcast_0_piece0 in memory on a8d69ab09d2d:36647 (size: 6.2 KiB, free: 434.4 MiB)
[2023-06-24T16:50:54.567+0000] {spark_submit.py:492} INFO - 23/06/24 16:50:54 INFO SparkContext: Created broadcast 0 from broadcast at DAGScheduler.scala:1427
[2023-06-24T16:50:54.594+0000] {spark_submit.py:492} INFO - 23/06/24 16:50:54 INFO DAGScheduler: Submitting 1 missing tasks from ResultStage 0 (MapPartitionsRDD[6] at showString at NativeMethodAccessorImpl.java:0) (first 15 tasks are for partitions Vector(0))
[2023-06-24T16:50:54.596+0000] {spark_submit.py:492} INFO - 23/06/24 16:50:54 INFO TaskSchedulerImpl: Adding task set 0.0 with 1 tasks resource profile 0
[2023-06-24T16:50:55.411+0000] {spark_submit.py:492} INFO - 23/06/24 16:50:55 INFO CoarseGrainedSchedulerBackend$DriverEndpoint: Registered executor NettyRpcEndpointRef(spark-client://Executor) (172.19.0.3:47806) with ID 0,  ResourceProfileId 0
[2023-06-24T16:50:55.576+0000] {spark_submit.py:492} INFO - 23/06/24 16:50:55 INFO BlockManagerMasterEndpoint: Registering block manager 172.19.0.3:42647 with 366.3 MiB RAM, BlockManagerId(0, 172.19.0.3, 42647, None)
[2023-06-24T16:50:55.654+0000] {spark_submit.py:492} INFO - 23/06/24 16:50:55 INFO TaskSetManager: Starting task 0.0 in stage 0.0 (TID 0) (172.19.0.3, executor 0, partition 0, PROCESS_LOCAL, 4605 bytes) taskResourceAssignments Map()
[2023-06-24T16:50:56.134+0000] {spark_submit.py:492} INFO - 23/06/24 16:50:56 INFO BlockManagerInfo: Added broadcast_0_piece0 in memory on 172.19.0.3:42647 (size: 6.2 KiB, free: 366.3 MiB)
[2023-06-24T16:50:58.496+0000] {spark_submit.py:492} INFO - 23/06/24 16:50:58 INFO TaskSetManager: Finished task 0.0 in stage 0.0 (TID 0) in 2861 ms on 172.19.0.3 (executor 0) (1/1)
[2023-06-24T16:50:58.499+0000] {spark_submit.py:492} INFO - 23/06/24 16:50:58 INFO TaskSchedulerImpl: Removed TaskSet 0.0, whose tasks have all completed, from pool
[2023-06-24T16:50:58.505+0000] {spark_submit.py:492} INFO - 23/06/24 16:50:58 INFO PythonAccumulatorV2: Connected to AccumulatorServer at host: 127.0.0.1 port: 32891
[2023-06-24T16:50:58.520+0000] {spark_submit.py:492} INFO - 23/06/24 16:50:58 INFO DAGScheduler: ResultStage 0 (showString at NativeMethodAccessorImpl.java:0) finished in 4.341 s
[2023-06-24T16:50:58.526+0000] {spark_submit.py:492} INFO - 23/06/24 16:50:58 INFO DAGScheduler: Job 0 is finished. Cancelling potential speculative or zombie tasks for this job
[2023-06-24T16:50:58.527+0000] {spark_submit.py:492} INFO - 23/06/24 16:50:58 INFO TaskSchedulerImpl: Killing all running tasks in stage 0: Stage finished
[2023-06-24T16:50:58.532+0000] {spark_submit.py:492} INFO - 23/06/24 16:50:58 INFO DAGScheduler: Job 0 finished: showString at NativeMethodAccessorImpl.java:0, took 4.401723 s
[2023-06-24T16:50:58.547+0000] {spark_submit.py:492} INFO - 23/06/24 16:50:58 INFO SparkContext: Starting job: showString at NativeMethodAccessorImpl.java:0
[2023-06-24T16:50:58.549+0000] {spark_submit.py:492} INFO - 23/06/24 16:50:58 INFO DAGScheduler: Got job 1 (showString at NativeMethodAccessorImpl.java:0) with 1 output partitions
[2023-06-24T16:50:58.550+0000] {spark_submit.py:492} INFO - 23/06/24 16:50:58 INFO DAGScheduler: Final stage: ResultStage 1 (showString at NativeMethodAccessorImpl.java:0)
[2023-06-24T16:50:58.550+0000] {spark_submit.py:492} INFO - 23/06/24 16:50:58 INFO DAGScheduler: Parents of final stage: List()
[2023-06-24T16:50:58.551+0000] {spark_submit.py:492} INFO - 23/06/24 16:50:58 INFO DAGScheduler: Missing parents: List()
[2023-06-24T16:50:58.554+0000] {spark_submit.py:492} INFO - 23/06/24 16:50:58 INFO DAGScheduler: Submitting ResultStage 1 (MapPartitionsRDD[6] at showString at NativeMethodAccessorImpl.java:0), which has no missing parents
[2023-06-24T16:50:58.559+0000] {spark_submit.py:492} INFO - 23/06/24 16:50:58 INFO MemoryStore: Block broadcast_1 stored as values in memory (estimated size 11.7 KiB, free 434.4 MiB)
[2023-06-24T16:50:58.567+0000] {spark_submit.py:492} INFO - 23/06/24 16:50:58 INFO MemoryStore: Block broadcast_1_piece0 stored as bytes in memory (estimated size 6.2 KiB, free 434.4 MiB)
[2023-06-24T16:50:58.568+0000] {spark_submit.py:492} INFO - 23/06/24 16:50:58 INFO BlockManagerInfo: Added broadcast_1_piece0 in memory on a8d69ab09d2d:36647 (size: 6.2 KiB, free: 434.4 MiB)
[2023-06-24T16:50:58.569+0000] {spark_submit.py:492} INFO - 23/06/24 16:50:58 INFO SparkContext: Created broadcast 1 from broadcast at DAGScheduler.scala:1427
[2023-06-24T16:50:58.574+0000] {spark_submit.py:492} INFO - 23/06/24 16:50:58 INFO DAGScheduler: Submitting 1 missing tasks from ResultStage 1 (MapPartitionsRDD[6] at showString at NativeMethodAccessorImpl.java:0) (first 15 tasks are for partitions Vector(1))
[2023-06-24T16:50:58.575+0000] {spark_submit.py:492} INFO - 23/06/24 16:50:58 INFO TaskSchedulerImpl: Adding task set 1.0 with 1 tasks resource profile 0
[2023-06-24T16:50:58.577+0000] {spark_submit.py:492} INFO - 23/06/24 16:50:58 INFO TaskSetManager: Starting task 0.0 in stage 1.0 (TID 1) (172.19.0.3, executor 0, partition 1, PROCESS_LOCAL, 4529 bytes) taskResourceAssignments Map()
[2023-06-24T16:50:58.606+0000] {spark_submit.py:492} INFO - 23/06/24 16:50:58 INFO BlockManagerInfo: Added broadcast_1_piece0 in memory on 172.19.0.3:42647 (size: 6.2 KiB, free: 366.3 MiB)
[2023-06-24T16:50:58.679+0000] {spark_submit.py:492} INFO - 23/06/24 16:50:58 INFO TaskSetManager: Finished task 0.0 in stage 1.0 (TID 1) in 103 ms on 172.19.0.3 (executor 0) (1/1)
[2023-06-24T16:50:58.680+0000] {spark_submit.py:492} INFO - 23/06/24 16:50:58 INFO TaskSchedulerImpl: Removed TaskSet 1.0, whose tasks have all completed, from pool
[2023-06-24T16:50:58.683+0000] {spark_submit.py:492} INFO - 23/06/24 16:50:58 INFO DAGScheduler: ResultStage 1 (showString at NativeMethodAccessorImpl.java:0) finished in 0.128 s
[2023-06-24T16:50:58.683+0000] {spark_submit.py:492} INFO - 23/06/24 16:50:58 INFO DAGScheduler: Job 1 is finished. Cancelling potential speculative or zombie tasks for this job
[2023-06-24T16:50:58.683+0000] {spark_submit.py:492} INFO - 23/06/24 16:50:58 INFO TaskSchedulerImpl: Killing all running tasks in stage 1: Stage finished
[2023-06-24T16:50:58.683+0000] {spark_submit.py:492} INFO - 23/06/24 16:50:58 INFO DAGScheduler: Job 1 finished: showString at NativeMethodAccessorImpl.java:0, took 0.134736 s
[2023-06-24T16:50:58.734+0000] {spark_submit.py:492} INFO - 23/06/24 16:50:58 INFO CodeGenerator: Code generated in 22.984267 ms
[2023-06-24T16:50:58.752+0000] {spark_submit.py:492} INFO - +-----+-----------------------------------------------------------------------------+
[2023-06-24T16:50:58.752+0000] {spark_submit.py:492} INFO - |Seqno|Quote                                                                        |
[2023-06-24T16:50:58.753+0000] {spark_submit.py:492} INFO - +-----+-----------------------------------------------------------------------------+
[2023-06-24T16:50:58.753+0000] {spark_submit.py:492} INFO - |1    |Be the change that you wish to see in the world                              |
[2023-06-24T16:50:58.753+0000] {spark_submit.py:492} INFO - |2    |Everyone thinks of changing the world, but no one thinks of changing himself.|
[2023-06-24T16:50:58.753+0000] {spark_submit.py:492} INFO - |3    |The purpose of our lives is to be happy.                                     |
[2023-06-24T16:50:58.753+0000] {spark_submit.py:492} INFO - |4    |Be cool.                                                                     |
[2023-06-24T16:50:58.753+0000] {spark_submit.py:492} INFO - +-----+-----------------------------------------------------------------------------+
[2023-06-24T16:50:58.753+0000] {spark_submit.py:492} INFO - 
[2023-06-24T16:50:58.855+0000] {spark_submit.py:492} INFO - 23/06/24 16:50:58 INFO BlockManagerInfo: Removed broadcast_0_piece0 on a8d69ab09d2d:36647 in memory (size: 6.2 KiB, free: 434.4 MiB)
[2023-06-24T16:50:58.879+0000] {spark_submit.py:492} INFO - 23/06/24 16:50:58 INFO BlockManagerInfo: Removed broadcast_0_piece0 on 172.19.0.3:42647 in memory (size: 6.2 KiB, free: 366.3 MiB)
[2023-06-24T16:50:58.914+0000] {spark_submit.py:492} INFO - 23/06/24 16:50:58 INFO BlockManagerInfo: Removed broadcast_1_piece0 on 172.19.0.3:42647 in memory (size: 6.2 KiB, free: 366.3 MiB)
[2023-06-24T16:50:58.916+0000] {spark_submit.py:492} INFO - 23/06/24 16:50:58 INFO BlockManagerInfo: Removed broadcast_1_piece0 on a8d69ab09d2d:36647 in memory (size: 6.2 KiB, free: 434.4 MiB)
[2023-06-24T16:50:58.973+0000] {spark_submit.py:492} INFO - Traceback (most recent call last):
[2023-06-24T16:50:58.973+0000] {spark_submit.py:492} INFO - File "/opt/***/dags/spark_etl_spark_minio.py", line 43, in <module>
[2023-06-24T16:50:58.973+0000] {spark_submit.py:492} INFO - df.write.mode("append").parquet("s3a://datalake/test.parquet")
[2023-06-24T16:50:58.973+0000] {spark_submit.py:492} INFO - File "/opt/spark/python/lib/pyspark.zip/pyspark/sql/readwriter.py", line 885, in parquet
[2023-06-24T16:50:58.974+0000] {spark_submit.py:492} INFO - File "/opt/spark/python/lib/py4j-0.10.9.2-src.zip/py4j/java_gateway.py", line 1309, in __call__
[2023-06-24T16:50:58.974+0000] {spark_submit.py:492} INFO - File "/opt/spark/python/lib/pyspark.zip/pyspark/sql/utils.py", line 111, in deco
[2023-06-24T16:50:58.974+0000] {spark_submit.py:492} INFO - File "/opt/spark/python/lib/py4j-0.10.9.2-src.zip/py4j/protocol.py", line 326, in get_return_value
[2023-06-24T16:50:58.974+0000] {spark_submit.py:492} INFO - py4j.protocol.Py4JJavaError: An error occurred while calling o79.parquet.
[2023-06-24T16:50:58.974+0000] {spark_submit.py:492} INFO - : java.lang.RuntimeException: java.lang.ClassNotFoundException: Class org.apache.hadoop.fs.s3a.S3AFileSystem not found
[2023-06-24T16:50:58.974+0000] {spark_submit.py:492} INFO - at org.apache.hadoop.conf.Configuration.getClass(Configuration.java:2667)
[2023-06-24T16:50:58.974+0000] {spark_submit.py:492} INFO - at org.apache.hadoop.fs.FileSystem.getFileSystemClass(FileSystem.java:3431)
[2023-06-24T16:50:58.975+0000] {spark_submit.py:492} INFO - at org.apache.hadoop.fs.FileSystem.createFileSystem(FileSystem.java:3466)
[2023-06-24T16:50:58.975+0000] {spark_submit.py:492} INFO - at org.apache.hadoop.fs.FileSystem.access$300(FileSystem.java:174)
[2023-06-24T16:50:58.975+0000] {spark_submit.py:492} INFO - at org.apache.hadoop.fs.FileSystem$Cache.getInternal(FileSystem.java:3574)
[2023-06-24T16:50:58.975+0000] {spark_submit.py:492} INFO - at org.apache.hadoop.fs.FileSystem$Cache.get(FileSystem.java:3521)
[2023-06-24T16:50:58.975+0000] {spark_submit.py:492} INFO - at org.apache.hadoop.fs.FileSystem.get(FileSystem.java:540)
[2023-06-24T16:50:58.975+0000] {spark_submit.py:492} INFO - at org.apache.hadoop.fs.Path.getFileSystem(Path.java:365)
[2023-06-24T16:50:58.975+0000] {spark_submit.py:492} INFO - at org.apache.spark.sql.execution.datasources.DataSource.planForWritingFileFormat(DataSource.scala:461)
[2023-06-24T16:50:58.975+0000] {spark_submit.py:492} INFO - at org.apache.spark.sql.execution.datasources.DataSource.planForWriting(DataSource.scala:556)
[2023-06-24T16:50:58.975+0000] {spark_submit.py:492} INFO - at org.apache.spark.sql.DataFrameWriter.saveToV1Source(DataFrameWriter.scala:382)
[2023-06-24T16:50:58.976+0000] {spark_submit.py:492} INFO - at org.apache.spark.sql.DataFrameWriter.saveInternal(DataFrameWriter.scala:355)
[2023-06-24T16:50:58.976+0000] {spark_submit.py:492} INFO - at org.apache.spark.sql.DataFrameWriter.save(DataFrameWriter.scala:239)
[2023-06-24T16:50:58.976+0000] {spark_submit.py:492} INFO - at org.apache.spark.sql.DataFrameWriter.parquet(DataFrameWriter.scala:781)
[2023-06-24T16:50:58.976+0000] {spark_submit.py:492} INFO - at java.base/jdk.internal.reflect.NativeMethodAccessorImpl.invoke0(Native Method)
[2023-06-24T16:50:58.976+0000] {spark_submit.py:492} INFO - at java.base/jdk.internal.reflect.NativeMethodAccessorImpl.invoke(NativeMethodAccessorImpl.java:62)
[2023-06-24T16:50:58.976+0000] {spark_submit.py:492} INFO - at java.base/jdk.internal.reflect.DelegatingMethodAccessorImpl.invoke(DelegatingMethodAccessorImpl.java:43)
[2023-06-24T16:50:58.976+0000] {spark_submit.py:492} INFO - at java.base/java.lang.reflect.Method.invoke(Method.java:566)
[2023-06-24T16:50:58.976+0000] {spark_submit.py:492} INFO - at py4j.reflection.MethodInvoker.invoke(MethodInvoker.java:244)
[2023-06-24T16:50:58.977+0000] {spark_submit.py:492} INFO - at py4j.reflection.ReflectionEngine.invoke(ReflectionEngine.java:357)
[2023-06-24T16:50:58.977+0000] {spark_submit.py:492} INFO - at py4j.Gateway.invoke(Gateway.java:282)
[2023-06-24T16:50:58.977+0000] {spark_submit.py:492} INFO - at py4j.commands.AbstractCommand.invokeMethod(AbstractCommand.java:132)
[2023-06-24T16:50:58.977+0000] {spark_submit.py:492} INFO - at py4j.commands.CallCommand.execute(CallCommand.java:79)
[2023-06-24T16:50:58.977+0000] {spark_submit.py:492} INFO - at py4j.ClientServerConnection.waitForCommands(ClientServerConnection.java:182)
[2023-06-24T16:50:58.977+0000] {spark_submit.py:492} INFO - at py4j.ClientServerConnection.run(ClientServerConnection.java:106)
[2023-06-24T16:50:58.977+0000] {spark_submit.py:492} INFO - at java.base/java.lang.Thread.run(Thread.java:829)
[2023-06-24T16:50:58.977+0000] {spark_submit.py:492} INFO - Caused by: java.lang.ClassNotFoundException: Class org.apache.hadoop.fs.s3a.S3AFileSystem not found
[2023-06-24T16:50:58.977+0000] {spark_submit.py:492} INFO - at org.apache.hadoop.conf.Configuration.getClassByName(Configuration.java:2571)
[2023-06-24T16:50:58.978+0000] {spark_submit.py:492} INFO - at org.apache.hadoop.conf.Configuration.getClass(Configuration.java:2665)
[2023-06-24T16:50:58.978+0000] {spark_submit.py:492} INFO - ... 25 more
[2023-06-24T16:50:58.978+0000] {spark_submit.py:492} INFO - 
[2023-06-24T16:50:59.082+0000] {spark_submit.py:492} INFO - 23/06/24 16:50:59 INFO SparkContext: Invoking stop() from shutdown hook
[2023-06-24T16:50:59.091+0000] {spark_submit.py:492} INFO - 23/06/24 16:50:59 INFO SparkUI: Stopped Spark web UI at http://a8d69ab09d2d:4041
[2023-06-24T16:50:59.097+0000] {spark_submit.py:492} INFO - 23/06/24 16:50:59 INFO StandaloneSchedulerBackend: Shutting down all executors
[2023-06-24T16:50:59.097+0000] {spark_submit.py:492} INFO - 23/06/24 16:50:59 INFO CoarseGrainedSchedulerBackend$DriverEndpoint: Asking each executor to shut down
[2023-06-24T16:50:59.126+0000] {spark_submit.py:492} INFO - 23/06/24 16:50:59 INFO MapOutputTrackerMasterEndpoint: MapOutputTrackerMasterEndpoint stopped!
[2023-06-24T16:50:59.222+0000] {spark_submit.py:492} INFO - 23/06/24 16:50:59 INFO MemoryStore: MemoryStore cleared
[2023-06-24T16:50:59.228+0000] {spark_submit.py:492} INFO - 23/06/24 16:50:59 INFO BlockManager: BlockManager stopped
[2023-06-24T16:50:59.246+0000] {spark_submit.py:492} INFO - 23/06/24 16:50:59 INFO BlockManagerMaster: BlockManagerMaster stopped
[2023-06-24T16:50:59.249+0000] {spark_submit.py:492} INFO - 23/06/24 16:50:59 INFO OutputCommitCoordinator$OutputCommitCoordinatorEndpoint: OutputCommitCoordinator stopped!
[2023-06-24T16:50:59.324+0000] {spark_submit.py:492} INFO - 23/06/24 16:50:59 INFO SparkContext: Successfully stopped SparkContext
[2023-06-24T16:50:59.325+0000] {spark_submit.py:492} INFO - 23/06/24 16:50:59 INFO ShutdownHookManager: Shutdown hook called
[2023-06-24T16:50:59.326+0000] {spark_submit.py:492} INFO - 23/06/24 16:50:59 INFO ShutdownHookManager: Deleting directory /tmp/spark-8900b2e2-e32a-44cb-bea7-fc8708ffa78f
[2023-06-24T16:50:59.334+0000] {spark_submit.py:492} INFO - 23/06/24 16:50:59 INFO ShutdownHookManager: Deleting directory /tmp/spark-8900b2e2-e32a-44cb-bea7-fc8708ffa78f/pyspark-9ed310b2-30ff-43e7-b448-7cd2ef627b83
[2023-06-24T16:50:59.342+0000] {spark_submit.py:492} INFO - 23/06/24 16:50:59 INFO ShutdownHookManager: Deleting directory /tmp/spark-6f97ee09-ebd6-48ab-b160-5877665524ba
[2023-06-24T16:50:59.466+0000] {taskinstance.py:1775} ERROR - Task failed with exception
Traceback (most recent call last):
  File "/home/airflow/.local/lib/python3.8/site-packages/airflow/providers/apache/spark/operators/spark_submit.py", line 157, in execute
    self._hook.submit(self._application)
  File "/home/airflow/.local/lib/python3.8/site-packages/airflow/providers/apache/spark/hooks/spark_submit.py", line 423, in submit
    raise AirflowException(
airflow.exceptions.AirflowException: Cannot execute: spark-submit --master spark://spark:7077 --jars hadoop-aws-3.2.0.jar, aws-java-sdk-bundle-1.11.375.jar --name arrow-spark /opt/***/dags/spark_etl_spark_minio.py. Error code is: 1.
[2023-06-24T16:50:59.472+0000] {taskinstance.py:1321} INFO - Marking task as UP_FOR_RETRY. dag_id=spark_etl_minio_v4, task_id=spark_submit_task, execution_date=20230624T164823, start_date=20230624T165039, end_date=20230624T165059
[2023-06-24T16:50:59.492+0000] {standard_task_runner.py:100} ERROR - Failed to execute job 121 for task spark_submit_task (Cannot execute: spark-submit --master spark://spark:7077 --jars hadoop-aws-3.2.0.jar, aws-java-sdk-bundle-1.11.375.jar --name arrow-spark /opt/***/dags/spark_etl_spark_minio.py. Error code is: 1.; 9831)
[2023-06-24T16:50:59.530+0000] {local_task_job.py:212} INFO - Task exited with return code 1
[2023-06-24T16:50:59.551+0000] {taskinstance.py:2585} INFO - 0 downstream tasks scheduled from follow-on schedule check
