[2023-06-25T06:29:15.750+0000] {taskinstance.py:1084} INFO - Dependencies all met for dep_context=non-requeueable deps ti=<TaskInstance: spark_etl_minio_v17.spark_submit_task scheduled__2023-06-24T00:00:00+00:00 [queued]>
[2023-06-25T06:29:15.757+0000] {taskinstance.py:1084} INFO - Dependencies all met for dep_context=requeueable deps ti=<TaskInstance: spark_etl_minio_v17.spark_submit_task scheduled__2023-06-24T00:00:00+00:00 [queued]>
[2023-06-25T06:29:15.757+0000] {taskinstance.py:1282} INFO - 
--------------------------------------------------------------------------------
[2023-06-25T06:29:15.757+0000] {taskinstance.py:1283} INFO - Starting attempt 1 of 6
[2023-06-25T06:29:15.757+0000] {taskinstance.py:1284} INFO - 
--------------------------------------------------------------------------------
[2023-06-25T06:29:15.767+0000] {taskinstance.py:1303} INFO - Executing <Task(SparkSubmitOperator): spark_submit_task> on 2023-06-24 00:00:00+00:00
[2023-06-25T06:29:15.771+0000] {standard_task_runner.py:55} INFO - Started process 279 to run task
[2023-06-25T06:29:15.773+0000] {standard_task_runner.py:82} INFO - Running: ['***', 'tasks', 'run', 'spark_etl_minio_v17', 'spark_submit_task', 'scheduled__2023-06-24T00:00:00+00:00', '--job-id', '281', '--raw', '--subdir', 'DAGS_FOLDER/spark_job_minio_v1.py', '--cfg-path', '/tmp/tmp4y5jskw3']
[2023-06-25T06:29:15.774+0000] {standard_task_runner.py:83} INFO - Job 281: Subtask spark_submit_task
[2023-06-25T06:29:15.786+0000] {warnings.py:109} WARNING - /home/***/.local/lib/python3.8/site-packages/***/settings.py:250: DeprecationWarning: The sql_alchemy_conn option in [core] has been moved to the sql_alchemy_conn option in [database] - the old setting has been used, but please update your config.
  SQL_ALCHEMY_CONN = conf.get("database", "SQL_ALCHEMY_CONN")

[2023-06-25T06:29:15.802+0000] {warnings.py:109} WARNING - /home/***/.local/lib/python3.8/site-packages/***/utils/sqlalchemy.py:124: DeprecationWarning: The sql_alchemy_conn option in [core] has been moved to the sql_alchemy_conn option in [database] - the old setting has been used, but please update your config.
  return not conf.get("database", "sql_alchemy_conn").startswith("mssql")

[2023-06-25T06:29:15.829+0000] {task_command.py:388} INFO - Running <TaskInstance: spark_etl_minio_v17.spark_submit_task scheduled__2023-06-24T00:00:00+00:00 [running]> on host a8d69ab09d2d
[2023-06-25T06:29:15.898+0000] {taskinstance.py:1509} INFO - Exporting the following env vars:
AIRFLOW_CTX_DAG_OWNER=***
AIRFLOW_CTX_DAG_ID=spark_etl_minio_v17
AIRFLOW_CTX_TASK_ID=spark_submit_task
AIRFLOW_CTX_EXECUTION_DATE=2023-06-24T00:00:00+00:00
AIRFLOW_CTX_TRY_NUMBER=1
AIRFLOW_CTX_DAG_RUN_ID=scheduled__2023-06-24T00:00:00+00:00
[2023-06-25T06:29:15.905+0000] {base.py:73} INFO - Using connection ID 'spark_conn' for task execution.
[2023-06-25T06:29:15.910+0000] {spark_submit.py:341} INFO - Spark-Submit cmd: spark-submit --master spark://spark:7077 --conf spark.hadoop.fs.s3a.aws.credentials.provider=org.apache.hadoop.fs.s3a.SimpleAWSCredentialsProvider --conf spark.hadoop.fs.s3a.path.style.access=true --conf spark.hadoop.fs.s3a.access.key=minioadmin --conf spark.hadoop.fs.s3a.secret.key=****** --conf spark.hadoop.fs.s3a.endpoint=http://minio:9000 --jars local:///opt/bitnami/spark/jars/hadoop-aws-3.2.0.jar,local:///opt/bitnami/spark/jars/aws-java-sdk-bundle-1.11.375.jar,local:///opt/bitnami/spark/jars/hadoop-common-3.2.0.jar --name arrow-spark /opt/***/dags/spark_etl_spark_minio.py
[2023-06-25T06:29:17.448+0000] {spark_submit.py:492} INFO - WARNING: An illegal reflective access operation has occurred
[2023-06-25T06:29:17.449+0000] {spark_submit.py:492} INFO - WARNING: Illegal reflective access by org.apache.spark.unsafe.Platform (file:/opt/spark/jars/spark-unsafe_2.12-3.2.0.jar) to constructor java.nio.DirectByteBuffer(long,int)
[2023-06-25T06:29:17.449+0000] {spark_submit.py:492} INFO - WARNING: Please consider reporting this to the maintainers of org.apache.spark.unsafe.Platform
[2023-06-25T06:29:17.449+0000] {spark_submit.py:492} INFO - WARNING: Use --illegal-access=warn to enable warnings of further illegal reflective access operations
[2023-06-25T06:29:17.449+0000] {spark_submit.py:492} INFO - WARNING: All illegal access operations will be denied in a future release
[2023-06-25T06:29:17.786+0000] {spark_submit.py:492} INFO - Using Spark's default log4j profile: org/apache/spark/log4j-defaults.properties
[2023-06-25T06:29:17.788+0000] {spark_submit.py:492} INFO - 23/06/25 06:29:17 WARN DependencyUtils: Local jar /opt/bitnami/spark/jars/hadoop-aws-3.2.0.jar does not exist, skipping.
[2023-06-25T06:29:17.789+0000] {spark_submit.py:492} INFO - 23/06/25 06:29:17 WARN DependencyUtils: Local jar /opt/bitnami/spark/jars/aws-java-sdk-bundle-1.11.375.jar does not exist, skipping.
[2023-06-25T06:29:17.789+0000] {spark_submit.py:492} INFO - 23/06/25 06:29:17 WARN DependencyUtils: Local jar /opt/bitnami/spark/jars/hadoop-common-3.2.0.jar does not exist, skipping.
[2023-06-25T06:29:18.690+0000] {spark_submit.py:492} INFO - 23/06/25 06:29:18 INFO SparkContext: Running Spark version 3.2.0
[2023-06-25T06:29:18.786+0000] {spark_submit.py:492} INFO - 23/06/25 06:29:18 WARN NativeCodeLoader: Unable to load native-hadoop library for your platform... using builtin-java classes where applicable
[2023-06-25T06:29:19.005+0000] {spark_submit.py:492} INFO - 23/06/25 06:29:19 INFO ResourceUtils: ==============================================================
[2023-06-25T06:29:19.006+0000] {spark_submit.py:492} INFO - 23/06/25 06:29:19 INFO ResourceUtils: No custom resources configured for spark.driver.
[2023-06-25T06:29:19.006+0000] {spark_submit.py:492} INFO - 23/06/25 06:29:19 INFO ResourceUtils: ==============================================================
[2023-06-25T06:29:19.007+0000] {spark_submit.py:492} INFO - 23/06/25 06:29:19 INFO SparkContext: Submitted application: arrow-spark
[2023-06-25T06:29:19.064+0000] {spark_submit.py:492} INFO - 23/06/25 06:29:19 INFO ResourceProfile: Default ResourceProfile created, executor resources: Map(cores -> name: cores, amount: 1, script: , vendor: , memory -> name: memory, amount: 1024, script: , vendor: , offHeap -> name: offHeap, amount: 0, script: , vendor: ), task resources: Map(cpus -> name: cpus, amount: 1.0)
[2023-06-25T06:29:19.090+0000] {spark_submit.py:492} INFO - 23/06/25 06:29:19 INFO ResourceProfile: Limiting resource is cpu
[2023-06-25T06:29:19.090+0000] {spark_submit.py:492} INFO - 23/06/25 06:29:19 INFO ResourceProfileManager: Added ResourceProfile id: 0
[2023-06-25T06:29:19.236+0000] {spark_submit.py:492} INFO - 23/06/25 06:29:19 INFO SecurityManager: Changing view acls to: default
[2023-06-25T06:29:19.237+0000] {spark_submit.py:492} INFO - 23/06/25 06:29:19 INFO SecurityManager: Changing modify acls to: default
[2023-06-25T06:29:19.238+0000] {spark_submit.py:492} INFO - 23/06/25 06:29:19 INFO SecurityManager: Changing view acls groups to:
[2023-06-25T06:29:19.239+0000] {spark_submit.py:492} INFO - 23/06/25 06:29:19 INFO SecurityManager: Changing modify acls groups to:
[2023-06-25T06:29:19.239+0000] {spark_submit.py:492} INFO - 23/06/25 06:29:19 INFO SecurityManager: SecurityManager: authentication disabled; ui acls disabled; users  with view permissions: Set(default); groups with view permissions: Set(); users  with modify permissions: Set(default); groups with modify permissions: Set()
[2023-06-25T06:29:19.717+0000] {spark_submit.py:492} INFO - 23/06/25 06:29:19 INFO Utils: Successfully started service 'sparkDriver' on port 46191.
[2023-06-25T06:29:19.746+0000] {spark_submit.py:492} INFO - 23/06/25 06:29:19 INFO SparkEnv: Registering MapOutputTracker
[2023-06-25T06:29:19.774+0000] {spark_submit.py:492} INFO - 23/06/25 06:29:19 INFO SparkEnv: Registering BlockManagerMaster
[2023-06-25T06:29:19.790+0000] {spark_submit.py:492} INFO - 23/06/25 06:29:19 INFO BlockManagerMasterEndpoint: Using org.apache.spark.storage.DefaultTopologyMapper for getting topology information
[2023-06-25T06:29:19.791+0000] {spark_submit.py:492} INFO - 23/06/25 06:29:19 INFO BlockManagerMasterEndpoint: BlockManagerMasterEndpoint up
[2023-06-25T06:29:19.796+0000] {spark_submit.py:492} INFO - 23/06/25 06:29:19 INFO SparkEnv: Registering BlockManagerMasterHeartbeat
[2023-06-25T06:29:19.824+0000] {spark_submit.py:492} INFO - 23/06/25 06:29:19 INFO DiskBlockManager: Created local directory at /tmp/blockmgr-ebdcbc55-dcb1-414b-b667-8902cd9374d5
[2023-06-25T06:29:19.842+0000] {spark_submit.py:492} INFO - 23/06/25 06:29:19 INFO MemoryStore: MemoryStore started with capacity 434.4 MiB
[2023-06-25T06:29:19.855+0000] {spark_submit.py:492} INFO - 23/06/25 06:29:19 INFO SparkEnv: Registering OutputCommitCoordinator
[2023-06-25T06:29:20.071+0000] {spark_submit.py:492} INFO - 23/06/25 06:29:20 INFO Utils: Successfully started service 'SparkUI' on port 4040.
[2023-06-25T06:29:20.210+0000] {spark_submit.py:492} INFO - 23/06/25 06:29:20 INFO SparkUI: Bound SparkUI to 0.0.0.0, and started at http://a8d69ab09d2d:4040
[2023-06-25T06:29:20.229+0000] {spark_submit.py:492} INFO - 23/06/25 06:29:20 INFO SparkContext: Added JAR local:///opt/bitnami/spark/jars/hadoop-aws-3.2.0.jar at file:/opt/bitnami/spark/jars/hadoop-aws-3.2.0.jar with timestamp 1687674558680
[2023-06-25T06:29:20.229+0000] {spark_submit.py:492} INFO - 23/06/25 06:29:20 INFO SparkContext: Added JAR local:///opt/bitnami/spark/jars/aws-java-sdk-bundle-1.11.375.jar at file:/opt/bitnami/spark/jars/aws-java-sdk-bundle-1.11.375.jar with timestamp 1687674558680
[2023-06-25T06:29:20.229+0000] {spark_submit.py:492} INFO - 23/06/25 06:29:20 INFO SparkContext: Added JAR local:///opt/bitnami/spark/jars/hadoop-common-3.2.0.jar at file:/opt/bitnami/spark/jars/hadoop-common-3.2.0.jar with timestamp 1687674558680
[2023-06-25T06:29:20.545+0000] {spark_submit.py:492} INFO - 23/06/25 06:29:20 INFO StandaloneAppClient$ClientEndpoint: Connecting to master spark://spark:7077...
[2023-06-25T06:29:20.616+0000] {spark_submit.py:492} INFO - 23/06/25 06:29:20 INFO TransportClientFactory: Successfully created connection to spark/172.19.0.11:7077 after 46 ms (0 ms spent in bootstraps)
[2023-06-25T06:29:20.769+0000] {spark_submit.py:492} INFO - 23/06/25 06:29:20 INFO StandaloneSchedulerBackend: Connected to Spark cluster with app ID app-20230625062920-0001
[2023-06-25T06:29:20.776+0000] {spark_submit.py:492} INFO - 23/06/25 06:29:20 INFO Utils: Successfully started service 'org.apache.spark.network.netty.NettyBlockTransferService' on port 38595.
[2023-06-25T06:29:20.777+0000] {spark_submit.py:492} INFO - 23/06/25 06:29:20 INFO NettyBlockTransferService: Server created on a8d69ab09d2d:38595
[2023-06-25T06:29:20.779+0000] {spark_submit.py:492} INFO - 23/06/25 06:29:20 INFO BlockManager: Using org.apache.spark.storage.RandomBlockReplicationPolicy for block replication policy
[2023-06-25T06:29:20.789+0000] {spark_submit.py:492} INFO - 23/06/25 06:29:20 INFO BlockManagerMaster: Registering BlockManager BlockManagerId(driver, a8d69ab09d2d, 38595, None)
[2023-06-25T06:29:20.794+0000] {spark_submit.py:492} INFO - 23/06/25 06:29:20 INFO BlockManagerMasterEndpoint: Registering block manager a8d69ab09d2d:38595 with 434.4 MiB RAM, BlockManagerId(driver, a8d69ab09d2d, 38595, None)
[2023-06-25T06:29:20.797+0000] {spark_submit.py:492} INFO - 23/06/25 06:29:20 INFO BlockManagerMaster: Registered BlockManager BlockManagerId(driver, a8d69ab09d2d, 38595, None)
[2023-06-25T06:29:20.798+0000] {spark_submit.py:492} INFO - 23/06/25 06:29:20 INFO BlockManager: Initialized BlockManager: BlockManagerId(driver, a8d69ab09d2d, 38595, None)
[2023-06-25T06:29:21.108+0000] {spark_submit.py:492} INFO - 23/06/25 06:29:21 INFO StandaloneSchedulerBackend: SchedulerBackend is ready for scheduling beginning after reached minRegisteredResourcesRatio: 0.0
[2023-06-25T06:29:21.564+0000] {spark_submit.py:492} INFO - 23/06/25 06:29:21 INFO SharedState: Setting hive.metastore.warehouse.dir ('null') to the value of spark.sql.warehouse.dir.
[2023-06-25T06:29:21.620+0000] {spark_submit.py:492} INFO - 23/06/25 06:29:21 INFO SharedState: Warehouse path is 'file:/opt/***/spark-warehouse'.
[2023-06-25T06:29:26.768+0000] {spark_submit.py:492} INFO - 23/06/25 06:29:26 INFO CodeGenerator: Code generated in 132.433646 ms
[2023-06-25T06:29:26.799+0000] {spark_submit.py:492} INFO - 23/06/25 06:29:26 INFO SparkContext: Starting job: showString at NativeMethodAccessorImpl.java:0
[2023-06-25T06:29:26.816+0000] {spark_submit.py:492} INFO - 23/06/25 06:29:26 INFO DAGScheduler: Got job 0 (showString at NativeMethodAccessorImpl.java:0) with 1 output partitions
[2023-06-25T06:29:26.817+0000] {spark_submit.py:492} INFO - 23/06/25 06:29:26 INFO DAGScheduler: Final stage: ResultStage 0 (showString at NativeMethodAccessorImpl.java:0)
[2023-06-25T06:29:26.817+0000] {spark_submit.py:492} INFO - 23/06/25 06:29:26 INFO DAGScheduler: Parents of final stage: List()
[2023-06-25T06:29:26.821+0000] {spark_submit.py:492} INFO - 23/06/25 06:29:26 INFO DAGScheduler: Missing parents: List()
[2023-06-25T06:29:26.836+0000] {spark_submit.py:492} INFO - 23/06/25 06:29:26 INFO DAGScheduler: Submitting ResultStage 0 (MapPartitionsRDD[6] at showString at NativeMethodAccessorImpl.java:0), which has no missing parents
[2023-06-25T06:29:26.956+0000] {spark_submit.py:492} INFO - 23/06/25 06:29:26 INFO MemoryStore: Block broadcast_0 stored as values in memory (estimated size 11.7 KiB, free 434.4 MiB)
[2023-06-25T06:29:26.987+0000] {spark_submit.py:492} INFO - 23/06/25 06:29:26 INFO MemoryStore: Block broadcast_0_piece0 stored as bytes in memory (estimated size 6.2 KiB, free 434.4 MiB)
[2023-06-25T06:29:26.989+0000] {spark_submit.py:492} INFO - 23/06/25 06:29:26 INFO BlockManagerInfo: Added broadcast_0_piece0 in memory on a8d69ab09d2d:38595 (size: 6.2 KiB, free: 434.4 MiB)
[2023-06-25T06:29:26.994+0000] {spark_submit.py:492} INFO - 23/06/25 06:29:26 INFO SparkContext: Created broadcast 0 from broadcast at DAGScheduler.scala:1427
[2023-06-25T06:29:27.008+0000] {spark_submit.py:492} INFO - 23/06/25 06:29:27 INFO DAGScheduler: Submitting 1 missing tasks from ResultStage 0 (MapPartitionsRDD[6] at showString at NativeMethodAccessorImpl.java:0) (first 15 tasks are for partitions Vector(0))
[2023-06-25T06:29:27.008+0000] {spark_submit.py:492} INFO - 23/06/25 06:29:27 INFO TaskSchedulerImpl: Adding task set 0.0 with 1 tasks resource profile 0
[2023-06-25T06:29:42.027+0000] {spark_submit.py:492} INFO - 23/06/25 06:29:42 WARN TaskSchedulerImpl: Initial job has not accepted any resources; check your cluster UI to ensure that workers are registered and have sufficient resources
[2023-06-25T06:29:57.025+0000] {spark_submit.py:492} INFO - 23/06/25 06:29:57 WARN TaskSchedulerImpl: Initial job has not accepted any resources; check your cluster UI to ensure that workers are registered and have sufficient resources
[2023-06-25T06:30:12.027+0000] {spark_submit.py:492} INFO - 23/06/25 06:30:12 WARN TaskSchedulerImpl: Initial job has not accepted any resources; check your cluster UI to ensure that workers are registered and have sufficient resources
[2023-06-25T06:30:27.026+0000] {spark_submit.py:492} INFO - 23/06/25 06:30:27 WARN TaskSchedulerImpl: Initial job has not accepted any resources; check your cluster UI to ensure that workers are registered and have sufficient resources
[2023-06-25T06:30:42.025+0000] {spark_submit.py:492} INFO - 23/06/25 06:30:42 WARN TaskSchedulerImpl: Initial job has not accepted any resources; check your cluster UI to ensure that workers are registered and have sufficient resources
[2023-06-25T06:30:57.025+0000] {spark_submit.py:492} INFO - 23/06/25 06:30:57 WARN TaskSchedulerImpl: Initial job has not accepted any resources; check your cluster UI to ensure that workers are registered and have sufficient resources
[2023-06-25T06:31:12.026+0000] {spark_submit.py:492} INFO - 23/06/25 06:31:12 WARN TaskSchedulerImpl: Initial job has not accepted any resources; check your cluster UI to ensure that workers are registered and have sufficient resources
[2023-06-25T06:31:27.026+0000] {spark_submit.py:492} INFO - 23/06/25 06:31:27 WARN TaskSchedulerImpl: Initial job has not accepted any resources; check your cluster UI to ensure that workers are registered and have sufficient resources
[2023-06-25T06:31:42.025+0000] {spark_submit.py:492} INFO - 23/06/25 06:31:42 WARN TaskSchedulerImpl: Initial job has not accepted any resources; check your cluster UI to ensure that workers are registered and have sufficient resources
[2023-06-25T06:31:55.025+0000] {spark_submit.py:492} INFO - 23/06/25 06:31:55 WARN StandaloneAppClient$ClientEndpoint: Connection to 6da71d3f5fb2:7077 failed; waiting for master to reconnect...
[2023-06-25T06:31:55.026+0000] {spark_submit.py:492} INFO - 23/06/25 06:31:55 WARN StandaloneSchedulerBackend: Disconnected from Spark cluster! Waiting for reconnection...
[2023-06-25T06:31:57.025+0000] {spark_submit.py:492} INFO - 23/06/25 06:31:57 WARN TaskSchedulerImpl: Initial job has not accepted any resources; check your cluster UI to ensure that workers are registered and have sufficient resources
[2023-06-25T06:32:12.026+0000] {spark_submit.py:492} INFO - 23/06/25 06:32:12 WARN TaskSchedulerImpl: Initial job has not accepted any resources; check your cluster UI to ensure that workers are registered and have sufficient resources
[2023-06-25T06:32:27.026+0000] {spark_submit.py:492} INFO - 23/06/25 06:32:27 WARN TaskSchedulerImpl: Initial job has not accepted any resources; check your cluster UI to ensure that workers are registered and have sufficient resources
[2023-06-25T06:32:42.025+0000] {spark_submit.py:492} INFO - 23/06/25 06:32:42 WARN TaskSchedulerImpl: Initial job has not accepted any resources; check your cluster UI to ensure that workers are registered and have sufficient resources
[2023-06-25T06:32:57.026+0000] {spark_submit.py:492} INFO - 23/06/25 06:32:57 WARN TaskSchedulerImpl: Initial job has not accepted any resources; check your cluster UI to ensure that workers are registered and have sufficient resources
[2023-06-25T06:33:12.026+0000] {spark_submit.py:492} INFO - 23/06/25 06:33:12 WARN TaskSchedulerImpl: Initial job has not accepted any resources; check your cluster UI to ensure that workers are registered and have sufficient resources
[2023-06-25T06:33:27.025+0000] {spark_submit.py:492} INFO - 23/06/25 06:33:27 WARN TaskSchedulerImpl: Initial job has not accepted any resources; check your cluster UI to ensure that workers are registered and have sufficient resources
[2023-06-25T06:33:42.025+0000] {spark_submit.py:492} INFO - 23/06/25 06:33:42 WARN TaskSchedulerImpl: Initial job has not accepted any resources; check your cluster UI to ensure that workers are registered and have sufficient resources
[2023-06-25T06:33:57.026+0000] {spark_submit.py:492} INFO - 23/06/25 06:33:57 WARN TaskSchedulerImpl: Initial job has not accepted any resources; check your cluster UI to ensure that workers are registered and have sufficient resources
[2023-06-25T06:34:12.025+0000] {spark_submit.py:492} INFO - 23/06/25 06:34:12 WARN TaskSchedulerImpl: Initial job has not accepted any resources; check your cluster UI to ensure that workers are registered and have sufficient resources
[2023-06-25T06:34:27.025+0000] {spark_submit.py:492} INFO - 23/06/25 06:34:27 WARN TaskSchedulerImpl: Initial job has not accepted any resources; check your cluster UI to ensure that workers are registered and have sufficient resources
[2023-06-25T06:34:42.026+0000] {spark_submit.py:492} INFO - 23/06/25 06:34:42 WARN TaskSchedulerImpl: Initial job has not accepted any resources; check your cluster UI to ensure that workers are registered and have sufficient resources
[2023-06-25T06:34:57.025+0000] {spark_submit.py:492} INFO - 23/06/25 06:34:57 WARN TaskSchedulerImpl: Initial job has not accepted any resources; check your cluster UI to ensure that workers are registered and have sufficient resources
[2023-06-25T06:35:12.025+0000] {spark_submit.py:492} INFO - 23/06/25 06:35:12 WARN TaskSchedulerImpl: Initial job has not accepted any resources; check your cluster UI to ensure that workers are registered and have sufficient resources
[2023-06-25T06:35:27.026+0000] {spark_submit.py:492} INFO - 23/06/25 06:35:27 WARN TaskSchedulerImpl: Initial job has not accepted any resources; check your cluster UI to ensure that workers are registered and have sufficient resources
[2023-06-25T06:35:42.025+0000] {spark_submit.py:492} INFO - 23/06/25 06:35:42 WARN TaskSchedulerImpl: Initial job has not accepted any resources; check your cluster UI to ensure that workers are registered and have sufficient resources
[2023-06-25T06:35:57.025+0000] {spark_submit.py:492} INFO - 23/06/25 06:35:57 WARN TaskSchedulerImpl: Initial job has not accepted any resources; check your cluster UI to ensure that workers are registered and have sufficient resources
[2023-06-25T06:36:12.026+0000] {spark_submit.py:492} INFO - 23/06/25 06:36:12 WARN TaskSchedulerImpl: Initial job has not accepted any resources; check your cluster UI to ensure that workers are registered and have sufficient resources
[2023-06-25T06:36:27.025+0000] {spark_submit.py:492} INFO - 23/06/25 06:36:27 WARN TaskSchedulerImpl: Initial job has not accepted any resources; check your cluster UI to ensure that workers are registered and have sufficient resources
[2023-06-25T06:36:42.026+0000] {spark_submit.py:492} INFO - 23/06/25 06:36:42 WARN TaskSchedulerImpl: Initial job has not accepted any resources; check your cluster UI to ensure that workers are registered and have sufficient resources
[2023-06-25T06:36:57.025+0000] {spark_submit.py:492} INFO - 23/06/25 06:36:57 WARN TaskSchedulerImpl: Initial job has not accepted any resources; check your cluster UI to ensure that workers are registered and have sufficient resources
[2023-06-25T06:37:12.025+0000] {spark_submit.py:492} INFO - 23/06/25 06:37:12 WARN TaskSchedulerImpl: Initial job has not accepted any resources; check your cluster UI to ensure that workers are registered and have sufficient resources
[2023-06-25T06:37:27.025+0000] {spark_submit.py:492} INFO - 23/06/25 06:37:27 WARN TaskSchedulerImpl: Initial job has not accepted any resources; check your cluster UI to ensure that workers are registered and have sufficient resources
[2023-06-25T06:37:42.026+0000] {spark_submit.py:492} INFO - 23/06/25 06:37:42 WARN TaskSchedulerImpl: Initial job has not accepted any resources; check your cluster UI to ensure that workers are registered and have sufficient resources
[2023-06-25T06:37:57.025+0000] {spark_submit.py:492} INFO - 23/06/25 06:37:57 WARN TaskSchedulerImpl: Initial job has not accepted any resources; check your cluster UI to ensure that workers are registered and have sufficient resources
[2023-06-25T06:38:12.025+0000] {spark_submit.py:492} INFO - 23/06/25 06:38:12 WARN TaskSchedulerImpl: Initial job has not accepted any resources; check your cluster UI to ensure that workers are registered and have sufficient resources
[2023-06-25T06:38:27.026+0000] {spark_submit.py:492} INFO - 23/06/25 06:38:27 WARN TaskSchedulerImpl: Initial job has not accepted any resources; check your cluster UI to ensure that workers are registered and have sufficient resources
[2023-06-25T06:38:42.025+0000] {spark_submit.py:492} INFO - 23/06/25 06:38:42 WARN TaskSchedulerImpl: Initial job has not accepted any resources; check your cluster UI to ensure that workers are registered and have sufficient resources
[2023-06-25T06:38:57.025+0000] {spark_submit.py:492} INFO - 23/06/25 06:38:57 WARN TaskSchedulerImpl: Initial job has not accepted any resources; check your cluster UI to ensure that workers are registered and have sufficient resources
[2023-06-25T06:39:12.026+0000] {spark_submit.py:492} INFO - 23/06/25 06:39:12 WARN TaskSchedulerImpl: Initial job has not accepted any resources; check your cluster UI to ensure that workers are registered and have sufficient resources
[2023-06-25T06:39:27.025+0000] {spark_submit.py:492} INFO - 23/06/25 06:39:27 WARN TaskSchedulerImpl: Initial job has not accepted any resources; check your cluster UI to ensure that workers are registered and have sufficient resources
[2023-06-25T06:39:42.026+0000] {spark_submit.py:492} INFO - 23/06/25 06:39:42 WARN TaskSchedulerImpl: Initial job has not accepted any resources; check your cluster UI to ensure that workers are registered and have sufficient resources
[2023-06-25T06:39:57.026+0000] {spark_submit.py:492} INFO - 23/06/25 06:39:57 WARN TaskSchedulerImpl: Initial job has not accepted any resources; check your cluster UI to ensure that workers are registered and have sufficient resources
[2023-06-25T06:40:12.025+0000] {spark_submit.py:492} INFO - 23/06/25 06:40:12 WARN TaskSchedulerImpl: Initial job has not accepted any resources; check your cluster UI to ensure that workers are registered and have sufficient resources
[2023-06-25T06:40:27.025+0000] {spark_submit.py:492} INFO - 23/06/25 06:40:27 WARN TaskSchedulerImpl: Initial job has not accepted any resources; check your cluster UI to ensure that workers are registered and have sufficient resources
[2023-06-25T06:40:42.026+0000] {spark_submit.py:492} INFO - 23/06/25 06:40:42 WARN TaskSchedulerImpl: Initial job has not accepted any resources; check your cluster UI to ensure that workers are registered and have sufficient resources
[2023-06-25T06:40:57.025+0000] {spark_submit.py:492} INFO - 23/06/25 06:40:57 WARN TaskSchedulerImpl: Initial job has not accepted any resources; check your cluster UI to ensure that workers are registered and have sufficient resources
[2023-06-25T06:41:12.025+0000] {spark_submit.py:492} INFO - 23/06/25 06:41:12 WARN TaskSchedulerImpl: Initial job has not accepted any resources; check your cluster UI to ensure that workers are registered and have sufficient resources
[2023-06-25T06:41:27.026+0000] {spark_submit.py:492} INFO - 23/06/25 06:41:27 WARN TaskSchedulerImpl: Initial job has not accepted any resources; check your cluster UI to ensure that workers are registered and have sufficient resources
[2023-06-25T06:41:42.025+0000] {spark_submit.py:492} INFO - 23/06/25 06:41:42 WARN TaskSchedulerImpl: Initial job has not accepted any resources; check your cluster UI to ensure that workers are registered and have sufficient resources
[2023-06-25T06:41:57.025+0000] {spark_submit.py:492} INFO - 23/06/25 06:41:57 WARN TaskSchedulerImpl: Initial job has not accepted any resources; check your cluster UI to ensure that workers are registered and have sufficient resources
[2023-06-25T06:42:12.025+0000] {spark_submit.py:492} INFO - 23/06/25 06:42:12 WARN TaskSchedulerImpl: Initial job has not accepted any resources; check your cluster UI to ensure that workers are registered and have sufficient resources
[2023-06-25T06:42:27.026+0000] {spark_submit.py:492} INFO - 23/06/25 06:42:27 WARN TaskSchedulerImpl: Initial job has not accepted any resources; check your cluster UI to ensure that workers are registered and have sufficient resources
[2023-06-25T06:42:42.025+0000] {spark_submit.py:492} INFO - 23/06/25 06:42:42 WARN TaskSchedulerImpl: Initial job has not accepted any resources; check your cluster UI to ensure that workers are registered and have sufficient resources
[2023-06-25T06:42:57.025+0000] {spark_submit.py:492} INFO - 23/06/25 06:42:57 WARN TaskSchedulerImpl: Initial job has not accepted any resources; check your cluster UI to ensure that workers are registered and have sufficient resources
[2023-06-25T06:43:12.026+0000] {spark_submit.py:492} INFO - 23/06/25 06:43:12 WARN TaskSchedulerImpl: Initial job has not accepted any resources; check your cluster UI to ensure that workers are registered and have sufficient resources
[2023-06-25T06:43:27.025+0000] {spark_submit.py:492} INFO - 23/06/25 06:43:27 WARN TaskSchedulerImpl: Initial job has not accepted any resources; check your cluster UI to ensure that workers are registered and have sufficient resources
[2023-06-25T06:43:42.025+0000] {spark_submit.py:492} INFO - 23/06/25 06:43:42 WARN TaskSchedulerImpl: Initial job has not accepted any resources; check your cluster UI to ensure that workers are registered and have sufficient resources
[2023-06-25T06:43:57.026+0000] {spark_submit.py:492} INFO - 23/06/25 06:43:57 WARN TaskSchedulerImpl: Initial job has not accepted any resources; check your cluster UI to ensure that workers are registered and have sufficient resources
[2023-06-25T06:44:12.025+0000] {spark_submit.py:492} INFO - 23/06/25 06:44:12 WARN TaskSchedulerImpl: Initial job has not accepted any resources; check your cluster UI to ensure that workers are registered and have sufficient resources
[2023-06-25T06:44:27.025+0000] {spark_submit.py:492} INFO - 23/06/25 06:44:27 WARN TaskSchedulerImpl: Initial job has not accepted any resources; check your cluster UI to ensure that workers are registered and have sufficient resources
[2023-06-25T06:44:42.026+0000] {spark_submit.py:492} INFO - 23/06/25 06:44:42 WARN TaskSchedulerImpl: Initial job has not accepted any resources; check your cluster UI to ensure that workers are registered and have sufficient resources
[2023-06-25T06:44:57.025+0000] {spark_submit.py:492} INFO - 23/06/25 06:44:57 WARN TaskSchedulerImpl: Initial job has not accepted any resources; check your cluster UI to ensure that workers are registered and have sufficient resources
[2023-06-25T06:45:12.025+0000] {spark_submit.py:492} INFO - 23/06/25 06:45:12 WARN TaskSchedulerImpl: Initial job has not accepted any resources; check your cluster UI to ensure that workers are registered and have sufficient resources
[2023-06-25T06:45:27.026+0000] {spark_submit.py:492} INFO - 23/06/25 06:45:27 WARN TaskSchedulerImpl: Initial job has not accepted any resources; check your cluster UI to ensure that workers are registered and have sufficient resources
[2023-06-25T06:45:42.026+0000] {spark_submit.py:492} INFO - 23/06/25 06:45:42 WARN TaskSchedulerImpl: Initial job has not accepted any resources; check your cluster UI to ensure that workers are registered and have sufficient resources
[2023-06-25T06:45:57.025+0000] {spark_submit.py:492} INFO - 23/06/25 06:45:57 WARN TaskSchedulerImpl: Initial job has not accepted any resources; check your cluster UI to ensure that workers are registered and have sufficient resources
[2023-06-25T06:46:12.025+0000] {spark_submit.py:492} INFO - 23/06/25 06:46:12 WARN TaskSchedulerImpl: Initial job has not accepted any resources; check your cluster UI to ensure that workers are registered and have sufficient resources
[2023-06-25T06:46:27.026+0000] {spark_submit.py:492} INFO - 23/06/25 06:46:27 WARN TaskSchedulerImpl: Initial job has not accepted any resources; check your cluster UI to ensure that workers are registered and have sufficient resources
[2023-06-25T06:46:42.025+0000] {spark_submit.py:492} INFO - 23/06/25 06:46:42 WARN TaskSchedulerImpl: Initial job has not accepted any resources; check your cluster UI to ensure that workers are registered and have sufficient resources
[2023-06-25T06:46:57.025+0000] {spark_submit.py:492} INFO - 23/06/25 06:46:57 WARN TaskSchedulerImpl: Initial job has not accepted any resources; check your cluster UI to ensure that workers are registered and have sufficient resources
[2023-06-25T06:47:12.026+0000] {spark_submit.py:492} INFO - 23/06/25 06:47:12 WARN TaskSchedulerImpl: Initial job has not accepted any resources; check your cluster UI to ensure that workers are registered and have sufficient resources
[2023-06-25T06:47:27.026+0000] {spark_submit.py:492} INFO - 23/06/25 06:47:27 WARN TaskSchedulerImpl: Initial job has not accepted any resources; check your cluster UI to ensure that workers are registered and have sufficient resources
[2023-06-25T06:47:42.025+0000] {spark_submit.py:492} INFO - 23/06/25 06:47:42 WARN TaskSchedulerImpl: Initial job has not accepted any resources; check your cluster UI to ensure that workers are registered and have sufficient resources
[2023-06-25T06:47:57.025+0000] {spark_submit.py:492} INFO - 23/06/25 06:47:57 WARN TaskSchedulerImpl: Initial job has not accepted any resources; check your cluster UI to ensure that workers are registered and have sufficient resources
[2023-06-25T06:48:12.026+0000] {spark_submit.py:492} INFO - 23/06/25 06:48:12 WARN TaskSchedulerImpl: Initial job has not accepted any resources; check your cluster UI to ensure that workers are registered and have sufficient resources
[2023-06-25T06:48:27.026+0000] {spark_submit.py:492} INFO - 23/06/25 06:48:27 WARN TaskSchedulerImpl: Initial job has not accepted any resources; check your cluster UI to ensure that workers are registered and have sufficient resources
[2023-06-25T06:48:42.025+0000] {spark_submit.py:492} INFO - 23/06/25 06:48:42 WARN TaskSchedulerImpl: Initial job has not accepted any resources; check your cluster UI to ensure that workers are registered and have sufficient resources
[2023-06-25T06:48:57.026+0000] {spark_submit.py:492} INFO - 23/06/25 06:48:57 WARN TaskSchedulerImpl: Initial job has not accepted any resources; check your cluster UI to ensure that workers are registered and have sufficient resources
[2023-06-25T06:49:12.025+0000] {spark_submit.py:492} INFO - 23/06/25 06:49:12 WARN TaskSchedulerImpl: Initial job has not accepted any resources; check your cluster UI to ensure that workers are registered and have sufficient resources
[2023-06-25T06:49:27.025+0000] {spark_submit.py:492} INFO - 23/06/25 06:49:27 WARN TaskSchedulerImpl: Initial job has not accepted any resources; check your cluster UI to ensure that workers are registered and have sufficient resources
[2023-06-25T06:49:42.025+0000] {spark_submit.py:492} INFO - 23/06/25 06:49:42 WARN TaskSchedulerImpl: Initial job has not accepted any resources; check your cluster UI to ensure that workers are registered and have sufficient resources
[2023-06-25T06:49:57.026+0000] {spark_submit.py:492} INFO - 23/06/25 06:49:57 WARN TaskSchedulerImpl: Initial job has not accepted any resources; check your cluster UI to ensure that workers are registered and have sufficient resources
[2023-06-25T06:50:12.025+0000] {spark_submit.py:492} INFO - 23/06/25 06:50:12 WARN TaskSchedulerImpl: Initial job has not accepted any resources; check your cluster UI to ensure that workers are registered and have sufficient resources
[2023-06-25T06:50:27.025+0000] {spark_submit.py:492} INFO - 23/06/25 06:50:27 WARN TaskSchedulerImpl: Initial job has not accepted any resources; check your cluster UI to ensure that workers are registered and have sufficient resources
[2023-06-25T06:50:42.026+0000] {spark_submit.py:492} INFO - 23/06/25 06:50:42 WARN TaskSchedulerImpl: Initial job has not accepted any resources; check your cluster UI to ensure that workers are registered and have sufficient resources
[2023-06-25T06:50:57.025+0000] {spark_submit.py:492} INFO - 23/06/25 06:50:57 WARN TaskSchedulerImpl: Initial job has not accepted any resources; check your cluster UI to ensure that workers are registered and have sufficient resources
[2023-06-25T06:51:12.025+0000] {spark_submit.py:492} INFO - 23/06/25 06:51:12 WARN TaskSchedulerImpl: Initial job has not accepted any resources; check your cluster UI to ensure that workers are registered and have sufficient resources
[2023-06-25T06:51:27.026+0000] {spark_submit.py:492} INFO - 23/06/25 06:51:27 WARN TaskSchedulerImpl: Initial job has not accepted any resources; check your cluster UI to ensure that workers are registered and have sufficient resources
[2023-06-25T06:51:42.025+0000] {spark_submit.py:492} INFO - 23/06/25 06:51:42 WARN TaskSchedulerImpl: Initial job has not accepted any resources; check your cluster UI to ensure that workers are registered and have sufficient resources
[2023-06-25T06:51:57.025+0000] {spark_submit.py:492} INFO - 23/06/25 06:51:57 WARN TaskSchedulerImpl: Initial job has not accepted any resources; check your cluster UI to ensure that workers are registered and have sufficient resources
[2023-06-25T06:52:12.026+0000] {spark_submit.py:492} INFO - 23/06/25 06:52:12 WARN TaskSchedulerImpl: Initial job has not accepted any resources; check your cluster UI to ensure that workers are registered and have sufficient resources
[2023-06-25T06:52:27.025+0000] {spark_submit.py:492} INFO - 23/06/25 06:52:27 WARN TaskSchedulerImpl: Initial job has not accepted any resources; check your cluster UI to ensure that workers are registered and have sufficient resources
[2023-06-25T06:52:42.025+0000] {spark_submit.py:492} INFO - 23/06/25 06:52:42 WARN TaskSchedulerImpl: Initial job has not accepted any resources; check your cluster UI to ensure that workers are registered and have sufficient resources
[2023-06-25T06:52:57.025+0000] {spark_submit.py:492} INFO - 23/06/25 06:52:57 WARN TaskSchedulerImpl: Initial job has not accepted any resources; check your cluster UI to ensure that workers are registered and have sufficient resources
[2023-06-25T06:53:12.026+0000] {spark_submit.py:492} INFO - 23/06/25 06:53:12 WARN TaskSchedulerImpl: Initial job has not accepted any resources; check your cluster UI to ensure that workers are registered and have sufficient resources
[2023-06-25T06:53:27.025+0000] {spark_submit.py:492} INFO - 23/06/25 06:53:27 WARN TaskSchedulerImpl: Initial job has not accepted any resources; check your cluster UI to ensure that workers are registered and have sufficient resources
[2023-06-25T06:53:42.026+0000] {spark_submit.py:492} INFO - 23/06/25 06:53:42 WARN TaskSchedulerImpl: Initial job has not accepted any resources; check your cluster UI to ensure that workers are registered and have sufficient resources
[2023-06-25T06:53:57.026+0000] {spark_submit.py:492} INFO - 23/06/25 06:53:57 WARN TaskSchedulerImpl: Initial job has not accepted any resources; check your cluster UI to ensure that workers are registered and have sufficient resources
[2023-06-25T06:54:12.025+0000] {spark_submit.py:492} INFO - 23/06/25 06:54:12 WARN TaskSchedulerImpl: Initial job has not accepted any resources; check your cluster UI to ensure that workers are registered and have sufficient resources
[2023-06-25T06:54:27.026+0000] {spark_submit.py:492} INFO - 23/06/25 06:54:27 WARN TaskSchedulerImpl: Initial job has not accepted any resources; check your cluster UI to ensure that workers are registered and have sufficient resources
[2023-06-25T06:54:42.025+0000] {spark_submit.py:492} INFO - 23/06/25 06:54:42 WARN TaskSchedulerImpl: Initial job has not accepted any resources; check your cluster UI to ensure that workers are registered and have sufficient resources
[2023-06-25T06:54:57.025+0000] {spark_submit.py:492} INFO - 23/06/25 06:54:57 WARN TaskSchedulerImpl: Initial job has not accepted any resources; check your cluster UI to ensure that workers are registered and have sufficient resources
[2023-06-25T06:55:12.026+0000] {spark_submit.py:492} INFO - 23/06/25 06:55:12 WARN TaskSchedulerImpl: Initial job has not accepted any resources; check your cluster UI to ensure that workers are registered and have sufficient resources
[2023-06-25T06:55:27.025+0000] {spark_submit.py:492} INFO - 23/06/25 06:55:27 WARN TaskSchedulerImpl: Initial job has not accepted any resources; check your cluster UI to ensure that workers are registered and have sufficient resources
[2023-06-25T06:55:42.025+0000] {spark_submit.py:492} INFO - 23/06/25 06:55:42 WARN TaskSchedulerImpl: Initial job has not accepted any resources; check your cluster UI to ensure that workers are registered and have sufficient resources
[2023-06-25T06:55:57.025+0000] {spark_submit.py:492} INFO - 23/06/25 06:55:57 WARN TaskSchedulerImpl: Initial job has not accepted any resources; check your cluster UI to ensure that workers are registered and have sufficient resources
[2023-06-25T06:56:12.026+0000] {spark_submit.py:492} INFO - 23/06/25 06:56:12 WARN TaskSchedulerImpl: Initial job has not accepted any resources; check your cluster UI to ensure that workers are registered and have sufficient resources
[2023-06-25T06:56:27.025+0000] {spark_submit.py:492} INFO - 23/06/25 06:56:27 WARN TaskSchedulerImpl: Initial job has not accepted any resources; check your cluster UI to ensure that workers are registered and have sufficient resources
[2023-06-25T06:56:42.025+0000] {spark_submit.py:492} INFO - 23/06/25 06:56:42 WARN TaskSchedulerImpl: Initial job has not accepted any resources; check your cluster UI to ensure that workers are registered and have sufficient resources
[2023-06-25T06:56:57.026+0000] {spark_submit.py:492} INFO - 23/06/25 06:56:57 WARN TaskSchedulerImpl: Initial job has not accepted any resources; check your cluster UI to ensure that workers are registered and have sufficient resources
[2023-06-25T06:57:12.025+0000] {spark_submit.py:492} INFO - 23/06/25 06:57:12 WARN TaskSchedulerImpl: Initial job has not accepted any resources; check your cluster UI to ensure that workers are registered and have sufficient resources
[2023-06-25T06:57:27.025+0000] {spark_submit.py:492} INFO - 23/06/25 06:57:27 WARN TaskSchedulerImpl: Initial job has not accepted any resources; check your cluster UI to ensure that workers are registered and have sufficient resources
[2023-06-25T06:57:42.026+0000] {spark_submit.py:492} INFO - 23/06/25 06:57:42 WARN TaskSchedulerImpl: Initial job has not accepted any resources; check your cluster UI to ensure that workers are registered and have sufficient resources
[2023-06-25T06:57:57.025+0000] {spark_submit.py:492} INFO - 23/06/25 06:57:57 WARN TaskSchedulerImpl: Initial job has not accepted any resources; check your cluster UI to ensure that workers are registered and have sufficient resources
[2023-06-25T06:58:12.026+0000] {spark_submit.py:492} INFO - 23/06/25 06:58:12 WARN TaskSchedulerImpl: Initial job has not accepted any resources; check your cluster UI to ensure that workers are registered and have sufficient resources
[2023-06-25T06:58:27.026+0000] {spark_submit.py:492} INFO - 23/06/25 06:58:27 WARN TaskSchedulerImpl: Initial job has not accepted any resources; check your cluster UI to ensure that workers are registered and have sufficient resources
[2023-06-25T06:58:42.025+0000] {spark_submit.py:492} INFO - 23/06/25 06:58:42 WARN TaskSchedulerImpl: Initial job has not accepted any resources; check your cluster UI to ensure that workers are registered and have sufficient resources
[2023-06-25T06:58:57.026+0000] {spark_submit.py:492} INFO - 23/06/25 06:58:57 WARN TaskSchedulerImpl: Initial job has not accepted any resources; check your cluster UI to ensure that workers are registered and have sufficient resources
[2023-06-25T06:59:12.025+0000] {spark_submit.py:492} INFO - 23/06/25 06:59:12 WARN TaskSchedulerImpl: Initial job has not accepted any resources; check your cluster UI to ensure that workers are registered and have sufficient resources
[2023-06-25T06:59:27.026+0000] {spark_submit.py:492} INFO - 23/06/25 06:59:27 WARN TaskSchedulerImpl: Initial job has not accepted any resources; check your cluster UI to ensure that workers are registered and have sufficient resources
[2023-06-25T06:59:42.025+0000] {spark_submit.py:492} INFO - 23/06/25 06:59:42 WARN TaskSchedulerImpl: Initial job has not accepted any resources; check your cluster UI to ensure that workers are registered and have sufficient resources
[2023-06-25T06:59:57.025+0000] {spark_submit.py:492} INFO - 23/06/25 06:59:57 WARN TaskSchedulerImpl: Initial job has not accepted any resources; check your cluster UI to ensure that workers are registered and have sufficient resources
[2023-06-25T07:00:12.026+0000] {spark_submit.py:492} INFO - 23/06/25 07:00:12 WARN TaskSchedulerImpl: Initial job has not accepted any resources; check your cluster UI to ensure that workers are registered and have sufficient resources
[2023-06-25T07:00:27.025+0000] {spark_submit.py:492} INFO - 23/06/25 07:00:27 WARN TaskSchedulerImpl: Initial job has not accepted any resources; check your cluster UI to ensure that workers are registered and have sufficient resources
[2023-06-25T07:00:42.025+0000] {spark_submit.py:492} INFO - 23/06/25 07:00:42 WARN TaskSchedulerImpl: Initial job has not accepted any resources; check your cluster UI to ensure that workers are registered and have sufficient resources
[2023-06-25T07:00:57.025+0000] {spark_submit.py:492} INFO - 23/06/25 07:00:57 WARN TaskSchedulerImpl: Initial job has not accepted any resources; check your cluster UI to ensure that workers are registered and have sufficient resources
[2023-06-25T07:01:12.026+0000] {spark_submit.py:492} INFO - 23/06/25 07:01:12 WARN TaskSchedulerImpl: Initial job has not accepted any resources; check your cluster UI to ensure that workers are registered and have sufficient resources
