[2023-06-24T16:38:23.605+0000] {taskinstance.py:1084} INFO - Dependencies all met for dep_context=non-requeueable deps ti=<TaskInstance: spark_etl_minio_v3.spark_submit_task manual__2023-06-24T16:38:22.562262+00:00 [queued]>
[2023-06-24T16:38:23.619+0000] {taskinstance.py:1084} INFO - Dependencies all met for dep_context=requeueable deps ti=<TaskInstance: spark_etl_minio_v3.spark_submit_task manual__2023-06-24T16:38:22.562262+00:00 [queued]>
[2023-06-24T16:38:23.620+0000] {taskinstance.py:1282} INFO - 
--------------------------------------------------------------------------------
[2023-06-24T16:38:23.620+0000] {taskinstance.py:1283} INFO - Starting attempt 1 of 6
[2023-06-24T16:38:23.620+0000] {taskinstance.py:1284} INFO - 
--------------------------------------------------------------------------------
[2023-06-24T16:38:23.639+0000] {taskinstance.py:1303} INFO - Executing <Task(SparkSubmitOperator): spark_submit_task> on 2023-06-24 16:38:22.562262+00:00
[2023-06-24T16:38:23.645+0000] {standard_task_runner.py:55} INFO - Started process 6611 to run task
[2023-06-24T16:38:23.651+0000] {standard_task_runner.py:82} INFO - Running: ['***', 'tasks', 'run', 'spark_etl_minio_v3', 'spark_submit_task', 'manual__2023-06-24T16:38:22.562262+00:00', '--job-id', '107', '--raw', '--subdir', 'DAGS_FOLDER/spark_job_minio.py', '--cfg-path', '/tmp/tmpmiht2bve']
[2023-06-24T16:38:23.652+0000] {standard_task_runner.py:83} INFO - Job 107: Subtask spark_submit_task
[2023-06-24T16:38:23.670+0000] {warnings.py:109} WARNING - /home/***/.local/lib/python3.8/site-packages/***/settings.py:250: DeprecationWarning: The sql_alchemy_conn option in [core] has been moved to the sql_alchemy_conn option in [database] - the old setting has been used, but please update your config.
  SQL_ALCHEMY_CONN = conf.get("database", "SQL_ALCHEMY_CONN")

[2023-06-24T16:38:23.733+0000] {task_command.py:388} INFO - Running <TaskInstance: spark_etl_minio_v3.spark_submit_task manual__2023-06-24T16:38:22.562262+00:00 [running]> on host a8d69ab09d2d
[2023-06-24T16:38:23.830+0000] {taskinstance.py:1509} INFO - Exporting the following env vars:
AIRFLOW_CTX_DAG_OWNER=***
AIRFLOW_CTX_DAG_ID=spark_etl_minio_v3
AIRFLOW_CTX_TASK_ID=spark_submit_task
AIRFLOW_CTX_EXECUTION_DATE=2023-06-24T16:38:22.562262+00:00
AIRFLOW_CTX_TRY_NUMBER=1
AIRFLOW_CTX_DAG_RUN_ID=manual__2023-06-24T16:38:22.562262+00:00
[2023-06-24T16:38:23.845+0000] {base.py:73} INFO - Using connection ID 'spark_minio' for task execution.
[2023-06-24T16:38:23.846+0000] {spark_submit.py:341} INFO - Spark-Submit cmd: spark-submit --master spark://spark:7077 --jars /opt/bitnami/spark/jars/hadoop-aws-3.2.0.jar, /opt/bitnami/spark/jars/hadoop-aws-3.2.0.jar --name arrow-spark /opt/***/dags/spark_etl_spark_minio.py
[2023-06-24T16:38:25.442+0000] {spark_submit.py:492} INFO - WARNING: An illegal reflective access operation has occurred
[2023-06-24T16:38:25.443+0000] {spark_submit.py:492} INFO - WARNING: Illegal reflective access by org.apache.spark.unsafe.Platform (file:/opt/spark/jars/spark-unsafe_2.12-3.2.0.jar) to constructor java.nio.DirectByteBuffer(long,int)
[2023-06-24T16:38:25.443+0000] {spark_submit.py:492} INFO - WARNING: Please consider reporting this to the maintainers of org.apache.spark.unsafe.Platform
[2023-06-24T16:38:25.443+0000] {spark_submit.py:492} INFO - WARNING: Use --illegal-access=warn to enable warnings of further illegal reflective access operations
[2023-06-24T16:38:25.443+0000] {spark_submit.py:492} INFO - WARNING: All illegal access operations will be denied in a future release
[2023-06-24T16:38:25.880+0000] {spark_submit.py:492} INFO - 23/06/24 16:38:25 WARN NativeCodeLoader: Unable to load native-hadoop library for your platform... using builtin-java classes where applicable
[2023-06-24T16:38:26.191+0000] {spark_submit.py:492} INFO - Using Spark's default log4j profile: org/apache/spark/log4j-defaults.properties
[2023-06-24T16:38:26.192+0000] {spark_submit.py:492} INFO - 23/06/24 16:38:26 WARN DependencyUtils: Local jar /opt/bitnami/spark/jars/hadoop-aws-3.2.0.jar does not exist, skipping.
[2023-06-24T16:38:26.192+0000] {spark_submit.py:492} INFO - 23/06/24 16:38:26 WARN DependencyUtils: Local jar /opt/***/ /opt/bitnami/spark/jars/hadoop-aws-3.2.0.jar does not exist, skipping.
[2023-06-24T16:38:27.390+0000] {spark_submit.py:492} INFO - 23/06/24 16:38:27 INFO SparkContext: Running Spark version 3.2.0
[2023-06-24T16:38:27.431+0000] {spark_submit.py:492} INFO - 23/06/24 16:38:27 INFO ResourceUtils: ==============================================================
[2023-06-24T16:38:27.431+0000] {spark_submit.py:492} INFO - 23/06/24 16:38:27 INFO ResourceUtils: No custom resources configured for spark.driver.
[2023-06-24T16:38:27.432+0000] {spark_submit.py:492} INFO - 23/06/24 16:38:27 INFO ResourceUtils: ==============================================================
[2023-06-24T16:38:27.432+0000] {spark_submit.py:492} INFO - 23/06/24 16:38:27 INFO SparkContext: Submitted application: arrow-spark
[2023-06-24T16:38:27.476+0000] {spark_submit.py:492} INFO - 23/06/24 16:38:27 INFO ResourceProfile: Default ResourceProfile created, executor resources: Map(cores -> name: cores, amount: 1, script: , vendor: , memory -> name: memory, amount: 1024, script: , vendor: , offHeap -> name: offHeap, amount: 0, script: , vendor: ), task resources: Map(cpus -> name: cpus, amount: 1.0)
[2023-06-24T16:38:27.496+0000] {spark_submit.py:492} INFO - 23/06/24 16:38:27 INFO ResourceProfile: Limiting resource is cpu
[2023-06-24T16:38:27.497+0000] {spark_submit.py:492} INFO - 23/06/24 16:38:27 INFO ResourceProfileManager: Added ResourceProfile id: 0
[2023-06-24T16:38:27.554+0000] {spark_submit.py:492} INFO - 23/06/24 16:38:27 INFO SecurityManager: Changing view acls to: default
[2023-06-24T16:38:27.555+0000] {spark_submit.py:492} INFO - 23/06/24 16:38:27 INFO SecurityManager: Changing modify acls to: default
[2023-06-24T16:38:27.555+0000] {spark_submit.py:492} INFO - 23/06/24 16:38:27 INFO SecurityManager: Changing view acls groups to:
[2023-06-24T16:38:27.556+0000] {spark_submit.py:492} INFO - 23/06/24 16:38:27 INFO SecurityManager: Changing modify acls groups to:
[2023-06-24T16:38:27.556+0000] {spark_submit.py:492} INFO - 23/06/24 16:38:27 INFO SecurityManager: SecurityManager: authentication disabled; ui acls disabled; users  with view permissions: Set(default); groups with view permissions: Set(); users  with modify permissions: Set(default); groups with modify permissions: Set()
[2023-06-24T16:38:27.824+0000] {spark_submit.py:492} INFO - 23/06/24 16:38:27 INFO Utils: Successfully started service 'sparkDriver' on port 36543.
[2023-06-24T16:38:27.858+0000] {spark_submit.py:492} INFO - 23/06/24 16:38:27 INFO SparkEnv: Registering MapOutputTracker
[2023-06-24T16:38:27.886+0000] {spark_submit.py:492} INFO - 23/06/24 16:38:27 INFO SparkEnv: Registering BlockManagerMaster
[2023-06-24T16:38:27.905+0000] {spark_submit.py:492} INFO - 23/06/24 16:38:27 INFO BlockManagerMasterEndpoint: Using org.apache.spark.storage.DefaultTopologyMapper for getting topology information
[2023-06-24T16:38:27.906+0000] {spark_submit.py:492} INFO - 23/06/24 16:38:27 INFO BlockManagerMasterEndpoint: BlockManagerMasterEndpoint up
[2023-06-24T16:38:27.910+0000] {spark_submit.py:492} INFO - 23/06/24 16:38:27 INFO SparkEnv: Registering BlockManagerMasterHeartbeat
[2023-06-24T16:38:27.930+0000] {spark_submit.py:492} INFO - 23/06/24 16:38:27 INFO DiskBlockManager: Created local directory at /tmp/blockmgr-398289cb-5bd2-4f45-b3f5-ee3727c3f3ab
[2023-06-24T16:38:27.954+0000] {spark_submit.py:492} INFO - 23/06/24 16:38:27 INFO MemoryStore: MemoryStore started with capacity 434.4 MiB
[2023-06-24T16:38:27.973+0000] {spark_submit.py:492} INFO - 23/06/24 16:38:27 INFO SparkEnv: Registering OutputCommitCoordinator
[2023-06-24T16:38:28.232+0000] {spark_submit.py:492} INFO - 23/06/24 16:38:28 INFO Utils: Successfully started service 'SparkUI' on port 4040.
[2023-06-24T16:38:28.349+0000] {spark_submit.py:492} INFO - 23/06/24 16:38:28 INFO SparkUI: Bound SparkUI to 0.0.0.0, and started at http://a8d69ab09d2d:4040
[2023-06-24T16:38:28.370+0000] {spark_submit.py:492} INFO - 23/06/24 16:38:28 ERROR SparkContext: Failed to add file:/opt/bitnami/spark/jars/hadoop-aws-3.2.0.jar to Spark environment
[2023-06-24T16:38:28.370+0000] {spark_submit.py:492} INFO - java.io.FileNotFoundException: Jar /opt/bitnami/spark/jars/hadoop-aws-3.2.0.jar not found
[2023-06-24T16:38:28.371+0000] {spark_submit.py:492} INFO - at org.apache.spark.SparkContext.addLocalJarFile$1(SparkContext.scala:1935)
[2023-06-24T16:38:28.371+0000] {spark_submit.py:492} INFO - at org.apache.spark.SparkContext.addJar(SparkContext.scala:1990)
[2023-06-24T16:38:28.371+0000] {spark_submit.py:492} INFO - at org.apache.spark.SparkContext.$anonfun$new$12(SparkContext.scala:503)
[2023-06-24T16:38:28.372+0000] {spark_submit.py:492} INFO - at org.apache.spark.SparkContext.$anonfun$new$12$adapted(SparkContext.scala:503)
[2023-06-24T16:38:28.372+0000] {spark_submit.py:492} INFO - at scala.collection.mutable.ResizableArray.foreach(ResizableArray.scala:62)
[2023-06-24T16:38:28.372+0000] {spark_submit.py:492} INFO - at scala.collection.mutable.ResizableArray.foreach$(ResizableArray.scala:55)
[2023-06-24T16:38:28.372+0000] {spark_submit.py:492} INFO - at scala.collection.mutable.ArrayBuffer.foreach(ArrayBuffer.scala:49)
[2023-06-24T16:38:28.373+0000] {spark_submit.py:492} INFO - at org.apache.spark.SparkContext.<init>(SparkContext.scala:503)
[2023-06-24T16:38:28.373+0000] {spark_submit.py:492} INFO - at org.apache.spark.api.java.JavaSparkContext.<init>(JavaSparkContext.scala:58)
[2023-06-24T16:38:28.373+0000] {spark_submit.py:492} INFO - at java.base/jdk.internal.reflect.NativeConstructorAccessorImpl.newInstance0(Native Method)
[2023-06-24T16:38:28.373+0000] {spark_submit.py:492} INFO - at java.base/jdk.internal.reflect.NativeConstructorAccessorImpl.newInstance(NativeConstructorAccessorImpl.java:62)
[2023-06-24T16:38:28.373+0000] {spark_submit.py:492} INFO - at java.base/jdk.internal.reflect.DelegatingConstructorAccessorImpl.newInstance(DelegatingConstructorAccessorImpl.java:45)
[2023-06-24T16:38:28.374+0000] {spark_submit.py:492} INFO - at java.base/java.lang.reflect.Constructor.newInstance(Constructor.java:490)
[2023-06-24T16:38:28.375+0000] {spark_submit.py:492} INFO - at py4j.reflection.MethodInvoker.invoke(MethodInvoker.java:247)
[2023-06-24T16:38:28.375+0000] {spark_submit.py:492} INFO - at py4j.reflection.ReflectionEngine.invoke(ReflectionEngine.java:357)
[2023-06-24T16:38:28.375+0000] {spark_submit.py:492} INFO - at py4j.Gateway.invoke(Gateway.java:238)
[2023-06-24T16:38:28.377+0000] {spark_submit.py:492} INFO - at py4j.commands.ConstructorCommand.invokeConstructor(ConstructorCommand.java:80)
[2023-06-24T16:38:28.377+0000] {spark_submit.py:492} INFO - at py4j.commands.ConstructorCommand.execute(ConstructorCommand.java:69)
[2023-06-24T16:38:28.377+0000] {spark_submit.py:492} INFO - at py4j.ClientServerConnection.waitForCommands(ClientServerConnection.java:182)
[2023-06-24T16:38:28.384+0000] {spark_submit.py:492} INFO - at py4j.ClientServerConnection.run(ClientServerConnection.java:106)
[2023-06-24T16:38:28.384+0000] {spark_submit.py:492} INFO - at java.base/java.lang.Thread.run(Thread.java:829)
[2023-06-24T16:38:28.384+0000] {spark_submit.py:492} INFO - 23/06/24 16:38:28 ERROR SparkContext: Failed to add file:/opt/***/%20/opt/bitnami/spark/jars/hadoop-aws-3.2.0.jar to Spark environment
[2023-06-24T16:38:28.384+0000] {spark_submit.py:492} INFO - java.io.FileNotFoundException: Jar /opt/***/ /opt/bitnami/spark/jars/hadoop-aws-3.2.0.jar not found
[2023-06-24T16:38:28.385+0000] {spark_submit.py:492} INFO - at org.apache.spark.SparkContext.addLocalJarFile$1(SparkContext.scala:1935)
[2023-06-24T16:38:28.385+0000] {spark_submit.py:492} INFO - at org.apache.spark.SparkContext.addJar(SparkContext.scala:1990)
[2023-06-24T16:38:28.386+0000] {spark_submit.py:492} INFO - at org.apache.spark.SparkContext.$anonfun$new$12(SparkContext.scala:503)
[2023-06-24T16:38:28.386+0000] {spark_submit.py:492} INFO - at org.apache.spark.SparkContext.$anonfun$new$12$adapted(SparkContext.scala:503)
[2023-06-24T16:38:28.387+0000] {spark_submit.py:492} INFO - at scala.collection.mutable.ResizableArray.foreach(ResizableArray.scala:62)
[2023-06-24T16:38:28.387+0000] {spark_submit.py:492} INFO - at scala.collection.mutable.ResizableArray.foreach$(ResizableArray.scala:55)
[2023-06-24T16:38:28.387+0000] {spark_submit.py:492} INFO - at scala.collection.mutable.ArrayBuffer.foreach(ArrayBuffer.scala:49)
[2023-06-24T16:38:28.387+0000] {spark_submit.py:492} INFO - at org.apache.spark.SparkContext.<init>(SparkContext.scala:503)
[2023-06-24T16:38:28.387+0000] {spark_submit.py:492} INFO - at org.apache.spark.api.java.JavaSparkContext.<init>(JavaSparkContext.scala:58)
[2023-06-24T16:38:28.387+0000] {spark_submit.py:492} INFO - at java.base/jdk.internal.reflect.NativeConstructorAccessorImpl.newInstance0(Native Method)
[2023-06-24T16:38:28.387+0000] {spark_submit.py:492} INFO - at java.base/jdk.internal.reflect.NativeConstructorAccessorImpl.newInstance(NativeConstructorAccessorImpl.java:62)
[2023-06-24T16:38:28.388+0000] {spark_submit.py:492} INFO - at java.base/jdk.internal.reflect.DelegatingConstructorAccessorImpl.newInstance(DelegatingConstructorAccessorImpl.java:45)
[2023-06-24T16:38:28.388+0000] {spark_submit.py:492} INFO - at java.base/java.lang.reflect.Constructor.newInstance(Constructor.java:490)
[2023-06-24T16:38:28.388+0000] {spark_submit.py:492} INFO - at py4j.reflection.MethodInvoker.invoke(MethodInvoker.java:247)
[2023-06-24T16:38:28.388+0000] {spark_submit.py:492} INFO - at py4j.reflection.ReflectionEngine.invoke(ReflectionEngine.java:357)
[2023-06-24T16:38:28.388+0000] {spark_submit.py:492} INFO - at py4j.Gateway.invoke(Gateway.java:238)
[2023-06-24T16:38:28.388+0000] {spark_submit.py:492} INFO - at py4j.commands.ConstructorCommand.invokeConstructor(ConstructorCommand.java:80)
[2023-06-24T16:38:28.388+0000] {spark_submit.py:492} INFO - at py4j.commands.ConstructorCommand.execute(ConstructorCommand.java:69)
[2023-06-24T16:38:28.388+0000] {spark_submit.py:492} INFO - at py4j.ClientServerConnection.waitForCommands(ClientServerConnection.java:182)
[2023-06-24T16:38:28.389+0000] {spark_submit.py:492} INFO - at py4j.ClientServerConnection.run(ClientServerConnection.java:106)
[2023-06-24T16:38:28.389+0000] {spark_submit.py:492} INFO - at java.base/java.lang.Thread.run(Thread.java:829)
[2023-06-24T16:38:28.679+0000] {spark_submit.py:492} INFO - 23/06/24 16:38:28 INFO StandaloneAppClient$ClientEndpoint: Connecting to master spark://spark:7077...
[2023-06-24T16:38:28.774+0000] {spark_submit.py:492} INFO - 23/06/24 16:38:28 INFO TransportClientFactory: Successfully created connection to spark/172.19.0.11:7077 after 47 ms (0 ms spent in bootstraps)
[2023-06-24T16:38:28.884+0000] {spark_submit.py:492} INFO - 23/06/24 16:38:28 INFO StandaloneSchedulerBackend: Connected to Spark cluster with app ID app-20230624163828-0030
[2023-06-24T16:38:28.889+0000] {spark_submit.py:492} INFO - 23/06/24 16:38:28 INFO StandaloneAppClient$ClientEndpoint: Executor added: app-20230624163828-0030/0 on worker-20230624161025-172.19.0.3-35241 (172.19.0.3:35241) with 1 core(s)
[2023-06-24T16:38:28.892+0000] {spark_submit.py:492} INFO - 23/06/24 16:38:28 INFO StandaloneSchedulerBackend: Granted executor ID app-20230624163828-0030/0 on hostPort 172.19.0.3:35241 with 1 core(s), 1024.0 MiB RAM
[2023-06-24T16:38:28.900+0000] {spark_submit.py:492} INFO - 23/06/24 16:38:28 INFO Utils: Successfully started service 'org.apache.spark.network.netty.NettyBlockTransferService' on port 37523.
[2023-06-24T16:38:28.901+0000] {spark_submit.py:492} INFO - 23/06/24 16:38:28 INFO NettyBlockTransferService: Server created on a8d69ab09d2d:37523
[2023-06-24T16:38:28.901+0000] {spark_submit.py:492} INFO - 23/06/24 16:38:28 INFO BlockManager: Using org.apache.spark.storage.RandomBlockReplicationPolicy for block replication policy
[2023-06-24T16:38:28.914+0000] {spark_submit.py:492} INFO - 23/06/24 16:38:28 INFO BlockManagerMaster: Registering BlockManager BlockManagerId(driver, a8d69ab09d2d, 37523, None)
[2023-06-24T16:38:28.917+0000] {spark_submit.py:492} INFO - 23/06/24 16:38:28 INFO BlockManagerMasterEndpoint: Registering block manager a8d69ab09d2d:37523 with 434.4 MiB RAM, BlockManagerId(driver, a8d69ab09d2d, 37523, None)
[2023-06-24T16:38:28.921+0000] {spark_submit.py:492} INFO - 23/06/24 16:38:28 INFO BlockManagerMaster: Registered BlockManager BlockManagerId(driver, a8d69ab09d2d, 37523, None)
[2023-06-24T16:38:28.924+0000] {spark_submit.py:492} INFO - 23/06/24 16:38:28 INFO StandaloneAppClient$ClientEndpoint: Executor updated: app-20230624163828-0030/0 is now RUNNING
[2023-06-24T16:38:28.925+0000] {spark_submit.py:492} INFO - 23/06/24 16:38:28 INFO BlockManager: Initialized BlockManager: BlockManagerId(driver, a8d69ab09d2d, 37523, None)
[2023-06-24T16:38:29.150+0000] {spark_submit.py:492} INFO - 23/06/24 16:38:29 INFO StandaloneSchedulerBackend: SchedulerBackend is ready for scheduling beginning after reached minRegisteredResourcesRatio: 0.0
[2023-06-24T16:38:29.375+0000] {spark_submit.py:492} INFO - 23/06/24 16:38:29 INFO SharedState: Setting hive.metastore.warehouse.dir ('null') to the value of spark.sql.warehouse.dir.
[2023-06-24T16:38:29.377+0000] {spark_submit.py:492} INFO - 23/06/24 16:38:29 INFO SharedState: Warehouse path is 'file:/opt/***/spark-warehouse'.
[2023-06-24T16:38:32.186+0000] {spark_submit.py:492} INFO - 23/06/24 16:38:32 INFO CoarseGrainedSchedulerBackend$DriverEndpoint: Registered executor NettyRpcEndpointRef(spark-client://Executor) (172.19.0.3:46206) with ID 0,  ResourceProfileId 0
[2023-06-24T16:38:32.342+0000] {spark_submit.py:492} INFO - 23/06/24 16:38:32 INFO BlockManagerMasterEndpoint: Registering block manager 172.19.0.3:37319 with 366.3 MiB RAM, BlockManagerId(0, 172.19.0.3, 37319, None)
[2023-06-24T16:38:34.383+0000] {spark_submit.py:492} INFO - 23/06/24 16:38:34 INFO CodeGenerator: Code generated in 141.606463 ms
[2023-06-24T16:38:34.415+0000] {spark_submit.py:492} INFO - 23/06/24 16:38:34 INFO SparkContext: Starting job: showString at NativeMethodAccessorImpl.java:0
[2023-06-24T16:38:34.431+0000] {spark_submit.py:492} INFO - 23/06/24 16:38:34 INFO DAGScheduler: Got job 0 (showString at NativeMethodAccessorImpl.java:0) with 1 output partitions
[2023-06-24T16:38:34.431+0000] {spark_submit.py:492} INFO - 23/06/24 16:38:34 INFO DAGScheduler: Final stage: ResultStage 0 (showString at NativeMethodAccessorImpl.java:0)
[2023-06-24T16:38:34.431+0000] {spark_submit.py:492} INFO - 23/06/24 16:38:34 INFO DAGScheduler: Parents of final stage: List()
[2023-06-24T16:38:34.433+0000] {spark_submit.py:492} INFO - 23/06/24 16:38:34 INFO DAGScheduler: Missing parents: List()
[2023-06-24T16:38:34.441+0000] {spark_submit.py:492} INFO - 23/06/24 16:38:34 INFO DAGScheduler: Submitting ResultStage 0 (MapPartitionsRDD[6] at showString at NativeMethodAccessorImpl.java:0), which has no missing parents
[2023-06-24T16:38:34.543+0000] {spark_submit.py:492} INFO - 23/06/24 16:38:34 INFO MemoryStore: Block broadcast_0 stored as values in memory (estimated size 11.7 KiB, free 434.4 MiB)
[2023-06-24T16:38:34.570+0000] {spark_submit.py:492} INFO - 23/06/24 16:38:34 INFO MemoryStore: Block broadcast_0_piece0 stored as bytes in memory (estimated size 6.2 KiB, free 434.4 MiB)
[2023-06-24T16:38:34.573+0000] {spark_submit.py:492} INFO - 23/06/24 16:38:34 INFO BlockManagerInfo: Added broadcast_0_piece0 in memory on a8d69ab09d2d:37523 (size: 6.2 KiB, free: 434.4 MiB)
[2023-06-24T16:38:34.577+0000] {spark_submit.py:492} INFO - 23/06/24 16:38:34 INFO SparkContext: Created broadcast 0 from broadcast at DAGScheduler.scala:1427
[2023-06-24T16:38:34.588+0000] {spark_submit.py:492} INFO - 23/06/24 16:38:34 INFO DAGScheduler: Submitting 1 missing tasks from ResultStage 0 (MapPartitionsRDD[6] at showString at NativeMethodAccessorImpl.java:0) (first 15 tasks are for partitions Vector(0))
[2023-06-24T16:38:34.589+0000] {spark_submit.py:492} INFO - 23/06/24 16:38:34 INFO TaskSchedulerImpl: Adding task set 0.0 with 1 tasks resource profile 0
[2023-06-24T16:38:34.621+0000] {spark_submit.py:492} INFO - 23/06/24 16:38:34 INFO TaskSetManager: Starting task 0.0 in stage 0.0 (TID 0) (172.19.0.3, executor 0, partition 0, PROCESS_LOCAL, 4605 bytes) taskResourceAssignments Map()
[2023-06-24T16:38:35.041+0000] {spark_submit.py:492} INFO - 23/06/24 16:38:35 INFO BlockManagerInfo: Added broadcast_0_piece0 in memory on 172.19.0.3:37319 (size: 6.2 KiB, free: 366.3 MiB)
[2023-06-24T16:38:37.262+0000] {spark_submit.py:492} INFO - 23/06/24 16:38:37 INFO TaskSetManager: Finished task 0.0 in stage 0.0 (TID 0) in 2651 ms on 172.19.0.3 (executor 0) (1/1)
[2023-06-24T16:38:37.281+0000] {spark_submit.py:492} INFO - 23/06/24 16:38:37 INFO TaskSchedulerImpl: Removed TaskSet 0.0, whose tasks have all completed, from pool
[2023-06-24T16:38:37.281+0000] {spark_submit.py:492} INFO - 23/06/24 16:38:37 INFO PythonAccumulatorV2: Connected to AccumulatorServer at host: 127.0.0.1 port: 34065
[2023-06-24T16:38:37.294+0000] {spark_submit.py:492} INFO - 23/06/24 16:38:37 INFO DAGScheduler: ResultStage 0 (showString at NativeMethodAccessorImpl.java:0) finished in 2.837 s
[2023-06-24T16:38:37.298+0000] {spark_submit.py:492} INFO - 23/06/24 16:38:37 INFO DAGScheduler: Job 0 is finished. Cancelling potential speculative or zombie tasks for this job
[2023-06-24T16:38:37.299+0000] {spark_submit.py:492} INFO - 23/06/24 16:38:37 INFO TaskSchedulerImpl: Killing all running tasks in stage 0: Stage finished
[2023-06-24T16:38:37.310+0000] {spark_submit.py:492} INFO - 23/06/24 16:38:37 INFO DAGScheduler: Job 0 finished: showString at NativeMethodAccessorImpl.java:0, took 2.893226 s
[2023-06-24T16:38:37.324+0000] {spark_submit.py:492} INFO - 23/06/24 16:38:37 INFO SparkContext: Starting job: showString at NativeMethodAccessorImpl.java:0
[2023-06-24T16:38:37.326+0000] {spark_submit.py:492} INFO - 23/06/24 16:38:37 INFO DAGScheduler: Got job 1 (showString at NativeMethodAccessorImpl.java:0) with 1 output partitions
[2023-06-24T16:38:37.327+0000] {spark_submit.py:492} INFO - 23/06/24 16:38:37 INFO DAGScheduler: Final stage: ResultStage 1 (showString at NativeMethodAccessorImpl.java:0)
[2023-06-24T16:38:37.327+0000] {spark_submit.py:492} INFO - 23/06/24 16:38:37 INFO DAGScheduler: Parents of final stage: List()
[2023-06-24T16:38:37.328+0000] {spark_submit.py:492} INFO - 23/06/24 16:38:37 INFO DAGScheduler: Missing parents: List()
[2023-06-24T16:38:37.331+0000] {spark_submit.py:492} INFO - 23/06/24 16:38:37 INFO DAGScheduler: Submitting ResultStage 1 (MapPartitionsRDD[6] at showString at NativeMethodAccessorImpl.java:0), which has no missing parents
[2023-06-24T16:38:37.339+0000] {spark_submit.py:492} INFO - 23/06/24 16:38:37 INFO MemoryStore: Block broadcast_1 stored as values in memory (estimated size 11.7 KiB, free 434.4 MiB)
[2023-06-24T16:38:37.344+0000] {spark_submit.py:492} INFO - 23/06/24 16:38:37 INFO MemoryStore: Block broadcast_1_piece0 stored as bytes in memory (estimated size 6.2 KiB, free 434.4 MiB)
[2023-06-24T16:38:37.345+0000] {spark_submit.py:492} INFO - 23/06/24 16:38:37 INFO BlockManagerInfo: Added broadcast_1_piece0 in memory on a8d69ab09d2d:37523 (size: 6.2 KiB, free: 434.4 MiB)
[2023-06-24T16:38:37.351+0000] {spark_submit.py:492} INFO - 23/06/24 16:38:37 INFO SparkContext: Created broadcast 1 from broadcast at DAGScheduler.scala:1427
[2023-06-24T16:38:37.352+0000] {spark_submit.py:492} INFO - 23/06/24 16:38:37 INFO DAGScheduler: Submitting 1 missing tasks from ResultStage 1 (MapPartitionsRDD[6] at showString at NativeMethodAccessorImpl.java:0) (first 15 tasks are for partitions Vector(1))
[2023-06-24T16:38:37.353+0000] {spark_submit.py:492} INFO - 23/06/24 16:38:37 INFO TaskSchedulerImpl: Adding task set 1.0 with 1 tasks resource profile 0
[2023-06-24T16:38:37.356+0000] {spark_submit.py:492} INFO - 23/06/24 16:38:37 INFO TaskSetManager: Starting task 0.0 in stage 1.0 (TID 1) (172.19.0.3, executor 0, partition 1, PROCESS_LOCAL, 4529 bytes) taskResourceAssignments Map()
[2023-06-24T16:38:37.383+0000] {spark_submit.py:492} INFO - 23/06/24 16:38:37 INFO BlockManagerInfo: Added broadcast_1_piece0 in memory on 172.19.0.3:37319 (size: 6.2 KiB, free: 366.3 MiB)
[2023-06-24T16:38:37.456+0000] {spark_submit.py:492} INFO - 23/06/24 16:38:37 INFO TaskSetManager: Finished task 0.0 in stage 1.0 (TID 1) in 100 ms on 172.19.0.3 (executor 0) (1/1)
[2023-06-24T16:38:37.456+0000] {spark_submit.py:492} INFO - 23/06/24 16:38:37 INFO TaskSchedulerImpl: Removed TaskSet 1.0, whose tasks have all completed, from pool
[2023-06-24T16:38:37.460+0000] {spark_submit.py:492} INFO - 23/06/24 16:38:37 INFO DAGScheduler: ResultStage 1 (showString at NativeMethodAccessorImpl.java:0) finished in 0.125 s
[2023-06-24T16:38:37.460+0000] {spark_submit.py:492} INFO - 23/06/24 16:38:37 INFO DAGScheduler: Job 1 is finished. Cancelling potential speculative or zombie tasks for this job
[2023-06-24T16:38:37.460+0000] {spark_submit.py:492} INFO - 23/06/24 16:38:37 INFO TaskSchedulerImpl: Killing all running tasks in stage 1: Stage finished
[2023-06-24T16:38:37.461+0000] {spark_submit.py:492} INFO - 23/06/24 16:38:37 INFO DAGScheduler: Job 1 finished: showString at NativeMethodAccessorImpl.java:0, took 0.135594 s
[2023-06-24T16:38:37.503+0000] {spark_submit.py:492} INFO - 23/06/24 16:38:37 INFO CodeGenerator: Code generated in 18.566783 ms
[2023-06-24T16:38:37.532+0000] {spark_submit.py:492} INFO - +-----+-----------------------------------------------------------------------------+
[2023-06-24T16:38:37.533+0000] {spark_submit.py:492} INFO - |Seqno|Quote                                                                        |
[2023-06-24T16:38:37.533+0000] {spark_submit.py:492} INFO - +-----+-----------------------------------------------------------------------------+
[2023-06-24T16:38:37.533+0000] {spark_submit.py:492} INFO - |1    |Be the change that you wish to see in the world                              |
[2023-06-24T16:38:37.533+0000] {spark_submit.py:492} INFO - |2    |Everyone thinks of changing the world, but no one thinks of changing himself.|
[2023-06-24T16:38:37.533+0000] {spark_submit.py:492} INFO - |3    |The purpose of our lives is to be happy.                                     |
[2023-06-24T16:38:37.533+0000] {spark_submit.py:492} INFO - |4    |Be cool.                                                                     |
[2023-06-24T16:38:37.533+0000] {spark_submit.py:492} INFO - +-----+-----------------------------------------------------------------------------+
[2023-06-24T16:38:37.534+0000] {spark_submit.py:492} INFO - 
[2023-06-24T16:38:37.696+0000] {spark_submit.py:492} INFO - 23/06/24 16:38:37 INFO BlockManagerInfo: Removed broadcast_0_piece0 on 172.19.0.3:37319 in memory (size: 6.2 KiB, free: 366.3 MiB)
[2023-06-24T16:38:37.710+0000] {spark_submit.py:492} INFO - 23/06/24 16:38:37 INFO BlockManagerInfo: Removed broadcast_0_piece0 on a8d69ab09d2d:37523 in memory (size: 6.2 KiB, free: 434.4 MiB)
[2023-06-24T16:38:37.731+0000] {spark_submit.py:492} INFO - 23/06/24 16:38:37 INFO BlockManagerInfo: Removed broadcast_1_piece0 on a8d69ab09d2d:37523 in memory (size: 6.2 KiB, free: 434.4 MiB)
[2023-06-24T16:38:37.733+0000] {spark_submit.py:492} INFO - 23/06/24 16:38:37 INFO BlockManagerInfo: Removed broadcast_1_piece0 on 172.19.0.3:37319 in memory (size: 6.2 KiB, free: 366.3 MiB)
[2023-06-24T16:38:37.783+0000] {spark_submit.py:492} INFO - Traceback (most recent call last):
[2023-06-24T16:38:37.783+0000] {spark_submit.py:492} INFO - File "/opt/***/dags/spark_etl_spark_minio.py", line 43, in <module>
[2023-06-24T16:38:37.783+0000] {spark_submit.py:492} INFO - df.write.mode("append").parquet("s3a://datalake/test.parquet")
[2023-06-24T16:38:37.783+0000] {spark_submit.py:492} INFO - File "/opt/spark/python/lib/pyspark.zip/pyspark/sql/readwriter.py", line 885, in parquet
[2023-06-24T16:38:37.783+0000] {spark_submit.py:492} INFO - File "/opt/spark/python/lib/py4j-0.10.9.2-src.zip/py4j/java_gateway.py", line 1309, in __call__
[2023-06-24T16:38:37.783+0000] {spark_submit.py:492} INFO - File "/opt/spark/python/lib/pyspark.zip/pyspark/sql/utils.py", line 111, in deco
[2023-06-24T16:38:37.783+0000] {spark_submit.py:492} INFO - File "/opt/spark/python/lib/py4j-0.10.9.2-src.zip/py4j/protocol.py", line 326, in get_return_value
[2023-06-24T16:38:37.784+0000] {spark_submit.py:492} INFO - py4j.protocol.Py4JJavaError: An error occurred while calling o79.parquet.
[2023-06-24T16:38:37.784+0000] {spark_submit.py:492} INFO - : java.lang.RuntimeException: java.lang.ClassNotFoundException: Class org.apache.hadoop.fs.s3a.S3AFileSystem not found
[2023-06-24T16:38:37.784+0000] {spark_submit.py:492} INFO - at org.apache.hadoop.conf.Configuration.getClass(Configuration.java:2667)
[2023-06-24T16:38:37.784+0000] {spark_submit.py:492} INFO - at org.apache.hadoop.fs.FileSystem.getFileSystemClass(FileSystem.java:3431)
[2023-06-24T16:38:37.784+0000] {spark_submit.py:492} INFO - at org.apache.hadoop.fs.FileSystem.createFileSystem(FileSystem.java:3466)
[2023-06-24T16:38:37.784+0000] {spark_submit.py:492} INFO - at org.apache.hadoop.fs.FileSystem.access$300(FileSystem.java:174)
[2023-06-24T16:38:37.784+0000] {spark_submit.py:492} INFO - at org.apache.hadoop.fs.FileSystem$Cache.getInternal(FileSystem.java:3574)
[2023-06-24T16:38:37.784+0000] {spark_submit.py:492} INFO - at org.apache.hadoop.fs.FileSystem$Cache.get(FileSystem.java:3521)
[2023-06-24T16:38:37.784+0000] {spark_submit.py:492} INFO - at org.apache.hadoop.fs.FileSystem.get(FileSystem.java:540)
[2023-06-24T16:38:37.784+0000] {spark_submit.py:492} INFO - at org.apache.hadoop.fs.Path.getFileSystem(Path.java:365)
[2023-06-24T16:38:37.785+0000] {spark_submit.py:492} INFO - at org.apache.spark.sql.execution.datasources.DataSource.planForWritingFileFormat(DataSource.scala:461)
[2023-06-24T16:38:37.785+0000] {spark_submit.py:492} INFO - at org.apache.spark.sql.execution.datasources.DataSource.planForWriting(DataSource.scala:556)
[2023-06-24T16:38:37.785+0000] {spark_submit.py:492} INFO - at org.apache.spark.sql.DataFrameWriter.saveToV1Source(DataFrameWriter.scala:382)
[2023-06-24T16:38:37.785+0000] {spark_submit.py:492} INFO - at org.apache.spark.sql.DataFrameWriter.saveInternal(DataFrameWriter.scala:355)
[2023-06-24T16:38:37.785+0000] {spark_submit.py:492} INFO - at org.apache.spark.sql.DataFrameWriter.save(DataFrameWriter.scala:239)
[2023-06-24T16:38:37.785+0000] {spark_submit.py:492} INFO - at org.apache.spark.sql.DataFrameWriter.parquet(DataFrameWriter.scala:781)
[2023-06-24T16:38:37.785+0000] {spark_submit.py:492} INFO - at java.base/jdk.internal.reflect.NativeMethodAccessorImpl.invoke0(Native Method)
[2023-06-24T16:38:37.785+0000] {spark_submit.py:492} INFO - at java.base/jdk.internal.reflect.NativeMethodAccessorImpl.invoke(NativeMethodAccessorImpl.java:62)
[2023-06-24T16:38:37.785+0000] {spark_submit.py:492} INFO - at java.base/jdk.internal.reflect.DelegatingMethodAccessorImpl.invoke(DelegatingMethodAccessorImpl.java:43)
[2023-06-24T16:38:37.786+0000] {spark_submit.py:492} INFO - at java.base/java.lang.reflect.Method.invoke(Method.java:566)
[2023-06-24T16:38:37.786+0000] {spark_submit.py:492} INFO - at py4j.reflection.MethodInvoker.invoke(MethodInvoker.java:244)
[2023-06-24T16:38:37.786+0000] {spark_submit.py:492} INFO - at py4j.reflection.ReflectionEngine.invoke(ReflectionEngine.java:357)
[2023-06-24T16:38:37.786+0000] {spark_submit.py:492} INFO - at py4j.Gateway.invoke(Gateway.java:282)
[2023-06-24T16:38:37.786+0000] {spark_submit.py:492} INFO - at py4j.commands.AbstractCommand.invokeMethod(AbstractCommand.java:132)
[2023-06-24T16:38:37.786+0000] {spark_submit.py:492} INFO - at py4j.commands.CallCommand.execute(CallCommand.java:79)
[2023-06-24T16:38:37.786+0000] {spark_submit.py:492} INFO - at py4j.ClientServerConnection.waitForCommands(ClientServerConnection.java:182)
[2023-06-24T16:38:37.786+0000] {spark_submit.py:492} INFO - at py4j.ClientServerConnection.run(ClientServerConnection.java:106)
[2023-06-24T16:38:37.787+0000] {spark_submit.py:492} INFO - at java.base/java.lang.Thread.run(Thread.java:829)
[2023-06-24T16:38:37.787+0000] {spark_submit.py:492} INFO - Caused by: java.lang.ClassNotFoundException: Class org.apache.hadoop.fs.s3a.S3AFileSystem not found
[2023-06-24T16:38:37.787+0000] {spark_submit.py:492} INFO - at org.apache.hadoop.conf.Configuration.getClassByName(Configuration.java:2571)
[2023-06-24T16:38:37.787+0000] {spark_submit.py:492} INFO - at org.apache.hadoop.conf.Configuration.getClass(Configuration.java:2665)
[2023-06-24T16:38:37.787+0000] {spark_submit.py:492} INFO - ... 25 more
[2023-06-24T16:38:37.787+0000] {spark_submit.py:492} INFO - 
[2023-06-24T16:38:37.886+0000] {spark_submit.py:492} INFO - 23/06/24 16:38:37 INFO SparkContext: Invoking stop() from shutdown hook
[2023-06-24T16:38:37.908+0000] {spark_submit.py:492} INFO - 23/06/24 16:38:37 INFO SparkUI: Stopped Spark web UI at http://a8d69ab09d2d:4040
[2023-06-24T16:38:37.921+0000] {spark_submit.py:492} INFO - 23/06/24 16:38:37 INFO StandaloneSchedulerBackend: Shutting down all executors
[2023-06-24T16:38:37.924+0000] {spark_submit.py:492} INFO - 23/06/24 16:38:37 INFO CoarseGrainedSchedulerBackend$DriverEndpoint: Asking each executor to shut down
[2023-06-24T16:38:37.966+0000] {spark_submit.py:492} INFO - 23/06/24 16:38:37 INFO MapOutputTrackerMasterEndpoint: MapOutputTrackerMasterEndpoint stopped!
[2023-06-24T16:38:37.997+0000] {spark_submit.py:492} INFO - 23/06/24 16:38:37 INFO MemoryStore: MemoryStore cleared
[2023-06-24T16:38:37.997+0000] {spark_submit.py:492} INFO - 23/06/24 16:38:37 INFO BlockManager: BlockManager stopped
[2023-06-24T16:38:38.012+0000] {spark_submit.py:492} INFO - 23/06/24 16:38:38 INFO BlockManagerMaster: BlockManagerMaster stopped
[2023-06-24T16:38:38.013+0000] {spark_submit.py:492} INFO - 23/06/24 16:38:38 INFO OutputCommitCoordinator$OutputCommitCoordinatorEndpoint: OutputCommitCoordinator stopped!
[2023-06-24T16:38:38.047+0000] {spark_submit.py:492} INFO - 23/06/24 16:38:38 INFO SparkContext: Successfully stopped SparkContext
[2023-06-24T16:38:38.048+0000] {spark_submit.py:492} INFO - 23/06/24 16:38:38 INFO ShutdownHookManager: Shutdown hook called
[2023-06-24T16:38:38.049+0000] {spark_submit.py:492} INFO - 23/06/24 16:38:38 INFO ShutdownHookManager: Deleting directory /tmp/spark-46b996af-49f3-4740-ab91-88c8044bc9e6/pyspark-8a7c6e7a-d130-4619-ac85-cbb42ecac283
[2023-06-24T16:38:38.056+0000] {spark_submit.py:492} INFO - 23/06/24 16:38:38 INFO ShutdownHookManager: Deleting directory /tmp/spark-15d17a01-b2de-45ac-9d32-c96d946e037f
[2023-06-24T16:38:38.061+0000] {spark_submit.py:492} INFO - 23/06/24 16:38:38 INFO ShutdownHookManager: Deleting directory /tmp/spark-46b996af-49f3-4740-ab91-88c8044bc9e6
[2023-06-24T16:38:38.194+0000] {taskinstance.py:1775} ERROR - Task failed with exception
Traceback (most recent call last):
  File "/home/airflow/.local/lib/python3.8/site-packages/airflow/providers/apache/spark/operators/spark_submit.py", line 157, in execute
    self._hook.submit(self._application)
  File "/home/airflow/.local/lib/python3.8/site-packages/airflow/providers/apache/spark/hooks/spark_submit.py", line 423, in submit
    raise AirflowException(
airflow.exceptions.AirflowException: Cannot execute: spark-submit --master spark://spark:7077 --jars /opt/bitnami/spark/jars/hadoop-aws-3.2.0.jar, /opt/bitnami/spark/jars/hadoop-aws-3.2.0.jar --name arrow-spark /opt/***/dags/spark_etl_spark_minio.py. Error code is: 1.
[2023-06-24T16:38:38.199+0000] {taskinstance.py:1321} INFO - Marking task as UP_FOR_RETRY. dag_id=spark_etl_minio_v3, task_id=spark_submit_task, execution_date=20230624T163822, start_date=20230624T163823, end_date=20230624T163838
[2023-06-24T16:38:38.218+0000] {standard_task_runner.py:100} ERROR - Failed to execute job 107 for task spark_submit_task (Cannot execute: spark-submit --master spark://spark:7077 --jars /opt/bitnami/spark/jars/hadoop-aws-3.2.0.jar, /opt/bitnami/spark/jars/hadoop-aws-3.2.0.jar --name arrow-spark /opt/***/dags/spark_etl_spark_minio.py. Error code is: 1.; 6611)
[2023-06-24T16:38:38.266+0000] {local_task_job.py:212} INFO - Task exited with return code 1
[2023-06-24T16:38:38.285+0000] {taskinstance.py:2585} INFO - 0 downstream tasks scheduled from follow-on schedule check
