[2023-06-24T16:39:32.574+0000] {taskinstance.py:1084} INFO - Dependencies all met for dep_context=non-requeueable deps ti=<TaskInstance: spark_etl_minio_v3.spark_submit_task manual__2023-06-24T16:38:22.562262+00:00 [queued]>
[2023-06-24T16:39:32.590+0000] {taskinstance.py:1084} INFO - Dependencies all met for dep_context=requeueable deps ti=<TaskInstance: spark_etl_minio_v3.spark_submit_task manual__2023-06-24T16:38:22.562262+00:00 [queued]>
[2023-06-24T16:39:32.590+0000] {taskinstance.py:1282} INFO - 
--------------------------------------------------------------------------------
[2023-06-24T16:39:32.590+0000] {taskinstance.py:1283} INFO - Starting attempt 2 of 7
[2023-06-24T16:39:32.590+0000] {taskinstance.py:1284} INFO - 
--------------------------------------------------------------------------------
[2023-06-24T16:39:32.610+0000] {taskinstance.py:1303} INFO - Executing <Task(SparkSubmitOperator): spark_submit_task> on 2023-06-24 16:38:22.562262+00:00
[2023-06-24T16:39:32.618+0000] {standard_task_runner.py:55} INFO - Started process 6862 to run task
[2023-06-24T16:39:32.622+0000] {standard_task_runner.py:82} INFO - Running: ['***', 'tasks', 'run', 'spark_etl_minio_v3', 'spark_submit_task', 'manual__2023-06-24T16:38:22.562262+00:00', '--job-id', '108', '--raw', '--subdir', 'DAGS_FOLDER/spark_job_minio.py', '--cfg-path', '/tmp/tmpnv6bxkbe']
[2023-06-24T16:39:32.623+0000] {standard_task_runner.py:83} INFO - Job 108: Subtask spark_submit_task
[2023-06-24T16:39:32.642+0000] {warnings.py:109} WARNING - /home/***/.local/lib/python3.8/site-packages/***/settings.py:250: DeprecationWarning: The sql_alchemy_conn option in [core] has been moved to the sql_alchemy_conn option in [database] - the old setting has been used, but please update your config.
  SQL_ALCHEMY_CONN = conf.get("database", "SQL_ALCHEMY_CONN")

[2023-06-24T16:39:32.713+0000] {task_command.py:388} INFO - Running <TaskInstance: spark_etl_minio_v3.spark_submit_task manual__2023-06-24T16:38:22.562262+00:00 [running]> on host a8d69ab09d2d
[2023-06-24T16:39:32.819+0000] {taskinstance.py:1509} INFO - Exporting the following env vars:
AIRFLOW_CTX_DAG_OWNER=***
AIRFLOW_CTX_DAG_ID=spark_etl_minio_v3
AIRFLOW_CTX_TASK_ID=spark_submit_task
AIRFLOW_CTX_EXECUTION_DATE=2023-06-24T16:38:22.562262+00:00
AIRFLOW_CTX_TRY_NUMBER=2
AIRFLOW_CTX_DAG_RUN_ID=manual__2023-06-24T16:38:22.562262+00:00
[2023-06-24T16:39:32.831+0000] {base.py:73} INFO - Using connection ID 'spark_conn' for task execution.
[2023-06-24T16:39:32.833+0000] {spark_submit.py:341} INFO - Spark-Submit cmd: spark-submit --master spark://spark:7077 --jars /opt/bitnami/spark/jars/hadoop-aws-3.2.0.jar, /opt/bitnami/spark/jars/hadoop-aws-3.2.0.jar --name arrow-spark /opt/***/dags/spark_etl_spark_minio.py
[2023-06-24T16:39:35.017+0000] {spark_submit.py:492} INFO - WARNING: An illegal reflective access operation has occurred
[2023-06-24T16:39:35.022+0000] {spark_submit.py:492} INFO - WARNING: Illegal reflective access by org.apache.spark.unsafe.Platform (file:/opt/spark/jars/spark-unsafe_2.12-3.2.0.jar) to constructor java.nio.DirectByteBuffer(long,int)
[2023-06-24T16:39:35.022+0000] {spark_submit.py:492} INFO - WARNING: Please consider reporting this to the maintainers of org.apache.spark.unsafe.Platform
[2023-06-24T16:39:35.022+0000] {spark_submit.py:492} INFO - WARNING: Use --illegal-access=warn to enable warnings of further illegal reflective access operations
[2023-06-24T16:39:35.027+0000] {spark_submit.py:492} INFO - WARNING: All illegal access operations will be denied in a future release
[2023-06-24T16:39:35.698+0000] {spark_submit.py:492} INFO - 23/06/24 16:39:35 WARN NativeCodeLoader: Unable to load native-hadoop library for your platform... using builtin-java classes where applicable
[2023-06-24T16:39:36.282+0000] {spark_submit.py:492} INFO - Using Spark's default log4j profile: org/apache/spark/log4j-defaults.properties
[2023-06-24T16:39:36.283+0000] {spark_submit.py:492} INFO - 23/06/24 16:39:36 WARN DependencyUtils: Local jar /opt/bitnami/spark/jars/hadoop-aws-3.2.0.jar does not exist, skipping.
[2023-06-24T16:39:36.284+0000] {spark_submit.py:492} INFO - 23/06/24 16:39:36 WARN DependencyUtils: Local jar /opt/***/ /opt/bitnami/spark/jars/hadoop-aws-3.2.0.jar does not exist, skipping.
[2023-06-24T16:39:37.800+0000] {spark_submit.py:492} INFO - 23/06/24 16:39:37 INFO SparkContext: Running Spark version 3.2.0
[2023-06-24T16:39:37.848+0000] {spark_submit.py:492} INFO - 23/06/24 16:39:37 INFO ResourceUtils: ==============================================================
[2023-06-24T16:39:37.849+0000] {spark_submit.py:492} INFO - 23/06/24 16:39:37 INFO ResourceUtils: No custom resources configured for spark.driver.
[2023-06-24T16:39:37.849+0000] {spark_submit.py:492} INFO - 23/06/24 16:39:37 INFO ResourceUtils: ==============================================================
[2023-06-24T16:39:37.849+0000] {spark_submit.py:492} INFO - 23/06/24 16:39:37 INFO SparkContext: Submitted application: arrow-spark
[2023-06-24T16:39:37.895+0000] {spark_submit.py:492} INFO - 23/06/24 16:39:37 INFO ResourceProfile: Default ResourceProfile created, executor resources: Map(cores -> name: cores, amount: 1, script: , vendor: , memory -> name: memory, amount: 1024, script: , vendor: , offHeap -> name: offHeap, amount: 0, script: , vendor: ), task resources: Map(cpus -> name: cpus, amount: 1.0)
[2023-06-24T16:39:37.935+0000] {spark_submit.py:492} INFO - 23/06/24 16:39:37 INFO ResourceProfile: Limiting resource is cpu
[2023-06-24T16:39:37.935+0000] {spark_submit.py:492} INFO - 23/06/24 16:39:37 INFO ResourceProfileManager: Added ResourceProfile id: 0
[2023-06-24T16:39:38.043+0000] {spark_submit.py:492} INFO - 23/06/24 16:39:38 INFO SecurityManager: Changing view acls to: default
[2023-06-24T16:39:38.044+0000] {spark_submit.py:492} INFO - 23/06/24 16:39:38 INFO SecurityManager: Changing modify acls to: default
[2023-06-24T16:39:38.045+0000] {spark_submit.py:492} INFO - 23/06/24 16:39:38 INFO SecurityManager: Changing view acls groups to:
[2023-06-24T16:39:38.045+0000] {spark_submit.py:492} INFO - 23/06/24 16:39:38 INFO SecurityManager: Changing modify acls groups to:
[2023-06-24T16:39:38.047+0000] {spark_submit.py:492} INFO - 23/06/24 16:39:38 INFO SecurityManager: SecurityManager: authentication disabled; ui acls disabled; users  with view permissions: Set(default); groups with view permissions: Set(); users  with modify permissions: Set(default); groups with modify permissions: Set()
[2023-06-24T16:39:38.515+0000] {spark_submit.py:492} INFO - 23/06/24 16:39:38 INFO Utils: Successfully started service 'sparkDriver' on port 43995.
[2023-06-24T16:39:38.599+0000] {spark_submit.py:492} INFO - 23/06/24 16:39:38 INFO SparkEnv: Registering MapOutputTracker
[2023-06-24T16:39:38.657+0000] {spark_submit.py:492} INFO - 23/06/24 16:39:38 INFO SparkEnv: Registering BlockManagerMaster
[2023-06-24T16:39:38.701+0000] {spark_submit.py:492} INFO - 23/06/24 16:39:38 INFO BlockManagerMasterEndpoint: Using org.apache.spark.storage.DefaultTopologyMapper for getting topology information
[2023-06-24T16:39:38.709+0000] {spark_submit.py:492} INFO - 23/06/24 16:39:38 INFO BlockManagerMasterEndpoint: BlockManagerMasterEndpoint up
[2023-06-24T16:39:38.733+0000] {spark_submit.py:492} INFO - 23/06/24 16:39:38 INFO SparkEnv: Registering BlockManagerMasterHeartbeat
[2023-06-24T16:39:38.780+0000] {spark_submit.py:492} INFO - 23/06/24 16:39:38 INFO DiskBlockManager: Created local directory at /tmp/blockmgr-ced2f794-2f63-4035-ba04-f62bd10bb2f7
[2023-06-24T16:39:38.826+0000] {spark_submit.py:492} INFO - 23/06/24 16:39:38 INFO MemoryStore: MemoryStore started with capacity 434.4 MiB
[2023-06-24T16:39:38.868+0000] {spark_submit.py:492} INFO - 23/06/24 16:39:38 INFO SparkEnv: Registering OutputCommitCoordinator
[2023-06-24T16:39:39.245+0000] {spark_submit.py:492} INFO - 23/06/24 16:39:39 WARN Utils: Service 'SparkUI' could not bind on port 4040. Attempting port 4041.
[2023-06-24T16:39:39.258+0000] {spark_submit.py:492} INFO - 23/06/24 16:39:39 INFO Utils: Successfully started service 'SparkUI' on port 4041.
[2023-06-24T16:39:39.412+0000] {spark_submit.py:492} INFO - 23/06/24 16:39:39 INFO SparkUI: Bound SparkUI to 0.0.0.0, and started at http://a8d69ab09d2d:4041
[2023-06-24T16:39:39.445+0000] {spark_submit.py:492} INFO - 23/06/24 16:39:39 ERROR SparkContext: Failed to add file:/opt/bitnami/spark/jars/hadoop-aws-3.2.0.jar to Spark environment
[2023-06-24T16:39:39.445+0000] {spark_submit.py:492} INFO - java.io.FileNotFoundException: Jar /opt/bitnami/spark/jars/hadoop-aws-3.2.0.jar not found
[2023-06-24T16:39:39.445+0000] {spark_submit.py:492} INFO - at org.apache.spark.SparkContext.addLocalJarFile$1(SparkContext.scala:1935)
[2023-06-24T16:39:39.446+0000] {spark_submit.py:492} INFO - at org.apache.spark.SparkContext.addJar(SparkContext.scala:1990)
[2023-06-24T16:39:39.446+0000] {spark_submit.py:492} INFO - at org.apache.spark.SparkContext.$anonfun$new$12(SparkContext.scala:503)
[2023-06-24T16:39:39.446+0000] {spark_submit.py:492} INFO - at org.apache.spark.SparkContext.$anonfun$new$12$adapted(SparkContext.scala:503)
[2023-06-24T16:39:39.446+0000] {spark_submit.py:492} INFO - at scala.collection.mutable.ResizableArray.foreach(ResizableArray.scala:62)
[2023-06-24T16:39:39.446+0000] {spark_submit.py:492} INFO - at scala.collection.mutable.ResizableArray.foreach$(ResizableArray.scala:55)
[2023-06-24T16:39:39.446+0000] {spark_submit.py:492} INFO - at scala.collection.mutable.ArrayBuffer.foreach(ArrayBuffer.scala:49)
[2023-06-24T16:39:39.446+0000] {spark_submit.py:492} INFO - at org.apache.spark.SparkContext.<init>(SparkContext.scala:503)
[2023-06-24T16:39:39.446+0000] {spark_submit.py:492} INFO - at org.apache.spark.api.java.JavaSparkContext.<init>(JavaSparkContext.scala:58)
[2023-06-24T16:39:39.447+0000] {spark_submit.py:492} INFO - at java.base/jdk.internal.reflect.NativeConstructorAccessorImpl.newInstance0(Native Method)
[2023-06-24T16:39:39.447+0000] {spark_submit.py:492} INFO - at java.base/jdk.internal.reflect.NativeConstructorAccessorImpl.newInstance(NativeConstructorAccessorImpl.java:62)
[2023-06-24T16:39:39.447+0000] {spark_submit.py:492} INFO - at java.base/jdk.internal.reflect.DelegatingConstructorAccessorImpl.newInstance(DelegatingConstructorAccessorImpl.java:45)
[2023-06-24T16:39:39.447+0000] {spark_submit.py:492} INFO - at java.base/java.lang.reflect.Constructor.newInstance(Constructor.java:490)
[2023-06-24T16:39:39.447+0000] {spark_submit.py:492} INFO - at py4j.reflection.MethodInvoker.invoke(MethodInvoker.java:247)
[2023-06-24T16:39:39.447+0000] {spark_submit.py:492} INFO - at py4j.reflection.ReflectionEngine.invoke(ReflectionEngine.java:357)
[2023-06-24T16:39:39.447+0000] {spark_submit.py:492} INFO - at py4j.Gateway.invoke(Gateway.java:238)
[2023-06-24T16:39:39.447+0000] {spark_submit.py:492} INFO - at py4j.commands.ConstructorCommand.invokeConstructor(ConstructorCommand.java:80)
[2023-06-24T16:39:39.448+0000] {spark_submit.py:492} INFO - at py4j.commands.ConstructorCommand.execute(ConstructorCommand.java:69)
[2023-06-24T16:39:39.448+0000] {spark_submit.py:492} INFO - at py4j.ClientServerConnection.waitForCommands(ClientServerConnection.java:182)
[2023-06-24T16:39:39.448+0000] {spark_submit.py:492} INFO - at py4j.ClientServerConnection.run(ClientServerConnection.java:106)
[2023-06-24T16:39:39.448+0000] {spark_submit.py:492} INFO - at java.base/java.lang.Thread.run(Thread.java:829)
[2023-06-24T16:39:39.448+0000] {spark_submit.py:492} INFO - 23/06/24 16:39:39 ERROR SparkContext: Failed to add file:/opt/***/%20/opt/bitnami/spark/jars/hadoop-aws-3.2.0.jar to Spark environment
[2023-06-24T16:39:39.448+0000] {spark_submit.py:492} INFO - java.io.FileNotFoundException: Jar /opt/***/ /opt/bitnami/spark/jars/hadoop-aws-3.2.0.jar not found
[2023-06-24T16:39:39.448+0000] {spark_submit.py:492} INFO - at org.apache.spark.SparkContext.addLocalJarFile$1(SparkContext.scala:1935)
[2023-06-24T16:39:39.449+0000] {spark_submit.py:492} INFO - at org.apache.spark.SparkContext.addJar(SparkContext.scala:1990)
[2023-06-24T16:39:39.449+0000] {spark_submit.py:492} INFO - at org.apache.spark.SparkContext.$anonfun$new$12(SparkContext.scala:503)
[2023-06-24T16:39:39.449+0000] {spark_submit.py:492} INFO - at org.apache.spark.SparkContext.$anonfun$new$12$adapted(SparkContext.scala:503)
[2023-06-24T16:39:39.449+0000] {spark_submit.py:492} INFO - at scala.collection.mutable.ResizableArray.foreach(ResizableArray.scala:62)
[2023-06-24T16:39:39.449+0000] {spark_submit.py:492} INFO - at scala.collection.mutable.ResizableArray.foreach$(ResizableArray.scala:55)
[2023-06-24T16:39:39.450+0000] {spark_submit.py:492} INFO - at scala.collection.mutable.ArrayBuffer.foreach(ArrayBuffer.scala:49)
[2023-06-24T16:39:39.450+0000] {spark_submit.py:492} INFO - at org.apache.spark.SparkContext.<init>(SparkContext.scala:503)
[2023-06-24T16:39:39.450+0000] {spark_submit.py:492} INFO - at org.apache.spark.api.java.JavaSparkContext.<init>(JavaSparkContext.scala:58)
[2023-06-24T16:39:39.450+0000] {spark_submit.py:492} INFO - at java.base/jdk.internal.reflect.NativeConstructorAccessorImpl.newInstance0(Native Method)
[2023-06-24T16:39:39.450+0000] {spark_submit.py:492} INFO - at java.base/jdk.internal.reflect.NativeConstructorAccessorImpl.newInstance(NativeConstructorAccessorImpl.java:62)
[2023-06-24T16:39:39.450+0000] {spark_submit.py:492} INFO - at java.base/jdk.internal.reflect.DelegatingConstructorAccessorImpl.newInstance(DelegatingConstructorAccessorImpl.java:45)
[2023-06-24T16:39:39.451+0000] {spark_submit.py:492} INFO - at java.base/java.lang.reflect.Constructor.newInstance(Constructor.java:490)
[2023-06-24T16:39:39.451+0000] {spark_submit.py:492} INFO - at py4j.reflection.MethodInvoker.invoke(MethodInvoker.java:247)
[2023-06-24T16:39:39.451+0000] {spark_submit.py:492} INFO - at py4j.reflection.ReflectionEngine.invoke(ReflectionEngine.java:357)
[2023-06-24T16:39:39.451+0000] {spark_submit.py:492} INFO - at py4j.Gateway.invoke(Gateway.java:238)
[2023-06-24T16:39:39.451+0000] {spark_submit.py:492} INFO - at py4j.commands.ConstructorCommand.invokeConstructor(ConstructorCommand.java:80)
[2023-06-24T16:39:39.451+0000] {spark_submit.py:492} INFO - at py4j.commands.ConstructorCommand.execute(ConstructorCommand.java:69)
[2023-06-24T16:39:39.452+0000] {spark_submit.py:492} INFO - at py4j.ClientServerConnection.waitForCommands(ClientServerConnection.java:182)
[2023-06-24T16:39:39.452+0000] {spark_submit.py:492} INFO - at py4j.ClientServerConnection.run(ClientServerConnection.java:106)
[2023-06-24T16:39:39.452+0000] {spark_submit.py:492} INFO - at java.base/java.lang.Thread.run(Thread.java:829)
[2023-06-24T16:39:39.802+0000] {spark_submit.py:492} INFO - 23/06/24 16:39:39 INFO StandaloneAppClient$ClientEndpoint: Connecting to master spark://spark:7077...
[2023-06-24T16:39:39.896+0000] {spark_submit.py:492} INFO - 23/06/24 16:39:39 INFO TransportClientFactory: Successfully created connection to spark/172.19.0.11:7077 after 52 ms (0 ms spent in bootstraps)
[2023-06-24T16:39:40.048+0000] {spark_submit.py:492} INFO - 23/06/24 16:39:40 INFO StandaloneSchedulerBackend: Connected to Spark cluster with app ID app-20230624163940-0032
[2023-06-24T16:39:40.084+0000] {spark_submit.py:492} INFO - 23/06/24 16:39:40 INFO Utils: Successfully started service 'org.apache.spark.network.netty.NettyBlockTransferService' on port 37143.
[2023-06-24T16:39:40.085+0000] {spark_submit.py:492} INFO - 23/06/24 16:39:40 INFO NettyBlockTransferService: Server created on a8d69ab09d2d:37143
[2023-06-24T16:39:40.085+0000] {spark_submit.py:492} INFO - 23/06/24 16:39:40 INFO BlockManager: Using org.apache.spark.storage.RandomBlockReplicationPolicy for block replication policy
[2023-06-24T16:39:40.099+0000] {spark_submit.py:492} INFO - 23/06/24 16:39:40 INFO BlockManagerMaster: Registering BlockManager BlockManagerId(driver, a8d69ab09d2d, 37143, None)
[2023-06-24T16:39:40.103+0000] {spark_submit.py:492} INFO - 23/06/24 16:39:40 INFO BlockManagerMasterEndpoint: Registering block manager a8d69ab09d2d:37143 with 434.4 MiB RAM, BlockManagerId(driver, a8d69ab09d2d, 37143, None)
[2023-06-24T16:39:40.112+0000] {spark_submit.py:492} INFO - 23/06/24 16:39:40 INFO BlockManagerMaster: Registered BlockManager BlockManagerId(driver, a8d69ab09d2d, 37143, None)
[2023-06-24T16:39:40.112+0000] {spark_submit.py:492} INFO - 23/06/24 16:39:40 INFO BlockManager: Initialized BlockManager: BlockManagerId(driver, a8d69ab09d2d, 37143, None)
[2023-06-24T16:39:40.503+0000] {spark_submit.py:492} INFO - 23/06/24 16:39:40 INFO StandaloneSchedulerBackend: SchedulerBackend is ready for scheduling beginning after reached minRegisteredResourcesRatio: 0.0
[2023-06-24T16:39:40.801+0000] {spark_submit.py:492} INFO - 23/06/24 16:39:40 INFO SharedState: Setting hive.metastore.warehouse.dir ('null') to the value of spark.sql.warehouse.dir.
[2023-06-24T16:39:40.806+0000] {spark_submit.py:492} INFO - 23/06/24 16:39:40 INFO SharedState: Warehouse path is 'file:/opt/***/spark-warehouse'.
[2023-06-24T16:39:47.318+0000] {spark_submit.py:492} INFO - 23/06/24 16:39:47 INFO CodeGenerator: Code generated in 357.535816 ms
[2023-06-24T16:39:47.391+0000] {spark_submit.py:492} INFO - 23/06/24 16:39:47 INFO SparkContext: Starting job: showString at NativeMethodAccessorImpl.java:0
[2023-06-24T16:39:47.412+0000] {spark_submit.py:492} INFO - 23/06/24 16:39:47 INFO DAGScheduler: Got job 0 (showString at NativeMethodAccessorImpl.java:0) with 1 output partitions
[2023-06-24T16:39:47.413+0000] {spark_submit.py:492} INFO - 23/06/24 16:39:47 INFO DAGScheduler: Final stage: ResultStage 0 (showString at NativeMethodAccessorImpl.java:0)
[2023-06-24T16:39:47.414+0000] {spark_submit.py:492} INFO - 23/06/24 16:39:47 INFO DAGScheduler: Parents of final stage: List()
[2023-06-24T16:39:47.416+0000] {spark_submit.py:492} INFO - 23/06/24 16:39:47 INFO DAGScheduler: Missing parents: List()
[2023-06-24T16:39:47.430+0000] {spark_submit.py:492} INFO - 23/06/24 16:39:47 INFO DAGScheduler: Submitting ResultStage 0 (MapPartitionsRDD[6] at showString at NativeMethodAccessorImpl.java:0), which has no missing parents
[2023-06-24T16:39:47.597+0000] {spark_submit.py:492} INFO - 23/06/24 16:39:47 INFO MemoryStore: Block broadcast_0 stored as values in memory (estimated size 11.7 KiB, free 434.4 MiB)
[2023-06-24T16:39:47.645+0000] {spark_submit.py:492} INFO - 23/06/24 16:39:47 INFO MemoryStore: Block broadcast_0_piece0 stored as bytes in memory (estimated size 6.2 KiB, free 434.4 MiB)
[2023-06-24T16:39:47.652+0000] {spark_submit.py:492} INFO - 23/06/24 16:39:47 INFO BlockManagerInfo: Added broadcast_0_piece0 in memory on a8d69ab09d2d:37143 (size: 6.2 KiB, free: 434.4 MiB)
[2023-06-24T16:39:47.657+0000] {spark_submit.py:492} INFO - 23/06/24 16:39:47 INFO SparkContext: Created broadcast 0 from broadcast at DAGScheduler.scala:1427
[2023-06-24T16:39:47.683+0000] {spark_submit.py:492} INFO - 23/06/24 16:39:47 INFO DAGScheduler: Submitting 1 missing tasks from ResultStage 0 (MapPartitionsRDD[6] at showString at NativeMethodAccessorImpl.java:0) (first 15 tasks are for partitions Vector(0))
[2023-06-24T16:39:47.685+0000] {spark_submit.py:492} INFO - 23/06/24 16:39:47 INFO TaskSchedulerImpl: Adding task set 0.0 with 1 tasks resource profile 0
[2023-06-24T16:39:51.347+0000] {spark_submit.py:492} INFO - 23/06/24 16:39:51 INFO StandaloneAppClient$ClientEndpoint: Executor added: app-20230624163940-0032/0 on worker-20230624161025-172.19.0.3-35241 (172.19.0.3:35241) with 1 core(s)
[2023-06-24T16:39:51.349+0000] {spark_submit.py:492} INFO - 23/06/24 16:39:51 INFO StandaloneSchedulerBackend: Granted executor ID app-20230624163940-0032/0 on hostPort 172.19.0.3:35241 with 1 core(s), 1024.0 MiB RAM
[2023-06-24T16:39:51.420+0000] {spark_submit.py:492} INFO - 23/06/24 16:39:51 INFO StandaloneAppClient$ClientEndpoint: Executor updated: app-20230624163940-0032/0 is now RUNNING
[2023-06-24T16:39:54.106+0000] {spark_submit.py:492} INFO - 23/06/24 16:39:54 INFO CoarseGrainedSchedulerBackend$DriverEndpoint: Registered executor NettyRpcEndpointRef(spark-client://Executor) (172.19.0.3:48248) with ID 0,  ResourceProfileId 0
[2023-06-24T16:39:54.314+0000] {spark_submit.py:492} INFO - 23/06/24 16:39:54 INFO BlockManagerMasterEndpoint: Registering block manager 172.19.0.3:46133 with 366.3 MiB RAM, BlockManagerId(0, 172.19.0.3, 46133, None)
[2023-06-24T16:39:54.418+0000] {spark_submit.py:492} INFO - 23/06/24 16:39:54 INFO TaskSetManager: Starting task 0.0 in stage 0.0 (TID 0) (172.19.0.3, executor 0, partition 0, PROCESS_LOCAL, 4605 bytes) taskResourceAssignments Map()
[2023-06-24T16:39:54.836+0000] {spark_submit.py:492} INFO - 23/06/24 16:39:54 INFO BlockManagerInfo: Added broadcast_0_piece0 in memory on 172.19.0.3:46133 (size: 6.2 KiB, free: 366.3 MiB)
[2023-06-24T16:39:57.020+0000] {spark_submit.py:492} INFO - 23/06/24 16:39:57 INFO TaskSetManager: Finished task 0.0 in stage 0.0 (TID 0) in 2617 ms on 172.19.0.3 (executor 0) (1/1)
[2023-06-24T16:39:57.027+0000] {spark_submit.py:492} INFO - 23/06/24 16:39:57 INFO TaskSchedulerImpl: Removed TaskSet 0.0, whose tasks have all completed, from pool
[2023-06-24T16:39:57.028+0000] {spark_submit.py:492} INFO - 23/06/24 16:39:57 INFO PythonAccumulatorV2: Connected to AccumulatorServer at host: 127.0.0.1 port: 51689
[2023-06-24T16:39:57.033+0000] {spark_submit.py:492} INFO - 23/06/24 16:39:57 INFO DAGScheduler: ResultStage 0 (showString at NativeMethodAccessorImpl.java:0) finished in 9.570 s
[2023-06-24T16:39:57.038+0000] {spark_submit.py:492} INFO - 23/06/24 16:39:57 INFO DAGScheduler: Job 0 is finished. Cancelling potential speculative or zombie tasks for this job
[2023-06-24T16:39:57.039+0000] {spark_submit.py:492} INFO - 23/06/24 16:39:57 INFO TaskSchedulerImpl: Killing all running tasks in stage 0: Stage finished
[2023-06-24T16:39:57.063+0000] {spark_submit.py:492} INFO - 23/06/24 16:39:57 INFO DAGScheduler: Job 0 finished: showString at NativeMethodAccessorImpl.java:0, took 9.659899 s
[2023-06-24T16:39:57.078+0000] {spark_submit.py:492} INFO - 23/06/24 16:39:57 INFO SparkContext: Starting job: showString at NativeMethodAccessorImpl.java:0
[2023-06-24T16:39:57.088+0000] {spark_submit.py:492} INFO - 23/06/24 16:39:57 INFO DAGScheduler: Got job 1 (showString at NativeMethodAccessorImpl.java:0) with 1 output partitions
[2023-06-24T16:39:57.088+0000] {spark_submit.py:492} INFO - 23/06/24 16:39:57 INFO DAGScheduler: Final stage: ResultStage 1 (showString at NativeMethodAccessorImpl.java:0)
[2023-06-24T16:39:57.089+0000] {spark_submit.py:492} INFO - 23/06/24 16:39:57 INFO DAGScheduler: Parents of final stage: List()
[2023-06-24T16:39:57.089+0000] {spark_submit.py:492} INFO - 23/06/24 16:39:57 INFO DAGScheduler: Missing parents: List()
[2023-06-24T16:39:57.093+0000] {spark_submit.py:492} INFO - 23/06/24 16:39:57 INFO DAGScheduler: Submitting ResultStage 1 (MapPartitionsRDD[6] at showString at NativeMethodAccessorImpl.java:0), which has no missing parents
[2023-06-24T16:39:57.108+0000] {spark_submit.py:492} INFO - 23/06/24 16:39:57 INFO MemoryStore: Block broadcast_1 stored as values in memory (estimated size 11.7 KiB, free 434.4 MiB)
[2023-06-24T16:39:57.116+0000] {spark_submit.py:492} INFO - 23/06/24 16:39:57 INFO MemoryStore: Block broadcast_1_piece0 stored as bytes in memory (estimated size 6.2 KiB, free 434.4 MiB)
[2023-06-24T16:39:57.117+0000] {spark_submit.py:492} INFO - 23/06/24 16:39:57 INFO BlockManagerInfo: Added broadcast_1_piece0 in memory on a8d69ab09d2d:37143 (size: 6.2 KiB, free: 434.4 MiB)
[2023-06-24T16:39:57.119+0000] {spark_submit.py:492} INFO - 23/06/24 16:39:57 INFO SparkContext: Created broadcast 1 from broadcast at DAGScheduler.scala:1427
[2023-06-24T16:39:57.127+0000] {spark_submit.py:492} INFO - 23/06/24 16:39:57 INFO DAGScheduler: Submitting 1 missing tasks from ResultStage 1 (MapPartitionsRDD[6] at showString at NativeMethodAccessorImpl.java:0) (first 15 tasks are for partitions Vector(1))
[2023-06-24T16:39:57.127+0000] {spark_submit.py:492} INFO - 23/06/24 16:39:57 INFO TaskSchedulerImpl: Adding task set 1.0 with 1 tasks resource profile 0
[2023-06-24T16:39:57.132+0000] {spark_submit.py:492} INFO - 23/06/24 16:39:57 INFO TaskSetManager: Starting task 0.0 in stage 1.0 (TID 1) (172.19.0.3, executor 0, partition 1, PROCESS_LOCAL, 4529 bytes) taskResourceAssignments Map()
[2023-06-24T16:39:57.155+0000] {spark_submit.py:492} INFO - 23/06/24 16:39:57 INFO BlockManagerInfo: Added broadcast_1_piece0 in memory on 172.19.0.3:46133 (size: 6.2 KiB, free: 366.3 MiB)
[2023-06-24T16:39:57.227+0000] {spark_submit.py:492} INFO - 23/06/24 16:39:57 INFO TaskSetManager: Finished task 0.0 in stage 1.0 (TID 1) in 96 ms on 172.19.0.3 (executor 0) (1/1)
[2023-06-24T16:39:57.227+0000] {spark_submit.py:492} INFO - 23/06/24 16:39:57 INFO TaskSchedulerImpl: Removed TaskSet 1.0, whose tasks have all completed, from pool
[2023-06-24T16:39:57.229+0000] {spark_submit.py:492} INFO - 23/06/24 16:39:57 INFO DAGScheduler: ResultStage 1 (showString at NativeMethodAccessorImpl.java:0) finished in 0.132 s
[2023-06-24T16:39:57.230+0000] {spark_submit.py:492} INFO - 23/06/24 16:39:57 INFO DAGScheduler: Job 1 is finished. Cancelling potential speculative or zombie tasks for this job
[2023-06-24T16:39:57.231+0000] {spark_submit.py:492} INFO - 23/06/24 16:39:57 INFO TaskSchedulerImpl: Killing all running tasks in stage 1: Stage finished
[2023-06-24T16:39:57.235+0000] {spark_submit.py:492} INFO - 23/06/24 16:39:57 INFO DAGScheduler: Job 1 finished: showString at NativeMethodAccessorImpl.java:0, took 0.154441 s
[2023-06-24T16:39:57.282+0000] {spark_submit.py:492} INFO - 23/06/24 16:39:57 INFO CodeGenerator: Code generated in 26.265714 ms
[2023-06-24T16:39:57.299+0000] {spark_submit.py:492} INFO - +-----+-----------------------------------------------------------------------------+
[2023-06-24T16:39:57.299+0000] {spark_submit.py:492} INFO - |Seqno|Quote                                                                        |
[2023-06-24T16:39:57.299+0000] {spark_submit.py:492} INFO - +-----+-----------------------------------------------------------------------------+
[2023-06-24T16:39:57.300+0000] {spark_submit.py:492} INFO - |1    |Be the change that you wish to see in the world                              |
[2023-06-24T16:39:57.300+0000] {spark_submit.py:492} INFO - |2    |Everyone thinks of changing the world, but no one thinks of changing himself.|
[2023-06-24T16:39:57.300+0000] {spark_submit.py:492} INFO - |3    |The purpose of our lives is to be happy.                                     |
[2023-06-24T16:39:57.300+0000] {spark_submit.py:492} INFO - |4    |Be cool.                                                                     |
[2023-06-24T16:39:57.300+0000] {spark_submit.py:492} INFO - +-----+-----------------------------------------------------------------------------+
[2023-06-24T16:39:57.301+0000] {spark_submit.py:492} INFO - 
[2023-06-24T16:39:57.443+0000] {spark_submit.py:492} INFO - 23/06/24 16:39:57 INFO BlockManagerInfo: Removed broadcast_1_piece0 on a8d69ab09d2d:37143 in memory (size: 6.2 KiB, free: 434.4 MiB)
[2023-06-24T16:39:57.450+0000] {spark_submit.py:492} INFO - 23/06/24 16:39:57 INFO BlockManagerInfo: Removed broadcast_1_piece0 on 172.19.0.3:46133 in memory (size: 6.2 KiB, free: 366.3 MiB)
[2023-06-24T16:39:57.516+0000] {spark_submit.py:492} INFO - 23/06/24 16:39:57 INFO BlockManagerInfo: Removed broadcast_0_piece0 on a8d69ab09d2d:37143 in memory (size: 6.2 KiB, free: 434.4 MiB)
[2023-06-24T16:39:57.518+0000] {spark_submit.py:492} INFO - 23/06/24 16:39:57 INFO BlockManagerInfo: Removed broadcast_0_piece0 on 172.19.0.3:46133 in memory (size: 6.2 KiB, free: 366.3 MiB)
[2023-06-24T16:39:57.560+0000] {spark_submit.py:492} INFO - Traceback (most recent call last):
[2023-06-24T16:39:57.560+0000] {spark_submit.py:492} INFO - File "/opt/***/dags/spark_etl_spark_minio.py", line 43, in <module>
[2023-06-24T16:39:57.561+0000] {spark_submit.py:492} INFO - df.write.mode("append").parquet("s3a://datalake/test.parquet")
[2023-06-24T16:39:57.561+0000] {spark_submit.py:492} INFO - File "/opt/spark/python/lib/pyspark.zip/pyspark/sql/readwriter.py", line 885, in parquet
[2023-06-24T16:39:57.561+0000] {spark_submit.py:492} INFO - File "/opt/spark/python/lib/py4j-0.10.9.2-src.zip/py4j/java_gateway.py", line 1309, in __call__
[2023-06-24T16:39:57.561+0000] {spark_submit.py:492} INFO - File "/opt/spark/python/lib/pyspark.zip/pyspark/sql/utils.py", line 111, in deco
[2023-06-24T16:39:57.561+0000] {spark_submit.py:492} INFO - File "/opt/spark/python/lib/py4j-0.10.9.2-src.zip/py4j/protocol.py", line 326, in get_return_value
[2023-06-24T16:39:57.562+0000] {spark_submit.py:492} INFO - py4j.protocol.Py4JJavaError: An error occurred while calling o79.parquet.
[2023-06-24T16:39:57.562+0000] {spark_submit.py:492} INFO - : java.lang.RuntimeException: java.lang.ClassNotFoundException: Class org.apache.hadoop.fs.s3a.S3AFileSystem not found
[2023-06-24T16:39:57.562+0000] {spark_submit.py:492} INFO - at org.apache.hadoop.conf.Configuration.getClass(Configuration.java:2667)
[2023-06-24T16:39:57.562+0000] {spark_submit.py:492} INFO - at org.apache.hadoop.fs.FileSystem.getFileSystemClass(FileSystem.java:3431)
[2023-06-24T16:39:57.562+0000] {spark_submit.py:492} INFO - at org.apache.hadoop.fs.FileSystem.createFileSystem(FileSystem.java:3466)
[2023-06-24T16:39:57.562+0000] {spark_submit.py:492} INFO - at org.apache.hadoop.fs.FileSystem.access$300(FileSystem.java:174)
[2023-06-24T16:39:57.563+0000] {spark_submit.py:492} INFO - at org.apache.hadoop.fs.FileSystem$Cache.getInternal(FileSystem.java:3574)
[2023-06-24T16:39:57.563+0000] {spark_submit.py:492} INFO - at org.apache.hadoop.fs.FileSystem$Cache.get(FileSystem.java:3521)
[2023-06-24T16:39:57.563+0000] {spark_submit.py:492} INFO - at org.apache.hadoop.fs.FileSystem.get(FileSystem.java:540)
[2023-06-24T16:39:57.563+0000] {spark_submit.py:492} INFO - at org.apache.hadoop.fs.Path.getFileSystem(Path.java:365)
[2023-06-24T16:39:57.563+0000] {spark_submit.py:492} INFO - at org.apache.spark.sql.execution.datasources.DataSource.planForWritingFileFormat(DataSource.scala:461)
[2023-06-24T16:39:57.563+0000] {spark_submit.py:492} INFO - at org.apache.spark.sql.execution.datasources.DataSource.planForWriting(DataSource.scala:556)
[2023-06-24T16:39:57.563+0000] {spark_submit.py:492} INFO - at org.apache.spark.sql.DataFrameWriter.saveToV1Source(DataFrameWriter.scala:382)
[2023-06-24T16:39:57.563+0000] {spark_submit.py:492} INFO - at org.apache.spark.sql.DataFrameWriter.saveInternal(DataFrameWriter.scala:355)
[2023-06-24T16:39:57.564+0000] {spark_submit.py:492} INFO - at org.apache.spark.sql.DataFrameWriter.save(DataFrameWriter.scala:239)
[2023-06-24T16:39:57.564+0000] {spark_submit.py:492} INFO - at org.apache.spark.sql.DataFrameWriter.parquet(DataFrameWriter.scala:781)
[2023-06-24T16:39:57.564+0000] {spark_submit.py:492} INFO - at java.base/jdk.internal.reflect.NativeMethodAccessorImpl.invoke0(Native Method)
[2023-06-24T16:39:57.564+0000] {spark_submit.py:492} INFO - at java.base/jdk.internal.reflect.NativeMethodAccessorImpl.invoke(NativeMethodAccessorImpl.java:62)
[2023-06-24T16:39:57.564+0000] {spark_submit.py:492} INFO - at java.base/jdk.internal.reflect.DelegatingMethodAccessorImpl.invoke(DelegatingMethodAccessorImpl.java:43)
[2023-06-24T16:39:57.564+0000] {spark_submit.py:492} INFO - at java.base/java.lang.reflect.Method.invoke(Method.java:566)
[2023-06-24T16:39:57.564+0000] {spark_submit.py:492} INFO - at py4j.reflection.MethodInvoker.invoke(MethodInvoker.java:244)
[2023-06-24T16:39:57.564+0000] {spark_submit.py:492} INFO - at py4j.reflection.ReflectionEngine.invoke(ReflectionEngine.java:357)
[2023-06-24T16:39:57.564+0000] {spark_submit.py:492} INFO - at py4j.Gateway.invoke(Gateway.java:282)
[2023-06-24T16:39:57.565+0000] {spark_submit.py:492} INFO - at py4j.commands.AbstractCommand.invokeMethod(AbstractCommand.java:132)
[2023-06-24T16:39:57.565+0000] {spark_submit.py:492} INFO - at py4j.commands.CallCommand.execute(CallCommand.java:79)
[2023-06-24T16:39:57.565+0000] {spark_submit.py:492} INFO - at py4j.ClientServerConnection.waitForCommands(ClientServerConnection.java:182)
[2023-06-24T16:39:57.565+0000] {spark_submit.py:492} INFO - at py4j.ClientServerConnection.run(ClientServerConnection.java:106)
[2023-06-24T16:39:57.565+0000] {spark_submit.py:492} INFO - at java.base/java.lang.Thread.run(Thread.java:829)
[2023-06-24T16:39:57.565+0000] {spark_submit.py:492} INFO - Caused by: java.lang.ClassNotFoundException: Class org.apache.hadoop.fs.s3a.S3AFileSystem not found
[2023-06-24T16:39:57.565+0000] {spark_submit.py:492} INFO - at org.apache.hadoop.conf.Configuration.getClassByName(Configuration.java:2571)
[2023-06-24T16:39:57.566+0000] {spark_submit.py:492} INFO - at org.apache.hadoop.conf.Configuration.getClass(Configuration.java:2665)
[2023-06-24T16:39:57.566+0000] {spark_submit.py:492} INFO - ... 25 more
[2023-06-24T16:39:57.566+0000] {spark_submit.py:492} INFO - 
[2023-06-24T16:39:57.676+0000] {spark_submit.py:492} INFO - 23/06/24 16:39:57 INFO SparkContext: Invoking stop() from shutdown hook
[2023-06-24T16:39:57.692+0000] {spark_submit.py:492} INFO - 23/06/24 16:39:57 INFO SparkUI: Stopped Spark web UI at http://a8d69ab09d2d:4041
[2023-06-24T16:39:57.697+0000] {spark_submit.py:492} INFO - 23/06/24 16:39:57 INFO StandaloneSchedulerBackend: Shutting down all executors
[2023-06-24T16:39:57.697+0000] {spark_submit.py:492} INFO - 23/06/24 16:39:57 INFO CoarseGrainedSchedulerBackend$DriverEndpoint: Asking each executor to shut down
[2023-06-24T16:39:57.727+0000] {spark_submit.py:492} INFO - 23/06/24 16:39:57 INFO MapOutputTrackerMasterEndpoint: MapOutputTrackerMasterEndpoint stopped!
[2023-06-24T16:39:57.762+0000] {spark_submit.py:492} INFO - 23/06/24 16:39:57 INFO MemoryStore: MemoryStore cleared
[2023-06-24T16:39:57.770+0000] {spark_submit.py:492} INFO - 23/06/24 16:39:57 INFO BlockManager: BlockManager stopped
[2023-06-24T16:39:57.776+0000] {spark_submit.py:492} INFO - 23/06/24 16:39:57 INFO BlockManagerMaster: BlockManagerMaster stopped
[2023-06-24T16:39:57.778+0000] {spark_submit.py:492} INFO - 23/06/24 16:39:57 INFO OutputCommitCoordinator$OutputCommitCoordinatorEndpoint: OutputCommitCoordinator stopped!
[2023-06-24T16:39:57.788+0000] {spark_submit.py:492} INFO - 23/06/24 16:39:57 INFO SparkContext: Successfully stopped SparkContext
[2023-06-24T16:39:57.789+0000] {spark_submit.py:492} INFO - 23/06/24 16:39:57 INFO ShutdownHookManager: Shutdown hook called
[2023-06-24T16:39:57.790+0000] {spark_submit.py:492} INFO - 23/06/24 16:39:57 INFO ShutdownHookManager: Deleting directory /tmp/spark-b2fe4af3-cd1c-4e89-a5c9-7c516389e670/pyspark-b88a67f4-1d32-4e4e-957e-545047844c29
[2023-06-24T16:39:57.796+0000] {spark_submit.py:492} INFO - 23/06/24 16:39:57 INFO ShutdownHookManager: Deleting directory /tmp/spark-b2fe4af3-cd1c-4e89-a5c9-7c516389e670
[2023-06-24T16:39:57.801+0000] {spark_submit.py:492} INFO - 23/06/24 16:39:57 INFO ShutdownHookManager: Deleting directory /tmp/spark-de56204a-65fa-454e-99f8-a813d283dbb6
[2023-06-24T16:39:57.918+0000] {taskinstance.py:1775} ERROR - Task failed with exception
Traceback (most recent call last):
  File "/home/airflow/.local/lib/python3.8/site-packages/airflow/providers/apache/spark/operators/spark_submit.py", line 157, in execute
    self._hook.submit(self._application)
  File "/home/airflow/.local/lib/python3.8/site-packages/airflow/providers/apache/spark/hooks/spark_submit.py", line 423, in submit
    raise AirflowException(
airflow.exceptions.AirflowException: Cannot execute: spark-submit --master spark://spark:7077 --jars /opt/bitnami/spark/jars/hadoop-aws-3.2.0.jar, /opt/bitnami/spark/jars/hadoop-aws-3.2.0.jar --name arrow-spark /opt/***/dags/spark_etl_spark_minio.py. Error code is: 1.
[2023-06-24T16:39:57.923+0000] {taskinstance.py:1321} INFO - Marking task as UP_FOR_RETRY. dag_id=spark_etl_minio_v3, task_id=spark_submit_task, execution_date=20230624T163822, start_date=20230624T163932, end_date=20230624T163957
[2023-06-24T16:39:57.941+0000] {standard_task_runner.py:100} ERROR - Failed to execute job 108 for task spark_submit_task (Cannot execute: spark-submit --master spark://spark:7077 --jars /opt/bitnami/spark/jars/hadoop-aws-3.2.0.jar, /opt/bitnami/spark/jars/hadoop-aws-3.2.0.jar --name arrow-spark /opt/***/dags/spark_etl_spark_minio.py. Error code is: 1.; 6862)
[2023-06-24T16:39:57.954+0000] {local_task_job.py:212} INFO - Task exited with return code 1
[2023-06-24T16:39:57.972+0000] {taskinstance.py:2585} INFO - 0 downstream tasks scheduled from follow-on schedule check
