[2023-06-25T05:37:33.735+0000] {taskinstance.py:1084} INFO - Dependencies all met for dep_context=non-requeueable deps ti=<TaskInstance: spark_etl_minio_v11.spark_submit_task manual__2023-06-25T05:37:32.948188+00:00 [queued]>
[2023-06-25T05:37:33.741+0000] {taskinstance.py:1084} INFO - Dependencies all met for dep_context=requeueable deps ti=<TaskInstance: spark_etl_minio_v11.spark_submit_task manual__2023-06-25T05:37:32.948188+00:00 [queued]>
[2023-06-25T05:37:33.741+0000] {taskinstance.py:1282} INFO - 
--------------------------------------------------------------------------------
[2023-06-25T05:37:33.741+0000] {taskinstance.py:1283} INFO - Starting attempt 1 of 6
[2023-06-25T05:37:33.741+0000] {taskinstance.py:1284} INFO - 
--------------------------------------------------------------------------------
[2023-06-25T05:37:33.749+0000] {taskinstance.py:1303} INFO - Executing <Task(SparkSubmitOperator): spark_submit_task> on 2023-06-25 05:37:32.948188+00:00
[2023-06-25T05:37:33.753+0000] {standard_task_runner.py:55} INFO - Started process 21208 to run task
[2023-06-25T05:37:33.755+0000] {standard_task_runner.py:82} INFO - Running: ['***', 'tasks', 'run', 'spark_etl_minio_v11', 'spark_submit_task', 'manual__2023-06-25T05:37:32.948188+00:00', '--job-id', '207', '--raw', '--subdir', 'DAGS_FOLDER/spark_job_minio_v1.py', '--cfg-path', '/tmp/tmp2qva29qt']
[2023-06-25T05:37:33.755+0000] {standard_task_runner.py:83} INFO - Job 207: Subtask spark_submit_task
[2023-06-25T05:37:33.765+0000] {warnings.py:109} WARNING - /home/***/.local/lib/python3.8/site-packages/***/settings.py:250: DeprecationWarning: The sql_alchemy_conn option in [core] has been moved to the sql_alchemy_conn option in [database] - the old setting has been used, but please update your config.
  SQL_ALCHEMY_CONN = conf.get("database", "SQL_ALCHEMY_CONN")

[2023-06-25T05:37:33.798+0000] {task_command.py:388} INFO - Running <TaskInstance: spark_etl_minio_v11.spark_submit_task manual__2023-06-25T05:37:32.948188+00:00 [running]> on host a8d69ab09d2d
[2023-06-25T05:37:33.842+0000] {taskinstance.py:1509} INFO - Exporting the following env vars:
AIRFLOW_CTX_DAG_OWNER=***
AIRFLOW_CTX_DAG_ID=spark_etl_minio_v11
AIRFLOW_CTX_TASK_ID=spark_submit_task
AIRFLOW_CTX_EXECUTION_DATE=2023-06-25T05:37:32.948188+00:00
AIRFLOW_CTX_TRY_NUMBER=1
AIRFLOW_CTX_DAG_RUN_ID=manual__2023-06-25T05:37:32.948188+00:00
[2023-06-25T05:37:33.850+0000] {base.py:73} INFO - Using connection ID 'spark_conn' for task execution.
[2023-06-25T05:37:33.851+0000] {spark_submit.py:341} INFO - Spark-Submit cmd: spark-submit --master spark://spark:7077 --name arrow-spark /opt/***/dags/spark_etl_spark_minio.py
[2023-06-25T05:37:34.704+0000] {spark_submit.py:492} INFO - WARNING: An illegal reflective access operation has occurred
[2023-06-25T05:37:34.705+0000] {spark_submit.py:492} INFO - WARNING: Illegal reflective access by org.apache.spark.unsafe.Platform (file:/opt/spark/jars/spark-unsafe_2.12-3.2.0.jar) to constructor java.nio.DirectByteBuffer(long,int)
[2023-06-25T05:37:34.705+0000] {spark_submit.py:492} INFO - WARNING: Please consider reporting this to the maintainers of org.apache.spark.unsafe.Platform
[2023-06-25T05:37:34.705+0000] {spark_submit.py:492} INFO - WARNING: Use --illegal-access=warn to enable warnings of further illegal reflective access operations
[2023-06-25T05:37:34.705+0000] {spark_submit.py:492} INFO - WARNING: All illegal access operations will be denied in a future release
[2023-06-25T05:37:35.745+0000] {spark_submit.py:492} INFO - Using Spark's default log4j profile: org/apache/spark/log4j-defaults.properties
[2023-06-25T05:37:35.752+0000] {spark_submit.py:492} INFO - 23/06/25 05:37:35 INFO SparkContext: Running Spark version 3.2.0
[2023-06-25T05:37:35.804+0000] {spark_submit.py:492} INFO - 23/06/25 05:37:35 WARN NativeCodeLoader: Unable to load native-hadoop library for your platform... using builtin-java classes where applicable
[2023-06-25T05:37:35.900+0000] {spark_submit.py:492} INFO - 23/06/25 05:37:35 INFO ResourceUtils: ==============================================================
[2023-06-25T05:37:35.900+0000] {spark_submit.py:492} INFO - 23/06/25 05:37:35 INFO ResourceUtils: No custom resources configured for spark.driver.
[2023-06-25T05:37:35.901+0000] {spark_submit.py:492} INFO - 23/06/25 05:37:35 INFO ResourceUtils: ==============================================================
[2023-06-25T05:37:35.901+0000] {spark_submit.py:492} INFO - 23/06/25 05:37:35 INFO SparkContext: Submitted application: arrow-spark
[2023-06-25T05:37:35.927+0000] {spark_submit.py:492} INFO - 23/06/25 05:37:35 INFO ResourceProfile: Default ResourceProfile created, executor resources: Map(cores -> name: cores, amount: 1, script: , vendor: , memory -> name: memory, amount: 1024, script: , vendor: , offHeap -> name: offHeap, amount: 0, script: , vendor: ), task resources: Map(cpus -> name: cpus, amount: 1.0)
[2023-06-25T05:37:35.942+0000] {spark_submit.py:492} INFO - 23/06/25 05:37:35 INFO ResourceProfile: Limiting resource is cpu
[2023-06-25T05:37:35.942+0000] {spark_submit.py:492} INFO - 23/06/25 05:37:35 INFO ResourceProfileManager: Added ResourceProfile id: 0
[2023-06-25T05:37:36.012+0000] {spark_submit.py:492} INFO - 23/06/25 05:37:36 INFO SecurityManager: Changing view acls to: default
[2023-06-25T05:37:36.014+0000] {spark_submit.py:492} INFO - 23/06/25 05:37:36 INFO SecurityManager: Changing modify acls to: default
[2023-06-25T05:37:36.015+0000] {spark_submit.py:492} INFO - 23/06/25 05:37:36 INFO SecurityManager: Changing view acls groups to:
[2023-06-25T05:37:36.017+0000] {spark_submit.py:492} INFO - 23/06/25 05:37:36 INFO SecurityManager: Changing modify acls groups to:
[2023-06-25T05:37:36.018+0000] {spark_submit.py:492} INFO - 23/06/25 05:37:36 INFO SecurityManager: SecurityManager: authentication disabled; ui acls disabled; users  with view permissions: Set(default); groups with view permissions: Set(); users  with modify permissions: Set(default); groups with modify permissions: Set()
[2023-06-25T05:37:36.337+0000] {spark_submit.py:492} INFO - 23/06/25 05:37:36 INFO Utils: Successfully started service 'sparkDriver' on port 46657.
[2023-06-25T05:37:36.370+0000] {spark_submit.py:492} INFO - 23/06/25 05:37:36 INFO SparkEnv: Registering MapOutputTracker
[2023-06-25T05:37:36.400+0000] {spark_submit.py:492} INFO - 23/06/25 05:37:36 INFO SparkEnv: Registering BlockManagerMaster
[2023-06-25T05:37:36.414+0000] {spark_submit.py:492} INFO - 23/06/25 05:37:36 INFO BlockManagerMasterEndpoint: Using org.apache.spark.storage.DefaultTopologyMapper for getting topology information
[2023-06-25T05:37:36.414+0000] {spark_submit.py:492} INFO - 23/06/25 05:37:36 INFO BlockManagerMasterEndpoint: BlockManagerMasterEndpoint up
[2023-06-25T05:37:36.417+0000] {spark_submit.py:492} INFO - 23/06/25 05:37:36 INFO SparkEnv: Registering BlockManagerMasterHeartbeat
[2023-06-25T05:37:36.436+0000] {spark_submit.py:492} INFO - 23/06/25 05:37:36 INFO DiskBlockManager: Created local directory at /tmp/blockmgr-784cd097-f12c-4bbd-b3b4-94f08a530f90
[2023-06-25T05:37:36.455+0000] {spark_submit.py:492} INFO - 23/06/25 05:37:36 INFO MemoryStore: MemoryStore started with capacity 434.4 MiB
[2023-06-25T05:37:36.467+0000] {spark_submit.py:492} INFO - 23/06/25 05:37:36 INFO SparkEnv: Registering OutputCommitCoordinator
[2023-06-25T05:37:36.627+0000] {spark_submit.py:492} INFO - 23/06/25 05:37:36 INFO Utils: Successfully started service 'SparkUI' on port 4040.
[2023-06-25T05:37:36.678+0000] {spark_submit.py:492} INFO - 23/06/25 05:37:36 INFO SparkUI: Bound SparkUI to 0.0.0.0, and started at http://a8d69ab09d2d:4040
[2023-06-25T05:37:36.871+0000] {spark_submit.py:492} INFO - 23/06/25 05:37:36 INFO StandaloneAppClient$ClientEndpoint: Connecting to master spark://spark:7077...
[2023-06-25T05:37:36.937+0000] {spark_submit.py:492} INFO - 23/06/25 05:37:36 INFO TransportClientFactory: Successfully created connection to spark/172.19.0.9:7077 after 51 ms (0 ms spent in bootstraps)
[2023-06-25T05:37:37.010+0000] {spark_submit.py:492} INFO - 23/06/25 05:37:37 INFO StandaloneSchedulerBackend: Connected to Spark cluster with app ID app-20230625053737-0004
[2023-06-25T05:37:37.014+0000] {spark_submit.py:492} INFO - 23/06/25 05:37:37 INFO StandaloneAppClient$ClientEndpoint: Executor added: app-20230625053737-0004/0 on worker-20230625052031-172.19.0.10-41441 (172.19.0.10:41441) with 1 core(s)
[2023-06-25T05:37:37.016+0000] {spark_submit.py:492} INFO - 23/06/25 05:37:37 INFO StandaloneSchedulerBackend: Granted executor ID app-20230625053737-0004/0 on hostPort 172.19.0.10:41441 with 1 core(s), 1024.0 MiB RAM
[2023-06-25T05:37:37.018+0000] {spark_submit.py:492} INFO - 23/06/25 05:37:37 INFO Utils: Successfully started service 'org.apache.spark.network.netty.NettyBlockTransferService' on port 41123.
[2023-06-25T05:37:37.019+0000] {spark_submit.py:492} INFO - 23/06/25 05:37:37 INFO NettyBlockTransferService: Server created on a8d69ab09d2d:41123
[2023-06-25T05:37:37.021+0000] {spark_submit.py:492} INFO - 23/06/25 05:37:37 INFO BlockManager: Using org.apache.spark.storage.RandomBlockReplicationPolicy for block replication policy
[2023-06-25T05:37:37.027+0000] {spark_submit.py:492} INFO - 23/06/25 05:37:37 INFO BlockManagerMaster: Registering BlockManager BlockManagerId(driver, a8d69ab09d2d, 41123, None)
[2023-06-25T05:37:37.031+0000] {spark_submit.py:492} INFO - 23/06/25 05:37:37 INFO BlockManagerMasterEndpoint: Registering block manager a8d69ab09d2d:41123 with 434.4 MiB RAM, BlockManagerId(driver, a8d69ab09d2d, 41123, None)
[2023-06-25T05:37:37.034+0000] {spark_submit.py:492} INFO - 23/06/25 05:37:37 INFO BlockManagerMaster: Registered BlockManager BlockManagerId(driver, a8d69ab09d2d, 41123, None)
[2023-06-25T05:37:37.035+0000] {spark_submit.py:492} INFO - 23/06/25 05:37:37 INFO BlockManager: Initialized BlockManager: BlockManagerId(driver, a8d69ab09d2d, 41123, None)
[2023-06-25T05:37:37.051+0000] {spark_submit.py:492} INFO - 23/06/25 05:37:37 INFO StandaloneAppClient$ClientEndpoint: Executor updated: app-20230625053737-0004/0 is now RUNNING
[2023-06-25T05:37:37.211+0000] {spark_submit.py:492} INFO - 23/06/25 05:37:37 INFO StandaloneSchedulerBackend: SchedulerBackend is ready for scheduling beginning after reached minRegisteredResourcesRatio: 0.0
[2023-06-25T05:37:37.411+0000] {spark_submit.py:492} INFO - 23/06/25 05:37:37 INFO SharedState: Setting hive.metastore.warehouse.dir ('null') to the value of spark.sql.warehouse.dir.
[2023-06-25T05:37:37.429+0000] {spark_submit.py:492} INFO - 23/06/25 05:37:37 INFO SharedState: Warehouse path is 'file:/opt/***/spark-warehouse'.
[2023-06-25T05:37:38.914+0000] {spark_submit.py:492} INFO - 23/06/25 05:37:38 INFO CoarseGrainedSchedulerBackend$DriverEndpoint: Registered executor NettyRpcEndpointRef(spark-client://Executor) (172.19.0.10:55754) with ID 0,  ResourceProfileId 0
[2023-06-25T05:37:39.059+0000] {spark_submit.py:492} INFO - 23/06/25 05:37:39 INFO BlockManagerMasterEndpoint: Registering block manager 172.19.0.10:41299 with 366.3 MiB RAM, BlockManagerId(0, 172.19.0.10, 41299, None)
[2023-06-25T05:37:40.433+0000] {spark_submit.py:492} INFO - 23/06/25 05:37:40 INFO CodeGenerator: Code generated in 92.498524 ms
[2023-06-25T05:37:40.457+0000] {spark_submit.py:492} INFO - 23/06/25 05:37:40 INFO SparkContext: Starting job: showString at NativeMethodAccessorImpl.java:0
[2023-06-25T05:37:40.467+0000] {spark_submit.py:492} INFO - 23/06/25 05:37:40 INFO DAGScheduler: Got job 0 (showString at NativeMethodAccessorImpl.java:0) with 1 output partitions
[2023-06-25T05:37:40.467+0000] {spark_submit.py:492} INFO - 23/06/25 05:37:40 INFO DAGScheduler: Final stage: ResultStage 0 (showString at NativeMethodAccessorImpl.java:0)
[2023-06-25T05:37:40.468+0000] {spark_submit.py:492} INFO - 23/06/25 05:37:40 INFO DAGScheduler: Parents of final stage: List()
[2023-06-25T05:37:40.468+0000] {spark_submit.py:492} INFO - 23/06/25 05:37:40 INFO DAGScheduler: Missing parents: List()
[2023-06-25T05:37:40.471+0000] {spark_submit.py:492} INFO - 23/06/25 05:37:40 INFO DAGScheduler: Submitting ResultStage 0 (MapPartitionsRDD[6] at showString at NativeMethodAccessorImpl.java:0), which has no missing parents
[2023-06-25T05:37:40.541+0000] {spark_submit.py:492} INFO - 23/06/25 05:37:40 INFO MemoryStore: Block broadcast_0 stored as values in memory (estimated size 11.7 KiB, free 434.4 MiB)
[2023-06-25T05:37:40.566+0000] {spark_submit.py:492} INFO - 23/06/25 05:37:40 INFO MemoryStore: Block broadcast_0_piece0 stored as bytes in memory (estimated size 6.2 KiB, free 434.4 MiB)
[2023-06-25T05:37:40.568+0000] {spark_submit.py:492} INFO - 23/06/25 05:37:40 INFO BlockManagerInfo: Added broadcast_0_piece0 in memory on a8d69ab09d2d:41123 (size: 6.2 KiB, free: 434.4 MiB)
[2023-06-25T05:37:40.570+0000] {spark_submit.py:492} INFO - 23/06/25 05:37:40 INFO SparkContext: Created broadcast 0 from broadcast at DAGScheduler.scala:1427
[2023-06-25T05:37:40.581+0000] {spark_submit.py:492} INFO - 23/06/25 05:37:40 INFO DAGScheduler: Submitting 1 missing tasks from ResultStage 0 (MapPartitionsRDD[6] at showString at NativeMethodAccessorImpl.java:0) (first 15 tasks are for partitions Vector(0))
[2023-06-25T05:37:40.581+0000] {spark_submit.py:492} INFO - 23/06/25 05:37:40 INFO TaskSchedulerImpl: Adding task set 0.0 with 1 tasks resource profile 0
[2023-06-25T05:37:40.608+0000] {spark_submit.py:492} INFO - 23/06/25 05:37:40 INFO TaskSetManager: Starting task 0.0 in stage 0.0 (TID 0) (172.19.0.10, executor 0, partition 0, PROCESS_LOCAL, 4605 bytes) taskResourceAssignments Map()
[2023-06-25T05:37:40.778+0000] {spark_submit.py:492} INFO - 23/06/25 05:37:40 INFO BlockManagerInfo: Added broadcast_0_piece0 in memory on 172.19.0.10:41299 (size: 6.2 KiB, free: 366.3 MiB)
[2023-06-25T05:37:41.908+0000] {spark_submit.py:492} INFO - 23/06/25 05:37:41 INFO TaskSetManager: Finished task 0.0 in stage 0.0 (TID 0) in 1307 ms on 172.19.0.10 (executor 0) (1/1)
[2023-06-25T05:37:41.909+0000] {spark_submit.py:492} INFO - 23/06/25 05:37:41 INFO TaskSchedulerImpl: Removed TaskSet 0.0, whose tasks have all completed, from pool
[2023-06-25T05:37:41.912+0000] {spark_submit.py:492} INFO - 23/06/25 05:37:41 INFO PythonAccumulatorV2: Connected to AccumulatorServer at host: 127.0.0.1 port: 52265
[2023-06-25T05:37:41.915+0000] {spark_submit.py:492} INFO - 23/06/25 05:37:41 INFO DAGScheduler: ResultStage 0 (showString at NativeMethodAccessorImpl.java:0) finished in 1.433 s
[2023-06-25T05:37:41.917+0000] {spark_submit.py:492} INFO - 23/06/25 05:37:41 INFO DAGScheduler: Job 0 is finished. Cancelling potential speculative or zombie tasks for this job
[2023-06-25T05:37:41.917+0000] {spark_submit.py:492} INFO - 23/06/25 05:37:41 INFO TaskSchedulerImpl: Killing all running tasks in stage 0: Stage finished
[2023-06-25T05:37:41.919+0000] {spark_submit.py:492} INFO - 23/06/25 05:37:41 INFO DAGScheduler: Job 0 finished: showString at NativeMethodAccessorImpl.java:0, took 1.461387 s
[2023-06-25T05:37:41.929+0000] {spark_submit.py:492} INFO - 23/06/25 05:37:41 INFO SparkContext: Starting job: showString at NativeMethodAccessorImpl.java:0
[2023-06-25T05:37:41.930+0000] {spark_submit.py:492} INFO - 23/06/25 05:37:41 INFO DAGScheduler: Got job 1 (showString at NativeMethodAccessorImpl.java:0) with 1 output partitions
[2023-06-25T05:37:41.930+0000] {spark_submit.py:492} INFO - 23/06/25 05:37:41 INFO DAGScheduler: Final stage: ResultStage 1 (showString at NativeMethodAccessorImpl.java:0)
[2023-06-25T05:37:41.931+0000] {spark_submit.py:492} INFO - 23/06/25 05:37:41 INFO DAGScheduler: Parents of final stage: List()
[2023-06-25T05:37:41.931+0000] {spark_submit.py:492} INFO - 23/06/25 05:37:41 INFO DAGScheduler: Missing parents: List()
[2023-06-25T05:37:41.932+0000] {spark_submit.py:492} INFO - 23/06/25 05:37:41 INFO DAGScheduler: Submitting ResultStage 1 (MapPartitionsRDD[6] at showString at NativeMethodAccessorImpl.java:0), which has no missing parents
[2023-06-25T05:37:41.936+0000] {spark_submit.py:492} INFO - 23/06/25 05:37:41 INFO MemoryStore: Block broadcast_1 stored as values in memory (estimated size 11.7 KiB, free 434.4 MiB)
[2023-06-25T05:37:41.939+0000] {spark_submit.py:492} INFO - 23/06/25 05:37:41 INFO MemoryStore: Block broadcast_1_piece0 stored as bytes in memory (estimated size 6.2 KiB, free 434.4 MiB)
[2023-06-25T05:37:41.940+0000] {spark_submit.py:492} INFO - 23/06/25 05:37:41 INFO BlockManagerInfo: Added broadcast_1_piece0 in memory on a8d69ab09d2d:41123 (size: 6.2 KiB, free: 434.4 MiB)
[2023-06-25T05:37:41.940+0000] {spark_submit.py:492} INFO - 23/06/25 05:37:41 INFO SparkContext: Created broadcast 1 from broadcast at DAGScheduler.scala:1427
[2023-06-25T05:37:41.941+0000] {spark_submit.py:492} INFO - 23/06/25 05:37:41 INFO DAGScheduler: Submitting 1 missing tasks from ResultStage 1 (MapPartitionsRDD[6] at showString at NativeMethodAccessorImpl.java:0) (first 15 tasks are for partitions Vector(1))
[2023-06-25T05:37:41.941+0000] {spark_submit.py:492} INFO - 23/06/25 05:37:41 INFO TaskSchedulerImpl: Adding task set 1.0 with 1 tasks resource profile 0
[2023-06-25T05:37:41.943+0000] {spark_submit.py:492} INFO - 23/06/25 05:37:41 INFO TaskSetManager: Starting task 0.0 in stage 1.0 (TID 1) (172.19.0.10, executor 0, partition 1, PROCESS_LOCAL, 4529 bytes) taskResourceAssignments Map()
[2023-06-25T05:37:41.956+0000] {spark_submit.py:492} INFO - 23/06/25 05:37:41 INFO BlockManagerInfo: Added broadcast_1_piece0 in memory on 172.19.0.10:41299 (size: 6.2 KiB, free: 366.3 MiB)
[2023-06-25T05:37:42.012+0000] {spark_submit.py:492} INFO - 23/06/25 05:37:42 INFO TaskSetManager: Finished task 0.0 in stage 1.0 (TID 1) in 70 ms on 172.19.0.10 (executor 0) (1/1)
[2023-06-25T05:37:42.013+0000] {spark_submit.py:492} INFO - 23/06/25 05:37:42 INFO TaskSchedulerImpl: Removed TaskSet 1.0, whose tasks have all completed, from pool
[2023-06-25T05:37:42.013+0000] {spark_submit.py:492} INFO - 23/06/25 05:37:42 INFO DAGScheduler: ResultStage 1 (showString at NativeMethodAccessorImpl.java:0) finished in 0.080 s
[2023-06-25T05:37:42.013+0000] {spark_submit.py:492} INFO - 23/06/25 05:37:42 INFO DAGScheduler: Job 1 is finished. Cancelling potential speculative or zombie tasks for this job
[2023-06-25T05:37:42.014+0000] {spark_submit.py:492} INFO - 23/06/25 05:37:42 INFO TaskSchedulerImpl: Killing all running tasks in stage 1: Stage finished
[2023-06-25T05:37:42.014+0000] {spark_submit.py:492} INFO - 23/06/25 05:37:42 INFO DAGScheduler: Job 1 finished: showString at NativeMethodAccessorImpl.java:0, took 0.084138 s
[2023-06-25T05:37:42.037+0000] {spark_submit.py:492} INFO - 23/06/25 05:37:42 INFO CodeGenerator: Code generated in 11.166426 ms
[2023-06-25T05:37:42.045+0000] {spark_submit.py:492} INFO - +-----+-----------------------------------------------------------------------------+
[2023-06-25T05:37:42.045+0000] {spark_submit.py:492} INFO - |Seqno|Quote                                                                        |
[2023-06-25T05:37:42.045+0000] {spark_submit.py:492} INFO - +-----+-----------------------------------------------------------------------------+
[2023-06-25T05:37:42.046+0000] {spark_submit.py:492} INFO - |1    |Be the change that you wish to see in the world                              |
[2023-06-25T05:37:42.046+0000] {spark_submit.py:492} INFO - |2    |Everyone thinks of changing the world, but no one thinks of changing himself.|
[2023-06-25T05:37:42.046+0000] {spark_submit.py:492} INFO - |3    |The purpose of our lives is to be happy.                                     |
[2023-06-25T05:37:42.046+0000] {spark_submit.py:492} INFO - |4    |Be cool.                                                                     |
[2023-06-25T05:37:42.046+0000] {spark_submit.py:492} INFO - +-----+-----------------------------------------------------------------------------+
[2023-06-25T05:37:42.046+0000] {spark_submit.py:492} INFO - 
[2023-06-25T05:37:42.112+0000] {spark_submit.py:492} INFO - 23/06/25 05:37:42 INFO BlockManagerInfo: Removed broadcast_1_piece0 on a8d69ab09d2d:41123 in memory (size: 6.2 KiB, free: 434.4 MiB)
[2023-06-25T05:37:42.113+0000] {spark_submit.py:492} INFO - 23/06/25 05:37:42 INFO BlockManagerInfo: Removed broadcast_1_piece0 on 172.19.0.10:41299 in memory (size: 6.2 KiB, free: 366.3 MiB)
[2023-06-25T05:37:42.122+0000] {spark_submit.py:492} INFO - 23/06/25 05:37:42 INFO BlockManagerInfo: Removed broadcast_0_piece0 on a8d69ab09d2d:41123 in memory (size: 6.2 KiB, free: 434.4 MiB)
[2023-06-25T05:37:42.125+0000] {spark_submit.py:492} INFO - 23/06/25 05:37:42 INFO BlockManagerInfo: Removed broadcast_0_piece0 on 172.19.0.10:41299 in memory (size: 6.2 KiB, free: 366.3 MiB)
[2023-06-25T05:37:42.131+0000] {spark_submit.py:492} INFO - Traceback (most recent call last):
[2023-06-25T05:37:42.132+0000] {spark_submit.py:492} INFO - File "/opt/***/dags/spark_etl_spark_minio.py", line 43, in <module>
[2023-06-25T05:37:42.132+0000] {spark_submit.py:492} INFO - df.write.mode("append").parquet("s3a://datalake/test.parquet")
[2023-06-25T05:37:42.132+0000] {spark_submit.py:492} INFO - File "/opt/spark/python/lib/pyspark.zip/pyspark/sql/readwriter.py", line 885, in parquet
[2023-06-25T05:37:42.132+0000] {spark_submit.py:492} INFO - File "/opt/spark/python/lib/py4j-0.10.9.2-src.zip/py4j/java_gateway.py", line 1309, in __call__
[2023-06-25T05:37:42.132+0000] {spark_submit.py:492} INFO - File "/opt/spark/python/lib/pyspark.zip/pyspark/sql/utils.py", line 111, in deco
[2023-06-25T05:37:42.132+0000] {spark_submit.py:492} INFO - File "/opt/spark/python/lib/py4j-0.10.9.2-src.zip/py4j/protocol.py", line 326, in get_return_value
[2023-06-25T05:37:42.133+0000] {spark_submit.py:492} INFO - py4j.protocol.Py4JJavaError: An error occurred while calling o77.parquet.
[2023-06-25T05:37:42.133+0000] {spark_submit.py:492} INFO - : java.lang.RuntimeException: java.lang.ClassNotFoundException: Class org.apache.hadoop.fs.s3a.S3AFileSystem not found
[2023-06-25T05:37:42.133+0000] {spark_submit.py:492} INFO - at org.apache.hadoop.conf.Configuration.getClass(Configuration.java:2667)
[2023-06-25T05:37:42.133+0000] {spark_submit.py:492} INFO - at org.apache.hadoop.fs.FileSystem.getFileSystemClass(FileSystem.java:3431)
[2023-06-25T05:37:42.133+0000] {spark_submit.py:492} INFO - at org.apache.hadoop.fs.FileSystem.createFileSystem(FileSystem.java:3466)
[2023-06-25T05:37:42.133+0000] {spark_submit.py:492} INFO - at org.apache.hadoop.fs.FileSystem.access$300(FileSystem.java:174)
[2023-06-25T05:37:42.133+0000] {spark_submit.py:492} INFO - at org.apache.hadoop.fs.FileSystem$Cache.getInternal(FileSystem.java:3574)
[2023-06-25T05:37:42.134+0000] {spark_submit.py:492} INFO - at org.apache.hadoop.fs.FileSystem$Cache.get(FileSystem.java:3521)
[2023-06-25T05:37:42.134+0000] {spark_submit.py:492} INFO - at org.apache.hadoop.fs.FileSystem.get(FileSystem.java:540)
[2023-06-25T05:37:42.134+0000] {spark_submit.py:492} INFO - at org.apache.hadoop.fs.Path.getFileSystem(Path.java:365)
[2023-06-25T05:37:42.134+0000] {spark_submit.py:492} INFO - at org.apache.spark.sql.execution.datasources.DataSource.planForWritingFileFormat(DataSource.scala:461)
[2023-06-25T05:37:42.134+0000] {spark_submit.py:492} INFO - at org.apache.spark.sql.execution.datasources.DataSource.planForWriting(DataSource.scala:556)
[2023-06-25T05:37:42.134+0000] {spark_submit.py:492} INFO - at org.apache.spark.sql.DataFrameWriter.saveToV1Source(DataFrameWriter.scala:382)
[2023-06-25T05:37:42.134+0000] {spark_submit.py:492} INFO - at org.apache.spark.sql.DataFrameWriter.saveInternal(DataFrameWriter.scala:355)
[2023-06-25T05:37:42.134+0000] {spark_submit.py:492} INFO - at org.apache.spark.sql.DataFrameWriter.save(DataFrameWriter.scala:239)
[2023-06-25T05:37:42.134+0000] {spark_submit.py:492} INFO - at org.apache.spark.sql.DataFrameWriter.parquet(DataFrameWriter.scala:781)
[2023-06-25T05:37:42.135+0000] {spark_submit.py:492} INFO - at java.base/jdk.internal.reflect.NativeMethodAccessorImpl.invoke0(Native Method)
[2023-06-25T05:37:42.135+0000] {spark_submit.py:492} INFO - at java.base/jdk.internal.reflect.NativeMethodAccessorImpl.invoke(NativeMethodAccessorImpl.java:62)
[2023-06-25T05:37:42.135+0000] {spark_submit.py:492} INFO - at java.base/jdk.internal.reflect.DelegatingMethodAccessorImpl.invoke(DelegatingMethodAccessorImpl.java:43)
[2023-06-25T05:37:42.135+0000] {spark_submit.py:492} INFO - at java.base/java.lang.reflect.Method.invoke(Method.java:566)
[2023-06-25T05:37:42.135+0000] {spark_submit.py:492} INFO - at py4j.reflection.MethodInvoker.invoke(MethodInvoker.java:244)
[2023-06-25T05:37:42.135+0000] {spark_submit.py:492} INFO - at py4j.reflection.ReflectionEngine.invoke(ReflectionEngine.java:357)
[2023-06-25T05:37:42.135+0000] {spark_submit.py:492} INFO - at py4j.Gateway.invoke(Gateway.java:282)
[2023-06-25T05:37:42.135+0000] {spark_submit.py:492} INFO - at py4j.commands.AbstractCommand.invokeMethod(AbstractCommand.java:132)
[2023-06-25T05:37:42.135+0000] {spark_submit.py:492} INFO - at py4j.commands.CallCommand.execute(CallCommand.java:79)
[2023-06-25T05:37:42.135+0000] {spark_submit.py:492} INFO - at py4j.ClientServerConnection.waitForCommands(ClientServerConnection.java:182)
[2023-06-25T05:37:42.136+0000] {spark_submit.py:492} INFO - at py4j.ClientServerConnection.run(ClientServerConnection.java:106)
[2023-06-25T05:37:42.136+0000] {spark_submit.py:492} INFO - at java.base/java.lang.Thread.run(Thread.java:829)
[2023-06-25T05:37:42.136+0000] {spark_submit.py:492} INFO - Caused by: java.lang.ClassNotFoundException: Class org.apache.hadoop.fs.s3a.S3AFileSystem not found
[2023-06-25T05:37:42.136+0000] {spark_submit.py:492} INFO - at org.apache.hadoop.conf.Configuration.getClassByName(Configuration.java:2571)
[2023-06-25T05:37:42.136+0000] {spark_submit.py:492} INFO - at org.apache.hadoop.conf.Configuration.getClass(Configuration.java:2665)
[2023-06-25T05:37:42.136+0000] {spark_submit.py:492} INFO - ... 25 more
[2023-06-25T05:37:42.136+0000] {spark_submit.py:492} INFO - 
[2023-06-25T05:37:42.197+0000] {spark_submit.py:492} INFO - 23/06/25 05:37:42 INFO SparkContext: Invoking stop() from shutdown hook
[2023-06-25T05:37:42.202+0000] {spark_submit.py:492} INFO - 23/06/25 05:37:42 INFO SparkUI: Stopped Spark web UI at http://a8d69ab09d2d:4040
[2023-06-25T05:37:42.205+0000] {spark_submit.py:492} INFO - 23/06/25 05:37:42 INFO StandaloneSchedulerBackend: Shutting down all executors
[2023-06-25T05:37:42.205+0000] {spark_submit.py:492} INFO - 23/06/25 05:37:42 INFO CoarseGrainedSchedulerBackend$DriverEndpoint: Asking each executor to shut down
[2023-06-25T05:37:42.227+0000] {spark_submit.py:492} INFO - 23/06/25 05:37:42 INFO MapOutputTrackerMasterEndpoint: MapOutputTrackerMasterEndpoint stopped!
[2023-06-25T05:37:42.240+0000] {spark_submit.py:492} INFO - 23/06/25 05:37:42 INFO MemoryStore: MemoryStore cleared
[2023-06-25T05:37:42.241+0000] {spark_submit.py:492} INFO - 23/06/25 05:37:42 INFO BlockManager: BlockManager stopped
[2023-06-25T05:37:42.244+0000] {spark_submit.py:492} INFO - 23/06/25 05:37:42 INFO BlockManagerMaster: BlockManagerMaster stopped
[2023-06-25T05:37:42.246+0000] {spark_submit.py:492} INFO - 23/06/25 05:37:42 INFO OutputCommitCoordinator$OutputCommitCoordinatorEndpoint: OutputCommitCoordinator stopped!
[2023-06-25T05:37:42.261+0000] {spark_submit.py:492} INFO - 23/06/25 05:37:42 INFO SparkContext: Successfully stopped SparkContext
[2023-06-25T05:37:42.261+0000] {spark_submit.py:492} INFO - 23/06/25 05:37:42 INFO ShutdownHookManager: Shutdown hook called
[2023-06-25T05:37:42.262+0000] {spark_submit.py:492} INFO - 23/06/25 05:37:42 INFO ShutdownHookManager: Deleting directory /tmp/spark-c40ef8fd-74b4-4c2b-8bbb-71b0a51f5758
[2023-06-25T05:37:42.266+0000] {spark_submit.py:492} INFO - 23/06/25 05:37:42 INFO ShutdownHookManager: Deleting directory /tmp/spark-1142eb7f-76ac-4287-9702-cd06428e4631
[2023-06-25T05:37:42.269+0000] {spark_submit.py:492} INFO - 23/06/25 05:37:42 INFO ShutdownHookManager: Deleting directory /tmp/spark-c40ef8fd-74b4-4c2b-8bbb-71b0a51f5758/pyspark-87c64b0c-453b-43e0-82ce-d2d3b89920e2
[2023-06-25T05:37:42.338+0000] {taskinstance.py:1775} ERROR - Task failed with exception
Traceback (most recent call last):
  File "/home/airflow/.local/lib/python3.8/site-packages/airflow/providers/apache/spark/operators/spark_submit.py", line 157, in execute
    self._hook.submit(self._application)
  File "/home/airflow/.local/lib/python3.8/site-packages/airflow/providers/apache/spark/hooks/spark_submit.py", line 423, in submit
    raise AirflowException(
airflow.exceptions.AirflowException: Cannot execute: spark-submit --master spark://spark:7077 --name arrow-spark /opt/***/dags/spark_etl_spark_minio.py. Error code is: 1.
[2023-06-25T05:37:42.341+0000] {taskinstance.py:1321} INFO - Marking task as UP_FOR_RETRY. dag_id=spark_etl_minio_v11, task_id=spark_submit_task, execution_date=20230625T053732, start_date=20230625T053733, end_date=20230625T053742
[2023-06-25T05:37:42.352+0000] {standard_task_runner.py:100} ERROR - Failed to execute job 207 for task spark_submit_task (Cannot execute: spark-submit --master spark://spark:7077 --name arrow-spark /opt/***/dags/spark_etl_spark_minio.py. Error code is: 1.; 21208)
[2023-06-25T05:37:42.374+0000] {local_task_job.py:212} INFO - Task exited with return code 1
[2023-06-25T05:37:42.384+0000] {taskinstance.py:2585} INFO - 0 downstream tasks scheduled from follow-on schedule check
