[2023-06-24T16:29:14.004+0000] {taskinstance.py:1084} INFO - Dependencies all met for dep_context=non-requeueable deps ti=<TaskInstance: spark_etl_minio.spark_submit_task scheduled__2023-06-21T00:00:00+00:00 [queued]>
[2023-06-24T16:29:14.027+0000] {taskinstance.py:1084} INFO - Dependencies all met for dep_context=requeueable deps ti=<TaskInstance: spark_etl_minio.spark_submit_task scheduled__2023-06-21T00:00:00+00:00 [queued]>
[2023-06-24T16:29:14.027+0000] {taskinstance.py:1282} INFO - 
--------------------------------------------------------------------------------
[2023-06-24T16:29:14.027+0000] {taskinstance.py:1283} INFO - Starting attempt 2 of 6
[2023-06-24T16:29:14.027+0000] {taskinstance.py:1284} INFO - 
--------------------------------------------------------------------------------
[2023-06-24T16:29:14.055+0000] {taskinstance.py:1303} INFO - Executing <Task(SparkSubmitOperator): spark_submit_task> on 2023-06-21 00:00:00+00:00
[2023-06-24T16:29:14.061+0000] {standard_task_runner.py:55} INFO - Started process 4224 to run task
[2023-06-24T16:29:14.075+0000] {standard_task_runner.py:82} INFO - Running: ['***', 'tasks', 'run', 'spark_etl_minio', 'spark_submit_task', 'scheduled__2023-06-21T00:00:00+00:00', '--job-id', '97', '--raw', '--subdir', 'DAGS_FOLDER/spark_job_minio.py', '--cfg-path', '/tmp/tmpst3728c1']
[2023-06-24T16:29:14.075+0000] {standard_task_runner.py:83} INFO - Job 97: Subtask spark_submit_task
[2023-06-24T16:29:14.098+0000] {warnings.py:109} WARNING - /home/***/.local/lib/python3.8/site-packages/***/settings.py:250: DeprecationWarning: The sql_alchemy_conn option in [core] has been moved to the sql_alchemy_conn option in [database] - the old setting has been used, but please update your config.
  SQL_ALCHEMY_CONN = conf.get("database", "SQL_ALCHEMY_CONN")

[2023-06-24T16:29:14.122+0000] {warnings.py:109} WARNING - /home/***/.local/lib/python3.8/site-packages/***/utils/sqlalchemy.py:124: DeprecationWarning: The sql_alchemy_conn option in [core] has been moved to the sql_alchemy_conn option in [database] - the old setting has been used, but please update your config.
  return not conf.get("database", "sql_alchemy_conn").startswith("mssql")

[2023-06-24T16:29:14.170+0000] {task_command.py:388} INFO - Running <TaskInstance: spark_etl_minio.spark_submit_task scheduled__2023-06-21T00:00:00+00:00 [running]> on host a8d69ab09d2d
[2023-06-24T16:29:14.287+0000] {taskinstance.py:1509} INFO - Exporting the following env vars:
AIRFLOW_CTX_DAG_OWNER=***
AIRFLOW_CTX_DAG_ID=spark_etl_minio
AIRFLOW_CTX_TASK_ID=spark_submit_task
AIRFLOW_CTX_EXECUTION_DATE=2023-06-21T00:00:00+00:00
AIRFLOW_CTX_TRY_NUMBER=2
AIRFLOW_CTX_DAG_RUN_ID=scheduled__2023-06-21T00:00:00+00:00
[2023-06-24T16:29:14.306+0000] {base.py:73} INFO - Using connection ID 'spark_conn' for task execution.
[2023-06-24T16:29:14.308+0000] {spark_submit.py:341} INFO - Spark-Submit cmd: spark-submit --master spark://spark:7077 --name arrow-spark /opt/***/dags/spark_etl_spark_minio.py
[2023-06-24T16:29:16.276+0000] {spark_submit.py:492} INFO - WARNING: An illegal reflective access operation has occurred
[2023-06-24T16:29:16.277+0000] {spark_submit.py:492} INFO - WARNING: Illegal reflective access by org.apache.spark.unsafe.Platform (file:/opt/spark/jars/spark-unsafe_2.12-3.2.0.jar) to constructor java.nio.DirectByteBuffer(long,int)
[2023-06-24T16:29:16.277+0000] {spark_submit.py:492} INFO - WARNING: Please consider reporting this to the maintainers of org.apache.spark.unsafe.Platform
[2023-06-24T16:29:16.277+0000] {spark_submit.py:492} INFO - WARNING: Use --illegal-access=warn to enable warnings of further illegal reflective access operations
[2023-06-24T16:29:16.277+0000] {spark_submit.py:492} INFO - WARNING: All illegal access operations will be denied in a future release
[2023-06-24T16:29:17.917+0000] {spark_submit.py:492} INFO - Using Spark's default log4j profile: org/apache/spark/log4j-defaults.properties
[2023-06-24T16:29:17.928+0000] {spark_submit.py:492} INFO - 23/06/24 16:29:17 INFO SparkContext: Running Spark version 3.2.0
[2023-06-24T16:29:18.021+0000] {spark_submit.py:492} INFO - 23/06/24 16:29:18 WARN NativeCodeLoader: Unable to load native-hadoop library for your platform... using builtin-java classes where applicable
[2023-06-24T16:29:18.144+0000] {spark_submit.py:492} INFO - 23/06/24 16:29:18 INFO ResourceUtils: ==============================================================
[2023-06-24T16:29:18.145+0000] {spark_submit.py:492} INFO - 23/06/24 16:29:18 INFO ResourceUtils: No custom resources configured for spark.driver.
[2023-06-24T16:29:18.145+0000] {spark_submit.py:492} INFO - 23/06/24 16:29:18 INFO ResourceUtils: ==============================================================
[2023-06-24T16:29:18.146+0000] {spark_submit.py:492} INFO - 23/06/24 16:29:18 INFO SparkContext: Submitted application: arrow-spark
[2023-06-24T16:29:18.183+0000] {spark_submit.py:492} INFO - 23/06/24 16:29:18 INFO ResourceProfile: Default ResourceProfile created, executor resources: Map(cores -> name: cores, amount: 1, script: , vendor: , memory -> name: memory, amount: 1024, script: , vendor: , offHeap -> name: offHeap, amount: 0, script: , vendor: ), task resources: Map(cpus -> name: cpus, amount: 1.0)
[2023-06-24T16:29:18.199+0000] {spark_submit.py:492} INFO - 23/06/24 16:29:18 INFO ResourceProfile: Limiting resource is cpu
[2023-06-24T16:29:18.200+0000] {spark_submit.py:492} INFO - 23/06/24 16:29:18 INFO ResourceProfileManager: Added ResourceProfile id: 0
[2023-06-24T16:29:18.278+0000] {spark_submit.py:492} INFO - 23/06/24 16:29:18 INFO SecurityManager: Changing view acls to: default
[2023-06-24T16:29:18.280+0000] {spark_submit.py:492} INFO - 23/06/24 16:29:18 INFO SecurityManager: Changing modify acls to: default
[2023-06-24T16:29:18.280+0000] {spark_submit.py:492} INFO - 23/06/24 16:29:18 INFO SecurityManager: Changing view acls groups to:
[2023-06-24T16:29:18.280+0000] {spark_submit.py:492} INFO - 23/06/24 16:29:18 INFO SecurityManager: Changing modify acls groups to:
[2023-06-24T16:29:18.281+0000] {spark_submit.py:492} INFO - 23/06/24 16:29:18 INFO SecurityManager: SecurityManager: authentication disabled; ui acls disabled; users  with view permissions: Set(default); groups with view permissions: Set(); users  with modify permissions: Set(default); groups with modify permissions: Set()
[2023-06-24T16:29:18.752+0000] {spark_submit.py:492} INFO - 23/06/24 16:29:18 INFO Utils: Successfully started service 'sparkDriver' on port 35055.
[2023-06-24T16:29:18.804+0000] {spark_submit.py:492} INFO - 23/06/24 16:29:18 INFO SparkEnv: Registering MapOutputTracker
[2023-06-24T16:29:18.845+0000] {spark_submit.py:492} INFO - 23/06/24 16:29:18 INFO SparkEnv: Registering BlockManagerMaster
[2023-06-24T16:29:18.869+0000] {spark_submit.py:492} INFO - 23/06/24 16:29:18 INFO BlockManagerMasterEndpoint: Using org.apache.spark.storage.DefaultTopologyMapper for getting topology information
[2023-06-24T16:29:18.870+0000] {spark_submit.py:492} INFO - 23/06/24 16:29:18 INFO BlockManagerMasterEndpoint: BlockManagerMasterEndpoint up
[2023-06-24T16:29:18.874+0000] {spark_submit.py:492} INFO - 23/06/24 16:29:18 INFO SparkEnv: Registering BlockManagerMasterHeartbeat
[2023-06-24T16:29:18.907+0000] {spark_submit.py:492} INFO - 23/06/24 16:29:18 INFO DiskBlockManager: Created local directory at /tmp/blockmgr-1efc2fa0-71b8-4487-bc6a-573860a23864
[2023-06-24T16:29:18.935+0000] {spark_submit.py:492} INFO - 23/06/24 16:29:18 INFO MemoryStore: MemoryStore started with capacity 434.4 MiB
[2023-06-24T16:29:18.964+0000] {spark_submit.py:492} INFO - 23/06/24 16:29:18 INFO SparkEnv: Registering OutputCommitCoordinator
[2023-06-24T16:29:19.238+0000] {spark_submit.py:492} INFO - 23/06/24 16:29:19 INFO Utils: Successfully started service 'SparkUI' on port 4040.
[2023-06-24T16:29:19.328+0000] {spark_submit.py:492} INFO - 23/06/24 16:29:19 INFO SparkUI: Bound SparkUI to 0.0.0.0, and started at http://a8d69ab09d2d:4040
[2023-06-24T16:29:19.678+0000] {spark_submit.py:492} INFO - 23/06/24 16:29:19 INFO StandaloneAppClient$ClientEndpoint: Connecting to master spark://spark:7077...
[2023-06-24T16:29:19.811+0000] {spark_submit.py:492} INFO - 23/06/24 16:29:19 INFO TransportClientFactory: Successfully created connection to spark/172.19.0.11:7077 after 107 ms (0 ms spent in bootstraps)
[2023-06-24T16:29:19.972+0000] {spark_submit.py:492} INFO - 23/06/24 16:29:19 INFO StandaloneSchedulerBackend: Connected to Spark cluster with app ID app-20230624162919-0020
[2023-06-24T16:29:20.014+0000] {spark_submit.py:492} INFO - 23/06/24 16:29:20 INFO StandaloneAppClient$ClientEndpoint: Executor added: app-20230624162919-0020/0 on worker-20230624161025-172.19.0.3-35241 (172.19.0.3:35241) with 1 core(s)
[2023-06-24T16:29:20.015+0000] {spark_submit.py:492} INFO - 23/06/24 16:29:20 INFO StandaloneSchedulerBackend: Granted executor ID app-20230624162919-0020/0 on hostPort 172.19.0.3:35241 with 1 core(s), 1024.0 MiB RAM
[2023-06-24T16:29:20.015+0000] {spark_submit.py:492} INFO - 23/06/24 16:29:20 INFO Utils: Successfully started service 'org.apache.spark.network.netty.NettyBlockTransferService' on port 40591.
[2023-06-24T16:29:20.016+0000] {spark_submit.py:492} INFO - 23/06/24 16:29:20 INFO NettyBlockTransferService: Server created on a8d69ab09d2d:40591
[2023-06-24T16:29:20.019+0000] {spark_submit.py:492} INFO - 23/06/24 16:29:20 INFO BlockManager: Using org.apache.spark.storage.RandomBlockReplicationPolicy for block replication policy
[2023-06-24T16:29:20.052+0000] {spark_submit.py:492} INFO - 23/06/24 16:29:20 INFO BlockManagerMaster: Registering BlockManager BlockManagerId(driver, a8d69ab09d2d, 40591, None)
[2023-06-24T16:29:20.062+0000] {spark_submit.py:492} INFO - 23/06/24 16:29:20 INFO BlockManagerMasterEndpoint: Registering block manager a8d69ab09d2d:40591 with 434.4 MiB RAM, BlockManagerId(driver, a8d69ab09d2d, 40591, None)
[2023-06-24T16:29:20.071+0000] {spark_submit.py:492} INFO - 23/06/24 16:29:20 INFO BlockManagerMaster: Registered BlockManager BlockManagerId(driver, a8d69ab09d2d, 40591, None)
[2023-06-24T16:29:20.075+0000] {spark_submit.py:492} INFO - 23/06/24 16:29:20 INFO StandaloneAppClient$ClientEndpoint: Executor updated: app-20230624162919-0020/0 is now RUNNING
[2023-06-24T16:29:20.076+0000] {spark_submit.py:492} INFO - 23/06/24 16:29:20 INFO BlockManager: Initialized BlockManager: BlockManagerId(driver, a8d69ab09d2d, 40591, None)
[2023-06-24T16:29:20.418+0000] {spark_submit.py:492} INFO - 23/06/24 16:29:20 INFO StandaloneSchedulerBackend: SchedulerBackend is ready for scheduling beginning after reached minRegisteredResourcesRatio: 0.0
[2023-06-24T16:29:20.843+0000] {spark_submit.py:492} INFO - 23/06/24 16:29:20 INFO SharedState: Setting hive.metastore.warehouse.dir ('null') to the value of spark.sql.warehouse.dir.
[2023-06-24T16:29:20.886+0000] {spark_submit.py:492} INFO - 23/06/24 16:29:20 INFO SharedState: Warehouse path is 'file:/opt/***/spark-warehouse'.
[2023-06-24T16:29:24.111+0000] {spark_submit.py:492} INFO - 23/06/24 16:29:24 INFO CoarseGrainedSchedulerBackend$DriverEndpoint: Registered executor NettyRpcEndpointRef(spark-client://Executor) (172.19.0.3:44940) with ID 0,  ResourceProfileId 0
[2023-06-24T16:29:24.412+0000] {spark_submit.py:492} INFO - 23/06/24 16:29:24 INFO BlockManagerMasterEndpoint: Registering block manager 172.19.0.3:36049 with 366.3 MiB RAM, BlockManagerId(0, 172.19.0.3, 36049, None)
[2023-06-24T16:29:28.713+0000] {spark_submit.py:492} INFO - 23/06/24 16:29:28 INFO CodeGenerator: Code generated in 421.886717 ms
[2023-06-24T16:29:28.802+0000] {spark_submit.py:492} INFO - 23/06/24 16:29:28 INFO SparkContext: Starting job: showString at NativeMethodAccessorImpl.java:0
[2023-06-24T16:29:28.822+0000] {spark_submit.py:492} INFO - 23/06/24 16:29:28 INFO DAGScheduler: Got job 0 (showString at NativeMethodAccessorImpl.java:0) with 1 output partitions
[2023-06-24T16:29:28.823+0000] {spark_submit.py:492} INFO - 23/06/24 16:29:28 INFO DAGScheduler: Final stage: ResultStage 0 (showString at NativeMethodAccessorImpl.java:0)
[2023-06-24T16:29:28.824+0000] {spark_submit.py:492} INFO - 23/06/24 16:29:28 INFO DAGScheduler: Parents of final stage: List()
[2023-06-24T16:29:28.825+0000] {spark_submit.py:492} INFO - 23/06/24 16:29:28 INFO DAGScheduler: Missing parents: List()
[2023-06-24T16:29:28.852+0000] {spark_submit.py:492} INFO - 23/06/24 16:29:28 INFO DAGScheduler: Submitting ResultStage 0 (MapPartitionsRDD[6] at showString at NativeMethodAccessorImpl.java:0), which has no missing parents
[2023-06-24T16:29:29.132+0000] {spark_submit.py:492} INFO - 23/06/24 16:29:29 INFO MemoryStore: Block broadcast_0 stored as values in memory (estimated size 11.7 KiB, free 434.4 MiB)
[2023-06-24T16:29:29.208+0000] {spark_submit.py:492} INFO - 23/06/24 16:29:29 INFO MemoryStore: Block broadcast_0_piece0 stored as bytes in memory (estimated size 6.2 KiB, free 434.4 MiB)
[2023-06-24T16:29:29.213+0000] {spark_submit.py:492} INFO - 23/06/24 16:29:29 INFO BlockManagerInfo: Added broadcast_0_piece0 in memory on a8d69ab09d2d:40591 (size: 6.2 KiB, free: 434.4 MiB)
[2023-06-24T16:29:29.221+0000] {spark_submit.py:492} INFO - 23/06/24 16:29:29 INFO SparkContext: Created broadcast 0 from broadcast at DAGScheduler.scala:1427
[2023-06-24T16:29:29.246+0000] {spark_submit.py:492} INFO - 23/06/24 16:29:29 INFO DAGScheduler: Submitting 1 missing tasks from ResultStage 0 (MapPartitionsRDD[6] at showString at NativeMethodAccessorImpl.java:0) (first 15 tasks are for partitions Vector(0))
[2023-06-24T16:29:29.248+0000] {spark_submit.py:492} INFO - 23/06/24 16:29:29 INFO TaskSchedulerImpl: Adding task set 0.0 with 1 tasks resource profile 0
[2023-06-24T16:29:29.332+0000] {spark_submit.py:492} INFO - 23/06/24 16:29:29 INFO TaskSetManager: Starting task 0.0 in stage 0.0 (TID 0) (172.19.0.3, executor 0, partition 0, PROCESS_LOCAL, 4605 bytes) taskResourceAssignments Map()
[2023-06-24T16:29:30.126+0000] {spark_submit.py:492} INFO - 23/06/24 16:29:30 INFO BlockManagerInfo: Added broadcast_0_piece0 in memory on 172.19.0.3:36049 (size: 6.2 KiB, free: 366.3 MiB)
[2023-06-24T16:29:33.372+0000] {spark_submit.py:492} INFO - 23/06/24 16:29:33 INFO TaskSetManager: Finished task 0.0 in stage 0.0 (TID 0) in 4063 ms on 172.19.0.3 (executor 0) (1/1)
[2023-06-24T16:29:33.388+0000] {spark_submit.py:492} INFO - 23/06/24 16:29:33 INFO PythonAccumulatorV2: Connected to AccumulatorServer at host: 127.0.0.1 port: 54867
[2023-06-24T16:29:33.395+0000] {spark_submit.py:492} INFO - 23/06/24 16:29:33 INFO DAGScheduler: ResultStage 0 (showString at NativeMethodAccessorImpl.java:0) finished in 4.526 s
[2023-06-24T16:29:33.406+0000] {spark_submit.py:492} INFO - 23/06/24 16:29:33 INFO DAGScheduler: Job 0 is finished. Cancelling potential speculative or zombie tasks for this job
[2023-06-24T16:29:33.415+0000] {spark_submit.py:492} INFO - 23/06/24 16:29:33 INFO TaskSchedulerImpl: Removed TaskSet 0.0, whose tasks have all completed, from pool
[2023-06-24T16:29:33.417+0000] {spark_submit.py:492} INFO - 23/06/24 16:29:33 INFO TaskSchedulerImpl: Killing all running tasks in stage 0: Stage finished
[2023-06-24T16:29:33.420+0000] {spark_submit.py:492} INFO - 23/06/24 16:29:33 INFO DAGScheduler: Job 0 finished: showString at NativeMethodAccessorImpl.java:0, took 4.616211 s
[2023-06-24T16:29:33.450+0000] {spark_submit.py:492} INFO - 23/06/24 16:29:33 INFO SparkContext: Starting job: showString at NativeMethodAccessorImpl.java:0
[2023-06-24T16:29:33.452+0000] {spark_submit.py:492} INFO - 23/06/24 16:29:33 INFO DAGScheduler: Got job 1 (showString at NativeMethodAccessorImpl.java:0) with 1 output partitions
[2023-06-24T16:29:33.453+0000] {spark_submit.py:492} INFO - 23/06/24 16:29:33 INFO DAGScheduler: Final stage: ResultStage 1 (showString at NativeMethodAccessorImpl.java:0)
[2023-06-24T16:29:33.453+0000] {spark_submit.py:492} INFO - 23/06/24 16:29:33 INFO DAGScheduler: Parents of final stage: List()
[2023-06-24T16:29:33.453+0000] {spark_submit.py:492} INFO - 23/06/24 16:29:33 INFO DAGScheduler: Missing parents: List()
[2023-06-24T16:29:33.458+0000] {spark_submit.py:492} INFO - 23/06/24 16:29:33 INFO DAGScheduler: Submitting ResultStage 1 (MapPartitionsRDD[6] at showString at NativeMethodAccessorImpl.java:0), which has no missing parents
[2023-06-24T16:29:33.463+0000] {spark_submit.py:492} INFO - 23/06/24 16:29:33 INFO MemoryStore: Block broadcast_1 stored as values in memory (estimated size 11.7 KiB, free 434.4 MiB)
[2023-06-24T16:29:33.472+0000] {spark_submit.py:492} INFO - 23/06/24 16:29:33 INFO MemoryStore: Block broadcast_1_piece0 stored as bytes in memory (estimated size 6.2 KiB, free 434.4 MiB)
[2023-06-24T16:29:33.477+0000] {spark_submit.py:492} INFO - 23/06/24 16:29:33 INFO BlockManagerInfo: Added broadcast_1_piece0 in memory on a8d69ab09d2d:40591 (size: 6.2 KiB, free: 434.4 MiB)
[2023-06-24T16:29:33.481+0000] {spark_submit.py:492} INFO - 23/06/24 16:29:33 INFO SparkContext: Created broadcast 1 from broadcast at DAGScheduler.scala:1427
[2023-06-24T16:29:33.482+0000] {spark_submit.py:492} INFO - 23/06/24 16:29:33 INFO DAGScheduler: Submitting 1 missing tasks from ResultStage 1 (MapPartitionsRDD[6] at showString at NativeMethodAccessorImpl.java:0) (first 15 tasks are for partitions Vector(1))
[2023-06-24T16:29:33.485+0000] {spark_submit.py:492} INFO - 23/06/24 16:29:33 INFO TaskSchedulerImpl: Adding task set 1.0 with 1 tasks resource profile 0
[2023-06-24T16:29:33.488+0000] {spark_submit.py:492} INFO - 23/06/24 16:29:33 INFO TaskSetManager: Starting task 0.0 in stage 1.0 (TID 1) (172.19.0.3, executor 0, partition 1, PROCESS_LOCAL, 4529 bytes) taskResourceAssignments Map()
[2023-06-24T16:29:33.525+0000] {spark_submit.py:492} INFO - 23/06/24 16:29:33 INFO BlockManagerInfo: Added broadcast_1_piece0 in memory on 172.19.0.3:36049 (size: 6.2 KiB, free: 366.3 MiB)
[2023-06-24T16:29:33.633+0000] {spark_submit.py:492} INFO - 23/06/24 16:29:33 INFO TaskSetManager: Finished task 0.0 in stage 1.0 (TID 1) in 146 ms on 172.19.0.3 (executor 0) (1/1)
[2023-06-24T16:29:33.634+0000] {spark_submit.py:492} INFO - 23/06/24 16:29:33 INFO TaskSchedulerImpl: Removed TaskSet 1.0, whose tasks have all completed, from pool
[2023-06-24T16:29:33.636+0000] {spark_submit.py:492} INFO - 23/06/24 16:29:33 INFO DAGScheduler: ResultStage 1 (showString at NativeMethodAccessorImpl.java:0) finished in 0.177 s
[2023-06-24T16:29:33.636+0000] {spark_submit.py:492} INFO - 23/06/24 16:29:33 INFO DAGScheduler: Job 1 is finished. Cancelling potential speculative or zombie tasks for this job
[2023-06-24T16:29:33.636+0000] {spark_submit.py:492} INFO - 23/06/24 16:29:33 INFO TaskSchedulerImpl: Killing all running tasks in stage 1: Stage finished
[2023-06-24T16:29:33.638+0000] {spark_submit.py:492} INFO - 23/06/24 16:29:33 INFO DAGScheduler: Job 1 finished: showString at NativeMethodAccessorImpl.java:0, took 0.185868 s
[2023-06-24T16:29:33.709+0000] {spark_submit.py:492} INFO - 23/06/24 16:29:33 INFO CodeGenerator: Code generated in 40.409864 ms
[2023-06-24T16:29:33.744+0000] {spark_submit.py:492} INFO - +-----+-----------------------------------------------------------------------------+
[2023-06-24T16:29:33.745+0000] {spark_submit.py:492} INFO - |Seqno|Quote                                                                        |
[2023-06-24T16:29:33.745+0000] {spark_submit.py:492} INFO - +-----+-----------------------------------------------------------------------------+
[2023-06-24T16:29:33.745+0000] {spark_submit.py:492} INFO - |1    |Be the change that you wish to see in the world                              |
[2023-06-24T16:29:33.745+0000] {spark_submit.py:492} INFO - |2    |Everyone thinks of changing the world, but no one thinks of changing himself.|
[2023-06-24T16:29:33.745+0000] {spark_submit.py:492} INFO - |3    |The purpose of our lives is to be happy.                                     |
[2023-06-24T16:29:33.746+0000] {spark_submit.py:492} INFO - |4    |Be cool.                                                                     |
[2023-06-24T16:29:33.746+0000] {spark_submit.py:492} INFO - +-----+-----------------------------------------------------------------------------+
[2023-06-24T16:29:33.746+0000] {spark_submit.py:492} INFO - 
[2023-06-24T16:29:33.989+0000] {spark_submit.py:492} INFO - 23/06/24 16:29:33 INFO BlockManagerInfo: Removed broadcast_1_piece0 on 172.19.0.3:36049 in memory (size: 6.2 KiB, free: 366.3 MiB)
[2023-06-24T16:29:34.079+0000] {spark_submit.py:492} INFO - 23/06/24 16:29:34 INFO BlockManagerInfo: Removed broadcast_1_piece0 on a8d69ab09d2d:40591 in memory (size: 6.2 KiB, free: 434.4 MiB)
[2023-06-24T16:29:34.125+0000] {spark_submit.py:492} INFO - Traceback (most recent call last):
[2023-06-24T16:29:34.125+0000] {spark_submit.py:492} INFO - File "/opt/***/dags/spark_etl_spark_minio.py", line 43, in <module>
[2023-06-24T16:29:34.125+0000] {spark_submit.py:492} INFO - df.write.mode("append").parquet("s3a://datalake/test.parquet")
[2023-06-24T16:29:34.126+0000] {spark_submit.py:492} INFO - File "/opt/spark/python/lib/pyspark.zip/pyspark/sql/readwriter.py", line 885, in parquet
[2023-06-24T16:29:34.126+0000] {spark_submit.py:492} INFO - File "/opt/spark/python/lib/py4j-0.10.9.2-src.zip/py4j/java_gateway.py", line 1309, in __call__
[2023-06-24T16:29:34.126+0000] {spark_submit.py:492} INFO - File "/opt/spark/python/lib/pyspark.zip/pyspark/sql/utils.py", line 111, in deco
[2023-06-24T16:29:34.126+0000] {spark_submit.py:492} INFO - File "/opt/spark/python/lib/py4j-0.10.9.2-src.zip/py4j/protocol.py", line 326, in get_return_value
[2023-06-24T16:29:34.128+0000] {spark_submit.py:492} INFO - py4j.protocol.Py4JJavaError: An error occurred while calling o77.parquet.
[2023-06-24T16:29:34.128+0000] {spark_submit.py:492} INFO - : java.lang.RuntimeException: java.lang.ClassNotFoundException: Class org.apache.hadoop.fs.s3a.S3AFileSystem not found
[2023-06-24T16:29:34.128+0000] {spark_submit.py:492} INFO - at org.apache.hadoop.conf.Configuration.getClass(Configuration.java:2667)
[2023-06-24T16:29:34.129+0000] {spark_submit.py:492} INFO - at org.apache.hadoop.fs.FileSystem.getFileSystemClass(FileSystem.java:3431)
[2023-06-24T16:29:34.129+0000] {spark_submit.py:492} INFO - at org.apache.hadoop.fs.FileSystem.createFileSystem(FileSystem.java:3466)
[2023-06-24T16:29:34.129+0000] {spark_submit.py:492} INFO - at org.apache.hadoop.fs.FileSystem.access$300(FileSystem.java:174)
[2023-06-24T16:29:34.129+0000] {spark_submit.py:492} INFO - at org.apache.hadoop.fs.FileSystem$Cache.getInternal(FileSystem.java:3574)
[2023-06-24T16:29:34.129+0000] {spark_submit.py:492} INFO - at org.apache.hadoop.fs.FileSystem$Cache.get(FileSystem.java:3521)
[2023-06-24T16:29:34.129+0000] {spark_submit.py:492} INFO - at org.apache.hadoop.fs.FileSystem.get(FileSystem.java:540)
[2023-06-24T16:29:34.129+0000] {spark_submit.py:492} INFO - at org.apache.hadoop.fs.Path.getFileSystem(Path.java:365)
[2023-06-24T16:29:34.130+0000] {spark_submit.py:492} INFO - at org.apache.spark.sql.execution.datasources.DataSource.planForWritingFileFormat(DataSource.scala:461)
[2023-06-24T16:29:34.130+0000] {spark_submit.py:492} INFO - at org.apache.spark.sql.execution.datasources.DataSource.planForWriting(DataSource.scala:556)
[2023-06-24T16:29:34.130+0000] {spark_submit.py:492} INFO - at org.apache.spark.sql.DataFrameWriter.saveToV1Source(DataFrameWriter.scala:382)
[2023-06-24T16:29:34.130+0000] {spark_submit.py:492} INFO - at org.apache.spark.sql.DataFrameWriter.saveInternal(DataFrameWriter.scala:355)
[2023-06-24T16:29:34.130+0000] {spark_submit.py:492} INFO - at org.apache.spark.sql.DataFrameWriter.save(DataFrameWriter.scala:239)
[2023-06-24T16:29:34.130+0000] {spark_submit.py:492} INFO - at org.apache.spark.sql.DataFrameWriter.parquet(DataFrameWriter.scala:781)
[2023-06-24T16:29:34.131+0000] {spark_submit.py:492} INFO - at java.base/jdk.internal.reflect.NativeMethodAccessorImpl.invoke0(Native Method)
[2023-06-24T16:29:34.131+0000] {spark_submit.py:492} INFO - at java.base/jdk.internal.reflect.NativeMethodAccessorImpl.invoke(NativeMethodAccessorImpl.java:62)
[2023-06-24T16:29:34.131+0000] {spark_submit.py:492} INFO - at java.base/jdk.internal.reflect.DelegatingMethodAccessorImpl.invoke(DelegatingMethodAccessorImpl.java:43)
[2023-06-24T16:29:34.131+0000] {spark_submit.py:492} INFO - at java.base/java.lang.reflect.Method.invoke(Method.java:566)
[2023-06-24T16:29:34.131+0000] {spark_submit.py:492} INFO - at py4j.reflection.MethodInvoker.invoke(MethodInvoker.java:244)
[2023-06-24T16:29:34.131+0000] {spark_submit.py:492} INFO - at py4j.reflection.ReflectionEngine.invoke(ReflectionEngine.java:357)
[2023-06-24T16:29:34.131+0000] {spark_submit.py:492} INFO - at py4j.Gateway.invoke(Gateway.java:282)
[2023-06-24T16:29:34.132+0000] {spark_submit.py:492} INFO - at py4j.commands.AbstractCommand.invokeMethod(AbstractCommand.java:132)
[2023-06-24T16:29:34.132+0000] {spark_submit.py:492} INFO - at py4j.commands.CallCommand.execute(CallCommand.java:79)
[2023-06-24T16:29:34.136+0000] {spark_submit.py:492} INFO - at py4j.ClientServerConnection.waitForCommands(ClientServerConnection.java:182)
[2023-06-24T16:29:34.136+0000] {spark_submit.py:492} INFO - at py4j.ClientServerConnection.run(ClientServerConnection.java:106)
[2023-06-24T16:29:34.137+0000] {spark_submit.py:492} INFO - at java.base/java.lang.Thread.run(Thread.java:829)
[2023-06-24T16:29:34.137+0000] {spark_submit.py:492} INFO - Caused by: java.lang.ClassNotFoundException: Class org.apache.hadoop.fs.s3a.S3AFileSystem not found
[2023-06-24T16:29:34.137+0000] {spark_submit.py:492} INFO - at org.apache.hadoop.conf.Configuration.getClassByName(Configuration.java:2571)
[2023-06-24T16:29:34.137+0000] {spark_submit.py:492} INFO - at org.apache.hadoop.conf.Configuration.getClass(Configuration.java:2665)
[2023-06-24T16:29:34.137+0000] {spark_submit.py:492} INFO - ... 25 more
[2023-06-24T16:29:34.137+0000] {spark_submit.py:492} INFO - 
[2023-06-24T16:29:34.205+0000] {spark_submit.py:492} INFO - 23/06/24 16:29:34 INFO BlockManagerInfo: Removed broadcast_0_piece0 on 172.19.0.3:36049 in memory (size: 6.2 KiB, free: 366.3 MiB)
[2023-06-24T16:29:34.210+0000] {spark_submit.py:492} INFO - 23/06/24 16:29:34 INFO BlockManagerInfo: Removed broadcast_0_piece0 on a8d69ab09d2d:40591 in memory (size: 6.2 KiB, free: 434.4 MiB)
[2023-06-24T16:29:34.392+0000] {spark_submit.py:492} INFO - 23/06/24 16:29:34 INFO SparkContext: Invoking stop() from shutdown hook
[2023-06-24T16:29:34.460+0000] {spark_submit.py:492} INFO - 23/06/24 16:29:34 INFO SparkUI: Stopped Spark web UI at http://a8d69ab09d2d:4040
[2023-06-24T16:29:34.468+0000] {spark_submit.py:492} INFO - 23/06/24 16:29:34 INFO StandaloneSchedulerBackend: Shutting down all executors
[2023-06-24T16:29:34.474+0000] {spark_submit.py:492} INFO - 23/06/24 16:29:34 INFO CoarseGrainedSchedulerBackend$DriverEndpoint: Asking each executor to shut down
[2023-06-24T16:29:34.579+0000] {spark_submit.py:492} INFO - 23/06/24 16:29:34 INFO MapOutputTrackerMasterEndpoint: MapOutputTrackerMasterEndpoint stopped!
[2023-06-24T16:29:34.780+0000] {spark_submit.py:492} INFO - 23/06/24 16:29:34 INFO MemoryStore: MemoryStore cleared
[2023-06-24T16:29:34.791+0000] {spark_submit.py:492} INFO - 23/06/24 16:29:34 INFO BlockManager: BlockManager stopped
[2023-06-24T16:29:34.796+0000] {spark_submit.py:492} INFO - 23/06/24 16:29:34 INFO BlockManagerMaster: BlockManagerMaster stopped
[2023-06-24T16:29:34.798+0000] {spark_submit.py:492} INFO - 23/06/24 16:29:34 INFO OutputCommitCoordinator$OutputCommitCoordinatorEndpoint: OutputCommitCoordinator stopped!
[2023-06-24T16:29:34.855+0000] {spark_submit.py:492} INFO - 23/06/24 16:29:34 INFO SparkContext: Successfully stopped SparkContext
[2023-06-24T16:29:34.859+0000] {spark_submit.py:492} INFO - 23/06/24 16:29:34 INFO ShutdownHookManager: Shutdown hook called
[2023-06-24T16:29:34.860+0000] {spark_submit.py:492} INFO - 23/06/24 16:29:34 INFO ShutdownHookManager: Deleting directory /tmp/spark-d40a94ce-bac5-4c2a-838a-32a38d18e37f
[2023-06-24T16:29:34.866+0000] {spark_submit.py:492} INFO - 23/06/24 16:29:34 INFO ShutdownHookManager: Deleting directory /tmp/spark-67f050f4-7e90-408e-8270-3634616e759b/pyspark-df06308f-ecb6-4c6f-b3d6-0c4fad8a3c90
[2023-06-24T16:29:34.877+0000] {spark_submit.py:492} INFO - 23/06/24 16:29:34 INFO ShutdownHookManager: Deleting directory /tmp/spark-67f050f4-7e90-408e-8270-3634616e759b
[2023-06-24T16:29:35.078+0000] {taskinstance.py:1775} ERROR - Task failed with exception
Traceback (most recent call last):
  File "/home/airflow/.local/lib/python3.8/site-packages/airflow/providers/apache/spark/operators/spark_submit.py", line 157, in execute
    self._hook.submit(self._application)
  File "/home/airflow/.local/lib/python3.8/site-packages/airflow/providers/apache/spark/hooks/spark_submit.py", line 423, in submit
    raise AirflowException(
airflow.exceptions.AirflowException: Cannot execute: spark-submit --master spark://spark:7077 --name arrow-spark /opt/***/dags/spark_etl_spark_minio.py. Error code is: 1.
[2023-06-24T16:29:35.088+0000] {taskinstance.py:1321} INFO - Marking task as UP_FOR_RETRY. dag_id=spark_etl_minio, task_id=spark_submit_task, execution_date=20230621T000000, start_date=20230624T162914, end_date=20230624T162935
[2023-06-24T16:29:35.117+0000] {standard_task_runner.py:100} ERROR - Failed to execute job 97 for task spark_submit_task (Cannot execute: spark-submit --master spark://spark:7077 --name arrow-spark /opt/***/dags/spark_etl_spark_minio.py. Error code is: 1.; 4224)
[2023-06-24T16:29:35.175+0000] {local_task_job.py:212} INFO - Task exited with return code 1
[2023-06-24T16:29:35.220+0000] {taskinstance.py:2585} INFO - 0 downstream tasks scheduled from follow-on schedule check
