[2023-06-24T16:36:16.135+0000] {taskinstance.py:1084} INFO - Dependencies all met for dep_context=non-requeueable deps ti=<TaskInstance: spark_etl_minio_v2.spark_submit_task manual__2023-06-24T16:33:53.237659+00:00 [queued]>
[2023-06-24T16:36:16.173+0000] {taskinstance.py:1084} INFO - Dependencies all met for dep_context=requeueable deps ti=<TaskInstance: spark_etl_minio_v2.spark_submit_task manual__2023-06-24T16:33:53.237659+00:00 [queued]>
[2023-06-24T16:36:16.173+0000] {taskinstance.py:1282} INFO - 
--------------------------------------------------------------------------------
[2023-06-24T16:36:16.173+0000] {taskinstance.py:1283} INFO - Starting attempt 2 of 6
[2023-06-24T16:36:16.174+0000] {taskinstance.py:1284} INFO - 
--------------------------------------------------------------------------------
[2023-06-24T16:36:16.208+0000] {taskinstance.py:1303} INFO - Executing <Task(SparkSubmitOperator): spark_submit_task> on 2023-06-24 16:33:53.237659+00:00
[2023-06-24T16:36:16.215+0000] {standard_task_runner.py:55} INFO - Started process 6235 to run task
[2023-06-24T16:36:16.222+0000] {standard_task_runner.py:82} INFO - Running: ['***', 'tasks', 'run', 'spark_etl_minio_v2', 'spark_submit_task', 'manual__2023-06-24T16:33:53.237659+00:00', '--job-id', '106', '--raw', '--subdir', 'DAGS_FOLDER/spark_job_minio.py', '--cfg-path', '/tmp/tmp7uqjf4pk']
[2023-06-24T16:36:16.223+0000] {standard_task_runner.py:83} INFO - Job 106: Subtask spark_submit_task
[2023-06-24T16:36:16.242+0000] {warnings.py:109} WARNING - /home/***/.local/lib/python3.8/site-packages/***/settings.py:250: DeprecationWarning: The sql_alchemy_conn option in [core] has been moved to the sql_alchemy_conn option in [database] - the old setting has been used, but please update your config.
  SQL_ALCHEMY_CONN = conf.get("database", "SQL_ALCHEMY_CONN")

[2023-06-24T16:36:16.306+0000] {task_command.py:388} INFO - Running <TaskInstance: spark_etl_minio_v2.spark_submit_task manual__2023-06-24T16:33:53.237659+00:00 [running]> on host a8d69ab09d2d
[2023-06-24T16:36:16.396+0000] {taskinstance.py:1509} INFO - Exporting the following env vars:
AIRFLOW_CTX_DAG_OWNER=***
AIRFLOW_CTX_DAG_ID=spark_etl_minio_v2
AIRFLOW_CTX_TASK_ID=spark_submit_task
AIRFLOW_CTX_EXECUTION_DATE=2023-06-24T16:33:53.237659+00:00
AIRFLOW_CTX_TRY_NUMBER=2
AIRFLOW_CTX_DAG_RUN_ID=manual__2023-06-24T16:33:53.237659+00:00
[2023-06-24T16:36:16.417+0000] {base.py:73} INFO - Using connection ID 'spark_minio' for task execution.
[2023-06-24T16:36:16.419+0000] {spark_submit.py:341} INFO - Spark-Submit cmd: spark-submit --master spark://spark:7077 --name arrow-spark /opt/***/dags/spark_etl_spark_minio.py
[2023-06-24T16:36:18.968+0000] {spark_submit.py:492} INFO - WARNING: An illegal reflective access operation has occurred
[2023-06-24T16:36:18.968+0000] {spark_submit.py:492} INFO - WARNING: Illegal reflective access by org.apache.spark.unsafe.Platform (file:/opt/spark/jars/spark-unsafe_2.12-3.2.0.jar) to constructor java.nio.DirectByteBuffer(long,int)
[2023-06-24T16:36:18.969+0000] {spark_submit.py:492} INFO - WARNING: Please consider reporting this to the maintainers of org.apache.spark.unsafe.Platform
[2023-06-24T16:36:18.969+0000] {spark_submit.py:492} INFO - WARNING: Use --illegal-access=warn to enable warnings of further illegal reflective access operations
[2023-06-24T16:36:18.969+0000] {spark_submit.py:492} INFO - WARNING: All illegal access operations will be denied in a future release
[2023-06-24T16:36:20.914+0000] {spark_submit.py:492} INFO - Using Spark's default log4j profile: org/apache/spark/log4j-defaults.properties
[2023-06-24T16:36:20.930+0000] {spark_submit.py:492} INFO - 23/06/24 16:36:20 INFO SparkContext: Running Spark version 3.2.0
[2023-06-24T16:36:21.132+0000] {spark_submit.py:492} INFO - 23/06/24 16:36:21 WARN NativeCodeLoader: Unable to load native-hadoop library for your platform... using builtin-java classes where applicable
[2023-06-24T16:36:21.262+0000] {spark_submit.py:492} INFO - 23/06/24 16:36:21 INFO ResourceUtils: ==============================================================
[2023-06-24T16:36:21.262+0000] {spark_submit.py:492} INFO - 23/06/24 16:36:21 INFO ResourceUtils: No custom resources configured for spark.driver.
[2023-06-24T16:36:21.263+0000] {spark_submit.py:492} INFO - 23/06/24 16:36:21 INFO ResourceUtils: ==============================================================
[2023-06-24T16:36:21.264+0000] {spark_submit.py:492} INFO - 23/06/24 16:36:21 INFO SparkContext: Submitted application: arrow-spark
[2023-06-24T16:36:21.326+0000] {spark_submit.py:492} INFO - 23/06/24 16:36:21 INFO ResourceProfile: Default ResourceProfile created, executor resources: Map(cores -> name: cores, amount: 1, script: , vendor: , memory -> name: memory, amount: 1024, script: , vendor: , offHeap -> name: offHeap, amount: 0, script: , vendor: ), task resources: Map(cpus -> name: cpus, amount: 1.0)
[2023-06-24T16:36:21.350+0000] {spark_submit.py:492} INFO - 23/06/24 16:36:21 INFO ResourceProfile: Limiting resource is cpu
[2023-06-24T16:36:21.354+0000] {spark_submit.py:492} INFO - 23/06/24 16:36:21 INFO ResourceProfileManager: Added ResourceProfile id: 0
[2023-06-24T16:36:21.434+0000] {spark_submit.py:492} INFO - 23/06/24 16:36:21 INFO SecurityManager: Changing view acls to: default
[2023-06-24T16:36:21.434+0000] {spark_submit.py:492} INFO - 23/06/24 16:36:21 INFO SecurityManager: Changing modify acls to: default
[2023-06-24T16:36:21.435+0000] {spark_submit.py:492} INFO - 23/06/24 16:36:21 INFO SecurityManager: Changing view acls groups to:
[2023-06-24T16:36:21.440+0000] {spark_submit.py:492} INFO - 23/06/24 16:36:21 INFO SecurityManager: Changing modify acls groups to:
[2023-06-24T16:36:21.440+0000] {spark_submit.py:492} INFO - 23/06/24 16:36:21 INFO SecurityManager: SecurityManager: authentication disabled; ui acls disabled; users  with view permissions: Set(default); groups with view permissions: Set(); users  with modify permissions: Set(default); groups with modify permissions: Set()
[2023-06-24T16:36:21.853+0000] {spark_submit.py:492} INFO - 23/06/24 16:36:21 INFO Utils: Successfully started service 'sparkDriver' on port 45663.
[2023-06-24T16:36:21.908+0000] {spark_submit.py:492} INFO - 23/06/24 16:36:21 INFO SparkEnv: Registering MapOutputTracker
[2023-06-24T16:36:21.951+0000] {spark_submit.py:492} INFO - 23/06/24 16:36:21 INFO SparkEnv: Registering BlockManagerMaster
[2023-06-24T16:36:21.976+0000] {spark_submit.py:492} INFO - 23/06/24 16:36:21 INFO BlockManagerMasterEndpoint: Using org.apache.spark.storage.DefaultTopologyMapper for getting topology information
[2023-06-24T16:36:21.977+0000] {spark_submit.py:492} INFO - 23/06/24 16:36:21 INFO BlockManagerMasterEndpoint: BlockManagerMasterEndpoint up
[2023-06-24T16:36:21.984+0000] {spark_submit.py:492} INFO - 23/06/24 16:36:21 INFO SparkEnv: Registering BlockManagerMasterHeartbeat
[2023-06-24T16:36:22.015+0000] {spark_submit.py:492} INFO - 23/06/24 16:36:22 INFO DiskBlockManager: Created local directory at /tmp/blockmgr-9d365522-2652-4b6e-ae6a-079f1ff18b75
[2023-06-24T16:36:22.050+0000] {spark_submit.py:492} INFO - 23/06/24 16:36:22 INFO MemoryStore: MemoryStore started with capacity 434.4 MiB
[2023-06-24T16:36:22.075+0000] {spark_submit.py:492} INFO - 23/06/24 16:36:22 INFO SparkEnv: Registering OutputCommitCoordinator
[2023-06-24T16:36:22.359+0000] {spark_submit.py:492} INFO - 23/06/24 16:36:22 WARN Utils: Service 'SparkUI' could not bind on port 4040. Attempting port 4041.
[2023-06-24T16:36:22.390+0000] {spark_submit.py:492} INFO - 23/06/24 16:36:22 INFO Utils: Successfully started service 'SparkUI' on port 4041.
[2023-06-24T16:36:22.490+0000] {spark_submit.py:492} INFO - 23/06/24 16:36:22 INFO SparkUI: Bound SparkUI to 0.0.0.0, and started at http://a8d69ab09d2d:4041
[2023-06-24T16:36:23.069+0000] {spark_submit.py:492} INFO - 23/06/24 16:36:23 INFO StandaloneAppClient$ClientEndpoint: Connecting to master spark://spark:7077...
[2023-06-24T16:36:23.235+0000] {spark_submit.py:492} INFO - 23/06/24 16:36:23 INFO TransportClientFactory: Successfully created connection to spark/172.19.0.11:7077 after 119 ms (0 ms spent in bootstraps)
[2023-06-24T16:36:23.356+0000] {spark_submit.py:492} INFO - 23/06/24 16:36:23 INFO StandaloneSchedulerBackend: Connected to Spark cluster with app ID app-20230624163623-0029
[2023-06-24T16:36:23.364+0000] {spark_submit.py:492} INFO - 23/06/24 16:36:23 INFO Utils: Successfully started service 'org.apache.spark.network.netty.NettyBlockTransferService' on port 41067.
[2023-06-24T16:36:23.364+0000] {spark_submit.py:492} INFO - 23/06/24 16:36:23 INFO NettyBlockTransferService: Server created on a8d69ab09d2d:41067
[2023-06-24T16:36:23.366+0000] {spark_submit.py:492} INFO - 23/06/24 16:36:23 INFO BlockManager: Using org.apache.spark.storage.RandomBlockReplicationPolicy for block replication policy
[2023-06-24T16:36:23.377+0000] {spark_submit.py:492} INFO - 23/06/24 16:36:23 INFO BlockManagerMaster: Registering BlockManager BlockManagerId(driver, a8d69ab09d2d, 41067, None)
[2023-06-24T16:36:23.381+0000] {spark_submit.py:492} INFO - 23/06/24 16:36:23 INFO BlockManagerMasterEndpoint: Registering block manager a8d69ab09d2d:41067 with 434.4 MiB RAM, BlockManagerId(driver, a8d69ab09d2d, 41067, None)
[2023-06-24T16:36:23.384+0000] {spark_submit.py:492} INFO - 23/06/24 16:36:23 INFO BlockManagerMaster: Registered BlockManager BlockManagerId(driver, a8d69ab09d2d, 41067, None)
[2023-06-24T16:36:23.385+0000] {spark_submit.py:492} INFO - 23/06/24 16:36:23 INFO BlockManager: Initialized BlockManager: BlockManagerId(driver, a8d69ab09d2d, 41067, None)
[2023-06-24T16:36:23.662+0000] {spark_submit.py:492} INFO - 23/06/24 16:36:23 INFO StandaloneSchedulerBackend: SchedulerBackend is ready for scheduling beginning after reached minRegisteredResourcesRatio: 0.0
[2023-06-24T16:36:23.976+0000] {spark_submit.py:492} INFO - 23/06/24 16:36:23 INFO SharedState: Setting hive.metastore.warehouse.dir ('null') to the value of spark.sql.warehouse.dir.
[2023-06-24T16:36:24.005+0000] {spark_submit.py:492} INFO - 23/06/24 16:36:24 INFO SharedState: Warehouse path is 'file:/opt/***/spark-warehouse'.
[2023-06-24T16:36:25.203+0000] {spark_submit.py:492} INFO - 23/06/24 16:36:25 INFO StandaloneAppClient$ClientEndpoint: Executor added: app-20230624163623-0029/0 on worker-20230624161025-172.19.0.3-35241 (172.19.0.3:35241) with 1 core(s)
[2023-06-24T16:36:25.206+0000] {spark_submit.py:492} INFO - 23/06/24 16:36:25 INFO StandaloneSchedulerBackend: Granted executor ID app-20230624163623-0029/0 on hostPort 172.19.0.3:35241 with 1 core(s), 1024.0 MiB RAM
[2023-06-24T16:36:25.504+0000] {spark_submit.py:492} INFO - 23/06/24 16:36:25 INFO StandaloneAppClient$ClientEndpoint: Executor updated: app-20230624163623-0029/0 is now RUNNING
[2023-06-24T16:36:28.865+0000] {spark_submit.py:492} INFO - 23/06/24 16:36:28 INFO CoarseGrainedSchedulerBackend$DriverEndpoint: Registered executor NettyRpcEndpointRef(spark-client://Executor) (172.19.0.3:59624) with ID 0,  ResourceProfileId 0
[2023-06-24T16:36:29.048+0000] {spark_submit.py:492} INFO - 23/06/24 16:36:29 INFO BlockManagerMasterEndpoint: Registering block manager 172.19.0.3:34579 with 366.3 MiB RAM, BlockManagerId(0, 172.19.0.3, 34579, None)
[2023-06-24T16:36:29.385+0000] {spark_submit.py:492} INFO - 23/06/24 16:36:29 INFO CodeGenerator: Code generated in 154.524139 ms
[2023-06-24T16:36:29.423+0000] {spark_submit.py:492} INFO - 23/06/24 16:36:29 INFO SparkContext: Starting job: showString at NativeMethodAccessorImpl.java:0
[2023-06-24T16:36:29.444+0000] {spark_submit.py:492} INFO - 23/06/24 16:36:29 INFO DAGScheduler: Got job 0 (showString at NativeMethodAccessorImpl.java:0) with 1 output partitions
[2023-06-24T16:36:29.445+0000] {spark_submit.py:492} INFO - 23/06/24 16:36:29 INFO DAGScheduler: Final stage: ResultStage 0 (showString at NativeMethodAccessorImpl.java:0)
[2023-06-24T16:36:29.446+0000] {spark_submit.py:492} INFO - 23/06/24 16:36:29 INFO DAGScheduler: Parents of final stage: List()
[2023-06-24T16:36:29.448+0000] {spark_submit.py:492} INFO - 23/06/24 16:36:29 INFO DAGScheduler: Missing parents: List()
[2023-06-24T16:36:29.452+0000] {spark_submit.py:492} INFO - 23/06/24 16:36:29 INFO DAGScheduler: Submitting ResultStage 0 (MapPartitionsRDD[6] at showString at NativeMethodAccessorImpl.java:0), which has no missing parents
[2023-06-24T16:36:29.626+0000] {spark_submit.py:492} INFO - 23/06/24 16:36:29 INFO MemoryStore: Block broadcast_0 stored as values in memory (estimated size 11.7 KiB, free 434.4 MiB)
[2023-06-24T16:36:29.672+0000] {spark_submit.py:492} INFO - 23/06/24 16:36:29 INFO MemoryStore: Block broadcast_0_piece0 stored as bytes in memory (estimated size 6.2 KiB, free 434.4 MiB)
[2023-06-24T16:36:29.677+0000] {spark_submit.py:492} INFO - 23/06/24 16:36:29 INFO BlockManagerInfo: Added broadcast_0_piece0 in memory on a8d69ab09d2d:41067 (size: 6.2 KiB, free: 434.4 MiB)
[2023-06-24T16:36:29.682+0000] {spark_submit.py:492} INFO - 23/06/24 16:36:29 INFO SparkContext: Created broadcast 0 from broadcast at DAGScheduler.scala:1427
[2023-06-24T16:36:29.698+0000] {spark_submit.py:492} INFO - 23/06/24 16:36:29 INFO DAGScheduler: Submitting 1 missing tasks from ResultStage 0 (MapPartitionsRDD[6] at showString at NativeMethodAccessorImpl.java:0) (first 15 tasks are for partitions Vector(0))
[2023-06-24T16:36:29.699+0000] {spark_submit.py:492} INFO - 23/06/24 16:36:29 INFO TaskSchedulerImpl: Adding task set 0.0 with 1 tasks resource profile 0
[2023-06-24T16:36:29.740+0000] {spark_submit.py:492} INFO - 23/06/24 16:36:29 INFO TaskSetManager: Starting task 0.0 in stage 0.0 (TID 0) (172.19.0.3, executor 0, partition 0, PROCESS_LOCAL, 4605 bytes) taskResourceAssignments Map()
[2023-06-24T16:36:30.091+0000] {spark_submit.py:492} INFO - 23/06/24 16:36:30 INFO BlockManagerInfo: Added broadcast_0_piece0 in memory on 172.19.0.3:34579 (size: 6.2 KiB, free: 366.3 MiB)
[2023-06-24T16:36:32.174+0000] {spark_submit.py:492} INFO - 23/06/24 16:36:32 INFO TaskSetManager: Finished task 0.0 in stage 0.0 (TID 0) in 2447 ms on 172.19.0.3 (executor 0) (1/1)
[2023-06-24T16:36:32.178+0000] {spark_submit.py:492} INFO - 23/06/24 16:36:32 INFO TaskSchedulerImpl: Removed TaskSet 0.0, whose tasks have all completed, from pool
[2023-06-24T16:36:32.181+0000] {spark_submit.py:492} INFO - 23/06/24 16:36:32 INFO PythonAccumulatorV2: Connected to AccumulatorServer at host: 127.0.0.1 port: 51251
[2023-06-24T16:36:32.186+0000] {spark_submit.py:492} INFO - 23/06/24 16:36:32 INFO DAGScheduler: ResultStage 0 (showString at NativeMethodAccessorImpl.java:0) finished in 2.714 s
[2023-06-24T16:36:32.189+0000] {spark_submit.py:492} INFO - 23/06/24 16:36:32 INFO DAGScheduler: Job 0 is finished. Cancelling potential speculative or zombie tasks for this job
[2023-06-24T16:36:32.189+0000] {spark_submit.py:492} INFO - 23/06/24 16:36:32 INFO TaskSchedulerImpl: Killing all running tasks in stage 0: Stage finished
[2023-06-24T16:36:32.193+0000] {spark_submit.py:492} INFO - 23/06/24 16:36:32 INFO DAGScheduler: Job 0 finished: showString at NativeMethodAccessorImpl.java:0, took 2.767533 s
[2023-06-24T16:36:32.215+0000] {spark_submit.py:492} INFO - 23/06/24 16:36:32 INFO SparkContext: Starting job: showString at NativeMethodAccessorImpl.java:0
[2023-06-24T16:36:32.217+0000] {spark_submit.py:492} INFO - 23/06/24 16:36:32 INFO DAGScheduler: Got job 1 (showString at NativeMethodAccessorImpl.java:0) with 1 output partitions
[2023-06-24T16:36:32.217+0000] {spark_submit.py:492} INFO - 23/06/24 16:36:32 INFO DAGScheduler: Final stage: ResultStage 1 (showString at NativeMethodAccessorImpl.java:0)
[2023-06-24T16:36:32.218+0000] {spark_submit.py:492} INFO - 23/06/24 16:36:32 INFO DAGScheduler: Parents of final stage: List()
[2023-06-24T16:36:32.218+0000] {spark_submit.py:492} INFO - 23/06/24 16:36:32 INFO DAGScheduler: Missing parents: List()
[2023-06-24T16:36:32.220+0000] {spark_submit.py:492} INFO - 23/06/24 16:36:32 INFO DAGScheduler: Submitting ResultStage 1 (MapPartitionsRDD[6] at showString at NativeMethodAccessorImpl.java:0), which has no missing parents
[2023-06-24T16:36:32.230+0000] {spark_submit.py:492} INFO - 23/06/24 16:36:32 INFO MemoryStore: Block broadcast_1 stored as values in memory (estimated size 11.7 KiB, free 434.4 MiB)
[2023-06-24T16:36:32.234+0000] {spark_submit.py:492} INFO - 23/06/24 16:36:32 INFO MemoryStore: Block broadcast_1_piece0 stored as bytes in memory (estimated size 6.2 KiB, free 434.4 MiB)
[2023-06-24T16:36:32.235+0000] {spark_submit.py:492} INFO - 23/06/24 16:36:32 INFO BlockManagerInfo: Added broadcast_1_piece0 in memory on a8d69ab09d2d:41067 (size: 6.2 KiB, free: 434.4 MiB)
[2023-06-24T16:36:32.236+0000] {spark_submit.py:492} INFO - 23/06/24 16:36:32 INFO SparkContext: Created broadcast 1 from broadcast at DAGScheduler.scala:1427
[2023-06-24T16:36:32.240+0000] {spark_submit.py:492} INFO - 23/06/24 16:36:32 INFO DAGScheduler: Submitting 1 missing tasks from ResultStage 1 (MapPartitionsRDD[6] at showString at NativeMethodAccessorImpl.java:0) (first 15 tasks are for partitions Vector(1))
[2023-06-24T16:36:32.241+0000] {spark_submit.py:492} INFO - 23/06/24 16:36:32 INFO TaskSchedulerImpl: Adding task set 1.0 with 1 tasks resource profile 0
[2023-06-24T16:36:32.243+0000] {spark_submit.py:492} INFO - 23/06/24 16:36:32 INFO TaskSetManager: Starting task 0.0 in stage 1.0 (TID 1) (172.19.0.3, executor 0, partition 1, PROCESS_LOCAL, 4529 bytes) taskResourceAssignments Map()
[2023-06-24T16:36:32.270+0000] {spark_submit.py:492} INFO - 23/06/24 16:36:32 INFO BlockManagerInfo: Added broadcast_1_piece0 in memory on 172.19.0.3:34579 (size: 6.2 KiB, free: 366.3 MiB)
[2023-06-24T16:36:32.357+0000] {spark_submit.py:492} INFO - 23/06/24 16:36:32 INFO TaskSetManager: Finished task 0.0 in stage 1.0 (TID 1) in 113 ms on 172.19.0.3 (executor 0) (1/1)
[2023-06-24T16:36:32.360+0000] {spark_submit.py:492} INFO - 23/06/24 16:36:32 INFO DAGScheduler: ResultStage 1 (showString at NativeMethodAccessorImpl.java:0) finished in 0.132 s
[2023-06-24T16:36:32.360+0000] {spark_submit.py:492} INFO - 23/06/24 16:36:32 INFO DAGScheduler: Job 1 is finished. Cancelling potential speculative or zombie tasks for this job
[2023-06-24T16:36:32.364+0000] {spark_submit.py:492} INFO - 23/06/24 16:36:32 INFO TaskSchedulerImpl: Removed TaskSet 1.0, whose tasks have all completed, from pool
[2023-06-24T16:36:32.365+0000] {spark_submit.py:492} INFO - 23/06/24 16:36:32 INFO TaskSchedulerImpl: Killing all running tasks in stage 1: Stage finished
[2023-06-24T16:36:32.365+0000] {spark_submit.py:492} INFO - 23/06/24 16:36:32 INFO DAGScheduler: Job 1 finished: showString at NativeMethodAccessorImpl.java:0, took 0.149482 s
[2023-06-24T16:36:32.412+0000] {spark_submit.py:492} INFO - 23/06/24 16:36:32 INFO CodeGenerator: Code generated in 20.730055 ms
[2023-06-24T16:36:32.436+0000] {spark_submit.py:492} INFO - +-----+-----------------------------------------------------------------------------+
[2023-06-24T16:36:32.437+0000] {spark_submit.py:492} INFO - |Seqno|Quote                                                                        |
[2023-06-24T16:36:32.437+0000] {spark_submit.py:492} INFO - +-----+-----------------------------------------------------------------------------+
[2023-06-24T16:36:32.437+0000] {spark_submit.py:492} INFO - |1    |Be the change that you wish to see in the world                              |
[2023-06-24T16:36:32.437+0000] {spark_submit.py:492} INFO - |2    |Everyone thinks of changing the world, but no one thinks of changing himself.|
[2023-06-24T16:36:32.437+0000] {spark_submit.py:492} INFO - |3    |The purpose of our lives is to be happy.                                     |
[2023-06-24T16:36:32.437+0000] {spark_submit.py:492} INFO - |4    |Be cool.                                                                     |
[2023-06-24T16:36:32.437+0000] {spark_submit.py:492} INFO - +-----+-----------------------------------------------------------------------------+
[2023-06-24T16:36:32.438+0000] {spark_submit.py:492} INFO - 
[2023-06-24T16:36:32.634+0000] {spark_submit.py:492} INFO - 23/06/24 16:36:32 INFO BlockManagerInfo: Removed broadcast_0_piece0 on 172.19.0.3:34579 in memory (size: 6.2 KiB, free: 366.3 MiB)
[2023-06-24T16:36:32.648+0000] {spark_submit.py:492} INFO - 23/06/24 16:36:32 INFO BlockManagerInfo: Removed broadcast_0_piece0 on a8d69ab09d2d:41067 in memory (size: 6.2 KiB, free: 434.4 MiB)
[2023-06-24T16:36:32.671+0000] {spark_submit.py:492} INFO - 23/06/24 16:36:32 INFO BlockManagerInfo: Removed broadcast_1_piece0 on a8d69ab09d2d:41067 in memory (size: 6.2 KiB, free: 434.4 MiB)
[2023-06-24T16:36:32.674+0000] {spark_submit.py:492} INFO - 23/06/24 16:36:32 INFO BlockManagerInfo: Removed broadcast_1_piece0 on 172.19.0.3:34579 in memory (size: 6.2 KiB, free: 366.3 MiB)
[2023-06-24T16:36:32.693+0000] {spark_submit.py:492} INFO - Traceback (most recent call last):
[2023-06-24T16:36:32.694+0000] {spark_submit.py:492} INFO - File "/opt/***/dags/spark_etl_spark_minio.py", line 43, in <module>
[2023-06-24T16:36:32.694+0000] {spark_submit.py:492} INFO - df.write.mode("append").parquet("s3a://datalake/test.parquet")
[2023-06-24T16:36:32.694+0000] {spark_submit.py:492} INFO - File "/opt/spark/python/lib/pyspark.zip/pyspark/sql/readwriter.py", line 885, in parquet
[2023-06-24T16:36:32.694+0000] {spark_submit.py:492} INFO - File "/opt/spark/python/lib/py4j-0.10.9.2-src.zip/py4j/java_gateway.py", line 1309, in __call__
[2023-06-24T16:36:32.694+0000] {spark_submit.py:492} INFO - File "/opt/spark/python/lib/pyspark.zip/pyspark/sql/utils.py", line 111, in deco
[2023-06-24T16:36:32.694+0000] {spark_submit.py:492} INFO - File "/opt/spark/python/lib/py4j-0.10.9.2-src.zip/py4j/protocol.py", line 326, in get_return_value
[2023-06-24T16:36:32.694+0000] {spark_submit.py:492} INFO - py4j.protocol.Py4JJavaError: An error occurred while calling o77.parquet.
[2023-06-24T16:36:32.694+0000] {spark_submit.py:492} INFO - : java.lang.RuntimeException: java.lang.ClassNotFoundException: Class org.apache.hadoop.fs.s3a.S3AFileSystem not found
[2023-06-24T16:36:32.695+0000] {spark_submit.py:492} INFO - at org.apache.hadoop.conf.Configuration.getClass(Configuration.java:2667)
[2023-06-24T16:36:32.695+0000] {spark_submit.py:492} INFO - at org.apache.hadoop.fs.FileSystem.getFileSystemClass(FileSystem.java:3431)
[2023-06-24T16:36:32.695+0000] {spark_submit.py:492} INFO - at org.apache.hadoop.fs.FileSystem.createFileSystem(FileSystem.java:3466)
[2023-06-24T16:36:32.695+0000] {spark_submit.py:492} INFO - at org.apache.hadoop.fs.FileSystem.access$300(FileSystem.java:174)
[2023-06-24T16:36:32.695+0000] {spark_submit.py:492} INFO - at org.apache.hadoop.fs.FileSystem$Cache.getInternal(FileSystem.java:3574)
[2023-06-24T16:36:32.695+0000] {spark_submit.py:492} INFO - at org.apache.hadoop.fs.FileSystem$Cache.get(FileSystem.java:3521)
[2023-06-24T16:36:32.695+0000] {spark_submit.py:492} INFO - at org.apache.hadoop.fs.FileSystem.get(FileSystem.java:540)
[2023-06-24T16:36:32.695+0000] {spark_submit.py:492} INFO - at org.apache.hadoop.fs.Path.getFileSystem(Path.java:365)
[2023-06-24T16:36:32.695+0000] {spark_submit.py:492} INFO - at org.apache.spark.sql.execution.datasources.DataSource.planForWritingFileFormat(DataSource.scala:461)
[2023-06-24T16:36:32.695+0000] {spark_submit.py:492} INFO - at org.apache.spark.sql.execution.datasources.DataSource.planForWriting(DataSource.scala:556)
[2023-06-24T16:36:32.696+0000] {spark_submit.py:492} INFO - at org.apache.spark.sql.DataFrameWriter.saveToV1Source(DataFrameWriter.scala:382)
[2023-06-24T16:36:32.696+0000] {spark_submit.py:492} INFO - at org.apache.spark.sql.DataFrameWriter.saveInternal(DataFrameWriter.scala:355)
[2023-06-24T16:36:32.696+0000] {spark_submit.py:492} INFO - at org.apache.spark.sql.DataFrameWriter.save(DataFrameWriter.scala:239)
[2023-06-24T16:36:32.696+0000] {spark_submit.py:492} INFO - at org.apache.spark.sql.DataFrameWriter.parquet(DataFrameWriter.scala:781)
[2023-06-24T16:36:32.696+0000] {spark_submit.py:492} INFO - at java.base/jdk.internal.reflect.NativeMethodAccessorImpl.invoke0(Native Method)
[2023-06-24T16:36:32.696+0000] {spark_submit.py:492} INFO - at java.base/jdk.internal.reflect.NativeMethodAccessorImpl.invoke(NativeMethodAccessorImpl.java:62)
[2023-06-24T16:36:32.696+0000] {spark_submit.py:492} INFO - at java.base/jdk.internal.reflect.DelegatingMethodAccessorImpl.invoke(DelegatingMethodAccessorImpl.java:43)
[2023-06-24T16:36:32.696+0000] {spark_submit.py:492} INFO - at java.base/java.lang.reflect.Method.invoke(Method.java:566)
[2023-06-24T16:36:32.696+0000] {spark_submit.py:492} INFO - at py4j.reflection.MethodInvoker.invoke(MethodInvoker.java:244)
[2023-06-24T16:36:32.697+0000] {spark_submit.py:492} INFO - at py4j.reflection.ReflectionEngine.invoke(ReflectionEngine.java:357)
[2023-06-24T16:36:32.697+0000] {spark_submit.py:492} INFO - at py4j.Gateway.invoke(Gateway.java:282)
[2023-06-24T16:36:32.697+0000] {spark_submit.py:492} INFO - at py4j.commands.AbstractCommand.invokeMethod(AbstractCommand.java:132)
[2023-06-24T16:36:32.697+0000] {spark_submit.py:492} INFO - at py4j.commands.CallCommand.execute(CallCommand.java:79)
[2023-06-24T16:36:32.697+0000] {spark_submit.py:492} INFO - at py4j.ClientServerConnection.waitForCommands(ClientServerConnection.java:182)
[2023-06-24T16:36:32.697+0000] {spark_submit.py:492} INFO - at py4j.ClientServerConnection.run(ClientServerConnection.java:106)
[2023-06-24T16:36:32.697+0000] {spark_submit.py:492} INFO - at java.base/java.lang.Thread.run(Thread.java:829)
[2023-06-24T16:36:32.697+0000] {spark_submit.py:492} INFO - Caused by: java.lang.ClassNotFoundException: Class org.apache.hadoop.fs.s3a.S3AFileSystem not found
[2023-06-24T16:36:32.698+0000] {spark_submit.py:492} INFO - at org.apache.hadoop.conf.Configuration.getClassByName(Configuration.java:2571)
[2023-06-24T16:36:32.698+0000] {spark_submit.py:492} INFO - at org.apache.hadoop.conf.Configuration.getClass(Configuration.java:2665)
[2023-06-24T16:36:32.698+0000] {spark_submit.py:492} INFO - ... 25 more
[2023-06-24T16:36:32.698+0000] {spark_submit.py:492} INFO - 
[2023-06-24T16:36:32.782+0000] {spark_submit.py:492} INFO - 23/06/24 16:36:32 INFO SparkContext: Invoking stop() from shutdown hook
[2023-06-24T16:36:32.798+0000] {spark_submit.py:492} INFO - 23/06/24 16:36:32 INFO SparkUI: Stopped Spark web UI at http://a8d69ab09d2d:4041
[2023-06-24T16:36:32.804+0000] {spark_submit.py:492} INFO - 23/06/24 16:36:32 INFO StandaloneSchedulerBackend: Shutting down all executors
[2023-06-24T16:36:32.807+0000] {spark_submit.py:492} INFO - 23/06/24 16:36:32 INFO CoarseGrainedSchedulerBackend$DriverEndpoint: Asking each executor to shut down
[2023-06-24T16:36:32.852+0000] {spark_submit.py:492} INFO - 23/06/24 16:36:32 INFO MapOutputTrackerMasterEndpoint: MapOutputTrackerMasterEndpoint stopped!
[2023-06-24T16:36:32.942+0000] {spark_submit.py:492} INFO - 23/06/24 16:36:32 INFO MemoryStore: MemoryStore cleared
[2023-06-24T16:36:32.945+0000] {spark_submit.py:492} INFO - 23/06/24 16:36:32 INFO BlockManager: BlockManager stopped
[2023-06-24T16:36:32.952+0000] {spark_submit.py:492} INFO - 23/06/24 16:36:32 INFO BlockManagerMaster: BlockManagerMaster stopped
[2023-06-24T16:36:32.958+0000] {spark_submit.py:492} INFO - 23/06/24 16:36:32 INFO OutputCommitCoordinator$OutputCommitCoordinatorEndpoint: OutputCommitCoordinator stopped!
[2023-06-24T16:36:33.100+0000] {spark_submit.py:492} INFO - 23/06/24 16:36:33 INFO SparkContext: Successfully stopped SparkContext
[2023-06-24T16:36:33.100+0000] {spark_submit.py:492} INFO - 23/06/24 16:36:33 INFO ShutdownHookManager: Shutdown hook called
[2023-06-24T16:36:33.100+0000] {spark_submit.py:492} INFO - 23/06/24 16:36:33 INFO ShutdownHookManager: Deleting directory /tmp/spark-597ba7d6-3b00-45b6-94bd-49df489d3d79
[2023-06-24T16:36:33.108+0000] {spark_submit.py:492} INFO - 23/06/24 16:36:33 INFO ShutdownHookManager: Deleting directory /tmp/spark-597ba7d6-3b00-45b6-94bd-49df489d3d79/pyspark-53077883-2d01-4285-88f8-539468e4f366
[2023-06-24T16:36:33.116+0000] {spark_submit.py:492} INFO - 23/06/24 16:36:33 INFO ShutdownHookManager: Deleting directory /tmp/spark-ed014e11-58ec-49fb-bf7b-c51a966c1a9e
[2023-06-24T16:36:33.319+0000] {taskinstance.py:1775} ERROR - Task failed with exception
Traceback (most recent call last):
  File "/home/airflow/.local/lib/python3.8/site-packages/airflow/providers/apache/spark/operators/spark_submit.py", line 157, in execute
    self._hook.submit(self._application)
  File "/home/airflow/.local/lib/python3.8/site-packages/airflow/providers/apache/spark/hooks/spark_submit.py", line 423, in submit
    raise AirflowException(
airflow.exceptions.AirflowException: Cannot execute: spark-submit --master spark://spark:7077 --name arrow-spark /opt/***/dags/spark_etl_spark_minio.py. Error code is: 1.
[2023-06-24T16:36:33.330+0000] {taskinstance.py:1321} INFO - Marking task as UP_FOR_RETRY. dag_id=spark_etl_minio_v2, task_id=spark_submit_task, execution_date=20230624T163353, start_date=20230624T163616, end_date=20230624T163633
[2023-06-24T16:36:33.353+0000] {standard_task_runner.py:100} ERROR - Failed to execute job 106 for task spark_submit_task (Cannot execute: spark-submit --master spark://spark:7077 --name arrow-spark /opt/***/dags/spark_etl_spark_minio.py. Error code is: 1.; 6235)
[2023-06-24T16:36:33.382+0000] {local_task_job.py:212} INFO - Task exited with return code 1
[2023-06-24T16:36:33.403+0000] {taskinstance.py:2585} INFO - 0 downstream tasks scheduled from follow-on schedule check
