[2023-06-24T16:33:54.247+0000] {taskinstance.py:1084} INFO - Dependencies all met for dep_context=non-requeueable deps ti=<TaskInstance: spark_etl_minio_v2.spark_submit_task manual__2023-06-24T16:33:53.237659+00:00 [queued]>
[2023-06-24T16:33:54.262+0000] {taskinstance.py:1084} INFO - Dependencies all met for dep_context=requeueable deps ti=<TaskInstance: spark_etl_minio_v2.spark_submit_task manual__2023-06-24T16:33:53.237659+00:00 [queued]>
[2023-06-24T16:33:54.262+0000] {taskinstance.py:1282} INFO - 
--------------------------------------------------------------------------------
[2023-06-24T16:33:54.262+0000] {taskinstance.py:1283} INFO - Starting attempt 1 of 6
[2023-06-24T16:33:54.262+0000] {taskinstance.py:1284} INFO - 
--------------------------------------------------------------------------------
[2023-06-24T16:33:54.285+0000] {taskinstance.py:1303} INFO - Executing <Task(SparkSubmitOperator): spark_submit_task> on 2023-06-24 16:33:53.237659+00:00
[2023-06-24T16:33:54.292+0000] {standard_task_runner.py:55} INFO - Started process 5664 to run task
[2023-06-24T16:33:54.296+0000] {standard_task_runner.py:82} INFO - Running: ['***', 'tasks', 'run', 'spark_etl_minio_v2', 'spark_submit_task', 'manual__2023-06-24T16:33:53.237659+00:00', '--job-id', '104', '--raw', '--subdir', 'DAGS_FOLDER/spark_job_minio.py', '--cfg-path', '/tmp/tmp9xf5b30a']
[2023-06-24T16:33:54.297+0000] {standard_task_runner.py:83} INFO - Job 104: Subtask spark_submit_task
[2023-06-24T16:33:54.313+0000] {warnings.py:109} WARNING - /home/***/.local/lib/python3.8/site-packages/***/settings.py:250: DeprecationWarning: The sql_alchemy_conn option in [core] has been moved to the sql_alchemy_conn option in [database] - the old setting has been used, but please update your config.
  SQL_ALCHEMY_CONN = conf.get("database", "SQL_ALCHEMY_CONN")

[2023-06-24T16:33:54.375+0000] {task_command.py:388} INFO - Running <TaskInstance: spark_etl_minio_v2.spark_submit_task manual__2023-06-24T16:33:53.237659+00:00 [running]> on host a8d69ab09d2d
[2023-06-24T16:33:54.479+0000] {taskinstance.py:1509} INFO - Exporting the following env vars:
AIRFLOW_CTX_DAG_OWNER=***
AIRFLOW_CTX_DAG_ID=spark_etl_minio_v2
AIRFLOW_CTX_TASK_ID=spark_submit_task
AIRFLOW_CTX_EXECUTION_DATE=2023-06-24T16:33:53.237659+00:00
AIRFLOW_CTX_TRY_NUMBER=1
AIRFLOW_CTX_DAG_RUN_ID=manual__2023-06-24T16:33:53.237659+00:00
[2023-06-24T16:33:54.524+0000] {base.py:73} INFO - Using connection ID 'spark_minio' for task execution.
[2023-06-24T16:33:54.526+0000] {spark_submit.py:341} INFO - Spark-Submit cmd: spark-submit --master spark://spark:7077 --name arrow-spark /opt/***/dags/spark_etl_spark_minio.py
[2023-06-24T16:33:56.306+0000] {spark_submit.py:492} INFO - WARNING: An illegal reflective access operation has occurred
[2023-06-24T16:33:56.306+0000] {spark_submit.py:492} INFO - WARNING: Illegal reflective access by org.apache.spark.unsafe.Platform (file:/opt/spark/jars/spark-unsafe_2.12-3.2.0.jar) to constructor java.nio.DirectByteBuffer(long,int)
[2023-06-24T16:33:56.306+0000] {spark_submit.py:492} INFO - WARNING: Please consider reporting this to the maintainers of org.apache.spark.unsafe.Platform
[2023-06-24T16:33:56.306+0000] {spark_submit.py:492} INFO - WARNING: Use --illegal-access=warn to enable warnings of further illegal reflective access operations
[2023-06-24T16:33:56.307+0000] {spark_submit.py:492} INFO - WARNING: All illegal access operations will be denied in a future release
[2023-06-24T16:33:58.648+0000] {spark_submit.py:492} INFO - Using Spark's default log4j profile: org/apache/spark/log4j-defaults.properties
[2023-06-24T16:33:58.667+0000] {spark_submit.py:492} INFO - 23/06/24 16:33:58 INFO SparkContext: Running Spark version 3.2.0
[2023-06-24T16:33:58.809+0000] {spark_submit.py:492} INFO - 23/06/24 16:33:58 WARN NativeCodeLoader: Unable to load native-hadoop library for your platform... using builtin-java classes where applicable
[2023-06-24T16:33:59.062+0000] {spark_submit.py:492} INFO - 23/06/24 16:33:59 INFO ResourceUtils: ==============================================================
[2023-06-24T16:33:59.063+0000] {spark_submit.py:492} INFO - 23/06/24 16:33:59 INFO ResourceUtils: No custom resources configured for spark.driver.
[2023-06-24T16:33:59.064+0000] {spark_submit.py:492} INFO - 23/06/24 16:33:59 INFO ResourceUtils: ==============================================================
[2023-06-24T16:33:59.064+0000] {spark_submit.py:492} INFO - 23/06/24 16:33:59 INFO SparkContext: Submitted application: arrow-spark
[2023-06-24T16:33:59.122+0000] {spark_submit.py:492} INFO - 23/06/24 16:33:59 INFO ResourceProfile: Default ResourceProfile created, executor resources: Map(cores -> name: cores, amount: 1, script: , vendor: , memory -> name: memory, amount: 1024, script: , vendor: , offHeap -> name: offHeap, amount: 0, script: , vendor: ), task resources: Map(cpus -> name: cpus, amount: 1.0)
[2023-06-24T16:33:59.148+0000] {spark_submit.py:492} INFO - 23/06/24 16:33:59 INFO ResourceProfile: Limiting resource is cpu
[2023-06-24T16:33:59.150+0000] {spark_submit.py:492} INFO - 23/06/24 16:33:59 INFO ResourceProfileManager: Added ResourceProfile id: 0
[2023-06-24T16:33:59.333+0000] {spark_submit.py:492} INFO - 23/06/24 16:33:59 INFO SecurityManager: Changing view acls to: default
[2023-06-24T16:33:59.334+0000] {spark_submit.py:492} INFO - 23/06/24 16:33:59 INFO SecurityManager: Changing modify acls to: default
[2023-06-24T16:33:59.334+0000] {spark_submit.py:492} INFO - 23/06/24 16:33:59 INFO SecurityManager: Changing view acls groups to:
[2023-06-24T16:33:59.342+0000] {spark_submit.py:492} INFO - 23/06/24 16:33:59 INFO SecurityManager: Changing modify acls groups to:
[2023-06-24T16:33:59.357+0000] {spark_submit.py:492} INFO - 23/06/24 16:33:59 INFO SecurityManager: SecurityManager: authentication disabled; ui acls disabled; users  with view permissions: Set(default); groups with view permissions: Set(); users  with modify permissions: Set(default); groups with modify permissions: Set()
[2023-06-24T16:34:00.019+0000] {spark_submit.py:492} INFO - 23/06/24 16:34:00 INFO Utils: Successfully started service 'sparkDriver' on port 46447.
[2023-06-24T16:34:00.092+0000] {spark_submit.py:492} INFO - 23/06/24 16:34:00 INFO SparkEnv: Registering MapOutputTracker
[2023-06-24T16:34:00.180+0000] {spark_submit.py:492} INFO - 23/06/24 16:34:00 INFO SparkEnv: Registering BlockManagerMaster
[2023-06-24T16:34:00.194+0000] {spark_submit.py:492} INFO - 23/06/24 16:34:00 INFO BlockManagerMasterEndpoint: Using org.apache.spark.storage.DefaultTopologyMapper for getting topology information
[2023-06-24T16:34:00.194+0000] {spark_submit.py:492} INFO - 23/06/24 16:34:00 INFO BlockManagerMasterEndpoint: BlockManagerMasterEndpoint up
[2023-06-24T16:34:00.207+0000] {spark_submit.py:492} INFO - 23/06/24 16:34:00 INFO SparkEnv: Registering BlockManagerMasterHeartbeat
[2023-06-24T16:34:00.285+0000] {spark_submit.py:492} INFO - 23/06/24 16:34:00 INFO DiskBlockManager: Created local directory at /tmp/blockmgr-f5f77378-44d3-4ac2-b342-a3aa94391a1b
[2023-06-24T16:34:00.336+0000] {spark_submit.py:492} INFO - 23/06/24 16:34:00 INFO MemoryStore: MemoryStore started with capacity 434.4 MiB
[2023-06-24T16:34:00.386+0000] {spark_submit.py:492} INFO - 23/06/24 16:34:00 INFO SparkEnv: Registering OutputCommitCoordinator
[2023-06-24T16:34:00.799+0000] {spark_submit.py:492} INFO - 23/06/24 16:34:00 WARN Utils: Service 'SparkUI' could not bind on port 4040. Attempting port 4041.
[2023-06-24T16:34:00.824+0000] {spark_submit.py:492} INFO - 23/06/24 16:34:00 INFO Utils: Successfully started service 'SparkUI' on port 4041.
[2023-06-24T16:34:00.937+0000] {spark_submit.py:492} INFO - 23/06/24 16:34:00 INFO SparkUI: Bound SparkUI to 0.0.0.0, and started at http://a8d69ab09d2d:4041
[2023-06-24T16:34:01.557+0000] {spark_submit.py:492} INFO - 23/06/24 16:34:01 INFO StandaloneAppClient$ClientEndpoint: Connecting to master spark://spark:7077...
[2023-06-24T16:34:01.728+0000] {spark_submit.py:492} INFO - 23/06/24 16:34:01 INFO TransportClientFactory: Successfully created connection to spark/172.19.0.11:7077 after 102 ms (0 ms spent in bootstraps)
[2023-06-24T16:34:01.907+0000] {spark_submit.py:492} INFO - 23/06/24 16:34:01 INFO StandaloneSchedulerBackend: Connected to Spark cluster with app ID app-20230624163401-0027
[2023-06-24T16:34:01.935+0000] {spark_submit.py:492} INFO - 23/06/24 16:34:01 INFO Utils: Successfully started service 'org.apache.spark.network.netty.NettyBlockTransferService' on port 38701.
[2023-06-24T16:34:01.935+0000] {spark_submit.py:492} INFO - 23/06/24 16:34:01 INFO NettyBlockTransferService: Server created on a8d69ab09d2d:38701
[2023-06-24T16:34:01.938+0000] {spark_submit.py:492} INFO - 23/06/24 16:34:01 INFO BlockManager: Using org.apache.spark.storage.RandomBlockReplicationPolicy for block replication policy
[2023-06-24T16:34:01.948+0000] {spark_submit.py:492} INFO - 23/06/24 16:34:01 INFO BlockManagerMaster: Registering BlockManager BlockManagerId(driver, a8d69ab09d2d, 38701, None)
[2023-06-24T16:34:01.953+0000] {spark_submit.py:492} INFO - 23/06/24 16:34:01 INFO BlockManagerMasterEndpoint: Registering block manager a8d69ab09d2d:38701 with 434.4 MiB RAM, BlockManagerId(driver, a8d69ab09d2d, 38701, None)
[2023-06-24T16:34:01.957+0000] {spark_submit.py:492} INFO - 23/06/24 16:34:01 INFO BlockManagerMaster: Registered BlockManager BlockManagerId(driver, a8d69ab09d2d, 38701, None)
[2023-06-24T16:34:01.969+0000] {spark_submit.py:492} INFO - 23/06/24 16:34:01 INFO BlockManager: Initialized BlockManager: BlockManagerId(driver, a8d69ab09d2d, 38701, None)
[2023-06-24T16:34:02.412+0000] {spark_submit.py:492} INFO - 23/06/24 16:34:02 INFO StandaloneSchedulerBackend: SchedulerBackend is ready for scheduling beginning after reached minRegisteredResourcesRatio: 0.0
[2023-06-24T16:34:02.816+0000] {spark_submit.py:492} INFO - 23/06/24 16:34:02 INFO SharedState: Setting hive.metastore.warehouse.dir ('null') to the value of spark.sql.warehouse.dir.
[2023-06-24T16:34:02.843+0000] {spark_submit.py:492} INFO - 23/06/24 16:34:02 INFO SharedState: Warehouse path is 'file:/opt/***/spark-warehouse'.
[2023-06-24T16:34:07.665+0000] {spark_submit.py:492} INFO - 23/06/24 16:34:07 INFO CodeGenerator: Code generated in 156.191742 ms
[2023-06-24T16:34:07.714+0000] {spark_submit.py:492} INFO - 23/06/24 16:34:07 INFO SparkContext: Starting job: showString at NativeMethodAccessorImpl.java:0
[2023-06-24T16:34:07.731+0000] {spark_submit.py:492} INFO - 23/06/24 16:34:07 INFO DAGScheduler: Got job 0 (showString at NativeMethodAccessorImpl.java:0) with 1 output partitions
[2023-06-24T16:34:07.732+0000] {spark_submit.py:492} INFO - 23/06/24 16:34:07 INFO DAGScheduler: Final stage: ResultStage 0 (showString at NativeMethodAccessorImpl.java:0)
[2023-06-24T16:34:07.733+0000] {spark_submit.py:492} INFO - 23/06/24 16:34:07 INFO DAGScheduler: Parents of final stage: List()
[2023-06-24T16:34:07.743+0000] {spark_submit.py:492} INFO - 23/06/24 16:34:07 INFO DAGScheduler: Missing parents: List()
[2023-06-24T16:34:07.754+0000] {spark_submit.py:492} INFO - 23/06/24 16:34:07 INFO DAGScheduler: Submitting ResultStage 0 (MapPartitionsRDD[6] at showString at NativeMethodAccessorImpl.java:0), which has no missing parents
[2023-06-24T16:34:07.939+0000] {spark_submit.py:492} INFO - 23/06/24 16:34:07 INFO MemoryStore: Block broadcast_0 stored as values in memory (estimated size 11.7 KiB, free 434.4 MiB)
[2023-06-24T16:34:07.993+0000] {spark_submit.py:492} INFO - 23/06/24 16:34:07 INFO MemoryStore: Block broadcast_0_piece0 stored as bytes in memory (estimated size 6.2 KiB, free 434.4 MiB)
[2023-06-24T16:34:07.999+0000] {spark_submit.py:492} INFO - 23/06/24 16:34:07 INFO BlockManagerInfo: Added broadcast_0_piece0 in memory on a8d69ab09d2d:38701 (size: 6.2 KiB, free: 434.4 MiB)
[2023-06-24T16:34:08.004+0000] {spark_submit.py:492} INFO - 23/06/24 16:34:08 INFO SparkContext: Created broadcast 0 from broadcast at DAGScheduler.scala:1427
[2023-06-24T16:34:08.018+0000] {spark_submit.py:492} INFO - 23/06/24 16:34:08 INFO DAGScheduler: Submitting 1 missing tasks from ResultStage 0 (MapPartitionsRDD[6] at showString at NativeMethodAccessorImpl.java:0) (first 15 tasks are for partitions Vector(0))
[2023-06-24T16:34:08.020+0000] {spark_submit.py:492} INFO - 23/06/24 16:34:08 INFO TaskSchedulerImpl: Adding task set 0.0 with 1 tasks resource profile 0
[2023-06-24T16:34:08.741+0000] {spark_submit.py:492} INFO - 23/06/24 16:34:08 INFO StandaloneAppClient$ClientEndpoint: Executor added: app-20230624163401-0027/0 on worker-20230624161025-172.19.0.3-35241 (172.19.0.3:35241) with 1 core(s)
[2023-06-24T16:34:08.742+0000] {spark_submit.py:492} INFO - 23/06/24 16:34:08 INFO StandaloneSchedulerBackend: Granted executor ID app-20230624163401-0027/0 on hostPort 172.19.0.3:35241 with 1 core(s), 1024.0 MiB RAM
[2023-06-24T16:34:08.839+0000] {spark_submit.py:492} INFO - 23/06/24 16:34:08 INFO StandaloneAppClient$ClientEndpoint: Executor updated: app-20230624163401-0027/0 is now RUNNING
[2023-06-24T16:34:11.626+0000] {spark_submit.py:492} INFO - 23/06/24 16:34:11 INFO CoarseGrainedSchedulerBackend$DriverEndpoint: Registered executor NettyRpcEndpointRef(spark-client://Executor) (172.19.0.3:56858) with ID 0,  ResourceProfileId 0
[2023-06-24T16:34:11.748+0000] {spark_submit.py:492} INFO - 23/06/24 16:34:11 INFO BlockManagerMasterEndpoint: Registering block manager 172.19.0.3:38779 with 366.3 MiB RAM, BlockManagerId(0, 172.19.0.3, 38779, None)
[2023-06-24T16:34:11.811+0000] {spark_submit.py:492} INFO - 23/06/24 16:34:11 INFO TaskSetManager: Starting task 0.0 in stage 0.0 (TID 0) (172.19.0.3, executor 0, partition 0, PROCESS_LOCAL, 4605 bytes) taskResourceAssignments Map()
[2023-06-24T16:34:12.160+0000] {spark_submit.py:492} INFO - 23/06/24 16:34:12 INFO BlockManagerInfo: Added broadcast_0_piece0 in memory on 172.19.0.3:38779 (size: 6.2 KiB, free: 366.3 MiB)
[2023-06-24T16:34:14.314+0000] {spark_submit.py:492} INFO - 23/06/24 16:34:14 INFO TaskSetManager: Finished task 0.0 in stage 0.0 (TID 0) in 2515 ms on 172.19.0.3 (executor 0) (1/1)
[2023-06-24T16:34:14.317+0000] {spark_submit.py:492} INFO - 23/06/24 16:34:14 INFO TaskSchedulerImpl: Removed TaskSet 0.0, whose tasks have all completed, from pool
[2023-06-24T16:34:14.322+0000] {spark_submit.py:492} INFO - 23/06/24 16:34:14 INFO PythonAccumulatorV2: Connected to AccumulatorServer at host: 127.0.0.1 port: 35921
[2023-06-24T16:34:14.334+0000] {spark_submit.py:492} INFO - 23/06/24 16:34:14 INFO DAGScheduler: ResultStage 0 (showString at NativeMethodAccessorImpl.java:0) finished in 6.553 s
[2023-06-24T16:34:14.346+0000] {spark_submit.py:492} INFO - 23/06/24 16:34:14 INFO DAGScheduler: Job 0 is finished. Cancelling potential speculative or zombie tasks for this job
[2023-06-24T16:34:14.348+0000] {spark_submit.py:492} INFO - 23/06/24 16:34:14 INFO TaskSchedulerImpl: Killing all running tasks in stage 0: Stage finished
[2023-06-24T16:34:14.351+0000] {spark_submit.py:492} INFO - 23/06/24 16:34:14 INFO DAGScheduler: Job 0 finished: showString at NativeMethodAccessorImpl.java:0, took 6.635372 s
[2023-06-24T16:34:14.364+0000] {spark_submit.py:492} INFO - 23/06/24 16:34:14 INFO SparkContext: Starting job: showString at NativeMethodAccessorImpl.java:0
[2023-06-24T16:34:14.366+0000] {spark_submit.py:492} INFO - 23/06/24 16:34:14 INFO DAGScheduler: Got job 1 (showString at NativeMethodAccessorImpl.java:0) with 1 output partitions
[2023-06-24T16:34:14.366+0000] {spark_submit.py:492} INFO - 23/06/24 16:34:14 INFO DAGScheduler: Final stage: ResultStage 1 (showString at NativeMethodAccessorImpl.java:0)
[2023-06-24T16:34:14.367+0000] {spark_submit.py:492} INFO - 23/06/24 16:34:14 INFO DAGScheduler: Parents of final stage: List()
[2023-06-24T16:34:14.367+0000] {spark_submit.py:492} INFO - 23/06/24 16:34:14 INFO DAGScheduler: Missing parents: List()
[2023-06-24T16:34:14.369+0000] {spark_submit.py:492} INFO - 23/06/24 16:34:14 INFO DAGScheduler: Submitting ResultStage 1 (MapPartitionsRDD[6] at showString at NativeMethodAccessorImpl.java:0), which has no missing parents
[2023-06-24T16:34:14.378+0000] {spark_submit.py:492} INFO - 23/06/24 16:34:14 INFO MemoryStore: Block broadcast_1 stored as values in memory (estimated size 11.7 KiB, free 434.4 MiB)
[2023-06-24T16:34:14.385+0000] {spark_submit.py:492} INFO - 23/06/24 16:34:14 INFO MemoryStore: Block broadcast_1_piece0 stored as bytes in memory (estimated size 6.2 KiB, free 434.4 MiB)
[2023-06-24T16:34:14.387+0000] {spark_submit.py:492} INFO - 23/06/24 16:34:14 INFO BlockManagerInfo: Added broadcast_1_piece0 in memory on a8d69ab09d2d:38701 (size: 6.2 KiB, free: 434.4 MiB)
[2023-06-24T16:34:14.388+0000] {spark_submit.py:492} INFO - 23/06/24 16:34:14 INFO SparkContext: Created broadcast 1 from broadcast at DAGScheduler.scala:1427
[2023-06-24T16:34:14.390+0000] {spark_submit.py:492} INFO - 23/06/24 16:34:14 INFO DAGScheduler: Submitting 1 missing tasks from ResultStage 1 (MapPartitionsRDD[6] at showString at NativeMethodAccessorImpl.java:0) (first 15 tasks are for partitions Vector(1))
[2023-06-24T16:34:14.392+0000] {spark_submit.py:492} INFO - 23/06/24 16:34:14 INFO TaskSchedulerImpl: Adding task set 1.0 with 1 tasks resource profile 0
[2023-06-24T16:34:14.394+0000] {spark_submit.py:492} INFO - 23/06/24 16:34:14 INFO TaskSetManager: Starting task 0.0 in stage 1.0 (TID 1) (172.19.0.3, executor 0, partition 1, PROCESS_LOCAL, 4529 bytes) taskResourceAssignments Map()
[2023-06-24T16:34:14.425+0000] {spark_submit.py:492} INFO - 23/06/24 16:34:14 INFO BlockManagerInfo: Added broadcast_1_piece0 in memory on 172.19.0.3:38779 (size: 6.2 KiB, free: 366.3 MiB)
[2023-06-24T16:34:14.506+0000] {spark_submit.py:492} INFO - 23/06/24 16:34:14 INFO TaskSetManager: Finished task 0.0 in stage 1.0 (TID 1) in 113 ms on 172.19.0.3 (executor 0) (1/1)
[2023-06-24T16:34:14.509+0000] {spark_submit.py:492} INFO - 23/06/24 16:34:14 INFO DAGScheduler: ResultStage 1 (showString at NativeMethodAccessorImpl.java:0) finished in 0.136 s
[2023-06-24T16:34:14.509+0000] {spark_submit.py:492} INFO - 23/06/24 16:34:14 INFO DAGScheduler: Job 1 is finished. Cancelling potential speculative or zombie tasks for this job
[2023-06-24T16:34:14.512+0000] {spark_submit.py:492} INFO - 23/06/24 16:34:14 INFO TaskSchedulerImpl: Removed TaskSet 1.0, whose tasks have all completed, from pool
[2023-06-24T16:34:14.512+0000] {spark_submit.py:492} INFO - 23/06/24 16:34:14 INFO TaskSchedulerImpl: Killing all running tasks in stage 1: Stage finished
[2023-06-24T16:34:14.516+0000] {spark_submit.py:492} INFO - 23/06/24 16:34:14 INFO DAGScheduler: Job 1 finished: showString at NativeMethodAccessorImpl.java:0, took 0.148725 s
[2023-06-24T16:34:14.558+0000] {spark_submit.py:492} INFO - 23/06/24 16:34:14 INFO CodeGenerator: Code generated in 22.02218 ms
[2023-06-24T16:34:14.575+0000] {spark_submit.py:492} INFO - +-----+-----------------------------------------------------------------------------+
[2023-06-24T16:34:14.575+0000] {spark_submit.py:492} INFO - |Seqno|Quote                                                                        |
[2023-06-24T16:34:14.575+0000] {spark_submit.py:492} INFO - +-----+-----------------------------------------------------------------------------+
[2023-06-24T16:34:14.575+0000] {spark_submit.py:492} INFO - |1    |Be the change that you wish to see in the world                              |
[2023-06-24T16:34:14.576+0000] {spark_submit.py:492} INFO - |2    |Everyone thinks of changing the world, but no one thinks of changing himself.|
[2023-06-24T16:34:14.576+0000] {spark_submit.py:492} INFO - |3    |The purpose of our lives is to be happy.                                     |
[2023-06-24T16:34:14.576+0000] {spark_submit.py:492} INFO - |4    |Be cool.                                                                     |
[2023-06-24T16:34:14.576+0000] {spark_submit.py:492} INFO - +-----+-----------------------------------------------------------------------------+
[2023-06-24T16:34:14.576+0000] {spark_submit.py:492} INFO - 
[2023-06-24T16:34:14.777+0000] {spark_submit.py:492} INFO - 23/06/24 16:34:14 INFO BlockManagerInfo: Removed broadcast_0_piece0 on a8d69ab09d2d:38701 in memory (size: 6.2 KiB, free: 434.4 MiB)
[2023-06-24T16:34:14.831+0000] {spark_submit.py:492} INFO - 23/06/24 16:34:14 INFO BlockManagerInfo: Removed broadcast_0_piece0 on 172.19.0.3:38779 in memory (size: 6.2 KiB, free: 366.3 MiB)
[2023-06-24T16:34:14.929+0000] {spark_submit.py:492} INFO - Traceback (most recent call last):
[2023-06-24T16:34:14.930+0000] {spark_submit.py:492} INFO - File "/opt/***/dags/spark_etl_spark_minio.py", line 43, in <module>
[2023-06-24T16:34:14.930+0000] {spark_submit.py:492} INFO - df.write.mode("append").parquet("s3a://datalake/test.parquet")
[2023-06-24T16:34:14.930+0000] {spark_submit.py:492} INFO - File "/opt/spark/python/lib/pyspark.zip/pyspark/sql/readwriter.py", line 885, in parquet
[2023-06-24T16:34:14.930+0000] {spark_submit.py:492} INFO - File "/opt/spark/python/lib/py4j-0.10.9.2-src.zip/py4j/java_gateway.py", line 1309, in __call__
[2023-06-24T16:34:14.930+0000] {spark_submit.py:492} INFO - File "/opt/spark/python/lib/pyspark.zip/pyspark/sql/utils.py", line 111, in deco
[2023-06-24T16:34:14.931+0000] {spark_submit.py:492} INFO - File "/opt/spark/python/lib/py4j-0.10.9.2-src.zip/py4j/protocol.py", line 326, in get_return_value
[2023-06-24T16:34:14.936+0000] {spark_submit.py:492} INFO - py4j.protocol.Py4JJavaError: An error occurred while calling o77.parquet.
[2023-06-24T16:34:14.937+0000] {spark_submit.py:492} INFO - : java.lang.RuntimeException: java.lang.ClassNotFoundException: Class org.apache.hadoop.fs.s3a.S3AFileSystem not found
[2023-06-24T16:34:14.937+0000] {spark_submit.py:492} INFO - at org.apache.hadoop.conf.Configuration.getClass(Configuration.java:2667)
[2023-06-24T16:34:14.937+0000] {spark_submit.py:492} INFO - at org.apache.hadoop.fs.FileSystem.getFileSystemClass(FileSystem.java:3431)
[2023-06-24T16:34:14.937+0000] {spark_submit.py:492} INFO - at org.apache.hadoop.fs.FileSystem.createFileSystem(FileSystem.java:3466)
[2023-06-24T16:34:14.937+0000] {spark_submit.py:492} INFO - at org.apache.hadoop.fs.FileSystem.access$300(FileSystem.java:174)
[2023-06-24T16:34:14.938+0000] {spark_submit.py:492} INFO - at org.apache.hadoop.fs.FileSystem$Cache.getInternal(FileSystem.java:3574)
[2023-06-24T16:34:14.938+0000] {spark_submit.py:492} INFO - at org.apache.hadoop.fs.FileSystem$Cache.get(FileSystem.java:3521)
[2023-06-24T16:34:14.938+0000] {spark_submit.py:492} INFO - at org.apache.hadoop.fs.FileSystem.get(FileSystem.java:540)
[2023-06-24T16:34:14.938+0000] {spark_submit.py:492} INFO - at org.apache.hadoop.fs.Path.getFileSystem(Path.java:365)
[2023-06-24T16:34:14.938+0000] {spark_submit.py:492} INFO - at org.apache.spark.sql.execution.datasources.DataSource.planForWritingFileFormat(DataSource.scala:461)
[2023-06-24T16:34:14.938+0000] {spark_submit.py:492} INFO - at org.apache.spark.sql.execution.datasources.DataSource.planForWriting(DataSource.scala:556)
[2023-06-24T16:34:14.938+0000] {spark_submit.py:492} INFO - at org.apache.spark.sql.DataFrameWriter.saveToV1Source(DataFrameWriter.scala:382)
[2023-06-24T16:34:14.939+0000] {spark_submit.py:492} INFO - at org.apache.spark.sql.DataFrameWriter.saveInternal(DataFrameWriter.scala:355)
[2023-06-24T16:34:14.939+0000] {spark_submit.py:492} INFO - at org.apache.spark.sql.DataFrameWriter.save(DataFrameWriter.scala:239)
[2023-06-24T16:34:14.939+0000] {spark_submit.py:492} INFO - at org.apache.spark.sql.DataFrameWriter.parquet(DataFrameWriter.scala:781)
[2023-06-24T16:34:14.939+0000] {spark_submit.py:492} INFO - at java.base/jdk.internal.reflect.NativeMethodAccessorImpl.invoke0(Native Method)
[2023-06-24T16:34:14.939+0000] {spark_submit.py:492} INFO - at java.base/jdk.internal.reflect.NativeMethodAccessorImpl.invoke(NativeMethodAccessorImpl.java:62)
[2023-06-24T16:34:14.939+0000] {spark_submit.py:492} INFO - at java.base/jdk.internal.reflect.DelegatingMethodAccessorImpl.invoke(DelegatingMethodAccessorImpl.java:43)
[2023-06-24T16:34:14.939+0000] {spark_submit.py:492} INFO - at java.base/java.lang.reflect.Method.invoke(Method.java:566)
[2023-06-24T16:34:14.940+0000] {spark_submit.py:492} INFO - at py4j.reflection.MethodInvoker.invoke(MethodInvoker.java:244)
[2023-06-24T16:34:14.940+0000] {spark_submit.py:492} INFO - at py4j.reflection.ReflectionEngine.invoke(ReflectionEngine.java:357)
[2023-06-24T16:34:14.940+0000] {spark_submit.py:492} INFO - at py4j.Gateway.invoke(Gateway.java:282)
[2023-06-24T16:34:14.940+0000] {spark_submit.py:492} INFO - at py4j.commands.AbstractCommand.invokeMethod(AbstractCommand.java:132)
[2023-06-24T16:34:14.940+0000] {spark_submit.py:492} INFO - at py4j.commands.CallCommand.execute(CallCommand.java:79)
[2023-06-24T16:34:14.940+0000] {spark_submit.py:492} INFO - at py4j.ClientServerConnection.waitForCommands(ClientServerConnection.java:182)
[2023-06-24T16:34:14.941+0000] {spark_submit.py:492} INFO - at py4j.ClientServerConnection.run(ClientServerConnection.java:106)
[2023-06-24T16:34:14.941+0000] {spark_submit.py:492} INFO - at java.base/java.lang.Thread.run(Thread.java:829)
[2023-06-24T16:34:14.941+0000] {spark_submit.py:492} INFO - Caused by: java.lang.ClassNotFoundException: Class org.apache.hadoop.fs.s3a.S3AFileSystem not found
[2023-06-24T16:34:14.941+0000] {spark_submit.py:492} INFO - at org.apache.hadoop.conf.Configuration.getClassByName(Configuration.java:2571)
[2023-06-24T16:34:14.941+0000] {spark_submit.py:492} INFO - at org.apache.hadoop.conf.Configuration.getClass(Configuration.java:2665)
[2023-06-24T16:34:14.941+0000] {spark_submit.py:492} INFO - ... 25 more
[2023-06-24T16:34:14.941+0000] {spark_submit.py:492} INFO - 
[2023-06-24T16:34:14.950+0000] {spark_submit.py:492} INFO - 23/06/24 16:34:14 INFO BlockManagerInfo: Removed broadcast_1_piece0 on a8d69ab09d2d:38701 in memory (size: 6.2 KiB, free: 434.4 MiB)
[2023-06-24T16:34:14.951+0000] {spark_submit.py:492} INFO - 23/06/24 16:34:14 INFO BlockManagerInfo: Removed broadcast_1_piece0 on 172.19.0.3:38779 in memory (size: 6.2 KiB, free: 366.3 MiB)
[2023-06-24T16:34:15.062+0000] {spark_submit.py:492} INFO - 23/06/24 16:34:15 INFO SparkContext: Invoking stop() from shutdown hook
[2023-06-24T16:34:15.084+0000] {spark_submit.py:492} INFO - 23/06/24 16:34:15 INFO SparkUI: Stopped Spark web UI at http://a8d69ab09d2d:4041
[2023-06-24T16:34:15.094+0000] {spark_submit.py:492} INFO - 23/06/24 16:34:15 INFO StandaloneSchedulerBackend: Shutting down all executors
[2023-06-24T16:34:15.094+0000] {spark_submit.py:492} INFO - 23/06/24 16:34:15 INFO CoarseGrainedSchedulerBackend$DriverEndpoint: Asking each executor to shut down
[2023-06-24T16:34:15.147+0000] {spark_submit.py:492} INFO - 23/06/24 16:34:15 INFO MapOutputTrackerMasterEndpoint: MapOutputTrackerMasterEndpoint stopped!
[2023-06-24T16:34:15.190+0000] {spark_submit.py:492} INFO - 23/06/24 16:34:15 INFO MemoryStore: MemoryStore cleared
[2023-06-24T16:34:15.191+0000] {spark_submit.py:492} INFO - 23/06/24 16:34:15 INFO BlockManager: BlockManager stopped
[2023-06-24T16:34:15.199+0000] {spark_submit.py:492} INFO - 23/06/24 16:34:15 INFO BlockManagerMaster: BlockManagerMaster stopped
[2023-06-24T16:34:15.204+0000] {spark_submit.py:492} INFO - 23/06/24 16:34:15 INFO OutputCommitCoordinator$OutputCommitCoordinatorEndpoint: OutputCommitCoordinator stopped!
[2023-06-24T16:34:15.222+0000] {spark_submit.py:492} INFO - 23/06/24 16:34:15 INFO SparkContext: Successfully stopped SparkContext
[2023-06-24T16:34:15.222+0000] {spark_submit.py:492} INFO - 23/06/24 16:34:15 INFO ShutdownHookManager: Shutdown hook called
[2023-06-24T16:34:15.223+0000] {spark_submit.py:492} INFO - 23/06/24 16:34:15 INFO ShutdownHookManager: Deleting directory /tmp/spark-2d3d4959-50fa-4c47-aa89-3655411598b0/pyspark-46607b0c-e00e-4ed6-9655-4c7a3af8330a
[2023-06-24T16:34:15.233+0000] {spark_submit.py:492} INFO - 23/06/24 16:34:15 INFO ShutdownHookManager: Deleting directory /tmp/spark-42a4993d-d602-45ee-9d1b-096877ea56a8
[2023-06-24T16:34:15.239+0000] {spark_submit.py:492} INFO - 23/06/24 16:34:15 INFO ShutdownHookManager: Deleting directory /tmp/spark-2d3d4959-50fa-4c47-aa89-3655411598b0
[2023-06-24T16:34:15.343+0000] {taskinstance.py:1775} ERROR - Task failed with exception
Traceback (most recent call last):
  File "/home/airflow/.local/lib/python3.8/site-packages/airflow/providers/apache/spark/operators/spark_submit.py", line 157, in execute
    self._hook.submit(self._application)
  File "/home/airflow/.local/lib/python3.8/site-packages/airflow/providers/apache/spark/hooks/spark_submit.py", line 423, in submit
    raise AirflowException(
airflow.exceptions.AirflowException: Cannot execute: spark-submit --master spark://spark:7077 --name arrow-spark /opt/***/dags/spark_etl_spark_minio.py. Error code is: 1.
[2023-06-24T16:34:15.348+0000] {taskinstance.py:1321} INFO - Marking task as UP_FOR_RETRY. dag_id=spark_etl_minio_v2, task_id=spark_submit_task, execution_date=20230624T163353, start_date=20230624T163354, end_date=20230624T163415
[2023-06-24T16:34:15.366+0000] {standard_task_runner.py:100} ERROR - Failed to execute job 104 for task spark_submit_task (Cannot execute: spark-submit --master spark://spark:7077 --name arrow-spark /opt/***/dags/spark_etl_spark_minio.py. Error code is: 1.; 5664)
[2023-06-24T16:34:15.388+0000] {local_task_job.py:212} INFO - Task exited with return code 1
[2023-06-24T16:34:15.411+0000] {taskinstance.py:2585} INFO - 0 downstream tasks scheduled from follow-on schedule check
