[2023-06-24T16:36:09.577+0000] {taskinstance.py:1084} INFO - Dependencies all met for dep_context=non-requeueable deps ti=<TaskInstance: spark_etl_minio_v2.spark_submit_task manual__2023-06-24T16:31:03.532492+00:00 [queued]>
[2023-06-24T16:36:09.588+0000] {taskinstance.py:1084} INFO - Dependencies all met for dep_context=requeueable deps ti=<TaskInstance: spark_etl_minio_v2.spark_submit_task manual__2023-06-24T16:31:03.532492+00:00 [queued]>
[2023-06-24T16:36:09.588+0000] {taskinstance.py:1282} INFO - 
--------------------------------------------------------------------------------
[2023-06-24T16:36:09.588+0000] {taskinstance.py:1283} INFO - Starting attempt 4 of 8
[2023-06-24T16:36:09.589+0000] {taskinstance.py:1284} INFO - 
--------------------------------------------------------------------------------
[2023-06-24T16:36:09.606+0000] {taskinstance.py:1303} INFO - Executing <Task(SparkSubmitOperator): spark_submit_task> on 2023-06-24 16:31:03.532492+00:00
[2023-06-24T16:36:09.614+0000] {standard_task_runner.py:55} INFO - Started process 6117 to run task
[2023-06-24T16:36:09.617+0000] {standard_task_runner.py:82} INFO - Running: ['***', 'tasks', 'run', 'spark_etl_minio_v2', 'spark_submit_task', 'manual__2023-06-24T16:31:03.532492+00:00', '--job-id', '105', '--raw', '--subdir', 'DAGS_FOLDER/spark_job_minio.py', '--cfg-path', '/tmp/tmpmgyj2jxc']
[2023-06-24T16:36:09.618+0000] {standard_task_runner.py:83} INFO - Job 105: Subtask spark_submit_task
[2023-06-24T16:36:09.632+0000] {warnings.py:109} WARNING - /home/***/.local/lib/python3.8/site-packages/***/settings.py:250: DeprecationWarning: The sql_alchemy_conn option in [core] has been moved to the sql_alchemy_conn option in [database] - the old setting has been used, but please update your config.
  SQL_ALCHEMY_CONN = conf.get("database", "SQL_ALCHEMY_CONN")

[2023-06-24T16:36:09.682+0000] {task_command.py:388} INFO - Running <TaskInstance: spark_etl_minio_v2.spark_submit_task manual__2023-06-24T16:31:03.532492+00:00 [running]> on host a8d69ab09d2d
[2023-06-24T16:36:09.761+0000] {taskinstance.py:1509} INFO - Exporting the following env vars:
AIRFLOW_CTX_DAG_OWNER=***
AIRFLOW_CTX_DAG_ID=spark_etl_minio_v2
AIRFLOW_CTX_TASK_ID=spark_submit_task
AIRFLOW_CTX_EXECUTION_DATE=2023-06-24T16:31:03.532492+00:00
AIRFLOW_CTX_TRY_NUMBER=4
AIRFLOW_CTX_DAG_RUN_ID=manual__2023-06-24T16:31:03.532492+00:00
[2023-06-24T16:36:09.770+0000] {base.py:73} INFO - Using connection ID 'spark_minio' for task execution.
[2023-06-24T16:36:09.771+0000] {spark_submit.py:341} INFO - Spark-Submit cmd: spark-submit --master spark://spark:7077 --name arrow-spark /opt/***/dags/spark_etl_spark_minio.py
[2023-06-24T16:36:11.228+0000] {spark_submit.py:492} INFO - WARNING: An illegal reflective access operation has occurred
[2023-06-24T16:36:11.228+0000] {spark_submit.py:492} INFO - WARNING: Illegal reflective access by org.apache.spark.unsafe.Platform (file:/opt/spark/jars/spark-unsafe_2.12-3.2.0.jar) to constructor java.nio.DirectByteBuffer(long,int)
[2023-06-24T16:36:11.228+0000] {spark_submit.py:492} INFO - WARNING: Please consider reporting this to the maintainers of org.apache.spark.unsafe.Platform
[2023-06-24T16:36:11.229+0000] {spark_submit.py:492} INFO - WARNING: Use --illegal-access=warn to enable warnings of further illegal reflective access operations
[2023-06-24T16:36:11.233+0000] {spark_submit.py:492} INFO - WARNING: All illegal access operations will be denied in a future release
[2023-06-24T16:36:12.881+0000] {spark_submit.py:492} INFO - Using Spark's default log4j profile: org/apache/spark/log4j-defaults.properties
[2023-06-24T16:36:12.891+0000] {spark_submit.py:492} INFO - 23/06/24 16:36:12 INFO SparkContext: Running Spark version 3.2.0
[2023-06-24T16:36:12.993+0000] {spark_submit.py:492} INFO - 23/06/24 16:36:12 WARN NativeCodeLoader: Unable to load native-hadoop library for your platform... using builtin-java classes where applicable
[2023-06-24T16:36:13.134+0000] {spark_submit.py:492} INFO - 23/06/24 16:36:13 INFO ResourceUtils: ==============================================================
[2023-06-24T16:36:13.135+0000] {spark_submit.py:492} INFO - 23/06/24 16:36:13 INFO ResourceUtils: No custom resources configured for spark.driver.
[2023-06-24T16:36:13.136+0000] {spark_submit.py:492} INFO - 23/06/24 16:36:13 INFO ResourceUtils: ==============================================================
[2023-06-24T16:36:13.136+0000] {spark_submit.py:492} INFO - 23/06/24 16:36:13 INFO SparkContext: Submitted application: arrow-spark
[2023-06-24T16:36:13.164+0000] {spark_submit.py:492} INFO - 23/06/24 16:36:13 INFO ResourceProfile: Default ResourceProfile created, executor resources: Map(cores -> name: cores, amount: 1, script: , vendor: , memory -> name: memory, amount: 1024, script: , vendor: , offHeap -> name: offHeap, amount: 0, script: , vendor: ), task resources: Map(cpus -> name: cpus, amount: 1.0)
[2023-06-24T16:36:13.179+0000] {spark_submit.py:492} INFO - 23/06/24 16:36:13 INFO ResourceProfile: Limiting resource is cpu
[2023-06-24T16:36:13.179+0000] {spark_submit.py:492} INFO - 23/06/24 16:36:13 INFO ResourceProfileManager: Added ResourceProfile id: 0
[2023-06-24T16:36:13.238+0000] {spark_submit.py:492} INFO - 23/06/24 16:36:13 INFO SecurityManager: Changing view acls to: default
[2023-06-24T16:36:13.239+0000] {spark_submit.py:492} INFO - 23/06/24 16:36:13 INFO SecurityManager: Changing modify acls to: default
[2023-06-24T16:36:13.242+0000] {spark_submit.py:492} INFO - 23/06/24 16:36:13 INFO SecurityManager: Changing view acls groups to:
[2023-06-24T16:36:13.242+0000] {spark_submit.py:492} INFO - 23/06/24 16:36:13 INFO SecurityManager: Changing modify acls groups to:
[2023-06-24T16:36:13.243+0000] {spark_submit.py:492} INFO - 23/06/24 16:36:13 INFO SecurityManager: SecurityManager: authentication disabled; ui acls disabled; users  with view permissions: Set(default); groups with view permissions: Set(); users  with modify permissions: Set(default); groups with modify permissions: Set()
[2023-06-24T16:36:13.649+0000] {spark_submit.py:492} INFO - 23/06/24 16:36:13 INFO Utils: Successfully started service 'sparkDriver' on port 39111.
[2023-06-24T16:36:13.689+0000] {spark_submit.py:492} INFO - 23/06/24 16:36:13 INFO SparkEnv: Registering MapOutputTracker
[2023-06-24T16:36:13.727+0000] {spark_submit.py:492} INFO - 23/06/24 16:36:13 INFO SparkEnv: Registering BlockManagerMaster
[2023-06-24T16:36:13.749+0000] {spark_submit.py:492} INFO - 23/06/24 16:36:13 INFO BlockManagerMasterEndpoint: Using org.apache.spark.storage.DefaultTopologyMapper for getting topology information
[2023-06-24T16:36:13.749+0000] {spark_submit.py:492} INFO - 23/06/24 16:36:13 INFO BlockManagerMasterEndpoint: BlockManagerMasterEndpoint up
[2023-06-24T16:36:13.753+0000] {spark_submit.py:492} INFO - 23/06/24 16:36:13 INFO SparkEnv: Registering BlockManagerMasterHeartbeat
[2023-06-24T16:36:13.786+0000] {spark_submit.py:492} INFO - 23/06/24 16:36:13 INFO DiskBlockManager: Created local directory at /tmp/blockmgr-c27d2a06-c561-4ac8-8b9a-64c3c87a45d6
[2023-06-24T16:36:13.813+0000] {spark_submit.py:492} INFO - 23/06/24 16:36:13 INFO MemoryStore: MemoryStore started with capacity 434.4 MiB
[2023-06-24T16:36:13.839+0000] {spark_submit.py:492} INFO - 23/06/24 16:36:13 INFO SparkEnv: Registering OutputCommitCoordinator
[2023-06-24T16:36:14.081+0000] {spark_submit.py:492} INFO - 23/06/24 16:36:14 INFO Utils: Successfully started service 'SparkUI' on port 4040.
[2023-06-24T16:36:14.145+0000] {spark_submit.py:492} INFO - 23/06/24 16:36:14 INFO SparkUI: Bound SparkUI to 0.0.0.0, and started at http://a8d69ab09d2d:4040
[2023-06-24T16:36:14.400+0000] {spark_submit.py:492} INFO - 23/06/24 16:36:14 INFO StandaloneAppClient$ClientEndpoint: Connecting to master spark://spark:7077...
[2023-06-24T16:36:14.513+0000] {spark_submit.py:492} INFO - 23/06/24 16:36:14 INFO TransportClientFactory: Successfully created connection to spark/172.19.0.11:7077 after 92 ms (0 ms spent in bootstraps)
[2023-06-24T16:36:14.616+0000] {spark_submit.py:492} INFO - 23/06/24 16:36:14 INFO StandaloneSchedulerBackend: Connected to Spark cluster with app ID app-20230624163614-0028
[2023-06-24T16:36:14.622+0000] {spark_submit.py:492} INFO - 23/06/24 16:36:14 INFO StandaloneAppClient$ClientEndpoint: Executor added: app-20230624163614-0028/0 on worker-20230624161025-172.19.0.3-35241 (172.19.0.3:35241) with 1 core(s)
[2023-06-24T16:36:14.624+0000] {spark_submit.py:492} INFO - 23/06/24 16:36:14 INFO StandaloneSchedulerBackend: Granted executor ID app-20230624163614-0028/0 on hostPort 172.19.0.3:35241 with 1 core(s), 1024.0 MiB RAM
[2023-06-24T16:36:14.626+0000] {spark_submit.py:492} INFO - 23/06/24 16:36:14 INFO Utils: Successfully started service 'org.apache.spark.network.netty.NettyBlockTransferService' on port 33129.
[2023-06-24T16:36:14.626+0000] {spark_submit.py:492} INFO - 23/06/24 16:36:14 INFO NettyBlockTransferService: Server created on a8d69ab09d2d:33129
[2023-06-24T16:36:14.628+0000] {spark_submit.py:492} INFO - 23/06/24 16:36:14 INFO BlockManager: Using org.apache.spark.storage.RandomBlockReplicationPolicy for block replication policy
[2023-06-24T16:36:14.636+0000] {spark_submit.py:492} INFO - 23/06/24 16:36:14 INFO BlockManagerMaster: Registering BlockManager BlockManagerId(driver, a8d69ab09d2d, 33129, None)
[2023-06-24T16:36:14.640+0000] {spark_submit.py:492} INFO - 23/06/24 16:36:14 INFO BlockManagerMasterEndpoint: Registering block manager a8d69ab09d2d:33129 with 434.4 MiB RAM, BlockManagerId(driver, a8d69ab09d2d, 33129, None)
[2023-06-24T16:36:14.648+0000] {spark_submit.py:492} INFO - 23/06/24 16:36:14 INFO BlockManagerMaster: Registered BlockManager BlockManagerId(driver, a8d69ab09d2d, 33129, None)
[2023-06-24T16:36:14.649+0000] {spark_submit.py:492} INFO - 23/06/24 16:36:14 INFO BlockManager: Initialized BlockManager: BlockManagerId(driver, a8d69ab09d2d, 33129, None)
[2023-06-24T16:36:14.687+0000] {spark_submit.py:492} INFO - 23/06/24 16:36:14 INFO StandaloneAppClient$ClientEndpoint: Executor updated: app-20230624163614-0028/0 is now RUNNING
[2023-06-24T16:36:14.922+0000] {spark_submit.py:492} INFO - 23/06/24 16:36:14 INFO StandaloneSchedulerBackend: SchedulerBackend is ready for scheduling beginning after reached minRegisteredResourcesRatio: 0.0
[2023-06-24T16:36:15.250+0000] {spark_submit.py:492} INFO - 23/06/24 16:36:15 INFO SharedState: Setting hive.metastore.warehouse.dir ('null') to the value of spark.sql.warehouse.dir.
[2023-06-24T16:36:15.294+0000] {spark_submit.py:492} INFO - 23/06/24 16:36:15 INFO SharedState: Warehouse path is 'file:/opt/***/spark-warehouse'.
[2023-06-24T16:36:18.318+0000] {spark_submit.py:492} INFO - 23/06/24 16:36:18 INFO CoarseGrainedSchedulerBackend$DriverEndpoint: Registered executor NettyRpcEndpointRef(spark-client://Executor) (172.19.0.3:46600) with ID 0,  ResourceProfileId 0
[2023-06-24T16:36:18.624+0000] {spark_submit.py:492} INFO - 23/06/24 16:36:18 INFO BlockManagerMasterEndpoint: Registering block manager 172.19.0.3:34099 with 366.3 MiB RAM, BlockManagerId(0, 172.19.0.3, 34099, None)
[2023-06-24T16:36:21.391+0000] {spark_submit.py:492} INFO - 23/06/24 16:36:21 INFO CodeGenerator: Code generated in 251.379718 ms
[2023-06-24T16:36:21.453+0000] {spark_submit.py:492} INFO - 23/06/24 16:36:21 INFO SparkContext: Starting job: showString at NativeMethodAccessorImpl.java:0
[2023-06-24T16:36:21.471+0000] {spark_submit.py:492} INFO - 23/06/24 16:36:21 INFO DAGScheduler: Got job 0 (showString at NativeMethodAccessorImpl.java:0) with 1 output partitions
[2023-06-24T16:36:21.473+0000] {spark_submit.py:492} INFO - 23/06/24 16:36:21 INFO DAGScheduler: Final stage: ResultStage 0 (showString at NativeMethodAccessorImpl.java:0)
[2023-06-24T16:36:21.473+0000] {spark_submit.py:492} INFO - 23/06/24 16:36:21 INFO DAGScheduler: Parents of final stage: List()
[2023-06-24T16:36:21.476+0000] {spark_submit.py:492} INFO - 23/06/24 16:36:21 INFO DAGScheduler: Missing parents: List()
[2023-06-24T16:36:21.483+0000] {spark_submit.py:492} INFO - 23/06/24 16:36:21 INFO DAGScheduler: Submitting ResultStage 0 (MapPartitionsRDD[6] at showString at NativeMethodAccessorImpl.java:0), which has no missing parents
[2023-06-24T16:36:21.626+0000] {spark_submit.py:492} INFO - 23/06/24 16:36:21 INFO MemoryStore: Block broadcast_0 stored as values in memory (estimated size 11.7 KiB, free 434.4 MiB)
[2023-06-24T16:36:21.663+0000] {spark_submit.py:492} INFO - 23/06/24 16:36:21 INFO MemoryStore: Block broadcast_0_piece0 stored as bytes in memory (estimated size 6.2 KiB, free 434.4 MiB)
[2023-06-24T16:36:21.668+0000] {spark_submit.py:492} INFO - 23/06/24 16:36:21 INFO BlockManagerInfo: Added broadcast_0_piece0 in memory on a8d69ab09d2d:33129 (size: 6.2 KiB, free: 434.4 MiB)
[2023-06-24T16:36:21.672+0000] {spark_submit.py:492} INFO - 23/06/24 16:36:21 INFO SparkContext: Created broadcast 0 from broadcast at DAGScheduler.scala:1427
[2023-06-24T16:36:21.685+0000] {spark_submit.py:492} INFO - 23/06/24 16:36:21 INFO DAGScheduler: Submitting 1 missing tasks from ResultStage 0 (MapPartitionsRDD[6] at showString at NativeMethodAccessorImpl.java:0) (first 15 tasks are for partitions Vector(0))
[2023-06-24T16:36:21.688+0000] {spark_submit.py:492} INFO - 23/06/24 16:36:21 INFO TaskSchedulerImpl: Adding task set 0.0 with 1 tasks resource profile 0
[2023-06-24T16:36:21.728+0000] {spark_submit.py:492} INFO - 23/06/24 16:36:21 INFO TaskSetManager: Starting task 0.0 in stage 0.0 (TID 0) (172.19.0.3, executor 0, partition 0, PROCESS_LOCAL, 4605 bytes) taskResourceAssignments Map()
[2023-06-24T16:36:22.151+0000] {spark_submit.py:492} INFO - 23/06/24 16:36:22 INFO BlockManagerInfo: Added broadcast_0_piece0 in memory on 172.19.0.3:34099 (size: 6.2 KiB, free: 366.3 MiB)
[2023-06-24T16:36:24.461+0000] {spark_submit.py:492} INFO - 23/06/24 16:36:24 INFO TaskSetManager: Finished task 0.0 in stage 0.0 (TID 0) in 2746 ms on 172.19.0.3 (executor 0) (1/1)
[2023-06-24T16:36:24.464+0000] {spark_submit.py:492} INFO - 23/06/24 16:36:24 INFO TaskSchedulerImpl: Removed TaskSet 0.0, whose tasks have all completed, from pool
[2023-06-24T16:36:24.469+0000] {spark_submit.py:492} INFO - 23/06/24 16:36:24 INFO PythonAccumulatorV2: Connected to AccumulatorServer at host: 127.0.0.1 port: 33239
[2023-06-24T16:36:24.481+0000] {spark_submit.py:492} INFO - 23/06/24 16:36:24 INFO DAGScheduler: ResultStage 0 (showString at NativeMethodAccessorImpl.java:0) finished in 2.978 s
[2023-06-24T16:36:24.485+0000] {spark_submit.py:492} INFO - 23/06/24 16:36:24 INFO DAGScheduler: Job 0 is finished. Cancelling potential speculative or zombie tasks for this job
[2023-06-24T16:36:24.486+0000] {spark_submit.py:492} INFO - 23/06/24 16:36:24 INFO TaskSchedulerImpl: Killing all running tasks in stage 0: Stage finished
[2023-06-24T16:36:24.491+0000] {spark_submit.py:492} INFO - 23/06/24 16:36:24 INFO DAGScheduler: Job 0 finished: showString at NativeMethodAccessorImpl.java:0, took 3.034329 s
[2023-06-24T16:36:24.518+0000] {spark_submit.py:492} INFO - 23/06/24 16:36:24 INFO SparkContext: Starting job: showString at NativeMethodAccessorImpl.java:0
[2023-06-24T16:36:24.520+0000] {spark_submit.py:492} INFO - 23/06/24 16:36:24 INFO DAGScheduler: Got job 1 (showString at NativeMethodAccessorImpl.java:0) with 1 output partitions
[2023-06-24T16:36:24.522+0000] {spark_submit.py:492} INFO - 23/06/24 16:36:24 INFO DAGScheduler: Final stage: ResultStage 1 (showString at NativeMethodAccessorImpl.java:0)
[2023-06-24T16:36:24.522+0000] {spark_submit.py:492} INFO - 23/06/24 16:36:24 INFO DAGScheduler: Parents of final stage: List()
[2023-06-24T16:36:24.523+0000] {spark_submit.py:492} INFO - 23/06/24 16:36:24 INFO DAGScheduler: Missing parents: List()
[2023-06-24T16:36:24.527+0000] {spark_submit.py:492} INFO - 23/06/24 16:36:24 INFO DAGScheduler: Submitting ResultStage 1 (MapPartitionsRDD[6] at showString at NativeMethodAccessorImpl.java:0), which has no missing parents
[2023-06-24T16:36:24.541+0000] {spark_submit.py:492} INFO - 23/06/24 16:36:24 INFO MemoryStore: Block broadcast_1 stored as values in memory (estimated size 11.7 KiB, free 434.4 MiB)
[2023-06-24T16:36:24.546+0000] {spark_submit.py:492} INFO - 23/06/24 16:36:24 INFO MemoryStore: Block broadcast_1_piece0 stored as bytes in memory (estimated size 6.2 KiB, free 434.4 MiB)
[2023-06-24T16:36:24.548+0000] {spark_submit.py:492} INFO - 23/06/24 16:36:24 INFO BlockManagerInfo: Added broadcast_1_piece0 in memory on a8d69ab09d2d:33129 (size: 6.2 KiB, free: 434.4 MiB)
[2023-06-24T16:36:24.549+0000] {spark_submit.py:492} INFO - 23/06/24 16:36:24 INFO SparkContext: Created broadcast 1 from broadcast at DAGScheduler.scala:1427
[2023-06-24T16:36:24.551+0000] {spark_submit.py:492} INFO - 23/06/24 16:36:24 INFO DAGScheduler: Submitting 1 missing tasks from ResultStage 1 (MapPartitionsRDD[6] at showString at NativeMethodAccessorImpl.java:0) (first 15 tasks are for partitions Vector(1))
[2023-06-24T16:36:24.551+0000] {spark_submit.py:492} INFO - 23/06/24 16:36:24 INFO TaskSchedulerImpl: Adding task set 1.0 with 1 tasks resource profile 0
[2023-06-24T16:36:24.554+0000] {spark_submit.py:492} INFO - 23/06/24 16:36:24 INFO TaskSetManager: Starting task 0.0 in stage 1.0 (TID 1) (172.19.0.3, executor 0, partition 1, PROCESS_LOCAL, 4529 bytes) taskResourceAssignments Map()
[2023-06-24T16:36:24.585+0000] {spark_submit.py:492} INFO - 23/06/24 16:36:24 INFO BlockManagerInfo: Added broadcast_1_piece0 in memory on 172.19.0.3:34099 (size: 6.2 KiB, free: 366.3 MiB)
[2023-06-24T16:36:24.670+0000] {spark_submit.py:492} INFO - 23/06/24 16:36:24 INFO TaskSetManager: Finished task 0.0 in stage 1.0 (TID 1) in 116 ms on 172.19.0.3 (executor 0) (1/1)
[2023-06-24T16:36:24.670+0000] {spark_submit.py:492} INFO - 23/06/24 16:36:24 INFO TaskSchedulerImpl: Removed TaskSet 1.0, whose tasks have all completed, from pool
[2023-06-24T16:36:24.673+0000] {spark_submit.py:492} INFO - 23/06/24 16:36:24 INFO DAGScheduler: ResultStage 1 (showString at NativeMethodAccessorImpl.java:0) finished in 0.141 s
[2023-06-24T16:36:24.673+0000] {spark_submit.py:492} INFO - 23/06/24 16:36:24 INFO DAGScheduler: Job 1 is finished. Cancelling potential speculative or zombie tasks for this job
[2023-06-24T16:36:24.673+0000] {spark_submit.py:492} INFO - 23/06/24 16:36:24 INFO TaskSchedulerImpl: Killing all running tasks in stage 1: Stage finished
[2023-06-24T16:36:24.674+0000] {spark_submit.py:492} INFO - 23/06/24 16:36:24 INFO DAGScheduler: Job 1 finished: showString at NativeMethodAccessorImpl.java:0, took 0.153295 s
[2023-06-24T16:36:24.725+0000] {spark_submit.py:492} INFO - 23/06/24 16:36:24 INFO CodeGenerator: Code generated in 27.944309 ms
[2023-06-24T16:36:24.766+0000] {spark_submit.py:492} INFO - +-----+-----------------------------------------------------------------------------+
[2023-06-24T16:36:24.766+0000] {spark_submit.py:492} INFO - |Seqno|Quote                                                                        |
[2023-06-24T16:36:24.766+0000] {spark_submit.py:492} INFO - +-----+-----------------------------------------------------------------------------+
[2023-06-24T16:36:24.766+0000] {spark_submit.py:492} INFO - |1    |Be the change that you wish to see in the world                              |
[2023-06-24T16:36:24.766+0000] {spark_submit.py:492} INFO - |2    |Everyone thinks of changing the world, but no one thinks of changing himself.|
[2023-06-24T16:36:24.766+0000] {spark_submit.py:492} INFO - |3    |The purpose of our lives is to be happy.                                     |
[2023-06-24T16:36:24.767+0000] {spark_submit.py:492} INFO - |4    |Be cool.                                                                     |
[2023-06-24T16:36:24.767+0000] {spark_submit.py:492} INFO - +-----+-----------------------------------------------------------------------------+
[2023-06-24T16:36:24.767+0000] {spark_submit.py:492} INFO - 
[2023-06-24T16:36:25.006+0000] {spark_submit.py:492} INFO - 23/06/24 16:36:25 INFO BlockManagerInfo: Removed broadcast_0_piece0 on 172.19.0.3:34099 in memory (size: 6.2 KiB, free: 366.3 MiB)
[2023-06-24T16:36:25.006+0000] {spark_submit.py:492} INFO - 23/06/24 16:36:25 INFO BlockManagerInfo: Removed broadcast_0_piece0 on a8d69ab09d2d:33129 in memory (size: 6.2 KiB, free: 434.4 MiB)
[2023-06-24T16:36:25.026+0000] {spark_submit.py:492} INFO - 23/06/24 16:36:25 INFO BlockManagerInfo: Removed broadcast_1_piece0 on a8d69ab09d2d:33129 in memory (size: 6.2 KiB, free: 434.4 MiB)
[2023-06-24T16:36:25.029+0000] {spark_submit.py:492} INFO - Traceback (most recent call last):
[2023-06-24T16:36:25.030+0000] {spark_submit.py:492} INFO - File "/opt/***/dags/spark_etl_spark_minio.py", line 43, in <module>
[2023-06-24T16:36:25.030+0000] {spark_submit.py:492} INFO - df.write.mode("append").parquet("s3a://datalake/test.parquet")
[2023-06-24T16:36:25.030+0000] {spark_submit.py:492} INFO - File "/opt/spark/python/lib/pyspark.zip/pyspark/sql/readwriter.py", line 885, in parquet
[2023-06-24T16:36:25.030+0000] {spark_submit.py:492} INFO - File "/opt/spark/python/lib/py4j-0.10.9.2-src.zip/py4j/java_gateway.py", line 1309, in __call__
[2023-06-24T16:36:25.030+0000] {spark_submit.py:492} INFO - File "/opt/spark/python/lib/pyspark.zip/pyspark/sql/utils.py", line 111, in deco
[2023-06-24T16:36:25.030+0000] {spark_submit.py:492} INFO - File "/opt/spark/python/lib/py4j-0.10.9.2-src.zip/py4j/protocol.py", line 326, in get_return_value
[2023-06-24T16:36:25.031+0000] {spark_submit.py:492} INFO - py4j.protocol.Py4JJavaError: An error occurred while calling o77.parquet.
[2023-06-24T16:36:25.031+0000] {spark_submit.py:492} INFO - : java.lang.RuntimeException: java.lang.ClassNotFoundException: Class org.apache.hadoop.fs.s3a.S3AFileSystem not found
[2023-06-24T16:36:25.031+0000] {spark_submit.py:492} INFO - at org.apache.hadoop.conf.Configuration.getClass(Configuration.java:2667)
[2023-06-24T16:36:25.031+0000] {spark_submit.py:492} INFO - at org.apache.hadoop.fs.FileSystem.getFileSystemClass(FileSystem.java:3431)
[2023-06-24T16:36:25.031+0000] {spark_submit.py:492} INFO - at org.apache.hadoop.fs.FileSystem.createFileSystem(FileSystem.java:3466)
[2023-06-24T16:36:25.031+0000] {spark_submit.py:492} INFO - at org.apache.hadoop.fs.FileSystem.access$300(FileSystem.java:174)
[2023-06-24T16:36:25.031+0000] {spark_submit.py:492} INFO - at org.apache.hadoop.fs.FileSystem$Cache.getInternal(FileSystem.java:3574)
[2023-06-24T16:36:25.031+0000] {spark_submit.py:492} INFO - at org.apache.hadoop.fs.FileSystem$Cache.get(FileSystem.java:3521)
[2023-06-24T16:36:25.032+0000] {spark_submit.py:492} INFO - at org.apache.hadoop.fs.FileSystem.get(FileSystem.java:540)
[2023-06-24T16:36:25.032+0000] {spark_submit.py:492} INFO - at org.apache.hadoop.fs.Path.getFileSystem(Path.java:365)
[2023-06-24T16:36:25.032+0000] {spark_submit.py:492} INFO - at org.apache.spark.sql.execution.datasources.DataSource.planForWritingFileFormat(DataSource.scala:461)
[2023-06-24T16:36:25.032+0000] {spark_submit.py:492} INFO - at org.apache.spark.sql.execution.datasources.DataSource.planForWriting(DataSource.scala:556)
[2023-06-24T16:36:25.032+0000] {spark_submit.py:492} INFO - at org.apache.spark.sql.DataFrameWriter.saveToV1Source(DataFrameWriter.scala:382)
[2023-06-24T16:36:25.032+0000] {spark_submit.py:492} INFO - at org.apache.spark.sql.DataFrameWriter.saveInternal(DataFrameWriter.scala:355)
[2023-06-24T16:36:25.032+0000] {spark_submit.py:492} INFO - at org.apache.spark.sql.DataFrameWriter.save(DataFrameWriter.scala:239)
[2023-06-24T16:36:25.032+0000] {spark_submit.py:492} INFO - at org.apache.spark.sql.DataFrameWriter.parquet(DataFrameWriter.scala:781)
[2023-06-24T16:36:25.032+0000] {spark_submit.py:492} INFO - at java.base/jdk.internal.reflect.NativeMethodAccessorImpl.invoke0(Native Method)
[2023-06-24T16:36:25.033+0000] {spark_submit.py:492} INFO - at java.base/jdk.internal.reflect.NativeMethodAccessorImpl.invoke(NativeMethodAccessorImpl.java:62)
[2023-06-24T16:36:25.033+0000] {spark_submit.py:492} INFO - at java.base/jdk.internal.reflect.DelegatingMethodAccessorImpl.invoke(DelegatingMethodAccessorImpl.java:43)
[2023-06-24T16:36:25.033+0000] {spark_submit.py:492} INFO - at java.base/java.lang.reflect.Method.invoke(Method.java:566)
[2023-06-24T16:36:25.033+0000] {spark_submit.py:492} INFO - at py4j.reflection.MethodInvoker.invoke(MethodInvoker.java:244)
[2023-06-24T16:36:25.033+0000] {spark_submit.py:492} INFO - at py4j.reflection.ReflectionEngine.invoke(ReflectionEngine.java:357)
[2023-06-24T16:36:25.033+0000] {spark_submit.py:492} INFO - at py4j.Gateway.invoke(Gateway.java:282)
[2023-06-24T16:36:25.033+0000] {spark_submit.py:492} INFO - at py4j.commands.AbstractCommand.invokeMethod(AbstractCommand.java:132)
[2023-06-24T16:36:25.033+0000] {spark_submit.py:492} INFO - at py4j.commands.CallCommand.execute(CallCommand.java:79)
[2023-06-24T16:36:25.033+0000] {spark_submit.py:492} INFO - at py4j.ClientServerConnection.waitForCommands(ClientServerConnection.java:182)
[2023-06-24T16:36:25.034+0000] {spark_submit.py:492} INFO - at py4j.ClientServerConnection.run(ClientServerConnection.java:106)
[2023-06-24T16:36:25.034+0000] {spark_submit.py:492} INFO - at java.base/java.lang.Thread.run(Thread.java:829)
[2023-06-24T16:36:25.034+0000] {spark_submit.py:492} INFO - Caused by: java.lang.ClassNotFoundException: Class org.apache.hadoop.fs.s3a.S3AFileSystem not found
[2023-06-24T16:36:25.034+0000] {spark_submit.py:492} INFO - at org.apache.hadoop.conf.Configuration.getClassByName(Configuration.java:2571)
[2023-06-24T16:36:25.034+0000] {spark_submit.py:492} INFO - at org.apache.hadoop.conf.Configuration.getClass(Configuration.java:2665)
[2023-06-24T16:36:25.034+0000] {spark_submit.py:492} INFO - ... 25 more
[2023-06-24T16:36:25.034+0000] {spark_submit.py:492} INFO - 
[2023-06-24T16:36:25.035+0000] {spark_submit.py:492} INFO - 23/06/24 16:36:25 INFO BlockManagerInfo: Removed broadcast_1_piece0 on 172.19.0.3:34099 in memory (size: 6.2 KiB, free: 366.3 MiB)
[2023-06-24T16:36:25.154+0000] {spark_submit.py:492} INFO - 23/06/24 16:36:25 INFO SparkContext: Invoking stop() from shutdown hook
[2023-06-24T16:36:25.169+0000] {spark_submit.py:492} INFO - 23/06/24 16:36:25 INFO SparkUI: Stopped Spark web UI at http://a8d69ab09d2d:4040
[2023-06-24T16:36:25.179+0000] {spark_submit.py:492} INFO - 23/06/24 16:36:25 INFO StandaloneSchedulerBackend: Shutting down all executors
[2023-06-24T16:36:25.180+0000] {spark_submit.py:492} INFO - 23/06/24 16:36:25 INFO CoarseGrainedSchedulerBackend$DriverEndpoint: Asking each executor to shut down
[2023-06-24T16:36:25.257+0000] {spark_submit.py:492} INFO - 23/06/24 16:36:25 INFO MapOutputTrackerMasterEndpoint: MapOutputTrackerMasterEndpoint stopped!
[2023-06-24T16:36:25.316+0000] {spark_submit.py:492} INFO - 23/06/24 16:36:25 INFO MemoryStore: MemoryStore cleared
[2023-06-24T16:36:25.320+0000] {spark_submit.py:492} INFO - 23/06/24 16:36:25 INFO BlockManager: BlockManager stopped
[2023-06-24T16:36:25.325+0000] {spark_submit.py:492} INFO - 23/06/24 16:36:25 INFO BlockManagerMaster: BlockManagerMaster stopped
[2023-06-24T16:36:25.328+0000] {spark_submit.py:492} INFO - 23/06/24 16:36:25 INFO OutputCommitCoordinator$OutputCommitCoordinatorEndpoint: OutputCommitCoordinator stopped!
[2023-06-24T16:36:25.364+0000] {spark_submit.py:492} INFO - 23/06/24 16:36:25 INFO SparkContext: Successfully stopped SparkContext
[2023-06-24T16:36:25.364+0000] {spark_submit.py:492} INFO - 23/06/24 16:36:25 INFO ShutdownHookManager: Shutdown hook called
[2023-06-24T16:36:25.364+0000] {spark_submit.py:492} INFO - 23/06/24 16:36:25 INFO ShutdownHookManager: Deleting directory /tmp/spark-3023fcfa-0116-41f3-bf67-dc10b935386e/pyspark-22993125-83ca-49b4-92f5-54ec69ef54e7
[2023-06-24T16:36:25.376+0000] {spark_submit.py:492} INFO - 23/06/24 16:36:25 INFO ShutdownHookManager: Deleting directory /tmp/spark-3023fcfa-0116-41f3-bf67-dc10b935386e
[2023-06-24T16:36:25.381+0000] {spark_submit.py:492} INFO - 23/06/24 16:36:25 INFO ShutdownHookManager: Deleting directory /tmp/spark-8ac0f4fb-add7-4fc0-aacb-8466ee8e2665
[2023-06-24T16:36:25.512+0000] {taskinstance.py:1775} ERROR - Task failed with exception
Traceback (most recent call last):
  File "/home/airflow/.local/lib/python3.8/site-packages/airflow/providers/apache/spark/operators/spark_submit.py", line 157, in execute
    self._hook.submit(self._application)
  File "/home/airflow/.local/lib/python3.8/site-packages/airflow/providers/apache/spark/hooks/spark_submit.py", line 423, in submit
    raise AirflowException(
airflow.exceptions.AirflowException: Cannot execute: spark-submit --master spark://spark:7077 --name arrow-spark /opt/***/dags/spark_etl_spark_minio.py. Error code is: 1.
[2023-06-24T16:36:25.522+0000] {taskinstance.py:1321} INFO - Marking task as UP_FOR_RETRY. dag_id=spark_etl_minio_v2, task_id=spark_submit_task, execution_date=20230624T163103, start_date=20230624T163609, end_date=20230624T163625
[2023-06-24T16:36:25.549+0000] {standard_task_runner.py:100} ERROR - Failed to execute job 105 for task spark_submit_task (Cannot execute: spark-submit --master spark://spark:7077 --name arrow-spark /opt/***/dags/spark_etl_spark_minio.py. Error code is: 1.; 6117)
[2023-06-24T16:36:25.560+0000] {local_task_job.py:212} INFO - Task exited with return code 1
[2023-06-24T16:36:25.594+0000] {taskinstance.py:2585} INFO - 0 downstream tasks scheduled from follow-on schedule check
