[2023-06-24T16:33:20.207+0000] {taskinstance.py:1084} INFO - Dependencies all met for dep_context=non-requeueable deps ti=<TaskInstance: spark_etl_minio_v2.spark_submit_task manual__2023-06-24T16:31:03.532492+00:00 [queued]>
[2023-06-24T16:33:20.218+0000] {taskinstance.py:1084} INFO - Dependencies all met for dep_context=requeueable deps ti=<TaskInstance: spark_etl_minio_v2.spark_submit_task manual__2023-06-24T16:31:03.532492+00:00 [queued]>
[2023-06-24T16:33:20.219+0000] {taskinstance.py:1282} INFO - 
--------------------------------------------------------------------------------
[2023-06-24T16:33:20.219+0000] {taskinstance.py:1283} INFO - Starting attempt 2 of 6
[2023-06-24T16:33:20.219+0000] {taskinstance.py:1284} INFO - 
--------------------------------------------------------------------------------
[2023-06-24T16:33:20.235+0000] {taskinstance.py:1303} INFO - Executing <Task(SparkSubmitOperator): spark_submit_task> on 2023-06-24 16:31:03.532492+00:00
[2023-06-24T16:33:20.242+0000] {standard_task_runner.py:55} INFO - Started process 5386 to run task
[2023-06-24T16:33:20.246+0000] {standard_task_runner.py:82} INFO - Running: ['***', 'tasks', 'run', 'spark_etl_minio_v2', 'spark_submit_task', 'manual__2023-06-24T16:31:03.532492+00:00', '--job-id', '102', '--raw', '--subdir', 'DAGS_FOLDER/spark_job_minio.py', '--cfg-path', '/tmp/tmpp7ok2wbz']
[2023-06-24T16:33:20.247+0000] {standard_task_runner.py:83} INFO - Job 102: Subtask spark_submit_task
[2023-06-24T16:33:20.264+0000] {warnings.py:109} WARNING - /home/***/.local/lib/python3.8/site-packages/***/settings.py:250: DeprecationWarning: The sql_alchemy_conn option in [core] has been moved to the sql_alchemy_conn option in [database] - the old setting has been used, but please update your config.
  SQL_ALCHEMY_CONN = conf.get("database", "SQL_ALCHEMY_CONN")

[2023-06-24T16:33:20.322+0000] {task_command.py:388} INFO - Running <TaskInstance: spark_etl_minio_v2.spark_submit_task manual__2023-06-24T16:31:03.532492+00:00 [running]> on host a8d69ab09d2d
[2023-06-24T16:33:20.403+0000] {taskinstance.py:1509} INFO - Exporting the following env vars:
AIRFLOW_CTX_DAG_OWNER=***
AIRFLOW_CTX_DAG_ID=spark_etl_minio_v2
AIRFLOW_CTX_TASK_ID=spark_submit_task
AIRFLOW_CTX_EXECUTION_DATE=2023-06-24T16:31:03.532492+00:00
AIRFLOW_CTX_TRY_NUMBER=2
AIRFLOW_CTX_DAG_RUN_ID=manual__2023-06-24T16:31:03.532492+00:00
[2023-06-24T16:33:20.415+0000] {base.py:73} INFO - Using connection ID 'spark_minio' for task execution.
[2023-06-24T16:33:20.417+0000] {spark_submit.py:341} INFO - Spark-Submit cmd: spark-submit --master spark://spark:7077 --name arrow-spark /opt/***/dags/spark_etl_spark_minio.py
[2023-06-24T16:33:21.798+0000] {spark_submit.py:492} INFO - WARNING: An illegal reflective access operation has occurred
[2023-06-24T16:33:21.799+0000] {spark_submit.py:492} INFO - WARNING: Illegal reflective access by org.apache.spark.unsafe.Platform (file:/opt/spark/jars/spark-unsafe_2.12-3.2.0.jar) to constructor java.nio.DirectByteBuffer(long,int)
[2023-06-24T16:33:21.799+0000] {spark_submit.py:492} INFO - WARNING: Please consider reporting this to the maintainers of org.apache.spark.unsafe.Platform
[2023-06-24T16:33:21.799+0000] {spark_submit.py:492} INFO - WARNING: Use --illegal-access=warn to enable warnings of further illegal reflective access operations
[2023-06-24T16:33:21.799+0000] {spark_submit.py:492} INFO - WARNING: All illegal access operations will be denied in a future release
[2023-06-24T16:33:23.473+0000] {spark_submit.py:492} INFO - Using Spark's default log4j profile: org/apache/spark/log4j-defaults.properties
[2023-06-24T16:33:23.484+0000] {spark_submit.py:492} INFO - 23/06/24 16:33:23 INFO SparkContext: Running Spark version 3.2.0
[2023-06-24T16:33:23.576+0000] {spark_submit.py:492} INFO - 23/06/24 16:33:23 WARN NativeCodeLoader: Unable to load native-hadoop library for your platform... using builtin-java classes where applicable
[2023-06-24T16:33:23.707+0000] {spark_submit.py:492} INFO - 23/06/24 16:33:23 INFO ResourceUtils: ==============================================================
[2023-06-24T16:33:23.707+0000] {spark_submit.py:492} INFO - 23/06/24 16:33:23 INFO ResourceUtils: No custom resources configured for spark.driver.
[2023-06-24T16:33:23.708+0000] {spark_submit.py:492} INFO - 23/06/24 16:33:23 INFO ResourceUtils: ==============================================================
[2023-06-24T16:33:23.708+0000] {spark_submit.py:492} INFO - 23/06/24 16:33:23 INFO SparkContext: Submitted application: arrow-spark
[2023-06-24T16:33:23.763+0000] {spark_submit.py:492} INFO - 23/06/24 16:33:23 INFO ResourceProfile: Default ResourceProfile created, executor resources: Map(cores -> name: cores, amount: 1, script: , vendor: , memory -> name: memory, amount: 1024, script: , vendor: , offHeap -> name: offHeap, amount: 0, script: , vendor: ), task resources: Map(cpus -> name: cpus, amount: 1.0)
[2023-06-24T16:33:23.779+0000] {spark_submit.py:492} INFO - 23/06/24 16:33:23 INFO ResourceProfile: Limiting resource is cpu
[2023-06-24T16:33:23.782+0000] {spark_submit.py:492} INFO - 23/06/24 16:33:23 INFO ResourceProfileManager: Added ResourceProfile id: 0
[2023-06-24T16:33:23.910+0000] {spark_submit.py:492} INFO - 23/06/24 16:33:23 INFO SecurityManager: Changing view acls to: default
[2023-06-24T16:33:23.911+0000] {spark_submit.py:492} INFO - 23/06/24 16:33:23 INFO SecurityManager: Changing modify acls to: default
[2023-06-24T16:33:23.911+0000] {spark_submit.py:492} INFO - 23/06/24 16:33:23 INFO SecurityManager: Changing view acls groups to:
[2023-06-24T16:33:23.911+0000] {spark_submit.py:492} INFO - 23/06/24 16:33:23 INFO SecurityManager: Changing modify acls groups to:
[2023-06-24T16:33:23.913+0000] {spark_submit.py:492} INFO - 23/06/24 16:33:23 INFO SecurityManager: SecurityManager: authentication disabled; ui acls disabled; users  with view permissions: Set(default); groups with view permissions: Set(); users  with modify permissions: Set(default); groups with modify permissions: Set()
[2023-06-24T16:33:24.266+0000] {spark_submit.py:492} INFO - 23/06/24 16:33:24 INFO Utils: Successfully started service 'sparkDriver' on port 44901.
[2023-06-24T16:33:24.293+0000] {spark_submit.py:492} INFO - 23/06/24 16:33:24 INFO SparkEnv: Registering MapOutputTracker
[2023-06-24T16:33:24.328+0000] {spark_submit.py:492} INFO - 23/06/24 16:33:24 INFO SparkEnv: Registering BlockManagerMaster
[2023-06-24T16:33:24.345+0000] {spark_submit.py:492} INFO - 23/06/24 16:33:24 INFO BlockManagerMasterEndpoint: Using org.apache.spark.storage.DefaultTopologyMapper for getting topology information
[2023-06-24T16:33:24.345+0000] {spark_submit.py:492} INFO - 23/06/24 16:33:24 INFO BlockManagerMasterEndpoint: BlockManagerMasterEndpoint up
[2023-06-24T16:33:24.350+0000] {spark_submit.py:492} INFO - 23/06/24 16:33:24 INFO SparkEnv: Registering BlockManagerMasterHeartbeat
[2023-06-24T16:33:24.374+0000] {spark_submit.py:492} INFO - 23/06/24 16:33:24 INFO DiskBlockManager: Created local directory at /tmp/blockmgr-96d5f6c7-e249-4d98-9370-9c700709a662
[2023-06-24T16:33:24.396+0000] {spark_submit.py:492} INFO - 23/06/24 16:33:24 INFO MemoryStore: MemoryStore started with capacity 434.4 MiB
[2023-06-24T16:33:24.413+0000] {spark_submit.py:492} INFO - 23/06/24 16:33:24 INFO SparkEnv: Registering OutputCommitCoordinator
[2023-06-24T16:33:24.645+0000] {spark_submit.py:492} INFO - 23/06/24 16:33:24 INFO Utils: Successfully started service 'SparkUI' on port 4040.
[2023-06-24T16:33:24.752+0000] {spark_submit.py:492} INFO - 23/06/24 16:33:24 INFO SparkUI: Bound SparkUI to 0.0.0.0, and started at http://a8d69ab09d2d:4040
[2023-06-24T16:33:25.024+0000] {spark_submit.py:492} INFO - 23/06/24 16:33:25 INFO StandaloneAppClient$ClientEndpoint: Connecting to master spark://spark:7077...
[2023-06-24T16:33:25.128+0000] {spark_submit.py:492} INFO - 23/06/24 16:33:25 INFO TransportClientFactory: Successfully created connection to spark/172.19.0.11:7077 after 83 ms (0 ms spent in bootstraps)
[2023-06-24T16:33:25.236+0000] {spark_submit.py:492} INFO - 23/06/24 16:33:25 INFO StandaloneSchedulerBackend: Connected to Spark cluster with app ID app-20230624163325-0025
[2023-06-24T16:33:25.244+0000] {spark_submit.py:492} INFO - 23/06/24 16:33:25 INFO StandaloneAppClient$ClientEndpoint: Executor added: app-20230624163325-0025/0 on worker-20230624161025-172.19.0.3-35241 (172.19.0.3:35241) with 1 core(s)
[2023-06-24T16:33:25.251+0000] {spark_submit.py:492} INFO - 23/06/24 16:33:25 INFO StandaloneSchedulerBackend: Granted executor ID app-20230624163325-0025/0 on hostPort 172.19.0.3:35241 with 1 core(s), 1024.0 MiB RAM
[2023-06-24T16:33:25.252+0000] {spark_submit.py:492} INFO - 23/06/24 16:33:25 INFO Utils: Successfully started service 'org.apache.spark.network.netty.NettyBlockTransferService' on port 40003.
[2023-06-24T16:33:25.252+0000] {spark_submit.py:492} INFO - 23/06/24 16:33:25 INFO NettyBlockTransferService: Server created on a8d69ab09d2d:40003
[2023-06-24T16:33:25.255+0000] {spark_submit.py:492} INFO - 23/06/24 16:33:25 INFO BlockManager: Using org.apache.spark.storage.RandomBlockReplicationPolicy for block replication policy
[2023-06-24T16:33:25.262+0000] {spark_submit.py:492} INFO - 23/06/24 16:33:25 INFO BlockManagerMaster: Registering BlockManager BlockManagerId(driver, a8d69ab09d2d, 40003, None)
[2023-06-24T16:33:25.267+0000] {spark_submit.py:492} INFO - 23/06/24 16:33:25 INFO BlockManagerMasterEndpoint: Registering block manager a8d69ab09d2d:40003 with 434.4 MiB RAM, BlockManagerId(driver, a8d69ab09d2d, 40003, None)
[2023-06-24T16:33:25.270+0000] {spark_submit.py:492} INFO - 23/06/24 16:33:25 INFO BlockManagerMaster: Registered BlockManager BlockManagerId(driver, a8d69ab09d2d, 40003, None)
[2023-06-24T16:33:25.274+0000] {spark_submit.py:492} INFO - 23/06/24 16:33:25 INFO BlockManager: Initialized BlockManager: BlockManagerId(driver, a8d69ab09d2d, 40003, None)
[2023-06-24T16:33:25.279+0000] {spark_submit.py:492} INFO - 23/06/24 16:33:25 INFO StandaloneAppClient$ClientEndpoint: Executor updated: app-20230624163325-0025/0 is now RUNNING
[2023-06-24T16:33:25.520+0000] {spark_submit.py:492} INFO - 23/06/24 16:33:25 INFO StandaloneSchedulerBackend: SchedulerBackend is ready for scheduling beginning after reached minRegisteredResourcesRatio: 0.0
[2023-06-24T16:33:25.852+0000] {spark_submit.py:492} INFO - 23/06/24 16:33:25 INFO SharedState: Setting hive.metastore.warehouse.dir ('null') to the value of spark.sql.warehouse.dir.
[2023-06-24T16:33:25.889+0000] {spark_submit.py:492} INFO - 23/06/24 16:33:25 INFO SharedState: Warehouse path is 'file:/opt/***/spark-warehouse'.
[2023-06-24T16:33:28.492+0000] {spark_submit.py:492} INFO - 23/06/24 16:33:28 INFO CoarseGrainedSchedulerBackend$DriverEndpoint: Registered executor NettyRpcEndpointRef(spark-client://Executor) (172.19.0.3:47308) with ID 0,  ResourceProfileId 0
[2023-06-24T16:33:28.700+0000] {spark_submit.py:492} INFO - 23/06/24 16:33:28 INFO BlockManagerMasterEndpoint: Registering block manager 172.19.0.3:36833 with 366.3 MiB RAM, BlockManagerId(0, 172.19.0.3, 36833, None)
[2023-06-24T16:33:30.745+0000] {spark_submit.py:492} INFO - 23/06/24 16:33:30 INFO CodeGenerator: Code generated in 160.994354 ms
[2023-06-24T16:33:30.778+0000] {spark_submit.py:492} INFO - 23/06/24 16:33:30 INFO SparkContext: Starting job: showString at NativeMethodAccessorImpl.java:0
[2023-06-24T16:33:30.793+0000] {spark_submit.py:492} INFO - 23/06/24 16:33:30 INFO DAGScheduler: Got job 0 (showString at NativeMethodAccessorImpl.java:0) with 1 output partitions
[2023-06-24T16:33:30.793+0000] {spark_submit.py:492} INFO - 23/06/24 16:33:30 INFO DAGScheduler: Final stage: ResultStage 0 (showString at NativeMethodAccessorImpl.java:0)
[2023-06-24T16:33:30.793+0000] {spark_submit.py:492} INFO - 23/06/24 16:33:30 INFO DAGScheduler: Parents of final stage: List()
[2023-06-24T16:33:30.795+0000] {spark_submit.py:492} INFO - 23/06/24 16:33:30 INFO DAGScheduler: Missing parents: List()
[2023-06-24T16:33:30.799+0000] {spark_submit.py:492} INFO - 23/06/24 16:33:30 INFO DAGScheduler: Submitting ResultStage 0 (MapPartitionsRDD[6] at showString at NativeMethodAccessorImpl.java:0), which has no missing parents
[2023-06-24T16:33:30.908+0000] {spark_submit.py:492} INFO - 23/06/24 16:33:30 INFO MemoryStore: Block broadcast_0 stored as values in memory (estimated size 11.7 KiB, free 434.4 MiB)
[2023-06-24T16:33:30.955+0000] {spark_submit.py:492} INFO - 23/06/24 16:33:30 INFO MemoryStore: Block broadcast_0_piece0 stored as bytes in memory (estimated size 6.2 KiB, free 434.4 MiB)
[2023-06-24T16:33:30.955+0000] {spark_submit.py:492} INFO - 23/06/24 16:33:30 INFO BlockManagerInfo: Added broadcast_0_piece0 in memory on a8d69ab09d2d:40003 (size: 6.2 KiB, free: 434.4 MiB)
[2023-06-24T16:33:30.958+0000] {spark_submit.py:492} INFO - 23/06/24 16:33:30 INFO SparkContext: Created broadcast 0 from broadcast at DAGScheduler.scala:1427
[2023-06-24T16:33:30.970+0000] {spark_submit.py:492} INFO - 23/06/24 16:33:30 INFO DAGScheduler: Submitting 1 missing tasks from ResultStage 0 (MapPartitionsRDD[6] at showString at NativeMethodAccessorImpl.java:0) (first 15 tasks are for partitions Vector(0))
[2023-06-24T16:33:30.971+0000] {spark_submit.py:492} INFO - 23/06/24 16:33:30 INFO TaskSchedulerImpl: Adding task set 0.0 with 1 tasks resource profile 0
[2023-06-24T16:33:31.012+0000] {spark_submit.py:492} INFO - 23/06/24 16:33:31 INFO TaskSetManager: Starting task 0.0 in stage 0.0 (TID 0) (172.19.0.3, executor 0, partition 0, PROCESS_LOCAL, 4605 bytes) taskResourceAssignments Map()
[2023-06-24T16:33:31.423+0000] {spark_submit.py:492} INFO - 23/06/24 16:33:31 INFO BlockManagerInfo: Added broadcast_0_piece0 in memory on 172.19.0.3:36833 (size: 6.2 KiB, free: 366.3 MiB)
[2023-06-24T16:33:33.419+0000] {spark_submit.py:492} INFO - 23/06/24 16:33:33 INFO TaskSetManager: Finished task 0.0 in stage 0.0 (TID 0) in 2419 ms on 172.19.0.3 (executor 0) (1/1)
[2023-06-24T16:33:33.423+0000] {spark_submit.py:492} INFO - 23/06/24 16:33:33 INFO TaskSchedulerImpl: Removed TaskSet 0.0, whose tasks have all completed, from pool
[2023-06-24T16:33:33.426+0000] {spark_submit.py:492} INFO - 23/06/24 16:33:33 INFO PythonAccumulatorV2: Connected to AccumulatorServer at host: 127.0.0.1 port: 42257
[2023-06-24T16:33:33.430+0000] {spark_submit.py:492} INFO - 23/06/24 16:33:33 INFO DAGScheduler: ResultStage 0 (showString at NativeMethodAccessorImpl.java:0) finished in 2.615 s
[2023-06-24T16:33:33.434+0000] {spark_submit.py:492} INFO - 23/06/24 16:33:33 INFO DAGScheduler: Job 0 is finished. Cancelling potential speculative or zombie tasks for this job
[2023-06-24T16:33:33.435+0000] {spark_submit.py:492} INFO - 23/06/24 16:33:33 INFO TaskSchedulerImpl: Killing all running tasks in stage 0: Stage finished
[2023-06-24T16:33:33.443+0000] {spark_submit.py:492} INFO - 23/06/24 16:33:33 INFO DAGScheduler: Job 0 finished: showString at NativeMethodAccessorImpl.java:0, took 2.658269 s
[2023-06-24T16:33:33.457+0000] {spark_submit.py:492} INFO - 23/06/24 16:33:33 INFO SparkContext: Starting job: showString at NativeMethodAccessorImpl.java:0
[2023-06-24T16:33:33.460+0000] {spark_submit.py:492} INFO - 23/06/24 16:33:33 INFO DAGScheduler: Got job 1 (showString at NativeMethodAccessorImpl.java:0) with 1 output partitions
[2023-06-24T16:33:33.461+0000] {spark_submit.py:492} INFO - 23/06/24 16:33:33 INFO DAGScheduler: Final stage: ResultStage 1 (showString at NativeMethodAccessorImpl.java:0)
[2023-06-24T16:33:33.462+0000] {spark_submit.py:492} INFO - 23/06/24 16:33:33 INFO DAGScheduler: Parents of final stage: List()
[2023-06-24T16:33:33.464+0000] {spark_submit.py:492} INFO - 23/06/24 16:33:33 INFO DAGScheduler: Missing parents: List()
[2023-06-24T16:33:33.466+0000] {spark_submit.py:492} INFO - 23/06/24 16:33:33 INFO DAGScheduler: Submitting ResultStage 1 (MapPartitionsRDD[6] at showString at NativeMethodAccessorImpl.java:0), which has no missing parents
[2023-06-24T16:33:33.472+0000] {spark_submit.py:492} INFO - 23/06/24 16:33:33 INFO MemoryStore: Block broadcast_1 stored as values in memory (estimated size 11.7 KiB, free 434.4 MiB)
[2023-06-24T16:33:33.476+0000] {spark_submit.py:492} INFO - 23/06/24 16:33:33 INFO MemoryStore: Block broadcast_1_piece0 stored as bytes in memory (estimated size 6.2 KiB, free 434.4 MiB)
[2023-06-24T16:33:33.479+0000] {spark_submit.py:492} INFO - 23/06/24 16:33:33 INFO BlockManagerInfo: Added broadcast_1_piece0 in memory on a8d69ab09d2d:40003 (size: 6.2 KiB, free: 434.4 MiB)
[2023-06-24T16:33:33.480+0000] {spark_submit.py:492} INFO - 23/06/24 16:33:33 INFO SparkContext: Created broadcast 1 from broadcast at DAGScheduler.scala:1427
[2023-06-24T16:33:33.485+0000] {spark_submit.py:492} INFO - 23/06/24 16:33:33 INFO DAGScheduler: Submitting 1 missing tasks from ResultStage 1 (MapPartitionsRDD[6] at showString at NativeMethodAccessorImpl.java:0) (first 15 tasks are for partitions Vector(1))
[2023-06-24T16:33:33.485+0000] {spark_submit.py:492} INFO - 23/06/24 16:33:33 INFO TaskSchedulerImpl: Adding task set 1.0 with 1 tasks resource profile 0
[2023-06-24T16:33:33.488+0000] {spark_submit.py:492} INFO - 23/06/24 16:33:33 INFO TaskSetManager: Starting task 0.0 in stage 1.0 (TID 1) (172.19.0.3, executor 0, partition 1, PROCESS_LOCAL, 4529 bytes) taskResourceAssignments Map()
[2023-06-24T16:33:33.510+0000] {spark_submit.py:492} INFO - 23/06/24 16:33:33 INFO BlockManagerInfo: Added broadcast_1_piece0 in memory on 172.19.0.3:36833 (size: 6.2 KiB, free: 366.3 MiB)
[2023-06-24T16:33:33.583+0000] {spark_submit.py:492} INFO - 23/06/24 16:33:33 INFO TaskSetManager: Finished task 0.0 in stage 1.0 (TID 1) in 96 ms on 172.19.0.3 (executor 0) (1/1)
[2023-06-24T16:33:33.583+0000] {spark_submit.py:492} INFO - 23/06/24 16:33:33 INFO TaskSchedulerImpl: Removed TaskSet 1.0, whose tasks have all completed, from pool
[2023-06-24T16:33:33.585+0000] {spark_submit.py:492} INFO - 23/06/24 16:33:33 INFO DAGScheduler: ResultStage 1 (showString at NativeMethodAccessorImpl.java:0) finished in 0.117 s
[2023-06-24T16:33:33.586+0000] {spark_submit.py:492} INFO - 23/06/24 16:33:33 INFO DAGScheduler: Job 1 is finished. Cancelling potential speculative or zombie tasks for this job
[2023-06-24T16:33:33.587+0000] {spark_submit.py:492} INFO - 23/06/24 16:33:33 INFO TaskSchedulerImpl: Killing all running tasks in stage 1: Stage finished
[2023-06-24T16:33:33.590+0000] {spark_submit.py:492} INFO - 23/06/24 16:33:33 INFO DAGScheduler: Job 1 finished: showString at NativeMethodAccessorImpl.java:0, took 0.129184 s
[2023-06-24T16:33:33.629+0000] {spark_submit.py:492} INFO - 23/06/24 16:33:33 INFO CodeGenerator: Code generated in 20.669317 ms
[2023-06-24T16:33:33.642+0000] {spark_submit.py:492} INFO - +-----+-----------------------------------------------------------------------------+
[2023-06-24T16:33:33.642+0000] {spark_submit.py:492} INFO - |Seqno|Quote                                                                        |
[2023-06-24T16:33:33.642+0000] {spark_submit.py:492} INFO - +-----+-----------------------------------------------------------------------------+
[2023-06-24T16:33:33.643+0000] {spark_submit.py:492} INFO - |1    |Be the change that you wish to see in the world                              |
[2023-06-24T16:33:33.643+0000] {spark_submit.py:492} INFO - |2    |Everyone thinks of changing the world, but no one thinks of changing himself.|
[2023-06-24T16:33:33.643+0000] {spark_submit.py:492} INFO - |3    |The purpose of our lives is to be happy.                                     |
[2023-06-24T16:33:33.643+0000] {spark_submit.py:492} INFO - |4    |Be cool.                                                                     |
[2023-06-24T16:33:33.643+0000] {spark_submit.py:492} INFO - +-----+-----------------------------------------------------------------------------+
[2023-06-24T16:33:33.643+0000] {spark_submit.py:492} INFO - 
[2023-06-24T16:33:33.801+0000] {spark_submit.py:492} INFO - 23/06/24 16:33:33 INFO BlockManagerInfo: Removed broadcast_1_piece0 on 172.19.0.3:36833 in memory (size: 6.2 KiB, free: 366.3 MiB)
[2023-06-24T16:33:33.809+0000] {spark_submit.py:492} INFO - 23/06/24 16:33:33 INFO BlockManagerInfo: Removed broadcast_1_piece0 on a8d69ab09d2d:40003 in memory (size: 6.2 KiB, free: 434.4 MiB)
[2023-06-24T16:33:33.827+0000] {spark_submit.py:492} INFO - 23/06/24 16:33:33 INFO BlockManagerInfo: Removed broadcast_0_piece0 on 172.19.0.3:36833 in memory (size: 6.2 KiB, free: 366.3 MiB)
[2023-06-24T16:33:33.828+0000] {spark_submit.py:492} INFO - 23/06/24 16:33:33 INFO BlockManagerInfo: Removed broadcast_0_piece0 on a8d69ab09d2d:40003 in memory (size: 6.2 KiB, free: 434.4 MiB)
[2023-06-24T16:33:33.854+0000] {spark_submit.py:492} INFO - Traceback (most recent call last):
[2023-06-24T16:33:33.855+0000] {spark_submit.py:492} INFO - File "/opt/***/dags/spark_etl_spark_minio.py", line 43, in <module>
[2023-06-24T16:33:33.855+0000] {spark_submit.py:492} INFO - df.write.mode("append").parquet("s3a://datalake/test.parquet")
[2023-06-24T16:33:33.855+0000] {spark_submit.py:492} INFO - File "/opt/spark/python/lib/pyspark.zip/pyspark/sql/readwriter.py", line 885, in parquet
[2023-06-24T16:33:33.855+0000] {spark_submit.py:492} INFO - File "/opt/spark/python/lib/py4j-0.10.9.2-src.zip/py4j/java_gateway.py", line 1309, in __call__
[2023-06-24T16:33:33.855+0000] {spark_submit.py:492} INFO - File "/opt/spark/python/lib/pyspark.zip/pyspark/sql/utils.py", line 111, in deco
[2023-06-24T16:33:33.855+0000] {spark_submit.py:492} INFO - File "/opt/spark/python/lib/py4j-0.10.9.2-src.zip/py4j/protocol.py", line 326, in get_return_value
[2023-06-24T16:33:33.856+0000] {spark_submit.py:492} INFO - py4j.protocol.Py4JJavaError: An error occurred while calling o77.parquet.
[2023-06-24T16:33:33.857+0000] {spark_submit.py:492} INFO - : java.lang.RuntimeException: java.lang.ClassNotFoundException: Class org.apache.hadoop.fs.s3a.S3AFileSystem not found
[2023-06-24T16:33:33.857+0000] {spark_submit.py:492} INFO - at org.apache.hadoop.conf.Configuration.getClass(Configuration.java:2667)
[2023-06-24T16:33:33.857+0000] {spark_submit.py:492} INFO - at org.apache.hadoop.fs.FileSystem.getFileSystemClass(FileSystem.java:3431)
[2023-06-24T16:33:33.857+0000] {spark_submit.py:492} INFO - at org.apache.hadoop.fs.FileSystem.createFileSystem(FileSystem.java:3466)
[2023-06-24T16:33:33.857+0000] {spark_submit.py:492} INFO - at org.apache.hadoop.fs.FileSystem.access$300(FileSystem.java:174)
[2023-06-24T16:33:33.857+0000] {spark_submit.py:492} INFO - at org.apache.hadoop.fs.FileSystem$Cache.getInternal(FileSystem.java:3574)
[2023-06-24T16:33:33.857+0000] {spark_submit.py:492} INFO - at org.apache.hadoop.fs.FileSystem$Cache.get(FileSystem.java:3521)
[2023-06-24T16:33:33.857+0000] {spark_submit.py:492} INFO - at org.apache.hadoop.fs.FileSystem.get(FileSystem.java:540)
[2023-06-24T16:33:33.858+0000] {spark_submit.py:492} INFO - at org.apache.hadoop.fs.Path.getFileSystem(Path.java:365)
[2023-06-24T16:33:33.858+0000] {spark_submit.py:492} INFO - at org.apache.spark.sql.execution.datasources.DataSource.planForWritingFileFormat(DataSource.scala:461)
[2023-06-24T16:33:33.858+0000] {spark_submit.py:492} INFO - at org.apache.spark.sql.execution.datasources.DataSource.planForWriting(DataSource.scala:556)
[2023-06-24T16:33:33.858+0000] {spark_submit.py:492} INFO - at org.apache.spark.sql.DataFrameWriter.saveToV1Source(DataFrameWriter.scala:382)
[2023-06-24T16:33:33.858+0000] {spark_submit.py:492} INFO - at org.apache.spark.sql.DataFrameWriter.saveInternal(DataFrameWriter.scala:355)
[2023-06-24T16:33:33.858+0000] {spark_submit.py:492} INFO - at org.apache.spark.sql.DataFrameWriter.save(DataFrameWriter.scala:239)
[2023-06-24T16:33:33.858+0000] {spark_submit.py:492} INFO - at org.apache.spark.sql.DataFrameWriter.parquet(DataFrameWriter.scala:781)
[2023-06-24T16:33:33.858+0000] {spark_submit.py:492} INFO - at java.base/jdk.internal.reflect.NativeMethodAccessorImpl.invoke0(Native Method)
[2023-06-24T16:33:33.858+0000] {spark_submit.py:492} INFO - at java.base/jdk.internal.reflect.NativeMethodAccessorImpl.invoke(NativeMethodAccessorImpl.java:62)
[2023-06-24T16:33:33.859+0000] {spark_submit.py:492} INFO - at java.base/jdk.internal.reflect.DelegatingMethodAccessorImpl.invoke(DelegatingMethodAccessorImpl.java:43)
[2023-06-24T16:33:33.859+0000] {spark_submit.py:492} INFO - at java.base/java.lang.reflect.Method.invoke(Method.java:566)
[2023-06-24T16:33:33.859+0000] {spark_submit.py:492} INFO - at py4j.reflection.MethodInvoker.invoke(MethodInvoker.java:244)
[2023-06-24T16:33:33.859+0000] {spark_submit.py:492} INFO - at py4j.reflection.ReflectionEngine.invoke(ReflectionEngine.java:357)
[2023-06-24T16:33:33.859+0000] {spark_submit.py:492} INFO - at py4j.Gateway.invoke(Gateway.java:282)
[2023-06-24T16:33:33.859+0000] {spark_submit.py:492} INFO - at py4j.commands.AbstractCommand.invokeMethod(AbstractCommand.java:132)
[2023-06-24T16:33:33.859+0000] {spark_submit.py:492} INFO - at py4j.commands.CallCommand.execute(CallCommand.java:79)
[2023-06-24T16:33:33.859+0000] {spark_submit.py:492} INFO - at py4j.ClientServerConnection.waitForCommands(ClientServerConnection.java:182)
[2023-06-24T16:33:33.859+0000] {spark_submit.py:492} INFO - at py4j.ClientServerConnection.run(ClientServerConnection.java:106)
[2023-06-24T16:33:33.860+0000] {spark_submit.py:492} INFO - at java.base/java.lang.Thread.run(Thread.java:829)
[2023-06-24T16:33:33.860+0000] {spark_submit.py:492} INFO - Caused by: java.lang.ClassNotFoundException: Class org.apache.hadoop.fs.s3a.S3AFileSystem not found
[2023-06-24T16:33:33.860+0000] {spark_submit.py:492} INFO - at org.apache.hadoop.conf.Configuration.getClassByName(Configuration.java:2571)
[2023-06-24T16:33:33.866+0000] {spark_submit.py:492} INFO - at org.apache.hadoop.conf.Configuration.getClass(Configuration.java:2665)
[2023-06-24T16:33:33.866+0000] {spark_submit.py:492} INFO - ... 25 more
[2023-06-24T16:33:33.866+0000] {spark_submit.py:492} INFO - 
[2023-06-24T16:33:33.954+0000] {spark_submit.py:492} INFO - 23/06/24 16:33:33 INFO SparkContext: Invoking stop() from shutdown hook
[2023-06-24T16:33:33.969+0000] {spark_submit.py:492} INFO - 23/06/24 16:33:33 INFO SparkUI: Stopped Spark web UI at http://a8d69ab09d2d:4040
[2023-06-24T16:33:33.974+0000] {spark_submit.py:492} INFO - 23/06/24 16:33:33 INFO StandaloneSchedulerBackend: Shutting down all executors
[2023-06-24T16:33:33.976+0000] {spark_submit.py:492} INFO - 23/06/24 16:33:33 INFO CoarseGrainedSchedulerBackend$DriverEndpoint: Asking each executor to shut down
[2023-06-24T16:33:34.028+0000] {spark_submit.py:492} INFO - 23/06/24 16:33:34 INFO MapOutputTrackerMasterEndpoint: MapOutputTrackerMasterEndpoint stopped!
[2023-06-24T16:33:34.122+0000] {spark_submit.py:492} INFO - 23/06/24 16:33:34 INFO MemoryStore: MemoryStore cleared
[2023-06-24T16:33:34.124+0000] {spark_submit.py:492} INFO - 23/06/24 16:33:34 INFO BlockManager: BlockManager stopped
[2023-06-24T16:33:34.140+0000] {spark_submit.py:492} INFO - 23/06/24 16:33:34 INFO BlockManagerMaster: BlockManagerMaster stopped
[2023-06-24T16:33:34.146+0000] {spark_submit.py:492} INFO - 23/06/24 16:33:34 INFO OutputCommitCoordinator$OutputCommitCoordinatorEndpoint: OutputCommitCoordinator stopped!
[2023-06-24T16:33:34.180+0000] {spark_submit.py:492} INFO - 23/06/24 16:33:34 INFO SparkContext: Successfully stopped SparkContext
[2023-06-24T16:33:34.180+0000] {spark_submit.py:492} INFO - 23/06/24 16:33:34 INFO ShutdownHookManager: Shutdown hook called
[2023-06-24T16:33:34.180+0000] {spark_submit.py:492} INFO - 23/06/24 16:33:34 INFO ShutdownHookManager: Deleting directory /tmp/spark-1cc91042-d32e-4961-abb2-646940c859a8/pyspark-420eaf3a-1461-4606-b730-faa0911d28f1
[2023-06-24T16:33:34.184+0000] {spark_submit.py:492} INFO - 23/06/24 16:33:34 INFO ShutdownHookManager: Deleting directory /tmp/spark-0283051b-c6b4-435d-8f70-566286c5450e
[2023-06-24T16:33:34.189+0000] {spark_submit.py:492} INFO - 23/06/24 16:33:34 INFO ShutdownHookManager: Deleting directory /tmp/spark-1cc91042-d32e-4961-abb2-646940c859a8
[2023-06-24T16:33:34.284+0000] {taskinstance.py:1775} ERROR - Task failed with exception
Traceback (most recent call last):
  File "/home/airflow/.local/lib/python3.8/site-packages/airflow/providers/apache/spark/operators/spark_submit.py", line 157, in execute
    self._hook.submit(self._application)
  File "/home/airflow/.local/lib/python3.8/site-packages/airflow/providers/apache/spark/hooks/spark_submit.py", line 423, in submit
    raise AirflowException(
airflow.exceptions.AirflowException: Cannot execute: spark-submit --master spark://spark:7077 --name arrow-spark /opt/***/dags/spark_etl_spark_minio.py. Error code is: 1.
[2023-06-24T16:33:34.289+0000] {taskinstance.py:1321} INFO - Marking task as UP_FOR_RETRY. dag_id=spark_etl_minio_v2, task_id=spark_submit_task, execution_date=20230624T163103, start_date=20230624T163320, end_date=20230624T163334
[2023-06-24T16:33:34.307+0000] {standard_task_runner.py:100} ERROR - Failed to execute job 102 for task spark_submit_task (Cannot execute: spark-submit --master spark://spark:7077 --name arrow-spark /opt/***/dags/spark_etl_spark_minio.py. Error code is: 1.; 5386)
[2023-06-24T16:33:34.320+0000] {local_task_job.py:212} INFO - Task exited with return code 1
[2023-06-24T16:33:34.341+0000] {taskinstance.py:2585} INFO - 0 downstream tasks scheduled from follow-on schedule check
