[2023-06-24T16:31:04.710+0000] {taskinstance.py:1084} INFO - Dependencies all met for dep_context=non-requeueable deps ti=<TaskInstance: spark_etl_minio_v2.spark_submit_task manual__2023-06-24T16:31:03.532492+00:00 [queued]>
[2023-06-24T16:31:04.724+0000] {taskinstance.py:1084} INFO - Dependencies all met for dep_context=requeueable deps ti=<TaskInstance: spark_etl_minio_v2.spark_submit_task manual__2023-06-24T16:31:03.532492+00:00 [queued]>
[2023-06-24T16:31:04.724+0000] {taskinstance.py:1282} INFO - 
--------------------------------------------------------------------------------
[2023-06-24T16:31:04.724+0000] {taskinstance.py:1283} INFO - Starting attempt 1 of 6
[2023-06-24T16:31:04.724+0000] {taskinstance.py:1284} INFO - 
--------------------------------------------------------------------------------
[2023-06-24T16:31:04.741+0000] {taskinstance.py:1303} INFO - Executing <Task(SparkSubmitOperator): spark_submit_task> on 2023-06-24 16:31:03.532492+00:00
[2023-06-24T16:31:04.748+0000] {standard_task_runner.py:55} INFO - Started process 5055 to run task
[2023-06-24T16:31:04.751+0000] {standard_task_runner.py:82} INFO - Running: ['***', 'tasks', 'run', 'spark_etl_minio_v2', 'spark_submit_task', 'manual__2023-06-24T16:31:03.532492+00:00', '--job-id', '101', '--raw', '--subdir', 'DAGS_FOLDER/spark_job_minio.py', '--cfg-path', '/tmp/tmpgelbh2yk']
[2023-06-24T16:31:04.752+0000] {standard_task_runner.py:83} INFO - Job 101: Subtask spark_submit_task
[2023-06-24T16:31:04.770+0000] {warnings.py:109} WARNING - /home/***/.local/lib/python3.8/site-packages/***/settings.py:250: DeprecationWarning: The sql_alchemy_conn option in [core] has been moved to the sql_alchemy_conn option in [database] - the old setting has been used, but please update your config.
  SQL_ALCHEMY_CONN = conf.get("database", "SQL_ALCHEMY_CONN")

[2023-06-24T16:31:04.823+0000] {task_command.py:388} INFO - Running <TaskInstance: spark_etl_minio_v2.spark_submit_task manual__2023-06-24T16:31:03.532492+00:00 [running]> on host a8d69ab09d2d
[2023-06-24T16:31:04.908+0000] {taskinstance.py:1509} INFO - Exporting the following env vars:
AIRFLOW_CTX_DAG_OWNER=***
AIRFLOW_CTX_DAG_ID=spark_etl_minio_v2
AIRFLOW_CTX_TASK_ID=spark_submit_task
AIRFLOW_CTX_EXECUTION_DATE=2023-06-24T16:31:03.532492+00:00
AIRFLOW_CTX_TRY_NUMBER=1
AIRFLOW_CTX_DAG_RUN_ID=manual__2023-06-24T16:31:03.532492+00:00
[2023-06-24T16:31:04.924+0000] {base.py:73} INFO - Using connection ID 'spark_minio' for task execution.
[2023-06-24T16:31:04.926+0000] {spark_submit.py:341} INFO - Spark-Submit cmd: spark-submit --master spark://spark:7077 --name arrow-spark /opt/***/dags/spark_etl_spark_minio.py
[2023-06-24T16:31:06.546+0000] {spark_submit.py:492} INFO - WARNING: An illegal reflective access operation has occurred
[2023-06-24T16:31:06.546+0000] {spark_submit.py:492} INFO - WARNING: Illegal reflective access by org.apache.spark.unsafe.Platform (file:/opt/spark/jars/spark-unsafe_2.12-3.2.0.jar) to constructor java.nio.DirectByteBuffer(long,int)
[2023-06-24T16:31:06.546+0000] {spark_submit.py:492} INFO - WARNING: Please consider reporting this to the maintainers of org.apache.spark.unsafe.Platform
[2023-06-24T16:31:06.547+0000] {spark_submit.py:492} INFO - WARNING: Use --illegal-access=warn to enable warnings of further illegal reflective access operations
[2023-06-24T16:31:06.547+0000] {spark_submit.py:492} INFO - WARNING: All illegal access operations will be denied in a future release
[2023-06-24T16:31:08.378+0000] {spark_submit.py:492} INFO - Using Spark's default log4j profile: org/apache/spark/log4j-defaults.properties
[2023-06-24T16:31:08.389+0000] {spark_submit.py:492} INFO - 23/06/24 16:31:08 INFO SparkContext: Running Spark version 3.2.0
[2023-06-24T16:31:08.500+0000] {spark_submit.py:492} INFO - 23/06/24 16:31:08 WARN NativeCodeLoader: Unable to load native-hadoop library for your platform... using builtin-java classes where applicable
[2023-06-24T16:31:08.704+0000] {spark_submit.py:492} INFO - 23/06/24 16:31:08 INFO ResourceUtils: ==============================================================
[2023-06-24T16:31:08.704+0000] {spark_submit.py:492} INFO - 23/06/24 16:31:08 INFO ResourceUtils: No custom resources configured for spark.driver.
[2023-06-24T16:31:08.704+0000] {spark_submit.py:492} INFO - 23/06/24 16:31:08 INFO ResourceUtils: ==============================================================
[2023-06-24T16:31:08.705+0000] {spark_submit.py:492} INFO - 23/06/24 16:31:08 INFO SparkContext: Submitted application: arrow-spark
[2023-06-24T16:31:08.752+0000] {spark_submit.py:492} INFO - 23/06/24 16:31:08 INFO ResourceProfile: Default ResourceProfile created, executor resources: Map(cores -> name: cores, amount: 1, script: , vendor: , memory -> name: memory, amount: 1024, script: , vendor: , offHeap -> name: offHeap, amount: 0, script: , vendor: ), task resources: Map(cpus -> name: cpus, amount: 1.0)
[2023-06-24T16:31:08.761+0000] {spark_submit.py:492} INFO - 23/06/24 16:31:08 INFO ResourceProfile: Limiting resource is cpu
[2023-06-24T16:31:08.762+0000] {spark_submit.py:492} INFO - 23/06/24 16:31:08 INFO ResourceProfileManager: Added ResourceProfile id: 0
[2023-06-24T16:31:08.906+0000] {spark_submit.py:492} INFO - 23/06/24 16:31:08 INFO SecurityManager: Changing view acls to: default
[2023-06-24T16:31:08.907+0000] {spark_submit.py:492} INFO - 23/06/24 16:31:08 INFO SecurityManager: Changing modify acls to: default
[2023-06-24T16:31:08.907+0000] {spark_submit.py:492} INFO - 23/06/24 16:31:08 INFO SecurityManager: Changing view acls groups to:
[2023-06-24T16:31:08.907+0000] {spark_submit.py:492} INFO - 23/06/24 16:31:08 INFO SecurityManager: Changing modify acls groups to:
[2023-06-24T16:31:08.908+0000] {spark_submit.py:492} INFO - 23/06/24 16:31:08 INFO SecurityManager: SecurityManager: authentication disabled; ui acls disabled; users  with view permissions: Set(default); groups with view permissions: Set(); users  with modify permissions: Set(default); groups with modify permissions: Set()
[2023-06-24T16:31:09.395+0000] {spark_submit.py:492} INFO - 23/06/24 16:31:09 INFO Utils: Successfully started service 'sparkDriver' on port 38313.
[2023-06-24T16:31:09.432+0000] {spark_submit.py:492} INFO - 23/06/24 16:31:09 INFO SparkEnv: Registering MapOutputTracker
[2023-06-24T16:31:09.472+0000] {spark_submit.py:492} INFO - 23/06/24 16:31:09 INFO SparkEnv: Registering BlockManagerMaster
[2023-06-24T16:31:09.493+0000] {spark_submit.py:492} INFO - 23/06/24 16:31:09 INFO BlockManagerMasterEndpoint: Using org.apache.spark.storage.DefaultTopologyMapper for getting topology information
[2023-06-24T16:31:09.494+0000] {spark_submit.py:492} INFO - 23/06/24 16:31:09 INFO BlockManagerMasterEndpoint: BlockManagerMasterEndpoint up
[2023-06-24T16:31:09.498+0000] {spark_submit.py:492} INFO - 23/06/24 16:31:09 INFO SparkEnv: Registering BlockManagerMasterHeartbeat
[2023-06-24T16:31:09.523+0000] {spark_submit.py:492} INFO - 23/06/24 16:31:09 INFO DiskBlockManager: Created local directory at /tmp/blockmgr-f2855c04-1918-4972-9e74-b844adae85c3
[2023-06-24T16:31:09.548+0000] {spark_submit.py:492} INFO - 23/06/24 16:31:09 INFO MemoryStore: MemoryStore started with capacity 434.4 MiB
[2023-06-24T16:31:09.565+0000] {spark_submit.py:492} INFO - 23/06/24 16:31:09 INFO SparkEnv: Registering OutputCommitCoordinator
[2023-06-24T16:31:09.802+0000] {spark_submit.py:492} INFO - 23/06/24 16:31:09 INFO Utils: Successfully started service 'SparkUI' on port 4040.
[2023-06-24T16:31:09.875+0000] {spark_submit.py:492} INFO - 23/06/24 16:31:09 INFO SparkUI: Bound SparkUI to 0.0.0.0, and started at http://a8d69ab09d2d:4040
[2023-06-24T16:31:10.156+0000] {spark_submit.py:492} INFO - 23/06/24 16:31:10 INFO StandaloneAppClient$ClientEndpoint: Connecting to master spark://spark:7077...
[2023-06-24T16:31:10.274+0000] {spark_submit.py:492} INFO - 23/06/24 16:31:10 INFO TransportClientFactory: Successfully created connection to spark/172.19.0.11:7077 after 86 ms (0 ms spent in bootstraps)
[2023-06-24T16:31:10.395+0000] {spark_submit.py:492} INFO - 23/06/24 16:31:10 INFO StandaloneSchedulerBackend: Connected to Spark cluster with app ID app-20230624163110-0024
[2023-06-24T16:31:10.410+0000] {spark_submit.py:492} INFO - 23/06/24 16:31:10 INFO Utils: Successfully started service 'org.apache.spark.network.netty.NettyBlockTransferService' on port 35881.
[2023-06-24T16:31:10.410+0000] {spark_submit.py:492} INFO - 23/06/24 16:31:10 INFO NettyBlockTransferService: Server created on a8d69ab09d2d:35881
[2023-06-24T16:31:10.417+0000] {spark_submit.py:492} INFO - 23/06/24 16:31:10 INFO BlockManager: Using org.apache.spark.storage.RandomBlockReplicationPolicy for block replication policy
[2023-06-24T16:31:10.418+0000] {spark_submit.py:492} INFO - 23/06/24 16:31:10 INFO StandaloneAppClient$ClientEndpoint: Executor added: app-20230624163110-0024/0 on worker-20230624161025-172.19.0.3-35241 (172.19.0.3:35241) with 1 core(s)
[2023-06-24T16:31:10.418+0000] {spark_submit.py:492} INFO - 23/06/24 16:31:10 INFO StandaloneSchedulerBackend: Granted executor ID app-20230624163110-0024/0 on hostPort 172.19.0.3:35241 with 1 core(s), 1024.0 MiB RAM
[2023-06-24T16:31:10.432+0000] {spark_submit.py:492} INFO - 23/06/24 16:31:10 INFO BlockManagerMaster: Registering BlockManager BlockManagerId(driver, a8d69ab09d2d, 35881, None)
[2023-06-24T16:31:10.455+0000] {spark_submit.py:492} INFO - 23/06/24 16:31:10 INFO BlockManagerMasterEndpoint: Registering block manager a8d69ab09d2d:35881 with 434.4 MiB RAM, BlockManagerId(driver, a8d69ab09d2d, 35881, None)
[2023-06-24T16:31:10.473+0000] {spark_submit.py:492} INFO - 23/06/24 16:31:10 INFO BlockManagerMaster: Registered BlockManager BlockManagerId(driver, a8d69ab09d2d, 35881, None)
[2023-06-24T16:31:10.475+0000] {spark_submit.py:492} INFO - 23/06/24 16:31:10 INFO BlockManager: Initialized BlockManager: BlockManagerId(driver, a8d69ab09d2d, 35881, None)
[2023-06-24T16:31:10.485+0000] {spark_submit.py:492} INFO - 23/06/24 16:31:10 INFO StandaloneAppClient$ClientEndpoint: Executor updated: app-20230624163110-0024/0 is now RUNNING
[2023-06-24T16:31:10.815+0000] {spark_submit.py:492} INFO - 23/06/24 16:31:10 INFO StandaloneSchedulerBackend: SchedulerBackend is ready for scheduling beginning after reached minRegisteredResourcesRatio: 0.0
[2023-06-24T16:31:11.102+0000] {spark_submit.py:492} INFO - 23/06/24 16:31:11 INFO SharedState: Setting hive.metastore.warehouse.dir ('null') to the value of spark.sql.warehouse.dir.
[2023-06-24T16:31:11.128+0000] {spark_submit.py:492} INFO - 23/06/24 16:31:11 INFO SharedState: Warehouse path is 'file:/opt/***/spark-warehouse'.
[2023-06-24T16:31:13.353+0000] {spark_submit.py:492} INFO - 23/06/24 16:31:13 INFO CoarseGrainedSchedulerBackend$DriverEndpoint: Registered executor NettyRpcEndpointRef(spark-client://Executor) (172.19.0.3:54586) with ID 0,  ResourceProfileId 0
[2023-06-24T16:31:13.530+0000] {spark_submit.py:492} INFO - 23/06/24 16:31:13 INFO BlockManagerMasterEndpoint: Registering block manager 172.19.0.3:42769 with 366.3 MiB RAM, BlockManagerId(0, 172.19.0.3, 42769, None)
[2023-06-24T16:31:15.685+0000] {spark_submit.py:492} INFO - 23/06/24 16:31:15 INFO CodeGenerator: Code generated in 153.840038 ms
[2023-06-24T16:31:15.720+0000] {spark_submit.py:492} INFO - 23/06/24 16:31:15 INFO SparkContext: Starting job: showString at NativeMethodAccessorImpl.java:0
[2023-06-24T16:31:15.735+0000] {spark_submit.py:492} INFO - 23/06/24 16:31:15 INFO DAGScheduler: Got job 0 (showString at NativeMethodAccessorImpl.java:0) with 1 output partitions
[2023-06-24T16:31:15.736+0000] {spark_submit.py:492} INFO - 23/06/24 16:31:15 INFO DAGScheduler: Final stage: ResultStage 0 (showString at NativeMethodAccessorImpl.java:0)
[2023-06-24T16:31:15.737+0000] {spark_submit.py:492} INFO - 23/06/24 16:31:15 INFO DAGScheduler: Parents of final stage: List()
[2023-06-24T16:31:15.739+0000] {spark_submit.py:492} INFO - 23/06/24 16:31:15 INFO DAGScheduler: Missing parents: List()
[2023-06-24T16:31:15.743+0000] {spark_submit.py:492} INFO - 23/06/24 16:31:15 INFO DAGScheduler: Submitting ResultStage 0 (MapPartitionsRDD[6] at showString at NativeMethodAccessorImpl.java:0), which has no missing parents
[2023-06-24T16:31:15.869+0000] {spark_submit.py:492} INFO - 23/06/24 16:31:15 INFO MemoryStore: Block broadcast_0 stored as values in memory (estimated size 11.7 KiB, free 434.4 MiB)
[2023-06-24T16:31:15.914+0000] {spark_submit.py:492} INFO - 23/06/24 16:31:15 INFO MemoryStore: Block broadcast_0_piece0 stored as bytes in memory (estimated size 6.2 KiB, free 434.4 MiB)
[2023-06-24T16:31:15.920+0000] {spark_submit.py:492} INFO - 23/06/24 16:31:15 INFO BlockManagerInfo: Added broadcast_0_piece0 in memory on a8d69ab09d2d:35881 (size: 6.2 KiB, free: 434.4 MiB)
[2023-06-24T16:31:15.925+0000] {spark_submit.py:492} INFO - 23/06/24 16:31:15 INFO SparkContext: Created broadcast 0 from broadcast at DAGScheduler.scala:1427
[2023-06-24T16:31:15.938+0000] {spark_submit.py:492} INFO - 23/06/24 16:31:15 INFO DAGScheduler: Submitting 1 missing tasks from ResultStage 0 (MapPartitionsRDD[6] at showString at NativeMethodAccessorImpl.java:0) (first 15 tasks are for partitions Vector(0))
[2023-06-24T16:31:15.939+0000] {spark_submit.py:492} INFO - 23/06/24 16:31:15 INFO TaskSchedulerImpl: Adding task set 0.0 with 1 tasks resource profile 0
[2023-06-24T16:31:15.981+0000] {spark_submit.py:492} INFO - 23/06/24 16:31:15 INFO TaskSetManager: Starting task 0.0 in stage 0.0 (TID 0) (172.19.0.3, executor 0, partition 0, PROCESS_LOCAL, 4605 bytes) taskResourceAssignments Map()
[2023-06-24T16:31:16.401+0000] {spark_submit.py:492} INFO - 23/06/24 16:31:16 INFO BlockManagerInfo: Added broadcast_0_piece0 in memory on 172.19.0.3:42769 (size: 6.2 KiB, free: 366.3 MiB)
[2023-06-24T16:31:18.375+0000] {spark_submit.py:492} INFO - 23/06/24 16:31:18 INFO TaskSetManager: Finished task 0.0 in stage 0.0 (TID 0) in 2406 ms on 172.19.0.3 (executor 0) (1/1)
[2023-06-24T16:31:18.377+0000] {spark_submit.py:492} INFO - 23/06/24 16:31:18 INFO TaskSchedulerImpl: Removed TaskSet 0.0, whose tasks have all completed, from pool
[2023-06-24T16:31:18.382+0000] {spark_submit.py:492} INFO - 23/06/24 16:31:18 INFO PythonAccumulatorV2: Connected to AccumulatorServer at host: 127.0.0.1 port: 59635
[2023-06-24T16:31:18.386+0000] {spark_submit.py:492} INFO - 23/06/24 16:31:18 INFO DAGScheduler: ResultStage 0 (showString at NativeMethodAccessorImpl.java:0) finished in 2.629 s
[2023-06-24T16:31:18.394+0000] {spark_submit.py:492} INFO - 23/06/24 16:31:18 INFO DAGScheduler: Job 0 is finished. Cancelling potential speculative or zombie tasks for this job
[2023-06-24T16:31:18.395+0000] {spark_submit.py:492} INFO - 23/06/24 16:31:18 INFO TaskSchedulerImpl: Killing all running tasks in stage 0: Stage finished
[2023-06-24T16:31:18.401+0000] {spark_submit.py:492} INFO - 23/06/24 16:31:18 INFO DAGScheduler: Job 0 finished: showString at NativeMethodAccessorImpl.java:0, took 2.675835 s
[2023-06-24T16:31:18.411+0000] {spark_submit.py:492} INFO - 23/06/24 16:31:18 INFO SparkContext: Starting job: showString at NativeMethodAccessorImpl.java:0
[2023-06-24T16:31:18.414+0000] {spark_submit.py:492} INFO - 23/06/24 16:31:18 INFO DAGScheduler: Got job 1 (showString at NativeMethodAccessorImpl.java:0) with 1 output partitions
[2023-06-24T16:31:18.414+0000] {spark_submit.py:492} INFO - 23/06/24 16:31:18 INFO DAGScheduler: Final stage: ResultStage 1 (showString at NativeMethodAccessorImpl.java:0)
[2023-06-24T16:31:18.415+0000] {spark_submit.py:492} INFO - 23/06/24 16:31:18 INFO DAGScheduler: Parents of final stage: List()
[2023-06-24T16:31:18.415+0000] {spark_submit.py:492} INFO - 23/06/24 16:31:18 INFO DAGScheduler: Missing parents: List()
[2023-06-24T16:31:18.416+0000] {spark_submit.py:492} INFO - 23/06/24 16:31:18 INFO DAGScheduler: Submitting ResultStage 1 (MapPartitionsRDD[6] at showString at NativeMethodAccessorImpl.java:0), which has no missing parents
[2023-06-24T16:31:18.423+0000] {spark_submit.py:492} INFO - 23/06/24 16:31:18 INFO MemoryStore: Block broadcast_1 stored as values in memory (estimated size 11.7 KiB, free 434.4 MiB)
[2023-06-24T16:31:18.428+0000] {spark_submit.py:492} INFO - 23/06/24 16:31:18 INFO MemoryStore: Block broadcast_1_piece0 stored as bytes in memory (estimated size 6.2 KiB, free 434.4 MiB)
[2023-06-24T16:31:18.429+0000] {spark_submit.py:492} INFO - 23/06/24 16:31:18 INFO BlockManagerInfo: Added broadcast_1_piece0 in memory on a8d69ab09d2d:35881 (size: 6.2 KiB, free: 434.4 MiB)
[2023-06-24T16:31:18.430+0000] {spark_submit.py:492} INFO - 23/06/24 16:31:18 INFO SparkContext: Created broadcast 1 from broadcast at DAGScheduler.scala:1427
[2023-06-24T16:31:18.432+0000] {spark_submit.py:492} INFO - 23/06/24 16:31:18 INFO DAGScheduler: Submitting 1 missing tasks from ResultStage 1 (MapPartitionsRDD[6] at showString at NativeMethodAccessorImpl.java:0) (first 15 tasks are for partitions Vector(1))
[2023-06-24T16:31:18.432+0000] {spark_submit.py:492} INFO - 23/06/24 16:31:18 INFO TaskSchedulerImpl: Adding task set 1.0 with 1 tasks resource profile 0
[2023-06-24T16:31:18.434+0000] {spark_submit.py:492} INFO - 23/06/24 16:31:18 INFO TaskSetManager: Starting task 0.0 in stage 1.0 (TID 1) (172.19.0.3, executor 0, partition 1, PROCESS_LOCAL, 4529 bytes) taskResourceAssignments Map()
[2023-06-24T16:31:18.455+0000] {spark_submit.py:492} INFO - 23/06/24 16:31:18 INFO BlockManagerInfo: Added broadcast_1_piece0 in memory on 172.19.0.3:42769 (size: 6.2 KiB, free: 366.3 MiB)
[2023-06-24T16:31:18.539+0000] {spark_submit.py:492} INFO - 23/06/24 16:31:18 INFO TaskSetManager: Finished task 0.0 in stage 1.0 (TID 1) in 105 ms on 172.19.0.3 (executor 0) (1/1)
[2023-06-24T16:31:18.545+0000] {spark_submit.py:492} INFO - 23/06/24 16:31:18 INFO TaskSchedulerImpl: Removed TaskSet 1.0, whose tasks have all completed, from pool
[2023-06-24T16:31:18.546+0000] {spark_submit.py:492} INFO - 23/06/24 16:31:18 INFO DAGScheduler: ResultStage 1 (showString at NativeMethodAccessorImpl.java:0) finished in 0.121 s
[2023-06-24T16:31:18.546+0000] {spark_submit.py:492} INFO - 23/06/24 16:31:18 INFO DAGScheduler: Job 1 is finished. Cancelling potential speculative or zombie tasks for this job
[2023-06-24T16:31:18.546+0000] {spark_submit.py:492} INFO - 23/06/24 16:31:18 INFO TaskSchedulerImpl: Killing all running tasks in stage 1: Stage finished
[2023-06-24T16:31:18.550+0000] {spark_submit.py:492} INFO - 23/06/24 16:31:18 INFO DAGScheduler: Job 1 finished: showString at NativeMethodAccessorImpl.java:0, took 0.134760 s
[2023-06-24T16:31:18.595+0000] {spark_submit.py:492} INFO - 23/06/24 16:31:18 INFO CodeGenerator: Code generated in 26.340674 ms
[2023-06-24T16:31:18.613+0000] {spark_submit.py:492} INFO - +-----+-----------------------------------------------------------------------------+
[2023-06-24T16:31:18.614+0000] {spark_submit.py:492} INFO - |Seqno|Quote                                                                        |
[2023-06-24T16:31:18.614+0000] {spark_submit.py:492} INFO - +-----+-----------------------------------------------------------------------------+
[2023-06-24T16:31:18.614+0000] {spark_submit.py:492} INFO - |1    |Be the change that you wish to see in the world                              |
[2023-06-24T16:31:18.614+0000] {spark_submit.py:492} INFO - |2    |Everyone thinks of changing the world, but no one thinks of changing himself.|
[2023-06-24T16:31:18.614+0000] {spark_submit.py:492} INFO - |3    |The purpose of our lives is to be happy.                                     |
[2023-06-24T16:31:18.614+0000] {spark_submit.py:492} INFO - |4    |Be cool.                                                                     |
[2023-06-24T16:31:18.615+0000] {spark_submit.py:492} INFO - +-----+-----------------------------------------------------------------------------+
[2023-06-24T16:31:18.615+0000] {spark_submit.py:492} INFO - 
[2023-06-24T16:31:18.750+0000] {spark_submit.py:492} INFO - 23/06/24 16:31:18 INFO BlockManagerInfo: Removed broadcast_0_piece0 on 172.19.0.3:42769 in memory (size: 6.2 KiB, free: 366.3 MiB)
[2023-06-24T16:31:18.760+0000] {spark_submit.py:492} INFO - 23/06/24 16:31:18 INFO BlockManagerInfo: Removed broadcast_0_piece0 on a8d69ab09d2d:35881 in memory (size: 6.2 KiB, free: 434.4 MiB)
[2023-06-24T16:31:18.770+0000] {spark_submit.py:492} INFO - Traceback (most recent call last):
[2023-06-24T16:31:18.771+0000] {spark_submit.py:492} INFO - File "/opt/***/dags/spark_etl_spark_minio.py", line 43, in <module>
[2023-06-24T16:31:18.771+0000] {spark_submit.py:492} INFO - df.write.mode("append").parquet("s3a://datalake/test.parquet")
[2023-06-24T16:31:18.771+0000] {spark_submit.py:492} INFO - File "/opt/spark/python/lib/pyspark.zip/pyspark/sql/readwriter.py", line 885, in parquet
[2023-06-24T16:31:18.771+0000] {spark_submit.py:492} INFO - File "/opt/spark/python/lib/py4j-0.10.9.2-src.zip/py4j/java_gateway.py", line 1309, in __call__
[2023-06-24T16:31:18.771+0000] {spark_submit.py:492} INFO - File "/opt/spark/python/lib/pyspark.zip/pyspark/sql/utils.py", line 111, in deco
[2023-06-24T16:31:18.771+0000] {spark_submit.py:492} INFO - File "/opt/spark/python/lib/py4j-0.10.9.2-src.zip/py4j/protocol.py", line 326, in get_return_value
[2023-06-24T16:31:18.774+0000] {spark_submit.py:492} INFO - py4j.protocol.Py4JJavaError: An error occurred while calling o77.parquet.
[2023-06-24T16:31:18.775+0000] {spark_submit.py:492} INFO - : java.lang.RuntimeException: java.lang.ClassNotFoundException: Class org.apache.hadoop.fs.s3a.S3AFileSystem not found
[2023-06-24T16:31:18.775+0000] {spark_submit.py:492} INFO - at org.apache.hadoop.conf.Configuration.getClass(Configuration.java:2667)
[2023-06-24T16:31:18.775+0000] {spark_submit.py:492} INFO - at org.apache.hadoop.fs.FileSystem.getFileSystemClass(FileSystem.java:3431)
[2023-06-24T16:31:18.775+0000] {spark_submit.py:492} INFO - at org.apache.hadoop.fs.FileSystem.createFileSystem(FileSystem.java:3466)
[2023-06-24T16:31:18.775+0000] {spark_submit.py:492} INFO - at org.apache.hadoop.fs.FileSystem.access$300(FileSystem.java:174)
[2023-06-24T16:31:18.775+0000] {spark_submit.py:492} INFO - at org.apache.hadoop.fs.FileSystem$Cache.getInternal(FileSystem.java:3574)
[2023-06-24T16:31:18.775+0000] {spark_submit.py:492} INFO - at org.apache.hadoop.fs.FileSystem$Cache.get(FileSystem.java:3521)
[2023-06-24T16:31:18.775+0000] {spark_submit.py:492} INFO - at org.apache.hadoop.fs.FileSystem.get(FileSystem.java:540)
[2023-06-24T16:31:18.776+0000] {spark_submit.py:492} INFO - at org.apache.hadoop.fs.Path.getFileSystem(Path.java:365)
[2023-06-24T16:31:18.776+0000] {spark_submit.py:492} INFO - at org.apache.spark.sql.execution.datasources.DataSource.planForWritingFileFormat(DataSource.scala:461)
[2023-06-24T16:31:18.776+0000] {spark_submit.py:492} INFO - at org.apache.spark.sql.execution.datasources.DataSource.planForWriting(DataSource.scala:556)
[2023-06-24T16:31:18.778+0000] {spark_submit.py:492} INFO - at org.apache.spark.sql.DataFrameWriter.saveToV1Source(DataFrameWriter.scala:382)
[2023-06-24T16:31:18.778+0000] {spark_submit.py:492} INFO - at org.apache.spark.sql.DataFrameWriter.saveInternal(DataFrameWriter.scala:355)
[2023-06-24T16:31:18.779+0000] {spark_submit.py:492} INFO - at org.apache.spark.sql.DataFrameWriter.save(DataFrameWriter.scala:239)
[2023-06-24T16:31:18.779+0000] {spark_submit.py:492} INFO - at org.apache.spark.sql.DataFrameWriter.parquet(DataFrameWriter.scala:781)
[2023-06-24T16:31:18.779+0000] {spark_submit.py:492} INFO - at java.base/jdk.internal.reflect.NativeMethodAccessorImpl.invoke0(Native Method)
[2023-06-24T16:31:18.779+0000] {spark_submit.py:492} INFO - at java.base/jdk.internal.reflect.NativeMethodAccessorImpl.invoke(NativeMethodAccessorImpl.java:62)
[2023-06-24T16:31:18.780+0000] {spark_submit.py:492} INFO - at java.base/jdk.internal.reflect.DelegatingMethodAccessorImpl.invoke(DelegatingMethodAccessorImpl.java:43)
[2023-06-24T16:31:18.780+0000] {spark_submit.py:492} INFO - at java.base/java.lang.reflect.Method.invoke(Method.java:566)
[2023-06-24T16:31:18.780+0000] {spark_submit.py:492} INFO - at py4j.reflection.MethodInvoker.invoke(MethodInvoker.java:244)
[2023-06-24T16:31:18.780+0000] {spark_submit.py:492} INFO - at py4j.reflection.ReflectionEngine.invoke(ReflectionEngine.java:357)
[2023-06-24T16:31:18.780+0000] {spark_submit.py:492} INFO - at py4j.Gateway.invoke(Gateway.java:282)
[2023-06-24T16:31:18.780+0000] {spark_submit.py:492} INFO - at py4j.commands.AbstractCommand.invokeMethod(AbstractCommand.java:132)
[2023-06-24T16:31:18.780+0000] {spark_submit.py:492} INFO - at py4j.commands.CallCommand.execute(CallCommand.java:79)
[2023-06-24T16:31:18.780+0000] {spark_submit.py:492} INFO - at py4j.ClientServerConnection.waitForCommands(ClientServerConnection.java:182)
[2023-06-24T16:31:18.781+0000] {spark_submit.py:492} INFO - at py4j.ClientServerConnection.run(ClientServerConnection.java:106)
[2023-06-24T16:31:18.781+0000] {spark_submit.py:492} INFO - at java.base/java.lang.Thread.run(Thread.java:829)
[2023-06-24T16:31:18.781+0000] {spark_submit.py:492} INFO - Caused by: java.lang.ClassNotFoundException: Class org.apache.hadoop.fs.s3a.S3AFileSystem not found
[2023-06-24T16:31:18.781+0000] {spark_submit.py:492} INFO - at org.apache.hadoop.conf.Configuration.getClassByName(Configuration.java:2571)
[2023-06-24T16:31:18.781+0000] {spark_submit.py:492} INFO - at org.apache.hadoop.conf.Configuration.getClass(Configuration.java:2665)
[2023-06-24T16:31:18.781+0000] {spark_submit.py:492} INFO - ... 25 more
[2023-06-24T16:31:18.781+0000] {spark_submit.py:492} INFO - 
[2023-06-24T16:31:18.781+0000] {spark_submit.py:492} INFO - 23/06/24 16:31:18 INFO BlockManagerInfo: Removed broadcast_1_piece0 on a8d69ab09d2d:35881 in memory (size: 6.2 KiB, free: 434.4 MiB)
[2023-06-24T16:31:18.782+0000] {spark_submit.py:492} INFO - 23/06/24 16:31:18 INFO BlockManagerInfo: Removed broadcast_1_piece0 on 172.19.0.3:42769 in memory (size: 6.2 KiB, free: 366.3 MiB)
[2023-06-24T16:31:18.881+0000] {spark_submit.py:492} INFO - 23/06/24 16:31:18 INFO SparkContext: Invoking stop() from shutdown hook
[2023-06-24T16:31:18.891+0000] {spark_submit.py:492} INFO - 23/06/24 16:31:18 INFO SparkUI: Stopped Spark web UI at http://a8d69ab09d2d:4040
[2023-06-24T16:31:18.896+0000] {spark_submit.py:492} INFO - 23/06/24 16:31:18 INFO StandaloneSchedulerBackend: Shutting down all executors
[2023-06-24T16:31:18.898+0000] {spark_submit.py:492} INFO - 23/06/24 16:31:18 INFO CoarseGrainedSchedulerBackend$DriverEndpoint: Asking each executor to shut down
[2023-06-24T16:31:18.924+0000] {spark_submit.py:492} INFO - 23/06/24 16:31:18 INFO MapOutputTrackerMasterEndpoint: MapOutputTrackerMasterEndpoint stopped!
[2023-06-24T16:31:18.987+0000] {spark_submit.py:492} INFO - 23/06/24 16:31:18 INFO MemoryStore: MemoryStore cleared
[2023-06-24T16:31:18.990+0000] {spark_submit.py:492} INFO - 23/06/24 16:31:18 INFO BlockManager: BlockManager stopped
[2023-06-24T16:31:18.998+0000] {spark_submit.py:492} INFO - 23/06/24 16:31:18 INFO BlockManagerMaster: BlockManagerMaster stopped
[2023-06-24T16:31:19.001+0000] {spark_submit.py:492} INFO - 23/06/24 16:31:19 INFO OutputCommitCoordinator$OutputCommitCoordinatorEndpoint: OutputCommitCoordinator stopped!
[2023-06-24T16:31:19.089+0000] {spark_submit.py:492} INFO - 23/06/24 16:31:19 INFO SparkContext: Successfully stopped SparkContext
[2023-06-24T16:31:19.090+0000] {spark_submit.py:492} INFO - 23/06/24 16:31:19 INFO ShutdownHookManager: Shutdown hook called
[2023-06-24T16:31:19.091+0000] {spark_submit.py:492} INFO - 23/06/24 16:31:19 INFO ShutdownHookManager: Deleting directory /tmp/spark-390af857-e460-4d23-92c0-fc7a6d391fdc/pyspark-f189cafd-90ee-40d3-8332-6de4967d0223
[2023-06-24T16:31:19.096+0000] {spark_submit.py:492} INFO - 23/06/24 16:31:19 INFO ShutdownHookManager: Deleting directory /tmp/spark-390af857-e460-4d23-92c0-fc7a6d391fdc
[2023-06-24T16:31:19.099+0000] {spark_submit.py:492} INFO - 23/06/24 16:31:19 INFO ShutdownHookManager: Deleting directory /tmp/spark-a4094820-b1fd-4b7f-a5c6-b5d8b506b10b
[2023-06-24T16:31:19.194+0000] {taskinstance.py:1775} ERROR - Task failed with exception
Traceback (most recent call last):
  File "/home/airflow/.local/lib/python3.8/site-packages/airflow/providers/apache/spark/operators/spark_submit.py", line 157, in execute
    self._hook.submit(self._application)
  File "/home/airflow/.local/lib/python3.8/site-packages/airflow/providers/apache/spark/hooks/spark_submit.py", line 423, in submit
    raise AirflowException(
airflow.exceptions.AirflowException: Cannot execute: spark-submit --master spark://spark:7077 --name arrow-spark /opt/***/dags/spark_etl_spark_minio.py. Error code is: 1.
[2023-06-24T16:31:19.199+0000] {taskinstance.py:1321} INFO - Marking task as UP_FOR_RETRY. dag_id=spark_etl_minio_v2, task_id=spark_submit_task, execution_date=20230624T163103, start_date=20230624T163104, end_date=20230624T163119
[2023-06-24T16:31:19.213+0000] {standard_task_runner.py:100} ERROR - Failed to execute job 101 for task spark_submit_task (Cannot execute: spark-submit --master spark://spark:7077 --name arrow-spark /opt/***/dags/spark_etl_spark_minio.py. Error code is: 1.; 5055)
[2023-06-24T16:31:19.259+0000] {local_task_job.py:212} INFO - Task exited with return code 1
[2023-06-24T16:31:19.274+0000] {taskinstance.py:2585} INFO - 0 downstream tasks scheduled from follow-on schedule check
