[2023-06-24T11:58:13.453+0000] {taskinstance.py:1084} INFO - Dependencies all met for dep_context=non-requeueable deps ti=<TaskInstance: spark_airflow_dag_v6.spark_submit_task1 manual__2023-06-24T11:58:12.476932+00:00 [queued]>
[2023-06-24T11:58:13.460+0000] {taskinstance.py:1084} INFO - Dependencies all met for dep_context=requeueable deps ti=<TaskInstance: spark_airflow_dag_v6.spark_submit_task1 manual__2023-06-24T11:58:12.476932+00:00 [queued]>
[2023-06-24T11:58:13.460+0000] {taskinstance.py:1282} INFO - 
--------------------------------------------------------------------------------
[2023-06-24T11:58:13.460+0000] {taskinstance.py:1283} INFO - Starting attempt 1 of 1
[2023-06-24T11:58:13.460+0000] {taskinstance.py:1284} INFO - 
--------------------------------------------------------------------------------
[2023-06-24T11:58:13.469+0000] {taskinstance.py:1303} INFO - Executing <Task(SparkSubmitOperator): spark_submit_task1> on 2023-06-24 11:58:12.476932+00:00
[2023-06-24T11:58:13.473+0000] {standard_task_runner.py:55} INFO - Started process 7023 to run task
[2023-06-24T11:58:13.476+0000] {standard_task_runner.py:82} INFO - Running: ['***', 'tasks', 'run', 'spark_***_dag_v6', 'spark_submit_task1', 'manual__2023-06-24T11:58:12.476932+00:00', '--job-id', '66', '--raw', '--subdir', 'DAGS_FOLDER/spark_jobs_dag3.py', '--cfg-path', '/tmp/tmpr3atmwgn']
[2023-06-24T11:58:13.476+0000] {standard_task_runner.py:83} INFO - Job 66: Subtask spark_submit_task1
[2023-06-24T11:58:13.485+0000] {warnings.py:109} WARNING - /home/***/.local/lib/python3.8/site-packages/***/settings.py:250: DeprecationWarning: The sql_alchemy_conn option in [core] has been moved to the sql_alchemy_conn option in [database] - the old setting has been used, but please update your config.
  SQL_ALCHEMY_CONN = conf.get("database", "SQL_ALCHEMY_CONN")

[2023-06-24T11:58:13.518+0000] {task_command.py:388} INFO - Running <TaskInstance: spark_airflow_dag_v6.spark_submit_task1 manual__2023-06-24T11:58:12.476932+00:00 [running]> on host 846f24a1d814
[2023-06-24T11:58:13.563+0000] {taskinstance.py:1509} INFO - Exporting the following env vars:
AIRFLOW_CTX_DAG_OWNER=***
AIRFLOW_CTX_DAG_ID=spark_***_dag_v6
AIRFLOW_CTX_TASK_ID=spark_submit_task1
AIRFLOW_CTX_EXECUTION_DATE=2023-06-24T11:58:12.476932+00:00
AIRFLOW_CTX_TRY_NUMBER=1
AIRFLOW_CTX_DAG_RUN_ID=manual__2023-06-24T11:58:12.476932+00:00
[2023-06-24T11:58:13.570+0000] {base.py:73} INFO - Using connection ID 'spark_conn' for task execution.
[2023-06-24T11:58:13.570+0000] {spark_submit.py:341} INFO - Spark-Submit cmd: spark-submit --master spark://spark:7077 --name arrow-spark /opt/***/dags/spark_etl_simple.py
[2023-06-24T11:58:14.429+0000] {spark_submit.py:492} INFO - WARNING: An illegal reflective access operation has occurred
[2023-06-24T11:58:14.430+0000] {spark_submit.py:492} INFO - WARNING: Illegal reflective access by org.apache.spark.unsafe.Platform (file:/opt/spark/jars/spark-unsafe_2.12-3.2.0.jar) to constructor java.nio.DirectByteBuffer(long,int)
[2023-06-24T11:58:14.430+0000] {spark_submit.py:492} INFO - WARNING: Please consider reporting this to the maintainers of org.apache.spark.unsafe.Platform
[2023-06-24T11:58:14.430+0000] {spark_submit.py:492} INFO - WARNING: Use --illegal-access=warn to enable warnings of further illegal reflective access operations
[2023-06-24T11:58:14.430+0000] {spark_submit.py:492} INFO - WARNING: All illegal access operations will be denied in a future release
[2023-06-24T11:58:15.476+0000] {spark_submit.py:492} INFO - Using Spark's default log4j profile: org/apache/spark/log4j-defaults.properties
[2023-06-24T11:58:15.482+0000] {spark_submit.py:492} INFO - 23/06/24 11:58:15 INFO SparkContext: Running Spark version 3.2.0
[2023-06-24T11:58:15.539+0000] {spark_submit.py:492} INFO - 23/06/24 11:58:15 WARN NativeCodeLoader: Unable to load native-hadoop library for your platform... using builtin-java classes where applicable
[2023-06-24T11:58:15.614+0000] {spark_submit.py:492} INFO - 23/06/24 11:58:15 INFO ResourceUtils: ==============================================================
[2023-06-24T11:58:15.614+0000] {spark_submit.py:492} INFO - 23/06/24 11:58:15 INFO ResourceUtils: No custom resources configured for spark.driver.
[2023-06-24T11:58:15.614+0000] {spark_submit.py:492} INFO - 23/06/24 11:58:15 INFO ResourceUtils: ==============================================================
[2023-06-24T11:58:15.615+0000] {spark_submit.py:492} INFO - 23/06/24 11:58:15 INFO SparkContext: Submitted application: test
[2023-06-24T11:58:15.633+0000] {spark_submit.py:492} INFO - 23/06/24 11:58:15 INFO ResourceProfile: Default ResourceProfile created, executor resources: Map(cores -> name: cores, amount: 1, script: , vendor: , memory -> name: memory, amount: 1024, script: , vendor: , offHeap -> name: offHeap, amount: 0, script: , vendor: ), task resources: Map(cpus -> name: cpus, amount: 1.0)
[2023-06-24T11:58:15.642+0000] {spark_submit.py:492} INFO - 23/06/24 11:58:15 INFO ResourceProfile: Limiting resource is cpu
[2023-06-24T11:58:15.643+0000] {spark_submit.py:492} INFO - 23/06/24 11:58:15 INFO ResourceProfileManager: Added ResourceProfile id: 0
[2023-06-24T11:58:15.697+0000] {spark_submit.py:492} INFO - 23/06/24 11:58:15 INFO SecurityManager: Changing view acls to: default
[2023-06-24T11:58:15.697+0000] {spark_submit.py:492} INFO - 23/06/24 11:58:15 INFO SecurityManager: Changing modify acls to: default
[2023-06-24T11:58:15.697+0000] {spark_submit.py:492} INFO - 23/06/24 11:58:15 INFO SecurityManager: Changing view acls groups to:
[2023-06-24T11:58:15.697+0000] {spark_submit.py:492} INFO - 23/06/24 11:58:15 INFO SecurityManager: Changing modify acls groups to:
[2023-06-24T11:58:15.698+0000] {spark_submit.py:492} INFO - 23/06/24 11:58:15 INFO SecurityManager: SecurityManager: authentication disabled; ui acls disabled; users  with view permissions: Set(default); groups with view permissions: Set(); users  with modify permissions: Set(default); groups with modify permissions: Set()
[2023-06-24T11:58:16.061+0000] {spark_submit.py:492} INFO - 23/06/24 11:58:16 INFO Utils: Successfully started service 'sparkDriver' on port 34757.
[2023-06-24T11:58:16.088+0000] {spark_submit.py:492} INFO - 23/06/24 11:58:16 INFO SparkEnv: Registering MapOutputTracker
[2023-06-24T11:58:16.114+0000] {spark_submit.py:492} INFO - 23/06/24 11:58:16 INFO SparkEnv: Registering BlockManagerMaster
[2023-06-24T11:58:16.133+0000] {spark_submit.py:492} INFO - 23/06/24 11:58:16 INFO BlockManagerMasterEndpoint: Using org.apache.spark.storage.DefaultTopologyMapper for getting topology information
[2023-06-24T11:58:16.133+0000] {spark_submit.py:492} INFO - 23/06/24 11:58:16 INFO BlockManagerMasterEndpoint: BlockManagerMasterEndpoint up
[2023-06-24T11:58:16.136+0000] {spark_submit.py:492} INFO - 23/06/24 11:58:16 INFO SparkEnv: Registering BlockManagerMasterHeartbeat
[2023-06-24T11:58:16.157+0000] {spark_submit.py:492} INFO - 23/06/24 11:58:16 INFO DiskBlockManager: Created local directory at /tmp/blockmgr-8fdc5244-d015-4570-8a81-55df9cfe96c2
[2023-06-24T11:58:16.179+0000] {spark_submit.py:492} INFO - 23/06/24 11:58:16 INFO MemoryStore: MemoryStore started with capacity 434.4 MiB
[2023-06-24T11:58:16.197+0000] {spark_submit.py:492} INFO - 23/06/24 11:58:16 INFO SparkEnv: Registering OutputCommitCoordinator
[2023-06-24T11:58:16.349+0000] {spark_submit.py:492} INFO - 23/06/24 11:58:16 INFO Utils: Successfully started service 'SparkUI' on port 4040.
[2023-06-24T11:58:16.400+0000] {spark_submit.py:492} INFO - 23/06/24 11:58:16 INFO SparkUI: Bound SparkUI to 0.0.0.0, and started at http://846f24a1d814:4040
[2023-06-24T11:58:16.573+0000] {spark_submit.py:492} INFO - 23/06/24 11:58:16 INFO StandaloneAppClient$ClientEndpoint: Connecting to master spark://spark:7077...
[2023-06-24T11:58:16.645+0000] {spark_submit.py:492} INFO - 23/06/24 11:58:16 INFO TransportClientFactory: Successfully created connection to spark/172.19.0.3:7077 after 55 ms (0 ms spent in bootstraps)
[2023-06-24T11:58:16.715+0000] {spark_submit.py:492} INFO - 23/06/24 11:58:16 INFO StandaloneSchedulerBackend: Connected to Spark cluster with app ID app-20230624115816-0001
[2023-06-24T11:58:16.719+0000] {spark_submit.py:492} INFO - 23/06/24 11:58:16 INFO StandaloneAppClient$ClientEndpoint: Executor added: app-20230624115816-0001/0 on worker-20230624114440-172.19.0.5-43311 (172.19.0.5:43311) with 1 core(s)
[2023-06-24T11:58:16.720+0000] {spark_submit.py:492} INFO - 23/06/24 11:58:16 INFO StandaloneSchedulerBackend: Granted executor ID app-20230624115816-0001/0 on hostPort 172.19.0.5:43311 with 1 core(s), 1024.0 MiB RAM
[2023-06-24T11:58:16.727+0000] {spark_submit.py:492} INFO - 23/06/24 11:58:16 INFO Utils: Successfully started service 'org.apache.spark.network.netty.NettyBlockTransferService' on port 33963.
[2023-06-24T11:58:16.727+0000] {spark_submit.py:492} INFO - 23/06/24 11:58:16 INFO NettyBlockTransferService: Server created on 846f24a1d814:33963
[2023-06-24T11:58:16.727+0000] {spark_submit.py:492} INFO - 23/06/24 11:58:16 INFO BlockManager: Using org.apache.spark.storage.RandomBlockReplicationPolicy for block replication policy
[2023-06-24T11:58:16.735+0000] {spark_submit.py:492} INFO - 23/06/24 11:58:16 INFO BlockManagerMaster: Registering BlockManager BlockManagerId(driver, 846f24a1d814, 33963, None)
[2023-06-24T11:58:16.739+0000] {spark_submit.py:492} INFO - 23/06/24 11:58:16 INFO BlockManagerMasterEndpoint: Registering block manager 846f24a1d814:33963 with 434.4 MiB RAM, BlockManagerId(driver, 846f24a1d814, 33963, None)
[2023-06-24T11:58:16.744+0000] {spark_submit.py:492} INFO - 23/06/24 11:58:16 INFO BlockManagerMaster: Registered BlockManager BlockManagerId(driver, 846f24a1d814, 33963, None)
[2023-06-24T11:58:16.746+0000] {spark_submit.py:492} INFO - 23/06/24 11:58:16 INFO BlockManager: Initialized BlockManager: BlockManagerId(driver, 846f24a1d814, 33963, None)
[2023-06-24T11:58:16.767+0000] {spark_submit.py:492} INFO - 23/06/24 11:58:16 INFO StandaloneAppClient$ClientEndpoint: Executor updated: app-20230624115816-0001/0 is now RUNNING
[2023-06-24T11:58:16.905+0000] {spark_submit.py:492} INFO - 23/06/24 11:58:16 INFO StandaloneSchedulerBackend: SchedulerBackend is ready for scheduling beginning after reached minRegisteredResourcesRatio: 0.0
[2023-06-24T11:58:17.109+0000] {spark_submit.py:492} INFO - 23/06/24 11:58:17 INFO SharedState: Setting hive.metastore.warehouse.dir ('null') to the value of spark.sql.warehouse.dir.
[2023-06-24T11:58:17.127+0000] {spark_submit.py:492} INFO - 23/06/24 11:58:17 INFO SharedState: Warehouse path is 'file:/opt/***/spark-warehouse'.
[2023-06-24T11:58:18.732+0000] {spark_submit.py:492} INFO - 23/06/24 11:58:18 INFO CoarseGrainedSchedulerBackend$DriverEndpoint: Registered executor NettyRpcEndpointRef(spark-client://Executor) (172.19.0.5:58296) with ID 0,  ResourceProfileId 0
[2023-06-24T11:58:18.859+0000] {spark_submit.py:492} INFO - 23/06/24 11:58:18 INFO BlockManagerMasterEndpoint: Registering block manager 172.19.0.5:35231 with 366.3 MiB RAM, BlockManagerId(0, 172.19.0.5, 35231, None)
[2023-06-24T11:58:20.662+0000] {spark_submit.py:492} INFO - 23/06/24 11:58:20 INFO CodeGenerator: Code generated in 97.151735 ms
[2023-06-24T11:58:20.690+0000] {spark_submit.py:492} INFO - 23/06/24 11:58:20 INFO SparkContext: Starting job: showString at NativeMethodAccessorImpl.java:0
[2023-06-24T11:58:20.701+0000] {spark_submit.py:492} INFO - 23/06/24 11:58:20 INFO DAGScheduler: Got job 0 (showString at NativeMethodAccessorImpl.java:0) with 1 output partitions
[2023-06-24T11:58:20.701+0000] {spark_submit.py:492} INFO - 23/06/24 11:58:20 INFO DAGScheduler: Final stage: ResultStage 0 (showString at NativeMethodAccessorImpl.java:0)
[2023-06-24T11:58:20.702+0000] {spark_submit.py:492} INFO - 23/06/24 11:58:20 INFO DAGScheduler: Parents of final stage: List()
[2023-06-24T11:58:20.703+0000] {spark_submit.py:492} INFO - 23/06/24 11:58:20 INFO DAGScheduler: Missing parents: List()
[2023-06-24T11:58:20.711+0000] {spark_submit.py:492} INFO - 23/06/24 11:58:20 INFO DAGScheduler: Submitting ResultStage 0 (MapPartitionsRDD[6] at showString at NativeMethodAccessorImpl.java:0), which has no missing parents
[2023-06-24T11:58:20.775+0000] {spark_submit.py:492} INFO - 23/06/24 11:58:20 INFO MemoryStore: Block broadcast_0 stored as values in memory (estimated size 11.7 KiB, free 434.4 MiB)
[2023-06-24T11:58:20.799+0000] {spark_submit.py:492} INFO - 23/06/24 11:58:20 INFO MemoryStore: Block broadcast_0_piece0 stored as bytes in memory (estimated size 6.2 KiB, free 434.4 MiB)
[2023-06-24T11:58:20.801+0000] {spark_submit.py:492} INFO - 23/06/24 11:58:20 INFO BlockManagerInfo: Added broadcast_0_piece0 in memory on 846f24a1d814:33963 (size: 6.2 KiB, free: 434.4 MiB)
[2023-06-24T11:58:20.804+0000] {spark_submit.py:492} INFO - 23/06/24 11:58:20 INFO SparkContext: Created broadcast 0 from broadcast at DAGScheduler.scala:1427
[2023-06-24T11:58:20.813+0000] {spark_submit.py:492} INFO - 23/06/24 11:58:20 INFO DAGScheduler: Submitting 1 missing tasks from ResultStage 0 (MapPartitionsRDD[6] at showString at NativeMethodAccessorImpl.java:0) (first 15 tasks are for partitions Vector(0))
[2023-06-24T11:58:20.813+0000] {spark_submit.py:492} INFO - 23/06/24 11:58:20 INFO TaskSchedulerImpl: Adding task set 0.0 with 1 tasks resource profile 0
[2023-06-24T11:58:20.839+0000] {spark_submit.py:492} INFO - 23/06/24 11:58:20 INFO TaskSetManager: Starting task 0.0 in stage 0.0 (TID 0) (172.19.0.5, executor 0, partition 0, PROCESS_LOCAL, 4605 bytes) taskResourceAssignments Map()
[2023-06-24T11:58:21.153+0000] {spark_submit.py:492} INFO - 23/06/24 11:58:21 INFO BlockManagerInfo: Added broadcast_0_piece0 in memory on 172.19.0.5:35231 (size: 6.2 KiB, free: 366.3 MiB)
[2023-06-24T11:58:22.327+0000] {spark_submit.py:492} INFO - 23/06/24 11:58:22 INFO TaskSetManager: Finished task 0.0 in stage 0.0 (TID 0) in 1495 ms on 172.19.0.5 (executor 0) (1/1)
[2023-06-24T11:58:22.329+0000] {spark_submit.py:492} INFO - 23/06/24 11:58:22 INFO TaskSchedulerImpl: Removed TaskSet 0.0, whose tasks have all completed, from pool
[2023-06-24T11:58:22.332+0000] {spark_submit.py:492} INFO - 23/06/24 11:58:22 INFO PythonAccumulatorV2: Connected to AccumulatorServer at host: 127.0.0.1 port: 46145
[2023-06-24T11:58:22.335+0000] {spark_submit.py:492} INFO - 23/06/24 11:58:22 INFO DAGScheduler: ResultStage 0 (showString at NativeMethodAccessorImpl.java:0) finished in 1.617 s
[2023-06-24T11:58:22.338+0000] {spark_submit.py:492} INFO - 23/06/24 11:58:22 INFO DAGScheduler: Job 0 is finished. Cancelling potential speculative or zombie tasks for this job
[2023-06-24T11:58:22.338+0000] {spark_submit.py:492} INFO - 23/06/24 11:58:22 INFO TaskSchedulerImpl: Killing all running tasks in stage 0: Stage finished
[2023-06-24T11:58:22.340+0000] {spark_submit.py:492} INFO - 23/06/24 11:58:22 INFO DAGScheduler: Job 0 finished: showString at NativeMethodAccessorImpl.java:0, took 1.648951 s
[2023-06-24T11:58:22.353+0000] {spark_submit.py:492} INFO - 23/06/24 11:58:22 INFO SparkContext: Starting job: showString at NativeMethodAccessorImpl.java:0
[2023-06-24T11:58:22.354+0000] {spark_submit.py:492} INFO - 23/06/24 11:58:22 INFO DAGScheduler: Got job 1 (showString at NativeMethodAccessorImpl.java:0) with 1 output partitions
[2023-06-24T11:58:22.354+0000] {spark_submit.py:492} INFO - 23/06/24 11:58:22 INFO DAGScheduler: Final stage: ResultStage 1 (showString at NativeMethodAccessorImpl.java:0)
[2023-06-24T11:58:22.354+0000] {spark_submit.py:492} INFO - 23/06/24 11:58:22 INFO DAGScheduler: Parents of final stage: List()
[2023-06-24T11:58:22.354+0000] {spark_submit.py:492} INFO - 23/06/24 11:58:22 INFO DAGScheduler: Missing parents: List()
[2023-06-24T11:58:22.355+0000] {spark_submit.py:492} INFO - 23/06/24 11:58:22 INFO DAGScheduler: Submitting ResultStage 1 (MapPartitionsRDD[6] at showString at NativeMethodAccessorImpl.java:0), which has no missing parents
[2023-06-24T11:58:22.358+0000] {spark_submit.py:492} INFO - 23/06/24 11:58:22 INFO MemoryStore: Block broadcast_1 stored as values in memory (estimated size 11.7 KiB, free 434.4 MiB)
[2023-06-24T11:58:22.362+0000] {spark_submit.py:492} INFO - 23/06/24 11:58:22 INFO MemoryStore: Block broadcast_1_piece0 stored as bytes in memory (estimated size 6.2 KiB, free 434.4 MiB)
[2023-06-24T11:58:22.362+0000] {spark_submit.py:492} INFO - 23/06/24 11:58:22 INFO BlockManagerInfo: Added broadcast_1_piece0 in memory on 846f24a1d814:33963 (size: 6.2 KiB, free: 434.4 MiB)
[2023-06-24T11:58:22.363+0000] {spark_submit.py:492} INFO - 23/06/24 11:58:22 INFO SparkContext: Created broadcast 1 from broadcast at DAGScheduler.scala:1427
[2023-06-24T11:58:22.364+0000] {spark_submit.py:492} INFO - 23/06/24 11:58:22 INFO DAGScheduler: Submitting 1 missing tasks from ResultStage 1 (MapPartitionsRDD[6] at showString at NativeMethodAccessorImpl.java:0) (first 15 tasks are for partitions Vector(1))
[2023-06-24T11:58:22.364+0000] {spark_submit.py:492} INFO - 23/06/24 11:58:22 INFO TaskSchedulerImpl: Adding task set 1.0 with 1 tasks resource profile 0
[2023-06-24T11:58:22.366+0000] {spark_submit.py:492} INFO - 23/06/24 11:58:22 INFO TaskSetManager: Starting task 0.0 in stage 1.0 (TID 1) (172.19.0.5, executor 0, partition 1, PROCESS_LOCAL, 4529 bytes) taskResourceAssignments Map()
[2023-06-24T11:58:22.380+0000] {spark_submit.py:492} INFO - 23/06/24 11:58:22 INFO BlockManagerInfo: Added broadcast_1_piece0 in memory on 172.19.0.5:35231 (size: 6.2 KiB, free: 366.3 MiB)
[2023-06-24T11:58:22.438+0000] {spark_submit.py:492} INFO - 23/06/24 11:58:22 INFO TaskSetManager: Finished task 0.0 in stage 1.0 (TID 1) in 73 ms on 172.19.0.5 (executor 0) (1/1)
[2023-06-24T11:58:22.438+0000] {spark_submit.py:492} INFO - 23/06/24 11:58:22 INFO TaskSchedulerImpl: Removed TaskSet 1.0, whose tasks have all completed, from pool
[2023-06-24T11:58:22.439+0000] {spark_submit.py:492} INFO - 23/06/24 11:58:22 INFO DAGScheduler: ResultStage 1 (showString at NativeMethodAccessorImpl.java:0) finished in 0.083 s
[2023-06-24T11:58:22.440+0000] {spark_submit.py:492} INFO - 23/06/24 11:58:22 INFO DAGScheduler: Job 1 is finished. Cancelling potential speculative or zombie tasks for this job
[2023-06-24T11:58:22.440+0000] {spark_submit.py:492} INFO - 23/06/24 11:58:22 INFO TaskSchedulerImpl: Killing all running tasks in stage 1: Stage finished
[2023-06-24T11:58:22.440+0000] {spark_submit.py:492} INFO - 23/06/24 11:58:22 INFO DAGScheduler: Job 1 finished: showString at NativeMethodAccessorImpl.java:0, took 0.086953 s
[2023-06-24T11:58:22.465+0000] {spark_submit.py:492} INFO - 23/06/24 11:58:22 INFO CodeGenerator: Code generated in 11.697935 ms
[2023-06-24T11:58:22.474+0000] {spark_submit.py:492} INFO - +-----+--------------------+
[2023-06-24T11:58:22.475+0000] {spark_submit.py:492} INFO - |Seqno|               Quote|
[2023-06-24T11:58:22.475+0000] {spark_submit.py:492} INFO - +-----+--------------------+
[2023-06-24T11:58:22.475+0000] {spark_submit.py:492} INFO - |    1|Be the change tha...|
[2023-06-24T11:58:22.475+0000] {spark_submit.py:492} INFO - |    2|Everyone thinks o...|
[2023-06-24T11:58:22.475+0000] {spark_submit.py:492} INFO - |    3|The purpose of ou...|
[2023-06-24T11:58:22.475+0000] {spark_submit.py:492} INFO - |    4|            Be cool.|
[2023-06-24T11:58:22.475+0000] {spark_submit.py:492} INFO - +-----+--------------------+
[2023-06-24T11:58:22.476+0000] {spark_submit.py:492} INFO - 
[2023-06-24T11:58:22.540+0000] {spark_submit.py:492} INFO - 23/06/24 11:58:22 INFO SparkContext: Invoking stop() from shutdown hook
[2023-06-24T11:58:22.547+0000] {spark_submit.py:492} INFO - 23/06/24 11:58:22 INFO SparkUI: Stopped Spark web UI at http://846f24a1d814:4040
[2023-06-24T11:58:22.549+0000] {spark_submit.py:492} INFO - 23/06/24 11:58:22 INFO StandaloneSchedulerBackend: Shutting down all executors
[2023-06-24T11:58:22.550+0000] {spark_submit.py:492} INFO - 23/06/24 11:58:22 INFO CoarseGrainedSchedulerBackend$DriverEndpoint: Asking each executor to shut down
[2023-06-24T11:58:22.569+0000] {spark_submit.py:492} INFO - 23/06/24 11:58:22 INFO MapOutputTrackerMasterEndpoint: MapOutputTrackerMasterEndpoint stopped!
[2023-06-24T11:58:22.584+0000] {spark_submit.py:492} INFO - 23/06/24 11:58:22 INFO MemoryStore: MemoryStore cleared
[2023-06-24T11:58:22.584+0000] {spark_submit.py:492} INFO - 23/06/24 11:58:22 INFO BlockManager: BlockManager stopped
[2023-06-24T11:58:22.589+0000] {spark_submit.py:492} INFO - 23/06/24 11:58:22 INFO BlockManagerMaster: BlockManagerMaster stopped
[2023-06-24T11:58:22.591+0000] {spark_submit.py:492} INFO - 23/06/24 11:58:22 INFO OutputCommitCoordinator$OutputCommitCoordinatorEndpoint: OutputCommitCoordinator stopped!
[2023-06-24T11:58:22.600+0000] {spark_submit.py:492} INFO - 23/06/24 11:58:22 INFO SparkContext: Successfully stopped SparkContext
[2023-06-24T11:58:22.600+0000] {spark_submit.py:492} INFO - 23/06/24 11:58:22 INFO ShutdownHookManager: Shutdown hook called
[2023-06-24T11:58:22.601+0000] {spark_submit.py:492} INFO - 23/06/24 11:58:22 INFO ShutdownHookManager: Deleting directory /tmp/spark-c5da9fe8-183f-49c3-ba39-f5a5379e55fc/pyspark-04b66552-a2fa-4d7b-9925-4ffea0ce0819
[2023-06-24T11:58:22.605+0000] {spark_submit.py:492} INFO - 23/06/24 11:58:22 INFO ShutdownHookManager: Deleting directory /tmp/spark-9c318604-3385-4373-b65b-f93dcd2c3a8d
[2023-06-24T11:58:22.609+0000] {spark_submit.py:492} INFO - 23/06/24 11:58:22 INFO ShutdownHookManager: Deleting directory /tmp/spark-c5da9fe8-183f-49c3-ba39-f5a5379e55fc
[2023-06-24T11:58:22.702+0000] {taskinstance.py:1321} INFO - Marking task as SUCCESS. dag_id=spark_***_dag_v6, task_id=spark_submit_task1, execution_date=20230624T115812, start_date=20230624T115813, end_date=20230624T115822
[2023-06-24T11:58:22.732+0000] {local_task_job.py:212} INFO - Task exited with return code 0
[2023-06-24T11:58:22.744+0000] {taskinstance.py:2585} INFO - 0 downstream tasks scheduled from follow-on schedule check
