[2023-06-25T06:17:51.089+0000] {taskinstance.py:1084} INFO - Dependencies all met for dep_context=non-requeueable deps ti=<TaskInstance: spark_etl_minio_v15.spark_submit_task manual__2023-06-25T06:17:50.099641+00:00 [queued]>
[2023-06-25T06:17:51.103+0000] {taskinstance.py:1084} INFO - Dependencies all met for dep_context=requeueable deps ti=<TaskInstance: spark_etl_minio_v15.spark_submit_task manual__2023-06-25T06:17:50.099641+00:00 [queued]>
[2023-06-25T06:17:51.103+0000] {taskinstance.py:1282} INFO - 
--------------------------------------------------------------------------------
[2023-06-25T06:17:51.103+0000] {taskinstance.py:1283} INFO - Starting attempt 1 of 6
[2023-06-25T06:17:51.103+0000] {taskinstance.py:1284} INFO - 
--------------------------------------------------------------------------------
[2023-06-25T06:17:51.119+0000] {taskinstance.py:1303} INFO - Executing <Task(SparkSubmitOperator): spark_submit_task> on 2023-06-25 06:17:50.099641+00:00
[2023-06-25T06:17:51.124+0000] {standard_task_runner.py:55} INFO - Started process 29012 to run task
[2023-06-25T06:17:51.128+0000] {standard_task_runner.py:82} INFO - Running: ['***', 'tasks', 'run', 'spark_etl_minio_v15', 'spark_submit_task', 'manual__2023-06-25T06:17:50.099641+00:00', '--job-id', '243', '--raw', '--subdir', 'DAGS_FOLDER/spark_job_minio_v1.py', '--cfg-path', '/tmp/tmpmy17umls']
[2023-06-25T06:17:51.128+0000] {standard_task_runner.py:83} INFO - Job 243: Subtask spark_submit_task
[2023-06-25T06:17:51.141+0000] {warnings.py:109} WARNING - /home/***/.local/lib/python3.8/site-packages/***/settings.py:250: DeprecationWarning: The sql_alchemy_conn option in [core] has been moved to the sql_alchemy_conn option in [database] - the old setting has been used, but please update your config.
  SQL_ALCHEMY_CONN = conf.get("database", "SQL_ALCHEMY_CONN")

[2023-06-25T06:17:51.189+0000] {task_command.py:388} INFO - Running <TaskInstance: spark_etl_minio_v15.spark_submit_task manual__2023-06-25T06:17:50.099641+00:00 [running]> on host a8d69ab09d2d
[2023-06-25T06:17:51.263+0000] {taskinstance.py:1509} INFO - Exporting the following env vars:
AIRFLOW_CTX_DAG_OWNER=***
AIRFLOW_CTX_DAG_ID=spark_etl_minio_v15
AIRFLOW_CTX_TASK_ID=spark_submit_task
AIRFLOW_CTX_EXECUTION_DATE=2023-06-25T06:17:50.099641+00:00
AIRFLOW_CTX_TRY_NUMBER=1
AIRFLOW_CTX_DAG_RUN_ID=manual__2023-06-25T06:17:50.099641+00:00
[2023-06-25T06:17:51.272+0000] {base.py:73} INFO - Using connection ID 'spark_conn' for task execution.
[2023-06-25T06:17:51.276+0000] {spark_submit.py:341} INFO - Spark-Submit cmd: spark-submit --master spark://spark:7077 --conf spark.hadoop.fs.s3a.aws.credentials.provider=org.apache.hadoop.fs.s3a.SimpleAWSCredentialsProvider --conf spark.hadoop.fs.s3a.path.style.access=true --conf spark.hadoop.fs.s3a.access.key=minioadmin --conf spark.hadoop.fs.s3a.secret.key=****** --conf spark.hadoop.fs.s3a.endpoint=http://minio:9000 --jars local:///opt/bitnami/spark/jars/hadoop-aws-3.2.0.jar,local:///opt/bitnami/spark/jars/aws-java-sdk-bundle-1.11.375.jar,local:///opt/bitnami/spark/jars/hadoop-common-3.2.0.jar --name arrow-spark /opt/***/dags/spark_etl_spark_minio.py
[2023-06-25T06:17:52.820+0000] {spark_submit.py:492} INFO - WARNING: An illegal reflective access operation has occurred
[2023-06-25T06:17:52.821+0000] {spark_submit.py:492} INFO - WARNING: Illegal reflective access by org.apache.spark.unsafe.Platform (file:/opt/spark/jars/spark-unsafe_2.12-3.2.0.jar) to constructor java.nio.DirectByteBuffer(long,int)
[2023-06-25T06:17:52.821+0000] {spark_submit.py:492} INFO - WARNING: Please consider reporting this to the maintainers of org.apache.spark.unsafe.Platform
[2023-06-25T06:17:52.821+0000] {spark_submit.py:492} INFO - WARNING: Use --illegal-access=warn to enable warnings of further illegal reflective access operations
[2023-06-25T06:17:52.821+0000] {spark_submit.py:492} INFO - WARNING: All illegal access operations will be denied in a future release
[2023-06-25T06:17:53.181+0000] {spark_submit.py:492} INFO - Using Spark's default log4j profile: org/apache/spark/log4j-defaults.properties
[2023-06-25T06:17:53.182+0000] {spark_submit.py:492} INFO - 23/06/25 06:17:53 WARN DependencyUtils: Local jar /opt/bitnami/spark/jars/hadoop-aws-3.2.0.jar does not exist, skipping.
[2023-06-25T06:17:53.183+0000] {spark_submit.py:492} INFO - 23/06/25 06:17:53 WARN DependencyUtils: Local jar /opt/bitnami/spark/jars/aws-java-sdk-bundle-1.11.375.jar does not exist, skipping.
[2023-06-25T06:17:53.183+0000] {spark_submit.py:492} INFO - 23/06/25 06:17:53 WARN DependencyUtils: Local jar /opt/bitnami/spark/jars/hadoop-common-3.2.0.jar does not exist, skipping.
[2023-06-25T06:17:54.371+0000] {spark_submit.py:492} INFO - 23/06/25 06:17:54 INFO SparkContext: Running Spark version 3.2.0
[2023-06-25T06:17:54.471+0000] {spark_submit.py:492} INFO - 23/06/25 06:17:54 WARN NativeCodeLoader: Unable to load native-hadoop library for your platform... using builtin-java classes where applicable
[2023-06-25T06:17:54.675+0000] {spark_submit.py:492} INFO - 23/06/25 06:17:54 INFO ResourceUtils: ==============================================================
[2023-06-25T06:17:54.675+0000] {spark_submit.py:492} INFO - 23/06/25 06:17:54 INFO ResourceUtils: No custom resources configured for spark.driver.
[2023-06-25T06:17:54.675+0000] {spark_submit.py:492} INFO - 23/06/25 06:17:54 INFO ResourceUtils: ==============================================================
[2023-06-25T06:17:54.676+0000] {spark_submit.py:492} INFO - 23/06/25 06:17:54 INFO SparkContext: Submitted application: arrow-spark
[2023-06-25T06:17:54.709+0000] {spark_submit.py:492} INFO - 23/06/25 06:17:54 INFO ResourceProfile: Default ResourceProfile created, executor resources: Map(cores -> name: cores, amount: 1, script: , vendor: , memory -> name: memory, amount: 1024, script: , vendor: , offHeap -> name: offHeap, amount: 0, script: , vendor: ), task resources: Map(cpus -> name: cpus, amount: 1.0)
[2023-06-25T06:17:54.723+0000] {spark_submit.py:492} INFO - 23/06/25 06:17:54 INFO ResourceProfile: Limiting resource is cpu
[2023-06-25T06:17:54.724+0000] {spark_submit.py:492} INFO - 23/06/25 06:17:54 INFO ResourceProfileManager: Added ResourceProfile id: 0
[2023-06-25T06:17:54.778+0000] {spark_submit.py:492} INFO - 23/06/25 06:17:54 INFO SecurityManager: Changing view acls to: default
[2023-06-25T06:17:54.779+0000] {spark_submit.py:492} INFO - 23/06/25 06:17:54 INFO SecurityManager: Changing modify acls to: default
[2023-06-25T06:17:54.780+0000] {spark_submit.py:492} INFO - 23/06/25 06:17:54 INFO SecurityManager: Changing view acls groups to:
[2023-06-25T06:17:54.782+0000] {spark_submit.py:492} INFO - 23/06/25 06:17:54 INFO SecurityManager: Changing modify acls groups to:
[2023-06-25T06:17:54.782+0000] {spark_submit.py:492} INFO - 23/06/25 06:17:54 INFO SecurityManager: SecurityManager: authentication disabled; ui acls disabled; users  with view permissions: Set(default); groups with view permissions: Set(); users  with modify permissions: Set(default); groups with modify permissions: Set()
[2023-06-25T06:17:55.127+0000] {spark_submit.py:492} INFO - 23/06/25 06:17:55 INFO Utils: Successfully started service 'sparkDriver' on port 46579.
[2023-06-25T06:17:55.157+0000] {spark_submit.py:492} INFO - 23/06/25 06:17:55 INFO SparkEnv: Registering MapOutputTracker
[2023-06-25T06:17:55.190+0000] {spark_submit.py:492} INFO - 23/06/25 06:17:55 INFO SparkEnv: Registering BlockManagerMaster
[2023-06-25T06:17:55.210+0000] {spark_submit.py:492} INFO - 23/06/25 06:17:55 INFO BlockManagerMasterEndpoint: Using org.apache.spark.storage.DefaultTopologyMapper for getting topology information
[2023-06-25T06:17:55.210+0000] {spark_submit.py:492} INFO - 23/06/25 06:17:55 INFO BlockManagerMasterEndpoint: BlockManagerMasterEndpoint up
[2023-06-25T06:17:55.215+0000] {spark_submit.py:492} INFO - 23/06/25 06:17:55 INFO SparkEnv: Registering BlockManagerMasterHeartbeat
[2023-06-25T06:17:55.242+0000] {spark_submit.py:492} INFO - 23/06/25 06:17:55 INFO DiskBlockManager: Created local directory at /tmp/blockmgr-e25af700-0eb8-4f00-8ac4-713cb06a3a3d
[2023-06-25T06:17:55.274+0000] {spark_submit.py:492} INFO - 23/06/25 06:17:55 INFO MemoryStore: MemoryStore started with capacity 434.4 MiB
[2023-06-25T06:17:55.344+0000] {spark_submit.py:492} INFO - 23/06/25 06:17:55 INFO SparkEnv: Registering OutputCommitCoordinator
[2023-06-25T06:17:55.703+0000] {spark_submit.py:492} INFO - 23/06/25 06:17:55 WARN Utils: Service 'SparkUI' could not bind on port 4040. Attempting port 4041.
[2023-06-25T06:17:55.703+0000] {spark_submit.py:492} INFO - 23/06/25 06:17:55 WARN Utils: Service 'SparkUI' could not bind on port 4041. Attempting port 4042.
[2023-06-25T06:17:55.704+0000] {spark_submit.py:492} INFO - 23/06/25 06:17:55 WARN Utils: Service 'SparkUI' could not bind on port 4042. Attempting port 4043.
[2023-06-25T06:17:55.705+0000] {spark_submit.py:492} INFO - 23/06/25 06:17:55 WARN Utils: Service 'SparkUI' could not bind on port 4043. Attempting port 4044.
[2023-06-25T06:17:55.706+0000] {spark_submit.py:492} INFO - 23/06/25 06:17:55 WARN Utils: Service 'SparkUI' could not bind on port 4044. Attempting port 4045.
[2023-06-25T06:17:55.707+0000] {spark_submit.py:492} INFO - 23/06/25 06:17:55 WARN Utils: Service 'SparkUI' could not bind on port 4045. Attempting port 4046.
[2023-06-25T06:17:55.708+0000] {spark_submit.py:492} INFO - 23/06/25 06:17:55 WARN Utils: Service 'SparkUI' could not bind on port 4046. Attempting port 4047.
[2023-06-25T06:17:55.708+0000] {spark_submit.py:492} INFO - 23/06/25 06:17:55 WARN Utils: Service 'SparkUI' could not bind on port 4047. Attempting port 4048.
[2023-06-25T06:17:55.708+0000] {spark_submit.py:492} INFO - 23/06/25 06:17:55 WARN Utils: Service 'SparkUI' could not bind on port 4048. Attempting port 4049.
[2023-06-25T06:17:55.709+0000] {spark_submit.py:492} INFO - 23/06/25 06:17:55 WARN Utils: Service 'SparkUI' could not bind on port 4049. Attempting port 4050.
[2023-06-25T06:17:55.709+0000] {spark_submit.py:492} INFO - 23/06/25 06:17:55 WARN Utils: Service 'SparkUI' could not bind on port 4050. Attempting port 4051.
[2023-06-25T06:17:55.717+0000] {spark_submit.py:492} INFO - 23/06/25 06:17:55 INFO Utils: Successfully started service 'SparkUI' on port 4051.
[2023-06-25T06:17:55.802+0000] {spark_submit.py:492} INFO - 23/06/25 06:17:55 INFO SparkUI: Bound SparkUI to 0.0.0.0, and started at http://a8d69ab09d2d:4051
[2023-06-25T06:17:55.817+0000] {spark_submit.py:492} INFO - 23/06/25 06:17:55 INFO SparkContext: Added JAR local:///opt/bitnami/spark/jars/hadoop-aws-3.2.0.jar at file:/opt/bitnami/spark/jars/hadoop-aws-3.2.0.jar with timestamp 1687673874359
[2023-06-25T06:17:55.818+0000] {spark_submit.py:492} INFO - 23/06/25 06:17:55 INFO SparkContext: Added JAR local:///opt/bitnami/spark/jars/aws-java-sdk-bundle-1.11.375.jar at file:/opt/bitnami/spark/jars/aws-java-sdk-bundle-1.11.375.jar with timestamp 1687673874359
[2023-06-25T06:17:55.818+0000] {spark_submit.py:492} INFO - 23/06/25 06:17:55 INFO SparkContext: Added JAR local:///opt/bitnami/spark/jars/hadoop-common-3.2.0.jar at file:/opt/bitnami/spark/jars/hadoop-common-3.2.0.jar with timestamp 1687673874359
[2023-06-25T06:17:56.223+0000] {spark_submit.py:492} INFO - 23/06/25 06:17:56 INFO StandaloneAppClient$ClientEndpoint: Connecting to master spark://spark:7077...
[2023-06-25T06:17:56.340+0000] {spark_submit.py:492} INFO - 23/06/25 06:17:56 INFO TransportClientFactory: Successfully created connection to spark/172.19.0.11:7077 after 40 ms (0 ms spent in bootstraps)
[2023-06-25T06:17:56.483+0000] {spark_submit.py:492} INFO - 23/06/25 06:17:56 INFO StandaloneSchedulerBackend: Connected to Spark cluster with app ID app-20230625061756-0009
[2023-06-25T06:17:56.495+0000] {spark_submit.py:492} INFO - 23/06/25 06:17:56 INFO Utils: Successfully started service 'org.apache.spark.network.netty.NettyBlockTransferService' on port 42849.
[2023-06-25T06:17:56.495+0000] {spark_submit.py:492} INFO - 23/06/25 06:17:56 INFO NettyBlockTransferService: Server created on a8d69ab09d2d:42849
[2023-06-25T06:17:56.499+0000] {spark_submit.py:492} INFO - 23/06/25 06:17:56 INFO BlockManager: Using org.apache.spark.storage.RandomBlockReplicationPolicy for block replication policy
[2023-06-25T06:17:56.512+0000] {spark_submit.py:492} INFO - 23/06/25 06:17:56 INFO BlockManagerMaster: Registering BlockManager BlockManagerId(driver, a8d69ab09d2d, 42849, None)
[2023-06-25T06:17:56.525+0000] {spark_submit.py:492} INFO - 23/06/25 06:17:56 INFO BlockManagerMasterEndpoint: Registering block manager a8d69ab09d2d:42849 with 434.4 MiB RAM, BlockManagerId(driver, a8d69ab09d2d, 42849, None)
[2023-06-25T06:17:56.528+0000] {spark_submit.py:492} INFO - 23/06/25 06:17:56 INFO BlockManagerMaster: Registered BlockManager BlockManagerId(driver, a8d69ab09d2d, 42849, None)
[2023-06-25T06:17:56.530+0000] {spark_submit.py:492} INFO - 23/06/25 06:17:56 INFO BlockManager: Initialized BlockManager: BlockManagerId(driver, a8d69ab09d2d, 42849, None)
[2023-06-25T06:17:56.857+0000] {spark_submit.py:492} INFO - 23/06/25 06:17:56 INFO StandaloneSchedulerBackend: SchedulerBackend is ready for scheduling beginning after reached minRegisteredResourcesRatio: 0.0
[2023-06-25T06:17:57.175+0000] {spark_submit.py:492} INFO - 23/06/25 06:17:57 INFO SharedState: Setting hive.metastore.warehouse.dir ('null') to the value of spark.sql.warehouse.dir.
[2023-06-25T06:17:57.207+0000] {spark_submit.py:492} INFO - 23/06/25 06:17:57 INFO SharedState: Warehouse path is 'file:/opt/***/spark-warehouse'.
[2023-06-25T06:18:01.765+0000] {spark_submit.py:492} INFO - 23/06/25 06:18:01 INFO CodeGenerator: Code generated in 154.023386 ms
[2023-06-25T06:18:01.802+0000] {spark_submit.py:492} INFO - 23/06/25 06:18:01 INFO SparkContext: Starting job: showString at NativeMethodAccessorImpl.java:0
[2023-06-25T06:18:01.820+0000] {spark_submit.py:492} INFO - 23/06/25 06:18:01 INFO DAGScheduler: Got job 0 (showString at NativeMethodAccessorImpl.java:0) with 1 output partitions
[2023-06-25T06:18:01.821+0000] {spark_submit.py:492} INFO - 23/06/25 06:18:01 INFO DAGScheduler: Final stage: ResultStage 0 (showString at NativeMethodAccessorImpl.java:0)
[2023-06-25T06:18:01.821+0000] {spark_submit.py:492} INFO - 23/06/25 06:18:01 INFO DAGScheduler: Parents of final stage: List()
[2023-06-25T06:18:01.822+0000] {spark_submit.py:492} INFO - 23/06/25 06:18:01 INFO DAGScheduler: Missing parents: List()
[2023-06-25T06:18:01.826+0000] {spark_submit.py:492} INFO - 23/06/25 06:18:01 INFO DAGScheduler: Submitting ResultStage 0 (MapPartitionsRDD[6] at showString at NativeMethodAccessorImpl.java:0), which has no missing parents
[2023-06-25T06:18:01.948+0000] {spark_submit.py:492} INFO - 23/06/25 06:18:01 INFO MemoryStore: Block broadcast_0 stored as values in memory (estimated size 11.7 KiB, free 434.4 MiB)
[2023-06-25T06:18:01.997+0000] {spark_submit.py:492} INFO - 23/06/25 06:18:01 INFO MemoryStore: Block broadcast_0_piece0 stored as bytes in memory (estimated size 6.2 KiB, free 434.4 MiB)
[2023-06-25T06:18:02.001+0000] {spark_submit.py:492} INFO - 23/06/25 06:18:02 INFO BlockManagerInfo: Added broadcast_0_piece0 in memory on a8d69ab09d2d:42849 (size: 6.2 KiB, free: 434.4 MiB)
[2023-06-25T06:18:02.007+0000] {spark_submit.py:492} INFO - 23/06/25 06:18:02 INFO SparkContext: Created broadcast 0 from broadcast at DAGScheduler.scala:1427
[2023-06-25T06:18:02.021+0000] {spark_submit.py:492} INFO - 23/06/25 06:18:02 INFO DAGScheduler: Submitting 1 missing tasks from ResultStage 0 (MapPartitionsRDD[6] at showString at NativeMethodAccessorImpl.java:0) (first 15 tasks are for partitions Vector(0))
[2023-06-25T06:18:02.022+0000] {spark_submit.py:492} INFO - 23/06/25 06:18:02 INFO TaskSchedulerImpl: Adding task set 0.0 with 1 tasks resource profile 0
[2023-06-25T06:18:17.040+0000] {spark_submit.py:492} INFO - 23/06/25 06:18:17 WARN TaskSchedulerImpl: Initial job has not accepted any resources; check your cluster UI to ensure that workers are registered and have sufficient resources
[2023-06-25T06:18:32.040+0000] {spark_submit.py:492} INFO - 23/06/25 06:18:32 WARN TaskSchedulerImpl: Initial job has not accepted any resources; check your cluster UI to ensure that workers are registered and have sufficient resources
[2023-06-25T06:18:47.039+0000] {spark_submit.py:492} INFO - 23/06/25 06:18:47 WARN TaskSchedulerImpl: Initial job has not accepted any resources; check your cluster UI to ensure that workers are registered and have sufficient resources
[2023-06-25T06:19:02.039+0000] {spark_submit.py:492} INFO - 23/06/25 06:19:02 WARN TaskSchedulerImpl: Initial job has not accepted any resources; check your cluster UI to ensure that workers are registered and have sufficient resources
[2023-06-25T06:19:10.524+0000] {spark_submit.py:492} INFO - 23/06/25 06:19:10 WARN StandaloneAppClient$ClientEndpoint: Connection to 933027785c84:7077 failed; waiting for master to reconnect...
[2023-06-25T06:19:10.525+0000] {spark_submit.py:492} INFO - 23/06/25 06:19:10 WARN StandaloneSchedulerBackend: Disconnected from Spark cluster! Waiting for reconnection...
[2023-06-25T06:19:17.040+0000] {spark_submit.py:492} INFO - 23/06/25 06:19:17 WARN TaskSchedulerImpl: Initial job has not accepted any resources; check your cluster UI to ensure that workers are registered and have sufficient resources
[2023-06-25T06:19:32.039+0000] {spark_submit.py:492} INFO - 23/06/25 06:19:32 WARN TaskSchedulerImpl: Initial job has not accepted any resources; check your cluster UI to ensure that workers are registered and have sufficient resources
[2023-06-25T06:19:47.039+0000] {spark_submit.py:492} INFO - 23/06/25 06:19:47 WARN TaskSchedulerImpl: Initial job has not accepted any resources; check your cluster UI to ensure that workers are registered and have sufficient resources
[2023-06-25T06:20:02.039+0000] {spark_submit.py:492} INFO - 23/06/25 06:20:02 WARN TaskSchedulerImpl: Initial job has not accepted any resources; check your cluster UI to ensure that workers are registered and have sufficient resources
[2023-06-25T06:20:17.040+0000] {spark_submit.py:492} INFO - 23/06/25 06:20:17 WARN TaskSchedulerImpl: Initial job has not accepted any resources; check your cluster UI to ensure that workers are registered and have sufficient resources
[2023-06-25T06:20:32.039+0000] {spark_submit.py:492} INFO - 23/06/25 06:20:32 WARN TaskSchedulerImpl: Initial job has not accepted any resources; check your cluster UI to ensure that workers are registered and have sufficient resources
[2023-06-25T06:20:47.039+0000] {spark_submit.py:492} INFO - 23/06/25 06:20:47 WARN TaskSchedulerImpl: Initial job has not accepted any resources; check your cluster UI to ensure that workers are registered and have sufficient resources
[2023-06-25T06:21:02.040+0000] {spark_submit.py:492} INFO - 23/06/25 06:21:02 WARN TaskSchedulerImpl: Initial job has not accepted any resources; check your cluster UI to ensure that workers are registered and have sufficient resources
[2023-06-25T06:21:17.039+0000] {spark_submit.py:492} INFO - 23/06/25 06:21:17 WARN TaskSchedulerImpl: Initial job has not accepted any resources; check your cluster UI to ensure that workers are registered and have sufficient resources
[2023-06-25T06:21:37.737+0000] {spark_submit.py:492} INFO - 23/06/25 06:21:34 WARN TaskSchedulerImpl: Initial job has not accepted any resources; check your cluster UI to ensure that workers are registered and have sufficient resources
[2023-06-25T06:21:49.355+0000] {spark_submit.py:492} INFO - 23/06/25 06:21:47 WARN TaskSchedulerImpl: Initial job has not accepted any resources; check your cluster UI to ensure that workers are registered and have sufficient resources
[2023-06-25T06:22:13.521+0000] {spark_submit.py:492} INFO - 23/06/25 06:22:06 WARN TaskSchedulerImpl: Initial job has not accepted any resources; check your cluster UI to ensure that workers are registered and have sufficient resources
[2023-06-25T06:22:43.213+0000] {spark_submit.py:492} INFO - 23/06/25 06:22:32 WARN TaskSchedulerImpl: Initial job has not accepted any resources; check your cluster UI to ensure that workers are registered and have sufficient resources
