[2023-06-24T13:29:07.751+0000] {taskinstance.py:1084} INFO - Dependencies all met for dep_context=non-requeueable deps ti=<TaskInstance: spark_submit.spark_submit_task manual__2023-06-24T13:29:07.050180+00:00 [queued]>
[2023-06-24T13:29:07.764+0000] {taskinstance.py:1084} INFO - Dependencies all met for dep_context=requeueable deps ti=<TaskInstance: spark_submit.spark_submit_task manual__2023-06-24T13:29:07.050180+00:00 [queued]>
[2023-06-24T13:29:07.765+0000] {taskinstance.py:1282} INFO - 
--------------------------------------------------------------------------------
[2023-06-24T13:29:07.765+0000] {taskinstance.py:1283} INFO - Starting attempt 1 of 6
[2023-06-24T13:29:07.765+0000] {taskinstance.py:1284} INFO - 
--------------------------------------------------------------------------------
[2023-06-24T13:29:07.780+0000] {taskinstance.py:1303} INFO - Executing <Task(SparkSubmitOperator): spark_submit_task> on 2023-06-24 13:29:07.050180+00:00
[2023-06-24T13:29:07.786+0000] {standard_task_runner.py:55} INFO - Started process 14240 to run task
[2023-06-24T13:29:07.789+0000] {standard_task_runner.py:82} INFO - Running: ['***', 'tasks', 'run', 'spark_submit', 'spark_submit_task', 'manual__2023-06-24T13:29:07.050180+00:00', '--job-id', '69', '--raw', '--subdir', 'DAGS_FOLDER/spark_job_v2.py', '--cfg-path', '/tmp/tmp7n2n24v6']
[2023-06-24T13:29:07.789+0000] {standard_task_runner.py:83} INFO - Job 69: Subtask spark_submit_task
[2023-06-24T13:29:07.802+0000] {warnings.py:109} WARNING - /home/***/.local/lib/python3.8/site-packages/***/settings.py:250: DeprecationWarning: The sql_alchemy_conn option in [core] has been moved to the sql_alchemy_conn option in [database] - the old setting has been used, but please update your config.
  SQL_ALCHEMY_CONN = conf.get("database", "SQL_ALCHEMY_CONN")

[2023-06-24T13:29:07.858+0000] {task_command.py:388} INFO - Running <TaskInstance: spark_submit.spark_submit_task manual__2023-06-24T13:29:07.050180+00:00 [running]> on host 846f24a1d814
[2023-06-24T13:29:07.945+0000] {taskinstance.py:1509} INFO - Exporting the following env vars:
AIRFLOW_CTX_DAG_OWNER=***
AIRFLOW_CTX_DAG_ID=spark_submit
AIRFLOW_CTX_TASK_ID=spark_submit_task
AIRFLOW_CTX_EXECUTION_DATE=2023-06-24T13:29:07.050180+00:00
AIRFLOW_CTX_TRY_NUMBER=1
AIRFLOW_CTX_DAG_RUN_ID=manual__2023-06-24T13:29:07.050180+00:00
[2023-06-24T13:29:07.960+0000] {base.py:73} INFO - Using connection ID 'spark_conn' for task execution.
[2023-06-24T13:29:07.963+0000] {spark_submit.py:341} INFO - Spark-Submit cmd: spark-submit --master spark://spark:7077 --name arrow-spark /opt/***/dags/spark_etl_simple.py
[2023-06-24T13:29:09.023+0000] {spark_submit.py:492} INFO - WARNING: An illegal reflective access operation has occurred
[2023-06-24T13:29:09.023+0000] {spark_submit.py:492} INFO - WARNING: Illegal reflective access by org.apache.spark.unsafe.Platform (file:/opt/spark/jars/spark-unsafe_2.12-3.2.0.jar) to constructor java.nio.DirectByteBuffer(long,int)
[2023-06-24T13:29:09.024+0000] {spark_submit.py:492} INFO - WARNING: Please consider reporting this to the maintainers of org.apache.spark.unsafe.Platform
[2023-06-24T13:29:09.024+0000] {spark_submit.py:492} INFO - WARNING: Use --illegal-access=warn to enable warnings of further illegal reflective access operations
[2023-06-24T13:29:09.024+0000] {spark_submit.py:492} INFO - WARNING: All illegal access operations will be denied in a future release
[2023-06-24T13:29:10.076+0000] {spark_submit.py:492} INFO - Using Spark's default log4j profile: org/apache/spark/log4j-defaults.properties
[2023-06-24T13:29:10.083+0000] {spark_submit.py:492} INFO - 23/06/24 13:29:10 INFO SparkContext: Running Spark version 3.2.0
[2023-06-24T13:29:10.148+0000] {spark_submit.py:492} INFO - 23/06/24 13:29:10 WARN NativeCodeLoader: Unable to load native-hadoop library for your platform... using builtin-java classes where applicable
[2023-06-24T13:29:10.250+0000] {spark_submit.py:492} INFO - 23/06/24 13:29:10 INFO ResourceUtils: ==============================================================
[2023-06-24T13:29:10.251+0000] {spark_submit.py:492} INFO - 23/06/24 13:29:10 INFO ResourceUtils: No custom resources configured for spark.driver.
[2023-06-24T13:29:10.251+0000] {spark_submit.py:492} INFO - 23/06/24 13:29:10 INFO ResourceUtils: ==============================================================
[2023-06-24T13:29:10.252+0000] {spark_submit.py:492} INFO - 23/06/24 13:29:10 INFO SparkContext: Submitted application: test
[2023-06-24T13:29:10.268+0000] {spark_submit.py:492} INFO - 23/06/24 13:29:10 INFO ResourceProfile: Default ResourceProfile created, executor resources: Map(cores -> name: cores, amount: 1, script: , vendor: , memory -> name: memory, amount: 1024, script: , vendor: , offHeap -> name: offHeap, amount: 0, script: , vendor: ), task resources: Map(cpus -> name: cpus, amount: 1.0)
[2023-06-24T13:29:10.279+0000] {spark_submit.py:492} INFO - 23/06/24 13:29:10 INFO ResourceProfile: Limiting resource is cpu
[2023-06-24T13:29:10.279+0000] {spark_submit.py:492} INFO - 23/06/24 13:29:10 INFO ResourceProfileManager: Added ResourceProfile id: 0
[2023-06-24T13:29:10.324+0000] {spark_submit.py:492} INFO - 23/06/24 13:29:10 INFO SecurityManager: Changing view acls to: default
[2023-06-24T13:29:10.324+0000] {spark_submit.py:492} INFO - 23/06/24 13:29:10 INFO SecurityManager: Changing modify acls to: default
[2023-06-24T13:29:10.324+0000] {spark_submit.py:492} INFO - 23/06/24 13:29:10 INFO SecurityManager: Changing view acls groups to:
[2023-06-24T13:29:10.324+0000] {spark_submit.py:492} INFO - 23/06/24 13:29:10 INFO SecurityManager: Changing modify acls groups to:
[2023-06-24T13:29:10.325+0000] {spark_submit.py:492} INFO - 23/06/24 13:29:10 INFO SecurityManager: SecurityManager: authentication disabled; ui acls disabled; users  with view permissions: Set(default); groups with view permissions: Set(); users  with modify permissions: Set(default); groups with modify permissions: Set()
[2023-06-24T13:29:10.581+0000] {spark_submit.py:492} INFO - 23/06/24 13:29:10 INFO Utils: Successfully started service 'sparkDriver' on port 38651.
[2023-06-24T13:29:10.609+0000] {spark_submit.py:492} INFO - 23/06/24 13:29:10 INFO SparkEnv: Registering MapOutputTracker
[2023-06-24T13:29:10.631+0000] {spark_submit.py:492} INFO - 23/06/24 13:29:10 INFO SparkEnv: Registering BlockManagerMaster
[2023-06-24T13:29:10.644+0000] {spark_submit.py:492} INFO - 23/06/24 13:29:10 INFO BlockManagerMasterEndpoint: Using org.apache.spark.storage.DefaultTopologyMapper for getting topology information
[2023-06-24T13:29:10.645+0000] {spark_submit.py:492} INFO - 23/06/24 13:29:10 INFO BlockManagerMasterEndpoint: BlockManagerMasterEndpoint up
[2023-06-24T13:29:10.648+0000] {spark_submit.py:492} INFO - 23/06/24 13:29:10 INFO SparkEnv: Registering BlockManagerMasterHeartbeat
[2023-06-24T13:29:10.668+0000] {spark_submit.py:492} INFO - 23/06/24 13:29:10 INFO DiskBlockManager: Created local directory at /tmp/blockmgr-0b5256db-66ca-4cc7-b444-222f29d6e2ad
[2023-06-24T13:29:10.685+0000] {spark_submit.py:492} INFO - 23/06/24 13:29:10 INFO MemoryStore: MemoryStore started with capacity 434.4 MiB
[2023-06-24T13:29:10.697+0000] {spark_submit.py:492} INFO - 23/06/24 13:29:10 INFO SparkEnv: Registering OutputCommitCoordinator
[2023-06-24T13:29:10.844+0000] {spark_submit.py:492} INFO - 23/06/24 13:29:10 INFO Utils: Successfully started service 'SparkUI' on port 4040.
[2023-06-24T13:29:10.895+0000] {spark_submit.py:492} INFO - 23/06/24 13:29:10 INFO SparkUI: Bound SparkUI to 0.0.0.0, and started at http://846f24a1d814:4040
[2023-06-24T13:29:11.072+0000] {spark_submit.py:492} INFO - 23/06/24 13:29:11 INFO StandaloneAppClient$ClientEndpoint: Connecting to master spark://spark:7077...
[2023-06-24T13:29:11.130+0000] {spark_submit.py:492} INFO - 23/06/24 13:29:11 INFO TransportClientFactory: Successfully created connection to spark/172.19.0.3:7077 after 43 ms (0 ms spent in bootstraps)
[2023-06-24T13:29:11.204+0000] {spark_submit.py:492} INFO - 23/06/24 13:29:11 INFO StandaloneSchedulerBackend: Connected to Spark cluster with app ID app-20230624132911-0004
[2023-06-24T13:29:11.206+0000] {spark_submit.py:492} INFO - 23/06/24 13:29:11 INFO StandaloneAppClient$ClientEndpoint: Executor added: app-20230624132911-0004/0 on worker-20230624114440-172.19.0.5-43311 (172.19.0.5:43311) with 1 core(s)
[2023-06-24T13:29:11.207+0000] {spark_submit.py:492} INFO - 23/06/24 13:29:11 INFO StandaloneSchedulerBackend: Granted executor ID app-20230624132911-0004/0 on hostPort 172.19.0.5:43311 with 1 core(s), 1024.0 MiB RAM
[2023-06-24T13:29:11.211+0000] {spark_submit.py:492} INFO - 23/06/24 13:29:11 INFO Utils: Successfully started service 'org.apache.spark.network.netty.NettyBlockTransferService' on port 42257.
[2023-06-24T13:29:11.211+0000] {spark_submit.py:492} INFO - 23/06/24 13:29:11 INFO NettyBlockTransferService: Server created on 846f24a1d814:42257
[2023-06-24T13:29:11.213+0000] {spark_submit.py:492} INFO - 23/06/24 13:29:11 INFO BlockManager: Using org.apache.spark.storage.RandomBlockReplicationPolicy for block replication policy
[2023-06-24T13:29:11.222+0000] {spark_submit.py:492} INFO - 23/06/24 13:29:11 INFO BlockManagerMaster: Registering BlockManager BlockManagerId(driver, 846f24a1d814, 42257, None)
[2023-06-24T13:29:11.225+0000] {spark_submit.py:492} INFO - 23/06/24 13:29:11 INFO BlockManagerMasterEndpoint: Registering block manager 846f24a1d814:42257 with 434.4 MiB RAM, BlockManagerId(driver, 846f24a1d814, 42257, None)
[2023-06-24T13:29:11.227+0000] {spark_submit.py:492} INFO - 23/06/24 13:29:11 INFO BlockManagerMaster: Registered BlockManager BlockManagerId(driver, 846f24a1d814, 42257, None)
[2023-06-24T13:29:11.229+0000] {spark_submit.py:492} INFO - 23/06/24 13:29:11 INFO BlockManager: Initialized BlockManager: BlockManagerId(driver, 846f24a1d814, 42257, None)
[2023-06-24T13:29:11.235+0000] {spark_submit.py:492} INFO - 23/06/24 13:29:11 INFO StandaloneAppClient$ClientEndpoint: Executor updated: app-20230624132911-0004/0 is now RUNNING
[2023-06-24T13:29:11.393+0000] {spark_submit.py:492} INFO - 23/06/24 13:29:11 INFO StandaloneSchedulerBackend: SchedulerBackend is ready for scheduling beginning after reached minRegisteredResourcesRatio: 0.0
[2023-06-24T13:29:11.621+0000] {spark_submit.py:492} INFO - 23/06/24 13:29:11 INFO SharedState: Setting hive.metastore.warehouse.dir ('null') to the value of spark.sql.warehouse.dir.
[2023-06-24T13:29:11.645+0000] {spark_submit.py:492} INFO - 23/06/24 13:29:11 INFO SharedState: Warehouse path is 'file:/opt/***/spark-warehouse'.
[2023-06-24T13:29:13.262+0000] {spark_submit.py:492} INFO - 23/06/24 13:29:13 INFO CoarseGrainedSchedulerBackend$DriverEndpoint: Registered executor NettyRpcEndpointRef(spark-client://Executor) (172.19.0.5:39068) with ID 0,  ResourceProfileId 0
[2023-06-24T13:29:13.375+0000] {spark_submit.py:492} INFO - 23/06/24 13:29:13 INFO BlockManagerMasterEndpoint: Registering block manager 172.19.0.5:34887 with 366.3 MiB RAM, BlockManagerId(0, 172.19.0.5, 34887, None)
[2023-06-24T13:29:15.053+0000] {spark_submit.py:492} INFO - 23/06/24 13:29:15 INFO CodeGenerator: Code generated in 109.697379 ms
[2023-06-24T13:29:15.081+0000] {spark_submit.py:492} INFO - 23/06/24 13:29:15 INFO SparkContext: Starting job: showString at NativeMethodAccessorImpl.java:0
[2023-06-24T13:29:15.095+0000] {spark_submit.py:492} INFO - 23/06/24 13:29:15 INFO DAGScheduler: Got job 0 (showString at NativeMethodAccessorImpl.java:0) with 1 output partitions
[2023-06-24T13:29:15.096+0000] {spark_submit.py:492} INFO - 23/06/24 13:29:15 INFO DAGScheduler: Final stage: ResultStage 0 (showString at NativeMethodAccessorImpl.java:0)
[2023-06-24T13:29:15.096+0000] {spark_submit.py:492} INFO - 23/06/24 13:29:15 INFO DAGScheduler: Parents of final stage: List()
[2023-06-24T13:29:15.098+0000] {spark_submit.py:492} INFO - 23/06/24 13:29:15 INFO DAGScheduler: Missing parents: List()
[2023-06-24T13:29:15.101+0000] {spark_submit.py:492} INFO - 23/06/24 13:29:15 INFO DAGScheduler: Submitting ResultStage 0 (MapPartitionsRDD[6] at showString at NativeMethodAccessorImpl.java:0), which has no missing parents
[2023-06-24T13:29:15.199+0000] {spark_submit.py:492} INFO - 23/06/24 13:29:15 INFO MemoryStore: Block broadcast_0 stored as values in memory (estimated size 11.7 KiB, free 434.4 MiB)
[2023-06-24T13:29:15.235+0000] {spark_submit.py:492} INFO - 23/06/24 13:29:15 INFO MemoryStore: Block broadcast_0_piece0 stored as bytes in memory (estimated size 6.2 KiB, free 434.4 MiB)
[2023-06-24T13:29:15.238+0000] {spark_submit.py:492} INFO - 23/06/24 13:29:15 INFO BlockManagerInfo: Added broadcast_0_piece0 in memory on 846f24a1d814:42257 (size: 6.2 KiB, free: 434.4 MiB)
[2023-06-24T13:29:15.241+0000] {spark_submit.py:492} INFO - 23/06/24 13:29:15 INFO SparkContext: Created broadcast 0 from broadcast at DAGScheduler.scala:1427
[2023-06-24T13:29:15.255+0000] {spark_submit.py:492} INFO - 23/06/24 13:29:15 INFO DAGScheduler: Submitting 1 missing tasks from ResultStage 0 (MapPartitionsRDD[6] at showString at NativeMethodAccessorImpl.java:0) (first 15 tasks are for partitions Vector(0))
[2023-06-24T13:29:15.256+0000] {spark_submit.py:492} INFO - 23/06/24 13:29:15 INFO TaskSchedulerImpl: Adding task set 0.0 with 1 tasks resource profile 0
[2023-06-24T13:29:15.292+0000] {spark_submit.py:492} INFO - 23/06/24 13:29:15 INFO TaskSetManager: Starting task 0.0 in stage 0.0 (TID 0) (172.19.0.5, executor 0, partition 0, PROCESS_LOCAL, 4605 bytes) taskResourceAssignments Map()
[2023-06-24T13:29:15.589+0000] {spark_submit.py:492} INFO - 23/06/24 13:29:15 INFO BlockManagerInfo: Added broadcast_0_piece0 in memory on 172.19.0.5:34887 (size: 6.2 KiB, free: 366.3 MiB)
[2023-06-24T13:29:17.123+0000] {spark_submit.py:492} INFO - 23/06/24 13:29:17 INFO TaskSetManager: Finished task 0.0 in stage 0.0 (TID 0) in 1842 ms on 172.19.0.5 (executor 0) (1/1)
[2023-06-24T13:29:17.126+0000] {spark_submit.py:492} INFO - 23/06/24 13:29:17 INFO TaskSchedulerImpl: Removed TaskSet 0.0, whose tasks have all completed, from pool
[2023-06-24T13:29:17.129+0000] {spark_submit.py:492} INFO - 23/06/24 13:29:17 INFO PythonAccumulatorV2: Connected to AccumulatorServer at host: 127.0.0.1 port: 49083
[2023-06-24T13:29:17.132+0000] {spark_submit.py:492} INFO - 23/06/24 13:29:17 INFO DAGScheduler: ResultStage 0 (showString at NativeMethodAccessorImpl.java:0) finished in 2.022 s
[2023-06-24T13:29:17.137+0000] {spark_submit.py:492} INFO - 23/06/24 13:29:17 INFO DAGScheduler: Job 0 is finished. Cancelling potential speculative or zombie tasks for this job
[2023-06-24T13:29:17.137+0000] {spark_submit.py:492} INFO - 23/06/24 13:29:17 INFO TaskSchedulerImpl: Killing all running tasks in stage 0: Stage finished
[2023-06-24T13:29:17.140+0000] {spark_submit.py:492} INFO - 23/06/24 13:29:17 INFO DAGScheduler: Job 0 finished: showString at NativeMethodAccessorImpl.java:0, took 2.057712 s
[2023-06-24T13:29:17.156+0000] {spark_submit.py:492} INFO - 23/06/24 13:29:17 INFO SparkContext: Starting job: showString at NativeMethodAccessorImpl.java:0
[2023-06-24T13:29:17.158+0000] {spark_submit.py:492} INFO - 23/06/24 13:29:17 INFO DAGScheduler: Got job 1 (showString at NativeMethodAccessorImpl.java:0) with 1 output partitions
[2023-06-24T13:29:17.158+0000] {spark_submit.py:492} INFO - 23/06/24 13:29:17 INFO DAGScheduler: Final stage: ResultStage 1 (showString at NativeMethodAccessorImpl.java:0)
[2023-06-24T13:29:17.158+0000] {spark_submit.py:492} INFO - 23/06/24 13:29:17 INFO DAGScheduler: Parents of final stage: List()
[2023-06-24T13:29:17.158+0000] {spark_submit.py:492} INFO - 23/06/24 13:29:17 INFO DAGScheduler: Missing parents: List()
[2023-06-24T13:29:17.159+0000] {spark_submit.py:492} INFO - 23/06/24 13:29:17 INFO DAGScheduler: Submitting ResultStage 1 (MapPartitionsRDD[6] at showString at NativeMethodAccessorImpl.java:0), which has no missing parents
[2023-06-24T13:29:17.168+0000] {spark_submit.py:492} INFO - 23/06/24 13:29:17 INFO MemoryStore: Block broadcast_1 stored as values in memory (estimated size 11.7 KiB, free 434.4 MiB)
[2023-06-24T13:29:17.173+0000] {spark_submit.py:492} INFO - 23/06/24 13:29:17 INFO MemoryStore: Block broadcast_1_piece0 stored as bytes in memory (estimated size 6.2 KiB, free 434.4 MiB)
[2023-06-24T13:29:17.175+0000] {spark_submit.py:492} INFO - 23/06/24 13:29:17 INFO BlockManagerInfo: Added broadcast_1_piece0 in memory on 846f24a1d814:42257 (size: 6.2 KiB, free: 434.4 MiB)
[2023-06-24T13:29:17.176+0000] {spark_submit.py:492} INFO - 23/06/24 13:29:17 INFO SparkContext: Created broadcast 1 from broadcast at DAGScheduler.scala:1427
[2023-06-24T13:29:17.179+0000] {spark_submit.py:492} INFO - 23/06/24 13:29:17 INFO DAGScheduler: Submitting 1 missing tasks from ResultStage 1 (MapPartitionsRDD[6] at showString at NativeMethodAccessorImpl.java:0) (first 15 tasks are for partitions Vector(1))
[2023-06-24T13:29:17.180+0000] {spark_submit.py:492} INFO - 23/06/24 13:29:17 INFO TaskSchedulerImpl: Adding task set 1.0 with 1 tasks resource profile 0
[2023-06-24T13:29:17.183+0000] {spark_submit.py:492} INFO - 23/06/24 13:29:17 INFO TaskSetManager: Starting task 0.0 in stage 1.0 (TID 1) (172.19.0.5, executor 0, partition 1, PROCESS_LOCAL, 4529 bytes) taskResourceAssignments Map()
[2023-06-24T13:29:17.209+0000] {spark_submit.py:492} INFO - 23/06/24 13:29:17 INFO BlockManagerInfo: Added broadcast_1_piece0 in memory on 172.19.0.5:34887 (size: 6.2 KiB, free: 366.3 MiB)
[2023-06-24T13:29:17.277+0000] {spark_submit.py:492} INFO - 23/06/24 13:29:17 INFO TaskSetManager: Finished task 0.0 in stage 1.0 (TID 1) in 95 ms on 172.19.0.5 (executor 0) (1/1)
[2023-06-24T13:29:17.277+0000] {spark_submit.py:492} INFO - 23/06/24 13:29:17 INFO TaskSchedulerImpl: Removed TaskSet 1.0, whose tasks have all completed, from pool
[2023-06-24T13:29:17.279+0000] {spark_submit.py:492} INFO - 23/06/24 13:29:17 INFO DAGScheduler: ResultStage 1 (showString at NativeMethodAccessorImpl.java:0) finished in 0.117 s
[2023-06-24T13:29:17.279+0000] {spark_submit.py:492} INFO - 23/06/24 13:29:17 INFO DAGScheduler: Job 1 is finished. Cancelling potential speculative or zombie tasks for this job
[2023-06-24T13:29:17.279+0000] {spark_submit.py:492} INFO - 23/06/24 13:29:17 INFO TaskSchedulerImpl: Killing all running tasks in stage 1: Stage finished
[2023-06-24T13:29:17.280+0000] {spark_submit.py:492} INFO - 23/06/24 13:29:17 INFO DAGScheduler: Job 1 finished: showString at NativeMethodAccessorImpl.java:0, took 0.122807 s
[2023-06-24T13:29:17.316+0000] {spark_submit.py:492} INFO - 23/06/24 13:29:17 INFO CodeGenerator: Code generated in 18.971409 ms
[2023-06-24T13:29:17.328+0000] {spark_submit.py:492} INFO - +-----+-----------------------------------------------------------------------------+
[2023-06-24T13:29:17.328+0000] {spark_submit.py:492} INFO - |Seqno|Quote                                                                        |
[2023-06-24T13:29:17.328+0000] {spark_submit.py:492} INFO - +-----+-----------------------------------------------------------------------------+
[2023-06-24T13:29:17.328+0000] {spark_submit.py:492} INFO - |1    |Be the change that you wish to see in the world                              |
[2023-06-24T13:29:17.329+0000] {spark_submit.py:492} INFO - |2    |Everyone thinks of changing the world, but no one thinks of changing himself.|
[2023-06-24T13:29:17.329+0000] {spark_submit.py:492} INFO - |3    |The purpose of our lives is to be happy.                                     |
[2023-06-24T13:29:17.329+0000] {spark_submit.py:492} INFO - |4    |Be cool.                                                                     |
[2023-06-24T13:29:17.329+0000] {spark_submit.py:492} INFO - +-----+-----------------------------------------------------------------------------+
[2023-06-24T13:29:17.329+0000] {spark_submit.py:492} INFO - 
[2023-06-24T13:29:17.430+0000] {spark_submit.py:492} INFO - 23/06/24 13:29:17 INFO SparkContext: Invoking stop() from shutdown hook
[2023-06-24T13:29:17.438+0000] {spark_submit.py:492} INFO - 23/06/24 13:29:17 INFO SparkUI: Stopped Spark web UI at http://846f24a1d814:4040
[2023-06-24T13:29:17.441+0000] {spark_submit.py:492} INFO - 23/06/24 13:29:17 INFO StandaloneSchedulerBackend: Shutting down all executors
[2023-06-24T13:29:17.441+0000] {spark_submit.py:492} INFO - 23/06/24 13:29:17 INFO CoarseGrainedSchedulerBackend$DriverEndpoint: Asking each executor to shut down
[2023-06-24T13:29:17.461+0000] {spark_submit.py:492} INFO - 23/06/24 13:29:17 INFO MapOutputTrackerMasterEndpoint: MapOutputTrackerMasterEndpoint stopped!
[2023-06-24T13:29:17.477+0000] {spark_submit.py:492} INFO - 23/06/24 13:29:17 INFO MemoryStore: MemoryStore cleared
[2023-06-24T13:29:17.478+0000] {spark_submit.py:492} INFO - 23/06/24 13:29:17 INFO BlockManager: BlockManager stopped
[2023-06-24T13:29:17.487+0000] {spark_submit.py:492} INFO - 23/06/24 13:29:17 INFO BlockManagerMaster: BlockManagerMaster stopped
[2023-06-24T13:29:17.506+0000] {spark_submit.py:492} INFO - 23/06/24 13:29:17 INFO OutputCommitCoordinator$OutputCommitCoordinatorEndpoint: OutputCommitCoordinator stopped!
[2023-06-24T13:29:17.549+0000] {spark_submit.py:492} INFO - 23/06/24 13:29:17 INFO SparkContext: Successfully stopped SparkContext
[2023-06-24T13:29:17.549+0000] {spark_submit.py:492} INFO - 23/06/24 13:29:17 INFO ShutdownHookManager: Shutdown hook called
[2023-06-24T13:29:17.550+0000] {spark_submit.py:492} INFO - 23/06/24 13:29:17 INFO ShutdownHookManager: Deleting directory /tmp/spark-8d490fea-002f-4d45-8be8-069fe45f821d/pyspark-82190e51-3813-4603-abdb-090769a493b4
[2023-06-24T13:29:17.554+0000] {spark_submit.py:492} INFO - 23/06/24 13:29:17 INFO ShutdownHookManager: Deleting directory /tmp/spark-8d490fea-002f-4d45-8be8-069fe45f821d
[2023-06-24T13:29:17.557+0000] {spark_submit.py:492} INFO - 23/06/24 13:29:17 INFO ShutdownHookManager: Deleting directory /tmp/spark-4a2772c4-7c27-4728-997a-45e10b2ca847
[2023-06-24T13:29:17.644+0000] {taskinstance.py:1321} INFO - Marking task as SUCCESS. dag_id=spark_submit, task_id=spark_submit_task, execution_date=20230624T132907, start_date=20230624T132907, end_date=20230624T132917
[2023-06-24T13:29:17.683+0000] {local_task_job.py:212} INFO - Task exited with return code 0
[2023-06-24T13:29:17.694+0000] {taskinstance.py:2585} INFO - 0 downstream tasks scheduled from follow-on schedule check
