[2023-06-25T02:32:05.091+0000] {taskinstance.py:1084} INFO - Dependencies all met for dep_context=non-requeueable deps ti=<TaskInstance: spark_etl_minio_v8.spark_submit_task scheduled__2023-06-24T00:00:00+00:00 [queued]>
[2023-06-25T02:32:05.097+0000] {taskinstance.py:1084} INFO - Dependencies all met for dep_context=requeueable deps ti=<TaskInstance: spark_etl_minio_v8.spark_submit_task scheduled__2023-06-24T00:00:00+00:00 [queued]>
[2023-06-25T02:32:05.097+0000] {taskinstance.py:1282} INFO - 
--------------------------------------------------------------------------------
[2023-06-25T02:32:05.097+0000] {taskinstance.py:1283} INFO - Starting attempt 2 of 6
[2023-06-25T02:32:05.097+0000] {taskinstance.py:1284} INFO - 
--------------------------------------------------------------------------------
[2023-06-25T02:32:05.105+0000] {taskinstance.py:1303} INFO - Executing <Task(SparkSubmitOperator): spark_submit_task> on 2023-06-24 00:00:00+00:00
[2023-06-25T02:32:05.108+0000] {standard_task_runner.py:55} INFO - Started process 334 to run task
[2023-06-25T02:32:05.110+0000] {standard_task_runner.py:82} INFO - Running: ['***', 'tasks', 'run', 'spark_etl_minio_v8', 'spark_submit_task', 'scheduled__2023-06-24T00:00:00+00:00', '--job-id', '163', '--raw', '--subdir', 'DAGS_FOLDER/spark_job_minio.py', '--cfg-path', '/tmp/tmpygmtf_y3']
[2023-06-25T02:32:05.111+0000] {standard_task_runner.py:83} INFO - Job 163: Subtask spark_submit_task
[2023-06-25T02:32:05.119+0000] {warnings.py:109} WARNING - /home/***/.local/lib/python3.8/site-packages/***/settings.py:250: DeprecationWarning: The sql_alchemy_conn option in [core] has been moved to the sql_alchemy_conn option in [database] - the old setting has been used, but please update your config.
  SQL_ALCHEMY_CONN = conf.get("database", "SQL_ALCHEMY_CONN")

[2023-06-25T02:32:05.133+0000] {warnings.py:109} WARNING - /home/***/.local/lib/python3.8/site-packages/***/utils/sqlalchemy.py:124: DeprecationWarning: The sql_alchemy_conn option in [core] has been moved to the sql_alchemy_conn option in [database] - the old setting has been used, but please update your config.
  return not conf.get("database", "sql_alchemy_conn").startswith("mssql")

[2023-06-25T02:32:05.152+0000] {task_command.py:388} INFO - Running <TaskInstance: spark_etl_minio_v8.spark_submit_task scheduled__2023-06-24T00:00:00+00:00 [running]> on host a8d69ab09d2d
[2023-06-25T02:32:05.195+0000] {taskinstance.py:1509} INFO - Exporting the following env vars:
AIRFLOW_CTX_DAG_OWNER=***
AIRFLOW_CTX_DAG_ID=spark_etl_minio_v8
AIRFLOW_CTX_TASK_ID=spark_submit_task
AIRFLOW_CTX_EXECUTION_DATE=2023-06-24T00:00:00+00:00
AIRFLOW_CTX_TRY_NUMBER=2
AIRFLOW_CTX_DAG_RUN_ID=scheduled__2023-06-24T00:00:00+00:00
[2023-06-25T02:32:05.200+0000] {base.py:73} INFO - Using connection ID 'spark_conn' for task execution.
[2023-06-25T02:32:05.201+0000] {spark_submit.py:341} INFO - Spark-Submit cmd: spark-submit --master spark://spark:7077 --files /opt/spark/jars/hadoop-aws-3.2.0.jar, /opt/spark/jars/aws-java-sdk-bundle-1.11.375.jar --name arrow-spark /opt/***/dags/spark_etl_spark_minio.py
[2023-06-25T02:32:06.071+0000] {spark_submit.py:492} INFO - WARNING: An illegal reflective access operation has occurred
[2023-06-25T02:32:06.071+0000] {spark_submit.py:492} INFO - WARNING: Illegal reflective access by org.apache.spark.unsafe.Platform (file:/opt/spark/jars/spark-unsafe_2.12-3.2.0.jar) to constructor java.nio.DirectByteBuffer(long,int)
[2023-06-25T02:32:06.071+0000] {spark_submit.py:492} INFO - WARNING: Please consider reporting this to the maintainers of org.apache.spark.unsafe.Platform
[2023-06-25T02:32:06.072+0000] {spark_submit.py:492} INFO - WARNING: Use --illegal-access=warn to enable warnings of further illegal reflective access operations
[2023-06-25T02:32:06.072+0000] {spark_submit.py:492} INFO - WARNING: All illegal access operations will be denied in a future release
[2023-06-25T02:32:06.337+0000] {spark_submit.py:492} INFO - 23/06/25 02:32:06 WARN NativeCodeLoader: Unable to load native-hadoop library for your platform... using builtin-java classes where applicable
[2023-06-25T02:32:07.217+0000] {spark_submit.py:492} INFO - Using Spark's default log4j profile: org/apache/spark/log4j-defaults.properties
[2023-06-25T02:32:07.223+0000] {spark_submit.py:492} INFO - 23/06/25 02:32:07 INFO SparkContext: Running Spark version 3.2.0
[2023-06-25T02:32:07.246+0000] {spark_submit.py:492} INFO - 23/06/25 02:32:07 INFO ResourceUtils: ==============================================================
[2023-06-25T02:32:07.246+0000] {spark_submit.py:492} INFO - 23/06/25 02:32:07 INFO ResourceUtils: No custom resources configured for spark.driver.
[2023-06-25T02:32:07.247+0000] {spark_submit.py:492} INFO - 23/06/25 02:32:07 INFO ResourceUtils: ==============================================================
[2023-06-25T02:32:07.247+0000] {spark_submit.py:492} INFO - 23/06/25 02:32:07 INFO SparkContext: Submitted application: arrow-spark
[2023-06-25T02:32:07.262+0000] {spark_submit.py:492} INFO - 23/06/25 02:32:07 INFO ResourceProfile: Default ResourceProfile created, executor resources: Map(cores -> name: cores, amount: 1, script: , vendor: , memory -> name: memory, amount: 1024, script: , vendor: , offHeap -> name: offHeap, amount: 0, script: , vendor: ), task resources: Map(cpus -> name: cpus, amount: 1.0)
[2023-06-25T02:32:07.275+0000] {spark_submit.py:492} INFO - 23/06/25 02:32:07 INFO ResourceProfile: Limiting resource is cpu
[2023-06-25T02:32:07.275+0000] {spark_submit.py:492} INFO - 23/06/25 02:32:07 INFO ResourceProfileManager: Added ResourceProfile id: 0
[2023-06-25T02:32:07.324+0000] {spark_submit.py:492} INFO - 23/06/25 02:32:07 INFO SecurityManager: Changing view acls to: default
[2023-06-25T02:32:07.325+0000] {spark_submit.py:492} INFO - 23/06/25 02:32:07 INFO SecurityManager: Changing modify acls to: default
[2023-06-25T02:32:07.325+0000] {spark_submit.py:492} INFO - 23/06/25 02:32:07 INFO SecurityManager: Changing view acls groups to:
[2023-06-25T02:32:07.325+0000] {spark_submit.py:492} INFO - 23/06/25 02:32:07 INFO SecurityManager: Changing modify acls groups to:
[2023-06-25T02:32:07.326+0000] {spark_submit.py:492} INFO - 23/06/25 02:32:07 INFO SecurityManager: SecurityManager: authentication disabled; ui acls disabled; users  with view permissions: Set(default); groups with view permissions: Set(); users  with modify permissions: Set(default); groups with modify permissions: Set()
[2023-06-25T02:32:07.540+0000] {spark_submit.py:492} INFO - 23/06/25 02:32:07 INFO Utils: Successfully started service 'sparkDriver' on port 41343.
[2023-06-25T02:32:07.558+0000] {spark_submit.py:492} INFO - 23/06/25 02:32:07 INFO SparkEnv: Registering MapOutputTracker
[2023-06-25T02:32:07.577+0000] {spark_submit.py:492} INFO - 23/06/25 02:32:07 INFO SparkEnv: Registering BlockManagerMaster
[2023-06-25T02:32:07.589+0000] {spark_submit.py:492} INFO - 23/06/25 02:32:07 INFO BlockManagerMasterEndpoint: Using org.apache.spark.storage.DefaultTopologyMapper for getting topology information
[2023-06-25T02:32:07.589+0000] {spark_submit.py:492} INFO - 23/06/25 02:32:07 INFO BlockManagerMasterEndpoint: BlockManagerMasterEndpoint up
[2023-06-25T02:32:07.592+0000] {spark_submit.py:492} INFO - 23/06/25 02:32:07 INFO SparkEnv: Registering BlockManagerMasterHeartbeat
[2023-06-25T02:32:07.608+0000] {spark_submit.py:492} INFO - 23/06/25 02:32:07 INFO DiskBlockManager: Created local directory at /tmp/blockmgr-9a29dd77-0960-4a62-a4e0-5f6bf9fe0b39
[2023-06-25T02:32:07.623+0000] {spark_submit.py:492} INFO - 23/06/25 02:32:07 INFO MemoryStore: MemoryStore started with capacity 434.4 MiB
[2023-06-25T02:32:07.634+0000] {spark_submit.py:492} INFO - 23/06/25 02:32:07 INFO SparkEnv: Registering OutputCommitCoordinator
[2023-06-25T02:32:07.800+0000] {spark_submit.py:492} INFO - 23/06/25 02:32:07 INFO Utils: Successfully started service 'SparkUI' on port 4040.
[2023-06-25T02:32:07.838+0000] {spark_submit.py:492} INFO - 23/06/25 02:32:07 INFO SparkUI: Bound SparkUI to 0.0.0.0, and started at http://a8d69ab09d2d:4040
[2023-06-25T02:32:07.849+0000] {spark_submit.py:492} INFO - 23/06/25 02:32:07 ERROR SparkContext: Error initializing SparkContext.
[2023-06-25T02:32:07.849+0000] {spark_submit.py:492} INFO - java.io.FileNotFoundException: File file:/opt/spark/jars/hadoop-aws-3.2.0.jar does not exist
[2023-06-25T02:32:07.849+0000] {spark_submit.py:492} INFO - at org.apache.hadoop.fs.RawLocalFileSystem.deprecatedGetFileStatus(RawLocalFileSystem.java:779)
[2023-06-25T02:32:07.850+0000] {spark_submit.py:492} INFO - at org.apache.hadoop.fs.RawLocalFileSystem.getFileLinkStatusInternal(RawLocalFileSystem.java:1100)
[2023-06-25T02:32:07.850+0000] {spark_submit.py:492} INFO - at org.apache.hadoop.fs.RawLocalFileSystem.getFileStatus(RawLocalFileSystem.java:769)
[2023-06-25T02:32:07.850+0000] {spark_submit.py:492} INFO - at org.apache.hadoop.fs.FilterFileSystem.getFileStatus(FilterFileSystem.java:462)
[2023-06-25T02:32:07.850+0000] {spark_submit.py:492} INFO - at org.apache.spark.SparkContext.addFile(SparkContext.scala:1606)
[2023-06-25T02:32:07.850+0000] {spark_submit.py:492} INFO - at org.apache.spark.SparkContext.$anonfun$new$13(SparkContext.scala:510)
[2023-06-25T02:32:07.850+0000] {spark_submit.py:492} INFO - at org.apache.spark.SparkContext.$anonfun$new$13$adapted(SparkContext.scala:510)
[2023-06-25T02:32:07.850+0000] {spark_submit.py:492} INFO - at scala.collection.immutable.List.foreach(List.scala:431)
[2023-06-25T02:32:07.850+0000] {spark_submit.py:492} INFO - at org.apache.spark.SparkContext.<init>(SparkContext.scala:510)
[2023-06-25T02:32:07.850+0000] {spark_submit.py:492} INFO - at org.apache.spark.api.java.JavaSparkContext.<init>(JavaSparkContext.scala:58)
[2023-06-25T02:32:07.851+0000] {spark_submit.py:492} INFO - at java.base/jdk.internal.reflect.NativeConstructorAccessorImpl.newInstance0(Native Method)
[2023-06-25T02:32:07.851+0000] {spark_submit.py:492} INFO - at java.base/jdk.internal.reflect.NativeConstructorAccessorImpl.newInstance(NativeConstructorAccessorImpl.java:62)
[2023-06-25T02:32:07.851+0000] {spark_submit.py:492} INFO - at java.base/jdk.internal.reflect.DelegatingConstructorAccessorImpl.newInstance(DelegatingConstructorAccessorImpl.java:45)
[2023-06-25T02:32:07.851+0000] {spark_submit.py:492} INFO - at java.base/java.lang.reflect.Constructor.newInstance(Constructor.java:490)
[2023-06-25T02:32:07.851+0000] {spark_submit.py:492} INFO - at py4j.reflection.MethodInvoker.invoke(MethodInvoker.java:247)
[2023-06-25T02:32:07.851+0000] {spark_submit.py:492} INFO - at py4j.reflection.ReflectionEngine.invoke(ReflectionEngine.java:357)
[2023-06-25T02:32:07.851+0000] {spark_submit.py:492} INFO - at py4j.Gateway.invoke(Gateway.java:238)
[2023-06-25T02:32:07.851+0000] {spark_submit.py:492} INFO - at py4j.commands.ConstructorCommand.invokeConstructor(ConstructorCommand.java:80)
[2023-06-25T02:32:07.851+0000] {spark_submit.py:492} INFO - at py4j.commands.ConstructorCommand.execute(ConstructorCommand.java:69)
[2023-06-25T02:32:07.852+0000] {spark_submit.py:492} INFO - at py4j.ClientServerConnection.waitForCommands(ClientServerConnection.java:182)
[2023-06-25T02:32:07.852+0000] {spark_submit.py:492} INFO - at py4j.ClientServerConnection.run(ClientServerConnection.java:106)
[2023-06-25T02:32:07.852+0000] {spark_submit.py:492} INFO - at java.base/java.lang.Thread.run(Thread.java:829)
[2023-06-25T02:32:07.858+0000] {spark_submit.py:492} INFO - 23/06/25 02:32:07 INFO SparkUI: Stopped Spark web UI at http://a8d69ab09d2d:4040
[2023-06-25T02:32:07.878+0000] {spark_submit.py:492} INFO - 23/06/25 02:32:07 INFO MapOutputTrackerMasterEndpoint: MapOutputTrackerMasterEndpoint stopped!
[2023-06-25T02:32:07.892+0000] {spark_submit.py:492} INFO - 23/06/25 02:32:07 INFO MemoryStore: MemoryStore cleared
[2023-06-25T02:32:07.892+0000] {spark_submit.py:492} INFO - 23/06/25 02:32:07 INFO BlockManager: BlockManager stopped
[2023-06-25T02:32:07.897+0000] {spark_submit.py:492} INFO - 23/06/25 02:32:07 INFO BlockManagerMaster: BlockManagerMaster stopped
[2023-06-25T02:32:07.897+0000] {spark_submit.py:492} INFO - 23/06/25 02:32:07 WARN MetricsSystem: Stopping a MetricsSystem that is not running
[2023-06-25T02:32:07.904+0000] {spark_submit.py:492} INFO - 23/06/25 02:32:07 INFO OutputCommitCoordinator$OutputCommitCoordinatorEndpoint: OutputCommitCoordinator stopped!
[2023-06-25T02:32:07.910+0000] {spark_submit.py:492} INFO - 23/06/25 02:32:07 INFO SparkContext: Successfully stopped SparkContext
[2023-06-25T02:32:07.911+0000] {spark_submit.py:492} INFO - Traceback (most recent call last):
[2023-06-25T02:32:07.911+0000] {spark_submit.py:492} INFO - File "/opt/***/dags/spark_etl_spark_minio.py", line 9, in <module>
[2023-06-25T02:32:07.911+0000] {spark_submit.py:492} INFO - SparkSession.builder.config(
[2023-06-25T02:32:07.911+0000] {spark_submit.py:492} INFO - File "/opt/spark/python/lib/pyspark.zip/pyspark/sql/session.py", line 228, in getOrCreate
[2023-06-25T02:32:07.911+0000] {spark_submit.py:492} INFO - File "/opt/spark/python/lib/pyspark.zip/pyspark/context.py", line 392, in getOrCreate
[2023-06-25T02:32:07.911+0000] {spark_submit.py:492} INFO - File "/opt/spark/python/lib/pyspark.zip/pyspark/context.py", line 146, in __init__
[2023-06-25T02:32:07.911+0000] {spark_submit.py:492} INFO - File "/opt/spark/python/lib/pyspark.zip/pyspark/context.py", line 209, in _do_init
[2023-06-25T02:32:07.911+0000] {spark_submit.py:492} INFO - File "/opt/spark/python/lib/pyspark.zip/pyspark/context.py", line 329, in _initialize_context
[2023-06-25T02:32:07.911+0000] {spark_submit.py:492} INFO - File "/opt/spark/python/lib/py4j-0.10.9.2-src.zip/py4j/java_gateway.py", line 1573, in __call__
[2023-06-25T02:32:07.911+0000] {spark_submit.py:492} INFO - File "/opt/spark/python/lib/py4j-0.10.9.2-src.zip/py4j/protocol.py", line 326, in get_return_value
[2023-06-25T02:32:07.912+0000] {spark_submit.py:492} INFO - py4j.protocol.Py4JJavaError: An error occurred while calling None.org.apache.spark.api.java.JavaSparkContext.
[2023-06-25T02:32:07.912+0000] {spark_submit.py:492} INFO - : java.io.FileNotFoundException: File file:/opt/spark/jars/hadoop-aws-3.2.0.jar does not exist
[2023-06-25T02:32:07.912+0000] {spark_submit.py:492} INFO - at org.apache.hadoop.fs.RawLocalFileSystem.deprecatedGetFileStatus(RawLocalFileSystem.java:779)
[2023-06-25T02:32:07.912+0000] {spark_submit.py:492} INFO - at org.apache.hadoop.fs.RawLocalFileSystem.getFileLinkStatusInternal(RawLocalFileSystem.java:1100)
[2023-06-25T02:32:07.912+0000] {spark_submit.py:492} INFO - at org.apache.hadoop.fs.RawLocalFileSystem.getFileStatus(RawLocalFileSystem.java:769)
[2023-06-25T02:32:07.912+0000] {spark_submit.py:492} INFO - at org.apache.hadoop.fs.FilterFileSystem.getFileStatus(FilterFileSystem.java:462)
[2023-06-25T02:32:07.912+0000] {spark_submit.py:492} INFO - at org.apache.spark.SparkContext.addFile(SparkContext.scala:1606)
[2023-06-25T02:32:07.912+0000] {spark_submit.py:492} INFO - at org.apache.spark.SparkContext.$anonfun$new$13(SparkContext.scala:510)
[2023-06-25T02:32:07.912+0000] {spark_submit.py:492} INFO - at org.apache.spark.SparkContext.$anonfun$new$13$adapted(SparkContext.scala:510)
[2023-06-25T02:32:07.912+0000] {spark_submit.py:492} INFO - at scala.collection.immutable.List.foreach(List.scala:431)
[2023-06-25T02:32:07.912+0000] {spark_submit.py:492} INFO - at org.apache.spark.SparkContext.<init>(SparkContext.scala:510)
[2023-06-25T02:32:07.912+0000] {spark_submit.py:492} INFO - at org.apache.spark.api.java.JavaSparkContext.<init>(JavaSparkContext.scala:58)
[2023-06-25T02:32:07.912+0000] {spark_submit.py:492} INFO - at java.base/jdk.internal.reflect.NativeConstructorAccessorImpl.newInstance0(Native Method)
[2023-06-25T02:32:07.912+0000] {spark_submit.py:492} INFO - at java.base/jdk.internal.reflect.NativeConstructorAccessorImpl.newInstance(NativeConstructorAccessorImpl.java:62)
[2023-06-25T02:32:07.913+0000] {spark_submit.py:492} INFO - at java.base/jdk.internal.reflect.DelegatingConstructorAccessorImpl.newInstance(DelegatingConstructorAccessorImpl.java:45)
[2023-06-25T02:32:07.913+0000] {spark_submit.py:492} INFO - at java.base/java.lang.reflect.Constructor.newInstance(Constructor.java:490)
[2023-06-25T02:32:07.913+0000] {spark_submit.py:492} INFO - at py4j.reflection.MethodInvoker.invoke(MethodInvoker.java:247)
[2023-06-25T02:32:07.913+0000] {spark_submit.py:492} INFO - at py4j.reflection.ReflectionEngine.invoke(ReflectionEngine.java:357)
[2023-06-25T02:32:07.913+0000] {spark_submit.py:492} INFO - at py4j.Gateway.invoke(Gateway.java:238)
[2023-06-25T02:32:07.913+0000] {spark_submit.py:492} INFO - at py4j.commands.ConstructorCommand.invokeConstructor(ConstructorCommand.java:80)
[2023-06-25T02:32:07.913+0000] {spark_submit.py:492} INFO - at py4j.commands.ConstructorCommand.execute(ConstructorCommand.java:69)
[2023-06-25T02:32:07.913+0000] {spark_submit.py:492} INFO - at py4j.ClientServerConnection.waitForCommands(ClientServerConnection.java:182)
[2023-06-25T02:32:07.913+0000] {spark_submit.py:492} INFO - at py4j.ClientServerConnection.run(ClientServerConnection.java:106)
[2023-06-25T02:32:07.913+0000] {spark_submit.py:492} INFO - at java.base/java.lang.Thread.run(Thread.java:829)
[2023-06-25T02:32:07.913+0000] {spark_submit.py:492} INFO - 
[2023-06-25T02:32:07.935+0000] {spark_submit.py:492} INFO - 23/06/25 02:32:07 INFO ShutdownHookManager: Shutdown hook called
[2023-06-25T02:32:07.936+0000] {spark_submit.py:492} INFO - 23/06/25 02:32:07 INFO ShutdownHookManager: Deleting directory /tmp/spark-d7a10861-f6f1-4311-99eb-97a7b2cbb448
[2023-06-25T02:32:07.938+0000] {spark_submit.py:492} INFO - 23/06/25 02:32:07 INFO ShutdownHookManager: Deleting directory /tmp/spark-28bf1613-40f5-40ba-b25c-d397447f0ae0
[2023-06-25T02:32:07.980+0000] {taskinstance.py:1775} ERROR - Task failed with exception
Traceback (most recent call last):
  File "/home/airflow/.local/lib/python3.8/site-packages/airflow/providers/apache/spark/operators/spark_submit.py", line 157, in execute
    self._hook.submit(self._application)
  File "/home/airflow/.local/lib/python3.8/site-packages/airflow/providers/apache/spark/hooks/spark_submit.py", line 423, in submit
    raise AirflowException(
airflow.exceptions.AirflowException: Cannot execute: spark-submit --master spark://spark:7077 --files /opt/spark/jars/hadoop-aws-3.2.0.jar, /opt/spark/jars/aws-java-sdk-bundle-1.11.375.jar --name arrow-spark /opt/***/dags/spark_etl_spark_minio.py. Error code is: 1.
[2023-06-25T02:32:07.983+0000] {taskinstance.py:1321} INFO - Marking task as UP_FOR_RETRY. dag_id=spark_etl_minio_v8, task_id=spark_submit_task, execution_date=20230624T000000, start_date=20230625T023205, end_date=20230625T023207
[2023-06-25T02:32:07.992+0000] {standard_task_runner.py:100} ERROR - Failed to execute job 163 for task spark_submit_task (Cannot execute: spark-submit --master spark://spark:7077 --files /opt/spark/jars/hadoop-aws-3.2.0.jar, /opt/spark/jars/aws-java-sdk-bundle-1.11.375.jar --name arrow-spark /opt/***/dags/spark_etl_spark_minio.py. Error code is: 1.; 334)
[2023-06-25T02:32:08.009+0000] {local_task_job.py:212} INFO - Task exited with return code 1
[2023-06-25T02:32:08.021+0000] {taskinstance.py:2585} INFO - 0 downstream tasks scheduled from follow-on schedule check
