[2023-06-25T02:38:16.703+0000] {taskinstance.py:1084} INFO - Dependencies all met for dep_context=non-requeueable deps ti=<TaskInstance: spark_etl_minio_v8.spark_submit_task scheduled__2023-06-24T00:00:00+00:00 [queued]>
[2023-06-25T02:38:16.710+0000] {taskinstance.py:1084} INFO - Dependencies all met for dep_context=requeueable deps ti=<TaskInstance: spark_etl_minio_v8.spark_submit_task scheduled__2023-06-24T00:00:00+00:00 [queued]>
[2023-06-25T02:38:16.711+0000] {taskinstance.py:1282} INFO - 
--------------------------------------------------------------------------------
[2023-06-25T02:38:16.711+0000] {taskinstance.py:1283} INFO - Starting attempt 5 of 6
[2023-06-25T02:38:16.711+0000] {taskinstance.py:1284} INFO - 
--------------------------------------------------------------------------------
[2023-06-25T02:38:16.720+0000] {taskinstance.py:1303} INFO - Executing <Task(SparkSubmitOperator): spark_submit_task> on 2023-06-24 00:00:00+00:00
[2023-06-25T02:38:16.724+0000] {standard_task_runner.py:55} INFO - Started process 1149 to run task
[2023-06-25T02:38:16.727+0000] {standard_task_runner.py:82} INFO - Running: ['***', 'tasks', 'run', 'spark_etl_minio_v8', 'spark_submit_task', 'scheduled__2023-06-24T00:00:00+00:00', '--job-id', '166', '--raw', '--subdir', 'DAGS_FOLDER/spark_job_minio.py', '--cfg-path', '/tmp/tmp56q4cj_f']
[2023-06-25T02:38:16.728+0000] {standard_task_runner.py:83} INFO - Job 166: Subtask spark_submit_task
[2023-06-25T02:38:16.738+0000] {warnings.py:109} WARNING - /home/***/.local/lib/python3.8/site-packages/***/settings.py:250: DeprecationWarning: The sql_alchemy_conn option in [core] has been moved to the sql_alchemy_conn option in [database] - the old setting has been used, but please update your config.
  SQL_ALCHEMY_CONN = conf.get("database", "SQL_ALCHEMY_CONN")

[2023-06-25T02:38:16.756+0000] {warnings.py:109} WARNING - /home/***/.local/lib/python3.8/site-packages/***/utils/sqlalchemy.py:124: DeprecationWarning: The sql_alchemy_conn option in [core] has been moved to the sql_alchemy_conn option in [database] - the old setting has been used, but please update your config.
  return not conf.get("database", "sql_alchemy_conn").startswith("mssql")

[2023-06-25T02:38:16.780+0000] {task_command.py:388} INFO - Running <TaskInstance: spark_etl_minio_v8.spark_submit_task scheduled__2023-06-24T00:00:00+00:00 [running]> on host a8d69ab09d2d
[2023-06-25T02:38:16.893+0000] {taskinstance.py:1509} INFO - Exporting the following env vars:
AIRFLOW_CTX_DAG_OWNER=***
AIRFLOW_CTX_DAG_ID=spark_etl_minio_v8
AIRFLOW_CTX_TASK_ID=spark_submit_task
AIRFLOW_CTX_EXECUTION_DATE=2023-06-24T00:00:00+00:00
AIRFLOW_CTX_TRY_NUMBER=5
AIRFLOW_CTX_DAG_RUN_ID=scheduled__2023-06-24T00:00:00+00:00
[2023-06-25T02:38:16.903+0000] {base.py:73} INFO - Using connection ID 'spark_conn' for task execution.
[2023-06-25T02:38:16.905+0000] {spark_submit.py:341} INFO - Spark-Submit cmd: spark-submit --master spark://spark:7077 --files /opt/spark/jars/hadoop-aws-3.2.0.jar, /opt/spark/jars/aws-java-sdk-bundle-1.11.375.jar --name arrow-spark /opt/***/dags/spark_etl_spark_minio.py
[2023-06-25T02:38:17.850+0000] {spark_submit.py:492} INFO - WARNING: An illegal reflective access operation has occurred
[2023-06-25T02:38:17.851+0000] {spark_submit.py:492} INFO - WARNING: Illegal reflective access by org.apache.spark.unsafe.Platform (file:/opt/spark/jars/spark-unsafe_2.12-3.2.0.jar) to constructor java.nio.DirectByteBuffer(long,int)
[2023-06-25T02:38:17.851+0000] {spark_submit.py:492} INFO - WARNING: Please consider reporting this to the maintainers of org.apache.spark.unsafe.Platform
[2023-06-25T02:38:17.851+0000] {spark_submit.py:492} INFO - WARNING: Use --illegal-access=warn to enable warnings of further illegal reflective access operations
[2023-06-25T02:38:17.851+0000] {spark_submit.py:492} INFO - WARNING: All illegal access operations will be denied in a future release
[2023-06-25T02:38:18.169+0000] {spark_submit.py:492} INFO - 23/06/25 02:38:18 WARN NativeCodeLoader: Unable to load native-hadoop library for your platform... using builtin-java classes where applicable
[2023-06-25T02:38:19.186+0000] {spark_submit.py:492} INFO - Using Spark's default log4j profile: org/apache/spark/log4j-defaults.properties
[2023-06-25T02:38:19.193+0000] {spark_submit.py:492} INFO - 23/06/25 02:38:19 INFO SparkContext: Running Spark version 3.2.0
[2023-06-25T02:38:19.216+0000] {spark_submit.py:492} INFO - 23/06/25 02:38:19 INFO ResourceUtils: ==============================================================
[2023-06-25T02:38:19.216+0000] {spark_submit.py:492} INFO - 23/06/25 02:38:19 INFO ResourceUtils: No custom resources configured for spark.driver.
[2023-06-25T02:38:19.217+0000] {spark_submit.py:492} INFO - 23/06/25 02:38:19 INFO ResourceUtils: ==============================================================
[2023-06-25T02:38:19.217+0000] {spark_submit.py:492} INFO - 23/06/25 02:38:19 INFO SparkContext: Submitted application: arrow-spark
[2023-06-25T02:38:19.234+0000] {spark_submit.py:492} INFO - 23/06/25 02:38:19 INFO ResourceProfile: Default ResourceProfile created, executor resources: Map(cores -> name: cores, amount: 1, script: , vendor: , memory -> name: memory, amount: 1024, script: , vendor: , offHeap -> name: offHeap, amount: 0, script: , vendor: ), task resources: Map(cpus -> name: cpus, amount: 1.0)
[2023-06-25T02:38:19.249+0000] {spark_submit.py:492} INFO - 23/06/25 02:38:19 INFO ResourceProfile: Limiting resource is cpu
[2023-06-25T02:38:19.249+0000] {spark_submit.py:492} INFO - 23/06/25 02:38:19 INFO ResourceProfileManager: Added ResourceProfile id: 0
[2023-06-25T02:38:19.295+0000] {spark_submit.py:492} INFO - 23/06/25 02:38:19 INFO SecurityManager: Changing view acls to: default
[2023-06-25T02:38:19.296+0000] {spark_submit.py:492} INFO - 23/06/25 02:38:19 INFO SecurityManager: Changing modify acls to: default
[2023-06-25T02:38:19.296+0000] {spark_submit.py:492} INFO - 23/06/25 02:38:19 INFO SecurityManager: Changing view acls groups to:
[2023-06-25T02:38:19.296+0000] {spark_submit.py:492} INFO - 23/06/25 02:38:19 INFO SecurityManager: Changing modify acls groups to:
[2023-06-25T02:38:19.296+0000] {spark_submit.py:492} INFO - 23/06/25 02:38:19 INFO SecurityManager: SecurityManager: authentication disabled; ui acls disabled; users  with view permissions: Set(default); groups with view permissions: Set(); users  with modify permissions: Set(default); groups with modify permissions: Set()
[2023-06-25T02:38:19.508+0000] {spark_submit.py:492} INFO - 23/06/25 02:38:19 INFO Utils: Successfully started service 'sparkDriver' on port 45505.
[2023-06-25T02:38:19.531+0000] {spark_submit.py:492} INFO - 23/06/25 02:38:19 INFO SparkEnv: Registering MapOutputTracker
[2023-06-25T02:38:19.553+0000] {spark_submit.py:492} INFO - 23/06/25 02:38:19 INFO SparkEnv: Registering BlockManagerMaster
[2023-06-25T02:38:19.567+0000] {spark_submit.py:492} INFO - 23/06/25 02:38:19 INFO BlockManagerMasterEndpoint: Using org.apache.spark.storage.DefaultTopologyMapper for getting topology information
[2023-06-25T02:38:19.567+0000] {spark_submit.py:492} INFO - 23/06/25 02:38:19 INFO BlockManagerMasterEndpoint: BlockManagerMasterEndpoint up
[2023-06-25T02:38:19.571+0000] {spark_submit.py:492} INFO - 23/06/25 02:38:19 INFO SparkEnv: Registering BlockManagerMasterHeartbeat
[2023-06-25T02:38:19.589+0000] {spark_submit.py:492} INFO - 23/06/25 02:38:19 INFO DiskBlockManager: Created local directory at /tmp/blockmgr-cfc25571-64a4-41a4-aff7-b70d948e3e46
[2023-06-25T02:38:19.606+0000] {spark_submit.py:492} INFO - 23/06/25 02:38:19 INFO MemoryStore: MemoryStore started with capacity 434.4 MiB
[2023-06-25T02:38:19.622+0000] {spark_submit.py:492} INFO - 23/06/25 02:38:19 INFO SparkEnv: Registering OutputCommitCoordinator
[2023-06-25T02:38:19.787+0000] {spark_submit.py:492} INFO - 23/06/25 02:38:19 INFO Utils: Successfully started service 'SparkUI' on port 4040.
[2023-06-25T02:38:19.847+0000] {spark_submit.py:492} INFO - 23/06/25 02:38:19 INFO SparkUI: Bound SparkUI to 0.0.0.0, and started at http://a8d69ab09d2d:4040
[2023-06-25T02:38:19.864+0000] {spark_submit.py:492} INFO - 23/06/25 02:38:19 ERROR SparkContext: Error initializing SparkContext.
[2023-06-25T02:38:19.864+0000] {spark_submit.py:492} INFO - java.io.FileNotFoundException: File file:/opt/spark/jars/hadoop-aws-3.2.0.jar does not exist
[2023-06-25T02:38:19.864+0000] {spark_submit.py:492} INFO - at org.apache.hadoop.fs.RawLocalFileSystem.deprecatedGetFileStatus(RawLocalFileSystem.java:779)
[2023-06-25T02:38:19.864+0000] {spark_submit.py:492} INFO - at org.apache.hadoop.fs.RawLocalFileSystem.getFileLinkStatusInternal(RawLocalFileSystem.java:1100)
[2023-06-25T02:38:19.864+0000] {spark_submit.py:492} INFO - at org.apache.hadoop.fs.RawLocalFileSystem.getFileStatus(RawLocalFileSystem.java:769)
[2023-06-25T02:38:19.864+0000] {spark_submit.py:492} INFO - at org.apache.hadoop.fs.FilterFileSystem.getFileStatus(FilterFileSystem.java:462)
[2023-06-25T02:38:19.864+0000] {spark_submit.py:492} INFO - at org.apache.spark.SparkContext.addFile(SparkContext.scala:1606)
[2023-06-25T02:38:19.865+0000] {spark_submit.py:492} INFO - at org.apache.spark.SparkContext.$anonfun$new$13(SparkContext.scala:510)
[2023-06-25T02:38:19.865+0000] {spark_submit.py:492} INFO - at org.apache.spark.SparkContext.$anonfun$new$13$adapted(SparkContext.scala:510)
[2023-06-25T02:38:19.865+0000] {spark_submit.py:492} INFO - at scala.collection.immutable.List.foreach(List.scala:431)
[2023-06-25T02:38:19.865+0000] {spark_submit.py:492} INFO - at org.apache.spark.SparkContext.<init>(SparkContext.scala:510)
[2023-06-25T02:38:19.865+0000] {spark_submit.py:492} INFO - at org.apache.spark.api.java.JavaSparkContext.<init>(JavaSparkContext.scala:58)
[2023-06-25T02:38:19.865+0000] {spark_submit.py:492} INFO - at java.base/jdk.internal.reflect.NativeConstructorAccessorImpl.newInstance0(Native Method)
[2023-06-25T02:38:19.865+0000] {spark_submit.py:492} INFO - at java.base/jdk.internal.reflect.NativeConstructorAccessorImpl.newInstance(NativeConstructorAccessorImpl.java:62)
[2023-06-25T02:38:19.865+0000] {spark_submit.py:492} INFO - at java.base/jdk.internal.reflect.DelegatingConstructorAccessorImpl.newInstance(DelegatingConstructorAccessorImpl.java:45)
[2023-06-25T02:38:19.865+0000] {spark_submit.py:492} INFO - at java.base/java.lang.reflect.Constructor.newInstance(Constructor.java:490)
[2023-06-25T02:38:19.865+0000] {spark_submit.py:492} INFO - at py4j.reflection.MethodInvoker.invoke(MethodInvoker.java:247)
[2023-06-25T02:38:19.866+0000] {spark_submit.py:492} INFO - at py4j.reflection.ReflectionEngine.invoke(ReflectionEngine.java:357)
[2023-06-25T02:38:19.866+0000] {spark_submit.py:492} INFO - at py4j.Gateway.invoke(Gateway.java:238)
[2023-06-25T02:38:19.866+0000] {spark_submit.py:492} INFO - at py4j.commands.ConstructorCommand.invokeConstructor(ConstructorCommand.java:80)
[2023-06-25T02:38:19.866+0000] {spark_submit.py:492} INFO - at py4j.commands.ConstructorCommand.execute(ConstructorCommand.java:69)
[2023-06-25T02:38:19.866+0000] {spark_submit.py:492} INFO - at py4j.ClientServerConnection.waitForCommands(ClientServerConnection.java:182)
[2023-06-25T02:38:19.866+0000] {spark_submit.py:492} INFO - at py4j.ClientServerConnection.run(ClientServerConnection.java:106)
[2023-06-25T02:38:19.866+0000] {spark_submit.py:492} INFO - at java.base/java.lang.Thread.run(Thread.java:829)
[2023-06-25T02:38:19.875+0000] {spark_submit.py:492} INFO - 23/06/25 02:38:19 INFO SparkUI: Stopped Spark web UI at http://a8d69ab09d2d:4040
[2023-06-25T02:38:19.943+0000] {spark_submit.py:492} INFO - 23/06/25 02:38:19 INFO MapOutputTrackerMasterEndpoint: MapOutputTrackerMasterEndpoint stopped!
[2023-06-25T02:38:19.959+0000] {spark_submit.py:492} INFO - 23/06/25 02:38:19 INFO MemoryStore: MemoryStore cleared
[2023-06-25T02:38:19.959+0000] {spark_submit.py:492} INFO - 23/06/25 02:38:19 INFO BlockManager: BlockManager stopped
[2023-06-25T02:38:19.970+0000] {spark_submit.py:492} INFO - 23/06/25 02:38:19 INFO BlockManagerMaster: BlockManagerMaster stopped
[2023-06-25T02:38:19.971+0000] {spark_submit.py:492} INFO - 23/06/25 02:38:19 WARN MetricsSystem: Stopping a MetricsSystem that is not running
[2023-06-25T02:38:19.973+0000] {spark_submit.py:492} INFO - 23/06/25 02:38:19 INFO OutputCommitCoordinator$OutputCommitCoordinatorEndpoint: OutputCommitCoordinator stopped!
[2023-06-25T02:38:19.990+0000] {spark_submit.py:492} INFO - 23/06/25 02:38:19 INFO SparkContext: Successfully stopped SparkContext
[2023-06-25T02:38:19.990+0000] {spark_submit.py:492} INFO - Traceback (most recent call last):
[2023-06-25T02:38:19.990+0000] {spark_submit.py:492} INFO - File "/opt/***/dags/spark_etl_spark_minio.py", line 9, in <module>
[2023-06-25T02:38:19.990+0000] {spark_submit.py:492} INFO - SparkSession.builder.config(
[2023-06-25T02:38:19.990+0000] {spark_submit.py:492} INFO - File "/opt/spark/python/lib/pyspark.zip/pyspark/sql/session.py", line 228, in getOrCreate
[2023-06-25T02:38:19.991+0000] {spark_submit.py:492} INFO - File "/opt/spark/python/lib/pyspark.zip/pyspark/context.py", line 392, in getOrCreate
[2023-06-25T02:38:19.991+0000] {spark_submit.py:492} INFO - File "/opt/spark/python/lib/pyspark.zip/pyspark/context.py", line 146, in __init__
[2023-06-25T02:38:19.991+0000] {spark_submit.py:492} INFO - File "/opt/spark/python/lib/pyspark.zip/pyspark/context.py", line 209, in _do_init
[2023-06-25T02:38:19.991+0000] {spark_submit.py:492} INFO - File "/opt/spark/python/lib/pyspark.zip/pyspark/context.py", line 329, in _initialize_context
[2023-06-25T02:38:19.991+0000] {spark_submit.py:492} INFO - File "/opt/spark/python/lib/py4j-0.10.9.2-src.zip/py4j/java_gateway.py", line 1573, in __call__
[2023-06-25T02:38:19.991+0000] {spark_submit.py:492} INFO - File "/opt/spark/python/lib/py4j-0.10.9.2-src.zip/py4j/protocol.py", line 326, in get_return_value
[2023-06-25T02:38:19.992+0000] {spark_submit.py:492} INFO - py4j.protocol.Py4JJavaError: An error occurred while calling None.org.apache.spark.api.java.JavaSparkContext.
[2023-06-25T02:38:19.992+0000] {spark_submit.py:492} INFO - : java.io.FileNotFoundException: File file:/opt/spark/jars/hadoop-aws-3.2.0.jar does not exist
[2023-06-25T02:38:19.992+0000] {spark_submit.py:492} INFO - at org.apache.hadoop.fs.RawLocalFileSystem.deprecatedGetFileStatus(RawLocalFileSystem.java:779)
[2023-06-25T02:38:19.992+0000] {spark_submit.py:492} INFO - at org.apache.hadoop.fs.RawLocalFileSystem.getFileLinkStatusInternal(RawLocalFileSystem.java:1100)
[2023-06-25T02:38:19.992+0000] {spark_submit.py:492} INFO - at org.apache.hadoop.fs.RawLocalFileSystem.getFileStatus(RawLocalFileSystem.java:769)
[2023-06-25T02:38:19.992+0000] {spark_submit.py:492} INFO - at org.apache.hadoop.fs.FilterFileSystem.getFileStatus(FilterFileSystem.java:462)
[2023-06-25T02:38:19.992+0000] {spark_submit.py:492} INFO - at org.apache.spark.SparkContext.addFile(SparkContext.scala:1606)
[2023-06-25T02:38:19.992+0000] {spark_submit.py:492} INFO - at org.apache.spark.SparkContext.$anonfun$new$13(SparkContext.scala:510)
[2023-06-25T02:38:19.992+0000] {spark_submit.py:492} INFO - at org.apache.spark.SparkContext.$anonfun$new$13$adapted(SparkContext.scala:510)
[2023-06-25T02:38:19.992+0000] {spark_submit.py:492} INFO - at scala.collection.immutable.List.foreach(List.scala:431)
[2023-06-25T02:38:19.993+0000] {spark_submit.py:492} INFO - at org.apache.spark.SparkContext.<init>(SparkContext.scala:510)
[2023-06-25T02:38:19.993+0000] {spark_submit.py:492} INFO - at org.apache.spark.api.java.JavaSparkContext.<init>(JavaSparkContext.scala:58)
[2023-06-25T02:38:19.993+0000] {spark_submit.py:492} INFO - at java.base/jdk.internal.reflect.NativeConstructorAccessorImpl.newInstance0(Native Method)
[2023-06-25T02:38:19.993+0000] {spark_submit.py:492} INFO - at java.base/jdk.internal.reflect.NativeConstructorAccessorImpl.newInstance(NativeConstructorAccessorImpl.java:62)
[2023-06-25T02:38:19.993+0000] {spark_submit.py:492} INFO - at java.base/jdk.internal.reflect.DelegatingConstructorAccessorImpl.newInstance(DelegatingConstructorAccessorImpl.java:45)
[2023-06-25T02:38:19.993+0000] {spark_submit.py:492} INFO - at java.base/java.lang.reflect.Constructor.newInstance(Constructor.java:490)
[2023-06-25T02:38:19.993+0000] {spark_submit.py:492} INFO - at py4j.reflection.MethodInvoker.invoke(MethodInvoker.java:247)
[2023-06-25T02:38:19.993+0000] {spark_submit.py:492} INFO - at py4j.reflection.ReflectionEngine.invoke(ReflectionEngine.java:357)
[2023-06-25T02:38:19.993+0000] {spark_submit.py:492} INFO - at py4j.Gateway.invoke(Gateway.java:238)
[2023-06-25T02:38:19.994+0000] {spark_submit.py:492} INFO - at py4j.commands.ConstructorCommand.invokeConstructor(ConstructorCommand.java:80)
[2023-06-25T02:38:19.994+0000] {spark_submit.py:492} INFO - at py4j.commands.ConstructorCommand.execute(ConstructorCommand.java:69)
[2023-06-25T02:38:19.994+0000] {spark_submit.py:492} INFO - at py4j.ClientServerConnection.waitForCommands(ClientServerConnection.java:182)
[2023-06-25T02:38:19.994+0000] {spark_submit.py:492} INFO - at py4j.ClientServerConnection.run(ClientServerConnection.java:106)
[2023-06-25T02:38:19.994+0000] {spark_submit.py:492} INFO - at java.base/java.lang.Thread.run(Thread.java:829)
[2023-06-25T02:38:19.994+0000] {spark_submit.py:492} INFO - 
[2023-06-25T02:38:20.033+0000] {spark_submit.py:492} INFO - 23/06/25 02:38:20 INFO ShutdownHookManager: Shutdown hook called
[2023-06-25T02:38:20.033+0000] {spark_submit.py:492} INFO - 23/06/25 02:38:20 INFO ShutdownHookManager: Deleting directory /tmp/spark-6c194973-404c-494d-9233-6dd21dbdc0a2
[2023-06-25T02:38:20.037+0000] {spark_submit.py:492} INFO - 23/06/25 02:38:20 INFO ShutdownHookManager: Deleting directory /tmp/spark-631a0770-65c7-4ff2-87cb-bcd5a83d4a04
[2023-06-25T02:38:20.077+0000] {taskinstance.py:1775} ERROR - Task failed with exception
Traceback (most recent call last):
  File "/home/airflow/.local/lib/python3.8/site-packages/airflow/providers/apache/spark/operators/spark_submit.py", line 157, in execute
    self._hook.submit(self._application)
  File "/home/airflow/.local/lib/python3.8/site-packages/airflow/providers/apache/spark/hooks/spark_submit.py", line 423, in submit
    raise AirflowException(
airflow.exceptions.AirflowException: Cannot execute: spark-submit --master spark://spark:7077 --files /opt/spark/jars/hadoop-aws-3.2.0.jar, /opt/spark/jars/aws-java-sdk-bundle-1.11.375.jar --name arrow-spark /opt/***/dags/spark_etl_spark_minio.py. Error code is: 1.
[2023-06-25T02:38:20.080+0000] {taskinstance.py:1321} INFO - Marking task as UP_FOR_RETRY. dag_id=spark_etl_minio_v8, task_id=spark_submit_task, execution_date=20230624T000000, start_date=20230625T023816, end_date=20230625T023820
[2023-06-25T02:38:20.092+0000] {standard_task_runner.py:100} ERROR - Failed to execute job 166 for task spark_submit_task (Cannot execute: spark-submit --master spark://spark:7077 --files /opt/spark/jars/hadoop-aws-3.2.0.jar, /opt/spark/jars/aws-java-sdk-bundle-1.11.375.jar --name arrow-spark /opt/***/dags/spark_etl_spark_minio.py. Error code is: 1.; 1149)
[2023-06-25T02:38:20.116+0000] {local_task_job.py:212} INFO - Task exited with return code 1
[2023-06-25T02:38:20.133+0000] {taskinstance.py:2585} INFO - 0 downstream tasks scheduled from follow-on schedule check
