[2023-06-25T05:45:39.089+0000] {taskinstance.py:1084} INFO - Dependencies all met for dep_context=non-requeueable deps ti=<TaskInstance: spark_etl_minio_v12.spark_submit_task scheduled__2023-06-24T00:00:00+00:00 [queued]>
[2023-06-25T05:45:39.100+0000] {taskinstance.py:1084} INFO - Dependencies all met for dep_context=requeueable deps ti=<TaskInstance: spark_etl_minio_v12.spark_submit_task scheduled__2023-06-24T00:00:00+00:00 [queued]>
[2023-06-25T05:45:39.100+0000] {taskinstance.py:1282} INFO - 
--------------------------------------------------------------------------------
[2023-06-25T05:45:39.101+0000] {taskinstance.py:1283} INFO - Starting attempt 1 of 6
[2023-06-25T05:45:39.101+0000] {taskinstance.py:1284} INFO - 
--------------------------------------------------------------------------------
[2023-06-25T05:45:39.117+0000] {taskinstance.py:1303} INFO - Executing <Task(SparkSubmitOperator): spark_submit_task> on 2023-06-24 00:00:00+00:00
[2023-06-25T05:45:39.123+0000] {standard_task_runner.py:55} INFO - Started process 24065 to run task
[2023-06-25T05:45:39.128+0000] {standard_task_runner.py:82} INFO - Running: ['***', 'tasks', 'run', 'spark_etl_minio_v12', 'spark_submit_task', 'scheduled__2023-06-24T00:00:00+00:00', '--job-id', '222', '--raw', '--subdir', 'DAGS_FOLDER/spark_job_minio_v1.py', '--cfg-path', '/tmp/tmpo7j3a_rw']
[2023-06-25T05:45:39.128+0000] {standard_task_runner.py:83} INFO - Job 222: Subtask spark_submit_task
[2023-06-25T05:45:39.143+0000] {warnings.py:109} WARNING - /home/***/.local/lib/python3.8/site-packages/***/settings.py:250: DeprecationWarning: The sql_alchemy_conn option in [core] has been moved to the sql_alchemy_conn option in [database] - the old setting has been used, but please update your config.
  SQL_ALCHEMY_CONN = conf.get("database", "SQL_ALCHEMY_CONN")

[2023-06-25T05:45:39.167+0000] {warnings.py:109} WARNING - /home/***/.local/lib/python3.8/site-packages/***/utils/sqlalchemy.py:124: DeprecationWarning: The sql_alchemy_conn option in [core] has been moved to the sql_alchemy_conn option in [database] - the old setting has been used, but please update your config.
  return not conf.get("database", "sql_alchemy_conn").startswith("mssql")

[2023-06-25T05:45:39.201+0000] {task_command.py:388} INFO - Running <TaskInstance: spark_etl_minio_v12.spark_submit_task scheduled__2023-06-24T00:00:00+00:00 [running]> on host a8d69ab09d2d
[2023-06-25T05:45:39.278+0000] {taskinstance.py:1509} INFO - Exporting the following env vars:
AIRFLOW_CTX_DAG_OWNER=***
AIRFLOW_CTX_DAG_ID=spark_etl_minio_v12
AIRFLOW_CTX_TASK_ID=spark_submit_task
AIRFLOW_CTX_EXECUTION_DATE=2023-06-24T00:00:00+00:00
AIRFLOW_CTX_TRY_NUMBER=1
AIRFLOW_CTX_DAG_RUN_ID=scheduled__2023-06-24T00:00:00+00:00
[2023-06-25T05:45:39.287+0000] {base.py:73} INFO - Using connection ID 'spark_conn' for task execution.
[2023-06-25T05:45:39.289+0000] {spark_submit.py:341} INFO - Spark-Submit cmd: spark-submit --master spark://spark:7077 --jars local:///opt/spark/jars/hadoop-aws-3.2.0.jar,local:///opt/spark/jars/aws-java-sdk-bundle-1.11.375.jar --name arrow-spark /opt/***/dags/spark_etl_spark_minio.py
[2023-06-25T05:45:40.755+0000] {spark_submit.py:492} INFO - WARNING: An illegal reflective access operation has occurred
[2023-06-25T05:45:40.755+0000] {spark_submit.py:492} INFO - WARNING: Illegal reflective access by org.apache.spark.unsafe.Platform (file:/opt/spark/jars/spark-unsafe_2.12-3.2.0.jar) to constructor java.nio.DirectByteBuffer(long,int)
[2023-06-25T05:45:40.756+0000] {spark_submit.py:492} INFO - WARNING: Please consider reporting this to the maintainers of org.apache.spark.unsafe.Platform
[2023-06-25T05:45:40.758+0000] {spark_submit.py:492} INFO - WARNING: Use --illegal-access=warn to enable warnings of further illegal reflective access operations
[2023-06-25T05:45:40.758+0000] {spark_submit.py:492} INFO - WARNING: All illegal access operations will be denied in a future release
[2023-06-25T05:45:41.329+0000] {spark_submit.py:492} INFO - Using Spark's default log4j profile: org/apache/spark/log4j-defaults.properties
[2023-06-25T05:45:41.331+0000] {spark_submit.py:492} INFO - 23/06/25 05:45:41 WARN DependencyUtils: Local jar /opt/spark/jars/hadoop-aws-3.2.0.jar does not exist, skipping.
[2023-06-25T05:45:41.331+0000] {spark_submit.py:492} INFO - 23/06/25 05:45:41 WARN DependencyUtils: Local jar /opt/spark/jars/aws-java-sdk-bundle-1.11.375.jar does not exist, skipping.
[2023-06-25T05:45:43.097+0000] {spark_submit.py:492} INFO - 23/06/25 05:45:43 INFO SparkContext: Running Spark version 3.2.0
[2023-06-25T05:45:43.300+0000] {spark_submit.py:492} INFO - 23/06/25 05:45:43 WARN NativeCodeLoader: Unable to load native-hadoop library for your platform... using builtin-java classes where applicable
[2023-06-25T05:45:43.730+0000] {spark_submit.py:492} INFO - 23/06/25 05:45:43 INFO ResourceUtils: ==============================================================
[2023-06-25T05:45:43.733+0000] {spark_submit.py:492} INFO - 23/06/25 05:45:43 INFO ResourceUtils: No custom resources configured for spark.driver.
[2023-06-25T05:45:43.734+0000] {spark_submit.py:492} INFO - 23/06/25 05:45:43 INFO ResourceUtils: ==============================================================
[2023-06-25T05:45:43.739+0000] {spark_submit.py:492} INFO - 23/06/25 05:45:43 INFO SparkContext: Submitted application: arrow-spark
[2023-06-25T05:45:43.934+0000] {spark_submit.py:492} INFO - 23/06/25 05:45:43 INFO ResourceProfile: Default ResourceProfile created, executor resources: Map(cores -> name: cores, amount: 1, script: , vendor: , memory -> name: memory, amount: 1024, script: , vendor: , offHeap -> name: offHeap, amount: 0, script: , vendor: ), task resources: Map(cpus -> name: cpus, amount: 1.0)
[2023-06-25T05:45:43.977+0000] {spark_submit.py:492} INFO - 23/06/25 05:45:43 INFO ResourceProfile: Limiting resource is cpu
[2023-06-25T05:45:43.979+0000] {spark_submit.py:492} INFO - 23/06/25 05:45:43 INFO ResourceProfileManager: Added ResourceProfile id: 0
[2023-06-25T05:45:44.122+0000] {spark_submit.py:492} INFO - 23/06/25 05:45:44 INFO SecurityManager: Changing view acls to: default
[2023-06-25T05:45:44.123+0000] {spark_submit.py:492} INFO - 23/06/25 05:45:44 INFO SecurityManager: Changing modify acls to: default
[2023-06-25T05:45:44.124+0000] {spark_submit.py:492} INFO - 23/06/25 05:45:44 INFO SecurityManager: Changing view acls groups to:
[2023-06-25T05:45:44.125+0000] {spark_submit.py:492} INFO - 23/06/25 05:45:44 INFO SecurityManager: Changing modify acls groups to:
[2023-06-25T05:45:44.126+0000] {spark_submit.py:492} INFO - 23/06/25 05:45:44 INFO SecurityManager: SecurityManager: authentication disabled; ui acls disabled; users  with view permissions: Set(default); groups with view permissions: Set(); users  with modify permissions: Set(default); groups with modify permissions: Set()
[2023-06-25T05:45:44.788+0000] {spark_submit.py:492} INFO - 23/06/25 05:45:44 INFO Utils: Successfully started service 'sparkDriver' on port 46371.
[2023-06-25T05:45:44.868+0000] {spark_submit.py:492} INFO - 23/06/25 05:45:44 INFO SparkEnv: Registering MapOutputTracker
[2023-06-25T05:45:44.937+0000] {spark_submit.py:492} INFO - 23/06/25 05:45:44 INFO SparkEnv: Registering BlockManagerMaster
[2023-06-25T05:45:44.968+0000] {spark_submit.py:492} INFO - 23/06/25 05:45:44 INFO BlockManagerMasterEndpoint: Using org.apache.spark.storage.DefaultTopologyMapper for getting topology information
[2023-06-25T05:45:44.970+0000] {spark_submit.py:492} INFO - 23/06/25 05:45:44 INFO BlockManagerMasterEndpoint: BlockManagerMasterEndpoint up
[2023-06-25T05:45:44.980+0000] {spark_submit.py:492} INFO - 23/06/25 05:45:44 INFO SparkEnv: Registering BlockManagerMasterHeartbeat
[2023-06-25T05:45:45.041+0000] {spark_submit.py:492} INFO - 23/06/25 05:45:45 INFO DiskBlockManager: Created local directory at /tmp/blockmgr-819e3f54-8370-4f64-888d-4f5b6e40a5d9
[2023-06-25T05:45:45.078+0000] {spark_submit.py:492} INFO - 23/06/25 05:45:45 INFO MemoryStore: MemoryStore started with capacity 434.4 MiB
[2023-06-25T05:45:45.102+0000] {spark_submit.py:492} INFO - 23/06/25 05:45:45 INFO SparkEnv: Registering OutputCommitCoordinator
[2023-06-25T05:45:45.377+0000] {spark_submit.py:492} INFO - 23/06/25 05:45:45 WARN Utils: Service 'SparkUI' could not bind on port 4040. Attempting port 4041.
[2023-06-25T05:45:45.377+0000] {spark_submit.py:492} INFO - 23/06/25 05:45:45 WARN Utils: Service 'SparkUI' could not bind on port 4041. Attempting port 4042.
[2023-06-25T05:45:45.378+0000] {spark_submit.py:492} INFO - 23/06/25 05:45:45 WARN Utils: Service 'SparkUI' could not bind on port 4042. Attempting port 4043.
[2023-06-25T05:45:45.388+0000] {spark_submit.py:492} INFO - 23/06/25 05:45:45 INFO Utils: Successfully started service 'SparkUI' on port 4043.
[2023-06-25T05:45:45.474+0000] {spark_submit.py:492} INFO - 23/06/25 05:45:45 INFO SparkUI: Bound SparkUI to 0.0.0.0, and started at http://a8d69ab09d2d:4043
[2023-06-25T05:45:45.487+0000] {spark_submit.py:492} INFO - 23/06/25 05:45:45 INFO SparkContext: Added JAR local:///opt/spark/jars/hadoop-aws-3.2.0.jar at file:/opt/spark/jars/hadoop-aws-3.2.0.jar with timestamp 1687671943081
[2023-06-25T05:45:45.487+0000] {spark_submit.py:492} INFO - 23/06/25 05:45:45 INFO SparkContext: Added JAR local:///opt/spark/jars/aws-java-sdk-bundle-1.11.375.jar at file:/opt/spark/jars/aws-java-sdk-bundle-1.11.375.jar with timestamp 1687671943081
[2023-06-25T05:45:45.862+0000] {spark_submit.py:492} INFO - 23/06/25 05:45:45 INFO StandaloneAppClient$ClientEndpoint: Connecting to master spark://spark:7077...
[2023-06-25T05:45:46.036+0000] {spark_submit.py:492} INFO - 23/06/25 05:45:46 INFO TransportClientFactory: Successfully created connection to spark/172.19.0.9:7077 after 57 ms (0 ms spent in bootstraps)
[2023-06-25T05:45:46.242+0000] {spark_submit.py:492} INFO - 23/06/25 05:45:46 INFO StandaloneSchedulerBackend: Connected to Spark cluster with app ID app-20230625054546-0018
[2023-06-25T05:45:46.269+0000] {spark_submit.py:492} INFO - 23/06/25 05:45:46 INFO Utils: Successfully started service 'org.apache.spark.network.netty.NettyBlockTransferService' on port 39835.
[2023-06-25T05:45:46.269+0000] {spark_submit.py:492} INFO - 23/06/25 05:45:46 INFO NettyBlockTransferService: Server created on a8d69ab09d2d:39835
[2023-06-25T05:45:46.271+0000] {spark_submit.py:492} INFO - 23/06/25 05:45:46 INFO BlockManager: Using org.apache.spark.storage.RandomBlockReplicationPolicy for block replication policy
[2023-06-25T05:45:46.283+0000] {spark_submit.py:492} INFO - 23/06/25 05:45:46 INFO BlockManagerMaster: Registering BlockManager BlockManagerId(driver, a8d69ab09d2d, 39835, None)
[2023-06-25T05:45:46.290+0000] {spark_submit.py:492} INFO - 23/06/25 05:45:46 INFO BlockManagerMasterEndpoint: Registering block manager a8d69ab09d2d:39835 with 434.4 MiB RAM, BlockManagerId(driver, a8d69ab09d2d, 39835, None)
[2023-06-25T05:45:46.292+0000] {spark_submit.py:492} INFO - 23/06/25 05:45:46 INFO BlockManagerMaster: Registered BlockManager BlockManagerId(driver, a8d69ab09d2d, 39835, None)
[2023-06-25T05:45:46.294+0000] {spark_submit.py:492} INFO - 23/06/25 05:45:46 INFO BlockManager: Initialized BlockManager: BlockManagerId(driver, a8d69ab09d2d, 39835, None)
[2023-06-25T05:45:46.737+0000] {spark_submit.py:492} INFO - 23/06/25 05:45:46 INFO StandaloneSchedulerBackend: SchedulerBackend is ready for scheduling beginning after reached minRegisteredResourcesRatio: 0.0
[2023-06-25T05:45:47.052+0000] {spark_submit.py:492} INFO - 23/06/25 05:45:47 INFO SharedState: Setting hive.metastore.warehouse.dir ('null') to the value of spark.sql.warehouse.dir.
[2023-06-25T05:45:47.082+0000] {spark_submit.py:492} INFO - 23/06/25 05:45:47 INFO SharedState: Warehouse path is 'file:/opt/***/spark-warehouse'.
[2023-06-25T05:45:50.865+0000] {spark_submit.py:492} INFO - 23/06/25 05:45:50 INFO CodeGenerator: Code generated in 118.780984 ms
[2023-06-25T05:45:50.890+0000] {spark_submit.py:492} INFO - 23/06/25 05:45:50 INFO SparkContext: Starting job: showString at NativeMethodAccessorImpl.java:0
[2023-06-25T05:45:50.902+0000] {spark_submit.py:492} INFO - 23/06/25 05:45:50 INFO DAGScheduler: Got job 0 (showString at NativeMethodAccessorImpl.java:0) with 1 output partitions
[2023-06-25T05:45:50.902+0000] {spark_submit.py:492} INFO - 23/06/25 05:45:50 INFO DAGScheduler: Final stage: ResultStage 0 (showString at NativeMethodAccessorImpl.java:0)
[2023-06-25T05:45:50.902+0000] {spark_submit.py:492} INFO - 23/06/25 05:45:50 INFO DAGScheduler: Parents of final stage: List()
[2023-06-25T05:45:50.903+0000] {spark_submit.py:492} INFO - 23/06/25 05:45:50 INFO DAGScheduler: Missing parents: List()
[2023-06-25T05:45:50.907+0000] {spark_submit.py:492} INFO - 23/06/25 05:45:50 INFO DAGScheduler: Submitting ResultStage 0 (MapPartitionsRDD[6] at showString at NativeMethodAccessorImpl.java:0), which has no missing parents
[2023-06-25T05:45:50.998+0000] {spark_submit.py:492} INFO - 23/06/25 05:45:50 INFO MemoryStore: Block broadcast_0 stored as values in memory (estimated size 11.7 KiB, free 434.4 MiB)
[2023-06-25T05:45:51.026+0000] {spark_submit.py:492} INFO - 23/06/25 05:45:51 INFO MemoryStore: Block broadcast_0_piece0 stored as bytes in memory (estimated size 6.2 KiB, free 434.4 MiB)
[2023-06-25T05:45:51.029+0000] {spark_submit.py:492} INFO - 23/06/25 05:45:51 INFO BlockManagerInfo: Added broadcast_0_piece0 in memory on a8d69ab09d2d:39835 (size: 6.2 KiB, free: 434.4 MiB)
[2023-06-25T05:45:51.032+0000] {spark_submit.py:492} INFO - 23/06/25 05:45:51 INFO SparkContext: Created broadcast 0 from broadcast at DAGScheduler.scala:1427
[2023-06-25T05:45:51.045+0000] {spark_submit.py:492} INFO - 23/06/25 05:45:51 INFO DAGScheduler: Submitting 1 missing tasks from ResultStage 0 (MapPartitionsRDD[6] at showString at NativeMethodAccessorImpl.java:0) (first 15 tasks are for partitions Vector(0))
[2023-06-25T05:45:51.045+0000] {spark_submit.py:492} INFO - 23/06/25 05:45:51 INFO TaskSchedulerImpl: Adding task set 0.0 with 1 tasks resource profile 0
[2023-06-25T05:46:06.064+0000] {spark_submit.py:492} INFO - 23/06/25 05:46:06 WARN TaskSchedulerImpl: Initial job has not accepted any resources; check your cluster UI to ensure that workers are registered and have sufficient resources
[2023-06-25T05:46:21.063+0000] {spark_submit.py:492} INFO - 23/06/25 05:46:21 WARN TaskSchedulerImpl: Initial job has not accepted any resources; check your cluster UI to ensure that workers are registered and have sufficient resources
[2023-06-25T05:46:36.064+0000] {spark_submit.py:492} INFO - 23/06/25 05:46:36 WARN TaskSchedulerImpl: Initial job has not accepted any resources; check your cluster UI to ensure that workers are registered and have sufficient resources
[2023-06-25T05:46:51.069+0000] {spark_submit.py:492} INFO - 23/06/25 05:46:51 WARN TaskSchedulerImpl: Initial job has not accepted any resources; check your cluster UI to ensure that workers are registered and have sufficient resources
[2023-06-25T05:47:06.063+0000] {spark_submit.py:492} INFO - 23/06/25 05:47:06 WARN TaskSchedulerImpl: Initial job has not accepted any resources; check your cluster UI to ensure that workers are registered and have sufficient resources
[2023-06-25T05:47:21.063+0000] {spark_submit.py:492} INFO - 23/06/25 05:47:21 WARN TaskSchedulerImpl: Initial job has not accepted any resources; check your cluster UI to ensure that workers are registered and have sufficient resources
[2023-06-25T05:47:36.063+0000] {spark_submit.py:492} INFO - 23/06/25 05:47:36 WARN TaskSchedulerImpl: Initial job has not accepted any resources; check your cluster UI to ensure that workers are registered and have sufficient resources
[2023-06-25T05:47:51.064+0000] {spark_submit.py:492} INFO - 23/06/25 05:47:51 WARN TaskSchedulerImpl: Initial job has not accepted any resources; check your cluster UI to ensure that workers are registered and have sufficient resources
[2023-06-25T05:48:06.064+0000] {spark_submit.py:492} INFO - 23/06/25 05:48:06 WARN TaskSchedulerImpl: Initial job has not accepted any resources; check your cluster UI to ensure that workers are registered and have sufficient resources
[2023-06-25T05:48:21.063+0000] {spark_submit.py:492} INFO - 23/06/25 05:48:21 WARN TaskSchedulerImpl: Initial job has not accepted any resources; check your cluster UI to ensure that workers are registered and have sufficient resources
[2023-06-25T05:48:36.067+0000] {spark_submit.py:492} INFO - 23/06/25 05:48:36 WARN TaskSchedulerImpl: Initial job has not accepted any resources; check your cluster UI to ensure that workers are registered and have sufficient resources
[2023-06-25T05:48:51.063+0000] {spark_submit.py:492} INFO - 23/06/25 05:48:51 WARN TaskSchedulerImpl: Initial job has not accepted any resources; check your cluster UI to ensure that workers are registered and have sufficient resources
[2023-06-25T05:49:06.063+0000] {spark_submit.py:492} INFO - 23/06/25 05:49:06 WARN TaskSchedulerImpl: Initial job has not accepted any resources; check your cluster UI to ensure that workers are registered and have sufficient resources
[2023-06-25T05:49:21.063+0000] {spark_submit.py:492} INFO - 23/06/25 05:49:21 WARN TaskSchedulerImpl: Initial job has not accepted any resources; check your cluster UI to ensure that workers are registered and have sufficient resources
[2023-06-25T05:49:36.064+0000] {spark_submit.py:492} INFO - 23/06/25 05:49:36 WARN TaskSchedulerImpl: Initial job has not accepted any resources; check your cluster UI to ensure that workers are registered and have sufficient resources
[2023-06-25T05:49:51.063+0000] {spark_submit.py:492} INFO - 23/06/25 05:49:51 WARN TaskSchedulerImpl: Initial job has not accepted any resources; check your cluster UI to ensure that workers are registered and have sufficient resources
[2023-06-25T05:50:06.063+0000] {spark_submit.py:492} INFO - 23/06/25 05:50:06 WARN TaskSchedulerImpl: Initial job has not accepted any resources; check your cluster UI to ensure that workers are registered and have sufficient resources
[2023-06-25T05:50:21.063+0000] {spark_submit.py:492} INFO - 23/06/25 05:50:21 WARN TaskSchedulerImpl: Initial job has not accepted any resources; check your cluster UI to ensure that workers are registered and have sufficient resources
[2023-06-25T05:50:36.063+0000] {spark_submit.py:492} INFO - 23/06/25 05:50:36 WARN TaskSchedulerImpl: Initial job has not accepted any resources; check your cluster UI to ensure that workers are registered and have sufficient resources
[2023-06-25T05:50:51.064+0000] {spark_submit.py:492} INFO - 23/06/25 05:50:51 WARN TaskSchedulerImpl: Initial job has not accepted any resources; check your cluster UI to ensure that workers are registered and have sufficient resources
[2023-06-25T05:51:06.063+0000] {spark_submit.py:492} INFO - 23/06/25 05:51:06 WARN TaskSchedulerImpl: Initial job has not accepted any resources; check your cluster UI to ensure that workers are registered and have sufficient resources
[2023-06-25T05:51:21.063+0000] {spark_submit.py:492} INFO - 23/06/25 05:51:21 WARN TaskSchedulerImpl: Initial job has not accepted any resources; check your cluster UI to ensure that workers are registered and have sufficient resources
[2023-06-25T05:51:28.672+0000] {spark_submit.py:492} INFO - 23/06/25 05:51:28 WARN StandaloneAppClient$ClientEndpoint: Connection to bce6080000f5:7077 failed; waiting for master to reconnect...
[2023-06-25T05:51:28.672+0000] {spark_submit.py:492} INFO - 23/06/25 05:51:28 WARN StandaloneSchedulerBackend: Disconnected from Spark cluster! Waiting for reconnection...
[2023-06-25T05:51:36.063+0000] {spark_submit.py:492} INFO - 23/06/25 05:51:36 WARN TaskSchedulerImpl: Initial job has not accepted any resources; check your cluster UI to ensure that workers are registered and have sufficient resources
[2023-06-25T05:51:51.064+0000] {spark_submit.py:492} INFO - 23/06/25 05:51:51 WARN TaskSchedulerImpl: Initial job has not accepted any resources; check your cluster UI to ensure that workers are registered and have sufficient resources
[2023-06-25T05:52:06.063+0000] {spark_submit.py:492} INFO - 23/06/25 05:52:06 WARN TaskSchedulerImpl: Initial job has not accepted any resources; check your cluster UI to ensure that workers are registered and have sufficient resources
[2023-06-25T05:52:21.063+0000] {spark_submit.py:492} INFO - 23/06/25 05:52:21 WARN TaskSchedulerImpl: Initial job has not accepted any resources; check your cluster UI to ensure that workers are registered and have sufficient resources
[2023-06-25T05:52:36.064+0000] {spark_submit.py:492} INFO - 23/06/25 05:52:36 WARN TaskSchedulerImpl: Initial job has not accepted any resources; check your cluster UI to ensure that workers are registered and have sufficient resources
[2023-06-25T05:52:51.064+0000] {spark_submit.py:492} INFO - 23/06/25 05:52:51 WARN TaskSchedulerImpl: Initial job has not accepted any resources; check your cluster UI to ensure that workers are registered and have sufficient resources
[2023-06-25T05:53:06.063+0000] {spark_submit.py:492} INFO - 23/06/25 05:53:06 WARN TaskSchedulerImpl: Initial job has not accepted any resources; check your cluster UI to ensure that workers are registered and have sufficient resources
[2023-06-25T05:53:21.064+0000] {spark_submit.py:492} INFO - 23/06/25 05:53:21 WARN TaskSchedulerImpl: Initial job has not accepted any resources; check your cluster UI to ensure that workers are registered and have sufficient resources
[2023-06-25T05:53:36.063+0000] {spark_submit.py:492} INFO - 23/06/25 05:53:36 WARN TaskSchedulerImpl: Initial job has not accepted any resources; check your cluster UI to ensure that workers are registered and have sufficient resources
[2023-06-25T05:53:51.063+0000] {spark_submit.py:492} INFO - 23/06/25 05:53:51 WARN TaskSchedulerImpl: Initial job has not accepted any resources; check your cluster UI to ensure that workers are registered and have sufficient resources
[2023-06-25T05:54:06.063+0000] {spark_submit.py:492} INFO - 23/06/25 05:54:06 WARN TaskSchedulerImpl: Initial job has not accepted any resources; check your cluster UI to ensure that workers are registered and have sufficient resources
[2023-06-25T05:54:21.064+0000] {spark_submit.py:492} INFO - 23/06/25 05:54:21 WARN TaskSchedulerImpl: Initial job has not accepted any resources; check your cluster UI to ensure that workers are registered and have sufficient resources
[2023-06-25T05:54:36.063+0000] {spark_submit.py:492} INFO - 23/06/25 05:54:36 WARN TaskSchedulerImpl: Initial job has not accepted any resources; check your cluster UI to ensure that workers are registered and have sufficient resources
[2023-06-25T05:54:51.063+0000] {spark_submit.py:492} INFO - 23/06/25 05:54:51 WARN TaskSchedulerImpl: Initial job has not accepted any resources; check your cluster UI to ensure that workers are registered and have sufficient resources
[2023-06-25T05:55:06.063+0000] {spark_submit.py:492} INFO - 23/06/25 05:55:06 WARN TaskSchedulerImpl: Initial job has not accepted any resources; check your cluster UI to ensure that workers are registered and have sufficient resources
[2023-06-25T05:55:21.063+0000] {spark_submit.py:492} INFO - 23/06/25 05:55:21 WARN TaskSchedulerImpl: Initial job has not accepted any resources; check your cluster UI to ensure that workers are registered and have sufficient resources
[2023-06-25T05:55:36.064+0000] {spark_submit.py:492} INFO - 23/06/25 05:55:36 WARN TaskSchedulerImpl: Initial job has not accepted any resources; check your cluster UI to ensure that workers are registered and have sufficient resources
[2023-06-25T05:55:51.063+0000] {spark_submit.py:492} INFO - 23/06/25 05:55:51 WARN TaskSchedulerImpl: Initial job has not accepted any resources; check your cluster UI to ensure that workers are registered and have sufficient resources
[2023-06-25T05:56:06.063+0000] {spark_submit.py:492} INFO - 23/06/25 05:56:06 WARN TaskSchedulerImpl: Initial job has not accepted any resources; check your cluster UI to ensure that workers are registered and have sufficient resources
[2023-06-25T05:56:21.063+0000] {spark_submit.py:492} INFO - 23/06/25 05:56:21 WARN TaskSchedulerImpl: Initial job has not accepted any resources; check your cluster UI to ensure that workers are registered and have sufficient resources
[2023-06-25T05:56:36.064+0000] {spark_submit.py:492} INFO - 23/06/25 05:56:36 WARN TaskSchedulerImpl: Initial job has not accepted any resources; check your cluster UI to ensure that workers are registered and have sufficient resources
[2023-06-25T05:56:51.063+0000] {spark_submit.py:492} INFO - 23/06/25 05:56:51 WARN TaskSchedulerImpl: Initial job has not accepted any resources; check your cluster UI to ensure that workers are registered and have sufficient resources
[2023-06-25T05:57:06.063+0000] {spark_submit.py:492} INFO - 23/06/25 05:57:06 WARN TaskSchedulerImpl: Initial job has not accepted any resources; check your cluster UI to ensure that workers are registered and have sufficient resources
[2023-06-25T05:57:21.063+0000] {spark_submit.py:492} INFO - 23/06/25 05:57:21 WARN TaskSchedulerImpl: Initial job has not accepted any resources; check your cluster UI to ensure that workers are registered and have sufficient resources
[2023-06-25T05:57:36.063+0000] {spark_submit.py:492} INFO - 23/06/25 05:57:36 WARN TaskSchedulerImpl: Initial job has not accepted any resources; check your cluster UI to ensure that workers are registered and have sufficient resources
[2023-06-25T05:57:51.064+0000] {spark_submit.py:492} INFO - 23/06/25 05:57:51 WARN TaskSchedulerImpl: Initial job has not accepted any resources; check your cluster UI to ensure that workers are registered and have sufficient resources
[2023-06-25T05:58:06.063+0000] {spark_submit.py:492} INFO - 23/06/25 05:58:06 WARN TaskSchedulerImpl: Initial job has not accepted any resources; check your cluster UI to ensure that workers are registered and have sufficient resources
[2023-06-25T05:58:21.063+0000] {spark_submit.py:492} INFO - 23/06/25 05:58:21 WARN TaskSchedulerImpl: Initial job has not accepted any resources; check your cluster UI to ensure that workers are registered and have sufficient resources
[2023-06-25T05:58:36.063+0000] {spark_submit.py:492} INFO - 23/06/25 05:58:36 WARN TaskSchedulerImpl: Initial job has not accepted any resources; check your cluster UI to ensure that workers are registered and have sufficient resources
[2023-06-25T05:58:51.064+0000] {spark_submit.py:492} INFO - 23/06/25 05:58:51 WARN TaskSchedulerImpl: Initial job has not accepted any resources; check your cluster UI to ensure that workers are registered and have sufficient resources
[2023-06-25T05:59:06.063+0000] {spark_submit.py:492} INFO - 23/06/25 05:59:06 WARN TaskSchedulerImpl: Initial job has not accepted any resources; check your cluster UI to ensure that workers are registered and have sufficient resources
[2023-06-25T05:59:21.063+0000] {spark_submit.py:492} INFO - 23/06/25 05:59:21 WARN TaskSchedulerImpl: Initial job has not accepted any resources; check your cluster UI to ensure that workers are registered and have sufficient resources
[2023-06-25T05:59:36.064+0000] {spark_submit.py:492} INFO - 23/06/25 05:59:36 WARN TaskSchedulerImpl: Initial job has not accepted any resources; check your cluster UI to ensure that workers are registered and have sufficient resources
[2023-06-25T05:59:51.063+0000] {spark_submit.py:492} INFO - 23/06/25 05:59:51 WARN TaskSchedulerImpl: Initial job has not accepted any resources; check your cluster UI to ensure that workers are registered and have sufficient resources
[2023-06-25T06:00:06.063+0000] {spark_submit.py:492} INFO - 23/06/25 06:00:06 WARN TaskSchedulerImpl: Initial job has not accepted any resources; check your cluster UI to ensure that workers are registered and have sufficient resources
[2023-06-25T06:00:21.063+0000] {spark_submit.py:492} INFO - 23/06/25 06:00:21 WARN TaskSchedulerImpl: Initial job has not accepted any resources; check your cluster UI to ensure that workers are registered and have sufficient resources
[2023-06-25T06:00:36.064+0000] {spark_submit.py:492} INFO - 23/06/25 06:00:36 WARN TaskSchedulerImpl: Initial job has not accepted any resources; check your cluster UI to ensure that workers are registered and have sufficient resources
[2023-06-25T06:00:51.063+0000] {spark_submit.py:492} INFO - 23/06/25 06:00:51 WARN TaskSchedulerImpl: Initial job has not accepted any resources; check your cluster UI to ensure that workers are registered and have sufficient resources
[2023-06-25T06:01:06.063+0000] {spark_submit.py:492} INFO - 23/06/25 06:01:06 WARN TaskSchedulerImpl: Initial job has not accepted any resources; check your cluster UI to ensure that workers are registered and have sufficient resources
[2023-06-25T06:01:21.064+0000] {spark_submit.py:492} INFO - 23/06/25 06:01:21 WARN TaskSchedulerImpl: Initial job has not accepted any resources; check your cluster UI to ensure that workers are registered and have sufficient resources
[2023-06-25T06:01:36.063+0000] {spark_submit.py:492} INFO - 23/06/25 06:01:36 WARN TaskSchedulerImpl: Initial job has not accepted any resources; check your cluster UI to ensure that workers are registered and have sufficient resources
[2023-06-25T06:01:51.063+0000] {spark_submit.py:492} INFO - 23/06/25 06:01:51 WARN TaskSchedulerImpl: Initial job has not accepted any resources; check your cluster UI to ensure that workers are registered and have sufficient resources
[2023-06-25T06:02:06.064+0000] {spark_submit.py:492} INFO - 23/06/25 06:02:06 WARN TaskSchedulerImpl: Initial job has not accepted any resources; check your cluster UI to ensure that workers are registered and have sufficient resources
[2023-06-25T06:02:21.063+0000] {spark_submit.py:492} INFO - 23/06/25 06:02:21 WARN TaskSchedulerImpl: Initial job has not accepted any resources; check your cluster UI to ensure that workers are registered and have sufficient resources
[2023-06-25T06:02:36.063+0000] {spark_submit.py:492} INFO - 23/06/25 06:02:36 WARN TaskSchedulerImpl: Initial job has not accepted any resources; check your cluster UI to ensure that workers are registered and have sufficient resources
[2023-06-25T06:02:51.063+0000] {spark_submit.py:492} INFO - 23/06/25 06:02:51 WARN TaskSchedulerImpl: Initial job has not accepted any resources; check your cluster UI to ensure that workers are registered and have sufficient resources
[2023-06-25T06:03:06.064+0000] {spark_submit.py:492} INFO - 23/06/25 06:03:06 WARN TaskSchedulerImpl: Initial job has not accepted any resources; check your cluster UI to ensure that workers are registered and have sufficient resources
[2023-06-25T06:03:21.063+0000] {spark_submit.py:492} INFO - 23/06/25 06:03:21 WARN TaskSchedulerImpl: Initial job has not accepted any resources; check your cluster UI to ensure that workers are registered and have sufficient resources
[2023-06-25T06:03:36.063+0000] {spark_submit.py:492} INFO - 23/06/25 06:03:36 WARN TaskSchedulerImpl: Initial job has not accepted any resources; check your cluster UI to ensure that workers are registered and have sufficient resources
[2023-06-25T06:03:51.064+0000] {spark_submit.py:492} INFO - 23/06/25 06:03:51 WARN TaskSchedulerImpl: Initial job has not accepted any resources; check your cluster UI to ensure that workers are registered and have sufficient resources
[2023-06-25T06:04:06.063+0000] {spark_submit.py:492} INFO - 23/06/25 06:04:06 WARN TaskSchedulerImpl: Initial job has not accepted any resources; check your cluster UI to ensure that workers are registered and have sufficient resources
[2023-06-25T06:04:21.063+0000] {spark_submit.py:492} INFO - 23/06/25 06:04:21 WARN TaskSchedulerImpl: Initial job has not accepted any resources; check your cluster UI to ensure that workers are registered and have sufficient resources
[2023-06-25T06:04:36.064+0000] {spark_submit.py:492} INFO - 23/06/25 06:04:36 WARN TaskSchedulerImpl: Initial job has not accepted any resources; check your cluster UI to ensure that workers are registered and have sufficient resources
[2023-06-25T06:04:51.063+0000] {spark_submit.py:492} INFO - 23/06/25 06:04:51 WARN TaskSchedulerImpl: Initial job has not accepted any resources; check your cluster UI to ensure that workers are registered and have sufficient resources
[2023-06-25T06:05:06.063+0000] {spark_submit.py:492} INFO - 23/06/25 06:05:06 WARN TaskSchedulerImpl: Initial job has not accepted any resources; check your cluster UI to ensure that workers are registered and have sufficient resources
[2023-06-25T06:05:21.064+0000] {spark_submit.py:492} INFO - 23/06/25 06:05:21 WARN TaskSchedulerImpl: Initial job has not accepted any resources; check your cluster UI to ensure that workers are registered and have sufficient resources
[2023-06-25T06:05:36.063+0000] {spark_submit.py:492} INFO - 23/06/25 06:05:36 WARN TaskSchedulerImpl: Initial job has not accepted any resources; check your cluster UI to ensure that workers are registered and have sufficient resources
[2023-06-25T06:05:51.063+0000] {spark_submit.py:492} INFO - 23/06/25 06:05:51 WARN TaskSchedulerImpl: Initial job has not accepted any resources; check your cluster UI to ensure that workers are registered and have sufficient resources
[2023-06-25T06:06:06.063+0000] {spark_submit.py:492} INFO - 23/06/25 06:06:06 WARN TaskSchedulerImpl: Initial job has not accepted any resources; check your cluster UI to ensure that workers are registered and have sufficient resources
[2023-06-25T06:06:21.064+0000] {spark_submit.py:492} INFO - 23/06/25 06:06:21 WARN TaskSchedulerImpl: Initial job has not accepted any resources; check your cluster UI to ensure that workers are registered and have sufficient resources
[2023-06-25T06:06:36.063+0000] {spark_submit.py:492} INFO - 23/06/25 06:06:36 WARN TaskSchedulerImpl: Initial job has not accepted any resources; check your cluster UI to ensure that workers are registered and have sufficient resources
[2023-06-25T06:06:51.064+0000] {spark_submit.py:492} INFO - 23/06/25 06:06:51 WARN TaskSchedulerImpl: Initial job has not accepted any resources; check your cluster UI to ensure that workers are registered and have sufficient resources
[2023-06-25T06:07:06.063+0000] {spark_submit.py:492} INFO - 23/06/25 06:07:06 WARN TaskSchedulerImpl: Initial job has not accepted any resources; check your cluster UI to ensure that workers are registered and have sufficient resources
[2023-06-25T06:07:21.063+0000] {spark_submit.py:492} INFO - 23/06/25 06:07:21 WARN TaskSchedulerImpl: Initial job has not accepted any resources; check your cluster UI to ensure that workers are registered and have sufficient resources
[2023-06-25T06:07:36.064+0000] {spark_submit.py:492} INFO - 23/06/25 06:07:36 WARN TaskSchedulerImpl: Initial job has not accepted any resources; check your cluster UI to ensure that workers are registered and have sufficient resources
[2023-06-25T06:07:51.064+0000] {spark_submit.py:492} INFO - 23/06/25 06:07:51 WARN TaskSchedulerImpl: Initial job has not accepted any resources; check your cluster UI to ensure that workers are registered and have sufficient resources
[2023-06-25T06:08:06.063+0000] {spark_submit.py:492} INFO - 23/06/25 06:08:06 WARN TaskSchedulerImpl: Initial job has not accepted any resources; check your cluster UI to ensure that workers are registered and have sufficient resources
[2023-06-25T06:08:21.065+0000] {spark_submit.py:492} INFO - 23/06/25 06:08:21 WARN TaskSchedulerImpl: Initial job has not accepted any resources; check your cluster UI to ensure that workers are registered and have sufficient resources
[2023-06-25T06:08:36.064+0000] {spark_submit.py:492} INFO - 23/06/25 06:08:36 WARN TaskSchedulerImpl: Initial job has not accepted any resources; check your cluster UI to ensure that workers are registered and have sufficient resources
[2023-06-25T06:08:51.064+0000] {spark_submit.py:492} INFO - 23/06/25 06:08:51 WARN TaskSchedulerImpl: Initial job has not accepted any resources; check your cluster UI to ensure that workers are registered and have sufficient resources
[2023-06-25T06:09:06.063+0000] {spark_submit.py:492} INFO - 23/06/25 06:09:06 WARN TaskSchedulerImpl: Initial job has not accepted any resources; check your cluster UI to ensure that workers are registered and have sufficient resources
[2023-06-25T06:09:21.064+0000] {spark_submit.py:492} INFO - 23/06/25 06:09:21 WARN TaskSchedulerImpl: Initial job has not accepted any resources; check your cluster UI to ensure that workers are registered and have sufficient resources
[2023-06-25T06:09:36.063+0000] {spark_submit.py:492} INFO - 23/06/25 06:09:36 WARN TaskSchedulerImpl: Initial job has not accepted any resources; check your cluster UI to ensure that workers are registered and have sufficient resources
[2023-06-25T06:09:51.063+0000] {spark_submit.py:492} INFO - 23/06/25 06:09:51 WARN TaskSchedulerImpl: Initial job has not accepted any resources; check your cluster UI to ensure that workers are registered and have sufficient resources
[2023-06-25T06:10:06.063+0000] {spark_submit.py:492} INFO - 23/06/25 06:10:06 WARN TaskSchedulerImpl: Initial job has not accepted any resources; check your cluster UI to ensure that workers are registered and have sufficient resources
[2023-06-25T06:10:21.064+0000] {spark_submit.py:492} INFO - 23/06/25 06:10:21 WARN TaskSchedulerImpl: Initial job has not accepted any resources; check your cluster UI to ensure that workers are registered and have sufficient resources
[2023-06-25T06:10:36.063+0000] {spark_submit.py:492} INFO - 23/06/25 06:10:36 WARN TaskSchedulerImpl: Initial job has not accepted any resources; check your cluster UI to ensure that workers are registered and have sufficient resources
[2023-06-25T06:10:51.063+0000] {spark_submit.py:492} INFO - 23/06/25 06:10:51 WARN TaskSchedulerImpl: Initial job has not accepted any resources; check your cluster UI to ensure that workers are registered and have sufficient resources
[2023-06-25T06:11:06.063+0000] {spark_submit.py:492} INFO - 23/06/25 06:11:06 WARN TaskSchedulerImpl: Initial job has not accepted any resources; check your cluster UI to ensure that workers are registered and have sufficient resources
[2023-06-25T06:11:21.064+0000] {spark_submit.py:492} INFO - 23/06/25 06:11:21 WARN TaskSchedulerImpl: Initial job has not accepted any resources; check your cluster UI to ensure that workers are registered and have sufficient resources
[2023-06-25T06:11:36.063+0000] {spark_submit.py:492} INFO - 23/06/25 06:11:36 WARN TaskSchedulerImpl: Initial job has not accepted any resources; check your cluster UI to ensure that workers are registered and have sufficient resources
[2023-06-25T06:11:51.063+0000] {spark_submit.py:492} INFO - 23/06/25 06:11:51 WARN TaskSchedulerImpl: Initial job has not accepted any resources; check your cluster UI to ensure that workers are registered and have sufficient resources
[2023-06-25T06:12:06.064+0000] {spark_submit.py:492} INFO - 23/06/25 06:12:06 WARN TaskSchedulerImpl: Initial job has not accepted any resources; check your cluster UI to ensure that workers are registered and have sufficient resources
[2023-06-25T06:12:21.063+0000] {spark_submit.py:492} INFO - 23/06/25 06:12:21 WARN TaskSchedulerImpl: Initial job has not accepted any resources; check your cluster UI to ensure that workers are registered and have sufficient resources
[2023-06-25T06:12:36.063+0000] {spark_submit.py:492} INFO - 23/06/25 06:12:36 WARN TaskSchedulerImpl: Initial job has not accepted any resources; check your cluster UI to ensure that workers are registered and have sufficient resources
[2023-06-25T06:12:51.064+0000] {spark_submit.py:492} INFO - 23/06/25 06:12:51 WARN TaskSchedulerImpl: Initial job has not accepted any resources; check your cluster UI to ensure that workers are registered and have sufficient resources
[2023-06-25T06:13:06.064+0000] {spark_submit.py:492} INFO - 23/06/25 06:13:06 WARN TaskSchedulerImpl: Initial job has not accepted any resources; check your cluster UI to ensure that workers are registered and have sufficient resources
[2023-06-25T06:13:21.063+0000] {spark_submit.py:492} INFO - 23/06/25 06:13:21 WARN TaskSchedulerImpl: Initial job has not accepted any resources; check your cluster UI to ensure that workers are registered and have sufficient resources
[2023-06-25T06:13:36.063+0000] {spark_submit.py:492} INFO - 23/06/25 06:13:36 WARN TaskSchedulerImpl: Initial job has not accepted any resources; check your cluster UI to ensure that workers are registered and have sufficient resources
[2023-06-25T06:13:51.064+0000] {spark_submit.py:492} INFO - 23/06/25 06:13:51 WARN TaskSchedulerImpl: Initial job has not accepted any resources; check your cluster UI to ensure that workers are registered and have sufficient resources
[2023-06-25T06:14:06.063+0000] {spark_submit.py:492} INFO - 23/06/25 06:14:06 WARN TaskSchedulerImpl: Initial job has not accepted any resources; check your cluster UI to ensure that workers are registered and have sufficient resources
[2023-06-25T06:14:21.063+0000] {spark_submit.py:492} INFO - 23/06/25 06:14:21 WARN TaskSchedulerImpl: Initial job has not accepted any resources; check your cluster UI to ensure that workers are registered and have sufficient resources
[2023-06-25T06:14:36.063+0000] {spark_submit.py:492} INFO - 23/06/25 06:14:36 WARN TaskSchedulerImpl: Initial job has not accepted any resources; check your cluster UI to ensure that workers are registered and have sufficient resources
[2023-06-25T06:14:51.064+0000] {spark_submit.py:492} INFO - 23/06/25 06:14:51 WARN TaskSchedulerImpl: Initial job has not accepted any resources; check your cluster UI to ensure that workers are registered and have sufficient resources
[2023-06-25T06:15:06.063+0000] {spark_submit.py:492} INFO - 23/06/25 06:15:06 WARN TaskSchedulerImpl: Initial job has not accepted any resources; check your cluster UI to ensure that workers are registered and have sufficient resources
[2023-06-25T06:15:21.063+0000] {spark_submit.py:492} INFO - 23/06/25 06:15:21 WARN TaskSchedulerImpl: Initial job has not accepted any resources; check your cluster UI to ensure that workers are registered and have sufficient resources
[2023-06-25T06:15:36.064+0000] {spark_submit.py:492} INFO - 23/06/25 06:15:36 WARN TaskSchedulerImpl: Initial job has not accepted any resources; check your cluster UI to ensure that workers are registered and have sufficient resources
[2023-06-25T06:15:51.063+0000] {spark_submit.py:492} INFO - 23/06/25 06:15:51 WARN TaskSchedulerImpl: Initial job has not accepted any resources; check your cluster UI to ensure that workers are registered and have sufficient resources
[2023-06-25T06:16:06.063+0000] {spark_submit.py:492} INFO - 23/06/25 06:16:06 WARN TaskSchedulerImpl: Initial job has not accepted any resources; check your cluster UI to ensure that workers are registered and have sufficient resources
[2023-06-25T06:16:21.063+0000] {spark_submit.py:492} INFO - 23/06/25 06:16:21 WARN TaskSchedulerImpl: Initial job has not accepted any resources; check your cluster UI to ensure that workers are registered and have sufficient resources
[2023-06-25T06:16:36.063+0000] {spark_submit.py:492} INFO - 23/06/25 06:16:36 WARN TaskSchedulerImpl: Initial job has not accepted any resources; check your cluster UI to ensure that workers are registered and have sufficient resources
[2023-06-25T06:16:51.064+0000] {spark_submit.py:492} INFO - 23/06/25 06:16:51 WARN TaskSchedulerImpl: Initial job has not accepted any resources; check your cluster UI to ensure that workers are registered and have sufficient resources
[2023-06-25T06:17:06.063+0000] {spark_submit.py:492} INFO - 23/06/25 06:17:06 WARN TaskSchedulerImpl: Initial job has not accepted any resources; check your cluster UI to ensure that workers are registered and have sufficient resources
[2023-06-25T06:17:21.063+0000] {spark_submit.py:492} INFO - 23/06/25 06:17:21 WARN TaskSchedulerImpl: Initial job has not accepted any resources; check your cluster UI to ensure that workers are registered and have sufficient resources
[2023-06-25T06:17:36.063+0000] {spark_submit.py:492} INFO - 23/06/25 06:17:36 WARN TaskSchedulerImpl: Initial job has not accepted any resources; check your cluster UI to ensure that workers are registered and have sufficient resources
[2023-06-25T06:17:51.064+0000] {spark_submit.py:492} INFO - 23/06/25 06:17:51 WARN TaskSchedulerImpl: Initial job has not accepted any resources; check your cluster UI to ensure that workers are registered and have sufficient resources
[2023-06-25T06:18:06.063+0000] {spark_submit.py:492} INFO - 23/06/25 06:18:06 WARN TaskSchedulerImpl: Initial job has not accepted any resources; check your cluster UI to ensure that workers are registered and have sufficient resources
[2023-06-25T06:18:21.063+0000] {spark_submit.py:492} INFO - 23/06/25 06:18:21 WARN TaskSchedulerImpl: Initial job has not accepted any resources; check your cluster UI to ensure that workers are registered and have sufficient resources
[2023-06-25T06:18:36.063+0000] {spark_submit.py:492} INFO - 23/06/25 06:18:36 WARN TaskSchedulerImpl: Initial job has not accepted any resources; check your cluster UI to ensure that workers are registered and have sufficient resources
[2023-06-25T06:18:51.064+0000] {spark_submit.py:492} INFO - 23/06/25 06:18:51 WARN TaskSchedulerImpl: Initial job has not accepted any resources; check your cluster UI to ensure that workers are registered and have sufficient resources
[2023-06-25T06:19:06.067+0000] {spark_submit.py:492} INFO - 23/06/25 06:19:06 WARN TaskSchedulerImpl: Initial job has not accepted any resources; check your cluster UI to ensure that workers are registered and have sufficient resources
[2023-06-25T06:19:21.063+0000] {spark_submit.py:492} INFO - 23/06/25 06:19:21 WARN TaskSchedulerImpl: Initial job has not accepted any resources; check your cluster UI to ensure that workers are registered and have sufficient resources
[2023-06-25T06:19:36.063+0000] {spark_submit.py:492} INFO - 23/06/25 06:19:36 WARN TaskSchedulerImpl: Initial job has not accepted any resources; check your cluster UI to ensure that workers are registered and have sufficient resources
[2023-06-25T06:19:51.063+0000] {spark_submit.py:492} INFO - 23/06/25 06:19:51 WARN TaskSchedulerImpl: Initial job has not accepted any resources; check your cluster UI to ensure that workers are registered and have sufficient resources
[2023-06-25T06:20:06.064+0000] {spark_submit.py:492} INFO - 23/06/25 06:20:06 WARN TaskSchedulerImpl: Initial job has not accepted any resources; check your cluster UI to ensure that workers are registered and have sufficient resources
[2023-06-25T06:20:21.063+0000] {spark_submit.py:492} INFO - 23/06/25 06:20:21 WARN TaskSchedulerImpl: Initial job has not accepted any resources; check your cluster UI to ensure that workers are registered and have sufficient resources
[2023-06-25T06:20:36.063+0000] {spark_submit.py:492} INFO - 23/06/25 06:20:36 WARN TaskSchedulerImpl: Initial job has not accepted any resources; check your cluster UI to ensure that workers are registered and have sufficient resources
[2023-06-25T06:20:51.064+0000] {spark_submit.py:492} INFO - 23/06/25 06:20:51 WARN TaskSchedulerImpl: Initial job has not accepted any resources; check your cluster UI to ensure that workers are registered and have sufficient resources
[2023-06-25T06:21:06.063+0000] {spark_submit.py:492} INFO - 23/06/25 06:21:06 WARN TaskSchedulerImpl: Initial job has not accepted any resources; check your cluster UI to ensure that workers are registered and have sufficient resources
[2023-06-25T06:21:21.066+0000] {spark_submit.py:492} INFO - 23/06/25 06:21:21 WARN TaskSchedulerImpl: Initial job has not accepted any resources; check your cluster UI to ensure that workers are registered and have sufficient resources
[2023-06-25T06:21:41.827+0000] {spark_submit.py:492} INFO - 23/06/25 06:21:39 WARN TaskSchedulerImpl: Initial job has not accepted any resources; check your cluster UI to ensure that workers are registered and have sufficient resources
[2023-06-25T06:21:49.389+0000] {base_job.py:243} ERROR - LocalTaskJob heartbeat got an exception
Traceback (most recent call last):
  File "/home/airflow/.local/lib/python3.8/site-packages/sqlalchemy/engine/base.py", line 3361, in _wrap_pool_connect
    return fn()
  File "/home/airflow/.local/lib/python3.8/site-packages/sqlalchemy/pool/base.py", line 327, in connect
    return _ConnectionFairy._checkout(self)
  File "/home/airflow/.local/lib/python3.8/site-packages/sqlalchemy/pool/base.py", line 894, in _checkout
    fairy = _ConnectionRecord.checkout(pool)
  File "/home/airflow/.local/lib/python3.8/site-packages/sqlalchemy/pool/base.py", line 493, in checkout
    rec = pool._do_get()
  File "/home/airflow/.local/lib/python3.8/site-packages/sqlalchemy/pool/impl.py", line 256, in _do_get
    return self._create_connection()
  File "/home/airflow/.local/lib/python3.8/site-packages/sqlalchemy/pool/base.py", line 273, in _create_connection
    return _ConnectionRecord(self)
  File "/home/airflow/.local/lib/python3.8/site-packages/sqlalchemy/pool/base.py", line 388, in __init__
    self.__connect()
  File "/home/airflow/.local/lib/python3.8/site-packages/sqlalchemy/pool/base.py", line 691, in __connect
    pool.logger.debug("Error on connect(): %s", e)
  File "/home/airflow/.local/lib/python3.8/site-packages/sqlalchemy/util/langhelpers.py", line 70, in __exit__
    compat.raise_(
  File "/home/airflow/.local/lib/python3.8/site-packages/sqlalchemy/util/compat.py", line 211, in raise_
    raise exception
  File "/home/airflow/.local/lib/python3.8/site-packages/sqlalchemy/pool/base.py", line 686, in __connect
    self.dbapi_connection = connection = pool._invoke_creator(self)
  File "/home/airflow/.local/lib/python3.8/site-packages/sqlalchemy/engine/create.py", line 578, in connect
    return dialect.connect(*cargs, **cparams)
  File "/home/airflow/.local/lib/python3.8/site-packages/sqlalchemy/engine/default.py", line 598, in connect
    return self.dbapi.connect(*cargs, **cparams)
  File "/home/airflow/.local/lib/python3.8/site-packages/psycopg2/__init__.py", line 122, in connect
    conn = _connect(dsn, connection_factory=connection_factory, **kwasync)
psycopg2.OperationalError: could not translate host name "postgres" to address: Temporary failure in name resolution


The above exception was the direct cause of the following exception:

Traceback (most recent call last):
  File "/home/airflow/.local/lib/python3.8/site-packages/airflow/jobs/base_job.py", line 215, in heartbeat
    session.merge(self)
  File "/home/airflow/.local/lib/python3.8/site-packages/sqlalchemy/orm/session.py", line 3051, in merge
    return self._merge(
  File "/home/airflow/.local/lib/python3.8/site-packages/sqlalchemy/orm/session.py", line 3131, in _merge
    merged = self.get(
  File "/home/airflow/.local/lib/python3.8/site-packages/sqlalchemy/orm/session.py", line 2848, in get
    return self._get_impl(
  File "/home/airflow/.local/lib/python3.8/site-packages/sqlalchemy/orm/session.py", line 2970, in _get_impl
    return db_load_fn(
  File "/home/airflow/.local/lib/python3.8/site-packages/sqlalchemy/orm/loading.py", line 530, in load_on_pk_identity
    session.execute(
  File "/home/airflow/.local/lib/python3.8/site-packages/sqlalchemy/orm/session.py", line 1713, in execute
    conn = self._connection_for_bind(bind)
  File "/home/airflow/.local/lib/python3.8/site-packages/sqlalchemy/orm/session.py", line 1552, in _connection_for_bind
    return self._transaction._connection_for_bind(
  File "/home/airflow/.local/lib/python3.8/site-packages/sqlalchemy/orm/session.py", line 747, in _connection_for_bind
    conn = bind.connect()
  File "/home/airflow/.local/lib/python3.8/site-packages/sqlalchemy/engine/base.py", line 3315, in connect
    return self._connection_cls(self, close_with_result=close_with_result)
  File "/home/airflow/.local/lib/python3.8/site-packages/sqlalchemy/engine/base.py", line 96, in __init__
    else engine.raw_connection()
  File "/home/airflow/.local/lib/python3.8/site-packages/sqlalchemy/engine/base.py", line 3394, in raw_connection
    return self._wrap_pool_connect(self.pool.connect, _connection)
  File "/home/airflow/.local/lib/python3.8/site-packages/sqlalchemy/engine/base.py", line 3364, in _wrap_pool_connect
    Connection._handle_dbapi_exception_noconnection(
  File "/home/airflow/.local/lib/python3.8/site-packages/sqlalchemy/engine/base.py", line 2198, in _handle_dbapi_exception_noconnection
    util.raise_(
  File "/home/airflow/.local/lib/python3.8/site-packages/sqlalchemy/util/compat.py", line 211, in raise_
    raise exception
  File "/home/airflow/.local/lib/python3.8/site-packages/sqlalchemy/engine/base.py", line 3361, in _wrap_pool_connect
    return fn()
  File "/home/airflow/.local/lib/python3.8/site-packages/sqlalchemy/pool/base.py", line 327, in connect
    return _ConnectionFairy._checkout(self)
  File "/home/airflow/.local/lib/python3.8/site-packages/sqlalchemy/pool/base.py", line 894, in _checkout
    fairy = _ConnectionRecord.checkout(pool)
  File "/home/airflow/.local/lib/python3.8/site-packages/sqlalchemy/pool/base.py", line 493, in checkout
    rec = pool._do_get()
  File "/home/airflow/.local/lib/python3.8/site-packages/sqlalchemy/pool/impl.py", line 256, in _do_get
    return self._create_connection()
  File "/home/airflow/.local/lib/python3.8/site-packages/sqlalchemy/pool/base.py", line 273, in _create_connection
    return _ConnectionRecord(self)
  File "/home/airflow/.local/lib/python3.8/site-packages/sqlalchemy/pool/base.py", line 388, in __init__
    self.__connect()
  File "/home/airflow/.local/lib/python3.8/site-packages/sqlalchemy/pool/base.py", line 691, in __connect
    pool.logger.debug("Error on connect(): %s", e)
  File "/home/airflow/.local/lib/python3.8/site-packages/sqlalchemy/util/langhelpers.py", line 70, in __exit__
    compat.raise_(
  File "/home/airflow/.local/lib/python3.8/site-packages/sqlalchemy/util/compat.py", line 211, in raise_
    raise exception
  File "/home/airflow/.local/lib/python3.8/site-packages/sqlalchemy/pool/base.py", line 686, in __connect
    self.dbapi_connection = connection = pool._invoke_creator(self)
  File "/home/airflow/.local/lib/python3.8/site-packages/sqlalchemy/engine/create.py", line 578, in connect
    return dialect.connect(*cargs, **cparams)
  File "/home/airflow/.local/lib/python3.8/site-packages/sqlalchemy/engine/default.py", line 598, in connect
    return self.dbapi.connect(*cargs, **cparams)
  File "/home/airflow/.local/lib/python3.8/site-packages/psycopg2/__init__.py", line 122, in connect
    conn = _connect(dsn, connection_factory=connection_factory, **kwasync)
sqlalchemy.exc.OperationalError: (psycopg2.OperationalError) could not translate host name "postgres" to address: Temporary failure in name resolution

(Background on this error at: https://sqlalche.me/e/14/e3q8)
[2023-06-25T06:21:51.104+0000] {spark_submit.py:492} INFO - 23/06/25 06:21:51 WARN TaskSchedulerImpl: Initial job has not accepted any resources; check your cluster UI to ensure that workers are registered and have sufficient resources
[2023-06-25T06:22:13.521+0000] {spark_submit.py:492} INFO - 23/06/25 06:22:10 WARN TaskSchedulerImpl: Initial job has not accepted any resources; check your cluster UI to ensure that workers are registered and have sufficient resources
[2023-06-25T06:22:52.741+0000] {spark_submit.py:492} INFO - 23/06/25 06:22:26 WARN TaskSchedulerImpl: Initial job has not accepted any resources; check your cluster UI to ensure that workers are registered and have sufficient resources
