[2023-06-25T05:56:08.281+0000] {taskinstance.py:1084} INFO - Dependencies all met for dep_context=non-requeueable deps ti=<TaskInstance: spark_etl_minio_v13.spark_submit_task scheduled__2023-06-24T00:00:00+00:00 [queued]>
[2023-06-25T05:56:08.300+0000] {taskinstance.py:1084} INFO - Dependencies all met for dep_context=requeueable deps ti=<TaskInstance: spark_etl_minio_v13.spark_submit_task scheduled__2023-06-24T00:00:00+00:00 [queued]>
[2023-06-25T05:56:08.300+0000] {taskinstance.py:1282} INFO - 
--------------------------------------------------------------------------------
[2023-06-25T05:56:08.300+0000] {taskinstance.py:1283} INFO - Starting attempt 1 of 6
[2023-06-25T05:56:08.300+0000] {taskinstance.py:1284} INFO - 
--------------------------------------------------------------------------------
[2023-06-25T05:56:08.325+0000] {taskinstance.py:1303} INFO - Executing <Task(SparkSubmitOperator): spark_submit_task> on 2023-06-24 00:00:00+00:00
[2023-06-25T05:56:08.330+0000] {standard_task_runner.py:55} INFO - Started process 25466 to run task
[2023-06-25T05:56:08.335+0000] {standard_task_runner.py:82} INFO - Running: ['***', 'tasks', 'run', 'spark_etl_minio_v13', 'spark_submit_task', 'scheduled__2023-06-24T00:00:00+00:00', '--job-id', '227', '--raw', '--subdir', 'DAGS_FOLDER/spark_job_minio_v1.py', '--cfg-path', '/tmp/tmpnex7_xhl']
[2023-06-25T05:56:08.336+0000] {standard_task_runner.py:83} INFO - Job 227: Subtask spark_submit_task
[2023-06-25T05:56:08.361+0000] {warnings.py:109} WARNING - /home/***/.local/lib/python3.8/site-packages/***/settings.py:250: DeprecationWarning: The sql_alchemy_conn option in [core] has been moved to the sql_alchemy_conn option in [database] - the old setting has been used, but please update your config.
  SQL_ALCHEMY_CONN = conf.get("database", "SQL_ALCHEMY_CONN")

[2023-06-25T05:56:08.385+0000] {warnings.py:109} WARNING - /home/***/.local/lib/python3.8/site-packages/***/utils/sqlalchemy.py:124: DeprecationWarning: The sql_alchemy_conn option in [core] has been moved to the sql_alchemy_conn option in [database] - the old setting has been used, but please update your config.
  return not conf.get("database", "sql_alchemy_conn").startswith("mssql")

[2023-06-25T05:56:08.418+0000] {task_command.py:388} INFO - Running <TaskInstance: spark_etl_minio_v13.spark_submit_task scheduled__2023-06-24T00:00:00+00:00 [running]> on host a8d69ab09d2d
[2023-06-25T05:56:08.490+0000] {taskinstance.py:1509} INFO - Exporting the following env vars:
AIRFLOW_CTX_DAG_OWNER=***
AIRFLOW_CTX_DAG_ID=spark_etl_minio_v13
AIRFLOW_CTX_TASK_ID=spark_submit_task
AIRFLOW_CTX_EXECUTION_DATE=2023-06-24T00:00:00+00:00
AIRFLOW_CTX_TRY_NUMBER=1
AIRFLOW_CTX_DAG_RUN_ID=scheduled__2023-06-24T00:00:00+00:00
[2023-06-25T05:56:08.504+0000] {base.py:73} INFO - Using connection ID 'spark_conn' for task execution.
[2023-06-25T05:56:08.506+0000] {spark_submit.py:341} INFO - Spark-Submit cmd: spark-submit --master spark://spark:7077 --jars local:///opt/spark/jars/hadoop-aws-3.2.0.jar,local:///opt/spark/jars/aws-java-sdk-bundle-1.11.375.jar --name arrow-spark /opt/***/dags/spark_etl_spark_minio.py
[2023-06-25T05:56:09.618+0000] {spark_submit.py:492} INFO - WARNING: An illegal reflective access operation has occurred
[2023-06-25T05:56:09.618+0000] {spark_submit.py:492} INFO - WARNING: Illegal reflective access by org.apache.spark.unsafe.Platform (file:/opt/spark/jars/spark-unsafe_2.12-3.2.0.jar) to constructor java.nio.DirectByteBuffer(long,int)
[2023-06-25T05:56:09.619+0000] {spark_submit.py:492} INFO - WARNING: Please consider reporting this to the maintainers of org.apache.spark.unsafe.Platform
[2023-06-25T05:56:09.619+0000] {spark_submit.py:492} INFO - WARNING: Use --illegal-access=warn to enable warnings of further illegal reflective access operations
[2023-06-25T05:56:09.619+0000] {spark_submit.py:492} INFO - WARNING: All illegal access operations will be denied in a future release
[2023-06-25T05:56:09.868+0000] {spark_submit.py:492} INFO - Using Spark's default log4j profile: org/apache/spark/log4j-defaults.properties
[2023-06-25T05:56:09.868+0000] {spark_submit.py:492} INFO - 23/06/25 05:56:09 WARN DependencyUtils: Local jar /opt/spark/jars/hadoop-aws-3.2.0.jar does not exist, skipping.
[2023-06-25T05:56:09.869+0000] {spark_submit.py:492} INFO - 23/06/25 05:56:09 WARN DependencyUtils: Local jar /opt/spark/jars/aws-java-sdk-bundle-1.11.375.jar does not exist, skipping.
[2023-06-25T05:56:10.769+0000] {spark_submit.py:492} INFO - 23/06/25 05:56:10 INFO SparkContext: Running Spark version 3.2.0
[2023-06-25T05:56:10.851+0000] {spark_submit.py:492} INFO - 23/06/25 05:56:10 WARN NativeCodeLoader: Unable to load native-hadoop library for your platform... using builtin-java classes where applicable
[2023-06-25T05:56:10.958+0000] {spark_submit.py:492} INFO - 23/06/25 05:56:10 INFO ResourceUtils: ==============================================================
[2023-06-25T05:56:10.958+0000] {spark_submit.py:492} INFO - 23/06/25 05:56:10 INFO ResourceUtils: No custom resources configured for spark.driver.
[2023-06-25T05:56:10.958+0000] {spark_submit.py:492} INFO - 23/06/25 05:56:10 INFO ResourceUtils: ==============================================================
[2023-06-25T05:56:10.959+0000] {spark_submit.py:492} INFO - 23/06/25 05:56:10 INFO SparkContext: Submitted application: arrow-spark
[2023-06-25T05:56:10.982+0000] {spark_submit.py:492} INFO - 23/06/25 05:56:10 INFO ResourceProfile: Default ResourceProfile created, executor resources: Map(cores -> name: cores, amount: 1, script: , vendor: , memory -> name: memory, amount: 1024, script: , vendor: , offHeap -> name: offHeap, amount: 0, script: , vendor: ), task resources: Map(cpus -> name: cpus, amount: 1.0)
[2023-06-25T05:56:10.995+0000] {spark_submit.py:492} INFO - 23/06/25 05:56:10 INFO ResourceProfile: Limiting resource is cpu
[2023-06-25T05:56:10.995+0000] {spark_submit.py:492} INFO - 23/06/25 05:56:10 INFO ResourceProfileManager: Added ResourceProfile id: 0
[2023-06-25T05:56:11.040+0000] {spark_submit.py:492} INFO - 23/06/25 05:56:11 INFO SecurityManager: Changing view acls to: default
[2023-06-25T05:56:11.041+0000] {spark_submit.py:492} INFO - 23/06/25 05:56:11 INFO SecurityManager: Changing modify acls to: default
[2023-06-25T05:56:11.041+0000] {spark_submit.py:492} INFO - 23/06/25 05:56:11 INFO SecurityManager: Changing view acls groups to:
[2023-06-25T05:56:11.042+0000] {spark_submit.py:492} INFO - 23/06/25 05:56:11 INFO SecurityManager: Changing modify acls groups to:
[2023-06-25T05:56:11.042+0000] {spark_submit.py:492} INFO - 23/06/25 05:56:11 INFO SecurityManager: SecurityManager: authentication disabled; ui acls disabled; users  with view permissions: Set(default); groups with view permissions: Set(); users  with modify permissions: Set(default); groups with modify permissions: Set()
[2023-06-25T05:56:11.292+0000] {spark_submit.py:492} INFO - 23/06/25 05:56:11 INFO Utils: Successfully started service 'sparkDriver' on port 39551.
[2023-06-25T05:56:11.315+0000] {spark_submit.py:492} INFO - 23/06/25 05:56:11 INFO SparkEnv: Registering MapOutputTracker
[2023-06-25T05:56:11.343+0000] {spark_submit.py:492} INFO - 23/06/25 05:56:11 INFO SparkEnv: Registering BlockManagerMaster
[2023-06-25T05:56:11.357+0000] {spark_submit.py:492} INFO - 23/06/25 05:56:11 INFO BlockManagerMasterEndpoint: Using org.apache.spark.storage.DefaultTopologyMapper for getting topology information
[2023-06-25T05:56:11.357+0000] {spark_submit.py:492} INFO - 23/06/25 05:56:11 INFO BlockManagerMasterEndpoint: BlockManagerMasterEndpoint up
[2023-06-25T05:56:11.362+0000] {spark_submit.py:492} INFO - 23/06/25 05:56:11 INFO SparkEnv: Registering BlockManagerMasterHeartbeat
[2023-06-25T05:56:11.391+0000] {spark_submit.py:492} INFO - 23/06/25 05:56:11 INFO DiskBlockManager: Created local directory at /tmp/blockmgr-fdd2f818-ebcd-4233-8927-dd9057f4f075
[2023-06-25T05:56:11.418+0000] {spark_submit.py:492} INFO - 23/06/25 05:56:11 INFO MemoryStore: MemoryStore started with capacity 434.4 MiB
[2023-06-25T05:56:11.455+0000] {spark_submit.py:492} INFO - 23/06/25 05:56:11 INFO SparkEnv: Registering OutputCommitCoordinator
[2023-06-25T05:56:11.665+0000] {spark_submit.py:492} INFO - 23/06/25 05:56:11 WARN Utils: Service 'SparkUI' could not bind on port 4040. Attempting port 4041.
[2023-06-25T05:56:11.666+0000] {spark_submit.py:492} INFO - 23/06/25 05:56:11 WARN Utils: Service 'SparkUI' could not bind on port 4041. Attempting port 4042.
[2023-06-25T05:56:11.666+0000] {spark_submit.py:492} INFO - 23/06/25 05:56:11 WARN Utils: Service 'SparkUI' could not bind on port 4042. Attempting port 4043.
[2023-06-25T05:56:11.666+0000] {spark_submit.py:492} INFO - 23/06/25 05:56:11 WARN Utils: Service 'SparkUI' could not bind on port 4043. Attempting port 4044.
[2023-06-25T05:56:11.666+0000] {spark_submit.py:492} INFO - 23/06/25 05:56:11 WARN Utils: Service 'SparkUI' could not bind on port 4044. Attempting port 4045.
[2023-06-25T05:56:11.667+0000] {spark_submit.py:492} INFO - 23/06/25 05:56:11 WARN Utils: Service 'SparkUI' could not bind on port 4045. Attempting port 4046.
[2023-06-25T05:56:11.667+0000] {spark_submit.py:492} INFO - 23/06/25 05:56:11 WARN Utils: Service 'SparkUI' could not bind on port 4046. Attempting port 4047.
[2023-06-25T05:56:11.675+0000] {spark_submit.py:492} INFO - 23/06/25 05:56:11 INFO Utils: Successfully started service 'SparkUI' on port 4047.
[2023-06-25T05:56:11.725+0000] {spark_submit.py:492} INFO - 23/06/25 05:56:11 INFO SparkUI: Bound SparkUI to 0.0.0.0, and started at http://a8d69ab09d2d:4047
[2023-06-25T05:56:11.738+0000] {spark_submit.py:492} INFO - 23/06/25 05:56:11 INFO SparkContext: Added JAR local:///opt/spark/jars/hadoop-aws-3.2.0.jar at file:/opt/spark/jars/hadoop-aws-3.2.0.jar with timestamp 1687672570760
[2023-06-25T05:56:11.739+0000] {spark_submit.py:492} INFO - 23/06/25 05:56:11 INFO SparkContext: Added JAR local:///opt/spark/jars/aws-java-sdk-bundle-1.11.375.jar at file:/opt/spark/jars/aws-java-sdk-bundle-1.11.375.jar with timestamp 1687672570760
[2023-06-25T05:56:11.969+0000] {spark_submit.py:492} INFO - 23/06/25 05:56:11 INFO StandaloneAppClient$ClientEndpoint: Connecting to master spark://spark:7077...
[2023-06-25T05:56:12.025+0000] {spark_submit.py:492} INFO - 23/06/25 05:56:12 INFO TransportClientFactory: Successfully created connection to spark/172.19.0.10:7077 after 31 ms (0 ms spent in bootstraps)
[2023-06-25T05:56:12.200+0000] {spark_submit.py:492} INFO - 23/06/25 05:56:12 INFO StandaloneSchedulerBackend: Connected to Spark cluster with app ID app-20230625055612-0001
[2023-06-25T05:56:12.206+0000] {spark_submit.py:492} INFO - 23/06/25 05:56:12 INFO Utils: Successfully started service 'org.apache.spark.network.netty.NettyBlockTransferService' on port 39987.
[2023-06-25T05:56:12.206+0000] {spark_submit.py:492} INFO - 23/06/25 05:56:12 INFO NettyBlockTransferService: Server created on a8d69ab09d2d:39987
[2023-06-25T05:56:12.208+0000] {spark_submit.py:492} INFO - 23/06/25 05:56:12 INFO BlockManager: Using org.apache.spark.storage.RandomBlockReplicationPolicy for block replication policy
[2023-06-25T05:56:12.215+0000] {spark_submit.py:492} INFO - 23/06/25 05:56:12 INFO BlockManagerMaster: Registering BlockManager BlockManagerId(driver, a8d69ab09d2d, 39987, None)
[2023-06-25T05:56:12.220+0000] {spark_submit.py:492} INFO - 23/06/25 05:56:12 INFO BlockManagerMasterEndpoint: Registering block manager a8d69ab09d2d:39987 with 434.4 MiB RAM, BlockManagerId(driver, a8d69ab09d2d, 39987, None)
[2023-06-25T05:56:12.222+0000] {spark_submit.py:492} INFO - 23/06/25 05:56:12 INFO BlockManagerMaster: Registered BlockManager BlockManagerId(driver, a8d69ab09d2d, 39987, None)
[2023-06-25T05:56:12.224+0000] {spark_submit.py:492} INFO - 23/06/25 05:56:12 INFO BlockManager: Initialized BlockManager: BlockManagerId(driver, a8d69ab09d2d, 39987, None)
[2023-06-25T05:56:12.433+0000] {spark_submit.py:492} INFO - 23/06/25 05:56:12 INFO StandaloneSchedulerBackend: SchedulerBackend is ready for scheduling beginning after reached minRegisteredResourcesRatio: 0.0
[2023-06-25T05:56:12.719+0000] {spark_submit.py:492} INFO - 23/06/25 05:56:12 INFO SharedState: Setting hive.metastore.warehouse.dir ('null') to the value of spark.sql.warehouse.dir.
[2023-06-25T05:56:12.766+0000] {spark_submit.py:492} INFO - 23/06/25 05:56:12 INFO SharedState: Warehouse path is 'file:/opt/***/spark-warehouse'.
[2023-06-25T05:56:17.962+0000] {spark_submit.py:492} INFO - 23/06/25 05:56:17 INFO CodeGenerator: Code generated in 205.610161 ms
[2023-06-25T05:56:18.010+0000] {spark_submit.py:492} INFO - 23/06/25 05:56:18 INFO SparkContext: Starting job: showString at NativeMethodAccessorImpl.java:0
[2023-06-25T05:56:18.034+0000] {spark_submit.py:492} INFO - 23/06/25 05:56:18 INFO DAGScheduler: Got job 0 (showString at NativeMethodAccessorImpl.java:0) with 1 output partitions
[2023-06-25T05:56:18.034+0000] {spark_submit.py:492} INFO - 23/06/25 05:56:18 INFO DAGScheduler: Final stage: ResultStage 0 (showString at NativeMethodAccessorImpl.java:0)
[2023-06-25T05:56:18.034+0000] {spark_submit.py:492} INFO - 23/06/25 05:56:18 INFO DAGScheduler: Parents of final stage: List()
[2023-06-25T05:56:18.036+0000] {spark_submit.py:492} INFO - 23/06/25 05:56:18 INFO DAGScheduler: Missing parents: List()
[2023-06-25T05:56:18.047+0000] {spark_submit.py:492} INFO - 23/06/25 05:56:18 INFO DAGScheduler: Submitting ResultStage 0 (MapPartitionsRDD[6] at showString at NativeMethodAccessorImpl.java:0), which has no missing parents
[2023-06-25T05:56:18.186+0000] {spark_submit.py:492} INFO - 23/06/25 05:56:18 INFO MemoryStore: Block broadcast_0 stored as values in memory (estimated size 11.7 KiB, free 434.4 MiB)
[2023-06-25T05:56:18.217+0000] {spark_submit.py:492} INFO - 23/06/25 05:56:18 INFO MemoryStore: Block broadcast_0_piece0 stored as bytes in memory (estimated size 6.2 KiB, free 434.4 MiB)
[2023-06-25T05:56:18.220+0000] {spark_submit.py:492} INFO - 23/06/25 05:56:18 INFO BlockManagerInfo: Added broadcast_0_piece0 in memory on a8d69ab09d2d:39987 (size: 6.2 KiB, free: 434.4 MiB)
[2023-06-25T05:56:18.225+0000] {spark_submit.py:492} INFO - 23/06/25 05:56:18 INFO SparkContext: Created broadcast 0 from broadcast at DAGScheduler.scala:1427
[2023-06-25T05:56:18.250+0000] {spark_submit.py:492} INFO - 23/06/25 05:56:18 INFO DAGScheduler: Submitting 1 missing tasks from ResultStage 0 (MapPartitionsRDD[6] at showString at NativeMethodAccessorImpl.java:0) (first 15 tasks are for partitions Vector(0))
[2023-06-25T05:56:18.251+0000] {spark_submit.py:492} INFO - 23/06/25 05:56:18 INFO TaskSchedulerImpl: Adding task set 0.0 with 1 tasks resource profile 0
[2023-06-25T05:56:33.276+0000] {spark_submit.py:492} INFO - 23/06/25 05:56:33 WARN TaskSchedulerImpl: Initial job has not accepted any resources; check your cluster UI to ensure that workers are registered and have sufficient resources
[2023-06-25T05:56:48.276+0000] {spark_submit.py:492} INFO - 23/06/25 05:56:48 WARN TaskSchedulerImpl: Initial job has not accepted any resources; check your cluster UI to ensure that workers are registered and have sufficient resources
[2023-06-25T05:57:03.277+0000] {spark_submit.py:492} INFO - 23/06/25 05:57:03 WARN TaskSchedulerImpl: Initial job has not accepted any resources; check your cluster UI to ensure that workers are registered and have sufficient resources
[2023-06-25T05:57:18.275+0000] {spark_submit.py:492} INFO - 23/06/25 05:57:18 WARN TaskSchedulerImpl: Initial job has not accepted any resources; check your cluster UI to ensure that workers are registered and have sufficient resources
[2023-06-25T05:57:33.275+0000] {spark_submit.py:492} INFO - 23/06/25 05:57:33 WARN TaskSchedulerImpl: Initial job has not accepted any resources; check your cluster UI to ensure that workers are registered and have sufficient resources
[2023-06-25T05:57:48.276+0000] {spark_submit.py:492} INFO - 23/06/25 05:57:48 WARN TaskSchedulerImpl: Initial job has not accepted any resources; check your cluster UI to ensure that workers are registered and have sufficient resources
[2023-06-25T05:58:03.275+0000] {spark_submit.py:492} INFO - 23/06/25 05:58:03 WARN TaskSchedulerImpl: Initial job has not accepted any resources; check your cluster UI to ensure that workers are registered and have sufficient resources
[2023-06-25T05:58:18.275+0000] {spark_submit.py:492} INFO - 23/06/25 05:58:18 WARN TaskSchedulerImpl: Initial job has not accepted any resources; check your cluster UI to ensure that workers are registered and have sufficient resources
[2023-06-25T05:58:33.275+0000] {spark_submit.py:492} INFO - 23/06/25 05:58:33 WARN TaskSchedulerImpl: Initial job has not accepted any resources; check your cluster UI to ensure that workers are registered and have sufficient resources
[2023-06-25T05:58:48.275+0000] {spark_submit.py:492} INFO - 23/06/25 05:58:48 WARN TaskSchedulerImpl: Initial job has not accepted any resources; check your cluster UI to ensure that workers are registered and have sufficient resources
[2023-06-25T05:59:03.277+0000] {spark_submit.py:492} INFO - 23/06/25 05:59:03 WARN TaskSchedulerImpl: Initial job has not accepted any resources; check your cluster UI to ensure that workers are registered and have sufficient resources
[2023-06-25T05:59:18.275+0000] {spark_submit.py:492} INFO - 23/06/25 05:59:18 WARN TaskSchedulerImpl: Initial job has not accepted any resources; check your cluster UI to ensure that workers are registered and have sufficient resources
[2023-06-25T05:59:33.275+0000] {spark_submit.py:492} INFO - 23/06/25 05:59:33 WARN TaskSchedulerImpl: Initial job has not accepted any resources; check your cluster UI to ensure that workers are registered and have sufficient resources
[2023-06-25T05:59:33.983+0000] {spark_submit.py:492} INFO - 23/06/25 05:59:33 WARN StandaloneAppClient$ClientEndpoint: Connection to abb2318d561c:7077 failed; waiting for master to reconnect...
[2023-06-25T05:59:33.983+0000] {spark_submit.py:492} INFO - 23/06/25 05:59:33 WARN StandaloneSchedulerBackend: Disconnected from Spark cluster! Waiting for reconnection...
[2023-06-25T05:59:48.276+0000] {spark_submit.py:492} INFO - 23/06/25 05:59:48 WARN TaskSchedulerImpl: Initial job has not accepted any resources; check your cluster UI to ensure that workers are registered and have sufficient resources
[2023-06-25T06:00:03.275+0000] {spark_submit.py:492} INFO - 23/06/25 06:00:03 WARN TaskSchedulerImpl: Initial job has not accepted any resources; check your cluster UI to ensure that workers are registered and have sufficient resources
[2023-06-25T06:00:18.275+0000] {spark_submit.py:492} INFO - 23/06/25 06:00:18 WARN TaskSchedulerImpl: Initial job has not accepted any resources; check your cluster UI to ensure that workers are registered and have sufficient resources
[2023-06-25T06:00:33.276+0000] {spark_submit.py:492} INFO - 23/06/25 06:00:33 WARN TaskSchedulerImpl: Initial job has not accepted any resources; check your cluster UI to ensure that workers are registered and have sufficient resources
[2023-06-25T06:00:48.275+0000] {spark_submit.py:492} INFO - 23/06/25 06:00:48 WARN TaskSchedulerImpl: Initial job has not accepted any resources; check your cluster UI to ensure that workers are registered and have sufficient resources
[2023-06-25T06:01:03.275+0000] {spark_submit.py:492} INFO - 23/06/25 06:01:03 WARN TaskSchedulerImpl: Initial job has not accepted any resources; check your cluster UI to ensure that workers are registered and have sufficient resources
[2023-06-25T06:01:18.275+0000] {spark_submit.py:492} INFO - 23/06/25 06:01:18 WARN TaskSchedulerImpl: Initial job has not accepted any resources; check your cluster UI to ensure that workers are registered and have sufficient resources
[2023-06-25T06:01:33.276+0000] {spark_submit.py:492} INFO - 23/06/25 06:01:33 WARN TaskSchedulerImpl: Initial job has not accepted any resources; check your cluster UI to ensure that workers are registered and have sufficient resources
[2023-06-25T06:01:48.275+0000] {spark_submit.py:492} INFO - 23/06/25 06:01:48 WARN TaskSchedulerImpl: Initial job has not accepted any resources; check your cluster UI to ensure that workers are registered and have sufficient resources
[2023-06-25T06:02:03.275+0000] {spark_submit.py:492} INFO - 23/06/25 06:02:03 WARN TaskSchedulerImpl: Initial job has not accepted any resources; check your cluster UI to ensure that workers are registered and have sufficient resources
[2023-06-25T06:02:18.276+0000] {spark_submit.py:492} INFO - 23/06/25 06:02:18 WARN TaskSchedulerImpl: Initial job has not accepted any resources; check your cluster UI to ensure that workers are registered and have sufficient resources
[2023-06-25T06:02:33.275+0000] {spark_submit.py:492} INFO - 23/06/25 06:02:33 WARN TaskSchedulerImpl: Initial job has not accepted any resources; check your cluster UI to ensure that workers are registered and have sufficient resources
[2023-06-25T06:02:48.276+0000] {spark_submit.py:492} INFO - 23/06/25 06:02:48 WARN TaskSchedulerImpl: Initial job has not accepted any resources; check your cluster UI to ensure that workers are registered and have sufficient resources
[2023-06-25T06:03:03.275+0000] {spark_submit.py:492} INFO - 23/06/25 06:03:03 WARN TaskSchedulerImpl: Initial job has not accepted any resources; check your cluster UI to ensure that workers are registered and have sufficient resources
[2023-06-25T06:03:18.275+0000] {spark_submit.py:492} INFO - 23/06/25 06:03:18 WARN TaskSchedulerImpl: Initial job has not accepted any resources; check your cluster UI to ensure that workers are registered and have sufficient resources
[2023-06-25T06:03:33.276+0000] {spark_submit.py:492} INFO - 23/06/25 06:03:33 WARN TaskSchedulerImpl: Initial job has not accepted any resources; check your cluster UI to ensure that workers are registered and have sufficient resources
[2023-06-25T06:03:48.275+0000] {spark_submit.py:492} INFO - 23/06/25 06:03:48 WARN TaskSchedulerImpl: Initial job has not accepted any resources; check your cluster UI to ensure that workers are registered and have sufficient resources
[2023-06-25T06:04:03.275+0000] {spark_submit.py:492} INFO - 23/06/25 06:04:03 WARN TaskSchedulerImpl: Initial job has not accepted any resources; check your cluster UI to ensure that workers are registered and have sufficient resources
[2023-06-25T06:04:18.275+0000] {spark_submit.py:492} INFO - 23/06/25 06:04:18 WARN TaskSchedulerImpl: Initial job has not accepted any resources; check your cluster UI to ensure that workers are registered and have sufficient resources
[2023-06-25T06:04:33.275+0000] {spark_submit.py:492} INFO - 23/06/25 06:04:33 WARN TaskSchedulerImpl: Initial job has not accepted any resources; check your cluster UI to ensure that workers are registered and have sufficient resources
[2023-06-25T06:04:48.276+0000] {spark_submit.py:492} INFO - 23/06/25 06:04:48 WARN TaskSchedulerImpl: Initial job has not accepted any resources; check your cluster UI to ensure that workers are registered and have sufficient resources
[2023-06-25T06:05:03.275+0000] {spark_submit.py:492} INFO - 23/06/25 06:05:03 WARN TaskSchedulerImpl: Initial job has not accepted any resources; check your cluster UI to ensure that workers are registered and have sufficient resources
[2023-06-25T06:05:18.276+0000] {spark_submit.py:492} INFO - 23/06/25 06:05:18 WARN TaskSchedulerImpl: Initial job has not accepted any resources; check your cluster UI to ensure that workers are registered and have sufficient resources
[2023-06-25T06:05:33.275+0000] {spark_submit.py:492} INFO - 23/06/25 06:05:33 WARN TaskSchedulerImpl: Initial job has not accepted any resources; check your cluster UI to ensure that workers are registered and have sufficient resources
[2023-06-25T06:05:48.275+0000] {spark_submit.py:492} INFO - 23/06/25 06:05:48 WARN TaskSchedulerImpl: Initial job has not accepted any resources; check your cluster UI to ensure that workers are registered and have sufficient resources
[2023-06-25T06:06:03.276+0000] {spark_submit.py:492} INFO - 23/06/25 06:06:03 WARN TaskSchedulerImpl: Initial job has not accepted any resources; check your cluster UI to ensure that workers are registered and have sufficient resources
[2023-06-25T06:06:18.276+0000] {spark_submit.py:492} INFO - 23/06/25 06:06:18 WARN TaskSchedulerImpl: Initial job has not accepted any resources; check your cluster UI to ensure that workers are registered and have sufficient resources
[2023-06-25T06:06:33.275+0000] {spark_submit.py:492} INFO - 23/06/25 06:06:33 WARN TaskSchedulerImpl: Initial job has not accepted any resources; check your cluster UI to ensure that workers are registered and have sufficient resources
[2023-06-25T06:06:48.276+0000] {spark_submit.py:492} INFO - 23/06/25 06:06:48 WARN TaskSchedulerImpl: Initial job has not accepted any resources; check your cluster UI to ensure that workers are registered and have sufficient resources
[2023-06-25T06:07:03.275+0000] {spark_submit.py:492} INFO - 23/06/25 06:07:03 WARN TaskSchedulerImpl: Initial job has not accepted any resources; check your cluster UI to ensure that workers are registered and have sufficient resources
[2023-06-25T06:07:18.275+0000] {spark_submit.py:492} INFO - 23/06/25 06:07:18 WARN TaskSchedulerImpl: Initial job has not accepted any resources; check your cluster UI to ensure that workers are registered and have sufficient resources
[2023-06-25T06:07:33.276+0000] {spark_submit.py:492} INFO - 23/06/25 06:07:33 WARN TaskSchedulerImpl: Initial job has not accepted any resources; check your cluster UI to ensure that workers are registered and have sufficient resources
[2023-06-25T06:07:48.276+0000] {spark_submit.py:492} INFO - 23/06/25 06:07:48 WARN TaskSchedulerImpl: Initial job has not accepted any resources; check your cluster UI to ensure that workers are registered and have sufficient resources
[2023-06-25T06:08:03.275+0000] {spark_submit.py:492} INFO - 23/06/25 06:08:03 WARN TaskSchedulerImpl: Initial job has not accepted any resources; check your cluster UI to ensure that workers are registered and have sufficient resources
[2023-06-25T06:08:18.275+0000] {spark_submit.py:492} INFO - 23/06/25 06:08:18 WARN TaskSchedulerImpl: Initial job has not accepted any resources; check your cluster UI to ensure that workers are registered and have sufficient resources
[2023-06-25T06:08:33.275+0000] {spark_submit.py:492} INFO - 23/06/25 06:08:33 WARN TaskSchedulerImpl: Initial job has not accepted any resources; check your cluster UI to ensure that workers are registered and have sufficient resources
[2023-06-25T06:08:48.276+0000] {spark_submit.py:492} INFO - 23/06/25 06:08:48 WARN TaskSchedulerImpl: Initial job has not accepted any resources; check your cluster UI to ensure that workers are registered and have sufficient resources
[2023-06-25T06:09:03.275+0000] {spark_submit.py:492} INFO - 23/06/25 06:09:03 WARN TaskSchedulerImpl: Initial job has not accepted any resources; check your cluster UI to ensure that workers are registered and have sufficient resources
[2023-06-25T06:09:18.275+0000] {spark_submit.py:492} INFO - 23/06/25 06:09:18 WARN TaskSchedulerImpl: Initial job has not accepted any resources; check your cluster UI to ensure that workers are registered and have sufficient resources
[2023-06-25T06:09:33.276+0000] {spark_submit.py:492} INFO - 23/06/25 06:09:33 WARN TaskSchedulerImpl: Initial job has not accepted any resources; check your cluster UI to ensure that workers are registered and have sufficient resources
[2023-06-25T06:09:48.275+0000] {spark_submit.py:492} INFO - 23/06/25 06:09:48 WARN TaskSchedulerImpl: Initial job has not accepted any resources; check your cluster UI to ensure that workers are registered and have sufficient resources
[2023-06-25T06:10:03.275+0000] {spark_submit.py:492} INFO - 23/06/25 06:10:03 WARN TaskSchedulerImpl: Initial job has not accepted any resources; check your cluster UI to ensure that workers are registered and have sufficient resources
[2023-06-25T06:10:18.276+0000] {spark_submit.py:492} INFO - 23/06/25 06:10:18 WARN TaskSchedulerImpl: Initial job has not accepted any resources; check your cluster UI to ensure that workers are registered and have sufficient resources
[2023-06-25T06:10:33.276+0000] {spark_submit.py:492} INFO - 23/06/25 06:10:33 WARN TaskSchedulerImpl: Initial job has not accepted any resources; check your cluster UI to ensure that workers are registered and have sufficient resources
[2023-06-25T06:10:48.275+0000] {spark_submit.py:492} INFO - 23/06/25 06:10:48 WARN TaskSchedulerImpl: Initial job has not accepted any resources; check your cluster UI to ensure that workers are registered and have sufficient resources
[2023-06-25T06:11:03.275+0000] {spark_submit.py:492} INFO - 23/06/25 06:11:03 WARN TaskSchedulerImpl: Initial job has not accepted any resources; check your cluster UI to ensure that workers are registered and have sufficient resources
[2023-06-25T06:11:18.275+0000] {spark_submit.py:492} INFO - 23/06/25 06:11:18 WARN TaskSchedulerImpl: Initial job has not accepted any resources; check your cluster UI to ensure that workers are registered and have sufficient resources
[2023-06-25T06:11:33.276+0000] {spark_submit.py:492} INFO - 23/06/25 06:11:33 WARN TaskSchedulerImpl: Initial job has not accepted any resources; check your cluster UI to ensure that workers are registered and have sufficient resources
[2023-06-25T06:11:48.275+0000] {spark_submit.py:492} INFO - 23/06/25 06:11:48 WARN TaskSchedulerImpl: Initial job has not accepted any resources; check your cluster UI to ensure that workers are registered and have sufficient resources
[2023-06-25T06:12:03.275+0000] {spark_submit.py:492} INFO - 23/06/25 06:12:03 WARN TaskSchedulerImpl: Initial job has not accepted any resources; check your cluster UI to ensure that workers are registered and have sufficient resources
[2023-06-25T06:12:18.276+0000] {spark_submit.py:492} INFO - 23/06/25 06:12:18 WARN TaskSchedulerImpl: Initial job has not accepted any resources; check your cluster UI to ensure that workers are registered and have sufficient resources
[2023-06-25T06:12:33.275+0000] {spark_submit.py:492} INFO - 23/06/25 06:12:33 WARN TaskSchedulerImpl: Initial job has not accepted any resources; check your cluster UI to ensure that workers are registered and have sufficient resources
[2023-06-25T06:12:48.275+0000] {spark_submit.py:492} INFO - 23/06/25 06:12:48 WARN TaskSchedulerImpl: Initial job has not accepted any resources; check your cluster UI to ensure that workers are registered and have sufficient resources
[2023-06-25T06:13:03.275+0000] {spark_submit.py:492} INFO - 23/06/25 06:13:03 WARN TaskSchedulerImpl: Initial job has not accepted any resources; check your cluster UI to ensure that workers are registered and have sufficient resources
[2023-06-25T06:13:18.276+0000] {spark_submit.py:492} INFO - 23/06/25 06:13:18 WARN TaskSchedulerImpl: Initial job has not accepted any resources; check your cluster UI to ensure that workers are registered and have sufficient resources
[2023-06-25T06:13:33.275+0000] {spark_submit.py:492} INFO - 23/06/25 06:13:33 WARN TaskSchedulerImpl: Initial job has not accepted any resources; check your cluster UI to ensure that workers are registered and have sufficient resources
[2023-06-25T06:13:48.275+0000] {spark_submit.py:492} INFO - 23/06/25 06:13:48 WARN TaskSchedulerImpl: Initial job has not accepted any resources; check your cluster UI to ensure that workers are registered and have sufficient resources
[2023-06-25T06:14:03.275+0000] {spark_submit.py:492} INFO - 23/06/25 06:14:03 WARN TaskSchedulerImpl: Initial job has not accepted any resources; check your cluster UI to ensure that workers are registered and have sufficient resources
[2023-06-25T06:14:18.276+0000] {spark_submit.py:492} INFO - 23/06/25 06:14:18 WARN TaskSchedulerImpl: Initial job has not accepted any resources; check your cluster UI to ensure that workers are registered and have sufficient resources
[2023-06-25T06:14:33.276+0000] {spark_submit.py:492} INFO - 23/06/25 06:14:33 WARN TaskSchedulerImpl: Initial job has not accepted any resources; check your cluster UI to ensure that workers are registered and have sufficient resources
[2023-06-25T06:14:48.275+0000] {spark_submit.py:492} INFO - 23/06/25 06:14:48 WARN TaskSchedulerImpl: Initial job has not accepted any resources; check your cluster UI to ensure that workers are registered and have sufficient resources
[2023-06-25T06:15:03.275+0000] {spark_submit.py:492} INFO - 23/06/25 06:15:03 WARN TaskSchedulerImpl: Initial job has not accepted any resources; check your cluster UI to ensure that workers are registered and have sufficient resources
[2023-06-25T06:15:18.276+0000] {spark_submit.py:492} INFO - 23/06/25 06:15:18 WARN TaskSchedulerImpl: Initial job has not accepted any resources; check your cluster UI to ensure that workers are registered and have sufficient resources
[2023-06-25T06:15:33.275+0000] {spark_submit.py:492} INFO - 23/06/25 06:15:33 WARN TaskSchedulerImpl: Initial job has not accepted any resources; check your cluster UI to ensure that workers are registered and have sufficient resources
[2023-06-25T06:15:48.275+0000] {spark_submit.py:492} INFO - 23/06/25 06:15:48 WARN TaskSchedulerImpl: Initial job has not accepted any resources; check your cluster UI to ensure that workers are registered and have sufficient resources
[2023-06-25T06:16:03.276+0000] {spark_submit.py:492} INFO - 23/06/25 06:16:03 WARN TaskSchedulerImpl: Initial job has not accepted any resources; check your cluster UI to ensure that workers are registered and have sufficient resources
[2023-06-25T06:16:18.275+0000] {spark_submit.py:492} INFO - 23/06/25 06:16:18 WARN TaskSchedulerImpl: Initial job has not accepted any resources; check your cluster UI to ensure that workers are registered and have sufficient resources
[2023-06-25T06:16:33.275+0000] {spark_submit.py:492} INFO - 23/06/25 06:16:33 WARN TaskSchedulerImpl: Initial job has not accepted any resources; check your cluster UI to ensure that workers are registered and have sufficient resources
[2023-06-25T06:16:48.275+0000] {spark_submit.py:492} INFO - 23/06/25 06:16:48 WARN TaskSchedulerImpl: Initial job has not accepted any resources; check your cluster UI to ensure that workers are registered and have sufficient resources
[2023-06-25T06:17:03.276+0000] {spark_submit.py:492} INFO - 23/06/25 06:17:03 WARN TaskSchedulerImpl: Initial job has not accepted any resources; check your cluster UI to ensure that workers are registered and have sufficient resources
[2023-06-25T06:17:18.276+0000] {spark_submit.py:492} INFO - 23/06/25 06:17:18 WARN TaskSchedulerImpl: Initial job has not accepted any resources; check your cluster UI to ensure that workers are registered and have sufficient resources
[2023-06-25T06:17:33.275+0000] {spark_submit.py:492} INFO - 23/06/25 06:17:33 WARN TaskSchedulerImpl: Initial job has not accepted any resources; check your cluster UI to ensure that workers are registered and have sufficient resources
[2023-06-25T06:17:48.275+0000] {spark_submit.py:492} INFO - 23/06/25 06:17:48 WARN TaskSchedulerImpl: Initial job has not accepted any resources; check your cluster UI to ensure that workers are registered and have sufficient resources
[2023-06-25T06:18:03.275+0000] {spark_submit.py:492} INFO - 23/06/25 06:18:03 WARN TaskSchedulerImpl: Initial job has not accepted any resources; check your cluster UI to ensure that workers are registered and have sufficient resources
[2023-06-25T06:18:18.276+0000] {spark_submit.py:492} INFO - 23/06/25 06:18:18 WARN TaskSchedulerImpl: Initial job has not accepted any resources; check your cluster UI to ensure that workers are registered and have sufficient resources
[2023-06-25T06:18:33.275+0000] {spark_submit.py:492} INFO - 23/06/25 06:18:33 WARN TaskSchedulerImpl: Initial job has not accepted any resources; check your cluster UI to ensure that workers are registered and have sufficient resources
[2023-06-25T06:18:48.275+0000] {spark_submit.py:492} INFO - 23/06/25 06:18:48 WARN TaskSchedulerImpl: Initial job has not accepted any resources; check your cluster UI to ensure that workers are registered and have sufficient resources
[2023-06-25T06:19:03.275+0000] {spark_submit.py:492} INFO - 23/06/25 06:19:03 WARN TaskSchedulerImpl: Initial job has not accepted any resources; check your cluster UI to ensure that workers are registered and have sufficient resources
[2023-06-25T06:19:18.275+0000] {spark_submit.py:492} INFO - 23/06/25 06:19:18 WARN TaskSchedulerImpl: Initial job has not accepted any resources; check your cluster UI to ensure that workers are registered and have sufficient resources
[2023-06-25T06:19:33.276+0000] {spark_submit.py:492} INFO - 23/06/25 06:19:33 WARN TaskSchedulerImpl: Initial job has not accepted any resources; check your cluster UI to ensure that workers are registered and have sufficient resources
[2023-06-25T06:19:48.275+0000] {spark_submit.py:492} INFO - 23/06/25 06:19:48 WARN TaskSchedulerImpl: Initial job has not accepted any resources; check your cluster UI to ensure that workers are registered and have sufficient resources
[2023-06-25T06:20:03.275+0000] {spark_submit.py:492} INFO - 23/06/25 06:20:03 WARN TaskSchedulerImpl: Initial job has not accepted any resources; check your cluster UI to ensure that workers are registered and have sufficient resources
[2023-06-25T06:20:18.276+0000] {spark_submit.py:492} INFO - 23/06/25 06:20:18 WARN TaskSchedulerImpl: Initial job has not accepted any resources; check your cluster UI to ensure that workers are registered and have sufficient resources
[2023-06-25T06:20:33.275+0000] {spark_submit.py:492} INFO - 23/06/25 06:20:33 WARN TaskSchedulerImpl: Initial job has not accepted any resources; check your cluster UI to ensure that workers are registered and have sufficient resources
[2023-06-25T06:20:48.275+0000] {spark_submit.py:492} INFO - 23/06/25 06:20:48 WARN TaskSchedulerImpl: Initial job has not accepted any resources; check your cluster UI to ensure that workers are registered and have sufficient resources
[2023-06-25T06:21:03.276+0000] {spark_submit.py:492} INFO - 23/06/25 06:21:03 WARN TaskSchedulerImpl: Initial job has not accepted any resources; check your cluster UI to ensure that workers are registered and have sufficient resources
[2023-06-25T06:21:18.277+0000] {spark_submit.py:492} INFO - 23/06/25 06:21:18 WARN TaskSchedulerImpl: Initial job has not accepted any resources; check your cluster UI to ensure that workers are registered and have sufficient resources
[2023-06-25T06:21:49.265+0000] {spark_submit.py:492} INFO - 23/06/25 06:21:34 WARN TaskSchedulerImpl: Initial job has not accepted any resources; check your cluster UI to ensure that workers are registered and have sufficient resources
[2023-06-25T06:21:49.376+0000] {spark_submit.py:492} INFO - 23/06/25 06:21:49 WARN TaskSchedulerImpl: Initial job has not accepted any resources; check your cluster UI to ensure that workers are registered and have sufficient resources
[2023-06-25T06:22:14.648+0000] {spark_submit.py:492} INFO - 23/06/25 06:22:06 WARN TaskSchedulerImpl: Initial job has not accepted any resources; check your cluster UI to ensure that workers are registered and have sufficient resources
[2023-06-25T06:22:52.795+0000] {spark_submit.py:492} INFO - 23/06/25 06:22:26 WARN TaskSchedulerImpl: Initial job has not accepted any resources; check your cluster UI to ensure that workers are registered and have sufficient resources
