[2023-06-24T10:32:35.159+0000] {taskinstance.py:1084} INFO - Dependencies all met for dep_context=non-requeueable deps ti=<TaskInstance: spark_airflow_dag_v1.spark_submit_task manual__2023-06-24T10:32:33.780659+00:00 [queued]>
[2023-06-24T10:32:35.166+0000] {taskinstance.py:1084} INFO - Dependencies all met for dep_context=requeueable deps ti=<TaskInstance: spark_airflow_dag_v1.spark_submit_task manual__2023-06-24T10:32:33.780659+00:00 [queued]>
[2023-06-24T10:32:35.166+0000] {taskinstance.py:1282} INFO - 
--------------------------------------------------------------------------------
[2023-06-24T10:32:35.166+0000] {taskinstance.py:1283} INFO - Starting attempt 1 of 1
[2023-06-24T10:32:35.166+0000] {taskinstance.py:1284} INFO - 
--------------------------------------------------------------------------------
[2023-06-24T10:32:35.176+0000] {taskinstance.py:1303} INFO - Executing <Task(SparkSubmitOperator): spark_submit_task> on 2023-06-24 10:32:33.780659+00:00
[2023-06-24T10:32:35.180+0000] {standard_task_runner.py:55} INFO - Started process 189 to run task
[2023-06-24T10:32:35.182+0000] {standard_task_runner.py:82} INFO - Running: ['***', 'tasks', 'run', 'spark_***_dag_v1', 'spark_submit_task', 'manual__2023-06-24T10:32:33.780659+00:00', '--job-id', '59', '--raw', '--subdir', 'DAGS_FOLDER/spark_jobs_dag.py', '--cfg-path', '/tmp/tmpyet45xlq']
[2023-06-24T10:32:35.182+0000] {standard_task_runner.py:83} INFO - Job 59: Subtask spark_submit_task
[2023-06-24T10:32:35.193+0000] {warnings.py:109} WARNING - /home/***/.local/lib/python3.8/site-packages/***/settings.py:250: DeprecationWarning: The sql_alchemy_conn option in [core] has been moved to the sql_alchemy_conn option in [database] - the old setting has been used, but please update your config.
  SQL_ALCHEMY_CONN = conf.get("database", "SQL_ALCHEMY_CONN")

[2023-06-24T10:32:35.228+0000] {task_command.py:388} INFO - Running <TaskInstance: spark_airflow_dag_v1.spark_submit_task manual__2023-06-24T10:32:33.780659+00:00 [running]> on host 846f24a1d814
[2023-06-24T10:32:35.280+0000] {taskinstance.py:1509} INFO - Exporting the following env vars:
AIRFLOW_CTX_DAG_OWNER=***
AIRFLOW_CTX_DAG_ID=spark_***_dag_v1
AIRFLOW_CTX_TASK_ID=spark_submit_task
AIRFLOW_CTX_EXECUTION_DATE=2023-06-24T10:32:33.780659+00:00
AIRFLOW_CTX_TRY_NUMBER=1
AIRFLOW_CTX_DAG_RUN_ID=manual__2023-06-24T10:32:33.780659+00:00
[2023-06-24T10:32:35.289+0000] {base.py:73} INFO - Using connection ID 'spark_conn' for task execution.
[2023-06-24T10:32:35.290+0000] {spark_submit.py:341} INFO - Spark-Submit cmd: spark-submit --master spark://spark:7077 --name arrow-spark /opt/***/dags/spark_etl_script_docker.py
[2023-06-24T10:32:36.285+0000] {spark_submit.py:492} INFO - WARNING: An illegal reflective access operation has occurred
[2023-06-24T10:32:36.286+0000] {spark_submit.py:492} INFO - WARNING: Illegal reflective access by org.apache.spark.unsafe.Platform (file:/opt/spark/jars/spark-unsafe_2.12-3.2.0.jar) to constructor java.nio.DirectByteBuffer(long,int)
[2023-06-24T10:32:36.286+0000] {spark_submit.py:492} INFO - WARNING: Please consider reporting this to the maintainers of org.apache.spark.unsafe.Platform
[2023-06-24T10:32:36.286+0000] {spark_submit.py:492} INFO - WARNING: Use --illegal-access=warn to enable warnings of further illegal reflective access operations
[2023-06-24T10:32:36.286+0000] {spark_submit.py:492} INFO - WARNING: All illegal access operations will be denied in a future release
[2023-06-24T10:32:37.466+0000] {spark_submit.py:492} INFO - Using Spark's default log4j profile: org/apache/spark/log4j-defaults.properties
[2023-06-24T10:32:37.476+0000] {spark_submit.py:492} INFO - 23/06/24 10:32:37 INFO SparkContext: Running Spark version 3.2.0
[2023-06-24T10:32:37.557+0000] {spark_submit.py:492} INFO - 23/06/24 10:32:37 WARN NativeCodeLoader: Unable to load native-hadoop library for your platform... using builtin-java classes where applicable
[2023-06-24T10:32:37.699+0000] {spark_submit.py:492} INFO - 23/06/24 10:32:37 INFO ResourceUtils: ==============================================================
[2023-06-24T10:32:37.699+0000] {spark_submit.py:492} INFO - 23/06/24 10:32:37 INFO ResourceUtils: No custom resources configured for spark.driver.
[2023-06-24T10:32:37.700+0000] {spark_submit.py:492} INFO - 23/06/24 10:32:37 INFO ResourceUtils: ==============================================================
[2023-06-24T10:32:37.701+0000] {spark_submit.py:492} INFO - 23/06/24 10:32:37 INFO SparkContext: Submitted application: DataExtraction
[2023-06-24T10:32:37.743+0000] {spark_submit.py:492} INFO - 23/06/24 10:32:37 INFO ResourceProfile: Default ResourceProfile created, executor resources: Map(cores -> name: cores, amount: 1, script: , vendor: , memory -> name: memory, amount: 1024, script: , vendor: , offHeap -> name: offHeap, amount: 0, script: , vendor: ), task resources: Map(cpus -> name: cpus, amount: 1.0)
[2023-06-24T10:32:37.757+0000] {spark_submit.py:492} INFO - 23/06/24 10:32:37 INFO ResourceProfile: Limiting resource is cpu
[2023-06-24T10:32:37.757+0000] {spark_submit.py:492} INFO - 23/06/24 10:32:37 INFO ResourceProfileManager: Added ResourceProfile id: 0
[2023-06-24T10:32:37.812+0000] {spark_submit.py:492} INFO - 23/06/24 10:32:37 INFO SecurityManager: Changing view acls to: default
[2023-06-24T10:32:37.812+0000] {spark_submit.py:492} INFO - 23/06/24 10:32:37 INFO SecurityManager: Changing modify acls to: default
[2023-06-24T10:32:37.813+0000] {spark_submit.py:492} INFO - 23/06/24 10:32:37 INFO SecurityManager: Changing view acls groups to:
[2023-06-24T10:32:37.813+0000] {spark_submit.py:492} INFO - 23/06/24 10:32:37 INFO SecurityManager: Changing modify acls groups to:
[2023-06-24T10:32:37.813+0000] {spark_submit.py:492} INFO - 23/06/24 10:32:37 INFO SecurityManager: SecurityManager: authentication disabled; ui acls disabled; users  with view permissions: Set(default); groups with view permissions: Set(); users  with modify permissions: Set(default); groups with modify permissions: Set()
[2023-06-24T10:32:38.114+0000] {spark_submit.py:492} INFO - 23/06/24 10:32:38 INFO Utils: Successfully started service 'sparkDriver' on port 37327.
[2023-06-24T10:32:38.141+0000] {spark_submit.py:492} INFO - 23/06/24 10:32:38 INFO SparkEnv: Registering MapOutputTracker
[2023-06-24T10:32:38.176+0000] {spark_submit.py:492} INFO - 23/06/24 10:32:38 INFO SparkEnv: Registering BlockManagerMaster
[2023-06-24T10:32:38.197+0000] {spark_submit.py:492} INFO - 23/06/24 10:32:38 INFO BlockManagerMasterEndpoint: Using org.apache.spark.storage.DefaultTopologyMapper for getting topology information
[2023-06-24T10:32:38.198+0000] {spark_submit.py:492} INFO - 23/06/24 10:32:38 INFO BlockManagerMasterEndpoint: BlockManagerMasterEndpoint up
[2023-06-24T10:32:38.203+0000] {spark_submit.py:492} INFO - 23/06/24 10:32:38 INFO SparkEnv: Registering BlockManagerMasterHeartbeat
[2023-06-24T10:32:38.228+0000] {spark_submit.py:492} INFO - 23/06/24 10:32:38 INFO DiskBlockManager: Created local directory at /tmp/blockmgr-9e9dcc36-3f83-4bbc-9a63-80724ca70a46
[2023-06-24T10:32:38.250+0000] {spark_submit.py:492} INFO - 23/06/24 10:32:38 INFO MemoryStore: MemoryStore started with capacity 434.4 MiB
[2023-06-24T10:32:38.266+0000] {spark_submit.py:492} INFO - 23/06/24 10:32:38 INFO SparkEnv: Registering OutputCommitCoordinator
[2023-06-24T10:32:38.525+0000] {spark_submit.py:492} INFO - 23/06/24 10:32:38 INFO Utils: Successfully started service 'SparkUI' on port 4040.
[2023-06-24T10:32:38.601+0000] {spark_submit.py:492} INFO - 23/06/24 10:32:38 INFO SparkUI: Bound SparkUI to 0.0.0.0, and started at http://846f24a1d814:4040
[2023-06-24T10:32:38.873+0000] {spark_submit.py:492} INFO - 23/06/24 10:32:38 INFO StandaloneAppClient$ClientEndpoint: Connecting to master spark://spark:7077...
[2023-06-24T10:32:38.969+0000] {spark_submit.py:492} INFO - 23/06/24 10:32:38 INFO TransportClientFactory: Successfully created connection to spark/172.19.0.3:7077 after 74 ms (0 ms spent in bootstraps)
[2023-06-24T10:32:39.121+0000] {spark_submit.py:492} INFO - 23/06/24 10:32:39 INFO StandaloneSchedulerBackend: Connected to Spark cluster with app ID app-20230624103239-0000
[2023-06-24T10:32:39.132+0000] {spark_submit.py:492} INFO - 23/06/24 10:32:39 INFO Utils: Successfully started service 'org.apache.spark.network.netty.NettyBlockTransferService' on port 32843.
[2023-06-24T10:32:39.132+0000] {spark_submit.py:492} INFO - 23/06/24 10:32:39 INFO NettyBlockTransferService: Server created on 846f24a1d814:32843
[2023-06-24T10:32:39.137+0000] {spark_submit.py:492} INFO - 23/06/24 10:32:39 INFO BlockManager: Using org.apache.spark.storage.RandomBlockReplicationPolicy for block replication policy
[2023-06-24T10:32:39.149+0000] {spark_submit.py:492} INFO - 23/06/24 10:32:39 INFO StandaloneAppClient$ClientEndpoint: Executor added: app-20230624103239-0000/0 on worker-20230624103005-172.19.0.5-36249 (172.19.0.5:36249) with 1 core(s)
[2023-06-24T10:32:39.151+0000] {spark_submit.py:492} INFO - 23/06/24 10:32:39 INFO StandaloneSchedulerBackend: Granted executor ID app-20230624103239-0000/0 on hostPort 172.19.0.5:36249 with 1 core(s), 1024.0 MiB RAM
[2023-06-24T10:32:39.154+0000] {spark_submit.py:492} INFO - 23/06/24 10:32:39 INFO BlockManagerMaster: Registering BlockManager BlockManagerId(driver, 846f24a1d814, 32843, None)
[2023-06-24T10:32:39.160+0000] {spark_submit.py:492} INFO - 23/06/24 10:32:39 INFO BlockManagerMasterEndpoint: Registering block manager 846f24a1d814:32843 with 434.4 MiB RAM, BlockManagerId(driver, 846f24a1d814, 32843, None)
[2023-06-24T10:32:39.161+0000] {spark_submit.py:492} INFO - 23/06/24 10:32:39 INFO BlockManagerMaster: Registered BlockManager BlockManagerId(driver, 846f24a1d814, 32843, None)
[2023-06-24T10:32:39.163+0000] {spark_submit.py:492} INFO - 23/06/24 10:32:39 INFO BlockManager: Initialized BlockManager: BlockManagerId(driver, 846f24a1d814, 32843, None)
[2023-06-24T10:32:39.359+0000] {spark_submit.py:492} INFO - 23/06/24 10:32:39 INFO StandaloneAppClient$ClientEndpoint: Executor updated: app-20230624103239-0000/0 is now RUNNING
[2023-06-24T10:32:39.425+0000] {spark_submit.py:492} INFO - 23/06/24 10:32:39 INFO StandaloneSchedulerBackend: SchedulerBackend is ready for scheduling beginning after reached minRegisteredResourcesRatio: 0.0
[2023-06-24T10:32:39.900+0000] {spark_submit.py:492} INFO - 23/06/24 10:32:39 INFO SharedState: Setting hive.metastore.warehouse.dir ('null') to the value of spark.sql.warehouse.dir.
[2023-06-24T10:32:39.953+0000] {spark_submit.py:492} INFO - 23/06/24 10:32:39 INFO SharedState: Warehouse path is 'file:/opt/***/spark-warehouse'.
[2023-06-24T10:32:42.222+0000] {spark_submit.py:492} INFO - 23/06/24 10:32:42 INFO CoarseGrainedSchedulerBackend$DriverEndpoint: Registered executor NettyRpcEndpointRef(spark-client://Executor) (172.19.0.5:57836) with ID 0,  ResourceProfileId 0
[2023-06-24T10:32:42.294+0000] {spark_submit.py:492} INFO - 23/06/24 10:32:42 INFO BlockManagerMasterEndpoint: Registering block manager 172.19.0.5:44675 with 366.3 MiB RAM, BlockManagerId(0, 172.19.0.5, 44675, None)
[2023-06-24T10:32:44.122+0000] {spark_submit.py:492} INFO - 23/06/24 10:32:44 INFO CodeGenerator: Code generated in 102.893098 ms
[2023-06-24T10:32:44.195+0000] {spark_submit.py:492} INFO - 23/06/24 10:32:44 INFO SparkContext: Starting job: json at NativeMethodAccessorImpl.java:0
[2023-06-24T10:32:44.207+0000] {spark_submit.py:492} INFO - 23/06/24 10:32:44 INFO DAGScheduler: Got job 0 (json at NativeMethodAccessorImpl.java:0) with 2 output partitions
[2023-06-24T10:32:44.207+0000] {spark_submit.py:492} INFO - 23/06/24 10:32:44 INFO DAGScheduler: Final stage: ResultStage 0 (json at NativeMethodAccessorImpl.java:0)
[2023-06-24T10:32:44.207+0000] {spark_submit.py:492} INFO - 23/06/24 10:32:44 INFO DAGScheduler: Parents of final stage: List()
[2023-06-24T10:32:44.208+0000] {spark_submit.py:492} INFO - 23/06/24 10:32:44 INFO DAGScheduler: Missing parents: List()
[2023-06-24T10:32:44.212+0000] {spark_submit.py:492} INFO - 23/06/24 10:32:44 INFO DAGScheduler: Submitting ResultStage 0 (MapPartitionsRDD[6] at json at NativeMethodAccessorImpl.java:0), which has no missing parents
[2023-06-24T10:32:44.282+0000] {spark_submit.py:492} INFO - 23/06/24 10:32:44 INFO MemoryStore: Block broadcast_0 stored as values in memory (estimated size 17.2 KiB, free 434.4 MiB)
[2023-06-24T10:32:44.307+0000] {spark_submit.py:492} INFO - 23/06/24 10:32:44 INFO MemoryStore: Block broadcast_0_piece0 stored as bytes in memory (estimated size 8.9 KiB, free 434.4 MiB)
[2023-06-24T10:32:44.315+0000] {spark_submit.py:492} INFO - 23/06/24 10:32:44 INFO BlockManagerInfo: Added broadcast_0_piece0 in memory on 846f24a1d814:32843 (size: 8.9 KiB, free: 434.4 MiB)
[2023-06-24T10:32:44.318+0000] {spark_submit.py:492} INFO - 23/06/24 10:32:44 INFO SparkContext: Created broadcast 0 from broadcast at DAGScheduler.scala:1427
[2023-06-24T10:32:44.329+0000] {spark_submit.py:492} INFO - 23/06/24 10:32:44 INFO DAGScheduler: Submitting 2 missing tasks from ResultStage 0 (MapPartitionsRDD[6] at json at NativeMethodAccessorImpl.java:0) (first 15 tasks are for partitions Vector(0, 1))
[2023-06-24T10:32:44.330+0000] {spark_submit.py:492} INFO - 23/06/24 10:32:44 INFO TaskSchedulerImpl: Adding task set 0.0 with 2 tasks resource profile 0
[2023-06-24T10:32:44.359+0000] {spark_submit.py:492} INFO - 23/06/24 10:32:44 INFO TaskSetManager: Starting task 0.0 in stage 0.0 (TID 0) (172.19.0.5, executor 0, partition 0, PROCESS_LOCAL, 4437 bytes) taskResourceAssignments Map()
[2023-06-24T11:19:03.886+0000] {spark_submit.py:492} INFO - 23/06/24 11:19:03 WARN StandaloneAppClient$ClientEndpoint: Connection to 5868baada9f7:7077 failed; waiting for master to reconnect...
[2023-06-24T11:19:03.886+0000] {spark_submit.py:492} INFO - 23/06/24 11:19:03 WARN StandaloneSchedulerBackend: Disconnected from Spark cluster! Waiting for reconnection...
[2023-06-24T11:19:03.893+0000] {spark_submit.py:492} INFO - 23/06/24 11:19:03 ERROR TaskSchedulerImpl: Lost executor 0 on 172.19.0.5: Remote RPC client disassociated. Likely due to containers exceeding thresholds, or network issues. Check driver logs for WARN messages.
[2023-06-24T11:19:03.901+0000] {spark_submit.py:492} INFO - 23/06/24 11:19:03 WARN TaskSetManager: Lost task 0.0 in stage 0.0 (TID 0) (172.19.0.5 executor 0): ExecutorLostFailure (executor 0 exited caused by one of the running tasks) Reason: Remote RPC client disassociated. Likely due to containers exceeding thresholds, or network issues. Check driver logs for WARN messages.
[2023-06-24T11:19:03.907+0000] {spark_submit.py:492} INFO - 23/06/24 11:19:03 INFO DAGScheduler: Executor lost: 0 (epoch 0)
[2023-06-24T11:19:03.911+0000] {spark_submit.py:492} INFO - 23/06/24 11:19:03 INFO BlockManagerMasterEndpoint: Trying to remove executor 0 from BlockManagerMaster.
[2023-06-24T11:19:03.912+0000] {spark_submit.py:492} INFO - 23/06/24 11:19:03 INFO BlockManagerMasterEndpoint: Removing block manager BlockManagerId(0, 172.19.0.5, 44675, None)
[2023-06-24T11:19:03.913+0000] {spark_submit.py:492} INFO - 23/06/24 11:19:03 INFO BlockManagerMaster: Removed 0 successfully in removeExecutor
[2023-06-24T11:19:03.914+0000] {spark_submit.py:492} INFO - 23/06/24 11:19:03 INFO DAGScheduler: Shuffle files lost for executor: 0 (epoch 0)
[2023-06-24T11:32:40.109+0000] {local_task_job.py:270} WARNING - DagRun timed out after 1:00:05.367648.
[2023-06-24T11:32:45.161+0000] {local_task_job.py:270} WARNING - DagRun timed out after 1:00:10.420180.
[2023-06-24T11:32:45.161+0000] {local_task_job.py:276} WARNING - State of this instance has been externally set to skipped. Terminating instance.
[2023-06-24T11:32:45.162+0000] {process_utils.py:129} INFO - Sending Signals.SIGTERM to group 189. PIDs of all processes in the group: [190, 235, 189]
[2023-06-24T11:32:45.163+0000] {process_utils.py:84} INFO - Sending the signal Signals.SIGTERM to group 189
[2023-06-24T11:32:45.163+0000] {taskinstance.py:1482} ERROR - Received SIGTERM. Terminating subprocesses.
[2023-06-24T11:32:45.163+0000] {spark_submit.py:618} INFO - Sending kill signal to spark-submit
[2023-06-24T11:32:45.189+0000] {process_utils.py:79} INFO - Process psutil.Process(pid=189, status='terminated', exitcode=0, started='10:32:34') (189) terminated with exit code 0
[2023-06-24T11:32:45.203+0000] {process_utils.py:79} INFO - Process psutil.Process(pid=235, status='terminated', started='10:32:36') (235) terminated with exit code None
[2023-06-24T11:32:45.203+0000] {process_utils.py:79} INFO - Process psutil.Process(pid=190, status='terminated', started='10:32:34') (190) terminated with exit code None
