[2023-06-25T02:53:03.682+0000] {taskinstance.py:1084} INFO - Dependencies all met for dep_context=non-requeueable deps ti=<TaskInstance: spark_airflow_dag_v6.spark_submit_task1 manual__2023-06-25T02:53:02.566623+00:00 [queued]>
[2023-06-25T02:53:03.691+0000] {taskinstance.py:1084} INFO - Dependencies all met for dep_context=requeueable deps ti=<TaskInstance: spark_airflow_dag_v6.spark_submit_task1 manual__2023-06-25T02:53:02.566623+00:00 [queued]>
[2023-06-25T02:53:03.691+0000] {taskinstance.py:1282} INFO - 
--------------------------------------------------------------------------------
[2023-06-25T02:53:03.691+0000] {taskinstance.py:1283} INFO - Starting attempt 1 of 1
[2023-06-25T02:53:03.691+0000] {taskinstance.py:1284} INFO - 
--------------------------------------------------------------------------------
[2023-06-25T02:53:03.701+0000] {taskinstance.py:1303} INFO - Executing <Task(SparkSubmitOperator): spark_submit_task1> on 2023-06-25 02:53:02.566623+00:00
[2023-06-25T02:53:03.707+0000] {standard_task_runner.py:55} INFO - Started process 2469 to run task
[2023-06-25T02:53:03.712+0000] {standard_task_runner.py:82} INFO - Running: ['***', 'tasks', 'run', 'spark_***_dag_v6', 'spark_submit_task1', 'manual__2023-06-25T02:53:02.566623+00:00', '--job-id', '168', '--raw', '--subdir', 'DAGS_FOLDER/spark_jobs_dag3.py', '--cfg-path', '/tmp/tmprrm64gck']
[2023-06-25T02:53:03.712+0000] {standard_task_runner.py:83} INFO - Job 168: Subtask spark_submit_task1
[2023-06-25T02:53:03.728+0000] {warnings.py:109} WARNING - /home/***/.local/lib/python3.8/site-packages/***/settings.py:250: DeprecationWarning: The sql_alchemy_conn option in [core] has been moved to the sql_alchemy_conn option in [database] - the old setting has been used, but please update your config.
  SQL_ALCHEMY_CONN = conf.get("database", "SQL_ALCHEMY_CONN")

[2023-06-25T02:53:03.787+0000] {task_command.py:388} INFO - Running <TaskInstance: spark_airflow_dag_v6.spark_submit_task1 manual__2023-06-25T02:53:02.566623+00:00 [running]> on host a8d69ab09d2d
[2023-06-25T02:53:03.857+0000] {taskinstance.py:1509} INFO - Exporting the following env vars:
AIRFLOW_CTX_DAG_OWNER=***
AIRFLOW_CTX_DAG_ID=spark_***_dag_v6
AIRFLOW_CTX_TASK_ID=spark_submit_task1
AIRFLOW_CTX_EXECUTION_DATE=2023-06-25T02:53:02.566623+00:00
AIRFLOW_CTX_TRY_NUMBER=1
AIRFLOW_CTX_DAG_RUN_ID=manual__2023-06-25T02:53:02.566623+00:00
[2023-06-25T02:53:03.865+0000] {base.py:73} INFO - Using connection ID 'spark_conn' for task execution.
[2023-06-25T02:53:03.866+0000] {spark_submit.py:341} INFO - Spark-Submit cmd: spark-submit --master spark://spark:7077 --name arrow-spark /opt/***/dags/spark_etl_simple.py
[2023-06-25T02:53:04.928+0000] {spark_submit.py:492} INFO - WARNING: An illegal reflective access operation has occurred
[2023-06-25T02:53:04.928+0000] {spark_submit.py:492} INFO - WARNING: Illegal reflective access by org.apache.spark.unsafe.Platform (file:/opt/spark/jars/spark-unsafe_2.12-3.2.0.jar) to constructor java.nio.DirectByteBuffer(long,int)
[2023-06-25T02:53:04.928+0000] {spark_submit.py:492} INFO - WARNING: Please consider reporting this to the maintainers of org.apache.spark.unsafe.Platform
[2023-06-25T02:53:04.929+0000] {spark_submit.py:492} INFO - WARNING: Use --illegal-access=warn to enable warnings of further illegal reflective access operations
[2023-06-25T02:53:04.929+0000] {spark_submit.py:492} INFO - WARNING: All illegal access operations will be denied in a future release
[2023-06-25T02:53:05.983+0000] {spark_submit.py:492} INFO - Using Spark's default log4j profile: org/apache/spark/log4j-defaults.properties
[2023-06-25T02:53:05.990+0000] {spark_submit.py:492} INFO - 23/06/25 02:53:05 INFO SparkContext: Running Spark version 3.2.0
[2023-06-25T02:53:06.049+0000] {spark_submit.py:492} INFO - 23/06/25 02:53:06 WARN NativeCodeLoader: Unable to load native-hadoop library for your platform... using builtin-java classes where applicable
[2023-06-25T02:53:06.149+0000] {spark_submit.py:492} INFO - 23/06/25 02:53:06 INFO ResourceUtils: ==============================================================
[2023-06-25T02:53:06.149+0000] {spark_submit.py:492} INFO - 23/06/25 02:53:06 INFO ResourceUtils: No custom resources configured for spark.driver.
[2023-06-25T02:53:06.149+0000] {spark_submit.py:492} INFO - 23/06/25 02:53:06 INFO ResourceUtils: ==============================================================
[2023-06-25T02:53:06.150+0000] {spark_submit.py:492} INFO - 23/06/25 02:53:06 INFO SparkContext: Submitted application: test
[2023-06-25T02:53:06.175+0000] {spark_submit.py:492} INFO - 23/06/25 02:53:06 INFO ResourceProfile: Default ResourceProfile created, executor resources: Map(cores -> name: cores, amount: 1, script: , vendor: , memory -> name: memory, amount: 1024, script: , vendor: , offHeap -> name: offHeap, amount: 0, script: , vendor: ), task resources: Map(cpus -> name: cpus, amount: 1.0)
[2023-06-25T02:53:06.185+0000] {spark_submit.py:492} INFO - 23/06/25 02:53:06 INFO ResourceProfile: Limiting resource is cpu
[2023-06-25T02:53:06.185+0000] {spark_submit.py:492} INFO - 23/06/25 02:53:06 INFO ResourceProfileManager: Added ResourceProfile id: 0
[2023-06-25T02:53:06.230+0000] {spark_submit.py:492} INFO - 23/06/25 02:53:06 INFO SecurityManager: Changing view acls to: default
[2023-06-25T02:53:06.230+0000] {spark_submit.py:492} INFO - 23/06/25 02:53:06 INFO SecurityManager: Changing modify acls to: default
[2023-06-25T02:53:06.231+0000] {spark_submit.py:492} INFO - 23/06/25 02:53:06 INFO SecurityManager: Changing view acls groups to:
[2023-06-25T02:53:06.231+0000] {spark_submit.py:492} INFO - 23/06/25 02:53:06 INFO SecurityManager: Changing modify acls groups to:
[2023-06-25T02:53:06.231+0000] {spark_submit.py:492} INFO - 23/06/25 02:53:06 INFO SecurityManager: SecurityManager: authentication disabled; ui acls disabled; users  with view permissions: Set(default); groups with view permissions: Set(); users  with modify permissions: Set(default); groups with modify permissions: Set()
[2023-06-25T02:53:06.526+0000] {spark_submit.py:492} INFO - 23/06/25 02:53:06 INFO Utils: Successfully started service 'sparkDriver' on port 45039.
[2023-06-25T02:53:06.558+0000] {spark_submit.py:492} INFO - 23/06/25 02:53:06 INFO SparkEnv: Registering MapOutputTracker
[2023-06-25T02:53:06.588+0000] {spark_submit.py:492} INFO - 23/06/25 02:53:06 INFO SparkEnv: Registering BlockManagerMaster
[2023-06-25T02:53:06.605+0000] {spark_submit.py:492} INFO - 23/06/25 02:53:06 INFO BlockManagerMasterEndpoint: Using org.apache.spark.storage.DefaultTopologyMapper for getting topology information
[2023-06-25T02:53:06.606+0000] {spark_submit.py:492} INFO - 23/06/25 02:53:06 INFO BlockManagerMasterEndpoint: BlockManagerMasterEndpoint up
[2023-06-25T02:53:06.609+0000] {spark_submit.py:492} INFO - 23/06/25 02:53:06 INFO SparkEnv: Registering BlockManagerMasterHeartbeat
[2023-06-25T02:53:06.629+0000] {spark_submit.py:492} INFO - 23/06/25 02:53:06 INFO DiskBlockManager: Created local directory at /tmp/blockmgr-89e74b39-29db-4e6f-a64e-756928a2bc15
[2023-06-25T02:53:06.646+0000] {spark_submit.py:492} INFO - 23/06/25 02:53:06 INFO MemoryStore: MemoryStore started with capacity 434.4 MiB
[2023-06-25T02:53:06.659+0000] {spark_submit.py:492} INFO - 23/06/25 02:53:06 INFO SparkEnv: Registering OutputCommitCoordinator
[2023-06-25T02:53:06.803+0000] {spark_submit.py:492} INFO - 23/06/25 02:53:06 INFO Utils: Successfully started service 'SparkUI' on port 4040.
[2023-06-25T02:53:06.849+0000] {spark_submit.py:492} INFO - 23/06/25 02:53:06 INFO SparkUI: Bound SparkUI to 0.0.0.0, and started at http://a8d69ab09d2d:4040
[2023-06-25T02:53:07.134+0000] {spark_submit.py:492} INFO - 23/06/25 02:53:07 INFO StandaloneAppClient$ClientEndpoint: Connecting to master spark://spark:7077...
[2023-06-25T02:53:07.198+0000] {spark_submit.py:492} INFO - 23/06/25 02:53:07 INFO TransportClientFactory: Successfully created connection to spark/172.19.0.11:7077 after 34 ms (0 ms spent in bootstraps)
[2023-06-25T02:53:07.295+0000] {spark_submit.py:492} INFO - 23/06/25 02:53:07 INFO StandaloneSchedulerBackend: Connected to Spark cluster with app ID app-20230625025307-0000
[2023-06-25T02:53:07.300+0000] {spark_submit.py:492} INFO - 23/06/25 02:53:07 INFO Utils: Successfully started service 'org.apache.spark.network.netty.NettyBlockTransferService' on port 42983.
[2023-06-25T02:53:07.300+0000] {spark_submit.py:492} INFO - 23/06/25 02:53:07 INFO NettyBlockTransferService: Server created on a8d69ab09d2d:42983
[2023-06-25T02:53:07.303+0000] {spark_submit.py:492} INFO - 23/06/25 02:53:07 INFO BlockManager: Using org.apache.spark.storage.RandomBlockReplicationPolicy for block replication policy
[2023-06-25T02:53:07.309+0000] {spark_submit.py:492} INFO - 23/06/25 02:53:07 INFO BlockManagerMaster: Registering BlockManager BlockManagerId(driver, a8d69ab09d2d, 42983, None)
[2023-06-25T02:53:07.313+0000] {spark_submit.py:492} INFO - 23/06/25 02:53:07 INFO BlockManagerMasterEndpoint: Registering block manager a8d69ab09d2d:42983 with 434.4 MiB RAM, BlockManagerId(driver, a8d69ab09d2d, 42983, None)
[2023-06-25T02:53:07.315+0000] {spark_submit.py:492} INFO - 23/06/25 02:53:07 INFO BlockManagerMaster: Registered BlockManager BlockManagerId(driver, a8d69ab09d2d, 42983, None)
[2023-06-25T02:53:07.317+0000] {spark_submit.py:492} INFO - 23/06/25 02:53:07 INFO BlockManager: Initialized BlockManager: BlockManagerId(driver, a8d69ab09d2d, 42983, None)
[2023-06-25T02:53:07.323+0000] {spark_submit.py:492} INFO - 23/06/25 02:53:07 INFO StandaloneAppClient$ClientEndpoint: Executor added: app-20230625025307-0000/0 on worker-20230625024935-172.19.0.10-38505 (172.19.0.10:38505) with 1 core(s)
[2023-06-25T02:53:07.325+0000] {spark_submit.py:492} INFO - 23/06/25 02:53:07 INFO StandaloneSchedulerBackend: Granted executor ID app-20230625025307-0000/0 on hostPort 172.19.0.10:38505 with 1 core(s), 1024.0 MiB RAM
[2023-06-25T02:53:07.478+0000] {spark_submit.py:492} INFO - 23/06/25 02:53:07 INFO StandaloneAppClient$ClientEndpoint: Executor updated: app-20230625025307-0000/0 is now RUNNING
[2023-06-25T02:53:07.599+0000] {spark_submit.py:492} INFO - 23/06/25 02:53:07 INFO StandaloneSchedulerBackend: SchedulerBackend is ready for scheduling beginning after reached minRegisteredResourcesRatio: 0.0
[2023-06-25T02:53:07.845+0000] {spark_submit.py:492} INFO - 23/06/25 02:53:07 INFO SharedState: Setting hive.metastore.warehouse.dir ('null') to the value of spark.sql.warehouse.dir.
[2023-06-25T02:53:07.864+0000] {spark_submit.py:492} INFO - 23/06/25 02:53:07 INFO SharedState: Warehouse path is 'file:/opt/***/spark-warehouse'.
[2023-06-25T02:53:09.369+0000] {spark_submit.py:492} INFO - 23/06/25 02:53:09 INFO CoarseGrainedSchedulerBackend$DriverEndpoint: Registered executor NettyRpcEndpointRef(spark-client://Executor) (172.19.0.10:37864) with ID 0,  ResourceProfileId 0
[2023-06-25T02:53:09.538+0000] {spark_submit.py:492} INFO - 23/06/25 02:53:09 INFO BlockManagerMasterEndpoint: Registering block manager 172.19.0.10:46211 with 366.3 MiB RAM, BlockManagerId(0, 172.19.0.10, 46211, None)
[2023-06-25T02:53:11.284+0000] {spark_submit.py:492} INFO - 23/06/25 02:53:11 INFO CodeGenerator: Code generated in 103.026231 ms
[2023-06-25T02:53:11.307+0000] {spark_submit.py:492} INFO - 23/06/25 02:53:11 INFO SparkContext: Starting job: showString at NativeMethodAccessorImpl.java:0
[2023-06-25T02:53:11.320+0000] {spark_submit.py:492} INFO - 23/06/25 02:53:11 INFO DAGScheduler: Got job 0 (showString at NativeMethodAccessorImpl.java:0) with 1 output partitions
[2023-06-25T02:53:11.320+0000] {spark_submit.py:492} INFO - 23/06/25 02:53:11 INFO DAGScheduler: Final stage: ResultStage 0 (showString at NativeMethodAccessorImpl.java:0)
[2023-06-25T02:53:11.320+0000] {spark_submit.py:492} INFO - 23/06/25 02:53:11 INFO DAGScheduler: Parents of final stage: List()
[2023-06-25T02:53:11.321+0000] {spark_submit.py:492} INFO - 23/06/25 02:53:11 INFO DAGScheduler: Missing parents: List()
[2023-06-25T02:53:11.324+0000] {spark_submit.py:492} INFO - 23/06/25 02:53:11 INFO DAGScheduler: Submitting ResultStage 0 (MapPartitionsRDD[6] at showString at NativeMethodAccessorImpl.java:0), which has no missing parents
[2023-06-25T02:53:11.405+0000] {spark_submit.py:492} INFO - 23/06/25 02:53:11 INFO MemoryStore: Block broadcast_0 stored as values in memory (estimated size 11.7 KiB, free 434.4 MiB)
[2023-06-25T02:53:11.431+0000] {spark_submit.py:492} INFO - 23/06/25 02:53:11 INFO MemoryStore: Block broadcast_0_piece0 stored as bytes in memory (estimated size 6.2 KiB, free 434.4 MiB)
[2023-06-25T02:53:11.433+0000] {spark_submit.py:492} INFO - 23/06/25 02:53:11 INFO BlockManagerInfo: Added broadcast_0_piece0 in memory on a8d69ab09d2d:42983 (size: 6.2 KiB, free: 434.4 MiB)
[2023-06-25T02:53:11.435+0000] {spark_submit.py:492} INFO - 23/06/25 02:53:11 INFO SparkContext: Created broadcast 0 from broadcast at DAGScheduler.scala:1427
[2023-06-25T02:53:11.445+0000] {spark_submit.py:492} INFO - 23/06/25 02:53:11 INFO DAGScheduler: Submitting 1 missing tasks from ResultStage 0 (MapPartitionsRDD[6] at showString at NativeMethodAccessorImpl.java:0) (first 15 tasks are for partitions Vector(0))
[2023-06-25T02:53:11.445+0000] {spark_submit.py:492} INFO - 23/06/25 02:53:11 INFO TaskSchedulerImpl: Adding task set 0.0 with 1 tasks resource profile 0
[2023-06-25T02:53:11.472+0000] {spark_submit.py:492} INFO - 23/06/25 02:53:11 INFO TaskSetManager: Starting task 0.0 in stage 0.0 (TID 0) (172.19.0.10, executor 0, partition 0, PROCESS_LOCAL, 4605 bytes) taskResourceAssignments Map()
[2023-06-25T02:53:11.788+0000] {spark_submit.py:492} INFO - 23/06/25 02:53:11 INFO BlockManagerInfo: Added broadcast_0_piece0 in memory on 172.19.0.10:46211 (size: 6.2 KiB, free: 366.3 MiB)
[2023-06-25T02:53:13.345+0000] {spark_submit.py:492} INFO - 23/06/25 02:53:13 INFO TaskSetManager: Finished task 0.0 in stage 0.0 (TID 0) in 1880 ms on 172.19.0.10 (executor 0) (1/1)
[2023-06-25T02:53:13.347+0000] {spark_submit.py:492} INFO - 23/06/25 02:53:13 INFO TaskSchedulerImpl: Removed TaskSet 0.0, whose tasks have all completed, from pool
[2023-06-25T02:53:13.351+0000] {spark_submit.py:492} INFO - 23/06/25 02:53:13 INFO PythonAccumulatorV2: Connected to AccumulatorServer at host: 127.0.0.1 port: 33847
[2023-06-25T02:53:13.354+0000] {spark_submit.py:492} INFO - 23/06/25 02:53:13 INFO DAGScheduler: ResultStage 0 (showString at NativeMethodAccessorImpl.java:0) finished in 2.019 s
[2023-06-25T02:53:13.356+0000] {spark_submit.py:492} INFO - 23/06/25 02:53:13 INFO DAGScheduler: Job 0 is finished. Cancelling potential speculative or zombie tasks for this job
[2023-06-25T02:53:13.357+0000] {spark_submit.py:492} INFO - 23/06/25 02:53:13 INFO TaskSchedulerImpl: Killing all running tasks in stage 0: Stage finished
[2023-06-25T02:53:13.358+0000] {spark_submit.py:492} INFO - 23/06/25 02:53:13 INFO DAGScheduler: Job 0 finished: showString at NativeMethodAccessorImpl.java:0, took 2.050780 s
[2023-06-25T02:53:13.369+0000] {spark_submit.py:492} INFO - 23/06/25 02:53:13 INFO SparkContext: Starting job: showString at NativeMethodAccessorImpl.java:0
[2023-06-25T02:53:13.370+0000] {spark_submit.py:492} INFO - 23/06/25 02:53:13 INFO DAGScheduler: Got job 1 (showString at NativeMethodAccessorImpl.java:0) with 1 output partitions
[2023-06-25T02:53:13.370+0000] {spark_submit.py:492} INFO - 23/06/25 02:53:13 INFO DAGScheduler: Final stage: ResultStage 1 (showString at NativeMethodAccessorImpl.java:0)
[2023-06-25T02:53:13.370+0000] {spark_submit.py:492} INFO - 23/06/25 02:53:13 INFO DAGScheduler: Parents of final stage: List()
[2023-06-25T02:53:13.370+0000] {spark_submit.py:492} INFO - 23/06/25 02:53:13 INFO DAGScheduler: Missing parents: List()
[2023-06-25T02:53:13.371+0000] {spark_submit.py:492} INFO - 23/06/25 02:53:13 INFO DAGScheduler: Submitting ResultStage 1 (MapPartitionsRDD[6] at showString at NativeMethodAccessorImpl.java:0), which has no missing parents
[2023-06-25T02:53:13.376+0000] {spark_submit.py:492} INFO - 23/06/25 02:53:13 INFO MemoryStore: Block broadcast_1 stored as values in memory (estimated size 11.7 KiB, free 434.4 MiB)
[2023-06-25T02:53:13.380+0000] {spark_submit.py:492} INFO - 23/06/25 02:53:13 INFO MemoryStore: Block broadcast_1_piece0 stored as bytes in memory (estimated size 6.2 KiB, free 434.4 MiB)
[2023-06-25T02:53:13.380+0000] {spark_submit.py:492} INFO - 23/06/25 02:53:13 INFO BlockManagerInfo: Added broadcast_1_piece0 in memory on a8d69ab09d2d:42983 (size: 6.2 KiB, free: 434.4 MiB)
[2023-06-25T02:53:13.381+0000] {spark_submit.py:492} INFO - 23/06/25 02:53:13 INFO SparkContext: Created broadcast 1 from broadcast at DAGScheduler.scala:1427
[2023-06-25T02:53:13.382+0000] {spark_submit.py:492} INFO - 23/06/25 02:53:13 INFO DAGScheduler: Submitting 1 missing tasks from ResultStage 1 (MapPartitionsRDD[6] at showString at NativeMethodAccessorImpl.java:0) (first 15 tasks are for partitions Vector(1))
[2023-06-25T02:53:13.382+0000] {spark_submit.py:492} INFO - 23/06/25 02:53:13 INFO TaskSchedulerImpl: Adding task set 1.0 with 1 tasks resource profile 0
[2023-06-25T02:53:13.383+0000] {spark_submit.py:492} INFO - 23/06/25 02:53:13 INFO TaskSetManager: Starting task 0.0 in stage 1.0 (TID 1) (172.19.0.10, executor 0, partition 1, PROCESS_LOCAL, 4529 bytes) taskResourceAssignments Map()
[2023-06-25T02:53:13.397+0000] {spark_submit.py:492} INFO - 23/06/25 02:53:13 INFO BlockManagerInfo: Added broadcast_1_piece0 in memory on 172.19.0.10:46211 (size: 6.2 KiB, free: 366.3 MiB)
[2023-06-25T02:53:13.454+0000] {spark_submit.py:492} INFO - 23/06/25 02:53:13 INFO TaskSetManager: Finished task 0.0 in stage 1.0 (TID 1) in 70 ms on 172.19.0.10 (executor 0) (1/1)
[2023-06-25T02:53:13.454+0000] {spark_submit.py:492} INFO - 23/06/25 02:53:13 INFO TaskSchedulerImpl: Removed TaskSet 1.0, whose tasks have all completed, from pool
[2023-06-25T02:53:13.455+0000] {spark_submit.py:492} INFO - 23/06/25 02:53:13 INFO DAGScheduler: ResultStage 1 (showString at NativeMethodAccessorImpl.java:0) finished in 0.082 s
[2023-06-25T02:53:13.455+0000] {spark_submit.py:492} INFO - 23/06/25 02:53:13 INFO DAGScheduler: Job 1 is finished. Cancelling potential speculative or zombie tasks for this job
[2023-06-25T02:53:13.455+0000] {spark_submit.py:492} INFO - 23/06/25 02:53:13 INFO TaskSchedulerImpl: Killing all running tasks in stage 1: Stage finished
[2023-06-25T02:53:13.456+0000] {spark_submit.py:492} INFO - 23/06/25 02:53:13 INFO DAGScheduler: Job 1 finished: showString at NativeMethodAccessorImpl.java:0, took 0.086532 s
[2023-06-25T02:53:13.486+0000] {spark_submit.py:492} INFO - 23/06/25 02:53:13 INFO CodeGenerator: Code generated in 16.695 ms
[2023-06-25T02:53:13.496+0000] {spark_submit.py:492} INFO - +-----+-----------------------------------------------------------------------------+
[2023-06-25T02:53:13.497+0000] {spark_submit.py:492} INFO - |Seqno|Quote                                                                        |
[2023-06-25T02:53:13.497+0000] {spark_submit.py:492} INFO - +-----+-----------------------------------------------------------------------------+
[2023-06-25T02:53:13.497+0000] {spark_submit.py:492} INFO - |1    |Be the change that you wish to see in the world                              |
[2023-06-25T02:53:13.497+0000] {spark_submit.py:492} INFO - |2    |Everyone thinks of changing the world, but no one thinks of changing himself.|
[2023-06-25T02:53:13.497+0000] {spark_submit.py:492} INFO - |3    |The purpose of our lives is to be happy.                                     |
[2023-06-25T02:53:13.497+0000] {spark_submit.py:492} INFO - |4    |Be cool.                                                                     |
[2023-06-25T02:53:13.497+0000] {spark_submit.py:492} INFO - +-----+-----------------------------------------------------------------------------+
[2023-06-25T02:53:13.497+0000] {spark_submit.py:492} INFO - 
[2023-06-25T02:53:13.585+0000] {spark_submit.py:492} INFO - 23/06/25 02:53:13 INFO SparkContext: Invoking stop() from shutdown hook
[2023-06-25T02:53:13.593+0000] {spark_submit.py:492} INFO - 23/06/25 02:53:13 INFO SparkUI: Stopped Spark web UI at http://a8d69ab09d2d:4040
[2023-06-25T02:53:13.596+0000] {spark_submit.py:492} INFO - 23/06/25 02:53:13 INFO StandaloneSchedulerBackend: Shutting down all executors
[2023-06-25T02:53:13.596+0000] {spark_submit.py:492} INFO - 23/06/25 02:53:13 INFO CoarseGrainedSchedulerBackend$DriverEndpoint: Asking each executor to shut down
[2023-06-25T02:53:13.615+0000] {spark_submit.py:492} INFO - 23/06/25 02:53:13 INFO MapOutputTrackerMasterEndpoint: MapOutputTrackerMasterEndpoint stopped!
[2023-06-25T02:53:13.636+0000] {spark_submit.py:492} INFO - 23/06/25 02:53:13 INFO MemoryStore: MemoryStore cleared
[2023-06-25T02:53:13.637+0000] {spark_submit.py:492} INFO - 23/06/25 02:53:13 INFO BlockManager: BlockManager stopped
[2023-06-25T02:53:13.645+0000] {spark_submit.py:492} INFO - 23/06/25 02:53:13 INFO BlockManagerMaster: BlockManagerMaster stopped
[2023-06-25T02:53:13.647+0000] {spark_submit.py:492} INFO - 23/06/25 02:53:13 INFO OutputCommitCoordinator$OutputCommitCoordinatorEndpoint: OutputCommitCoordinator stopped!
[2023-06-25T02:53:13.657+0000] {spark_submit.py:492} INFO - 23/06/25 02:53:13 INFO SparkContext: Successfully stopped SparkContext
[2023-06-25T02:53:13.658+0000] {spark_submit.py:492} INFO - 23/06/25 02:53:13 INFO ShutdownHookManager: Shutdown hook called
[2023-06-25T02:53:13.658+0000] {spark_submit.py:492} INFO - 23/06/25 02:53:13 INFO ShutdownHookManager: Deleting directory /tmp/spark-9082db11-f6dc-4501-bcb2-c459821c47d1
[2023-06-25T02:53:13.661+0000] {spark_submit.py:492} INFO - 23/06/25 02:53:13 INFO ShutdownHookManager: Deleting directory /tmp/spark-9082db11-f6dc-4501-bcb2-c459821c47d1/pyspark-cbde2dfe-592a-404b-b34d-0167a3142dcd
[2023-06-25T02:53:13.665+0000] {spark_submit.py:492} INFO - 23/06/25 02:53:13 INFO ShutdownHookManager: Deleting directory /tmp/spark-362a7789-2c98-4b1a-9487-20f627a28768
[2023-06-25T02:53:13.750+0000] {taskinstance.py:1321} INFO - Marking task as SUCCESS. dag_id=spark_***_dag_v6, task_id=spark_submit_task1, execution_date=20230625T025302, start_date=20230625T025303, end_date=20230625T025313
[2023-06-25T02:53:13.779+0000] {local_task_job.py:212} INFO - Task exited with return code 0
[2023-06-25T02:53:13.789+0000] {taskinstance.py:2585} INFO - 0 downstream tasks scheduled from follow-on schedule check
