[2023-06-25T06:37:57.419+0000] {taskinstance.py:1084} INFO - Dependencies all met for dep_context=non-requeueable deps ti=<TaskInstance: spark_etl_minio_v19.spark_submit_task manual__2023-06-25T06:33:25.674796+00:00 [queued]>
[2023-06-25T06:37:57.432+0000] {taskinstance.py:1084} INFO - Dependencies all met for dep_context=requeueable deps ti=<TaskInstance: spark_etl_minio_v19.spark_submit_task manual__2023-06-25T06:33:25.674796+00:00 [queued]>
[2023-06-25T06:37:57.433+0000] {taskinstance.py:1282} INFO - 
--------------------------------------------------------------------------------
[2023-06-25T06:37:57.433+0000] {taskinstance.py:1283} INFO - Starting attempt 3 of 6
[2023-06-25T06:37:57.433+0000] {taskinstance.py:1284} INFO - 
--------------------------------------------------------------------------------
[2023-06-25T06:37:57.449+0000] {taskinstance.py:1303} INFO - Executing <Task(SparkSubmitOperator): spark_submit_task> on 2023-06-25 06:33:25.674796+00:00
[2023-06-25T06:37:57.455+0000] {standard_task_runner.py:55} INFO - Started process 2599 to run task
[2023-06-25T06:37:57.459+0000] {standard_task_runner.py:82} INFO - Running: ['***', 'tasks', 'run', 'spark_etl_minio_v19', 'spark_submit_task', 'manual__2023-06-25T06:33:25.674796+00:00', '--job-id', '291', '--raw', '--subdir', 'DAGS_FOLDER/spark_job_minio_v1.py', '--cfg-path', '/tmp/tmpqkx1dwzy']
[2023-06-25T06:37:57.459+0000] {standard_task_runner.py:83} INFO - Job 291: Subtask spark_submit_task
[2023-06-25T06:37:57.473+0000] {warnings.py:109} WARNING - /home/***/.local/lib/python3.8/site-packages/***/settings.py:250: DeprecationWarning: The sql_alchemy_conn option in [core] has been moved to the sql_alchemy_conn option in [database] - the old setting has been used, but please update your config.
  SQL_ALCHEMY_CONN = conf.get("database", "SQL_ALCHEMY_CONN")

[2023-06-25T06:37:57.534+0000] {task_command.py:388} INFO - Running <TaskInstance: spark_etl_minio_v19.spark_submit_task manual__2023-06-25T06:33:25.674796+00:00 [running]> on host a8d69ab09d2d
[2023-06-25T06:37:57.599+0000] {taskinstance.py:1509} INFO - Exporting the following env vars:
AIRFLOW_CTX_DAG_OWNER=***
AIRFLOW_CTX_DAG_ID=spark_etl_minio_v19
AIRFLOW_CTX_TASK_ID=spark_submit_task
AIRFLOW_CTX_EXECUTION_DATE=2023-06-25T06:33:25.674796+00:00
AIRFLOW_CTX_TRY_NUMBER=3
AIRFLOW_CTX_DAG_RUN_ID=manual__2023-06-25T06:33:25.674796+00:00
[2023-06-25T06:37:57.608+0000] {base.py:73} INFO - Using connection ID 'spark_conn' for task execution.
[2023-06-25T06:37:57.610+0000] {spark_submit.py:341} INFO - Spark-Submit cmd: spark-submit --master spark://spark:7077 --conf spark.hadoop.fs.s3a.aws.credentials.provider=org.apache.hadoop.fs.s3a.SimpleAWSCredentialsProvider --conf spark.hadoop.fs.s3a.path.style.access=true --conf spark.hadoop.fs.s3a.access.key=minioadmin --conf spark.hadoop.fs.s3a.secret.key=****** --conf spark.hadoop.fs.s3a.endpoint=http://minio:9000 --jars local:///opt/bitnami/spark/jars/hadoop-aws-3.2.0.jar,local:///opt/bitnami/spark/jars/aws-java-sdk-bundle-1.11.375.jar,local:///opt/bitnami/spark/jars/hadoop-aws-3.2.0.jar --name arrow-spark /opt/***/dags/spark_etl_spark_minio.py
[2023-06-25T06:37:58.816+0000] {spark_submit.py:492} INFO - WARNING: An illegal reflective access operation has occurred
[2023-06-25T06:37:58.816+0000] {spark_submit.py:492} INFO - WARNING: Illegal reflective access by org.apache.spark.unsafe.Platform (file:/opt/spark/jars/spark-unsafe_2.12-3.2.0.jar) to constructor java.nio.DirectByteBuffer(long,int)
[2023-06-25T06:37:58.816+0000] {spark_submit.py:492} INFO - WARNING: Please consider reporting this to the maintainers of org.apache.spark.unsafe.Platform
[2023-06-25T06:37:58.817+0000] {spark_submit.py:492} INFO - WARNING: Use --illegal-access=warn to enable warnings of further illegal reflective access operations
[2023-06-25T06:37:58.817+0000] {spark_submit.py:492} INFO - WARNING: All illegal access operations will be denied in a future release
[2023-06-25T06:37:59.293+0000] {spark_submit.py:492} INFO - Using Spark's default log4j profile: org/apache/spark/log4j-defaults.properties
[2023-06-25T06:37:59.295+0000] {spark_submit.py:492} INFO - 23/06/25 06:37:59 WARN DependencyUtils: Local jar /opt/bitnami/spark/jars/hadoop-aws-3.2.0.jar does not exist, skipping.
[2023-06-25T06:37:59.295+0000] {spark_submit.py:492} INFO - 23/06/25 06:37:59 WARN DependencyUtils: Local jar /opt/bitnami/spark/jars/aws-java-sdk-bundle-1.11.375.jar does not exist, skipping.
[2023-06-25T06:37:59.295+0000] {spark_submit.py:492} INFO - 23/06/25 06:37:59 WARN DependencyUtils: Local jar /opt/bitnami/spark/jars/hadoop-aws-3.2.0.jar does not exist, skipping.
[2023-06-25T06:38:00.488+0000] {spark_submit.py:492} INFO - 23/06/25 06:38:00 INFO SparkContext: Running Spark version 3.2.0
[2023-06-25T06:38:00.579+0000] {spark_submit.py:492} INFO - 23/06/25 06:38:00 WARN NativeCodeLoader: Unable to load native-hadoop library for your platform... using builtin-java classes where applicable
[2023-06-25T06:38:00.793+0000] {spark_submit.py:492} INFO - 23/06/25 06:38:00 INFO ResourceUtils: ==============================================================
[2023-06-25T06:38:00.794+0000] {spark_submit.py:492} INFO - 23/06/25 06:38:00 INFO ResourceUtils: No custom resources configured for spark.driver.
[2023-06-25T06:38:00.795+0000] {spark_submit.py:492} INFO - 23/06/25 06:38:00 INFO ResourceUtils: ==============================================================
[2023-06-25T06:38:00.795+0000] {spark_submit.py:492} INFO - 23/06/25 06:38:00 INFO SparkContext: Submitted application: arrow-spark
[2023-06-25T06:38:00.822+0000] {spark_submit.py:492} INFO - 23/06/25 06:38:00 INFO ResourceProfile: Default ResourceProfile created, executor resources: Map(cores -> name: cores, amount: 1, script: , vendor: , memory -> name: memory, amount: 1024, script: , vendor: , offHeap -> name: offHeap, amount: 0, script: , vendor: ), task resources: Map(cpus -> name: cpus, amount: 1.0)
[2023-06-25T06:38:00.838+0000] {spark_submit.py:492} INFO - 23/06/25 06:38:00 INFO ResourceProfile: Limiting resource is cpu
[2023-06-25T06:38:00.839+0000] {spark_submit.py:492} INFO - 23/06/25 06:38:00 INFO ResourceProfileManager: Added ResourceProfile id: 0
[2023-06-25T06:38:00.903+0000] {spark_submit.py:492} INFO - 23/06/25 06:38:00 INFO SecurityManager: Changing view acls to: default
[2023-06-25T06:38:00.904+0000] {spark_submit.py:492} INFO - 23/06/25 06:38:00 INFO SecurityManager: Changing modify acls to: default
[2023-06-25T06:38:00.905+0000] {spark_submit.py:492} INFO - 23/06/25 06:38:00 INFO SecurityManager: Changing view acls groups to:
[2023-06-25T06:38:00.905+0000] {spark_submit.py:492} INFO - 23/06/25 06:38:00 INFO SecurityManager: Changing modify acls groups to:
[2023-06-25T06:38:00.906+0000] {spark_submit.py:492} INFO - 23/06/25 06:38:00 INFO SecurityManager: SecurityManager: authentication disabled; ui acls disabled; users  with view permissions: Set(default); groups with view permissions: Set(); users  with modify permissions: Set(default); groups with modify permissions: Set()
[2023-06-25T06:38:01.263+0000] {spark_submit.py:492} INFO - 23/06/25 06:38:01 INFO Utils: Successfully started service 'sparkDriver' on port 45871.
[2023-06-25T06:38:01.287+0000] {spark_submit.py:492} INFO - 23/06/25 06:38:01 INFO SparkEnv: Registering MapOutputTracker
[2023-06-25T06:38:01.322+0000] {spark_submit.py:492} INFO - 23/06/25 06:38:01 INFO SparkEnv: Registering BlockManagerMaster
[2023-06-25T06:38:01.343+0000] {spark_submit.py:492} INFO - 23/06/25 06:38:01 INFO BlockManagerMasterEndpoint: Using org.apache.spark.storage.DefaultTopologyMapper for getting topology information
[2023-06-25T06:38:01.344+0000] {spark_submit.py:492} INFO - 23/06/25 06:38:01 INFO BlockManagerMasterEndpoint: BlockManagerMasterEndpoint up
[2023-06-25T06:38:01.349+0000] {spark_submit.py:492} INFO - 23/06/25 06:38:01 INFO SparkEnv: Registering BlockManagerMasterHeartbeat
[2023-06-25T06:38:01.379+0000] {spark_submit.py:492} INFO - 23/06/25 06:38:01 INFO DiskBlockManager: Created local directory at /tmp/blockmgr-cfa53216-affc-4c08-8c22-c0e634ec1ab2
[2023-06-25T06:38:01.459+0000] {spark_submit.py:492} INFO - 23/06/25 06:38:01 INFO MemoryStore: MemoryStore started with capacity 434.4 MiB
[2023-06-25T06:38:01.521+0000] {spark_submit.py:492} INFO - 23/06/25 06:38:01 INFO SparkEnv: Registering OutputCommitCoordinator
[2023-06-25T06:38:01.836+0000] {spark_submit.py:492} INFO - 23/06/25 06:38:01 WARN Utils: Service 'SparkUI' could not bind on port 4040. Attempting port 4041.
[2023-06-25T06:38:01.837+0000] {spark_submit.py:492} INFO - 23/06/25 06:38:01 WARN Utils: Service 'SparkUI' could not bind on port 4041. Attempting port 4042.
[2023-06-25T06:38:01.838+0000] {spark_submit.py:492} INFO - 23/06/25 06:38:01 WARN Utils: Service 'SparkUI' could not bind on port 4042. Attempting port 4043.
[2023-06-25T06:38:01.838+0000] {spark_submit.py:492} INFO - 23/06/25 06:38:01 WARN Utils: Service 'SparkUI' could not bind on port 4043. Attempting port 4044.
[2023-06-25T06:38:01.839+0000] {spark_submit.py:492} INFO - 23/06/25 06:38:01 WARN Utils: Service 'SparkUI' could not bind on port 4044. Attempting port 4045.
[2023-06-25T06:38:01.851+0000] {spark_submit.py:492} INFO - 23/06/25 06:38:01 INFO Utils: Successfully started service 'SparkUI' on port 4045.
[2023-06-25T06:38:01.909+0000] {spark_submit.py:492} INFO - 23/06/25 06:38:01 INFO SparkUI: Bound SparkUI to 0.0.0.0, and started at http://a8d69ab09d2d:4045
[2023-06-25T06:38:01.923+0000] {spark_submit.py:492} INFO - 23/06/25 06:38:01 INFO SparkContext: Added JAR local:///opt/bitnami/spark/jars/hadoop-aws-3.2.0.jar at file:/opt/bitnami/spark/jars/hadoop-aws-3.2.0.jar with timestamp 1687675080474
[2023-06-25T06:38:01.923+0000] {spark_submit.py:492} INFO - 23/06/25 06:38:01 INFO SparkContext: Added JAR local:///opt/bitnami/spark/jars/aws-java-sdk-bundle-1.11.375.jar at file:/opt/bitnami/spark/jars/aws-java-sdk-bundle-1.11.375.jar with timestamp 1687675080474
[2023-06-25T06:38:01.924+0000] {spark_submit.py:492} INFO - 23/06/25 06:38:01 INFO SparkContext: The JAR local:///opt/bitnami/spark/jars/hadoop-aws-3.2.0.jar at file:/opt/bitnami/spark/jars/hadoop-aws-3.2.0.jar has been added already. Overwriting of added jar is not supported in the current version.
[2023-06-25T06:38:02.247+0000] {spark_submit.py:492} INFO - 23/06/25 06:38:02 INFO StandaloneAppClient$ClientEndpoint: Connecting to master spark://spark:7077...
[2023-06-25T06:38:02.405+0000] {spark_submit.py:492} INFO - 23/06/25 06:38:02 INFO TransportClientFactory: Successfully created connection to spark/172.19.0.11:7077 after 54 ms (0 ms spent in bootstraps)
[2023-06-25T06:38:02.527+0000] {spark_submit.py:492} INFO - 23/06/25 06:38:02 INFO StandaloneSchedulerBackend: Connected to Spark cluster with app ID app-20230625063802-0007
[2023-06-25T06:38:02.540+0000] {spark_submit.py:492} INFO - 23/06/25 06:38:02 INFO Utils: Successfully started service 'org.apache.spark.network.netty.NettyBlockTransferService' on port 43161.
[2023-06-25T06:38:02.540+0000] {spark_submit.py:492} INFO - 23/06/25 06:38:02 INFO NettyBlockTransferService: Server created on a8d69ab09d2d:43161
[2023-06-25T06:38:02.540+0000] {spark_submit.py:492} INFO - 23/06/25 06:38:02 INFO BlockManager: Using org.apache.spark.storage.RandomBlockReplicationPolicy for block replication policy
[2023-06-25T06:38:02.552+0000] {spark_submit.py:492} INFO - 23/06/25 06:38:02 INFO BlockManagerMaster: Registering BlockManager BlockManagerId(driver, a8d69ab09d2d, 43161, None)
[2023-06-25T06:38:02.558+0000] {spark_submit.py:492} INFO - 23/06/25 06:38:02 INFO BlockManagerMasterEndpoint: Registering block manager a8d69ab09d2d:43161 with 434.4 MiB RAM, BlockManagerId(driver, a8d69ab09d2d, 43161, None)
[2023-06-25T06:38:02.559+0000] {spark_submit.py:492} INFO - 23/06/25 06:38:02 INFO BlockManagerMaster: Registered BlockManager BlockManagerId(driver, a8d69ab09d2d, 43161, None)
[2023-06-25T06:38:02.560+0000] {spark_submit.py:492} INFO - 23/06/25 06:38:02 INFO BlockManager: Initialized BlockManager: BlockManagerId(driver, a8d69ab09d2d, 43161, None)
[2023-06-25T06:38:02.801+0000] {spark_submit.py:492} INFO - 23/06/25 06:38:02 INFO StandaloneSchedulerBackend: SchedulerBackend is ready for scheduling beginning after reached minRegisteredResourcesRatio: 0.0
[2023-06-25T06:38:03.119+0000] {spark_submit.py:492} INFO - 23/06/25 06:38:03 INFO SharedState: Setting hive.metastore.warehouse.dir ('null') to the value of spark.sql.warehouse.dir.
[2023-06-25T06:38:03.147+0000] {spark_submit.py:492} INFO - 23/06/25 06:38:03 INFO StandaloneAppClient$ClientEndpoint: Executor added: app-20230625063802-0007/0 on worker-20230625063204-172.19.0.10-44099 (172.19.0.10:44099) with 1 core(s)
[2023-06-25T06:38:03.148+0000] {spark_submit.py:492} INFO - 23/06/25 06:38:03 INFO SharedState: Warehouse path is 'file:/opt/***/spark-warehouse'.
[2023-06-25T06:38:03.159+0000] {spark_submit.py:492} INFO - 23/06/25 06:38:03 INFO StandaloneSchedulerBackend: Granted executor ID app-20230625063802-0007/0 on hostPort 172.19.0.10:44099 with 1 core(s), 1024.0 MiB RAM
[2023-06-25T06:38:03.232+0000] {spark_submit.py:492} INFO - 23/06/25 06:38:03 INFO StandaloneAppClient$ClientEndpoint: Executor updated: app-20230625063802-0007/0 is now RUNNING
[2023-06-25T06:38:05.136+0000] {spark_submit.py:492} INFO - 23/06/25 06:38:05 INFO CoarseGrainedSchedulerBackend$DriverEndpoint: Registered executor NettyRpcEndpointRef(spark-client://Executor) (172.19.0.10:50102) with ID 0,  ResourceProfileId 0
[2023-06-25T06:38:05.224+0000] {spark_submit.py:492} INFO - 23/06/25 06:38:05 INFO BlockManagerMasterEndpoint: Registering block manager 172.19.0.10:43887 with 366.3 MiB RAM, BlockManagerId(0, 172.19.0.10, 43887, None)
[2023-06-25T06:38:06.160+0000] {spark_submit.py:492} INFO - 23/06/25 06:38:06 INFO CodeGenerator: Code generated in 84.706344 ms
[2023-06-25T06:38:06.181+0000] {spark_submit.py:492} INFO - 23/06/25 06:38:06 INFO SparkContext: Starting job: showString at NativeMethodAccessorImpl.java:0
[2023-06-25T06:38:06.194+0000] {spark_submit.py:492} INFO - 23/06/25 06:38:06 INFO DAGScheduler: Got job 0 (showString at NativeMethodAccessorImpl.java:0) with 1 output partitions
[2023-06-25T06:38:06.194+0000] {spark_submit.py:492} INFO - 23/06/25 06:38:06 INFO DAGScheduler: Final stage: ResultStage 0 (showString at NativeMethodAccessorImpl.java:0)
[2023-06-25T06:38:06.194+0000] {spark_submit.py:492} INFO - 23/06/25 06:38:06 INFO DAGScheduler: Parents of final stage: List()
[2023-06-25T06:38:06.195+0000] {spark_submit.py:492} INFO - 23/06/25 06:38:06 INFO DAGScheduler: Missing parents: List()
[2023-06-25T06:38:06.198+0000] {spark_submit.py:492} INFO - 23/06/25 06:38:06 INFO DAGScheduler: Submitting ResultStage 0 (MapPartitionsRDD[6] at showString at NativeMethodAccessorImpl.java:0), which has no missing parents
[2023-06-25T06:38:06.276+0000] {spark_submit.py:492} INFO - 23/06/25 06:38:06 INFO MemoryStore: Block broadcast_0 stored as values in memory (estimated size 11.7 KiB, free 434.4 MiB)
[2023-06-25T06:38:06.299+0000] {spark_submit.py:492} INFO - 23/06/25 06:38:06 INFO MemoryStore: Block broadcast_0_piece0 stored as bytes in memory (estimated size 6.2 KiB, free 434.4 MiB)
[2023-06-25T06:38:06.301+0000] {spark_submit.py:492} INFO - 23/06/25 06:38:06 INFO BlockManagerInfo: Added broadcast_0_piece0 in memory on a8d69ab09d2d:43161 (size: 6.2 KiB, free: 434.4 MiB)
[2023-06-25T06:38:06.304+0000] {spark_submit.py:492} INFO - 23/06/25 06:38:06 INFO SparkContext: Created broadcast 0 from broadcast at DAGScheduler.scala:1427
[2023-06-25T06:38:06.314+0000] {spark_submit.py:492} INFO - 23/06/25 06:38:06 INFO DAGScheduler: Submitting 1 missing tasks from ResultStage 0 (MapPartitionsRDD[6] at showString at NativeMethodAccessorImpl.java:0) (first 15 tasks are for partitions Vector(0))
[2023-06-25T06:38:06.314+0000] {spark_submit.py:492} INFO - 23/06/25 06:38:06 INFO TaskSchedulerImpl: Adding task set 0.0 with 1 tasks resource profile 0
[2023-06-25T06:38:06.339+0000] {spark_submit.py:492} INFO - 23/06/25 06:38:06 INFO TaskSetManager: Starting task 0.0 in stage 0.0 (TID 0) (172.19.0.10, executor 0, partition 0, PROCESS_LOCAL, 4605 bytes) taskResourceAssignments Map()
[2023-06-25T06:38:06.549+0000] {spark_submit.py:492} INFO - 23/06/25 06:38:06 INFO BlockManagerInfo: Added broadcast_0_piece0 in memory on 172.19.0.10:43887 (size: 6.2 KiB, free: 366.3 MiB)
[2023-06-25T06:38:07.823+0000] {spark_submit.py:492} INFO - 23/06/25 06:38:07 INFO TaskSetManager: Finished task 0.0 in stage 0.0 (TID 0) in 1491 ms on 172.19.0.10 (executor 0) (1/1)
[2023-06-25T06:38:07.825+0000] {spark_submit.py:492} INFO - 23/06/25 06:38:07 INFO TaskSchedulerImpl: Removed TaskSet 0.0, whose tasks have all completed, from pool
[2023-06-25T06:38:07.828+0000] {spark_submit.py:492} INFO - 23/06/25 06:38:07 INFO PythonAccumulatorV2: Connected to AccumulatorServer at host: 127.0.0.1 port: 33411
[2023-06-25T06:38:07.830+0000] {spark_submit.py:492} INFO - 23/06/25 06:38:07 INFO DAGScheduler: ResultStage 0 (showString at NativeMethodAccessorImpl.java:0) finished in 1.623 s
[2023-06-25T06:38:07.832+0000] {spark_submit.py:492} INFO - 23/06/25 06:38:07 INFO DAGScheduler: Job 0 is finished. Cancelling potential speculative or zombie tasks for this job
[2023-06-25T06:38:07.833+0000] {spark_submit.py:492} INFO - 23/06/25 06:38:07 INFO TaskSchedulerImpl: Killing all running tasks in stage 0: Stage finished
[2023-06-25T06:38:07.834+0000] {spark_submit.py:492} INFO - 23/06/25 06:38:07 INFO DAGScheduler: Job 0 finished: showString at NativeMethodAccessorImpl.java:0, took 1.652012 s
[2023-06-25T06:38:07.843+0000] {spark_submit.py:492} INFO - 23/06/25 06:38:07 INFO SparkContext: Starting job: showString at NativeMethodAccessorImpl.java:0
[2023-06-25T06:38:07.844+0000] {spark_submit.py:492} INFO - 23/06/25 06:38:07 INFO DAGScheduler: Got job 1 (showString at NativeMethodAccessorImpl.java:0) with 1 output partitions
[2023-06-25T06:38:07.844+0000] {spark_submit.py:492} INFO - 23/06/25 06:38:07 INFO DAGScheduler: Final stage: ResultStage 1 (showString at NativeMethodAccessorImpl.java:0)
[2023-06-25T06:38:07.844+0000] {spark_submit.py:492} INFO - 23/06/25 06:38:07 INFO DAGScheduler: Parents of final stage: List()
[2023-06-25T06:38:07.844+0000] {spark_submit.py:492} INFO - 23/06/25 06:38:07 INFO DAGScheduler: Missing parents: List()
[2023-06-25T06:38:07.845+0000] {spark_submit.py:492} INFO - 23/06/25 06:38:07 INFO DAGScheduler: Submitting ResultStage 1 (MapPartitionsRDD[6] at showString at NativeMethodAccessorImpl.java:0), which has no missing parents
[2023-06-25T06:38:07.849+0000] {spark_submit.py:492} INFO - 23/06/25 06:38:07 INFO MemoryStore: Block broadcast_1 stored as values in memory (estimated size 11.7 KiB, free 434.4 MiB)
[2023-06-25T06:38:07.853+0000] {spark_submit.py:492} INFO - 23/06/25 06:38:07 INFO MemoryStore: Block broadcast_1_piece0 stored as bytes in memory (estimated size 6.2 KiB, free 434.4 MiB)
[2023-06-25T06:38:07.854+0000] {spark_submit.py:492} INFO - 23/06/25 06:38:07 INFO BlockManagerInfo: Added broadcast_1_piece0 in memory on a8d69ab09d2d:43161 (size: 6.2 KiB, free: 434.4 MiB)
[2023-06-25T06:38:07.854+0000] {spark_submit.py:492} INFO - 23/06/25 06:38:07 INFO SparkContext: Created broadcast 1 from broadcast at DAGScheduler.scala:1427
[2023-06-25T06:38:07.855+0000] {spark_submit.py:492} INFO - 23/06/25 06:38:07 INFO DAGScheduler: Submitting 1 missing tasks from ResultStage 1 (MapPartitionsRDD[6] at showString at NativeMethodAccessorImpl.java:0) (first 15 tasks are for partitions Vector(1))
[2023-06-25T06:38:07.855+0000] {spark_submit.py:492} INFO - 23/06/25 06:38:07 INFO TaskSchedulerImpl: Adding task set 1.0 with 1 tasks resource profile 0
[2023-06-25T06:38:07.856+0000] {spark_submit.py:492} INFO - 23/06/25 06:38:07 INFO TaskSetManager: Starting task 0.0 in stage 1.0 (TID 1) (172.19.0.10, executor 0, partition 1, PROCESS_LOCAL, 4529 bytes) taskResourceAssignments Map()
[2023-06-25T06:38:07.870+0000] {spark_submit.py:492} INFO - 23/06/25 06:38:07 INFO BlockManagerInfo: Added broadcast_1_piece0 in memory on 172.19.0.10:43887 (size: 6.2 KiB, free: 366.3 MiB)
[2023-06-25T06:38:07.935+0000] {spark_submit.py:492} INFO - 23/06/25 06:38:07 INFO TaskSetManager: Finished task 0.0 in stage 1.0 (TID 1) in 79 ms on 172.19.0.10 (executor 0) (1/1)
[2023-06-25T06:38:07.935+0000] {spark_submit.py:492} INFO - 23/06/25 06:38:07 INFO TaskSchedulerImpl: Removed TaskSet 1.0, whose tasks have all completed, from pool
[2023-06-25T06:38:07.936+0000] {spark_submit.py:492} INFO - 23/06/25 06:38:07 INFO DAGScheduler: ResultStage 1 (showString at NativeMethodAccessorImpl.java:0) finished in 0.090 s
[2023-06-25T06:38:07.937+0000] {spark_submit.py:492} INFO - 23/06/25 06:38:07 INFO DAGScheduler: Job 1 is finished. Cancelling potential speculative or zombie tasks for this job
[2023-06-25T06:38:07.937+0000] {spark_submit.py:492} INFO - 23/06/25 06:38:07 INFO TaskSchedulerImpl: Killing all running tasks in stage 1: Stage finished
[2023-06-25T06:38:07.937+0000] {spark_submit.py:492} INFO - 23/06/25 06:38:07 INFO DAGScheduler: Job 1 finished: showString at NativeMethodAccessorImpl.java:0, took 0.093905 s
[2023-06-25T06:38:07.960+0000] {spark_submit.py:492} INFO - 23/06/25 06:38:07 INFO CodeGenerator: Code generated in 11.064465 ms
[2023-06-25T06:38:07.969+0000] {spark_submit.py:492} INFO - +-----+-----------------------------------------------------------------------------+
[2023-06-25T06:38:07.970+0000] {spark_submit.py:492} INFO - |Seqno|Quote                                                                        |
[2023-06-25T06:38:07.970+0000] {spark_submit.py:492} INFO - +-----+-----------------------------------------------------------------------------+
[2023-06-25T06:38:07.970+0000] {spark_submit.py:492} INFO - |1    |Be the change that you wish to see in the world                              |
[2023-06-25T06:38:07.970+0000] {spark_submit.py:492} INFO - |2    |Everyone thinks of changing the world, but no one thinks of changing himself.|
[2023-06-25T06:38:07.970+0000] {spark_submit.py:492} INFO - |3    |The purpose of our lives is to be happy.                                     |
[2023-06-25T06:38:07.970+0000] {spark_submit.py:492} INFO - |4    |Be cool.                                                                     |
[2023-06-25T06:38:07.970+0000] {spark_submit.py:492} INFO - +-----+-----------------------------------------------------------------------------+
[2023-06-25T06:38:07.970+0000] {spark_submit.py:492} INFO - 
[2023-06-25T06:38:08.024+0000] {spark_submit.py:492} INFO - 23/06/25 06:38:08 INFO BlockManagerInfo: Removed broadcast_0_piece0 on a8d69ab09d2d:43161 in memory (size: 6.2 KiB, free: 434.4 MiB)
[2023-06-25T06:38:08.034+0000] {spark_submit.py:492} INFO - 23/06/25 06:38:08 INFO BlockManagerInfo: Removed broadcast_0_piece0 on 172.19.0.10:43887 in memory (size: 6.2 KiB, free: 366.3 MiB)
[2023-06-25T06:38:08.046+0000] {spark_submit.py:492} INFO - 23/06/25 06:38:08 INFO BlockManagerInfo: Removed broadcast_1_piece0 on a8d69ab09d2d:43161 in memory (size: 6.2 KiB, free: 434.4 MiB)
[2023-06-25T06:38:08.049+0000] {spark_submit.py:492} INFO - Traceback (most recent call last):
[2023-06-25T06:38:08.049+0000] {spark_submit.py:492} INFO - File "/opt/***/dags/spark_etl_spark_minio.py", line 41, in <module>
[2023-06-25T06:38:08.049+0000] {spark_submit.py:492} INFO - 23/06/25 06:38:08 INFO BlockManagerInfo: Removed broadcast_1_piece0 on 172.19.0.10:43887 in memory (size: 6.2 KiB, free: 366.3 MiB)
[2023-06-25T06:38:08.049+0000] {spark_submit.py:492} INFO - df.write.mode("append").parquet("s3a://datalake/test.parquet")
[2023-06-25T06:38:08.049+0000] {spark_submit.py:492} INFO - File "/opt/spark/python/lib/pyspark.zip/pyspark/sql/readwriter.py", line 885, in parquet
[2023-06-25T06:38:08.050+0000] {spark_submit.py:492} INFO - File "/opt/spark/python/lib/py4j-0.10.9.2-src.zip/py4j/java_gateway.py", line 1309, in __call__
[2023-06-25T06:38:08.050+0000] {spark_submit.py:492} INFO - File "/opt/spark/python/lib/pyspark.zip/pyspark/sql/utils.py", line 111, in deco
[2023-06-25T06:38:08.050+0000] {spark_submit.py:492} INFO - File "/opt/spark/python/lib/py4j-0.10.9.2-src.zip/py4j/protocol.py", line 326, in get_return_value
[2023-06-25T06:38:08.050+0000] {spark_submit.py:492} INFO - py4j.protocol.Py4JJavaError: An error occurred while calling o71.parquet.
[2023-06-25T06:38:08.051+0000] {spark_submit.py:492} INFO - : java.lang.RuntimeException: java.lang.ClassNotFoundException: Class org.apache.hadoop.fs.s3a.S3AFileSystem not found
[2023-06-25T06:38:08.051+0000] {spark_submit.py:492} INFO - at org.apache.hadoop.conf.Configuration.getClass(Configuration.java:2667)
[2023-06-25T06:38:08.051+0000] {spark_submit.py:492} INFO - at org.apache.hadoop.fs.FileSystem.getFileSystemClass(FileSystem.java:3431)
[2023-06-25T06:38:08.051+0000] {spark_submit.py:492} INFO - at org.apache.hadoop.fs.FileSystem.createFileSystem(FileSystem.java:3466)
[2023-06-25T06:38:08.051+0000] {spark_submit.py:492} INFO - at org.apache.hadoop.fs.FileSystem.access$300(FileSystem.java:174)
[2023-06-25T06:38:08.051+0000] {spark_submit.py:492} INFO - at org.apache.hadoop.fs.FileSystem$Cache.getInternal(FileSystem.java:3574)
[2023-06-25T06:38:08.051+0000] {spark_submit.py:492} INFO - at org.apache.hadoop.fs.FileSystem$Cache.get(FileSystem.java:3521)
[2023-06-25T06:38:08.051+0000] {spark_submit.py:492} INFO - at org.apache.hadoop.fs.FileSystem.get(FileSystem.java:540)
[2023-06-25T06:38:08.052+0000] {spark_submit.py:492} INFO - at org.apache.hadoop.fs.Path.getFileSystem(Path.java:365)
[2023-06-25T06:38:08.052+0000] {spark_submit.py:492} INFO - at org.apache.spark.sql.execution.datasources.DataSource.planForWritingFileFormat(DataSource.scala:461)
[2023-06-25T06:38:08.052+0000] {spark_submit.py:492} INFO - at org.apache.spark.sql.execution.datasources.DataSource.planForWriting(DataSource.scala:556)
[2023-06-25T06:38:08.052+0000] {spark_submit.py:492} INFO - at org.apache.spark.sql.DataFrameWriter.saveToV1Source(DataFrameWriter.scala:382)
[2023-06-25T06:38:08.052+0000] {spark_submit.py:492} INFO - at org.apache.spark.sql.DataFrameWriter.saveInternal(DataFrameWriter.scala:355)
[2023-06-25T06:38:08.052+0000] {spark_submit.py:492} INFO - at org.apache.spark.sql.DataFrameWriter.save(DataFrameWriter.scala:239)
[2023-06-25T06:38:08.052+0000] {spark_submit.py:492} INFO - at org.apache.spark.sql.DataFrameWriter.parquet(DataFrameWriter.scala:781)
[2023-06-25T06:38:08.052+0000] {spark_submit.py:492} INFO - at java.base/jdk.internal.reflect.NativeMethodAccessorImpl.invoke0(Native Method)
[2023-06-25T06:38:08.053+0000] {spark_submit.py:492} INFO - at java.base/jdk.internal.reflect.NativeMethodAccessorImpl.invoke(NativeMethodAccessorImpl.java:62)
[2023-06-25T06:38:08.053+0000] {spark_submit.py:492} INFO - at java.base/jdk.internal.reflect.DelegatingMethodAccessorImpl.invoke(DelegatingMethodAccessorImpl.java:43)
[2023-06-25T06:38:08.053+0000] {spark_submit.py:492} INFO - at java.base/java.lang.reflect.Method.invoke(Method.java:566)
[2023-06-25T06:38:08.053+0000] {spark_submit.py:492} INFO - at py4j.reflection.MethodInvoker.invoke(MethodInvoker.java:244)
[2023-06-25T06:38:08.053+0000] {spark_submit.py:492} INFO - at py4j.reflection.ReflectionEngine.invoke(ReflectionEngine.java:357)
[2023-06-25T06:38:08.053+0000] {spark_submit.py:492} INFO - at py4j.Gateway.invoke(Gateway.java:282)
[2023-06-25T06:38:08.053+0000] {spark_submit.py:492} INFO - at py4j.commands.AbstractCommand.invokeMethod(AbstractCommand.java:132)
[2023-06-25T06:38:08.053+0000] {spark_submit.py:492} INFO - at py4j.commands.CallCommand.execute(CallCommand.java:79)
[2023-06-25T06:38:08.053+0000] {spark_submit.py:492} INFO - at py4j.ClientServerConnection.waitForCommands(ClientServerConnection.java:182)
[2023-06-25T06:38:08.053+0000] {spark_submit.py:492} INFO - at py4j.ClientServerConnection.run(ClientServerConnection.java:106)
[2023-06-25T06:38:08.053+0000] {spark_submit.py:492} INFO - at java.base/java.lang.Thread.run(Thread.java:829)
[2023-06-25T06:38:08.053+0000] {spark_submit.py:492} INFO - Caused by: java.lang.ClassNotFoundException: Class org.apache.hadoop.fs.s3a.S3AFileSystem not found
[2023-06-25T06:38:08.053+0000] {spark_submit.py:492} INFO - at org.apache.hadoop.conf.Configuration.getClassByName(Configuration.java:2571)
[2023-06-25T06:38:08.053+0000] {spark_submit.py:492} INFO - at org.apache.hadoop.conf.Configuration.getClass(Configuration.java:2665)
[2023-06-25T06:38:08.054+0000] {spark_submit.py:492} INFO - ... 25 more
[2023-06-25T06:38:08.054+0000] {spark_submit.py:492} INFO - 
[2023-06-25T06:38:08.112+0000] {spark_submit.py:492} INFO - 23/06/25 06:38:08 INFO SparkContext: Invoking stop() from shutdown hook
[2023-06-25T06:38:08.117+0000] {spark_submit.py:492} INFO - 23/06/25 06:38:08 INFO SparkUI: Stopped Spark web UI at http://a8d69ab09d2d:4045
[2023-06-25T06:38:08.120+0000] {spark_submit.py:492} INFO - 23/06/25 06:38:08 INFO StandaloneSchedulerBackend: Shutting down all executors
[2023-06-25T06:38:08.120+0000] {spark_submit.py:492} INFO - 23/06/25 06:38:08 INFO CoarseGrainedSchedulerBackend$DriverEndpoint: Asking each executor to shut down
[2023-06-25T06:38:08.141+0000] {spark_submit.py:492} INFO - 23/06/25 06:38:08 INFO MapOutputTrackerMasterEndpoint: MapOutputTrackerMasterEndpoint stopped!
[2023-06-25T06:38:08.155+0000] {spark_submit.py:492} INFO - 23/06/25 06:38:08 INFO MemoryStore: MemoryStore cleared
[2023-06-25T06:38:08.156+0000] {spark_submit.py:492} INFO - 23/06/25 06:38:08 INFO BlockManager: BlockManager stopped
[2023-06-25T06:38:08.159+0000] {spark_submit.py:492} INFO - 23/06/25 06:38:08 INFO BlockManagerMaster: BlockManagerMaster stopped
[2023-06-25T06:38:08.162+0000] {spark_submit.py:492} INFO - 23/06/25 06:38:08 INFO OutputCommitCoordinator$OutputCommitCoordinatorEndpoint: OutputCommitCoordinator stopped!
[2023-06-25T06:38:08.170+0000] {spark_submit.py:492} INFO - 23/06/25 06:38:08 INFO SparkContext: Successfully stopped SparkContext
[2023-06-25T06:38:08.170+0000] {spark_submit.py:492} INFO - 23/06/25 06:38:08 INFO ShutdownHookManager: Shutdown hook called
[2023-06-25T06:38:08.171+0000] {spark_submit.py:492} INFO - 23/06/25 06:38:08 INFO ShutdownHookManager: Deleting directory /tmp/spark-56ae0ee6-7ccf-4a74-8d43-bedccaab8559/pyspark-e853f9d5-ad2a-4299-b618-4aa62b0c5da4
[2023-06-25T06:38:08.174+0000] {spark_submit.py:492} INFO - 23/06/25 06:38:08 INFO ShutdownHookManager: Deleting directory /tmp/spark-56ae0ee6-7ccf-4a74-8d43-bedccaab8559
[2023-06-25T06:38:08.177+0000] {spark_submit.py:492} INFO - 23/06/25 06:38:08 INFO ShutdownHookManager: Deleting directory /tmp/spark-9677c076-7b71-481d-b73d-8d0f1479e317
[2023-06-25T06:38:08.274+0000] {taskinstance.py:1775} ERROR - Task failed with exception
Traceback (most recent call last):
  File "/home/airflow/.local/lib/python3.8/site-packages/airflow/providers/apache/spark/operators/spark_submit.py", line 157, in execute
    self._hook.submit(self._application)
  File "/home/airflow/.local/lib/python3.8/site-packages/airflow/providers/apache/spark/hooks/spark_submit.py", line 423, in submit
    raise AirflowException(
airflow.exceptions.AirflowException: Cannot execute: spark-submit --master spark://spark:7077 --conf spark.hadoop.fs.s3a.aws.credentials.provider=org.apache.hadoop.fs.s3a.SimpleAWSCredentialsProvider --conf spark.hadoop.fs.s3a.path.style.access=true --conf spark.hadoop.fs.s3a.access.key=minioadmin --conf spark.hadoop.fs.s3a.secret.key=****** --conf spark.hadoop.fs.s3a.endpoint=http://minio:9000 --jars local:///opt/bitnami/spark/jars/hadoop-aws-3.2.0.jar,local:///opt/bitnami/spark/jars/aws-java-sdk-bundle-1.11.375.jar,local:///opt/bitnami/spark/jars/hadoop-aws-3.2.0.jar --name arrow-spark /opt/***/dags/spark_etl_spark_minio.py. Error code is: 1.
[2023-06-25T06:38:08.276+0000] {taskinstance.py:1321} INFO - Marking task as UP_FOR_RETRY. dag_id=spark_etl_minio_v19, task_id=spark_submit_task, execution_date=20230625T063325, start_date=20230625T063757, end_date=20230625T063808
[2023-06-25T06:38:08.286+0000] {standard_task_runner.py:100} ERROR - Failed to execute job 291 for task spark_submit_task (Cannot execute: spark-submit --master spark://spark:7077 --conf spark.hadoop.fs.s3a.aws.credentials.provider=org.apache.hadoop.fs.s3a.SimpleAWSCredentialsProvider --conf spark.hadoop.fs.s3a.path.style.access=true --conf spark.hadoop.fs.s3a.access.key=minioadmin --conf spark.hadoop.fs.s3a.secret.key=****** --conf spark.hadoop.fs.s3a.endpoint=http://minio:9000 --jars local:///opt/bitnami/spark/jars/hadoop-aws-3.2.0.jar,local:///opt/bitnami/spark/jars/aws-java-sdk-bundle-1.11.375.jar,local:///opt/bitnami/spark/jars/hadoop-aws-3.2.0.jar --name arrow-spark /opt/***/dags/spark_etl_spark_minio.py. Error code is: 1.; 2599)
[2023-06-25T06:38:08.306+0000] {local_task_job.py:212} INFO - Task exited with return code 1
[2023-06-25T06:38:08.317+0000] {taskinstance.py:2585} INFO - 0 downstream tasks scheduled from follow-on schedule check
