[2023-06-25T05:38:53.514+0000] {taskinstance.py:1084} INFO - Dependencies all met for dep_context=non-requeueable deps ti=<TaskInstance: spark_etl_minio_v11.spark_submit_task manual__2023-06-25T05:36:48.704513+00:00 [queued]>
[2023-06-25T05:38:53.520+0000] {taskinstance.py:1084} INFO - Dependencies all met for dep_context=requeueable deps ti=<TaskInstance: spark_etl_minio_v11.spark_submit_task manual__2023-06-25T05:36:48.704513+00:00 [queued]>
[2023-06-25T05:38:53.520+0000] {taskinstance.py:1282} INFO - 
--------------------------------------------------------------------------------
[2023-06-25T05:38:53.521+0000] {taskinstance.py:1283} INFO - Starting attempt 2 of 6
[2023-06-25T05:38:53.521+0000] {taskinstance.py:1284} INFO - 
--------------------------------------------------------------------------------
[2023-06-25T05:38:53.529+0000] {taskinstance.py:1303} INFO - Executing <Task(SparkSubmitOperator): spark_submit_task> on 2023-06-25 05:36:48.704513+00:00
[2023-06-25T05:38:53.537+0000] {standard_task_runner.py:55} INFO - Started process 21828 to run task
[2023-06-25T05:38:53.541+0000] {standard_task_runner.py:82} INFO - Running: ['***', 'tasks', 'run', 'spark_etl_minio_v11', 'spark_submit_task', 'manual__2023-06-25T05:36:48.704513+00:00', '--job-id', '210', '--raw', '--subdir', 'DAGS_FOLDER/spark_job_minio_v1.py', '--cfg-path', '/tmp/tmpk_iv_5t5']
[2023-06-25T05:38:53.542+0000] {standard_task_runner.py:83} INFO - Job 210: Subtask spark_submit_task
[2023-06-25T05:38:53.554+0000] {warnings.py:109} WARNING - /home/***/.local/lib/python3.8/site-packages/***/settings.py:250: DeprecationWarning: The sql_alchemy_conn option in [core] has been moved to the sql_alchemy_conn option in [database] - the old setting has been used, but please update your config.
  SQL_ALCHEMY_CONN = conf.get("database", "SQL_ALCHEMY_CONN")

[2023-06-25T05:38:53.588+0000] {task_command.py:388} INFO - Running <TaskInstance: spark_etl_minio_v11.spark_submit_task manual__2023-06-25T05:36:48.704513+00:00 [running]> on host a8d69ab09d2d
[2023-06-25T05:38:53.648+0000] {taskinstance.py:1509} INFO - Exporting the following env vars:
AIRFLOW_CTX_DAG_OWNER=***
AIRFLOW_CTX_DAG_ID=spark_etl_minio_v11
AIRFLOW_CTX_TASK_ID=spark_submit_task
AIRFLOW_CTX_EXECUTION_DATE=2023-06-25T05:36:48.704513+00:00
AIRFLOW_CTX_TRY_NUMBER=2
AIRFLOW_CTX_DAG_RUN_ID=manual__2023-06-25T05:36:48.704513+00:00
[2023-06-25T05:38:53.656+0000] {base.py:73} INFO - Using connection ID 'spark_conn' for task execution.
[2023-06-25T05:38:53.657+0000] {spark_submit.py:341} INFO - Spark-Submit cmd: spark-submit --master spark://spark:7077 --name arrow-spark /opt/***/dags/spark_etl_spark_minio.py
[2023-06-25T05:38:54.514+0000] {spark_submit.py:492} INFO - WARNING: An illegal reflective access operation has occurred
[2023-06-25T05:38:54.514+0000] {spark_submit.py:492} INFO - WARNING: Illegal reflective access by org.apache.spark.unsafe.Platform (file:/opt/spark/jars/spark-unsafe_2.12-3.2.0.jar) to constructor java.nio.DirectByteBuffer(long,int)
[2023-06-25T05:38:54.514+0000] {spark_submit.py:492} INFO - WARNING: Please consider reporting this to the maintainers of org.apache.spark.unsafe.Platform
[2023-06-25T05:38:54.514+0000] {spark_submit.py:492} INFO - WARNING: Use --illegal-access=warn to enable warnings of further illegal reflective access operations
[2023-06-25T05:38:54.515+0000] {spark_submit.py:492} INFO - WARNING: All illegal access operations will be denied in a future release
[2023-06-25T05:38:55.439+0000] {spark_submit.py:492} INFO - Using Spark's default log4j profile: org/apache/spark/log4j-defaults.properties
[2023-06-25T05:38:55.446+0000] {spark_submit.py:492} INFO - 23/06/25 05:38:55 INFO SparkContext: Running Spark version 3.2.0
[2023-06-25T05:38:55.506+0000] {spark_submit.py:492} INFO - 23/06/25 05:38:55 WARN NativeCodeLoader: Unable to load native-hadoop library for your platform... using builtin-java classes where applicable
[2023-06-25T05:38:55.594+0000] {spark_submit.py:492} INFO - 23/06/25 05:38:55 INFO ResourceUtils: ==============================================================
[2023-06-25T05:38:55.594+0000] {spark_submit.py:492} INFO - 23/06/25 05:38:55 INFO ResourceUtils: No custom resources configured for spark.driver.
[2023-06-25T05:38:55.594+0000] {spark_submit.py:492} INFO - 23/06/25 05:38:55 INFO ResourceUtils: ==============================================================
[2023-06-25T05:38:55.595+0000] {spark_submit.py:492} INFO - 23/06/25 05:38:55 INFO SparkContext: Submitted application: arrow-spark
[2023-06-25T05:38:55.617+0000] {spark_submit.py:492} INFO - 23/06/25 05:38:55 INFO ResourceProfile: Default ResourceProfile created, executor resources: Map(cores -> name: cores, amount: 1, script: , vendor: , memory -> name: memory, amount: 1024, script: , vendor: , offHeap -> name: offHeap, amount: 0, script: , vendor: ), task resources: Map(cpus -> name: cpus, amount: 1.0)
[2023-06-25T05:38:55.627+0000] {spark_submit.py:492} INFO - 23/06/25 05:38:55 INFO ResourceProfile: Limiting resource is cpu
[2023-06-25T05:38:55.627+0000] {spark_submit.py:492} INFO - 23/06/25 05:38:55 INFO ResourceProfileManager: Added ResourceProfile id: 0
[2023-06-25T05:38:55.676+0000] {spark_submit.py:492} INFO - 23/06/25 05:38:55 INFO SecurityManager: Changing view acls to: default
[2023-06-25T05:38:55.677+0000] {spark_submit.py:492} INFO - 23/06/25 05:38:55 INFO SecurityManager: Changing modify acls to: default
[2023-06-25T05:38:55.677+0000] {spark_submit.py:492} INFO - 23/06/25 05:38:55 INFO SecurityManager: Changing view acls groups to:
[2023-06-25T05:38:55.677+0000] {spark_submit.py:492} INFO - 23/06/25 05:38:55 INFO SecurityManager: Changing modify acls groups to:
[2023-06-25T05:38:55.678+0000] {spark_submit.py:492} INFO - 23/06/25 05:38:55 INFO SecurityManager: SecurityManager: authentication disabled; ui acls disabled; users  with view permissions: Set(default); groups with view permissions: Set(); users  with modify permissions: Set(default); groups with modify permissions: Set()
[2023-06-25T05:38:55.911+0000] {spark_submit.py:492} INFO - 23/06/25 05:38:55 INFO Utils: Successfully started service 'sparkDriver' on port 34887.
[2023-06-25T05:38:55.931+0000] {spark_submit.py:492} INFO - 23/06/25 05:38:55 INFO SparkEnv: Registering MapOutputTracker
[2023-06-25T05:38:55.953+0000] {spark_submit.py:492} INFO - 23/06/25 05:38:55 INFO SparkEnv: Registering BlockManagerMaster
[2023-06-25T05:38:55.967+0000] {spark_submit.py:492} INFO - 23/06/25 05:38:55 INFO BlockManagerMasterEndpoint: Using org.apache.spark.storage.DefaultTopologyMapper for getting topology information
[2023-06-25T05:38:55.967+0000] {spark_submit.py:492} INFO - 23/06/25 05:38:55 INFO BlockManagerMasterEndpoint: BlockManagerMasterEndpoint up
[2023-06-25T05:38:55.970+0000] {spark_submit.py:492} INFO - 23/06/25 05:38:55 INFO SparkEnv: Registering BlockManagerMasterHeartbeat
[2023-06-25T05:38:55.988+0000] {spark_submit.py:492} INFO - 23/06/25 05:38:55 INFO DiskBlockManager: Created local directory at /tmp/blockmgr-6b392e98-fdc1-498d-9861-596a2fe25dcf
[2023-06-25T05:38:56.004+0000] {spark_submit.py:492} INFO - 23/06/25 05:38:56 INFO MemoryStore: MemoryStore started with capacity 434.4 MiB
[2023-06-25T05:38:56.016+0000] {spark_submit.py:492} INFO - 23/06/25 05:38:56 INFO SparkEnv: Registering OutputCommitCoordinator
[2023-06-25T05:38:56.167+0000] {spark_submit.py:492} INFO - 23/06/25 05:38:56 INFO Utils: Successfully started service 'SparkUI' on port 4040.
[2023-06-25T05:38:56.221+0000] {spark_submit.py:492} INFO - 23/06/25 05:38:56 INFO SparkUI: Bound SparkUI to 0.0.0.0, and started at http://a8d69ab09d2d:4040
[2023-06-25T05:38:56.436+0000] {spark_submit.py:492} INFO - 23/06/25 05:38:56 INFO StandaloneAppClient$ClientEndpoint: Connecting to master spark://spark:7077...
[2023-06-25T05:38:56.488+0000] {spark_submit.py:492} INFO - 23/06/25 05:38:56 INFO TransportClientFactory: Successfully created connection to spark/172.19.0.9:7077 after 35 ms (0 ms spent in bootstraps)
[2023-06-25T05:38:56.560+0000] {spark_submit.py:492} INFO - 23/06/25 05:38:56 INFO StandaloneSchedulerBackend: Connected to Spark cluster with app ID app-20230625053856-0007
[2023-06-25T05:38:56.562+0000] {spark_submit.py:492} INFO - 23/06/25 05:38:56 INFO StandaloneAppClient$ClientEndpoint: Executor added: app-20230625053856-0007/0 on worker-20230625052031-172.19.0.10-41441 (172.19.0.10:41441) with 1 core(s)
[2023-06-25T05:38:56.564+0000] {spark_submit.py:492} INFO - 23/06/25 05:38:56 INFO StandaloneSchedulerBackend: Granted executor ID app-20230625053856-0007/0 on hostPort 172.19.0.10:41441 with 1 core(s), 1024.0 MiB RAM
[2023-06-25T05:38:56.566+0000] {spark_submit.py:492} INFO - 23/06/25 05:38:56 INFO Utils: Successfully started service 'org.apache.spark.network.netty.NettyBlockTransferService' on port 35335.
[2023-06-25T05:38:56.566+0000] {spark_submit.py:492} INFO - 23/06/25 05:38:56 INFO NettyBlockTransferService: Server created on a8d69ab09d2d:35335
[2023-06-25T05:38:56.567+0000] {spark_submit.py:492} INFO - 23/06/25 05:38:56 INFO BlockManager: Using org.apache.spark.storage.RandomBlockReplicationPolicy for block replication policy
[2023-06-25T05:38:56.573+0000] {spark_submit.py:492} INFO - 23/06/25 05:38:56 INFO BlockManagerMaster: Registering BlockManager BlockManagerId(driver, a8d69ab09d2d, 35335, None)
[2023-06-25T05:38:56.577+0000] {spark_submit.py:492} INFO - 23/06/25 05:38:56 INFO BlockManagerMasterEndpoint: Registering block manager a8d69ab09d2d:35335 with 434.4 MiB RAM, BlockManagerId(driver, a8d69ab09d2d, 35335, None)
[2023-06-25T05:38:56.580+0000] {spark_submit.py:492} INFO - 23/06/25 05:38:56 INFO BlockManagerMaster: Registered BlockManager BlockManagerId(driver, a8d69ab09d2d, 35335, None)
[2023-06-25T05:38:56.581+0000] {spark_submit.py:492} INFO - 23/06/25 05:38:56 INFO BlockManager: Initialized BlockManager: BlockManagerId(driver, a8d69ab09d2d, 35335, None)
[2023-06-25T05:38:56.589+0000] {spark_submit.py:492} INFO - 23/06/25 05:38:56 INFO StandaloneAppClient$ClientEndpoint: Executor updated: app-20230625053856-0007/0 is now RUNNING
[2023-06-25T05:38:56.748+0000] {spark_submit.py:492} INFO - 23/06/25 05:38:56 INFO StandaloneSchedulerBackend: SchedulerBackend is ready for scheduling beginning after reached minRegisteredResourcesRatio: 0.0
[2023-06-25T05:38:56.961+0000] {spark_submit.py:492} INFO - 23/06/25 05:38:56 INFO SharedState: Setting hive.metastore.warehouse.dir ('null') to the value of spark.sql.warehouse.dir.
[2023-06-25T05:38:56.979+0000] {spark_submit.py:492} INFO - 23/06/25 05:38:56 INFO SharedState: Warehouse path is 'file:/opt/***/spark-warehouse'.
[2023-06-25T05:38:58.361+0000] {spark_submit.py:492} INFO - 23/06/25 05:38:58 INFO CoarseGrainedSchedulerBackend$DriverEndpoint: Registered executor NettyRpcEndpointRef(spark-client://Executor) (172.19.0.10:59786) with ID 0,  ResourceProfileId 0
[2023-06-25T05:38:58.466+0000] {spark_submit.py:492} INFO - 23/06/25 05:38:58 INFO BlockManagerMasterEndpoint: Registering block manager 172.19.0.10:37991 with 366.3 MiB RAM, BlockManagerId(0, 172.19.0.10, 37991, None)
[2023-06-25T05:39:00.254+0000] {spark_submit.py:492} INFO - 23/06/25 05:39:00 INFO CodeGenerator: Code generated in 137.956185 ms
[2023-06-25T05:39:00.289+0000] {spark_submit.py:492} INFO - 23/06/25 05:39:00 INFO SparkContext: Starting job: showString at NativeMethodAccessorImpl.java:0
[2023-06-25T05:39:00.305+0000] {spark_submit.py:492} INFO - 23/06/25 05:39:00 INFO DAGScheduler: Got job 0 (showString at NativeMethodAccessorImpl.java:0) with 1 output partitions
[2023-06-25T05:39:00.305+0000] {spark_submit.py:492} INFO - 23/06/25 05:39:00 INFO DAGScheduler: Final stage: ResultStage 0 (showString at NativeMethodAccessorImpl.java:0)
[2023-06-25T05:39:00.306+0000] {spark_submit.py:492} INFO - 23/06/25 05:39:00 INFO DAGScheduler: Parents of final stage: List()
[2023-06-25T05:39:00.307+0000] {spark_submit.py:492} INFO - 23/06/25 05:39:00 INFO DAGScheduler: Missing parents: List()
[2023-06-25T05:39:00.313+0000] {spark_submit.py:492} INFO - 23/06/25 05:39:00 INFO DAGScheduler: Submitting ResultStage 0 (MapPartitionsRDD[6] at showString at NativeMethodAccessorImpl.java:0), which has no missing parents
[2023-06-25T05:39:00.419+0000] {spark_submit.py:492} INFO - 23/06/25 05:39:00 INFO MemoryStore: Block broadcast_0 stored as values in memory (estimated size 11.7 KiB, free 434.4 MiB)
[2023-06-25T05:39:00.455+0000] {spark_submit.py:492} INFO - 23/06/25 05:39:00 INFO MemoryStore: Block broadcast_0_piece0 stored as bytes in memory (estimated size 6.2 KiB, free 434.4 MiB)
[2023-06-25T05:39:00.460+0000] {spark_submit.py:492} INFO - 23/06/25 05:39:00 INFO BlockManagerInfo: Added broadcast_0_piece0 in memory on a8d69ab09d2d:35335 (size: 6.2 KiB, free: 434.4 MiB)
[2023-06-25T05:39:00.463+0000] {spark_submit.py:492} INFO - 23/06/25 05:39:00 INFO SparkContext: Created broadcast 0 from broadcast at DAGScheduler.scala:1427
[2023-06-25T05:39:00.479+0000] {spark_submit.py:492} INFO - 23/06/25 05:39:00 INFO DAGScheduler: Submitting 1 missing tasks from ResultStage 0 (MapPartitionsRDD[6] at showString at NativeMethodAccessorImpl.java:0) (first 15 tasks are for partitions Vector(0))
[2023-06-25T05:39:00.480+0000] {spark_submit.py:492} INFO - 23/06/25 05:39:00 INFO TaskSchedulerImpl: Adding task set 0.0 with 1 tasks resource profile 0
[2023-06-25T05:39:00.522+0000] {spark_submit.py:492} INFO - 23/06/25 05:39:00 INFO TaskSetManager: Starting task 0.0 in stage 0.0 (TID 0) (172.19.0.10, executor 0, partition 0, PROCESS_LOCAL, 4605 bytes) taskResourceAssignments Map()
[2023-06-25T05:39:01.025+0000] {spark_submit.py:492} INFO - 23/06/25 05:39:01 INFO BlockManagerInfo: Added broadcast_0_piece0 in memory on 172.19.0.10:37991 (size: 6.2 KiB, free: 366.3 MiB)
[2023-06-25T05:39:02.552+0000] {spark_submit.py:492} INFO - 23/06/25 05:39:02 INFO TaskSetManager: Finished task 0.0 in stage 0.0 (TID 0) in 2044 ms on 172.19.0.10 (executor 0) (1/1)
[2023-06-25T05:39:02.553+0000] {spark_submit.py:492} INFO - 23/06/25 05:39:02 INFO TaskSchedulerImpl: Removed TaskSet 0.0, whose tasks have all completed, from pool
[2023-06-25T05:39:02.556+0000] {spark_submit.py:492} INFO - 23/06/25 05:39:02 INFO PythonAccumulatorV2: Connected to AccumulatorServer at host: 127.0.0.1 port: 38445
[2023-06-25T05:39:02.560+0000] {spark_submit.py:492} INFO - 23/06/25 05:39:02 INFO DAGScheduler: ResultStage 0 (showString at NativeMethodAccessorImpl.java:0) finished in 2.236 s
[2023-06-25T05:39:02.562+0000] {spark_submit.py:492} INFO - 23/06/25 05:39:02 INFO DAGScheduler: Job 0 is finished. Cancelling potential speculative or zombie tasks for this job
[2023-06-25T05:39:02.563+0000] {spark_submit.py:492} INFO - 23/06/25 05:39:02 INFO TaskSchedulerImpl: Killing all running tasks in stage 0: Stage finished
[2023-06-25T05:39:02.564+0000] {spark_submit.py:492} INFO - 23/06/25 05:39:02 INFO DAGScheduler: Job 0 finished: showString at NativeMethodAccessorImpl.java:0, took 2.274672 s
[2023-06-25T05:39:02.573+0000] {spark_submit.py:492} INFO - 23/06/25 05:39:02 INFO SparkContext: Starting job: showString at NativeMethodAccessorImpl.java:0
[2023-06-25T05:39:02.574+0000] {spark_submit.py:492} INFO - 23/06/25 05:39:02 INFO DAGScheduler: Got job 1 (showString at NativeMethodAccessorImpl.java:0) with 1 output partitions
[2023-06-25T05:39:02.574+0000] {spark_submit.py:492} INFO - 23/06/25 05:39:02 INFO DAGScheduler: Final stage: ResultStage 1 (showString at NativeMethodAccessorImpl.java:0)
[2023-06-25T05:39:02.575+0000] {spark_submit.py:492} INFO - 23/06/25 05:39:02 INFO DAGScheduler: Parents of final stage: List()
[2023-06-25T05:39:02.575+0000] {spark_submit.py:492} INFO - 23/06/25 05:39:02 INFO DAGScheduler: Missing parents: List()
[2023-06-25T05:39:02.576+0000] {spark_submit.py:492} INFO - 23/06/25 05:39:02 INFO DAGScheduler: Submitting ResultStage 1 (MapPartitionsRDD[6] at showString at NativeMethodAccessorImpl.java:0), which has no missing parents
[2023-06-25T05:39:02.580+0000] {spark_submit.py:492} INFO - 23/06/25 05:39:02 INFO MemoryStore: Block broadcast_1 stored as values in memory (estimated size 11.7 KiB, free 434.4 MiB)
[2023-06-25T05:39:02.584+0000] {spark_submit.py:492} INFO - 23/06/25 05:39:02 INFO MemoryStore: Block broadcast_1_piece0 stored as bytes in memory (estimated size 6.2 KiB, free 434.4 MiB)
[2023-06-25T05:39:02.585+0000] {spark_submit.py:492} INFO - 23/06/25 05:39:02 INFO BlockManagerInfo: Added broadcast_1_piece0 in memory on a8d69ab09d2d:35335 (size: 6.2 KiB, free: 434.4 MiB)
[2023-06-25T05:39:02.586+0000] {spark_submit.py:492} INFO - 23/06/25 05:39:02 INFO SparkContext: Created broadcast 1 from broadcast at DAGScheduler.scala:1427
[2023-06-25T05:39:02.587+0000] {spark_submit.py:492} INFO - 23/06/25 05:39:02 INFO DAGScheduler: Submitting 1 missing tasks from ResultStage 1 (MapPartitionsRDD[6] at showString at NativeMethodAccessorImpl.java:0) (first 15 tasks are for partitions Vector(1))
[2023-06-25T05:39:02.587+0000] {spark_submit.py:492} INFO - 23/06/25 05:39:02 INFO TaskSchedulerImpl: Adding task set 1.0 with 1 tasks resource profile 0
[2023-06-25T05:39:02.589+0000] {spark_submit.py:492} INFO - 23/06/25 05:39:02 INFO TaskSetManager: Starting task 0.0 in stage 1.0 (TID 1) (172.19.0.10, executor 0, partition 1, PROCESS_LOCAL, 4529 bytes) taskResourceAssignments Map()
[2023-06-25T05:39:02.612+0000] {spark_submit.py:492} INFO - 23/06/25 05:39:02 INFO BlockManagerInfo: Added broadcast_1_piece0 in memory on 172.19.0.10:37991 (size: 6.2 KiB, free: 366.3 MiB)
[2023-06-25T05:39:02.673+0000] {spark_submit.py:492} INFO - 23/06/25 05:39:02 INFO TaskSetManager: Finished task 0.0 in stage 1.0 (TID 1) in 85 ms on 172.19.0.10 (executor 0) (1/1)
[2023-06-25T05:39:02.674+0000] {spark_submit.py:492} INFO - 23/06/25 05:39:02 INFO TaskSchedulerImpl: Removed TaskSet 1.0, whose tasks have all completed, from pool
[2023-06-25T05:39:02.675+0000] {spark_submit.py:492} INFO - 23/06/25 05:39:02 INFO DAGScheduler: ResultStage 1 (showString at NativeMethodAccessorImpl.java:0) finished in 0.097 s
[2023-06-25T05:39:02.675+0000] {spark_submit.py:492} INFO - 23/06/25 05:39:02 INFO DAGScheduler: Job 1 is finished. Cancelling potential speculative or zombie tasks for this job
[2023-06-25T05:39:02.675+0000] {spark_submit.py:492} INFO - 23/06/25 05:39:02 INFO TaskSchedulerImpl: Killing all running tasks in stage 1: Stage finished
[2023-06-25T05:39:02.675+0000] {spark_submit.py:492} INFO - 23/06/25 05:39:02 INFO DAGScheduler: Job 1 finished: showString at NativeMethodAccessorImpl.java:0, took 0.101836 s
[2023-06-25T05:39:02.698+0000] {spark_submit.py:492} INFO - 23/06/25 05:39:02 INFO CodeGenerator: Code generated in 10.64541 ms
[2023-06-25T05:39:02.707+0000] {spark_submit.py:492} INFO - +-----+-----------------------------------------------------------------------------+
[2023-06-25T05:39:02.707+0000] {spark_submit.py:492} INFO - |Seqno|Quote                                                                        |
[2023-06-25T05:39:02.707+0000] {spark_submit.py:492} INFO - +-----+-----------------------------------------------------------------------------+
[2023-06-25T05:39:02.707+0000] {spark_submit.py:492} INFO - |1    |Be the change that you wish to see in the world                              |
[2023-06-25T05:39:02.707+0000] {spark_submit.py:492} INFO - |2    |Everyone thinks of changing the world, but no one thinks of changing himself.|
[2023-06-25T05:39:02.707+0000] {spark_submit.py:492} INFO - |3    |The purpose of our lives is to be happy.                                     |
[2023-06-25T05:39:02.707+0000] {spark_submit.py:492} INFO - |4    |Be cool.                                                                     |
[2023-06-25T05:39:02.707+0000] {spark_submit.py:492} INFO - +-----+-----------------------------------------------------------------------------+
[2023-06-25T05:39:02.707+0000] {spark_submit.py:492} INFO - 
[2023-06-25T05:39:02.762+0000] {spark_submit.py:492} INFO - 23/06/25 05:39:02 INFO BlockManagerInfo: Removed broadcast_0_piece0 on a8d69ab09d2d:35335 in memory (size: 6.2 KiB, free: 434.4 MiB)
[2023-06-25T05:39:02.774+0000] {spark_submit.py:492} INFO - 23/06/25 05:39:02 INFO BlockManagerInfo: Removed broadcast_0_piece0 on 172.19.0.10:37991 in memory (size: 6.2 KiB, free: 366.3 MiB)
[2023-06-25T05:39:02.785+0000] {spark_submit.py:492} INFO - 23/06/25 05:39:02 INFO BlockManagerInfo: Removed broadcast_1_piece0 on a8d69ab09d2d:35335 in memory (size: 6.2 KiB, free: 434.4 MiB)
[2023-06-25T05:39:02.787+0000] {spark_submit.py:492} INFO - 23/06/25 05:39:02 INFO BlockManagerInfo: Removed broadcast_1_piece0 on 172.19.0.10:37991 in memory (size: 6.2 KiB, free: 366.3 MiB)
[2023-06-25T05:39:02.791+0000] {spark_submit.py:492} INFO - Traceback (most recent call last):
[2023-06-25T05:39:02.792+0000] {spark_submit.py:492} INFO - File "/opt/***/dags/spark_etl_spark_minio.py", line 43, in <module>
[2023-06-25T05:39:02.792+0000] {spark_submit.py:492} INFO - df.write.mode("append").parquet("s3a://datalake/test.parquet")
[2023-06-25T05:39:02.792+0000] {spark_submit.py:492} INFO - File "/opt/spark/python/lib/pyspark.zip/pyspark/sql/readwriter.py", line 885, in parquet
[2023-06-25T05:39:02.792+0000] {spark_submit.py:492} INFO - File "/opt/spark/python/lib/py4j-0.10.9.2-src.zip/py4j/java_gateway.py", line 1309, in __call__
[2023-06-25T05:39:02.792+0000] {spark_submit.py:492} INFO - File "/opt/spark/python/lib/pyspark.zip/pyspark/sql/utils.py", line 111, in deco
[2023-06-25T05:39:02.792+0000] {spark_submit.py:492} INFO - File "/opt/spark/python/lib/py4j-0.10.9.2-src.zip/py4j/protocol.py", line 326, in get_return_value
[2023-06-25T05:39:02.792+0000] {spark_submit.py:492} INFO - py4j.protocol.Py4JJavaError: An error occurred while calling o77.parquet.
[2023-06-25T05:39:02.792+0000] {spark_submit.py:492} INFO - : java.lang.RuntimeException: java.lang.ClassNotFoundException: Class org.apache.hadoop.fs.s3a.S3AFileSystem not found
[2023-06-25T05:39:02.793+0000] {spark_submit.py:492} INFO - at org.apache.hadoop.conf.Configuration.getClass(Configuration.java:2667)
[2023-06-25T05:39:02.793+0000] {spark_submit.py:492} INFO - at org.apache.hadoop.fs.FileSystem.getFileSystemClass(FileSystem.java:3431)
[2023-06-25T05:39:02.793+0000] {spark_submit.py:492} INFO - at org.apache.hadoop.fs.FileSystem.createFileSystem(FileSystem.java:3466)
[2023-06-25T05:39:02.793+0000] {spark_submit.py:492} INFO - at org.apache.hadoop.fs.FileSystem.access$300(FileSystem.java:174)
[2023-06-25T05:39:02.793+0000] {spark_submit.py:492} INFO - at org.apache.hadoop.fs.FileSystem$Cache.getInternal(FileSystem.java:3574)
[2023-06-25T05:39:02.793+0000] {spark_submit.py:492} INFO - at org.apache.hadoop.fs.FileSystem$Cache.get(FileSystem.java:3521)
[2023-06-25T05:39:02.793+0000] {spark_submit.py:492} INFO - at org.apache.hadoop.fs.FileSystem.get(FileSystem.java:540)
[2023-06-25T05:39:02.793+0000] {spark_submit.py:492} INFO - at org.apache.hadoop.fs.Path.getFileSystem(Path.java:365)
[2023-06-25T05:39:02.793+0000] {spark_submit.py:492} INFO - at org.apache.spark.sql.execution.datasources.DataSource.planForWritingFileFormat(DataSource.scala:461)
[2023-06-25T05:39:02.793+0000] {spark_submit.py:492} INFO - at org.apache.spark.sql.execution.datasources.DataSource.planForWriting(DataSource.scala:556)
[2023-06-25T05:39:02.794+0000] {spark_submit.py:492} INFO - at org.apache.spark.sql.DataFrameWriter.saveToV1Source(DataFrameWriter.scala:382)
[2023-06-25T05:39:02.794+0000] {spark_submit.py:492} INFO - at org.apache.spark.sql.DataFrameWriter.saveInternal(DataFrameWriter.scala:355)
[2023-06-25T05:39:02.794+0000] {spark_submit.py:492} INFO - at org.apache.spark.sql.DataFrameWriter.save(DataFrameWriter.scala:239)
[2023-06-25T05:39:02.794+0000] {spark_submit.py:492} INFO - at org.apache.spark.sql.DataFrameWriter.parquet(DataFrameWriter.scala:781)
[2023-06-25T05:39:02.794+0000] {spark_submit.py:492} INFO - at java.base/jdk.internal.reflect.NativeMethodAccessorImpl.invoke0(Native Method)
[2023-06-25T05:39:02.794+0000] {spark_submit.py:492} INFO - at java.base/jdk.internal.reflect.NativeMethodAccessorImpl.invoke(NativeMethodAccessorImpl.java:62)
[2023-06-25T05:39:02.794+0000] {spark_submit.py:492} INFO - at java.base/jdk.internal.reflect.DelegatingMethodAccessorImpl.invoke(DelegatingMethodAccessorImpl.java:43)
[2023-06-25T05:39:02.794+0000] {spark_submit.py:492} INFO - at java.base/java.lang.reflect.Method.invoke(Method.java:566)
[2023-06-25T05:39:02.794+0000] {spark_submit.py:492} INFO - at py4j.reflection.MethodInvoker.invoke(MethodInvoker.java:244)
[2023-06-25T05:39:02.794+0000] {spark_submit.py:492} INFO - at py4j.reflection.ReflectionEngine.invoke(ReflectionEngine.java:357)
[2023-06-25T05:39:02.795+0000] {spark_submit.py:492} INFO - at py4j.Gateway.invoke(Gateway.java:282)
[2023-06-25T05:39:02.795+0000] {spark_submit.py:492} INFO - at py4j.commands.AbstractCommand.invokeMethod(AbstractCommand.java:132)
[2023-06-25T05:39:02.795+0000] {spark_submit.py:492} INFO - at py4j.commands.CallCommand.execute(CallCommand.java:79)
[2023-06-25T05:39:02.795+0000] {spark_submit.py:492} INFO - at py4j.ClientServerConnection.waitForCommands(ClientServerConnection.java:182)
[2023-06-25T05:39:02.795+0000] {spark_submit.py:492} INFO - at py4j.ClientServerConnection.run(ClientServerConnection.java:106)
[2023-06-25T05:39:02.795+0000] {spark_submit.py:492} INFO - at java.base/java.lang.Thread.run(Thread.java:829)
[2023-06-25T05:39:02.795+0000] {spark_submit.py:492} INFO - Caused by: java.lang.ClassNotFoundException: Class org.apache.hadoop.fs.s3a.S3AFileSystem not found
[2023-06-25T05:39:02.795+0000] {spark_submit.py:492} INFO - at org.apache.hadoop.conf.Configuration.getClassByName(Configuration.java:2571)
[2023-06-25T05:39:02.795+0000] {spark_submit.py:492} INFO - at org.apache.hadoop.conf.Configuration.getClass(Configuration.java:2665)
[2023-06-25T05:39:02.795+0000] {spark_submit.py:492} INFO - ... 25 more
[2023-06-25T05:39:02.796+0000] {spark_submit.py:492} INFO - 
[2023-06-25T05:39:02.862+0000] {spark_submit.py:492} INFO - 23/06/25 05:39:02 INFO SparkContext: Invoking stop() from shutdown hook
[2023-06-25T05:39:02.872+0000] {spark_submit.py:492} INFO - 23/06/25 05:39:02 INFO SparkUI: Stopped Spark web UI at http://a8d69ab09d2d:4040
[2023-06-25T05:39:02.874+0000] {spark_submit.py:492} INFO - 23/06/25 05:39:02 INFO StandaloneSchedulerBackend: Shutting down all executors
[2023-06-25T05:39:02.874+0000] {spark_submit.py:492} INFO - 23/06/25 05:39:02 INFO CoarseGrainedSchedulerBackend$DriverEndpoint: Asking each executor to shut down
[2023-06-25T05:39:02.890+0000] {spark_submit.py:492} INFO - 23/06/25 05:39:02 INFO MapOutputTrackerMasterEndpoint: MapOutputTrackerMasterEndpoint stopped!
[2023-06-25T05:39:02.915+0000] {spark_submit.py:492} INFO - 23/06/25 05:39:02 INFO MemoryStore: MemoryStore cleared
[2023-06-25T05:39:02.915+0000] {spark_submit.py:492} INFO - 23/06/25 05:39:02 INFO BlockManager: BlockManager stopped
[2023-06-25T05:39:02.924+0000] {spark_submit.py:492} INFO - 23/06/25 05:39:02 INFO BlockManagerMaster: BlockManagerMaster stopped
[2023-06-25T05:39:02.926+0000] {spark_submit.py:492} INFO - 23/06/25 05:39:02 INFO OutputCommitCoordinator$OutputCommitCoordinatorEndpoint: OutputCommitCoordinator stopped!
[2023-06-25T05:39:02.941+0000] {spark_submit.py:492} INFO - 23/06/25 05:39:02 INFO SparkContext: Successfully stopped SparkContext
[2023-06-25T05:39:02.941+0000] {spark_submit.py:492} INFO - 23/06/25 05:39:02 INFO ShutdownHookManager: Shutdown hook called
[2023-06-25T05:39:02.942+0000] {spark_submit.py:492} INFO - 23/06/25 05:39:02 INFO ShutdownHookManager: Deleting directory /tmp/spark-ab2bfec2-ae62-49ee-b3e0-d44d93c74e42/pyspark-a69e7813-acd0-45ed-a54d-04937919d667
[2023-06-25T05:39:02.946+0000] {spark_submit.py:492} INFO - 23/06/25 05:39:02 INFO ShutdownHookManager: Deleting directory /tmp/spark-563e96c3-df69-49ae-9359-4a0f68c4e5a7
[2023-06-25T05:39:02.950+0000] {spark_submit.py:492} INFO - 23/06/25 05:39:02 INFO ShutdownHookManager: Deleting directory /tmp/spark-ab2bfec2-ae62-49ee-b3e0-d44d93c74e42
[2023-06-25T05:39:03.069+0000] {taskinstance.py:1775} ERROR - Task failed with exception
Traceback (most recent call last):
  File "/home/airflow/.local/lib/python3.8/site-packages/airflow/providers/apache/spark/operators/spark_submit.py", line 157, in execute
    self._hook.submit(self._application)
  File "/home/airflow/.local/lib/python3.8/site-packages/airflow/providers/apache/spark/hooks/spark_submit.py", line 423, in submit
    raise AirflowException(
airflow.exceptions.AirflowException: Cannot execute: spark-submit --master spark://spark:7077 --name arrow-spark /opt/***/dags/spark_etl_spark_minio.py. Error code is: 1.
[2023-06-25T05:39:03.071+0000] {taskinstance.py:1321} INFO - Marking task as UP_FOR_RETRY. dag_id=spark_etl_minio_v11, task_id=spark_submit_task, execution_date=20230625T053648, start_date=20230625T053853, end_date=20230625T053903
[2023-06-25T05:39:03.082+0000] {standard_task_runner.py:100} ERROR - Failed to execute job 210 for task spark_submit_task (Cannot execute: spark-submit --master spark://spark:7077 --name arrow-spark /opt/***/dags/spark_etl_spark_minio.py. Error code is: 1.; 21828)
[2023-06-25T05:39:03.122+0000] {local_task_job.py:212} INFO - Task exited with return code 1
[2023-06-25T05:39:03.133+0000] {taskinstance.py:2585} INFO - 0 downstream tasks scheduled from follow-on schedule check
