[2023-06-25T05:43:15.674+0000] {taskinstance.py:1084} INFO - Dependencies all met for dep_context=non-requeueable deps ti=<TaskInstance: spark_etl_minio_v11.spark_submit_task manual__2023-06-25T05:36:48.704513+00:00 [queued]>
[2023-06-25T05:43:15.682+0000] {taskinstance.py:1084} INFO - Dependencies all met for dep_context=requeueable deps ti=<TaskInstance: spark_etl_minio_v11.spark_submit_task manual__2023-06-25T05:36:48.704513+00:00 [queued]>
[2023-06-25T05:43:15.682+0000] {taskinstance.py:1282} INFO - 
--------------------------------------------------------------------------------
[2023-06-25T05:43:15.683+0000] {taskinstance.py:1283} INFO - Starting attempt 4 of 6
[2023-06-25T05:43:15.683+0000] {taskinstance.py:1284} INFO - 
--------------------------------------------------------------------------------
[2023-06-25T05:43:15.694+0000] {taskinstance.py:1303} INFO - Executing <Task(SparkSubmitOperator): spark_submit_task> on 2023-06-25 05:36:48.704513+00:00
[2023-06-25T05:43:15.698+0000] {standard_task_runner.py:55} INFO - Started process 23536 to run task
[2023-06-25T05:43:15.700+0000] {standard_task_runner.py:82} INFO - Running: ['***', 'tasks', 'run', 'spark_etl_minio_v11', 'spark_submit_task', 'manual__2023-06-25T05:36:48.704513+00:00', '--job-id', '218', '--raw', '--subdir', 'DAGS_FOLDER/spark_job_minio_v1.py', '--cfg-path', '/tmp/tmp1lby1qc6']
[2023-06-25T05:43:15.700+0000] {standard_task_runner.py:83} INFO - Job 218: Subtask spark_submit_task
[2023-06-25T05:43:15.712+0000] {warnings.py:109} WARNING - /home/***/.local/lib/python3.8/site-packages/***/settings.py:250: DeprecationWarning: The sql_alchemy_conn option in [core] has been moved to the sql_alchemy_conn option in [database] - the old setting has been used, but please update your config.
  SQL_ALCHEMY_CONN = conf.get("database", "SQL_ALCHEMY_CONN")

[2023-06-25T05:43:15.759+0000] {task_command.py:388} INFO - Running <TaskInstance: spark_etl_minio_v11.spark_submit_task manual__2023-06-25T05:36:48.704513+00:00 [running]> on host a8d69ab09d2d
[2023-06-25T05:43:15.835+0000] {taskinstance.py:1509} INFO - Exporting the following env vars:
AIRFLOW_CTX_DAG_OWNER=***
AIRFLOW_CTX_DAG_ID=spark_etl_minio_v11
AIRFLOW_CTX_TASK_ID=spark_submit_task
AIRFLOW_CTX_EXECUTION_DATE=2023-06-25T05:36:48.704513+00:00
AIRFLOW_CTX_TRY_NUMBER=4
AIRFLOW_CTX_DAG_RUN_ID=manual__2023-06-25T05:36:48.704513+00:00
[2023-06-25T05:43:15.869+0000] {base.py:73} INFO - Using connection ID 'spark_conn' for task execution.
[2023-06-25T05:43:15.871+0000] {spark_submit.py:341} INFO - Spark-Submit cmd: spark-submit --master spark://spark:7077 --conf spark.jars=local:///opt/spark/jars/hadoop-aws-3.2.0.jar,local:///opt/spark/jars/aws-java-sdk-bundle-1.11.375.jar --name arrow-spark /opt/***/dags/spark_etl_spark_minio.py
[2023-06-25T05:43:17.273+0000] {spark_submit.py:492} INFO - WARNING: An illegal reflective access operation has occurred
[2023-06-25T05:43:17.274+0000] {spark_submit.py:492} INFO - WARNING: Illegal reflective access by org.apache.spark.unsafe.Platform (file:/opt/spark/jars/spark-unsafe_2.12-3.2.0.jar) to constructor java.nio.DirectByteBuffer(long,int)
[2023-06-25T05:43:17.274+0000] {spark_submit.py:492} INFO - WARNING: Please consider reporting this to the maintainers of org.apache.spark.unsafe.Platform
[2023-06-25T05:43:17.274+0000] {spark_submit.py:492} INFO - WARNING: Use --illegal-access=warn to enable warnings of further illegal reflective access operations
[2023-06-25T05:43:17.274+0000] {spark_submit.py:492} INFO - WARNING: All illegal access operations will be denied in a future release
[2023-06-25T05:43:17.836+0000] {spark_submit.py:492} INFO - Using Spark's default log4j profile: org/apache/spark/log4j-defaults.properties
[2023-06-25T05:43:17.836+0000] {spark_submit.py:492} INFO - 23/06/25 05:43:17 WARN DependencyUtils: Local jar /opt/spark/jars/hadoop-aws-3.2.0.jar does not exist, skipping.
[2023-06-25T05:43:17.836+0000] {spark_submit.py:492} INFO - 23/06/25 05:43:17 WARN DependencyUtils: Local jar /opt/spark/jars/aws-java-sdk-bundle-1.11.375.jar does not exist, skipping.
[2023-06-25T05:43:19.094+0000] {spark_submit.py:492} INFO - 23/06/25 05:43:19 INFO SparkContext: Running Spark version 3.2.0
[2023-06-25T05:43:19.230+0000] {spark_submit.py:492} INFO - 23/06/25 05:43:19 WARN NativeCodeLoader: Unable to load native-hadoop library for your platform... using builtin-java classes where applicable
[2023-06-25T05:43:19.561+0000] {spark_submit.py:492} INFO - 23/06/25 05:43:19 INFO ResourceUtils: ==============================================================
[2023-06-25T05:43:19.563+0000] {spark_submit.py:492} INFO - 23/06/25 05:43:19 INFO ResourceUtils: No custom resources configured for spark.driver.
[2023-06-25T05:43:19.564+0000] {spark_submit.py:492} INFO - 23/06/25 05:43:19 INFO ResourceUtils: ==============================================================
[2023-06-25T05:43:19.565+0000] {spark_submit.py:492} INFO - 23/06/25 05:43:19 INFO SparkContext: Submitted application: arrow-spark
[2023-06-25T05:43:19.613+0000] {spark_submit.py:492} INFO - 23/06/25 05:43:19 INFO ResourceProfile: Default ResourceProfile created, executor resources: Map(cores -> name: cores, amount: 1, script: , vendor: , memory -> name: memory, amount: 1024, script: , vendor: , offHeap -> name: offHeap, amount: 0, script: , vendor: ), task resources: Map(cpus -> name: cpus, amount: 1.0)
[2023-06-25T05:43:19.633+0000] {spark_submit.py:492} INFO - 23/06/25 05:43:19 INFO ResourceProfile: Limiting resource is cpu
[2023-06-25T05:43:19.634+0000] {spark_submit.py:492} INFO - 23/06/25 05:43:19 INFO ResourceProfileManager: Added ResourceProfile id: 0
[2023-06-25T05:43:19.710+0000] {spark_submit.py:492} INFO - 23/06/25 05:43:19 INFO SecurityManager: Changing view acls to: default
[2023-06-25T05:43:19.711+0000] {spark_submit.py:492} INFO - 23/06/25 05:43:19 INFO SecurityManager: Changing modify acls to: default
[2023-06-25T05:43:19.712+0000] {spark_submit.py:492} INFO - 23/06/25 05:43:19 INFO SecurityManager: Changing view acls groups to:
[2023-06-25T05:43:19.714+0000] {spark_submit.py:492} INFO - 23/06/25 05:43:19 INFO SecurityManager: Changing modify acls groups to:
[2023-06-25T05:43:19.715+0000] {spark_submit.py:492} INFO - 23/06/25 05:43:19 INFO SecurityManager: SecurityManager: authentication disabled; ui acls disabled; users  with view permissions: Set(default); groups with view permissions: Set(); users  with modify permissions: Set(default); groups with modify permissions: Set()
[2023-06-25T05:43:20.104+0000] {spark_submit.py:492} INFO - 23/06/25 05:43:20 INFO Utils: Successfully started service 'sparkDriver' on port 38681.
[2023-06-25T05:43:20.136+0000] {spark_submit.py:492} INFO - 23/06/25 05:43:20 INFO SparkEnv: Registering MapOutputTracker
[2023-06-25T05:43:20.176+0000] {spark_submit.py:492} INFO - 23/06/25 05:43:20 INFO SparkEnv: Registering BlockManagerMaster
[2023-06-25T05:43:20.197+0000] {spark_submit.py:492} INFO - 23/06/25 05:43:20 INFO BlockManagerMasterEndpoint: Using org.apache.spark.storage.DefaultTopologyMapper for getting topology information
[2023-06-25T05:43:20.198+0000] {spark_submit.py:492} INFO - 23/06/25 05:43:20 INFO BlockManagerMasterEndpoint: BlockManagerMasterEndpoint up
[2023-06-25T05:43:20.202+0000] {spark_submit.py:492} INFO - 23/06/25 05:43:20 INFO SparkEnv: Registering BlockManagerMasterHeartbeat
[2023-06-25T05:43:20.227+0000] {spark_submit.py:492} INFO - 23/06/25 05:43:20 INFO DiskBlockManager: Created local directory at /tmp/blockmgr-1746038d-9779-4984-b630-457cfde306e0
[2023-06-25T05:43:20.250+0000] {spark_submit.py:492} INFO - 23/06/25 05:43:20 INFO MemoryStore: MemoryStore started with capacity 434.4 MiB
[2023-06-25T05:43:20.268+0000] {spark_submit.py:492} INFO - 23/06/25 05:43:20 INFO SparkEnv: Registering OutputCommitCoordinator
[2023-06-25T05:43:20.540+0000] {spark_submit.py:492} INFO - 23/06/25 05:43:20 INFO Utils: Successfully started service 'SparkUI' on port 4040.
[2023-06-25T05:43:20.610+0000] {spark_submit.py:492} INFO - 23/06/25 05:43:20 INFO SparkUI: Bound SparkUI to 0.0.0.0, and started at http://a8d69ab09d2d:4040
[2023-06-25T05:43:20.626+0000] {spark_submit.py:492} INFO - 23/06/25 05:43:20 INFO SparkContext: Added JAR local:///opt/spark/jars/hadoop-aws-3.2.0.jar at file:/opt/spark/jars/hadoop-aws-3.2.0.jar with timestamp 1687671799079
[2023-06-25T05:43:20.627+0000] {spark_submit.py:492} INFO - 23/06/25 05:43:20 INFO SparkContext: Added JAR local:///opt/spark/jars/aws-java-sdk-bundle-1.11.375.jar at file:/opt/spark/jars/aws-java-sdk-bundle-1.11.375.jar with timestamp 1687671799079
[2023-06-25T05:43:20.870+0000] {spark_submit.py:492} INFO - 23/06/25 05:43:20 INFO StandaloneAppClient$ClientEndpoint: Connecting to master spark://spark:7077...
[2023-06-25T05:43:20.971+0000] {spark_submit.py:492} INFO - 23/06/25 05:43:20 INFO TransportClientFactory: Successfully created connection to spark/172.19.0.9:7077 after 75 ms (0 ms spent in bootstraps)
[2023-06-25T05:43:21.066+0000] {spark_submit.py:492} INFO - 23/06/25 05:43:21 INFO StandaloneSchedulerBackend: Connected to Spark cluster with app ID app-20230625054321-0015
[2023-06-25T05:43:21.073+0000] {spark_submit.py:492} INFO - 23/06/25 05:43:21 INFO Utils: Successfully started service 'org.apache.spark.network.netty.NettyBlockTransferService' on port 41853.
[2023-06-25T05:43:21.073+0000] {spark_submit.py:492} INFO - 23/06/25 05:43:21 INFO NettyBlockTransferService: Server created on a8d69ab09d2d:41853
[2023-06-25T05:43:21.075+0000] {spark_submit.py:492} INFO - 23/06/25 05:43:21 INFO BlockManager: Using org.apache.spark.storage.RandomBlockReplicationPolicy for block replication policy
[2023-06-25T05:43:21.081+0000] {spark_submit.py:492} INFO - 23/06/25 05:43:21 INFO BlockManagerMaster: Registering BlockManager BlockManagerId(driver, a8d69ab09d2d, 41853, None)
[2023-06-25T05:43:21.084+0000] {spark_submit.py:492} INFO - 23/06/25 05:43:21 INFO BlockManagerMasterEndpoint: Registering block manager a8d69ab09d2d:41853 with 434.4 MiB RAM, BlockManagerId(driver, a8d69ab09d2d, 41853, None)
[2023-06-25T05:43:21.086+0000] {spark_submit.py:492} INFO - 23/06/25 05:43:21 INFO BlockManagerMaster: Registered BlockManager BlockManagerId(driver, a8d69ab09d2d, 41853, None)
[2023-06-25T05:43:21.087+0000] {spark_submit.py:492} INFO - 23/06/25 05:43:21 INFO BlockManager: Initialized BlockManager: BlockManagerId(driver, a8d69ab09d2d, 41853, None)
[2023-06-25T05:43:21.269+0000] {spark_submit.py:492} INFO - 23/06/25 05:43:21 INFO StandaloneSchedulerBackend: SchedulerBackend is ready for scheduling beginning after reached minRegisteredResourcesRatio: 0.0
[2023-06-25T05:43:21.498+0000] {spark_submit.py:492} INFO - 23/06/25 05:43:21 INFO SharedState: Setting hive.metastore.warehouse.dir ('null') to the value of spark.sql.warehouse.dir.
[2023-06-25T05:43:21.530+0000] {spark_submit.py:492} INFO - 23/06/25 05:43:21 INFO SharedState: Warehouse path is 'file:/opt/***/spark-warehouse'.
[2023-06-25T05:43:25.664+0000] {spark_submit.py:492} INFO - 23/06/25 05:43:25 INFO CodeGenerator: Code generated in 122.337001 ms
[2023-06-25T05:43:25.697+0000] {spark_submit.py:492} INFO - 23/06/25 05:43:25 INFO SparkContext: Starting job: showString at NativeMethodAccessorImpl.java:0
[2023-06-25T05:43:25.716+0000] {spark_submit.py:492} INFO - 23/06/25 05:43:25 INFO DAGScheduler: Got job 0 (showString at NativeMethodAccessorImpl.java:0) with 1 output partitions
[2023-06-25T05:43:25.716+0000] {spark_submit.py:492} INFO - 23/06/25 05:43:25 INFO DAGScheduler: Final stage: ResultStage 0 (showString at NativeMethodAccessorImpl.java:0)
[2023-06-25T05:43:25.716+0000] {spark_submit.py:492} INFO - 23/06/25 05:43:25 INFO DAGScheduler: Parents of final stage: List()
[2023-06-25T05:43:25.719+0000] {spark_submit.py:492} INFO - 23/06/25 05:43:25 INFO DAGScheduler: Missing parents: List()
[2023-06-25T05:43:25.732+0000] {spark_submit.py:492} INFO - 23/06/25 05:43:25 INFO DAGScheduler: Submitting ResultStage 0 (MapPartitionsRDD[6] at showString at NativeMethodAccessorImpl.java:0), which has no missing parents
[2023-06-25T05:43:25.830+0000] {spark_submit.py:492} INFO - 23/06/25 05:43:25 INFO MemoryStore: Block broadcast_0 stored as values in memory (estimated size 11.7 KiB, free 434.4 MiB)
[2023-06-25T05:43:25.861+0000] {spark_submit.py:492} INFO - 23/06/25 05:43:25 INFO MemoryStore: Block broadcast_0_piece0 stored as bytes in memory (estimated size 6.2 KiB, free 434.4 MiB)
[2023-06-25T05:43:25.863+0000] {spark_submit.py:492} INFO - 23/06/25 05:43:25 INFO BlockManagerInfo: Added broadcast_0_piece0 in memory on a8d69ab09d2d:41853 (size: 6.2 KiB, free: 434.4 MiB)
[2023-06-25T05:43:25.866+0000] {spark_submit.py:492} INFO - 23/06/25 05:43:25 INFO SparkContext: Created broadcast 0 from broadcast at DAGScheduler.scala:1427
[2023-06-25T05:43:25.877+0000] {spark_submit.py:492} INFO - 23/06/25 05:43:25 INFO DAGScheduler: Submitting 1 missing tasks from ResultStage 0 (MapPartitionsRDD[6] at showString at NativeMethodAccessorImpl.java:0) (first 15 tasks are for partitions Vector(0))
[2023-06-25T05:43:25.878+0000] {spark_submit.py:492} INFO - 23/06/25 05:43:25 INFO TaskSchedulerImpl: Adding task set 0.0 with 1 tasks resource profile 0
[2023-06-25T05:43:40.895+0000] {spark_submit.py:492} INFO - 23/06/25 05:43:40 WARN TaskSchedulerImpl: Initial job has not accepted any resources; check your cluster UI to ensure that workers are registered and have sufficient resources
[2023-06-25T05:43:55.894+0000] {spark_submit.py:492} INFO - 23/06/25 05:43:55 WARN TaskSchedulerImpl: Initial job has not accepted any resources; check your cluster UI to ensure that workers are registered and have sufficient resources
[2023-06-25T05:44:10.894+0000] {spark_submit.py:492} INFO - 23/06/25 05:44:10 WARN TaskSchedulerImpl: Initial job has not accepted any resources; check your cluster UI to ensure that workers are registered and have sufficient resources
[2023-06-25T05:44:25.894+0000] {spark_submit.py:492} INFO - 23/06/25 05:44:25 WARN TaskSchedulerImpl: Initial job has not accepted any resources; check your cluster UI to ensure that workers are registered and have sufficient resources
[2023-06-25T05:44:40.895+0000] {spark_submit.py:492} INFO - 23/06/25 05:44:40 WARN TaskSchedulerImpl: Initial job has not accepted any resources; check your cluster UI to ensure that workers are registered and have sufficient resources
[2023-06-25T05:44:55.894+0000] {spark_submit.py:492} INFO - 23/06/25 05:44:55 WARN TaskSchedulerImpl: Initial job has not accepted any resources; check your cluster UI to ensure that workers are registered and have sufficient resources
[2023-06-25T05:45:10.894+0000] {spark_submit.py:492} INFO - 23/06/25 05:45:10 WARN TaskSchedulerImpl: Initial job has not accepted any resources; check your cluster UI to ensure that workers are registered and have sufficient resources
[2023-06-25T05:45:25.894+0000] {spark_submit.py:492} INFO - 23/06/25 05:45:25 WARN TaskSchedulerImpl: Initial job has not accepted any resources; check your cluster UI to ensure that workers are registered and have sufficient resources
[2023-06-25T05:45:40.895+0000] {spark_submit.py:492} INFO - 23/06/25 05:45:40 WARN TaskSchedulerImpl: Initial job has not accepted any resources; check your cluster UI to ensure that workers are registered and have sufficient resources
[2023-06-25T05:45:55.894+0000] {spark_submit.py:492} INFO - 23/06/25 05:45:55 WARN TaskSchedulerImpl: Initial job has not accepted any resources; check your cluster UI to ensure that workers are registered and have sufficient resources
[2023-06-25T05:46:10.894+0000] {spark_submit.py:492} INFO - 23/06/25 05:46:10 WARN TaskSchedulerImpl: Initial job has not accepted any resources; check your cluster UI to ensure that workers are registered and have sufficient resources
[2023-06-25T05:46:25.894+0000] {spark_submit.py:492} INFO - 23/06/25 05:46:25 WARN TaskSchedulerImpl: Initial job has not accepted any resources; check your cluster UI to ensure that workers are registered and have sufficient resources
[2023-06-25T05:46:40.895+0000] {spark_submit.py:492} INFO - 23/06/25 05:46:40 WARN TaskSchedulerImpl: Initial job has not accepted any resources; check your cluster UI to ensure that workers are registered and have sufficient resources
[2023-06-25T05:46:55.894+0000] {spark_submit.py:492} INFO - 23/06/25 05:46:55 WARN TaskSchedulerImpl: Initial job has not accepted any resources; check your cluster UI to ensure that workers are registered and have sufficient resources
[2023-06-25T05:47:10.894+0000] {spark_submit.py:492} INFO - 23/06/25 05:47:10 WARN TaskSchedulerImpl: Initial job has not accepted any resources; check your cluster UI to ensure that workers are registered and have sufficient resources
[2023-06-25T05:47:25.894+0000] {spark_submit.py:492} INFO - 23/06/25 05:47:25 WARN TaskSchedulerImpl: Initial job has not accepted any resources; check your cluster UI to ensure that workers are registered and have sufficient resources
[2023-06-25T05:47:40.895+0000] {spark_submit.py:492} INFO - 23/06/25 05:47:40 WARN TaskSchedulerImpl: Initial job has not accepted any resources; check your cluster UI to ensure that workers are registered and have sufficient resources
[2023-06-25T05:47:55.895+0000] {spark_submit.py:492} INFO - 23/06/25 05:47:55 WARN TaskSchedulerImpl: Initial job has not accepted any resources; check your cluster UI to ensure that workers are registered and have sufficient resources
[2023-06-25T05:48:10.894+0000] {spark_submit.py:492} INFO - 23/06/25 05:48:10 WARN TaskSchedulerImpl: Initial job has not accepted any resources; check your cluster UI to ensure that workers are registered and have sufficient resources
[2023-06-25T05:48:25.894+0000] {spark_submit.py:492} INFO - 23/06/25 05:48:25 WARN TaskSchedulerImpl: Initial job has not accepted any resources; check your cluster UI to ensure that workers are registered and have sufficient resources
[2023-06-25T05:48:40.894+0000] {spark_submit.py:492} INFO - 23/06/25 05:48:40 WARN TaskSchedulerImpl: Initial job has not accepted any resources; check your cluster UI to ensure that workers are registered and have sufficient resources
[2023-06-25T05:48:55.895+0000] {spark_submit.py:492} INFO - 23/06/25 05:48:55 WARN TaskSchedulerImpl: Initial job has not accepted any resources; check your cluster UI to ensure that workers are registered and have sufficient resources
[2023-06-25T05:49:10.894+0000] {spark_submit.py:492} INFO - 23/06/25 05:49:10 WARN TaskSchedulerImpl: Initial job has not accepted any resources; check your cluster UI to ensure that workers are registered and have sufficient resources
[2023-06-25T05:49:25.894+0000] {spark_submit.py:492} INFO - 23/06/25 05:49:25 WARN TaskSchedulerImpl: Initial job has not accepted any resources; check your cluster UI to ensure that workers are registered and have sufficient resources
[2023-06-25T05:49:40.894+0000] {spark_submit.py:492} INFO - 23/06/25 05:49:40 WARN TaskSchedulerImpl: Initial job has not accepted any resources; check your cluster UI to ensure that workers are registered and have sufficient resources
[2023-06-25T05:49:55.895+0000] {spark_submit.py:492} INFO - 23/06/25 05:49:55 WARN TaskSchedulerImpl: Initial job has not accepted any resources; check your cluster UI to ensure that workers are registered and have sufficient resources
[2023-06-25T05:50:10.894+0000] {spark_submit.py:492} INFO - 23/06/25 05:50:10 WARN TaskSchedulerImpl: Initial job has not accepted any resources; check your cluster UI to ensure that workers are registered and have sufficient resources
[2023-06-25T05:50:25.894+0000] {spark_submit.py:492} INFO - 23/06/25 05:50:25 WARN TaskSchedulerImpl: Initial job has not accepted any resources; check your cluster UI to ensure that workers are registered and have sufficient resources
[2023-06-25T05:50:40.894+0000] {spark_submit.py:492} INFO - 23/06/25 05:50:40 WARN TaskSchedulerImpl: Initial job has not accepted any resources; check your cluster UI to ensure that workers are registered and have sufficient resources
[2023-06-25T05:50:55.895+0000] {spark_submit.py:492} INFO - 23/06/25 05:50:55 WARN TaskSchedulerImpl: Initial job has not accepted any resources; check your cluster UI to ensure that workers are registered and have sufficient resources
[2023-06-25T05:51:10.894+0000] {spark_submit.py:492} INFO - 23/06/25 05:51:10 WARN TaskSchedulerImpl: Initial job has not accepted any resources; check your cluster UI to ensure that workers are registered and have sufficient resources
[2023-06-25T05:51:25.897+0000] {spark_submit.py:492} INFO - 23/06/25 05:51:25 WARN TaskSchedulerImpl: Initial job has not accepted any resources; check your cluster UI to ensure that workers are registered and have sufficient resources
[2023-06-25T05:51:28.670+0000] {spark_submit.py:492} INFO - 23/06/25 05:51:28 WARN StandaloneAppClient$ClientEndpoint: Connection to bce6080000f5:7077 failed; waiting for master to reconnect...
[2023-06-25T05:51:28.671+0000] {spark_submit.py:492} INFO - 23/06/25 05:51:28 WARN StandaloneSchedulerBackend: Disconnected from Spark cluster! Waiting for reconnection...
[2023-06-25T05:51:40.895+0000] {spark_submit.py:492} INFO - 23/06/25 05:51:40 WARN TaskSchedulerImpl: Initial job has not accepted any resources; check your cluster UI to ensure that workers are registered and have sufficient resources
[2023-06-25T05:51:55.895+0000] {spark_submit.py:492} INFO - 23/06/25 05:51:55 WARN TaskSchedulerImpl: Initial job has not accepted any resources; check your cluster UI to ensure that workers are registered and have sufficient resources
[2023-06-25T05:52:10.894+0000] {spark_submit.py:492} INFO - 23/06/25 05:52:10 WARN TaskSchedulerImpl: Initial job has not accepted any resources; check your cluster UI to ensure that workers are registered and have sufficient resources
[2023-06-25T05:52:25.894+0000] {spark_submit.py:492} INFO - 23/06/25 05:52:25 WARN TaskSchedulerImpl: Initial job has not accepted any resources; check your cluster UI to ensure that workers are registered and have sufficient resources
[2023-06-25T05:52:40.895+0000] {spark_submit.py:492} INFO - 23/06/25 05:52:40 WARN TaskSchedulerImpl: Initial job has not accepted any resources; check your cluster UI to ensure that workers are registered and have sufficient resources
[2023-06-25T05:52:55.894+0000] {spark_submit.py:492} INFO - 23/06/25 05:52:55 WARN TaskSchedulerImpl: Initial job has not accepted any resources; check your cluster UI to ensure that workers are registered and have sufficient resources
[2023-06-25T05:53:10.894+0000] {spark_submit.py:492} INFO - 23/06/25 05:53:10 WARN TaskSchedulerImpl: Initial job has not accepted any resources; check your cluster UI to ensure that workers are registered and have sufficient resources
[2023-06-25T05:53:25.894+0000] {spark_submit.py:492} INFO - 23/06/25 05:53:25 WARN TaskSchedulerImpl: Initial job has not accepted any resources; check your cluster UI to ensure that workers are registered and have sufficient resources
[2023-06-25T05:53:40.895+0000] {spark_submit.py:492} INFO - 23/06/25 05:53:40 WARN TaskSchedulerImpl: Initial job has not accepted any resources; check your cluster UI to ensure that workers are registered and have sufficient resources
[2023-06-25T05:53:55.895+0000] {spark_submit.py:492} INFO - 23/06/25 05:53:55 WARN TaskSchedulerImpl: Initial job has not accepted any resources; check your cluster UI to ensure that workers are registered and have sufficient resources
[2023-06-25T05:54:10.894+0000] {spark_submit.py:492} INFO - 23/06/25 05:54:10 WARN TaskSchedulerImpl: Initial job has not accepted any resources; check your cluster UI to ensure that workers are registered and have sufficient resources
[2023-06-25T05:54:25.894+0000] {spark_submit.py:492} INFO - 23/06/25 05:54:25 WARN TaskSchedulerImpl: Initial job has not accepted any resources; check your cluster UI to ensure that workers are registered and have sufficient resources
[2023-06-25T05:54:40.894+0000] {spark_submit.py:492} INFO - 23/06/25 05:54:40 WARN TaskSchedulerImpl: Initial job has not accepted any resources; check your cluster UI to ensure that workers are registered and have sufficient resources
[2023-06-25T05:54:55.895+0000] {spark_submit.py:492} INFO - 23/06/25 05:54:55 WARN TaskSchedulerImpl: Initial job has not accepted any resources; check your cluster UI to ensure that workers are registered and have sufficient resources
[2023-06-25T05:55:10.894+0000] {spark_submit.py:492} INFO - 23/06/25 05:55:10 WARN TaskSchedulerImpl: Initial job has not accepted any resources; check your cluster UI to ensure that workers are registered and have sufficient resources
[2023-06-25T05:55:25.894+0000] {spark_submit.py:492} INFO - 23/06/25 05:55:25 WARN TaskSchedulerImpl: Initial job has not accepted any resources; check your cluster UI to ensure that workers are registered and have sufficient resources
[2023-06-25T05:55:40.894+0000] {spark_submit.py:492} INFO - 23/06/25 05:55:40 WARN TaskSchedulerImpl: Initial job has not accepted any resources; check your cluster UI to ensure that workers are registered and have sufficient resources
[2023-06-25T05:55:55.895+0000] {spark_submit.py:492} INFO - 23/06/25 05:55:55 WARN TaskSchedulerImpl: Initial job has not accepted any resources; check your cluster UI to ensure that workers are registered and have sufficient resources
[2023-06-25T05:56:10.894+0000] {spark_submit.py:492} INFO - 23/06/25 05:56:10 WARN TaskSchedulerImpl: Initial job has not accepted any resources; check your cluster UI to ensure that workers are registered and have sufficient resources
[2023-06-25T05:56:25.894+0000] {spark_submit.py:492} INFO - 23/06/25 05:56:25 WARN TaskSchedulerImpl: Initial job has not accepted any resources; check your cluster UI to ensure that workers are registered and have sufficient resources
[2023-06-25T05:56:40.895+0000] {spark_submit.py:492} INFO - 23/06/25 05:56:40 WARN TaskSchedulerImpl: Initial job has not accepted any resources; check your cluster UI to ensure that workers are registered and have sufficient resources
[2023-06-25T05:56:55.895+0000] {spark_submit.py:492} INFO - 23/06/25 05:56:55 WARN TaskSchedulerImpl: Initial job has not accepted any resources; check your cluster UI to ensure that workers are registered and have sufficient resources
[2023-06-25T05:57:10.894+0000] {spark_submit.py:492} INFO - 23/06/25 05:57:10 WARN TaskSchedulerImpl: Initial job has not accepted any resources; check your cluster UI to ensure that workers are registered and have sufficient resources
[2023-06-25T05:57:25.894+0000] {spark_submit.py:492} INFO - 23/06/25 05:57:25 WARN TaskSchedulerImpl: Initial job has not accepted any resources; check your cluster UI to ensure that workers are registered and have sufficient resources
[2023-06-25T05:57:40.895+0000] {spark_submit.py:492} INFO - 23/06/25 05:57:40 WARN TaskSchedulerImpl: Initial job has not accepted any resources; check your cluster UI to ensure that workers are registered and have sufficient resources
[2023-06-25T05:57:55.895+0000] {spark_submit.py:492} INFO - 23/06/25 05:57:55 WARN TaskSchedulerImpl: Initial job has not accepted any resources; check your cluster UI to ensure that workers are registered and have sufficient resources
[2023-06-25T05:58:10.894+0000] {spark_submit.py:492} INFO - 23/06/25 05:58:10 WARN TaskSchedulerImpl: Initial job has not accepted any resources; check your cluster UI to ensure that workers are registered and have sufficient resources
[2023-06-25T05:58:25.894+0000] {spark_submit.py:492} INFO - 23/06/25 05:58:25 WARN TaskSchedulerImpl: Initial job has not accepted any resources; check your cluster UI to ensure that workers are registered and have sufficient resources
[2023-06-25T05:58:40.894+0000] {spark_submit.py:492} INFO - 23/06/25 05:58:40 WARN TaskSchedulerImpl: Initial job has not accepted any resources; check your cluster UI to ensure that workers are registered and have sufficient resources
[2023-06-25T05:58:55.895+0000] {spark_submit.py:492} INFO - 23/06/25 05:58:55 WARN TaskSchedulerImpl: Initial job has not accepted any resources; check your cluster UI to ensure that workers are registered and have sufficient resources
[2023-06-25T05:59:10.894+0000] {spark_submit.py:492} INFO - 23/06/25 05:59:10 WARN TaskSchedulerImpl: Initial job has not accepted any resources; check your cluster UI to ensure that workers are registered and have sufficient resources
[2023-06-25T05:59:25.894+0000] {spark_submit.py:492} INFO - 23/06/25 05:59:25 WARN TaskSchedulerImpl: Initial job has not accepted any resources; check your cluster UI to ensure that workers are registered and have sufficient resources
[2023-06-25T05:59:40.894+0000] {spark_submit.py:492} INFO - 23/06/25 05:59:40 WARN TaskSchedulerImpl: Initial job has not accepted any resources; check your cluster UI to ensure that workers are registered and have sufficient resources
[2023-06-25T05:59:55.895+0000] {spark_submit.py:492} INFO - 23/06/25 05:59:55 WARN TaskSchedulerImpl: Initial job has not accepted any resources; check your cluster UI to ensure that workers are registered and have sufficient resources
[2023-06-25T06:00:10.894+0000] {spark_submit.py:492} INFO - 23/06/25 06:00:10 WARN TaskSchedulerImpl: Initial job has not accepted any resources; check your cluster UI to ensure that workers are registered and have sufficient resources
[2023-06-25T06:00:25.895+0000] {spark_submit.py:492} INFO - 23/06/25 06:00:25 WARN TaskSchedulerImpl: Initial job has not accepted any resources; check your cluster UI to ensure that workers are registered and have sufficient resources
[2023-06-25T06:00:40.895+0000] {spark_submit.py:492} INFO - 23/06/25 06:00:40 WARN TaskSchedulerImpl: Initial job has not accepted any resources; check your cluster UI to ensure that workers are registered and have sufficient resources
[2023-06-25T06:00:55.894+0000] {spark_submit.py:492} INFO - 23/06/25 06:00:55 WARN TaskSchedulerImpl: Initial job has not accepted any resources; check your cluster UI to ensure that workers are registered and have sufficient resources
[2023-06-25T06:01:10.894+0000] {spark_submit.py:492} INFO - 23/06/25 06:01:10 WARN TaskSchedulerImpl: Initial job has not accepted any resources; check your cluster UI to ensure that workers are registered and have sufficient resources
[2023-06-25T06:01:25.895+0000] {spark_submit.py:492} INFO - 23/06/25 06:01:25 WARN TaskSchedulerImpl: Initial job has not accepted any resources; check your cluster UI to ensure that workers are registered and have sufficient resources
[2023-06-25T06:01:40.894+0000] {spark_submit.py:492} INFO - 23/06/25 06:01:40 WARN TaskSchedulerImpl: Initial job has not accepted any resources; check your cluster UI to ensure that workers are registered and have sufficient resources
[2023-06-25T06:01:55.894+0000] {spark_submit.py:492} INFO - 23/06/25 06:01:55 WARN TaskSchedulerImpl: Initial job has not accepted any resources; check your cluster UI to ensure that workers are registered and have sufficient resources
[2023-06-25T06:02:10.894+0000] {spark_submit.py:492} INFO - 23/06/25 06:02:10 WARN TaskSchedulerImpl: Initial job has not accepted any resources; check your cluster UI to ensure that workers are registered and have sufficient resources
[2023-06-25T06:02:25.895+0000] {spark_submit.py:492} INFO - 23/06/25 06:02:25 WARN TaskSchedulerImpl: Initial job has not accepted any resources; check your cluster UI to ensure that workers are registered and have sufficient resources
[2023-06-25T06:02:40.894+0000] {spark_submit.py:492} INFO - 23/06/25 06:02:40 WARN TaskSchedulerImpl: Initial job has not accepted any resources; check your cluster UI to ensure that workers are registered and have sufficient resources
[2023-06-25T06:02:55.894+0000] {spark_submit.py:492} INFO - 23/06/25 06:02:55 WARN TaskSchedulerImpl: Initial job has not accepted any resources; check your cluster UI to ensure that workers are registered and have sufficient resources
[2023-06-25T06:03:10.894+0000] {spark_submit.py:492} INFO - 23/06/25 06:03:10 WARN TaskSchedulerImpl: Initial job has not accepted any resources; check your cluster UI to ensure that workers are registered and have sufficient resources
[2023-06-25T06:03:25.894+0000] {spark_submit.py:492} INFO - 23/06/25 06:03:25 WARN TaskSchedulerImpl: Initial job has not accepted any resources; check your cluster UI to ensure that workers are registered and have sufficient resources
[2023-06-25T06:03:40.895+0000] {spark_submit.py:492} INFO - 23/06/25 06:03:40 WARN TaskSchedulerImpl: Initial job has not accepted any resources; check your cluster UI to ensure that workers are registered and have sufficient resources
[2023-06-25T06:03:55.895+0000] {spark_submit.py:492} INFO - 23/06/25 06:03:55 WARN TaskSchedulerImpl: Initial job has not accepted any resources; check your cluster UI to ensure that workers are registered and have sufficient resources
[2023-06-25T06:04:10.895+0000] {spark_submit.py:492} INFO - 23/06/25 06:04:10 WARN TaskSchedulerImpl: Initial job has not accepted any resources; check your cluster UI to ensure that workers are registered and have sufficient resources
[2023-06-25T06:04:25.895+0000] {spark_submit.py:492} INFO - 23/06/25 06:04:25 WARN TaskSchedulerImpl: Initial job has not accepted any resources; check your cluster UI to ensure that workers are registered and have sufficient resources
[2023-06-25T06:04:40.894+0000] {spark_submit.py:492} INFO - 23/06/25 06:04:40 WARN TaskSchedulerImpl: Initial job has not accepted any resources; check your cluster UI to ensure that workers are registered and have sufficient resources
[2023-06-25T06:04:55.894+0000] {spark_submit.py:492} INFO - 23/06/25 06:04:55 WARN TaskSchedulerImpl: Initial job has not accepted any resources; check your cluster UI to ensure that workers are registered and have sufficient resources
[2023-06-25T06:05:10.895+0000] {spark_submit.py:492} INFO - 23/06/25 06:05:10 WARN TaskSchedulerImpl: Initial job has not accepted any resources; check your cluster UI to ensure that workers are registered and have sufficient resources
[2023-06-25T06:05:25.894+0000] {spark_submit.py:492} INFO - 23/06/25 06:05:25 WARN TaskSchedulerImpl: Initial job has not accepted any resources; check your cluster UI to ensure that workers are registered and have sufficient resources
[2023-06-25T06:05:40.894+0000] {spark_submit.py:492} INFO - 23/06/25 06:05:40 WARN TaskSchedulerImpl: Initial job has not accepted any resources; check your cluster UI to ensure that workers are registered and have sufficient resources
[2023-06-25T06:05:55.894+0000] {spark_submit.py:492} INFO - 23/06/25 06:05:55 WARN TaskSchedulerImpl: Initial job has not accepted any resources; check your cluster UI to ensure that workers are registered and have sufficient resources
[2023-06-25T06:06:10.895+0000] {spark_submit.py:492} INFO - 23/06/25 06:06:10 WARN TaskSchedulerImpl: Initial job has not accepted any resources; check your cluster UI to ensure that workers are registered and have sufficient resources
[2023-06-25T06:06:25.895+0000] {spark_submit.py:492} INFO - 23/06/25 06:06:25 WARN TaskSchedulerImpl: Initial job has not accepted any resources; check your cluster UI to ensure that workers are registered and have sufficient resources
[2023-06-25T06:06:40.895+0000] {spark_submit.py:492} INFO - 23/06/25 06:06:40 WARN TaskSchedulerImpl: Initial job has not accepted any resources; check your cluster UI to ensure that workers are registered and have sufficient resources
[2023-06-25T06:06:55.894+0000] {spark_submit.py:492} INFO - 23/06/25 06:06:55 WARN TaskSchedulerImpl: Initial job has not accepted any resources; check your cluster UI to ensure that workers are registered and have sufficient resources
[2023-06-25T06:07:10.894+0000] {spark_submit.py:492} INFO - 23/06/25 06:07:10 WARN TaskSchedulerImpl: Initial job has not accepted any resources; check your cluster UI to ensure that workers are registered and have sufficient resources
[2023-06-25T06:07:25.895+0000] {spark_submit.py:492} INFO - 23/06/25 06:07:25 WARN TaskSchedulerImpl: Initial job has not accepted any resources; check your cluster UI to ensure that workers are registered and have sufficient resources
[2023-06-25T06:07:40.894+0000] {spark_submit.py:492} INFO - 23/06/25 06:07:40 WARN TaskSchedulerImpl: Initial job has not accepted any resources; check your cluster UI to ensure that workers are registered and have sufficient resources
[2023-06-25T06:07:55.894+0000] {spark_submit.py:492} INFO - 23/06/25 06:07:55 WARN TaskSchedulerImpl: Initial job has not accepted any resources; check your cluster UI to ensure that workers are registered and have sufficient resources
[2023-06-25T06:08:10.895+0000] {spark_submit.py:492} INFO - 23/06/25 06:08:10 WARN TaskSchedulerImpl: Initial job has not accepted any resources; check your cluster UI to ensure that workers are registered and have sufficient resources
[2023-06-25T06:08:25.895+0000] {spark_submit.py:492} INFO - 23/06/25 06:08:25 WARN TaskSchedulerImpl: Initial job has not accepted any resources; check your cluster UI to ensure that workers are registered and have sufficient resources
[2023-06-25T06:08:40.894+0000] {spark_submit.py:492} INFO - 23/06/25 06:08:40 WARN TaskSchedulerImpl: Initial job has not accepted any resources; check your cluster UI to ensure that workers are registered and have sufficient resources
[2023-06-25T06:08:55.895+0000] {spark_submit.py:492} INFO - 23/06/25 06:08:55 WARN TaskSchedulerImpl: Initial job has not accepted any resources; check your cluster UI to ensure that workers are registered and have sufficient resources
[2023-06-25T06:09:10.894+0000] {spark_submit.py:492} INFO - 23/06/25 06:09:10 WARN TaskSchedulerImpl: Initial job has not accepted any resources; check your cluster UI to ensure that workers are registered and have sufficient resources
[2023-06-25T06:09:25.894+0000] {spark_submit.py:492} INFO - 23/06/25 06:09:25 WARN TaskSchedulerImpl: Initial job has not accepted any resources; check your cluster UI to ensure that workers are registered and have sufficient resources
[2023-06-25T06:09:40.895+0000] {spark_submit.py:492} INFO - 23/06/25 06:09:40 WARN TaskSchedulerImpl: Initial job has not accepted any resources; check your cluster UI to ensure that workers are registered and have sufficient resources
[2023-06-25T06:09:55.895+0000] {spark_submit.py:492} INFO - 23/06/25 06:09:55 WARN TaskSchedulerImpl: Initial job has not accepted any resources; check your cluster UI to ensure that workers are registered and have sufficient resources
[2023-06-25T06:10:10.894+0000] {spark_submit.py:492} INFO - 23/06/25 06:10:10 WARN TaskSchedulerImpl: Initial job has not accepted any resources; check your cluster UI to ensure that workers are registered and have sufficient resources
[2023-06-25T06:10:25.894+0000] {spark_submit.py:492} INFO - 23/06/25 06:10:25 WARN TaskSchedulerImpl: Initial job has not accepted any resources; check your cluster UI to ensure that workers are registered and have sufficient resources
[2023-06-25T06:10:40.895+0000] {spark_submit.py:492} INFO - 23/06/25 06:10:40 WARN TaskSchedulerImpl: Initial job has not accepted any resources; check your cluster UI to ensure that workers are registered and have sufficient resources
[2023-06-25T06:10:55.895+0000] {spark_submit.py:492} INFO - 23/06/25 06:10:55 WARN TaskSchedulerImpl: Initial job has not accepted any resources; check your cluster UI to ensure that workers are registered and have sufficient resources
[2023-06-25T06:11:10.894+0000] {spark_submit.py:492} INFO - 23/06/25 06:11:10 WARN TaskSchedulerImpl: Initial job has not accepted any resources; check your cluster UI to ensure that workers are registered and have sufficient resources
[2023-06-25T06:11:25.894+0000] {spark_submit.py:492} INFO - 23/06/25 06:11:25 WARN TaskSchedulerImpl: Initial job has not accepted any resources; check your cluster UI to ensure that workers are registered and have sufficient resources
[2023-06-25T06:11:40.895+0000] {spark_submit.py:492} INFO - 23/06/25 06:11:40 WARN TaskSchedulerImpl: Initial job has not accepted any resources; check your cluster UI to ensure that workers are registered and have sufficient resources
[2023-06-25T06:11:55.895+0000] {spark_submit.py:492} INFO - 23/06/25 06:11:55 WARN TaskSchedulerImpl: Initial job has not accepted any resources; check your cluster UI to ensure that workers are registered and have sufficient resources
[2023-06-25T06:12:10.894+0000] {spark_submit.py:492} INFO - 23/06/25 06:12:10 WARN TaskSchedulerImpl: Initial job has not accepted any resources; check your cluster UI to ensure that workers are registered and have sufficient resources
[2023-06-25T06:12:25.894+0000] {spark_submit.py:492} INFO - 23/06/25 06:12:25 WARN TaskSchedulerImpl: Initial job has not accepted any resources; check your cluster UI to ensure that workers are registered and have sufficient resources
[2023-06-25T06:12:40.895+0000] {spark_submit.py:492} INFO - 23/06/25 06:12:40 WARN TaskSchedulerImpl: Initial job has not accepted any resources; check your cluster UI to ensure that workers are registered and have sufficient resources
[2023-06-25T06:12:55.894+0000] {spark_submit.py:492} INFO - 23/06/25 06:12:55 WARN TaskSchedulerImpl: Initial job has not accepted any resources; check your cluster UI to ensure that workers are registered and have sufficient resources
[2023-06-25T06:13:10.894+0000] {spark_submit.py:492} INFO - 23/06/25 06:13:10 WARN TaskSchedulerImpl: Initial job has not accepted any resources; check your cluster UI to ensure that workers are registered and have sufficient resources
[2023-06-25T06:13:25.895+0000] {spark_submit.py:492} INFO - 23/06/25 06:13:25 WARN TaskSchedulerImpl: Initial job has not accepted any resources; check your cluster UI to ensure that workers are registered and have sufficient resources
[2023-06-25T06:13:40.895+0000] {spark_submit.py:492} INFO - 23/06/25 06:13:40 WARN TaskSchedulerImpl: Initial job has not accepted any resources; check your cluster UI to ensure that workers are registered and have sufficient resources
[2023-06-25T06:13:55.895+0000] {spark_submit.py:492} INFO - 23/06/25 06:13:55 WARN TaskSchedulerImpl: Initial job has not accepted any resources; check your cluster UI to ensure that workers are registered and have sufficient resources
[2023-06-25T06:14:10.895+0000] {spark_submit.py:492} INFO - 23/06/25 06:14:10 WARN TaskSchedulerImpl: Initial job has not accepted any resources; check your cluster UI to ensure that workers are registered and have sufficient resources
[2023-06-25T06:14:25.894+0000] {spark_submit.py:492} INFO - 23/06/25 06:14:25 WARN TaskSchedulerImpl: Initial job has not accepted any resources; check your cluster UI to ensure that workers are registered and have sufficient resources
[2023-06-25T06:14:40.894+0000] {spark_submit.py:492} INFO - 23/06/25 06:14:40 WARN TaskSchedulerImpl: Initial job has not accepted any resources; check your cluster UI to ensure that workers are registered and have sufficient resources
[2023-06-25T06:14:55.895+0000] {spark_submit.py:492} INFO - 23/06/25 06:14:55 WARN TaskSchedulerImpl: Initial job has not accepted any resources; check your cluster UI to ensure that workers are registered and have sufficient resources
[2023-06-25T06:15:10.894+0000] {spark_submit.py:492} INFO - 23/06/25 06:15:10 WARN TaskSchedulerImpl: Initial job has not accepted any resources; check your cluster UI to ensure that workers are registered and have sufficient resources
[2023-06-25T06:15:25.894+0000] {spark_submit.py:492} INFO - 23/06/25 06:15:25 WARN TaskSchedulerImpl: Initial job has not accepted any resources; check your cluster UI to ensure that workers are registered and have sufficient resources
[2023-06-25T06:15:40.895+0000] {spark_submit.py:492} INFO - 23/06/25 06:15:40 WARN TaskSchedulerImpl: Initial job has not accepted any resources; check your cluster UI to ensure that workers are registered and have sufficient resources
[2023-06-25T06:15:55.895+0000] {spark_submit.py:492} INFO - 23/06/25 06:15:55 WARN TaskSchedulerImpl: Initial job has not accepted any resources; check your cluster UI to ensure that workers are registered and have sufficient resources
[2023-06-25T06:16:10.894+0000] {spark_submit.py:492} INFO - 23/06/25 06:16:10 WARN TaskSchedulerImpl: Initial job has not accepted any resources; check your cluster UI to ensure that workers are registered and have sufficient resources
[2023-06-25T06:16:25.895+0000] {spark_submit.py:492} INFO - 23/06/25 06:16:25 WARN TaskSchedulerImpl: Initial job has not accepted any resources; check your cluster UI to ensure that workers are registered and have sufficient resources
[2023-06-25T06:16:40.895+0000] {spark_submit.py:492} INFO - 23/06/25 06:16:40 WARN TaskSchedulerImpl: Initial job has not accepted any resources; check your cluster UI to ensure that workers are registered and have sufficient resources
[2023-06-25T06:16:55.894+0000] {spark_submit.py:492} INFO - 23/06/25 06:16:55 WARN TaskSchedulerImpl: Initial job has not accepted any resources; check your cluster UI to ensure that workers are registered and have sufficient resources
[2023-06-25T06:17:10.894+0000] {spark_submit.py:492} INFO - 23/06/25 06:17:10 WARN TaskSchedulerImpl: Initial job has not accepted any resources; check your cluster UI to ensure that workers are registered and have sufficient resources
[2023-06-25T06:17:25.894+0000] {spark_submit.py:492} INFO - 23/06/25 06:17:25 WARN TaskSchedulerImpl: Initial job has not accepted any resources; check your cluster UI to ensure that workers are registered and have sufficient resources
[2023-06-25T06:17:40.895+0000] {spark_submit.py:492} INFO - 23/06/25 06:17:40 WARN TaskSchedulerImpl: Initial job has not accepted any resources; check your cluster UI to ensure that workers are registered and have sufficient resources
[2023-06-25T06:17:55.895+0000] {spark_submit.py:492} INFO - 23/06/25 06:17:55 WARN TaskSchedulerImpl: Initial job has not accepted any resources; check your cluster UI to ensure that workers are registered and have sufficient resources
[2023-06-25T06:18:10.894+0000] {spark_submit.py:492} INFO - 23/06/25 06:18:10 WARN TaskSchedulerImpl: Initial job has not accepted any resources; check your cluster UI to ensure that workers are registered and have sufficient resources
[2023-06-25T06:18:25.894+0000] {spark_submit.py:492} INFO - 23/06/25 06:18:25 WARN TaskSchedulerImpl: Initial job has not accepted any resources; check your cluster UI to ensure that workers are registered and have sufficient resources
[2023-06-25T06:18:40.894+0000] {spark_submit.py:492} INFO - 23/06/25 06:18:40 WARN TaskSchedulerImpl: Initial job has not accepted any resources; check your cluster UI to ensure that workers are registered and have sufficient resources
[2023-06-25T06:18:55.895+0000] {spark_submit.py:492} INFO - 23/06/25 06:18:55 WARN TaskSchedulerImpl: Initial job has not accepted any resources; check your cluster UI to ensure that workers are registered and have sufficient resources
[2023-06-25T06:19:10.894+0000] {spark_submit.py:492} INFO - 23/06/25 06:19:10 WARN TaskSchedulerImpl: Initial job has not accepted any resources; check your cluster UI to ensure that workers are registered and have sufficient resources
[2023-06-25T06:19:25.895+0000] {spark_submit.py:492} INFO - 23/06/25 06:19:25 WARN TaskSchedulerImpl: Initial job has not accepted any resources; check your cluster UI to ensure that workers are registered and have sufficient resources
[2023-06-25T06:19:40.895+0000] {spark_submit.py:492} INFO - 23/06/25 06:19:40 WARN TaskSchedulerImpl: Initial job has not accepted any resources; check your cluster UI to ensure that workers are registered and have sufficient resources
[2023-06-25T06:19:55.895+0000] {spark_submit.py:492} INFO - 23/06/25 06:19:55 WARN TaskSchedulerImpl: Initial job has not accepted any resources; check your cluster UI to ensure that workers are registered and have sufficient resources
[2023-06-25T06:20:10.894+0000] {spark_submit.py:492} INFO - 23/06/25 06:20:10 WARN TaskSchedulerImpl: Initial job has not accepted any resources; check your cluster UI to ensure that workers are registered and have sufficient resources
[2023-06-25T06:20:25.895+0000] {spark_submit.py:492} INFO - 23/06/25 06:20:25 WARN TaskSchedulerImpl: Initial job has not accepted any resources; check your cluster UI to ensure that workers are registered and have sufficient resources
[2023-06-25T06:20:40.894+0000] {spark_submit.py:492} INFO - 23/06/25 06:20:40 WARN TaskSchedulerImpl: Initial job has not accepted any resources; check your cluster UI to ensure that workers are registered and have sufficient resources
[2023-06-25T06:20:55.895+0000] {spark_submit.py:492} INFO - 23/06/25 06:20:55 WARN TaskSchedulerImpl: Initial job has not accepted any resources; check your cluster UI to ensure that workers are registered and have sufficient resources
[2023-06-25T06:21:10.894+0000] {spark_submit.py:492} INFO - 23/06/25 06:21:10 WARN TaskSchedulerImpl: Initial job has not accepted any resources; check your cluster UI to ensure that workers are registered and have sufficient resources
[2023-06-25T06:21:25.979+0000] {spark_submit.py:492} INFO - 23/06/25 06:21:25 WARN TaskSchedulerImpl: Initial job has not accepted any resources; check your cluster UI to ensure that workers are registered and have sufficient resources
[2023-06-25T06:21:43.605+0000] {spark_submit.py:492} INFO - 23/06/25 06:21:41 WARN TaskSchedulerImpl: Initial job has not accepted any resources; check your cluster UI to ensure that workers are registered and have sufficient resources
[2023-06-25T06:21:49.408+0000] {spark_submit.py:492} INFO - 23/06/25 06:21:49 INFO AsyncEventQueue: Process of event SparkListenerExecutorMetricsUpdate(driver,WrappedArray(),Map((-1,-1) -> org.apache.spark.executor.ExecutorMetrics@2823d69f)) by listener AppStatusListener took 3.659576303s.
[2023-06-25T06:21:56.919+0000] {spark_submit.py:492} INFO - 23/06/25 06:21:55 WARN TaskSchedulerImpl: Initial job has not accepted any resources; check your cluster UI to ensure that workers are registered and have sufficient resources
[2023-06-25T06:22:18.216+0000] {spark_submit.py:492} INFO - 23/06/25 06:22:12 WARN TaskSchedulerImpl: Initial job has not accepted any resources; check your cluster UI to ensure that workers are registered and have sufficient resources
[2023-06-25T06:22:52.796+0000] {spark_submit.py:492} INFO - 23/06/25 06:22:26 WARN TaskSchedulerImpl: Initial job has not accepted any resources; check your cluster UI to ensure that workers are registered and have sufficient resources
